Device name: b'NVIDIA GeForce RTX 2080 Ti'
Compute capability: (7, 5)
Total global memory (GB): 10.75341796875
Free global memory (GB): 10.5992431640625
Used global memory (GB): 0.1541748046875
Max threads per block: 1024
Max block dimensions: x=1024, y=1024, z=64
Max grid dimensions: x=2147483647, y=65535, z=65535
Max shared memory per block (KB): 48.0
Test of Testbench()
Method: Numpy                     , dims: (256, 256, 256)     , pass(1)/fail(0): 1,	 time (s): 0.0011327266693115234
Method: CudaGlobalMemory          , dims: (256, 256, 256)     , pass(1)/fail(0): 1,	 time (s): 0.0030601024627685547
Method: CudaSharedMemoryGeneral   , dims: (256, 256, 256)     , pass(1)/fail(0): 1,	 time (s): 0.0067446231842041016
Method: Numpy                     , dims: (512, 512, 512)     , pass(1)/fail(0): 1,	 time (s): 0.007264375686645508
Method: CudaGlobalMemory          , dims: (512, 512, 512)     , pass(1)/fail(0): 1,	 time (s): 0.005433797836303711
Method: CudaSharedMemoryGeneral   , dims: (512, 512, 512)     , pass(1)/fail(0): 1,	 time (s): 0.004318952560424805
Method: Numpy                     , dims: (1024, 1024, 1024)  , pass(1)/fail(0): 1,	 time (s): 0.050858497619628906
Method: CudaGlobalMemory          , dims: (1024, 1024, 1024)  , pass(1)/fail(0): 1,	 time (s): 0.021445035934448242
Method: CudaSharedMemoryGeneral   , dims: (1024, 1024, 1024)  , pass(1)/fail(0): 1,	 time (s): 0.016043424606323242
Method: Numpy                     , dims: (2048, 2048, 2048)  , pass(1)/fail(0): 1,	 time (s): 0.3906214237213135
Method: CudaGlobalMemory          , dims: (2048, 2048, 2048)  , pass(1)/fail(0): 1,	 time (s): 0.12760257720947266
Method: CudaSharedMemoryGeneral   , dims: (2048, 2048, 2048)  , pass(1)/fail(0): 1,	 time (s): 0.09890103340148926
Method: Numpy                     , dims: (4096, 4096, 4096)  , pass(1)/fail(0): 1,	 time (s): 3.081273317337036
Method: CudaGlobalMemory          , dims: (4096, 4096, 4096)  , pass(1)/fail(0): 1,	 time (s): 0.6849031448364258
Method: CudaSharedMemoryGeneral   , dims: (4096, 4096, 4096)  , pass(1)/fail(0): 1,	 time (s): 0.6877083778381348
Test of Testbench_alt()
Method: Numpy                     , dims: (256, 256, 256)     , pass(1)/fail(0): 1,	 time (s): 0.0008406639099121094
Method: CudaGlobalMemory          , dims: (256, 256, 256)     , pass(1)/fail(0): 1,	 time (s): 0.005560159683227539
Method: CudaSharedMemoryGeneral   , dims: (256, 256, 256)     , pass(1)/fail(0): 1,	 time (s): 0.0021915435791015625
Method: Numpy                     , dims: (512, 512, 512)     , pass(1)/fail(0): 1,	 time (s): 0.0064449310302734375
Method: CudaGlobalMemory          , dims: (512, 512, 512)     , pass(1)/fail(0): 1,	 time (s): 0.004841327667236328
Method: CudaSharedMemoryGeneral   , dims: (512, 512, 512)     , pass(1)/fail(0): 1,	 time (s): 0.004148244857788086
Method: Numpy                     , dims: (1024, 1024, 1024)  , pass(1)/fail(0): 1,	 time (s): 0.04929494857788086
Method: CudaGlobalMemory          , dims: (1024, 1024, 1024)  , pass(1)/fail(0): 1,	 time (s): 0.017604351043701172
Method: CudaSharedMemoryGeneral   , dims: (1024, 1024, 1024)  , pass(1)/fail(0): 1,	 time (s): 0.01651740074157715
Method: Numpy                     , dims: (2048, 2048, 2048)  , pass(1)/fail(0): 1,	 time (s): 0.3942532539367676
Method: CudaGlobalMemory          , dims: (2048, 2048, 2048)  , pass(1)/fail(0): 1,	 time (s): 0.09659218788146973
Method: CudaSharedMemoryGeneral   , dims: (2048, 2048, 2048)  , pass(1)/fail(0): 1,	 time (s): 0.09969186782836914
Method: Numpy                     , dims: (4096, 4096, 4096)  , pass(1)/fail(0): 1,	 time (s): 3.067430019378662
Method: CudaGlobalMemory          , dims: (4096, 4096, 4096)  , pass(1)/fail(0): 1,	 time (s): 0.7287321090698242
Method: CudaSharedMemoryGeneral   , dims: (4096, 4096, 4096)  , pass(1)/fail(0): 1,	 time (s): 0.6860044002532959
