Device name: b'NVIDIA GeForce RTX 2080 Ti'
Compute capability: (7, 5)
Total global memory (GB): 10.75341796875
Free global memory (GB): 10.5992431640625
Used global memory (GB): 0.1541748046875
Max threads per block: 1024
Max block dimensions: x=1024, y=1024, z=64
Max grid dimensions: x=2147483647, y=65535, z=65535
Max shared memory per block (KB): 48.0
Method: Numpy                     , dims: (2, 2, 2)           , pass(1)/fail(0): 1,	 time (s): 8.344650268554688e-06
Method: CudaGlobalMemory          , dims: (2, 2, 2)           , pass(1)/fail(0): 1,	 time (s): 0.0024831295013427734
Method: CudaSharedMemoryGeneral   , dims: (2, 2, 2)           , pass(1)/fail(0): 1,	 time (s): 0.0018706321716308594
Method: Numpy                     , dims: (4, 2, 2)           , pass(1)/fail(0): 1,	 time (s): 7.152557373046875e-06
Method: CudaGlobalMemory          , dims: (4, 2, 2)           , pass(1)/fail(0): 1,	 time (s): 0.001796722412109375
Method: CudaSharedMemoryGeneral   , dims: (4, 2, 2)           , pass(1)/fail(0): 1,	 time (s): 0.0018205642700195312
Method: Numpy                     , dims: (2, 4, 2)           , pass(1)/fail(0): 1,	 time (s): 5.7220458984375e-06
Method: CudaGlobalMemory          , dims: (2, 4, 2)           , pass(1)/fail(0): 1,	 time (s): 0.0019085407257080078
Method: CudaSharedMemoryGeneral   , dims: (2, 4, 2)           , pass(1)/fail(0): 1,	 time (s): 0.001697540283203125
Method: Numpy                     , dims: (2, 2, 4)           , pass(1)/fail(0): 1,	 time (s): 5.245208740234375e-06
Method: CudaGlobalMemory          , dims: (2, 2, 4)           , pass(1)/fail(0): 1,	 time (s): 0.0017845630645751953
Method: CudaSharedMemoryGeneral   , dims: (2, 2, 4)           , pass(1)/fail(0): 1,	 time (s): 0.0017619132995605469
Method: Numpy                     , dims: (1, 1, 1)           , pass(1)/fail(0): True,	 time (s): 2.6226043701171875e-06
Method: CudaGlobalMemory          , dims: (1, 1, 1)           , pass(1)/fail(0): True,	 time (s): 0.0021936893463134766
Method: CudaSharedMemoryGeneral   , dims: (1, 1, 1)           , pass(1)/fail(0): True,	 time (s): 0.0020520687103271484
Method: Numpy                     , dims: (2, 2, 2)           , pass(1)/fail(0): True,	 time (s): 1.5974044799804688e-05
Method: CudaGlobalMemory          , dims: (2, 2, 2)           , pass(1)/fail(0): True,	 time (s): 0.0018017292022705078
Method: CudaSharedMemoryGeneral   , dims: (2, 2, 2)           , pass(1)/fail(0): True,	 time (s): 0.0018000602722167969
Method: Numpy                     , dims: (4, 2, 2)           , pass(1)/fail(0): True,	 time (s): 4.0531158447265625e-06
Method: CudaGlobalMemory          , dims: (4, 2, 2)           , pass(1)/fail(0): True,	 time (s): 0.0018894672393798828
Method: CudaSharedMemoryGeneral   , dims: (4, 2, 2)           , pass(1)/fail(0): True,	 time (s): 0.0017042160034179688
Method: Numpy                     , dims: (2, 4, 2)           , pass(1)/fail(0): True,	 time (s): 3.5762786865234375e-06
Method: CudaGlobalMemory          , dims: (2, 4, 2)           , pass(1)/fail(0): True,	 time (s): 0.001714468002319336
Method: CudaSharedMemoryGeneral   , dims: (2, 4, 2)           , pass(1)/fail(0): True,	 time (s): 0.0018780231475830078
Method: Numpy                     , dims: (2, 2, 4)           , pass(1)/fail(0): True,	 time (s): 3.5762786865234375e-06
Method: CudaGlobalMemory          , dims: (2, 2, 4)           , pass(1)/fail(0): True,	 time (s): 0.001827239990234375
Method: CudaSharedMemoryGeneral   , dims: (2, 2, 4)           , pass(1)/fail(0): True,	 time (s): 0.00171661376953125
