Traceback (most recent call last):
  File "main.py", line 84, in <module>
    main()
  File "main.py", line 68, in main
    m.matmul_cudajit_sharedmem[blocks_per_grid, threads_per_block](d_matA, d_matB, d_matC)
  File "/home/bbc33/anaconda3/envs/pycuda/lib/python3.6/site-packages/numba/cuda/compiler.py", line 798, in __call__
    kernel = self.specialize(*args)
  File "/home/bbc33/anaconda3/envs/pycuda/lib/python3.6/site-packages/numba/cuda/compiler.py", line 809, in specialize
    kernel = self.compile(argtypes)
  File "/home/bbc33/anaconda3/envs/pycuda/lib/python3.6/site-packages/numba/cuda/compiler.py", line 825, in compile
    **self.targetoptions)
  File "/home/bbc33/anaconda3/envs/pycuda/lib/python3.6/site-packages/numba/compiler_lock.py", line 32, in _acquire_compile_lock
    return func(*args, **kwargs)
  File "/home/bbc33/anaconda3/envs/pycuda/lib/python3.6/site-packages/numba/cuda/compiler.py", line 61, in compile_kernel
    cres = compile_cuda(pyfunc, types.void, args, debug=debug, inline=inline)
  File "/home/bbc33/anaconda3/envs/pycuda/lib/python3.6/site-packages/numba/compiler_lock.py", line 32, in _acquire_compile_lock
    return func(*args, **kwargs)
  File "/home/bbc33/anaconda3/envs/pycuda/lib/python3.6/site-packages/numba/cuda/compiler.py", line 50, in compile_cuda
    locals={})
  File "/home/bbc33/anaconda3/envs/pycuda/lib/python3.6/site-packages/numba/compiler.py", line 551, in compile_extra
    return pipeline.compile_extra(func)
  File "/home/bbc33/anaconda3/envs/pycuda/lib/python3.6/site-packages/numba/compiler.py", line 331, in compile_extra
    return self._compile_bytecode()
  File "/home/bbc33/anaconda3/envs/pycuda/lib/python3.6/site-packages/numba/compiler.py", line 393, in _compile_bytecode
    return self._compile_core()
  File "/home/bbc33/anaconda3/envs/pycuda/lib/python3.6/site-packages/numba/compiler.py", line 373, in _compile_core
    raise e
  File "/home/bbc33/anaconda3/envs/pycuda/lib/python3.6/site-packages/numba/compiler.py", line 364, in _compile_core
    pm.run(self.state)
  File "/home/bbc33/anaconda3/envs/pycuda/lib/python3.6/site-packages/numba/compiler_machinery.py", line 347, in run
    raise patched_exception
  File "/home/bbc33/anaconda3/envs/pycuda/lib/python3.6/site-packages/numba/compiler_machinery.py", line 338, in run
    self._runPass(idx, pass_inst, state)
  File "/home/bbc33/anaconda3/envs/pycuda/lib/python3.6/site-packages/numba/compiler_lock.py", line 32, in _acquire_compile_lock
    return func(*args, **kwargs)
  File "/home/bbc33/anaconda3/envs/pycuda/lib/python3.6/site-packages/numba/compiler_machinery.py", line 302, in _runPass
    mutated |= check(pss.run_pass, internal_state)
  File "/home/bbc33/anaconda3/envs/pycuda/lib/python3.6/site-packages/numba/compiler_machinery.py", line 275, in check
    mangled = func(compiler_state)
  File "/home/bbc33/anaconda3/envs/pycuda/lib/python3.6/site-packages/numba/typed_passes.py", line 95, in run_pass
    raise_errors=self._raise_errors)
  File "/home/bbc33/anaconda3/envs/pycuda/lib/python3.6/site-packages/numba/typed_passes.py", line 67, in type_inference_stage
    infer.propagate(raise_errors=raise_errors)
  File "/home/bbc33/anaconda3/envs/pycuda/lib/python3.6/site-packages/numba/typeinfer.py", line 985, in propagate
    raise errors[0]
numba.errors.TypingError: Failed in nopython mode pipeline (step: nopython frontend)
Invalid use of Function(<built-in function setitem>) with argument(s) of type(s): (array(<class 'numpy.float32'>, 2d, C), UniTuple(int32 x 2), float32)
 * parameterized
In definition 0:
    All templates rejected with literals.
In definition 1:
    All templates rejected without literals.
In definition 2:
    All templates rejected with literals.
In definition 3:
    All templates rejected without literals.
In definition 4:
    All templates rejected with literals.
In definition 5:
    All templates rejected without literals.
In definition 6:
    All templates rejected with literals.
In definition 7:
    All templates rejected without literals.
In definition 8:
    ValueError: Specified type '<class 'numpy.float32'>' (<class 'type'>) is not a Numba type
    raised from /home/bbc33/anaconda3/envs/pycuda/lib/python3.6/site-packages/numba/typeconv/typeconv.py:48
In definition 9:
    ValueError: Specified type '<class 'numpy.float32'>' (<class 'type'>) is not a Numba type
    raised from /home/bbc33/anaconda3/envs/pycuda/lib/python3.6/site-packages/numba/typeconv/typeconv.py:48
This error is usually caused by passing an argument of a type that is unsupported by the named function.
[1] During: typing of staticsetitem at /scratch/bbc33/pycuda/cuda/ex2/matmul.py (91)

File "matmul.py", line 91:
def matmul_cudajit_sharedmem(A, B, C):
    <source elided>
        # Preload data into shared memory
        sA[tx, ty] = A[x, ty + i * TPB]
        ^

