matmul: Computed C:
[[ 0.29025936]]
Expected C:
[[ 0.29025936]]
matmul: Results match!
matmul: Results match!
matmul: Results match!
matmul: Results match!
matmul: Results match!
matmul: Results match!
matmul: Results match!
matmul: Results match!
matmul: Results match!
matmul: Results match!
matmul: Results match!
matmul: Results match!
matmul: Results match!
matmul: Results match!
matmul: Results match!
matmul: Results match!
matmul: Results match!
[((1, 1, 1), 'JitNumpy', 0.36455750465393066), ((64, 64, 64), 'Numpy', 0.002597808837890625), ((64, 64, 64), 'JitNumpy', 4.5299530029296875e-05), ((128, 128, 128), 'Numpy', 0.0006256103515625), ((128, 128, 128), 'JitNumpy', 7.653236389160156e-05), ((192, 192, 192), 'Numpy', 0.0008411407470703125), ((192, 192, 192), 'JitNumpy', 0.00023436546325683594), ((256, 256, 256), 'Numpy', 0.0015993118286132812), ((256, 256, 256), 'JitNumpy', 0.0005671977996826172), ((320, 320, 320), 'Numpy', 0.0011401176452636719), ((320, 320, 320), 'JitNumpy', 0.0010304450988769531), ((384, 384, 384), 'Numpy', 0.002431631088256836), ((384, 384, 384), 'JitNumpy', 0.001775979995727539), ((448, 448, 448), 'Numpy', 0.0031015872955322266), ((448, 448, 448), 'JitNumpy', 0.0028467178344726562), ((512, 512, 512), 'Numpy', 0.004914522171020508), ((512, 512, 512), 'JitNumpy', 0.004305839538574219), ((576, 576, 576), 'Numpy', 0.007811069488525391), ((576, 576, 576), 'JitNumpy', 0.005892753601074219), ((640, 640, 640), 'Numpy', 0.008337020874023438), ((640, 640, 640), 'JitNumpy', 0.008582353591918945), ((704, 704, 704), 'Numpy', 0.010861635208129883), ((704, 704, 704), 'JitNumpy', 0.01099395751953125), ((768, 768, 768), 'Numpy', 0.01387643814086914), ((768, 768, 768), 'JitNumpy', 0.013581991195678711), ((832, 832, 832), 'Numpy', 0.017796039581298828), ((832, 832, 832), 'JitNumpy', 0.01782083511352539), ((896, 896, 896), 'Numpy', 0.022801637649536133), ((896, 896, 896), 'JitNumpy', 0.022559642791748047), ((960, 960, 960), 'Numpy', 0.02667713165283203), ((960, 960, 960), 'JitNumpy', 0.025972366333007812), ((1024, 1024, 1024), 'Numpy', 0.030501842498779297), ((1024, 1024, 1024), 'JitNumpy', 0.030191898345947266)]
