Expectation: [[ 0.61135507  1.20054054  1.28383112  1.23960972]
 [ 0.56404126  1.25438452  0.80000234  0.98942709]
 [ 0.60598207  1.00011384  0.72289276  0.75264913]
 [ 0.62285781  1.26529932  0.67347229  0.86997461]]
Results match!
Results match!
Expectation: [[ 1.68517756  1.84720767  1.77669215  1.82472515  1.41434455  1.94407856
   2.34407067  2.18919754]
 [ 2.10521078  2.32389879  2.65096092  2.21429348  1.93120289  2.65526056
   2.88786459  2.64521408]
 [ 1.10618067  1.40645337  1.60378706  1.25440454  0.89906907  1.86235428
   1.82137346  1.45788145]
 [ 1.85783505  2.13574839  2.23240685  3.21989441  2.03196859  3.48158693
   3.13121343  2.42101598]
 [ 1.62138963  2.09878087  2.3902359   2.89187932  2.11869121  2.67879725
   2.60021925  2.50402021]
 [ 1.59352946  2.45332193  2.52271652  2.51974916  1.6255672   3.0308907
   2.93819261  2.5649848 ]
 [ 1.89415967  2.18183136  2.70238233  2.77249718  1.91453993  3.20825052
   3.06999493  2.90925074]
 [ 1.59356248  1.59311604  2.48550987  2.06072807  1.8882401   1.89275575
   1.89321566  2.48032045]]
Results match!
Results match!
Expectation: [[ 4.7602334   3.25659013  2.98563409  4.15668011  4.00582075  4.00848532
   3.83016777  4.05028868  4.18991709  4.1209507   5.19039631  3.1703217
   5.3513217   3.18860054  3.33073354  3.99504471]
 [ 3.55889797  3.46076918  3.61058307  3.57065988  3.88439584  3.47685695
   3.35209489  3.84866428  3.74061656  3.90432572  4.1261282   2.99508357
   4.35257292  3.12257767  3.33888721  3.44660687]
 [ 4.41589689  3.3815062   3.85232878  4.26476049  3.95551515  3.9201889
   3.71130848  4.09775114  4.46144724  4.3723774   5.04530668  3.38613367
   4.87661982  3.4774127   3.16415119  3.91061091]
 [ 3.46877861  3.06891561  3.83237457  3.7011745   4.70316839  3.68859673
   3.00907421  4.42691231  4.7300024   3.93530869  3.92446804  3.53983235
   4.68715048  3.11747909  2.97699904  4.75416899]
 [ 4.43638754  3.07913065  3.22689843  3.54130292  4.56091595  3.5818851
   3.27944732  3.69882751  4.64486504  3.96472025  4.46074104  3.61708641
   4.63933563  2.69146585  3.29018497  4.73489094]
 [ 3.45622182  2.91890454  2.67646885  3.43298268  3.6587441   2.75786424
   3.21060348  2.97047687  3.41597533  3.0077529   3.09037638  2.87204957
   3.79615307  1.96016705  2.87664533  3.91278028]
 [ 4.87775564  3.43408442  4.29905891  4.33875227  5.44283485  4.51571035
   4.34688902  4.9885931   5.63306618  4.79784632  5.30909491  4.29369259
   5.83468628  3.49526167  4.12115574  5.16540432]
 [ 5.09621334  4.37885714  4.20778084  4.82914639  5.31253576  4.87695312
   4.83949423  4.84696388  4.90686321  5.30357456  5.5027585   3.9566381
   6.1788969   3.14482975  4.29190969  5.08976078]
 [ 5.38056993  3.78142905  5.00613737  5.60372019  5.90842199  4.83449125
   4.70479393  5.50474119  6.15950346  4.83723354  6.04399633  5.08810139
   6.07180786  3.89779305  4.2227807   4.70920086]
 [ 3.3748014   2.41459608  3.7818644   3.43508697  3.58984566  3.2428515
   3.14806199  3.7892921   4.20721722  3.61736655  3.97806692  3.03381801
   4.07238245  3.11056852  2.60301208  3.66969323]
 [ 3.76594901  2.84588051  2.5404036   3.675179    3.77779746  3.25611091
   3.18069887  3.21574974  3.83892655  3.59090734  3.96508193  3.16962242
   4.45771742  2.71921229  2.72591257  4.2848568 ]
 [ 4.51997375  3.37540674  3.34417319  4.66688251  4.60280514  4.20562696
   4.29546165  4.3249011   4.79840517  3.97760582  4.33237505  3.85114431
   5.12885189  2.57031369  3.80478644  4.19237661]
 [ 4.03286266  3.134866    2.93519759  3.67746019  3.62535548  3.6501627
   3.43472505  4.19478989  3.91152716  3.81619692  3.8829174   3.13605928
   4.18382549  2.93936014  3.40483236  3.63665318]
 [ 5.76615953  4.8455677   5.01495743  5.95876169  6.45442343  5.84781027
   5.96379948  6.27133083  6.35484028  5.68246746  5.65011883  5.06609011
   7.00555849  3.49777293  5.53681564  5.61131859]
 [ 3.44892216  3.14046359  3.24282956  3.39007688  4.07079458  3.71007347
   3.44851875  4.13608599  4.7618947   4.42493105  3.77543187  3.55890155
   4.83019543  3.01550651  3.40813136  4.87656164]
 [ 4.62209463  3.85240245  4.98041105  4.66017914  5.55871391  4.85433483
   4.82629061  5.19045591  6.02859116  5.2405982   5.34283876  4.72589731
   6.08958387  3.66985011  4.56376648  4.99174452]]
Results match!
Results match!
Dimensions: (4,4,4     ) 	Method: Numpy           	Elapsed time:     0.451501 seconds.
Dimensions: (4,4,4     ) 	Method: JitBasic        	Elapsed time:     1.148260 seconds.
Dimensions: (4,4,4     ) 	Method: JitNumpy        	Elapsed time:     0.332832 seconds.
Dimensions: (8,8,8     ) 	Method: Numpy           	Elapsed time:     0.000035 seconds.
Dimensions: (8,8,8     ) 	Method: JitBasic        	Elapsed time:     0.000007 seconds.
Dimensions: (8,8,8     ) 	Method: JitNumpy        	Elapsed time:     0.000009 seconds.
Dimensions: (16,16,16  ) 	Method: Numpy           	Elapsed time:     0.000040 seconds.
Dimensions: (16,16,16  ) 	Method: JitBasic        	Elapsed time:     0.000009 seconds.
Dimensions: (16,16,16  ) 	Method: JitNumpy        	Elapsed time:     0.000010 seconds.
Done.
