matmul: Computed C:
[[ 6.37984324  5.26263857  3.71827173  4.36010265  5.93316364  4.12477827
   5.75401402  5.38375473  3.70747757  5.81748104  4.98177052  4.50963783
   4.04872084  3.11238337  4.8670001   5.91256428]
 [ 5.55757236  5.60955858  4.17653036  4.06037951  5.9740324   4.91682482
   5.55476665  5.56241703  3.60074925  5.46259499  4.97099829  4.57724667
   3.80014277  3.42198896  4.68400812  5.2917428 ]
 [ 5.39377737  5.08402491  3.56891727  3.89527392  6.31322527  4.84521008
   4.98014259  5.84532022  3.52313614  5.13279867  5.03035402  4.82087135
   3.58970833  3.41989684  4.29717827  5.26730728]
 [ 4.0199976   3.80350184  3.13530231  3.2389164   4.27817678  2.80302715
   3.65550923  3.93224669  2.28813291  3.85000086  3.84707355  3.48807764
   3.08931136  2.81395221  3.37455654  4.49490976]
 [ 4.22462177  3.98716092  3.1812644   3.17210603  4.83316422  3.25649095
   4.5130434   4.43766785  2.36517096  4.82452965  4.11249876  3.50669217
   2.95561266  2.34590435  3.879807    4.69761515]
 [ 3.92469954  3.7279377   2.92358804  2.78199816  3.99103951  3.45624661
   4.13100433  3.56087542  2.63212013  3.49922824  3.05099225  3.37968683
   2.10735083  1.96109867  3.31933832  3.29790163]
 [ 7.14914322  6.07558727  4.21025753  5.17780066  6.66143036  5.1830101
   5.84465075  6.1761446   3.70541167  6.04526663  5.57317019  4.84961987
   4.33075047  3.79681706  5.17833614  5.96115255]
 [ 4.28175926  3.91664052  3.06630898  3.00735545  4.32657528  3.37006521
   4.50217772  4.47563171  2.80241227  4.25948524  3.93123627  3.849226
   2.508847    2.74925613  3.73938251  4.7960062 ]
 [ 5.48480797  5.07467556  3.43452573  4.35976458  5.16385174  3.90079117
   5.21551228  5.35070992  2.92256665  5.56846142  4.89120388  3.80934834
   3.99090958  2.94340897  4.5862608   4.96394777]
 [ 4.22169876  4.13272238  2.31887603  3.39871287  4.7336607   3.42796659
   3.61883044  4.57136059  2.53617978  3.75537157  4.04960251  3.29101253
   2.83464384  2.22526693  3.15946674  3.9368012 ]
 [ 5.03116989  4.17498398  3.13427806  3.60212779  4.8095746   3.28562522
   4.29060221  4.49246597  2.90777063  4.64384079  4.15884161  3.90533185
   3.44108272  2.95706892  3.75783324  4.95363379]
 [ 4.74201918  4.37544298  3.11878777  3.77301645  4.52729559  3.20353913
   4.14611244  4.31243849  2.72028923  4.24747419  4.10864258  3.22740126
   3.12277865  3.46004581  3.69997239  4.99487543]
 [ 4.92076063  4.4489522   3.71570373  3.6180408   4.41114902  3.71101308
   5.55919933  4.44066906  3.10189366  5.40545797  4.25660419  4.06869173
   3.2683928   2.95093083  4.13729     4.91369772]
 [ 4.1960969   3.53991199  2.74132729  3.00371861  4.07857084  3.15767384
   4.18178225  3.80460024  2.07829905  3.96188903  3.34791803  2.80797148
   2.3877089   2.5562396   3.465518    4.04381609]
 [ 4.54970503  3.8567462   2.17725635  3.67218804  4.06609106  2.85121417
   3.44210291  4.5605917   2.71051025  3.5187335   4.29710102  3.73130798
   3.24846673  3.18903852  3.03826523  4.59389544]
 [ 4.22609806  4.20681334  3.1138339   3.62946701  3.5895865   3.02425504
   4.5977664   4.33127737  2.96879458  4.42189217  3.84334469  3.73335075
   3.26958323  3.06082129  3.35901237  4.29056644]]
Expected C:
[[ 6.37984324  5.26263857  3.71827173  4.36010265  5.93316364  4.12477827
   5.75401402  5.38375473  3.70747757  5.81748104  4.98177052  4.50963783
   4.04872084  3.11238337  4.8670001   5.91256428]
 [ 5.55757236  5.60955858  4.17653036  4.06037951  5.9740324   4.91682482
   5.55476665  5.56241703  3.60074925  5.46259499  4.97099829  4.57724667
   3.80014277  3.42198896  4.68400812  5.2917428 ]
 [ 5.39377737  5.08402491  3.56891727  3.89527392  6.31322527  4.84521008
   4.98014259  5.84532022  3.52313614  5.13279867  5.03035402  4.82087135
   3.58970833  3.41989684  4.29717827  5.26730728]
 [ 4.0199976   3.80350184  3.13530231  3.2389164   4.27817678  2.80302715
   3.65550923  3.93224669  2.28813291  3.85000086  3.84707355  3.48807764
   3.08931136  2.81395221  3.37455654  4.49490976]
 [ 4.22462177  3.98716092  3.1812644   3.17210603  4.83316422  3.25649095
   4.5130434   4.43766785  2.36517096  4.82452965  4.11249876  3.50669217
   2.95561266  2.34590435  3.879807    4.69761515]
 [ 3.92469954  3.7279377   2.92358804  2.78199816  3.99103951  3.45624661
   4.13100433  3.56087542  2.63212013  3.49922824  3.05099225  3.37968683
   2.10735083  1.96109867  3.31933832  3.29790163]
 [ 7.14914322  6.07558727  4.21025753  5.17780066  6.66143036  5.1830101
   5.84465075  6.1761446   3.70541167  6.04526663  5.57317019  4.84961987
   4.33075047  3.79681706  5.17833614  5.96115255]
 [ 4.28175926  3.91664052  3.06630898  3.00735545  4.32657528  3.37006521
   4.50217772  4.47563171  2.80241227  4.25948524  3.93123627  3.849226
   2.508847    2.74925613  3.73938251  4.7960062 ]
 [ 5.48480797  5.07467556  3.43452573  4.35976458  5.16385174  3.90079117
   5.21551228  5.35070992  2.92256665  5.56846142  4.89120388  3.80934834
   3.99090958  2.94340897  4.5862608   4.96394777]
 [ 4.22169876  4.13272238  2.31887603  3.39871287  4.7336607   3.42796659
   3.61883044  4.57136059  2.53617978  3.75537157  4.04960251  3.29101253
   2.83464384  2.22526693  3.15946674  3.9368012 ]
 [ 5.03116989  4.17498398  3.13427806  3.60212779  4.8095746   3.28562522
   4.29060221  4.49246597  2.90777063  4.64384079  4.15884161  3.90533185
   3.44108272  2.95706892  3.75783324  4.95363379]
 [ 4.74201918  4.37544298  3.11878777  3.77301645  4.52729559  3.20353913
   4.14611244  4.31243849  2.72028923  4.24747419  4.10864258  3.22740126
   3.12277865  3.46004581  3.69997239  4.99487543]
 [ 4.92076063  4.4489522   3.71570373  3.6180408   4.41114902  3.71101308
   5.55919933  4.44066906  3.10189366  5.40545797  4.25660419  4.06869173
   3.2683928   2.95093083  4.13729     4.91369772]
 [ 4.1960969   3.53991199  2.74132729  3.00371861  4.07857084  3.15767384
   4.18178225  3.80460024  2.07829905  3.96188903  3.34791803  2.80797148
   2.3877089   2.5562396   3.465518    4.04381609]
 [ 4.54970503  3.8567462   2.17725635  3.67218804  4.06609106  2.85121417
   3.44210291  4.5605917   2.71051025  3.5187335   4.29710102  3.73130798
   3.24846673  3.18903852  3.03826523  4.59389544]
 [ 4.22609806  4.20681334  3.1138339   3.62946701  3.5895865   3.02425504
   4.5977664   4.33127737  2.96879458  4.42189217  3.84334469  3.73335075
   3.26958323  3.06082129  3.35901237  4.29056644]]
matmul: Results match!
matmul: Computed C:
[[ 499.60736084  506.11660767  518.31591797 ...,  504.40365601
   510.97744751  501.38037109]
 [ 504.69009399  513.23132324  513.17224121 ...,  496.08361816
   507.66833496  502.36599731]
 [ 492.0536499   502.21871948  513.75244141 ...,  497.79510498
   501.37219238  493.79364014]
 ..., 
 [ 501.07714844  501.08190918  512.35968018 ...,  496.83483887
   505.71298218  503.05496216]
 [ 506.82620239  512.01281738  519.1739502  ...,  505.30953979
   512.47827148  508.04833984]
 [ 513.65429688  520.26422119  521.41064453 ...,  503.86383057
   515.47961426  510.69445801]]
Expected C:
[[ 499.60736084  506.11660767  518.31591797 ...,  504.40365601
   510.97744751  501.38037109]
 [ 504.69009399  513.23132324  513.17224121 ...,  496.08361816
   507.66833496  502.36599731]
 [ 492.0536499   502.21871948  513.75244141 ...,  497.79510498
   501.37219238  493.79364014]
 ..., 
 [ 501.07714844  501.08190918  512.35968018 ...,  496.83483887
   505.71298218  503.05496216]
 [ 506.82620239  512.01281738  519.1739502  ...,  505.30953979
   512.47827148  508.04833984]
 [ 513.65429688  520.26422119  521.41064453 ...,  503.86383057
   515.47961426  510.69445801]]
matmul: Results match!
matmul: Computed C:
[[ 1015.37060547  1054.01098633  1025.45678711 ...,  1041.35510254
   1020.3671875   1041.17687988]
 [ 1015.93780518  1053.72497559  1032.14672852 ...,  1039.44470215
   1044.34570312  1033.21398926]
 [ 1002.17077637  1037.30908203  1017.12420654 ...,  1021.71612549
   1022.77154541  1030.51696777]
 ..., 
 [ 1000.12231445  1034.20800781  1015.22412109 ...,  1019.40441895
   1007.68115234  1019.96118164]
 [ 1008.78607178  1045.87792969  1018.21374512 ...,  1026.12988281
   1022.71740723  1028.14746094]
 [ 1023.22833252  1049.52844238  1036.88208008 ...,  1043.8848877
   1028.74267578  1039.6427002 ]]
Expected C:
[[ 1015.37060547  1054.01098633  1025.45678711 ...,  1041.35510254
   1020.3671875   1041.17687988]
 [ 1015.93780518  1053.72497559  1032.14672852 ...,  1039.44470215
   1044.34570312  1033.21398926]
 [ 1002.17077637  1037.30908203  1017.12420654 ...,  1021.71612549
   1022.77154541  1030.51696777]
 ..., 
 [ 1000.12231445  1034.20800781  1015.22412109 ...,  1019.40441895
   1007.68115234  1019.96118164]
 [ 1008.78607178  1045.87792969  1018.21374512 ...,  1026.12988281
   1022.71740723  1028.14746094]
 [ 1023.22833252  1049.52844238  1036.88208008 ...,  1043.8848877
   1028.74267578  1039.6427002 ]]
matmul: Results match!
matmul: Computed C:
[[ 2000.265625    2011.59350586  2048.77734375 ...,  2027.5612793
   2018.78356934  2035.77026367]
 [ 2009.15441895  2025.58630371  2034.00305176 ...,  2037.20605469
   2047.63891602  2041.75036621]
 [ 2045.78771973  2059.40234375  2067.51928711 ...,  2063.01000977
   2066.49487305  2084.63989258]
 ..., 
 [ 2031.01477051  2027.5859375   2043.05712891 ...,  2037.02526855
   2029.0144043   2037.18786621]
 [ 2009.9375      2019.84411621  2042.03601074 ...,  2028.79492188
   2041.91394043  2049.69555664]
 [ 2046.85498047  2063.91357422  2084.04882812 ...,  2082.07910156
   2082.80493164  2071.9765625 ]]
Expected C:
[[ 2000.265625    2011.59350586  2048.77734375 ...,  2027.5612793
   2018.78356934  2035.77026367]
 [ 2009.15441895  2025.58630371  2034.00305176 ...,  2037.20605469
   2047.63891602  2041.75036621]
 [ 2045.78771973  2059.40234375  2067.51928711 ...,  2063.01000977
   2066.49487305  2084.63989258]
 ..., 
 [ 2031.01477051  2027.5859375   2043.05712891 ...,  2037.02526855
   2029.0144043   2037.18786621]
 [ 2009.9375      2019.84411621  2042.03601074 ...,  2028.79492188
   2041.91394043  2049.69555664]
 [ 2046.85498047  2063.91357422  2084.04882812 ...,  2082.07910156
   2082.80493164  2071.9765625 ]]
matmul: Results match!

RESULTS:

Dimensions: (16,16,16        ) 	Method: Numpy            	Elapsed time:     0.012292 seconds.
Dimensions: (16,16,16        ) 	Method: JitNumpy         	Elapsed time:     0.276353 seconds.


Dimensions: (2048,2048,2048  ) 	Method: Numpy            	Elapsed time:     0.260676 seconds.
Dimensions: (2048,2048,2048  ) 	Method: JitNumpy         	Elapsed time:     0.242519 seconds.


Dimensions: (4096,4096,4096  ) 	Method: Numpy            	Elapsed time:     1.506701 seconds.
Dimensions: (4096,4096,4096  ) 	Method: JitNumpy         	Elapsed time:     1.488359 seconds.


Dimensions: (8192,8192,8192  ) 	Method: Numpy            	Elapsed time:    11.894991 seconds.
Dimensions: (8192,8192,8192  ) 	Method: JitNumpy         	Elapsed time:    11.823404 seconds.
Done.
