matmul: Computed C:
[[ 3.82581401  4.07607174  3.35485339  3.69303393  3.53257608  3.92948151
   3.98310566  5.00482798  4.05133867  3.74507284  3.76574349  3.85763121
   3.91856408  2.75176644  4.60383701  4.75652361]
 [ 4.5267334   4.81589603  3.23658109  4.92474699  4.61356401  5.06446552
   4.82128906  6.14393616  5.21343708  4.67071342  4.94331264  4.35770369
   4.70361948  2.93713737  5.89286566  5.54912138]
 [ 5.62453604  5.65579271  4.07343531  5.6508317   5.36298037  6.44605446
   5.28075027  6.60623741  5.85862875  5.79809284  4.53395605  5.61205578
   5.34330559  2.92140365  6.21314573  6.62536907]
 [ 4.79092026  4.82201052  3.51113558  4.57103586  4.57301426  4.54083204
   4.32223701  5.89303541  4.88258028  4.55823851  4.90593386  4.34075642
   4.63185644  2.71483302  5.34107685  5.25810719]
 [ 3.68946075  4.5276041   3.68115115  4.4593997   3.95404243  5.22909975
   4.68446589  4.8224349   3.87368584  4.34580231  4.11297274  4.67973804
   4.40348053  3.08763885  5.21656799  5.56911373]
 [ 3.71296263  2.95618582  3.03956604  3.0059104   3.3086164   4.1341362
   3.83574152  3.42623663  3.08806252  3.86860299  2.98150396  3.33368826
   3.45322561  2.05561757  3.79649758  4.00870848]
 [ 4.08654451  4.40560818  3.55153179  3.60106254  4.11670303  5.1664114
   4.73194456  5.21145296  4.39513779  4.35024166  4.35999966  4.45917654
   4.12609434  2.92854309  5.45782518  5.78178024]
 [ 4.31413174  5.10301495  4.1870575   4.58432865  4.31475544  5.42698002
   4.67222786  5.09666014  3.93147779  4.75413227  4.20373726  4.92775106
   4.67379999  2.70956826  5.47908449  5.6670208 ]
 [ 4.68961143  4.81981277  3.52669549  4.82424402  4.33347225  5.11397171
   4.92325783  5.48852587  4.86937904  3.99282289  4.53179789  4.61329031
   4.45596313  3.40252733  5.03512526  5.59539509]
 [ 4.19611454  4.50562954  3.5689218   4.74615097  3.69437218  4.65373993
   4.26438761  4.91339254  4.62256432  3.86219835  4.26633453  4.06990147
   4.19274664  3.4140532   4.69947958  5.74552917]
 [ 3.55643058  4.60535145  2.58508015  3.57768035  3.77768445  4.17464685
   3.5921123   5.18251467  4.39292955  3.54368544  3.58072281  3.85097432
   3.53252006  2.1923151   4.69572067  4.5867219 ]
 [ 4.01822329  4.27311611  3.10196447  3.55799127  4.12165213  4.47045803
   4.17937994  5.30176687  3.88195014  4.2438221   4.70479631  4.03830624
   3.95400476  3.03107619  5.15581608  5.25292873]
 [ 4.98472977  4.80781031  3.55094457  4.6227231   4.24459648  5.90613413
   5.24462223  5.28486061  5.06213045  5.22342205  4.3405838   4.62265253
   4.41042233  3.05871654  5.2001152   5.61722422]
 [ 2.74018502  3.69152474  2.78252506  3.92136216  2.97855902  3.38660264
   3.29123449  4.29829502  3.44143867  2.96749234  3.88502026  3.0280931
   3.52642536  2.72962689  4.50642252  4.50281048]
 [ 2.047858    2.64762092  2.07297635  2.82550168  1.79061782  2.87594008
   2.83449173  3.037081    2.98630047  2.89531612  3.02268934  2.15691948
   2.37366486  1.74946296  3.62745929  3.53222013]
 [ 3.25478506  4.22222281  3.58688831  4.94026709  3.33560848  4.53995562
   4.09933949  4.52170944  4.00603199  3.77652526  4.07835245  3.82498598
   4.18877745  2.96993542  5.19063568  5.70464659]]
Expected C:
[[ 3.82581401  4.07607174  3.35485339  3.69303393  3.53257608  3.92948151
   3.98310566  5.00482798  4.05133867  3.74507284  3.76574349  3.85763121
   3.91856408  2.75176644  4.60383701  4.75652361]
 [ 4.5267334   4.81589603  3.23658109  4.92474699  4.61356401  5.06446552
   4.82128906  6.14393616  5.21343708  4.67071342  4.94331264  4.35770369
   4.70361948  2.93713737  5.89286566  5.54912138]
 [ 5.62453604  5.65579271  4.07343531  5.6508317   5.36298037  6.44605446
   5.28075027  6.60623741  5.85862875  5.79809284  4.53395605  5.61205578
   5.34330559  2.92140365  6.21314573  6.62536907]
 [ 4.79092026  4.82201052  3.51113558  4.57103586  4.57301426  4.54083204
   4.32223701  5.89303541  4.88258028  4.55823851  4.90593386  4.34075642
   4.63185644  2.71483302  5.34107685  5.25810719]
 [ 3.68946075  4.5276041   3.68115115  4.4593997   3.95404243  5.22909975
   4.68446589  4.8224349   3.87368584  4.34580231  4.11297274  4.67973804
   4.40348053  3.08763885  5.21656799  5.56911373]
 [ 3.71296263  2.95618582  3.03956604  3.0059104   3.3086164   4.1341362
   3.83574152  3.42623663  3.08806252  3.86860299  2.98150396  3.33368826
   3.45322561  2.05561757  3.79649758  4.00870848]
 [ 4.08654451  4.40560818  3.55153179  3.60106254  4.11670303  5.1664114
   4.73194456  5.21145296  4.39513779  4.35024166  4.35999966  4.45917654
   4.12609434  2.92854309  5.45782518  5.78178024]
 [ 4.31413174  5.10301495  4.1870575   4.58432865  4.31475544  5.42698002
   4.67222786  5.09666014  3.93147779  4.75413227  4.20373726  4.92775106
   4.67379999  2.70956826  5.47908449  5.6670208 ]
 [ 4.68961143  4.81981277  3.52669549  4.82424402  4.33347225  5.11397171
   4.92325783  5.48852587  4.86937904  3.99282289  4.53179789  4.61329031
   4.45596313  3.40252733  5.03512526  5.59539509]
 [ 4.19611454  4.50562954  3.5689218   4.74615097  3.69437218  4.65373993
   4.26438761  4.91339254  4.62256432  3.86219835  4.26633453  4.06990147
   4.19274664  3.4140532   4.69947958  5.74552917]
 [ 3.55643058  4.60535145  2.58508015  3.57768035  3.77768445  4.17464685
   3.5921123   5.18251467  4.39292955  3.54368544  3.58072281  3.85097432
   3.53252006  2.1923151   4.69572067  4.5867219 ]
 [ 4.01822329  4.27311611  3.10196447  3.55799127  4.12165213  4.47045803
   4.17937994  5.30176687  3.88195014  4.2438221   4.70479631  4.03830624
   3.95400476  3.03107619  5.15581608  5.25292873]
 [ 4.98472977  4.80781031  3.55094457  4.6227231   4.24459648  5.90613413
   5.24462223  5.28486061  5.06213045  5.22342205  4.3405838   4.62265253
   4.41042233  3.05871654  5.2001152   5.61722422]
 [ 2.74018502  3.69152474  2.78252506  3.92136216  2.97855902  3.38660264
   3.29123449  4.29829502  3.44143867  2.96749234  3.88502026  3.0280931
   3.52642536  2.72962689  4.50642252  4.50281048]
 [ 2.047858    2.64762092  2.07297635  2.82550168  1.79061782  2.87594008
   2.83449173  3.037081    2.98630047  2.89531612  3.02268934  2.15691948
   2.37366486  1.74946296  3.62745929  3.53222013]
 [ 3.25478506  4.22222281  3.58688831  4.94026709  3.33560848  4.53995562
   4.09933949  4.52170944  4.00603199  3.77652526  4.07835245  3.82498598
   4.18877745  2.96993542  5.19063568  5.70464659]]
matmul: Results match!
matmul: Computed C:
[[ 496.70925903  520.18615723  511.86358643 ...,  520.91796875  512.3972168
   516.04449463]
 [ 485.97976685  502.44815063  495.4737854  ...,  510.65994263
   500.28128052  506.46835327]
 [ 479.86383057  505.94119263  496.01156616 ...,  507.95553589  501.7272644
   510.40710449]
 ..., 
 [ 497.70358276  525.98443604  503.96890259 ...,  517.49377441
   511.95516968  517.98443604]
 [ 498.07507324  531.918396    522.52288818 ...,  534.80883789
   520.55737305  524.62921143]
 [ 497.22351074  523.93371582  508.91983032 ...,  509.27865601
   504.40228271  516.79919434]]
Expected C:
[[ 496.70925903  520.18615723  511.86358643 ...,  520.91796875  512.3972168
   516.04449463]
 [ 485.97976685  502.44815063  495.4737854  ...,  510.65994263
   500.28128052  506.46835327]
 [ 479.86383057  505.94119263  496.01156616 ...,  507.95553589  501.7272644
   510.40710449]
 ..., 
 [ 497.70358276  525.98443604  503.96890259 ...,  517.49377441
   511.95516968  517.98443604]
 [ 498.07507324  531.918396    522.52288818 ...,  534.80883789
   520.55737305  524.62921143]
 [ 497.22351074  523.93371582  508.91983032 ...,  509.27865601
   504.40228271  516.79919434]]
matmul: Results match!
matmul: Computed C:
[[ 1020.46820068   990.78875732  1023.14770508 ...,  1021.21972656
   1045.0645752   1011.57537842]
 [ 1023.93145752   993.74505615  1024.25       ...,  1031.99377441
   1038.87353516  1015.45306396]
 [ 1030.63696289   996.5970459   1033.44372559 ...,  1032.56640625
   1054.82519531  1026.88781738]
 ..., 
 [ 1027.46276855   998.9119873   1032.85314941 ...,  1026.13928223
   1042.3104248   1012.97735596]
 [ 1019.87322998   983.14611816  1013.83532715 ...,  1023.95251465
   1042.46655273  1010.40698242]
 [ 1029.14440918  1000.37561035  1019.62744141 ...,  1019.58612061
   1032.0345459   1004.10961914]]
Expected C:
[[ 1020.46820068   990.78875732  1023.14770508 ...,  1021.21972656
   1045.0645752   1011.57537842]
 [ 1023.93145752   993.74505615  1024.25       ...,  1031.99377441
   1038.87353516  1015.45306396]
 [ 1030.63696289   996.5970459   1033.44372559 ...,  1032.56640625
   1054.82519531  1026.88781738]
 ..., 
 [ 1027.46276855   998.9119873   1032.85314941 ...,  1026.13928223
   1042.3104248   1012.97735596]
 [ 1019.87322998   983.14611816  1013.83532715 ...,  1023.95251465
   1042.46655273  1010.40698242]
 [ 1029.14440918  1000.37561035  1019.62744141 ...,  1019.58612061
   1032.0345459   1004.10961914]]
matmul: Results match!
matmul: Computed C:
[[ 2047.99633789  2043.93237305  2052.99023438 ...,  2062.97436523
   2064.78369141  2059.77416992]
 [ 2026.85986328  2031.91052246  2030.57226562 ...,  2037.59338379
   2046.49572754  2040.93066406]
 [ 2036.00537109  2049.85522461  2049.58447266 ...,  2061.03369141
   2064.67578125  2052.49951172]
 ..., 
 [ 2028.71801758  2045.75292969  2046.57019043 ...,  2058.45922852
   2048.89306641  2062.76855469]
 [ 2045.43713379  2062.91113281  2057.4921875  ...,  2053.15991211
   2067.87939453  2050.37768555]
 [ 2062.37133789  2060.68774414  2050.42895508 ...,  2073.70532227
   2074.08300781  2076.22851562]]
Expected C:
[[ 2047.99633789  2043.93237305  2052.99023438 ...,  2062.97436523
   2064.78369141  2059.77416992]
 [ 2026.85986328  2031.91052246  2030.57226562 ...,  2037.59338379
   2046.49572754  2040.93066406]
 [ 2036.00537109  2049.85522461  2049.58447266 ...,  2061.03369141
   2064.67578125  2052.49951172]
 ..., 
 [ 2028.71801758  2045.75292969  2046.57019043 ...,  2058.45922852
   2048.89306641  2062.76855469]
 [ 2045.43713379  2062.91113281  2057.4921875  ...,  2053.15991211
   2067.87939453  2050.37768555]
 [ 2062.37133789  2060.68774414  2050.42895508 ...,  2073.70532227
   2074.08300781  2076.22851562]]
matmul: Results match!

RESULTS:

Dimensions: (16,16,16        ) 	Method: Numpy            	Elapsed time:     0.618151 seconds.
Dimensions: (16,16,16        ) 	Method: JitNumpy         	Elapsed time:     1.452096 seconds.


Dimensions: (2048,2048,2048  ) 	Method: Numpy            	Elapsed time:     0.260278 seconds.
Dimensions: (2048,2048,2048  ) 	Method: JitNumpy         	Elapsed time:     0.188694 seconds.


Dimensions: (4096,4096,4096  ) 	Method: Numpy            	Elapsed time:     1.507710 seconds.
Dimensions: (4096,4096,4096  ) 	Method: JitNumpy         	Elapsed time:     1.490935 seconds.


Dimensions: (8192,8192,8192  ) 	Method: Numpy            	Elapsed time:    11.895462 seconds.
Dimensions: (8192,8192,8192  ) 	Method: JitNumpy         	Elapsed time:    11.843806 seconds.
Done.
