Expectation: [[ 32.05319214  28.84950829  30.62979317 ...,  31.6150322   31.05064011
   26.76484108]
 [ 30.328125    26.94830704  27.98674011 ...,  31.06168175  27.5989151
   26.93286324]
 [ 33.84880447  30.48078156  32.51013565 ...,  34.02166367  30.75431442
   29.0074501 ]
 ..., 
 [ 32.72788239  28.29190826  30.24653244 ...,  31.35127831  29.27227592
   27.35473633]
 [ 30.90855789  28.06931686  29.69342232 ...,  30.99157906  30.36279869
   28.01699448]
 [ 32.55128098  28.64307213  29.46044159 ...,  31.67170715  29.83724976
   28.792202  ]]
Results match!
Results match!
Results match!
Expectation: [[ 62.37026596  59.08934021  63.40527344 ...,  59.20657349  65.03054047
   64.35159302]
 [ 62.60574722  61.30844498  66.5664978  ...,  60.98723221  63.78345871
   66.44551086]
 [ 61.79818344  62.60183334  60.63349152 ...,  59.79204178  63.19306183
   63.02697372]
 ..., 
 [ 60.50673294  60.29955292  62.09128571 ...,  59.32928467  62.63708878
   59.98590088]
 [ 64.5837326   63.56773376  63.86764526 ...,  59.75706482  64.62258911
   65.09196472]
 [ 63.17312241  60.99386978  64.60246277 ...,  63.06990051  62.11817932
   65.85298157]]
Results match!
Results match!
Results match!
Expectation: [[ 131.22628784  133.72080994  129.86080933 ...,  130.37120056
   137.00430298  130.73577881]
 [ 123.73477936  136.82296753  125.84635162 ...,  129.08148193  129.1856842
   125.57123566]
 [ 121.27987671  125.32707977  123.02626801 ...,  119.65758514
   122.33543396  119.05284119]
 ..., 
 [ 128.17565918  132.70391846  132.91931152 ...,  127.5320816   137.88700867
   133.44148254]
 [ 124.9841156   132.10604858  128.26280212 ...,  127.49220276
   130.89013672  131.98965454]
 [ 127.76868439  136.41960144  132.51919556 ...,  131.30702209
   135.18681335  135.39112854]]
Results match!
Results match!
Results match!
Dimensions: (128,128,128     ) 	Method: Basic            	Elapsed time:     1.184001 seconds.
Dimensions: (128,128,128     ) 	Method: Numpy            	Elapsed time:     0.314316 seconds.
Dimensions: (128,128,128     ) 	Method: JitBasic         	Elapsed time:     0.464844 seconds.
Dimensions: (128,128,128     ) 	Method: JitNumpy         	Elapsed time:     0.303447 seconds.
Dimensions: (256,256,256     ) 	Method: Basic            	Elapsed time:     8.535664 seconds.
Dimensions: (256,256,256     ) 	Method: Numpy            	Elapsed time:     0.001093 seconds.
Dimensions: (256,256,256     ) 	Method: JitBasic         	Elapsed time:     0.020508 seconds.
Dimensions: (256,256,256     ) 	Method: JitNumpy         	Elapsed time:     0.000530 seconds.
Dimensions: (512,512,512     ) 	Method: Basic            	Elapsed time:    68.799868 seconds.
Dimensions: (512,512,512     ) 	Method: Numpy            	Elapsed time:     0.005440 seconds.
Dimensions: (512,512,512     ) 	Method: JitBasic         	Elapsed time:     0.330759 seconds.
Dimensions: (512,512,512     ) 	Method: JitNumpy         	Elapsed time:     0.003913 seconds.
Done.
