[(1, 1, 1), (64, 64, 64), (128, 128, 128), (192, 192, 192), (256, 256, 256), (320, 320, 320), (384, 384, 384), (448, 448, 448), (512, 512, 512), (576, 576, 576), (640, 640, 640), (704, 704, 704), (768, 768, 768), (832, 832, 832), (896, 896, 896), (960, 960, 960), (1024, 1024, 1024)]
matmul: Computed C:
[[ 0.10378674]]
Expected C:
[[ 0.10378674]]
matmul: Results match!
matmul: Results match!
matmul: Results match!
matmul: Results match!
matmul: Results match!
matmul: Results match!
matmul: Results match!
matmul: Results match!
matmul: Results match!
matmul: Results match!
matmul: Results match!
matmul: Results match!
matmul: Results match!
matmul: Results match!
matmul: Results match!
matmul: Results match!
matmul: Results match!
[((1, 1, 1), 'JitNumpy', 0.3581681251525879), ((64, 64, 64), 'Numpy', 0.0025124549865722656), ((64, 64, 64), 'JitNumpy', 8.130073547363281e-05), ((128, 128, 128), 'Numpy', 0.0008924007415771484), ((128, 128, 128), 'JitNumpy', 9.202957153320312e-05), ((192, 192, 192), 'Numpy', 0.0008022785186767578), ((192, 192, 192), 'JitNumpy', 0.00023293495178222656), ((256, 256, 256), 'Numpy', 0.001161336898803711), ((256, 256, 256), 'JitNumpy', 0.0005445480346679688), ((320, 320, 320), 'Numpy', 0.0011391639709472656), ((320, 320, 320), 'JitNumpy', 0.001033782958984375), ((384, 384, 384), 'Numpy', 0.00290679931640625), ((384, 384, 384), 'JitNumpy', 0.0018618106842041016), ((448, 448, 448), 'Numpy', 0.0033342838287353516), ((448, 448, 448), 'JitNumpy', 0.0028972625732421875), ((512, 512, 512), 'Numpy', 0.00457453727722168), ((512, 512, 512), 'JitNumpy', 0.004355669021606445), ((576, 576, 576), 'Numpy', 0.0066258907318115234), ((576, 576, 576), 'JitNumpy', 0.006291627883911133), ((640, 640, 640), 'Numpy', 0.008524179458618164), ((640, 640, 640), 'JitNumpy', 0.008522510528564453), ((704, 704, 704), 'Numpy', 0.011007070541381836), ((704, 704, 704), 'JitNumpy', 0.011198043823242188), ((768, 768, 768), 'Numpy', 0.013667583465576172), ((768, 768, 768), 'JitNumpy', 0.013343334197998047), ((832, 832, 832), 'Numpy', 0.018379688262939453), ((832, 832, 832), 'JitNumpy', 0.017885446548461914), ((896, 896, 896), 'Numpy', 0.02298736572265625), ((896, 896, 896), 'JitNumpy', 0.01999664306640625), ((960, 960, 960), 'Numpy', 0.023236513137817383), ((960, 960, 960), 'JitNumpy', 0.023118019104003906), ((1024, 1024, 1024), 'Numpy', 0.030110836029052734), ((1024, 1024, 1024), 'JitNumpy', 0.030124425888061523)]
