matmul: Results match!
matmul: Computed C:
[[ 499.91409302  491.59976196  496.54260254 ...,  501.34423828
   510.40036011  495.76431274]
 [ 514.17327881  508.27655029  511.38189697 ...,  514.00878906  517.362854
   500.05389404]
 [ 499.41229248  497.11166382  501.25115967 ...,  506.51931763  506.8253479
   502.8112793 ]
 ..., 
 [ 519.41485596  502.57055664  505.11035156 ...,  508.33013916
   520.76361084  509.06225586]
 [ 516.99786377  498.46047974  519.75939941 ...,  519.44366455
   522.55651855  503.83691406]
 [ 516.8404541   506.43634033  518.19299316 ...,  510.19454956
   518.16851807  502.978302  ]]
Expected C:
[[ 499.91409302  491.59976196  496.54260254 ...,  501.34423828
   510.40036011  495.76431274]
 [ 514.17327881  508.27655029  511.38189697 ...,  514.00878906  517.362854
   500.05389404]
 [ 499.41229248  497.11166382  501.25115967 ...,  506.51931763  506.8253479
   502.8112793 ]
 ..., 
 [ 519.41485596  502.57055664  505.11035156 ...,  508.33013916
   520.76361084  509.06225586]
 [ 516.99786377  498.46047974  519.75939941 ...,  519.44366455
   522.55651855  503.83691406]
 [ 516.8404541   506.43634033  518.19299316 ...,  510.19454956
   518.16851807  502.978302  ]]
matmul: Results match!
matmul: Computed C:
[[ 643.5458374   634.32855225  630.8269043  ...,  650.70715332
   642.71051025  643.3425293 ]
 [ 646.40478516  639.12402344  638.65960693 ...,  647.80554199  645.0402832
   652.2288208 ]
 [ 646.53649902  640.08831787  642.09411621 ...,  660.26300049
   656.62719727  653.26763916]
 ..., 
 [ 631.1930542   618.6708374   624.67962646 ...,  640.22113037
   635.57208252  638.59442139]
 [ 641.02410889  641.90759277  634.67254639 ...,  650.27313232
   644.26171875  640.42053223]
 [ 641.15405273  636.23895264  644.32305908 ...,  651.59143066
   651.54266357  651.58654785]]
Expected C:
[[ 643.5458374   634.32855225  630.8269043  ...,  650.70715332
   642.71051025  643.3425293 ]
 [ 646.40478516  639.12402344  638.65960693 ...,  647.80554199  645.0402832
   652.2288208 ]
 [ 646.53649902  640.08831787  642.09411621 ...,  660.26300049
   656.62719727  653.26763916]
 ..., 
 [ 631.1930542   618.6708374   624.67962646 ...,  640.22113037
   635.57208252  638.59442139]
 [ 641.02410889  641.90759277  634.67254639 ...,  650.27313232
   644.26171875  640.42053223]
 [ 641.15405273  636.23895264  644.32305908 ...,  651.59143066
   651.54266357  651.58654785]]
matmul: Results match!
matmul: Computed C:
[[ 746.93023682  743.88464355  774.87414551 ...,  757.73547363  766.3324585
   778.12109375]
 [ 757.54467773  746.43414307  765.81652832 ...,  754.43560791
   756.76263428  779.47961426]
 [ 762.27349854  749.43786621  758.17602539 ...,  756.61120605
   767.61120605  784.60162354]
 ..., 
 [ 753.88458252  750.50543213  766.38116455 ...,  768.72277832
   758.58837891  784.07452393]
 [ 737.9140625   731.53771973  751.82318115 ...,  742.14129639
   744.66064453  760.45153809]
 [ 735.29040527  730.78692627  752.35223389 ...,  747.22595215
   746.34094238  757.07128906]]
Expected C:
[[ 746.93023682  743.88464355  774.87414551 ...,  757.73547363  766.3324585
   778.12109375]
 [ 757.54467773  746.43414307  765.81652832 ...,  754.43560791
   756.76263428  779.47961426]
 [ 762.27349854  749.43786621  758.17602539 ...,  756.61120605
   767.61120605  784.60162354]
 ..., 
 [ 753.88458252  750.50543213  766.38116455 ...,  768.72277832
   758.58837891  784.07452393]
 [ 737.9140625   731.53771973  751.82318115 ...,  742.14129639
   744.66064453  760.45153809]
 [ 735.29040527  730.78692627  752.35223389 ...,  747.22595215
   746.34094238  757.07128906]]
matmul: Results match!

RESULTS:

Dimensions: (16,16,16        ) 	Method: Numpy            	Elapsed time:     0.013754 seconds.
Dimensions: (16,16,16        ) 	Method: JitNumpy         	Elapsed time:     0.335680 seconds.


Dimensions: (2048,2048,2048  ) 	Method: Numpy            	Elapsed time:     0.261552 seconds.
Dimensions: (2048,2048,2048  ) 	Method: JitNumpy         	Elapsed time:     0.245394 seconds.


Dimensions: (2560,2560,2560  ) 	Method: Numpy            	Elapsed time:     0.364374 seconds.
Dimensions: (2560,2560,2560  ) 	Method: JitNumpy         	Elapsed time:     0.356601 seconds.


Dimensions: (3072,3072,3072  ) 	Method: Numpy            	Elapsed time:     0.636809 seconds.
Dimensions: (3072,3072,3072  ) 	Method: JitNumpy         	Elapsed time:     0.626593 seconds.
Done.
