Methods:  [<class 'matmul.Numpy'>, <class 'matmul.JitNumpy'>]
Dims:  [(1, 1, 1), (3, 3, 3), (4, 4, 4), (5, 5, 5)]
Instance:  <matmul.Numpy object at 0x71c87687a570>
Result:
 [[0.22863996]]
Expected:
 [[0.22863996]]
Instance:  <matmul.Numpy object at 0x71c870ce3d10>
Result:
 [[1.1247541  0.94880986 0.4327846 ]
 [0.67737305 0.44779927 0.3378118 ]
 [1.799409   1.3118906  0.6509958 ]]
Expected:
 [[1.1247541  0.94880986 0.4327846 ]
 [0.67737305 0.44779927 0.3378118 ]
 [1.799409   1.3118906  0.6509958 ]]
Instance:  <matmul.Numpy object at 0x71c870d11640>
Result:
 [[1.9453446  2.258053   0.9410486  1.0745997 ]
 [0.7760645  0.7110975  0.6161037  0.28369188]
 [1.5668201  1.8514639  0.99789554 0.8558678 ]
 [1.6289351  1.55538    0.7267533  0.53712463]]
Expected:
 [[1.9453446  2.258053   0.9410486  1.0745997 ]
 [0.7760645  0.7110975  0.6161037  0.28369188]
 [1.5668201  1.8514639  0.99789554 0.8558678 ]
 [1.6289351  1.55538    0.7267533  0.53712463]]
Instance:  <matmul.Numpy object at 0x71c87130c440>
Result:
 [[0.8869329  0.6818056  0.253909   0.7054888  0.70238245]
 [1.864353   1.6322709  0.89379936 1.3472774  1.5909297 ]
 [0.80215114 0.6859585  0.46348596 0.7485046  0.8917392 ]
 [1.4080131  1.3391796  0.7050896  1.0980664  1.319778  ]
 [2.0186565  1.7582693  0.7429411  1.5241444  1.3733883 ]]
Expected:
 [[0.8869329  0.6818056  0.253909   0.7054888  0.70238245]
 [1.864353   1.6322709  0.89379936 1.3472774  1.5909297 ]
 [0.80215114 0.6859585  0.46348596 0.7485046  0.8917392 ]
 [1.4080131  1.3391796  0.7050896  1.0980664  1.319778  ]
 [2.0186565  1.7582693  0.7429411  1.5241444  1.3733883 ]]
Instance:  <matmul.JitNumpy object at 0x71c870f048c0>
