Methods:  [<class 'matmul.Numpy'>, <class 'matmul.JitNumpy'>]
Dims:  [(1, 1, 1), (3, 3, 3), (4, 4, 4), (5, 5, 5)]
Instance:  <matmul.Numpy object at 0x7a578c7035f0>
Result:
 [[0.060413]]
Expected:
 [[0.060413]]
Instance:  <matmul.Numpy object at 0x7a576c339820>
Result:
 [[0.68317235 0.5656765  0.93543863]
 [0.84957606 1.070806   1.357466  ]
 [0.6977166  0.76272637 0.98268247]]
Expected:
 [[0.68317235 0.5656765  0.93543863]
 [0.84957606 1.070806   1.357466  ]
 [0.6977166  0.76272637 0.98268247]]
Instance:  <matmul.Numpy object at 0x7a578c7035f0>
Result:
 [[0.90882194 0.7133689  0.35669965 0.8589898 ]
 [1.0565631  0.9208596  0.42705625 0.96765614]
 [1.1157067  0.84853774 0.6782296  0.84636986]
 [0.99708366 0.67334014 0.57729435 0.87889653]]
Expected:
 [[0.90882194 0.7133689  0.35669965 0.8589898 ]
 [1.0565631  0.9208596  0.42705625 0.96765614]
 [1.1157067  0.84853774 0.6782296  0.84636986]
 [0.99708366 0.67334014 0.57729435 0.87889653]]
Instance:  <matmul.Numpy object at 0x7a576c339820>
Result:
 [[2.015369  2.557812  1.8153323 1.7107897 1.9420046]
 [1.5802191 2.072045  1.2805035 1.4173713 1.9428099]
 [1.5985625 1.9773177 1.4696018 1.6113983 1.7752005]
 [1.9082431 2.516392  1.9687353 1.7068216 2.1020823]
 [1.1308953 1.4028502 1.221706  1.122158  1.0599031]]
Expected:
 [[2.015369  2.557812  1.8153323 1.7107897 1.9420046]
 [1.5802191 2.072045  1.2805035 1.4173713 1.9428099]
 [1.5985625 1.9773177 1.4696018 1.6113983 1.7752005]
 [1.9082431 2.516392  1.9687353 1.7068216 2.1020823]
 [1.1308953 1.4028502 1.221706  1.122158  1.0599031]]
Instance:  <matmul.JitNumpy object at 0x7a578c7035f0>
