Traceback (most recent call last):
  File "/home/bcheng/workspace/dev/pycuda/cuda/ex4/main.py", line 39, in <module>
    main()
  File "/home/bcheng/workspace/dev/pycuda/cuda/ex4/main.py", line 32, in main
    tb_squares.test_all()
  File "/home/bcheng/workspace/dev/pycuda/cuda/ex4/testbench.py", line 49, in test_all
    result = instance.run()
             ^^^^^^^^^^^^^^
  File "/home/bcheng/workspace/dev/pycuda/cuda/ex4/matmul.py", line 28, in run
    self._dot()
  File "/home/bcheng/workspace/dev/pycuda/cuda/ex4/matmul.py", line 82, in _dot
    self._C[:] = self.__dot_kernel(self._A, self._B, self._C)
                 ^^^^^^^^^^^^^^^^^^^^^^^^^^^^^^^^^^^^^^^^^^^^
  File "/home/bcheng/workspace/tools/anaconda3/envs/pycuda/lib/python3.12/site-packages/numba/core/dispatcher.py", line 468, in _compile_for_args
    error_rewrite(e, 'typing')
  File "/home/bcheng/workspace/tools/anaconda3/envs/pycuda/lib/python3.12/site-packages/numba/core/dispatcher.py", line 409, in error_rewrite
    raise e.with_traceback(None)
numba.core.errors.TypingError: Failed in nopython mode pipeline (step: nopython frontend)
Unknown attribute 'np' of type array(float32, 2d, C)

File "matmul.py", line 78:
    def __dot_kernel(A, B, C): # private method (double underscore prefix)
        <source elided>
        # C[:] = np.dot(A, B)
        return A.np.dot(B)
        ^

During: typing of get attribute at /home/bcheng/workspace/dev/pycuda/cuda/ex4/matmul.py (78)

File "matmul.py", line 78:
    def __dot_kernel(A, B, C): # private method (double underscore prefix)
        <source elided>
        # C[:] = np.dot(A, B)
        return A.np.dot(B)
        ^

