Methods:  [<class 'matmul.Numpy'>, <class 'matmul.JitNumpy'>]
Dims:  [(1, 1, 1), (3, 3, 3), (4, 4, 4)]
Instance:  <matmul.Numpy object at 0x7ab7063542c0>
Result:
 [[0.8480061]]
Expected:
 [[0.8480061]]
Instance:  <matmul.Numpy object at 0x7ab7008da240>
Result:
 [[0.75087667 1.0350033  0.33740982]
 [0.84087133 1.3292991  0.5916168 ]
 [0.95453936 1.4991258  0.66268235]]
Expected:
 [[0.75087667 1.0350033  0.33740982]
 [0.84087133 1.3292991  0.5916168 ]
 [0.95453936 1.4991258  0.66268235]]
Instance:  <matmul.Numpy object at 0x7ab7063542c0>
Result:
 [[1.1260145  1.7698672  0.9976718  0.8588743 ]
 [0.8092828  1.4164493  0.8453716  0.62779367]
 [0.29102728 0.95463014 0.8003514  0.4204169 ]
 [0.5615317  1.2018125  1.2444556  0.6360428 ]]
Expected:
 [[1.1260145  1.7698672  0.9976718  0.8588743 ]
 [0.8092828  1.4164493  0.8453716  0.62779367]
 [0.29102728 0.95463014 0.8003514  0.4204169 ]
 [0.5615317  1.2018125  1.2444556  0.6360428 ]]
Instance:  <matmul.JitNumpy object at 0x7ab7008da240>
Result:
 [[0.8480061]]
Expected:
 [[0.8480061]]
Instance:  <matmul.JitNumpy object at 0x7ab7066fddc0>
Result:
 [[0.75087667 1.0350033  0.33740982]
 [0.84087133 1.3292991  0.5916168 ]
 [0.95453936 1.4991258  0.66268235]]
Expected:
 [[0.75087667 1.0350033  0.33740982]
 [0.84087133 1.3292991  0.5916168 ]
 [0.95453936 1.4991258  0.66268235]]
Instance:  <matmul.JitNumpy object at 0x7ab7062690a0>
Result:
 [[1.1260145  1.7698672  0.9976718  0.8588743 ]
 [0.8092828  1.4164493  0.8453716  0.62779367]
 [0.29102728 0.95463014 0.8003514  0.4204169 ]
 [0.5615317  1.2018125  1.2444556  0.6360428 ]]
Expected:
 [[1.1260145  1.7698672  0.9976718  0.8588743 ]
 [0.8092828  1.4164493  0.8453716  0.62779367]
 [0.29102728 0.95463014 0.8003514  0.4204169 ]
 [0.5615317  1.2018125  1.2444556  0.6360428 ]]
Square Results:
 [['Numpy', [(3, 3, 3), (4, 4, 4)], [True, True], [8.821487426757812e-06, 6.67572021484375e-06]], ['JitNumpy', [(3, 3, 3), (4, 4, 4)], [True, True], [7.3909759521484375e-06, 6.67572021484375e-06]]]

=========================================

Methods:  [<class 'matmul.Numpy'>, <class 'matmul.JitNumpy'>]
Dims:  [(1, 1, 1), (3, 3, 4), (4, 4, 3), (4, 3, 4), (3, 4, 4)]
Instance:  <matmul.Numpy object at 0x7ab7008da240>
Result:
 [[0.5712125]]
Expected:
 [[0.5712125]]
Instance:  <matmul.Numpy object at 0x7ab7066fddc0>
Result:
 [[1.033992   0.76771796 0.41943142]
 [1.0489923  0.9983996  0.54479545]
 [0.624197   0.4816895  0.2778706 ]]
Expected:
 [[1.033992   0.76771796 0.41943142]
 [1.0489923  0.9983996  0.54479545]
 [0.624197   0.4816895  0.2778706 ]]
Instance:  <matmul.Numpy object at 0x7ab7008da240>
Result:
 [[0.69801736 0.6055248  0.6140234  0.66819674]
 [0.82965773 0.86988616 0.67047673 0.9536767 ]
 [0.86385053 0.8545305  0.6844009  1.0886861 ]
 [0.9406819  0.7895458  0.79720664 1.0525303 ]]
Expected:
 [[0.69801736 0.6055248  0.6140234  0.66819674]
 [0.82965773 0.86988616 0.67047673 0.9536767 ]
 [0.86385053 0.8545305  0.6844009  1.0886861 ]
 [0.9406819  0.7895458  0.79720664 1.0525303 ]]
Instance:  <matmul.Numpy object at 0x7ab7066fddc0>
Result:
 [[0.7110143  0.9676038  0.8811529 ]
 [1.0223125  0.93588346 0.5208518 ]
 [0.95839703 1.1983314  0.9263101 ]
 [0.5052562  0.94824684 0.79676425]]
Expected:
 [[0.7110143  0.9676038  0.8811529 ]
 [1.0223125  0.93588346 0.5208518 ]
 [0.95839703 1.1983314  0.9263101 ]
 [0.5052562  0.94824684 0.79676425]]
Instance:  <matmul.Numpy object at 0x7ab7008da240>
Result:
 [[0.76120055 0.71262336 0.867604   0.6126618 ]
 [0.7196081  0.6902071  0.65943897 0.4266515 ]
 [1.0789654  0.76678956 1.4661475  1.0794611 ]]
Expected:
 [[0.76120055 0.71262336 0.867604   0.6126618 ]
 [0.7196081  0.6902071  0.65943897 0.4266515 ]
 [1.0789654  0.76678956 1.4661475  1.0794611 ]]
Instance:  <matmul.JitNumpy object at 0x7ab706354350>
Result:
 [[0.5712125]]
Expected:
 [[0.5712125]]
Instance:  <matmul.JitNumpy object at 0x7ab7063542c0>
Result:
 [[1.033992   0.76771796 0.41943142]
 [1.0489923  0.9983996  0.54479545]
 [0.624197   0.4816895  0.2778706 ]]
Expected:
 [[1.033992   0.76771796 0.41943142]
 [1.0489923  0.9983996  0.54479545]
 [0.624197   0.4816895  0.2778706 ]]
Instance:  <matmul.JitNumpy object at 0x7ab706354350>
Result:
 [[0.69801736 0.6055248  0.6140234  0.66819674]
 [0.82965773 0.86988616 0.67047673 0.9536767 ]
 [0.86385053 0.8545305  0.6844009  1.0886861 ]
 [0.9406819  0.7895458  0.79720664 1.0525303 ]]
Expected:
 [[0.69801736 0.6055248  0.6140234  0.66819674]
 [0.82965773 0.86988616 0.67047673 0.9536767 ]
 [0.86385053 0.8545305  0.6844009  1.0886861 ]
 [0.9406819  0.7895458  0.79720664 1.0525303 ]]
Instance:  <matmul.JitNumpy object at 0x7ab7063542c0>
Result:
 [[0.7110143  0.9676038  0.8811529 ]
 [1.0223125  0.93588346 0.5208518 ]
 [0.95839703 1.1983314  0.9263101 ]
 [0.5052562  0.94824684 0.79676425]]
Expected:
 [[0.7110143  0.9676038  0.8811529 ]
 [1.0223125  0.93588346 0.5208518 ]
 [0.95839703 1.1983314  0.9263101 ]
 [0.5052562  0.94824684 0.79676425]]
Instance:  <matmul.JitNumpy object at 0x7ab706354350>
Result:
 [[0.76120055 0.71262336 0.867604   0.6126618 ]
 [0.7196081  0.6902071  0.65943897 0.4266515 ]
 [1.0789654  0.76678956 1.4661475  1.0794611 ]]
Expected:
 [[0.76120055 0.71262336 0.867604   0.6126618 ]
 [0.7196081  0.6902071  0.65943897 0.4266515 ]
 [1.0789654  0.76678956 1.4661475  1.0794611 ]]
Non-square Results:
 [['Numpy', [(3, 3, 4), (4, 4, 3), (4, 3, 4), (3, 4, 4)], [True, True, True, True], [5.7220458984375e-06, 1.0013580322265625e-05, 3.337860107421875e-06, 2.1457672119140625e-06]], ['JitNumpy', [(3, 3, 4), (4, 4, 3), (4, 3, 4), (3, 4, 4)], [True, True, True, True], [2.1457672119140625e-06, 1.430511474609375e-06, 1.430511474609375e-06, 1.6689300537109375e-06]]]

=========================================

