Methods:  [<class 'matmul.Numpy'>, <class 'matmul.JitNumpy'>]
Dims:  [(1, 1, 1), (3, 3, 3), (4, 4, 4), (5, 5, 5)]
Instance:  <matmul.Numpy object at 0x770296be7140>
Result:
 [[0.7449592]]
Expected:
 [[0.7449592]]
Instance:  <matmul.Numpy object at 0x77029098d760>
Result:
 [[0.3184352  0.3525729  0.96466684]
 [0.45577282 0.77133614 0.9537778 ]
 [0.48900828 0.97747254 1.3978851 ]]
Expected:
 [[0.3184352  0.3525729  0.96466684]
 [0.45577282 0.77133614 0.9537778 ]
 [0.48900828 0.97747254 1.3978851 ]]
Instance:  <matmul.Numpy object at 0x77029627d580>
Result:
 [[1.648438   1.5807078  1.4658685  1.9124922 ]
 [1.8025079  1.5962068  1.4446832  2.184252  ]
 [1.2377965  0.63949716 1.0532866  1.1364393 ]
 [1.149874   1.097629   0.63436335 1.6186383 ]]
Expected:
 [[1.648438   1.5807078  1.4658685  1.9124922 ]
 [1.8025079  1.5962068  1.4446832  2.184252  ]
 [1.2377965  0.63949716 1.0532866  1.1364393 ]
 [1.149874   1.097629   0.63436335 1.6186383 ]]
Instance:  <matmul.Numpy object at 0x77029098d760>
Result:
 [[2.1751752 1.9244165 1.2475194 1.8053902 1.8010337]
 [1.7134141 2.0217316 1.4039862 1.7000086 1.9567238]
 [2.1412578 2.4742332 1.8470064 1.6639904 2.2008371]
 [1.9828907 1.6673213 1.1622994 1.7410767 1.4802265]
 [2.0260255 1.9711392 1.5674679 1.5891345 1.6683282]]
Expected:
 [[2.1751752 1.9244165 1.2475194 1.8053902 1.8010337]
 [1.7134141 2.0217316 1.4039862 1.7000086 1.9567238]
 [2.1412578 2.4742332 1.8470064 1.6639904 2.2008371]
 [1.9828907 1.6673213 1.1622994 1.7410767 1.4802265]
 [2.0260255 1.9711392 1.5674679 1.5891345 1.6683282]]
Instance:  <matmul.JitNumpy object at 0x77029627d580>
