Methods:  [<class 'matmul.Numpy'>, <class 'matmul.JitNumpy'>]
Dims:  [(1, 1, 1), (3, 3, 3), (4, 4, 4), (5, 5, 5)]
Instance:  <matmul.Numpy object at 0x78e83ef9b2f0>
Result:
 [[0.29352078]]
Expected:
 [[0.29352078]]
Instance:  <matmul.Numpy object at 0x78e83efc06b0>
Result:
 [[0.21816838 0.19354884 0.40793705]
 [0.8802107  0.53540784 1.6324558 ]
 [0.7330079  0.4493941  1.2421161 ]]
Expected:
 [[0.21816838 0.19354884 0.40793705]
 [0.8802107  0.53540784 1.6324558 ]
 [0.7330079  0.4493941  1.2421161 ]]
Instance:  <matmul.Numpy object at 0x78e83eed2300>
Result:
 [[0.9318246  0.41656762 1.2283957  0.4237376 ]
 [0.9420765  0.35494238 1.3363165  0.41723648]
 [1.4508764  0.7229436  1.3087106  0.38728386]
 [1.4675853  0.85133004 1.0614111  0.32487953]]
Expected:
 [[0.9318246  0.41656762 1.2283957  0.4237376 ]
 [0.9420765  0.35494238 1.3363165  0.41723648]
 [1.4508764  0.7229436  1.3087106  0.38728386]
 [1.4675853  0.85133004 1.0614111  0.32487953]]
Instance:  <matmul.Numpy object at 0x78e83f0d3500>
Result:
 [[2.0221274  2.2446868  0.85528666 0.8177597  1.0130023 ]
 [1.4535922  1.7003095  0.6637809  0.5384116  0.6772504 ]
 [1.7721437  2.0780683  0.83066857 0.65990347 0.9264058 ]
 [1.9192919  2.3411734  1.0462029  0.5778324  0.94638026]
 [1.2258626  1.2972572  0.47217163 0.47173494 0.56161517]]
Expected:
 [[2.0221274  2.2446868  0.85528666 0.8177597  1.0130023 ]
 [1.4535922  1.7003095  0.6637809  0.5384116  0.6772504 ]
 [1.7721437  2.0780683  0.83066857 0.65990347 0.9264058 ]
 [1.9192919  2.3411734  1.0462029  0.5778324  0.94638026]
 [1.2258626  1.2972572  0.47217163 0.47173494 0.56161517]]
Instance:  <matmul.JitNumpy object at 0x78e83eed2300>
