Methods:  [<class 'matmul.Numpy'>, <class 'matmul.JitNumpy'>]
Dims:  [(1, 1, 1), (3, 3, 3), (4, 4, 4), (5, 5, 5)]
Instance:  <matmul.Numpy object at 0x7912960870e0>
Result:
 [[0.09237427]]
Expected:
 [[0.09237427]]
Instance:  <matmul.Numpy object at 0x7912906b8110>
Result:
 [[0.64956564 0.8600706  0.42911172]
 [0.3361025  0.7515243  0.7588868 ]
 [1.2669562  1.6336902  1.4409816 ]]
Expected:
 [[0.64956564 0.8600706  0.42911172]
 [0.3361025  0.7515243  0.7588868 ]
 [1.2669562  1.6336902  1.4409816 ]]
Instance:  <matmul.Numpy object at 0x79129628c2c0>
Result:
 [[1.0887117  0.76669234 0.6779997  1.09927   ]
 [0.781806   0.6019676  0.2920214  0.67932284]
 [1.6283076  1.2415631  1.2001762  1.3969601 ]
 [1.2459532  0.8478641  0.95422065 0.9115235 ]]
Expected:
 [[1.0887117  0.76669234 0.6779997  1.09927   ]
 [0.781806   0.6019676  0.2920214  0.67932284]
 [1.6283076  1.2415631  1.2001762  1.3969601 ]
 [1.2459532  0.8478641  0.95422065 0.9115235 ]]
Instance:  <matmul.Numpy object at 0x7912903d9a90>
Result:
 [[0.74650496 0.96053463 0.96581376 0.8862251  1.2669929 ]
 [0.9788448  1.4012319  1.3324451  1.0950682  1.6965901 ]
 [0.5504683  0.93769103 1.1521349  1.1362891  1.0397329 ]
 [0.76510453 0.9658157  0.9370255  0.9445392  1.4141309 ]
 [1.0439218  1.2759395  1.2239591  1.0463964  1.6965692 ]]
Expected:
 [[0.74650496 0.96053463 0.96581376 0.8862251  1.2669929 ]
 [0.9788448  1.4012319  1.3324451  1.0950682  1.6965901 ]
 [0.5504683  0.93769103 1.1521349  1.1362891  1.0397329 ]
 [0.76510453 0.9658157  0.9370255  0.9445392  1.4141309 ]
 [1.0439218  1.2759395  1.2239591  1.0463964  1.6965692 ]]
Instance:  <matmul.JitNumpy object at 0x7912903337d0>
