Methods:  [<class 'matmul.Numpy'>, <class 'matmul.JitNumpy'>]
Dims:  [(1, 1, 1), (3, 3, 3), (4, 4, 4)]
Instance:  <matmul.Numpy object at 0x7869dbfefad0>
Result:
 [[0.2497187]]
Expected:
 [[0.2497187]]
Instance:  <matmul.Numpy object at 0x7869d64f8da0>
Result:
 [[0.42410448 0.23024514 0.61812705]
 [0.5415639  0.24547897 0.42543834]
 [0.9994226  0.6238201  1.0223608 ]]
Expected:
 [[0.42410448 0.23024514 0.61812705]
 [0.5415639  0.24547897 0.42543834]
 [0.9994226  0.6238201  1.0223608 ]]
Instance:  <matmul.Numpy object at 0x7869d638fa10>
Result:
 [[0.7135261  1.3283492  0.5424725  0.6829923 ]
 [0.540939   0.97656894 0.620235   0.82510895]
 [0.09035569 0.2802755  0.08134171 0.09611453]
 [0.30033538 0.674074   0.33380306 0.32863736]]
Expected:
 [[0.7135261  1.3283492  0.5424725  0.6829923 ]
 [0.540939   0.97656894 0.620235   0.82510895]
 [0.09035569 0.2802755  0.08134171 0.09611453]
 [0.30033538 0.674074   0.33380306 0.32863736]]
Instance:  <matmul.JitNumpy object at 0x7869d64f8da0>
Result:
 [[0.2497187]]
Expected:
 [[0.2497187]]
Instance:  <matmul.JitNumpy object at 0x7869d638fa10>
Result:
 [[0.42410448 0.23024514 0.61812705]
 [0.5415639  0.24547897 0.42543834]
 [0.9994226  0.6238201  1.0223608 ]]
Expected:
 [[0.42410448 0.23024514 0.61812705]
 [0.5415639  0.24547897 0.42543834]
 [0.9994226  0.6238201  1.0223608 ]]
Instance:  <matmul.JitNumpy object at 0x7869d64f8da0>
Result:
 [[0.7135261  1.3283492  0.5424725  0.6829923 ]
 [0.540939   0.97656894 0.620235   0.82510895]
 [0.09035569 0.2802755  0.08134171 0.09611453]
 [0.30033538 0.674074   0.33380306 0.32863736]]
Expected:
 [[0.7135261  1.3283492  0.5424725  0.6829923 ]
 [0.540939   0.97656894 0.620235   0.82510895]
 [0.09035569 0.2802755  0.08134171 0.09611453]
 [0.30033538 0.674074   0.33380306 0.32863736]]
Square Results:
 [['Numpy', [(3, 3, 3), (4, 4, 4)], [True, True], [8.58306884765625e-06, 6.9141387939453125e-06]], ['JitNumpy', [(3, 3, 3), (4, 4, 4)], [True, True], [8.821487426757812e-06, 6.67572021484375e-06]]]
=========================================
