Methods:  [<class 'matmul.Numpy'>, <class 'matmul.JitNumpy'>]
Dims:  [(1, 1, 1), (3, 3, 3), (4, 4, 4), (5, 5, 5)]
Instance:  <matmul.Numpy object at 0x7f3ab1869760>
Result:
 [[0.3825653]]
Expected:
 [[0.3825653]]
Instance:  <matmul.Numpy object at 0x7f3ab0fdd310>
Result:
 [[0.3465787  0.65658915 0.6566423 ]
 [0.6480461  0.53561074 0.9000235 ]
 [0.29274553 0.41541466 0.48024645]]
Expected:
 [[0.3465787  0.65658915 0.6566423 ]
 [0.6480461  0.53561074 0.9000235 ]
 [0.29274553 0.41541466 0.48024645]]
Instance:  <matmul.Numpy object at 0x7f3ab1869760>
Result:
 [[1.1814206  0.48262864 0.7653792  0.43739122]
 [1.4393915  0.5468086  0.979308   0.32252172]
 [1.6479521  0.69926775 1.179265   1.1753955 ]
 [2.030557   1.4514179  2.4070933  1.2655118 ]]
Expected:
 [[1.1814206  0.48262864 0.7653792  0.43739122]
 [1.4393915  0.5468086  0.979308   0.32252172]
 [1.6479521  0.69926775 1.179265   1.1753955 ]
 [2.030557   1.4514179  2.4070933  1.2655118 ]]
Instance:  <matmul.Numpy object at 0x7f3ab0fdd310>
Result:
 [[2.297166   0.53182477 1.2642109  3.0874124  2.4816396 ]
 [1.5818512  0.4662965  0.668883   2.0418494  2.293544  ]
 [2.0349154  0.57041    1.2465713  2.8194141  2.6287305 ]
 [1.6384953  0.41678277 0.8138901  2.1448     1.8125199 ]
 [0.93622637 0.30258992 0.66616106 1.3402278  1.3354106 ]]
Expected:
 [[2.297166   0.53182477 1.2642109  3.0874124  2.4816396 ]
 [1.5818512  0.4662965  0.668883   2.0418494  2.293544  ]
 [2.0349154  0.57041    1.2465713  2.8194141  2.6287305 ]
 [1.6384953  0.41678277 0.8138901  2.1448     1.8125199 ]
 [0.93622637 0.30258992 0.66616106 1.3402278  1.3354106 ]]
Instance:  <matmul.JitNumpy object at 0x7f3ab1869760>
