Methods:  [<class 'matmul.Numpy'>, <class 'matmul.JitNumpy'>]
Dims:  [(1, 1, 1), (3, 3, 3), (4, 4, 4)]
Instance:  <matmul.Numpy object at 0x70fbcbd64ec0>
Result:
 [[0.35413975]]
Expected:
 [[0.35413975]]
Instance:  <matmul.Numpy object at 0x70fbd09f97c0>
Result:
 [[0.15669112 0.18222117 0.17491636]
 [0.69167536 0.81453663 0.58822376]
 [1.4446617  0.9048177  1.1521081 ]]
Expected:
 [[0.15669112 0.18222117 0.17491636]
 [0.69167536 0.81453663 0.58822376]
 [1.4446617  0.9048177  1.1521081 ]]
Instance:  <matmul.Numpy object at 0x70fbcbda1af0>
Result:
 [[0.72319835 0.89183515 0.9958206  1.634535  ]
 [1.3080407  1.4576904  0.61526424 1.9277773 ]
 [0.9651987  0.90513575 0.35465112 1.1455822 ]
 [1.413202   1.4120271  1.1712742  2.253422  ]]
Expected:
 [[0.72319835 0.89183515 0.9958206  1.634535  ]
 [1.3080407  1.4576904  0.61526424 1.9277773 ]
 [0.9651987  0.90513575 0.35465112 1.1455822 ]
 [1.413202   1.4120271  1.1712742  2.253422  ]]
Instance:  <matmul.JitNumpy object at 0x70fbcb97c530>
Result:
 [[0.35413975]]
Expected:
 [[0.35413975]]
Instance:  <matmul.JitNumpy object at 0x70fbd11f2690>
Result:
 [[0.15669112 0.18222117 0.17491636]
 [0.69167536 0.81453663 0.58822376]
 [1.4446617  0.9048177  1.1521081 ]]
Expected:
 [[0.15669112 0.18222117 0.17491636]
 [0.69167536 0.81453663 0.58822376]
 [1.4446617  0.9048177  1.1521081 ]]
Instance:  <matmul.JitNumpy object at 0x70fbcbe1ca70>
Result:
 [[0.72319835 0.89183515 0.9958206  1.634535  ]
 [1.3080407  1.4576904  0.61526424 1.9277773 ]
 [0.9651987  0.90513575 0.35465112 1.1455822 ]
 [1.413202   1.4120271  1.1712742  2.253422  ]]
Expected:
 [[0.72319835 0.89183515 0.9958206  1.634535  ]
 [1.3080407  1.4576904  0.61526424 1.9277773 ]
 [0.9651987  0.90513575 0.35465112 1.1455822 ]
 [1.413202   1.4120271  1.1712742  2.253422  ]]
Square Results:
 [['Numpy', [(3, 3, 3), (4, 4, 4)], [True, True], [8.821487426757812e-06, 2.86102294921875e-06]], ['JitNumpy', [(3, 3, 3), (4, 4, 4)], [True, True], [2.1457672119140625e-06, 1.9073486328125e-06]]]
=========================================
Methods:  [<class 'matmul.Numpy'>, <class 'matmul.JitNumpy'>]
Dims:  [(1, 1, 1), (2, 1, 1), (4, 3, 3)]
Instance:  <matmul.Numpy object at 0x70fbcbd64ec0>
Result:
 [[0.01838393]]
Expected:
 [[0.01838393]]
Instance:  <matmul.Numpy object at 0x70fbcb97c530>
Result:
 [[0.11136188]
 [0.03807376]]
Expected:
 [[0.11136188]
 [0.03807376]]
Instance:  <matmul.Numpy object at 0x70fbd0bb3380>
Result:
 [[0.56853914 0.7250317  0.57178104]
 [0.84994584 1.0038185  0.6587628 ]
 [0.9836984  1.1818086  0.95003426]
 [1.1987493  1.48306    1.05762   ]]
Expected:
 [[0.56853914 0.7250317  0.57178104]
 [0.84994584 1.0038185  0.6587628 ]
 [0.9836984  1.1818086  0.95003426]
 [1.1987493  1.48306    1.05762   ]]
Instance:  <matmul.JitNumpy object at 0x70fbcbda1af0>
Result:
 [[0.01838393]]
Expected:
 [[0.01838393]]
Instance:  <matmul.JitNumpy object at 0x70fbd09f97c0>
Result:
 [[0.11136188]
 [0.03807376]]
Expected:
 [[0.11136188]
 [0.03807376]]
Instance:  <matmul.JitNumpy object at 0x70fbd11f2690>
Result:
 [[0.56853914 0.7250317  0.57178104]
 [0.84994584 1.0038185  0.6587628 ]
 [0.9836984  1.1818086  0.95003426]
 [1.1987493  1.48306    1.05762   ]]
Expected:
 [[0.56853914 0.7250317  0.57178104]
 [0.84994584 1.0038185  0.6587628 ]
 [0.9836984  1.1818086  0.95003426]
 [1.1987493  1.48306    1.05762   ]]
TallA Results:
 [['Numpy', [(2, 1, 1), (4, 3, 3)], [True, True], [2.384185791015625e-06, 2.384185791015625e-06]], ['JitNumpy', [(2, 1, 1), (4, 3, 3)], [True, True], [1.430511474609375e-06, 1.6689300537109375e-06]]]
=========================================
