Methods:  [<class 'matmul.Numpy'>, <class 'matmul.JitNumpy'>]
Dims:  [(1, 1, 1), (3, 3, 3), (4, 4, 4), (5, 5, 5)]
Instance:  <matmul.Numpy object at 0x7bc8495f9f10>
Result:
 [[0.35847625]]
Expected:
 [[0.35847625]]
Instance:  <matmul.Numpy object at 0x7bc8496aede0>
Result:
 [[0.7695522  0.7640488  0.15680858]
 [0.96915877 1.0165596  0.17480202]
 [0.6819988  0.3356315  0.1961227 ]]
Expected:
 [[0.7695522  0.7640488  0.15680858]
 [0.96915877 1.0165596  0.17480202]
 [0.6819988  0.3356315  0.1961227 ]]
Instance:  <matmul.Numpy object at 0x7bc8496aecc0>
Result:
 [[1.1494137  0.8509073  1.5708839  1.762044  ]
 [1.228037   0.7722858  1.852602   1.9479122 ]
 [1.1626921  0.5591133  1.5795803  1.5482664 ]
 [0.60454655 0.8525219  0.7910982  1.2794154 ]]
Expected:
 [[1.1494137  0.8509073  1.5708839  1.762044  ]
 [1.228037   0.7722858  1.852602   1.9479122 ]
 [1.1626921  0.5591133  1.5795803  1.5482664 ]
 [0.60454655 0.8525219  0.7910982  1.2794154 ]]
Instance:  <matmul.Numpy object at 0x7bc8496aede0>
Result:
 [[1.4461219  1.4560286  0.9198769  1.0864258  1.1311944 ]
 [1.8684468  2.0444956  1.1458964  0.9234257  1.4148102 ]
 [1.3911616  1.653299   0.9321561  0.72329795 1.1997677 ]
 [1.3693691  1.3172288  1.0934746  0.81530803 1.4130654 ]
 [0.9638853  0.83178663 0.6853187  0.48886305 0.9850138 ]]
Expected:
 [[1.4461219  1.4560286  0.9198769  1.0864258  1.1311944 ]
 [1.8684468  2.0444956  1.1458964  0.9234257  1.4148102 ]
 [1.3911616  1.653299   0.9321561  0.72329795 1.1997677 ]
 [1.3693691  1.3172288  1.0934746  0.81530803 1.4130654 ]
 [0.9638853  0.83178663 0.6853187  0.48886305 0.9850138 ]]
Instance:  <matmul.JitNumpy object at 0x7bc8496aecc0>
