Methods:  [<class 'matmul.Numpy'>, <class 'matmul.JitNumpy'>]
Dims:  [(1, 1, 1), (3, 3, 3), (4, 4, 4), (5, 5, 5)]
Instance:  <matmul.Numpy object at 0x7fed1a7c0080>
Result:
 [[ 0.31346717]]
Expected:
 [[ 0.31346717]]
Instance:  <matmul.Numpy object at 0x7fed1a7c0048>
Result:
 [[ 0.56657171  0.57193136  0.25477299]
 [ 0.80749446  0.68463814  0.35656154]
 [ 0.64312166  0.50034606  0.28669813]]
Expected:
 [[ 0.56657171  0.57193136  0.25477299]
 [ 0.80749446  0.68463814  0.35656154]
 [ 0.64312166  0.50034606  0.28669813]]
Instance:  <matmul.Numpy object at 0x7fed1a7c0080>
Result:
 [[ 1.620772    1.32285392  0.95219648  0.75411123]
 [ 0.84309351  0.87432444  0.80144322  0.63344258]
 [ 2.10566807  1.87463629  1.62489271  1.02433109]
 [ 1.76036024  1.50174832  1.82214546  1.09582055]]
Expected:
 [[ 1.620772    1.32285392  0.95219648  0.75411123]
 [ 0.84309351  0.87432444  0.80144322  0.63344258]
 [ 2.10566807  1.87463629  1.62489271  1.02433109]
 [ 1.76036024  1.50174832  1.82214546  1.09582055]]
Instance:  <matmul.Numpy object at 0x7fed1a7c0048>
Result:
 [[ 1.25144684  1.31453907  1.48383546  1.14999878  0.82987845]
 [ 1.21807015  1.20022857  1.29713607  1.14727104  0.84069103]
 [ 0.74683177  0.48459113  1.03290308  0.64313668  0.5490492 ]
 [ 0.64634222  0.9345566   1.38430488  0.80631226  0.61885351]
 [ 1.72137225  1.37871706  1.47165906  1.14477241  1.01585937]]
Expected:
 [[ 1.25144684  1.31453907  1.48383546  1.14999878  0.82987845]
 [ 1.21807015  1.20022857  1.29713607  1.14727104  0.84069103]
 [ 0.74683177  0.48459113  1.03290308  0.64313668  0.5490492 ]
 [ 0.64634222  0.9345566   1.38430488  0.80631226  0.61885351]
 [ 1.72137225  1.37871706  1.47165906  1.14477241  1.01585937]]
Instance:  <matmul.JitNumpy object at 0x7fed1a7c0080>
Result:
 [[ 0.31346717]]
Expected:
 [[ 0.31346717]]
Instance:  <matmul.JitNumpy object at 0x7fed220582b0>
Result:
 [[ 0.56657171  0.57193136  0.25477299]
 [ 0.80749446  0.68463814  0.35656154]
 [ 0.64312166  0.50034606  0.28669813]]
Expected:
 [[ 0.56657171  0.57193136  0.25477299]
 [ 0.80749446  0.68463814  0.35656154]
 [ 0.64312166  0.50034606  0.28669813]]
Instance:  <matmul.JitNumpy object at 0x7fed1a7c0080>
Result:
 [[ 1.620772    1.32285392  0.95219648  0.75411123]
 [ 0.84309351  0.87432444  0.80144322  0.63344258]
 [ 2.10566807  1.87463629  1.62489271  1.02433109]
 [ 1.76036024  1.50174832  1.82214546  1.09582055]]
Expected:
 [[ 1.620772    1.32285392  0.95219648  0.75411123]
 [ 0.84309351  0.87432444  0.80144322  0.63344258]
 [ 2.10566807  1.87463629  1.62489271  1.02433109]
 [ 1.76036024  1.50174832  1.82214546  1.09582055]]
Instance:  <matmul.JitNumpy object at 0x7fed220582b0>
Result:
 [[ 1.25144684  1.31453907  1.48383546  1.14999878  0.82987845]
 [ 1.21807015  1.20022857  1.29713607  1.14727104  0.84069103]
 [ 0.74683177  0.48459113  1.03290308  0.64313668  0.5490492 ]
 [ 0.64634222  0.9345566   1.38430488  0.80631226  0.61885351]
 [ 1.72137225  1.37871706  1.47165906  1.14477241  1.01585937]]
Expected:
 [[ 1.25144684  1.31453907  1.48383546  1.14999878  0.82987845]
 [ 1.21807015  1.20022857  1.29713607  1.14727104  0.84069103]
 [ 0.74683177  0.48459113  1.03290308  0.64313668  0.5490492 ]
 [ 0.64634222  0.9345566   1.38430488  0.80631226  0.61885351]
 [ 1.72137225  1.37871706  1.47165906  1.14477241  1.01585937]]
Results:
 [['Numpy', [(3, 3, 3), (4, 4, 4), (5, 5, 5)], [True, True, True], [1.6450881958007812e-05, 1.430511474609375e-05, 1.4543533325195312e-05]], ['JitNumpy', [(3, 3, 3), (4, 4, 4), (5, 5, 5)], [True, True, True], [2.8371810913085938e-05, 1.0013580322265625e-05, 9.5367431640625e-06]]]
