Methods:  [<class 'matmul.Numpy'>, <class 'matmul.JitNumpy'>, <class 'matmul.CudaGlobalMemory'>, <class 'matmul.CudaSharedMemory'>]
Dims:  [(1, 1, 1), (512, 512, 512)]
Result:
 [[ 0.19991608]]
Expected:
 [[ 0.19991608]]
Result:
 [[ 137.57221985  130.51182556  136.61755371 ...,  136.33877563
   129.61880493  127.45204926]
 [ 129.19763184  121.07855988  124.77432251 ...,  129.50946045
   125.06907654  120.74432373]
 [ 136.32374573  131.84065247  134.50363159 ...,  134.25434875  128.3956604
   128.44949341]
 ..., 
 [ 133.29206848  126.14595795  131.9848175  ...,  133.26577759  124.1566391
   123.37771606]
 [ 132.66647339  129.36123657  131.41030884 ...,  135.74066162
   129.32629395  128.09120178]
 [ 126.59977722  125.78903961  128.50579834 ...,  123.39495087  121.7780304
   123.48266602]]
Expected:
 [[ 137.57221985  130.51182556  136.61755371 ...,  136.33877563
   129.61880493  127.45204926]
 [ 129.19763184  121.07855988  124.77432251 ...,  129.50946045
   125.06907654  120.74432373]
 [ 136.32374573  131.84065247  134.50363159 ...,  134.25434875  128.3956604
   128.44949341]
 ..., 
 [ 133.29206848  126.14595795  131.9848175  ...,  133.26577759  124.1566391
   123.37771606]
 [ 132.66647339  129.36123657  131.41030884 ...,  135.74066162
   129.32629395  128.09120178]
 [ 126.59977722  125.78903961  128.50579834 ...,  123.39495087  121.7780304
   123.48266602]]
Result:
 [[ 0.19991608]]
Expected:
 [[ 0.19991608]]
Result:
 [[ 137.57221985  130.51182556  136.61755371 ...,  136.33877563
   129.61880493  127.45204926]
 [ 129.19763184  121.07855988  124.77432251 ...,  129.50946045
   125.06907654  120.74432373]
 [ 136.32374573  131.84065247  134.50363159 ...,  134.25434875  128.3956604
   128.44949341]
 ..., 
 [ 133.29206848  126.14595795  131.9848175  ...,  133.26577759  124.1566391
   123.37771606]
 [ 132.66647339  129.36123657  131.41030884 ...,  135.74066162
   129.32629395  128.09120178]
 [ 126.59977722  125.78903961  128.50579834 ...,  123.39495087  121.7780304
   123.48266602]]
Expected:
 [[ 137.57221985  130.51182556  136.61755371 ...,  136.33877563
   129.61880493  127.45204926]
 [ 129.19763184  121.07855988  124.77432251 ...,  129.50946045
   125.06907654  120.74432373]
 [ 136.32374573  131.84065247  134.50363159 ...,  134.25434875  128.3956604
   128.44949341]
 ..., 
 [ 133.29206848  126.14595795  131.9848175  ...,  133.26577759  124.1566391
   123.37771606]
 [ 132.66647339  129.36123657  131.41030884 ...,  135.74066162
   129.32629395  128.09120178]
 [ 126.59977722  125.78903961  128.50579834 ...,  123.39495087  121.7780304
   123.48266602]]
