Methods:  [<class 'matmul.Numpy'>, <class 'matmul.JitNumpy'>, <class 'matmul.CudaGlobalMemory'>, <class 'matmul.CudaSharedMemory'>]
Dims:  [(1, 1, 1), (64, 64, 64), (128, 128, 128), (192, 192, 192), (256, 256, 256), (320, 320, 320), (384, 384, 384), (448, 448, 448), (512, 512, 512), (576, 576, 576), (640, 640, 640), (704, 704, 704), (768, 768, 768), (832, 832, 832), (896, 896, 896), (960, 960, 960), (1024, 1024, 1024), (1088, 1088, 1088), (1152, 1152, 1152), (1216, 1216, 1216), (1280, 1280, 1280), (1344, 1344, 1344), (1408, 1408, 1408), (1472, 1472, 1472), (1536, 1536, 1536), (1600, 1600, 1600), (1664, 1664, 1664), (1728, 1728, 1728), (1792, 1792, 1792), (1856, 1856, 1856), (1920, 1920, 1920), (1984, 1984, 1984), (2048, 2048, 2048), (2112, 2112, 2112), (2176, 2176, 2176), (2240, 2240, 2240), (2304, 2304, 2304), (2368, 2368, 2368), (2432, 2432, 2432), (2496, 2496, 2496), (2560, 2560, 2560), (2624, 2624, 2624), (2688, 2688, 2688), (2752, 2752, 2752), (2816, 2816, 2816), (2880, 2880, 2880), (2944, 2944, 2944), (3008, 3008, 3008), (3072, 3072, 3072), (3136, 3136, 3136), (3200, 3200, 3200), (3264, 3264, 3264), (3328, 3328, 3328), (3392, 3392, 3392), (3456, 3456, 3456), (3520, 3520, 3520), (3584, 3584, 3584), (3648, 3648, 3648), (3712, 3712, 3712), (3776, 3776, 3776), (3840, 3840, 3840), (3904, 3904, 3904), (3968, 3968, 3968), (4032, 4032, 4032), (4096, 4096, 4096)]
Method: Numpy               , dims: (64, 64, 64)        , pass(1)/fail(0): 1,	 time: 2.7894973754882812e-05
Method: JitNumpy            , dims: (64, 64, 64)        , pass(1)/fail(0): 1,	 time: 3.5762786865234375e-05
Method: CudaGlobalMemory    , dims: (64, 64, 64)        , pass(1)/fail(0): 1,	 time: 0.003342151641845703
Method: CudaSharedMemory    , dims: (64, 64, 64)        , pass(1)/fail(0): 1,	 time: 0.00379180908203125
Method: Numpy               , dims: (128, 128, 128)     , pass(1)/fail(0): 1,	 time: 6.628036499023438e-05
Method: JitNumpy            , dims: (128, 128, 128)     , pass(1)/fail(0): 1,	 time: 4.38690185546875e-05
Method: CudaGlobalMemory    , dims: (128, 128, 128)     , pass(1)/fail(0): 1,	 time: 0.002488374710083008
Method: CudaSharedMemory    , dims: (128, 128, 128)     , pass(1)/fail(0): 1,	 time: 0.0013043880462646484
Method: Numpy               , dims: (192, 192, 192)     , pass(1)/fail(0): 1,	 time: 0.00018095970153808594
Method: JitNumpy            , dims: (192, 192, 192)     , pass(1)/fail(0): 1,	 time: 0.00016045570373535156
Method: CudaGlobalMemory    , dims: (192, 192, 192)     , pass(1)/fail(0): 1,	 time: 0.0014083385467529297
Method: CudaSharedMemory    , dims: (192, 192, 192)     , pass(1)/fail(0): 1,	 time: 0.0034914016723632812
Method: Numpy               , dims: (256, 256, 256)     , pass(1)/fail(0): 1,	 time: 0.00038743019104003906
Method: JitNumpy            , dims: (256, 256, 256)     , pass(1)/fail(0): 1,	 time: 0.0003032684326171875
Method: CudaGlobalMemory    , dims: (256, 256, 256)     , pass(1)/fail(0): 1,	 time: 0.0015101432800292969
Method: CudaSharedMemory    , dims: (256, 256, 256)     , pass(1)/fail(0): 1,	 time: 0.0031049251556396484
Method: Numpy               , dims: (320, 320, 320)     , pass(1)/fail(0): 1,	 time: 0.0007109642028808594
Method: JitNumpy            , dims: (320, 320, 320)     , pass(1)/fail(0): 1,	 time: 0.0005519390106201172
Method: CudaGlobalMemory    , dims: (320, 320, 320)     , pass(1)/fail(0): 1,	 time: 0.002035379409790039
Method: CudaSharedMemory    , dims: (320, 320, 320)     , pass(1)/fail(0): 1,	 time: 0.0013813972473144531
Method: Numpy               , dims: (384, 384, 384)     , pass(1)/fail(0): 1,	 time: 0.0016498565673828125
Method: JitNumpy            , dims: (384, 384, 384)     , pass(1)/fail(0): 1,	 time: 0.0009033679962158203
Method: CudaGlobalMemory    , dims: (384, 384, 384)     , pass(1)/fail(0): 1,	 time: 0.002516508102416992
Method: CudaSharedMemory    , dims: (384, 384, 384)     , pass(1)/fail(0): 1,	 time: 0.0016927719116210938
Method: Numpy               , dims: (448, 448, 448)     , pass(1)/fail(0): 1,	 time: 0.0024406909942626953
Method: JitNumpy            , dims: (448, 448, 448)     , pass(1)/fail(0): 1,	 time: 0.0012943744659423828
Method: CudaGlobalMemory    , dims: (448, 448, 448)     , pass(1)/fail(0): 1,	 time: 0.0031719207763671875
Method: CudaSharedMemory    , dims: (448, 448, 448)     , pass(1)/fail(0): 1,	 time: 0.001901865005493164
Method: Numpy               , dims: (512, 512, 512)     , pass(1)/fail(0): 1,	 time: 0.002615690231323242
Method: JitNumpy            , dims: (512, 512, 512)     , pass(1)/fail(0): 1,	 time: 0.0019805431365966797
Method: CudaGlobalMemory    , dims: (512, 512, 512)     , pass(1)/fail(0): 1,	 time: 0.003414154052734375
Method: CudaSharedMemory    , dims: (512, 512, 512)     , pass(1)/fail(0): 1,	 time: 0.002358675003051758
Method: Numpy               , dims: (576, 576, 576)     , pass(1)/fail(0): 1,	 time: 0.003427743911743164
Method: JitNumpy            , dims: (576, 576, 576)     , pass(1)/fail(0): 1,	 time: 0.0025522708892822266
Method: CudaGlobalMemory    , dims: (576, 576, 576)     , pass(1)/fail(0): 1,	 time: 0.004146099090576172
Method: CudaSharedMemory    , dims: (576, 576, 576)     , pass(1)/fail(0): 1,	 time: 0.0025811195373535156
Method: Numpy               , dims: (640, 640, 640)     , pass(1)/fail(0): 1,	 time: 0.00395512580871582
Method: JitNumpy            , dims: (640, 640, 640)     , pass(1)/fail(0): 1,	 time: 0.0034482479095458984
Method: CudaGlobalMemory    , dims: (640, 640, 640)     , pass(1)/fail(0): 1,	 time: 0.005738258361816406
Method: CudaSharedMemory    , dims: (640, 640, 640)     , pass(1)/fail(0): 1,	 time: 0.0027527809143066406
Method: Numpy               , dims: (704, 704, 704)     , pass(1)/fail(0): 1,	 time: 0.00501704216003418
Method: JitNumpy            , dims: (704, 704, 704)     , pass(1)/fail(0): 1,	 time: 0.004469871520996094
Method: CudaGlobalMemory    , dims: (704, 704, 704)     , pass(1)/fail(0): 1,	 time: 0.005615234375
Method: CudaSharedMemory    , dims: (704, 704, 704)     , pass(1)/fail(0): 1,	 time: 0.0037643909454345703
Method: Numpy               , dims: (768, 768, 768)     , pass(1)/fail(0): 1,	 time: 0.006306648254394531
Method: JitNumpy            , dims: (768, 768, 768)     , pass(1)/fail(0): 1,	 time: 0.0054132938385009766
Method: CudaGlobalMemory    , dims: (768, 768, 768)     , pass(1)/fail(0): 1,	 time: 0.006668806076049805
Method: CudaSharedMemory    , dims: (768, 768, 768)     , pass(1)/fail(0): 1,	 time: 0.0035881996154785156
Method: Numpy               , dims: (832, 832, 832)     , pass(1)/fail(0): 1,	 time: 0.007639646530151367
Method: JitNumpy            , dims: (832, 832, 832)     , pass(1)/fail(0): 1,	 time: 0.007123470306396484
Method: CudaGlobalMemory    , dims: (832, 832, 832)     , pass(1)/fail(0): 1,	 time: 0.007299661636352539
Method: CudaSharedMemory    , dims: (832, 832, 832)     , pass(1)/fail(0): 1,	 time: 0.004090547561645508
Method: Numpy               , dims: (896, 896, 896)     , pass(1)/fail(0): 1,	 time: 0.008972644805908203
Method: JitNumpy            , dims: (896, 896, 896)     , pass(1)/fail(0): 1,	 time: 0.00868844985961914
Method: CudaGlobalMemory    , dims: (896, 896, 896)     , pass(1)/fail(0): 1,	 time: 0.009118318557739258
Method: CudaSharedMemory    , dims: (896, 896, 896)     , pass(1)/fail(0): 1,	 time: 0.004701375961303711
Method: Numpy               , dims: (960, 960, 960)     , pass(1)/fail(0): 1,	 time: 0.010873079299926758
Method: JitNumpy            , dims: (960, 960, 960)     , pass(1)/fail(0): 1,	 time: 0.010463714599609375
Method: CudaGlobalMemory    , dims: (960, 960, 960)     , pass(1)/fail(0): 1,	 time: 0.009782075881958008
Method: CudaSharedMemory    , dims: (960, 960, 960)     , pass(1)/fail(0): 1,	 time: 0.006114959716796875
Method: Numpy               , dims: (1024, 1024, 1024)  , pass(1)/fail(0): 1,	 time: 0.013181447982788086
Method: JitNumpy            , dims: (1024, 1024, 1024)  , pass(1)/fail(0): 1,	 time: 0.012696266174316406
Method: CudaGlobalMemory    , dims: (1024, 1024, 1024)  , pass(1)/fail(0): 1,	 time: 0.010761022567749023
Method: CudaSharedMemory    , dims: (1024, 1024, 1024)  , pass(1)/fail(0): 1,	 time: 0.006000995635986328
Method: Numpy               , dims: (1088, 1088, 1088)  , pass(1)/fail(0): 1,	 time: 0.015633583068847656
Method: JitNumpy            , dims: (1088, 1088, 1088)  , pass(1)/fail(0): 1,	 time: 0.014885902404785156
Method: CudaGlobalMemory    , dims: (1088, 1088, 1088)  , pass(1)/fail(0): 1,	 time: 0.01283407211303711
Method: CudaSharedMemory    , dims: (1088, 1088, 1088)  , pass(1)/fail(0): 1,	 time: 0.0069026947021484375
Method: Numpy               , dims: (1152, 1152, 1152)  , pass(1)/fail(0): 1,	 time: 0.01796555519104004
Method: JitNumpy            , dims: (1152, 1152, 1152)  , pass(1)/fail(0): 1,	 time: 0.017711162567138672
Method: CudaGlobalMemory    , dims: (1152, 1152, 1152)  , pass(1)/fail(0): 1,	 time: 0.015142440795898438
Method: CudaSharedMemory    , dims: (1152, 1152, 1152)  , pass(1)/fail(0): 1,	 time: 0.007972002029418945
Method: Numpy               , dims: (1216, 1216, 1216)  , pass(1)/fail(0): 1,	 time: 0.021632671356201172
Method: JitNumpy            , dims: (1216, 1216, 1216)  , pass(1)/fail(0): 1,	 time: 0.021361112594604492
Method: CudaGlobalMemory    , dims: (1216, 1216, 1216)  , pass(1)/fail(0): 1,	 time: 0.016963958740234375
Method: CudaSharedMemory    , dims: (1216, 1216, 1216)  , pass(1)/fail(0): 1,	 time: 0.00963449478149414
Method: Numpy               , dims: (1280, 1280, 1280)  , pass(1)/fail(0): 1,	 time: 0.02470088005065918
Method: JitNumpy            , dims: (1280, 1280, 1280)  , pass(1)/fail(0): 1,	 time: 0.024330615997314453
Method: CudaGlobalMemory    , dims: (1280, 1280, 1280)  , pass(1)/fail(0): 1,	 time: 0.018903493881225586
Method: CudaSharedMemory    , dims: (1280, 1280, 1280)  , pass(1)/fail(0): 1,	 time: 0.010010004043579102
Method: Numpy               , dims: (1344, 1344, 1344)  , pass(1)/fail(0): 1,	 time: 0.028600454330444336
Method: JitNumpy            , dims: (1344, 1344, 1344)  , pass(1)/fail(0): 1,	 time: 0.027828216552734375
Method: CudaGlobalMemory    , dims: (1344, 1344, 1344)  , pass(1)/fail(0): 1,	 time: 0.02228713035583496
Method: CudaSharedMemory    , dims: (1344, 1344, 1344)  , pass(1)/fail(0): 1,	 time: 0.011158466339111328
Method: Numpy               , dims: (1408, 1408, 1408)  , pass(1)/fail(0): 1,	 time: 0.03289031982421875
Method: JitNumpy            , dims: (1408, 1408, 1408)  , pass(1)/fail(0): 1,	 time: 0.031739234924316406
Method: CudaGlobalMemory    , dims: (1408, 1408, 1408)  , pass(1)/fail(0): 1,	 time: 0.02379751205444336
Method: CudaSharedMemory    , dims: (1408, 1408, 1408)  , pass(1)/fail(0): 1,	 time: 0.01315617561340332
Method: Numpy               , dims: (1472, 1472, 1472)  , pass(1)/fail(0): 1,	 time: 0.03745317459106445
Method: JitNumpy            , dims: (1472, 1472, 1472)  , pass(1)/fail(0): 1,	 time: 0.03620290756225586
Method: CudaGlobalMemory    , dims: (1472, 1472, 1472)  , pass(1)/fail(0): 1,	 time: 0.027095317840576172
Method: CudaSharedMemory    , dims: (1472, 1472, 1472)  , pass(1)/fail(0): 1,	 time: 0.013651371002197266
Method: Numpy               , dims: (1536, 1536, 1536)  , pass(1)/fail(0): 1,	 time: 0.04170393943786621
Method: JitNumpy            , dims: (1536, 1536, 1536)  , pass(1)/fail(0): 1,	 time: 0.04152727127075195
Method: CudaGlobalMemory    , dims: (1536, 1536, 1536)  , pass(1)/fail(0): 1,	 time: 0.02286076545715332
Method: CudaSharedMemory    , dims: (1536, 1536, 1536)  , pass(1)/fail(0): 1,	 time: 0.015096664428710938
Method: Numpy               , dims: (1600, 1600, 1600)  , pass(1)/fail(0): 1,	 time: 0.04837918281555176
Method: JitNumpy            , dims: (1600, 1600, 1600)  , pass(1)/fail(0): 1,	 time: 0.04797506332397461
Method: CudaGlobalMemory    , dims: (1600, 1600, 1600)  , pass(1)/fail(0): 1,	 time: 0.025678634643554688
Method: CudaSharedMemory    , dims: (1600, 1600, 1600)  , pass(1)/fail(0): 1,	 time: 0.01654219627380371
Method: Numpy               , dims: (1664, 1664, 1664)  , pass(1)/fail(0): 1,	 time: 0.05303239822387695
Method: JitNumpy            , dims: (1664, 1664, 1664)  , pass(1)/fail(0): 1,	 time: 0.05148124694824219
Method: CudaGlobalMemory    , dims: (1664, 1664, 1664)  , pass(1)/fail(0): 1,	 time: 0.02682971954345703
Method: CudaSharedMemory    , dims: (1664, 1664, 1664)  , pass(1)/fail(0): 1,	 time: 0.018906354904174805
Method: Numpy               , dims: (1728, 1728, 1728)  , pass(1)/fail(0): 1,	 time: 0.05941009521484375
Method: JitNumpy            , dims: (1728, 1728, 1728)  , pass(1)/fail(0): 1,	 time: 0.056279659271240234
Method: CudaGlobalMemory    , dims: (1728, 1728, 1728)  , pass(1)/fail(0): 1,	 time: 0.029928207397460938
Method: CudaSharedMemory    , dims: (1728, 1728, 1728)  , pass(1)/fail(0): 1,	 time: 0.019789934158325195
Method: Numpy               , dims: (1792, 1792, 1792)  , pass(1)/fail(0): 1,	 time: 0.06652665138244629
Method: JitNumpy            , dims: (1792, 1792, 1792)  , pass(1)/fail(0): 1,	 time: 0.06461286544799805
Method: CudaGlobalMemory    , dims: (1792, 1792, 1792)  , pass(1)/fail(0): 1,	 time: 0.03300762176513672
Method: CudaSharedMemory    , dims: (1792, 1792, 1792)  , pass(1)/fail(0): 1,	 time: 0.021860599517822266
Method: Numpy               , dims: (1856, 1856, 1856)  , pass(1)/fail(0): 1,	 time: 0.07297468185424805
Method: JitNumpy            , dims: (1856, 1856, 1856)  , pass(1)/fail(0): 1,	 time: 0.07233428955078125
Method: CudaGlobalMemory    , dims: (1856, 1856, 1856)  , pass(1)/fail(0): 1,	 time: 0.03255486488342285
Method: CudaSharedMemory    , dims: (1856, 1856, 1856)  , pass(1)/fail(0): 1,	 time: 0.02344512939453125
Method: Numpy               , dims: (1920, 1920, 1920)  , pass(1)/fail(0): 1,	 time: 0.08023667335510254
Method: JitNumpy            , dims: (1920, 1920, 1920)  , pass(1)/fail(0): 1,	 time: 0.07833743095397949
Method: CudaGlobalMemory    , dims: (1920, 1920, 1920)  , pass(1)/fail(0): 1,	 time: 0.034287452697753906
Method: CudaSharedMemory    , dims: (1920, 1920, 1920)  , pass(1)/fail(0): 1,	 time: 0.0263822078704834
Method: Numpy               , dims: (1984, 1984, 1984)  , pass(1)/fail(0): 1,	 time: 0.09240198135375977
Method: JitNumpy            , dims: (1984, 1984, 1984)  , pass(1)/fail(0): 1,	 time: 0.09015870094299316
Method: CudaGlobalMemory    , dims: (1984, 1984, 1984)  , pass(1)/fail(0): 1,	 time: 0.03698015213012695
Method: CudaSharedMemory    , dims: (1984, 1984, 1984)  , pass(1)/fail(0): 1,	 time: 0.028325319290161133
Method: Numpy               , dims: (2048, 2048, 2048)  , pass(1)/fail(0): 1,	 time: 0.09855866432189941
Method: JitNumpy            , dims: (2048, 2048, 2048)  , pass(1)/fail(0): 1,	 time: 0.0979166030883789
Method: CudaGlobalMemory    , dims: (2048, 2048, 2048)  , pass(1)/fail(0): 1,	 time: 0.04092764854431152
Method: CudaSharedMemory    , dims: (2048, 2048, 2048)  , pass(1)/fail(0): 1,	 time: 0.030603408813476562
Method: Numpy               , dims: (2112, 2112, 2112)  , pass(1)/fail(0): 1,	 time: 0.10862469673156738
Method: JitNumpy            , dims: (2112, 2112, 2112)  , pass(1)/fail(0): 1,	 time: 0.10725140571594238
Method: CudaGlobalMemory    , dims: (2112, 2112, 2112)  , pass(1)/fail(0): 1,	 time: 0.043119192123413086
Method: CudaSharedMemory    , dims: (2112, 2112, 2112)  , pass(1)/fail(0): 1,	 time: 0.033653974533081055
Method: Numpy               , dims: (2176, 2176, 2176)  , pass(1)/fail(0): 1,	 time: 0.1191561222076416
Method: JitNumpy            , dims: (2176, 2176, 2176)  , pass(1)/fail(0): 1,	 time: 0.1188054084777832
Method: CudaGlobalMemory    , dims: (2176, 2176, 2176)  , pass(1)/fail(0): 1,	 time: 0.04651188850402832
Method: CudaSharedMemory    , dims: (2176, 2176, 2176)  , pass(1)/fail(0): 1,	 time: 0.03551840782165527
Method: Numpy               , dims: (2240, 2240, 2240)  , pass(1)/fail(0): 1,	 time: 0.13012361526489258
Method: JitNumpy            , dims: (2240, 2240, 2240)  , pass(1)/fail(0): 1,	 time: 0.12860512733459473
Method: CudaGlobalMemory    , dims: (2240, 2240, 2240)  , pass(1)/fail(0): 1,	 time: 0.05093526840209961
Method: CudaSharedMemory    , dims: (2240, 2240, 2240)  , pass(1)/fail(0): 1,	 time: 0.0382235050201416
Method: Numpy               , dims: (2304, 2304, 2304)  , pass(1)/fail(0): 1,	 time: 0.1405019760131836
Method: JitNumpy            , dims: (2304, 2304, 2304)  , pass(1)/fail(0): 1,	 time: 0.13936305046081543
Method: CudaGlobalMemory    , dims: (2304, 2304, 2304)  , pass(1)/fail(0): 1,	 time: 0.05554795265197754
Method: CudaSharedMemory    , dims: (2304, 2304, 2304)  , pass(1)/fail(0): 1,	 time: 0.0409388542175293
Method: Numpy               , dims: (2368, 2368, 2368)  , pass(1)/fail(0): 1,	 time: 0.15535545349121094
Method: JitNumpy            , dims: (2368, 2368, 2368)  , pass(1)/fail(0): 1,	 time: 0.1549382209777832
Method: CudaGlobalMemory    , dims: (2368, 2368, 2368)  , pass(1)/fail(0): 1,	 time: 0.0584566593170166
Method: CudaSharedMemory    , dims: (2368, 2368, 2368)  , pass(1)/fail(0): 1,	 time: 0.04523110389709473
Method: Numpy               , dims: (2432, 2432, 2432)  , pass(1)/fail(0): 1,	 time: 0.16602087020874023
Method: JitNumpy            , dims: (2432, 2432, 2432)  , pass(1)/fail(0): 1,	 time: 0.16521286964416504
Method: CudaGlobalMemory    , dims: (2432, 2432, 2432)  , pass(1)/fail(0): 1,	 time: 0.06275320053100586
Method: CudaSharedMemory    , dims: (2432, 2432, 2432)  , pass(1)/fail(0): 1,	 time: 0.04747271537780762
Method: Numpy               , dims: (2496, 2496, 2496)  , pass(1)/fail(0): 1,	 time: 0.1794600486755371
Method: JitNumpy            , dims: (2496, 2496, 2496)  , pass(1)/fail(0): 1,	 time: 0.17693591117858887
Method: CudaGlobalMemory    , dims: (2496, 2496, 2496)  , pass(1)/fail(0): 1,	 time: 0.06783223152160645
Method: CudaSharedMemory    , dims: (2496, 2496, 2496)  , pass(1)/fail(0): 1,	 time: 0.050829410552978516
Method: Numpy               , dims: (2560, 2560, 2560)  , pass(1)/fail(0): 1,	 time: 0.19529366493225098
Method: JitNumpy            , dims: (2560, 2560, 2560)  , pass(1)/fail(0): 1,	 time: 0.194472074508667
Method: CudaGlobalMemory    , dims: (2560, 2560, 2560)  , pass(1)/fail(0): 1,	 time: 0.07447576522827148
Method: CudaSharedMemory    , dims: (2560, 2560, 2560)  , pass(1)/fail(0): 1,	 time: 0.054346561431884766
Method: Numpy               , dims: (2624, 2624, 2624)  , pass(1)/fail(0): 1,	 time: 0.21058082580566406
Method: JitNumpy            , dims: (2624, 2624, 2624)  , pass(1)/fail(0): 1,	 time: 0.20917344093322754
Method: CudaGlobalMemory    , dims: (2624, 2624, 2624)  , pass(1)/fail(0): 1,	 time: 0.07724905014038086
Method: CudaSharedMemory    , dims: (2624, 2624, 2624)  , pass(1)/fail(0): 1,	 time: 0.05985450744628906
Method: Numpy               , dims: (2688, 2688, 2688)  , pass(1)/fail(0): 1,	 time: 0.22648215293884277
Method: JitNumpy            , dims: (2688, 2688, 2688)  , pass(1)/fail(0): 1,	 time: 0.22472620010375977
Method: CudaGlobalMemory    , dims: (2688, 2688, 2688)  , pass(1)/fail(0): 1,	 time: 0.08283519744873047
Method: CudaSharedMemory    , dims: (2688, 2688, 2688)  , pass(1)/fail(0): 1,	 time: 0.06273889541625977
Method: Numpy               , dims: (2752, 2752, 2752)  , pass(1)/fail(0): 1,	 time: 0.24591898918151855
Method: JitNumpy            , dims: (2752, 2752, 2752)  , pass(1)/fail(0): 1,	 time: 0.24498462677001953
Method: CudaGlobalMemory    , dims: (2752, 2752, 2752)  , pass(1)/fail(0): 1,	 time: 0.08888125419616699
Method: CudaSharedMemory    , dims: (2752, 2752, 2752)  , pass(1)/fail(0): 1,	 time: 0.06670069694519043
Method: Numpy               , dims: (2816, 2816, 2816)  , pass(1)/fail(0): 1,	 time: 0.2569150924682617
Method: JitNumpy            , dims: (2816, 2816, 2816)  , pass(1)/fail(0): 1,	 time: 0.25734949111938477
Method: CudaGlobalMemory    , dims: (2816, 2816, 2816)  , pass(1)/fail(0): 1,	 time: 0.09373259544372559
Method: CudaSharedMemory    , dims: (2816, 2816, 2816)  , pass(1)/fail(0): 1,	 time: 0.07144808769226074
Method: Numpy               , dims: (2880, 2880, 2880)  , pass(1)/fail(0): 1,	 time: 0.2758810520172119
Method: JitNumpy            , dims: (2880, 2880, 2880)  , pass(1)/fail(0): 1,	 time: 0.2756962776184082
Method: CudaGlobalMemory    , dims: (2880, 2880, 2880)  , pass(1)/fail(0): 1,	 time: 0.10049915313720703
Method: CudaSharedMemory    , dims: (2880, 2880, 2880)  , pass(1)/fail(0): 1,	 time: 0.07485198974609375
Method: Numpy               , dims: (2944, 2944, 2944)  , pass(1)/fail(0): 1,	 time: 0.2979912757873535
Method: JitNumpy            , dims: (2944, 2944, 2944)  , pass(1)/fail(0): 1,	 time: 0.2980051040649414
Method: CudaGlobalMemory    , dims: (2944, 2944, 2944)  , pass(1)/fail(0): 1,	 time: 0.10735273361206055
Method: CudaSharedMemory    , dims: (2944, 2944, 2944)  , pass(1)/fail(0): 1,	 time: 0.08081912994384766
Method: Numpy               , dims: (3008, 3008, 3008)  , pass(1)/fail(0): 1,	 time: 0.3180696964263916
Method: JitNumpy            , dims: (3008, 3008, 3008)  , pass(1)/fail(0): 1,	 time: 0.3159677982330322
Method: CudaGlobalMemory    , dims: (3008, 3008, 3008)  , pass(1)/fail(0): 1,	 time: 0.11376619338989258
Method: CudaSharedMemory    , dims: (3008, 3008, 3008)  , pass(1)/fail(0): 1,	 time: 0.08539319038391113
Method: Numpy               , dims: (3072, 3072, 3072)  , pass(1)/fail(0): 1,	 time: 0.3262481689453125
Method: JitNumpy            , dims: (3072, 3072, 3072)  , pass(1)/fail(0): 1,	 time: 0.32972240447998047
Method: CudaGlobalMemory    , dims: (3072, 3072, 3072)  , pass(1)/fail(0): 1,	 time: 0.12189722061157227
Method: CudaSharedMemory    , dims: (3072, 3072, 3072)  , pass(1)/fail(0): 1,	 time: 0.09183001518249512
Method: Numpy               , dims: (3136, 3136, 3136)  , pass(1)/fail(0): 1,	 time: 0.36384057998657227
Method: JitNumpy            , dims: (3136, 3136, 3136)  , pass(1)/fail(0): 1,	 time: 0.36440443992614746
Method: CudaGlobalMemory    , dims: (3136, 3136, 3136)  , pass(1)/fail(0): 1,	 time: 0.12674856185913086
Method: CudaSharedMemory    , dims: (3136, 3136, 3136)  , pass(1)/fail(0): 1,	 time: 0.0958855152130127
Method: Numpy               , dims: (3200, 3200, 3200)  , pass(1)/fail(0): 1,	 time: 0.38051676750183105
Method: JitNumpy            , dims: (3200, 3200, 3200)  , pass(1)/fail(0): 1,	 time: 0.37843966484069824
Method: CudaGlobalMemory    , dims: (3200, 3200, 3200)  , pass(1)/fail(0): 1,	 time: 0.13637113571166992
Method: CudaSharedMemory    , dims: (3200, 3200, 3200)  , pass(1)/fail(0): 1,	 time: 0.10149788856506348
Method: Numpy               , dims: (3264, 3264, 3264)  , pass(1)/fail(0): 1,	 time: 0.40247511863708496
Method: JitNumpy            , dims: (3264, 3264, 3264)  , pass(1)/fail(0): 1,	 time: 0.4023582935333252
Method: CudaGlobalMemory    , dims: (3264, 3264, 3264)  , pass(1)/fail(0): 1,	 time: 0.14362215995788574
Method: CudaSharedMemory    , dims: (3264, 3264, 3264)  , pass(1)/fail(0): 1,	 time: 0.10740971565246582
Method: Numpy               , dims: (3328, 3328, 3328)  , pass(1)/fail(0): 1,	 time: 0.42935895919799805
Method: JitNumpy            , dims: (3328, 3328, 3328)  , pass(1)/fail(0): 1,	 time: 0.42699289321899414
Method: CudaGlobalMemory    , dims: (3328, 3328, 3328)  , pass(1)/fail(0): 1,	 time: 0.15140891075134277
Method: CudaSharedMemory    , dims: (3328, 3328, 3328)  , pass(1)/fail(0): 1,	 time: 0.11419987678527832
Method: Numpy               , dims: (3392, 3392, 3392)  , pass(1)/fail(0): 1,	 time: 0.4540235996246338
Method: JitNumpy            , dims: (3392, 3392, 3392)  , pass(1)/fail(0): 1,	 time: 0.4474000930786133
Method: CudaGlobalMemory    , dims: (3392, 3392, 3392)  , pass(1)/fail(0): 1,	 time: 0.15843963623046875
Method: CudaSharedMemory    , dims: (3392, 3392, 3392)  , pass(1)/fail(0): 1,	 time: 0.11927556991577148
Method: Numpy               , dims: (3456, 3456, 3456)  , pass(1)/fail(0): 1,	 time: 0.47998714447021484
Method: JitNumpy            , dims: (3456, 3456, 3456)  , pass(1)/fail(0): 1,	 time: 0.4772520065307617
Method: CudaGlobalMemory    , dims: (3456, 3456, 3456)  , pass(1)/fail(0): 1,	 time: 0.1697530746459961
Method: CudaSharedMemory    , dims: (3456, 3456, 3456)  , pass(1)/fail(0): 1,	 time: 0.12565875053405762
Method: Numpy               , dims: (3520, 3520, 3520)  , pass(1)/fail(0): 1,	 time: 0.5179648399353027
Method: JitNumpy            , dims: (3520, 3520, 3520)  , pass(1)/fail(0): 1,	 time: 0.5124533176422119
Method: CudaGlobalMemory    , dims: (3520, 3520, 3520)  , pass(1)/fail(0): 1,	 time: 0.17611050605773926
Method: CudaSharedMemory    , dims: (3520, 3520, 3520)  , pass(1)/fail(0): 1,	 time: 0.1332998275756836
Method: Numpy               , dims: (3584, 3584, 3584)  , pass(1)/fail(0): 1,	 time: 0.5253543853759766
Method: JitNumpy            , dims: (3584, 3584, 3584)  , pass(1)/fail(0): 1,	 time: 0.5231645107269287
Method: CudaGlobalMemory    , dims: (3584, 3584, 3584)  , pass(1)/fail(0): 1,	 time: 0.1864781379699707
Method: CudaSharedMemory    , dims: (3584, 3584, 3584)  , pass(1)/fail(0): 1,	 time: 0.13892674446105957
Method: Numpy               , dims: (3648, 3648, 3648)  , pass(1)/fail(0): 1,	 time: 0.5645709037780762
Method: JitNumpy            , dims: (3648, 3648, 3648)  , pass(1)/fail(0): 1,	 time: 0.5598907470703125
Method: CudaGlobalMemory    , dims: (3648, 3648, 3648)  , pass(1)/fail(0): 1,	 time: 0.19518041610717773
Method: CudaSharedMemory    , dims: (3648, 3648, 3648)  , pass(1)/fail(0): 1,	 time: 0.14585041999816895
Method: Numpy               , dims: (3712, 3712, 3712)  , pass(1)/fail(0): 1,	 time: 0.5994396209716797
Method: JitNumpy            , dims: (3712, 3712, 3712)  , pass(1)/fail(0): 1,	 time: 0.5965602397918701
Method: CudaGlobalMemory    , dims: (3712, 3712, 3712)  , pass(1)/fail(0): 1,	 time: 0.20776891708374023
Method: CudaSharedMemory    , dims: (3712, 3712, 3712)  , pass(1)/fail(0): 1,	 time: 0.15294218063354492
Method: Numpy               , dims: (3776, 3776, 3776)  , pass(1)/fail(0): 1,	 time: 0.6237268447875977
Method: JitNumpy            , dims: (3776, 3776, 3776)  , pass(1)/fail(0): 1,	 time: 0.6276090145111084
Method: CudaGlobalMemory    , dims: (3776, 3776, 3776)  , pass(1)/fail(0): 1,	 time: 0.2173914909362793
Method: CudaSharedMemory    , dims: (3776, 3776, 3776)  , pass(1)/fail(0): 1,	 time: 0.16204404830932617
Method: Numpy               , dims: (3840, 3840, 3840)  , pass(1)/fail(0): 1,	 time: 0.6499595642089844
Method: JitNumpy            , dims: (3840, 3840, 3840)  , pass(1)/fail(0): 1,	 time: 0.6505842208862305
Method: CudaGlobalMemory    , dims: (3840, 3840, 3840)  , pass(1)/fail(0): 1,	 time: 0.22971105575561523
Method: CudaSharedMemory    , dims: (3840, 3840, 3840)  , pass(1)/fail(0): 1,	 time: 0.16834330558776855
Method: Numpy               , dims: (3904, 3904, 3904)  , pass(1)/fail(0): 1,	 time: 0.702460527420044
Method: JitNumpy            , dims: (3904, 3904, 3904)  , pass(1)/fail(0): 1,	 time: 0.6947910785675049
Method: CudaGlobalMemory    , dims: (3904, 3904, 3904)  , pass(1)/fail(0): 1,	 time: 0.23810100555419922
Method: CudaSharedMemory    , dims: (3904, 3904, 3904)  , pass(1)/fail(0): 1,	 time: 0.17637228965759277
Method: Numpy               , dims: (3968, 3968, 3968)  , pass(1)/fail(0): 1,	 time: 0.7231545448303223
Method: JitNumpy            , dims: (3968, 3968, 3968)  , pass(1)/fail(0): 1,	 time: 0.7250320911407471
Method: CudaGlobalMemory    , dims: (3968, 3968, 3968)  , pass(1)/fail(0): 1,	 time: 0.24995851516723633
Method: CudaSharedMemory    , dims: (3968, 3968, 3968)  , pass(1)/fail(0): 1,	 time: 0.18433594703674316
Method: Numpy               , dims: (4032, 4032, 4032)  , pass(1)/fail(0): 1,	 time: 0.7590622901916504
Method: JitNumpy            , dims: (4032, 4032, 4032)  , pass(1)/fail(0): 1,	 time: 0.7615971565246582
Method: CudaGlobalMemory    , dims: (4032, 4032, 4032)  , pass(1)/fail(0): 1,	 time: 0.26242733001708984
Method: CudaSharedMemory    , dims: (4032, 4032, 4032)  , pass(1)/fail(0): 1,	 time: 0.1941821575164795
Method: Numpy               , dims: (4096, 4096, 4096)  , pass(1)/fail(0): 1,	 time: 0.7919175624847412
Method: JitNumpy            , dims: (4096, 4096, 4096)  , pass(1)/fail(0): 1,	 time: 0.7886519432067871
Method: CudaGlobalMemory    , dims: (4096, 4096, 4096)  , pass(1)/fail(0): 1,	 time: 0.2718343734741211
Method: CudaSharedMemory    , dims: (4096, 4096, 4096)  , pass(1)/fail(0): 1,	 time: 0.20269465446472168
