Methods:  [<class 'matmul.Numpy'>, <class 'matmul.JitNumpy'>, <class 'matmul.CudaGlobalMemory'>, <class 'matmul.CudaSharedMemory'>]
Dims:  [(1, 1, 1), (512, 512, 512)]
Result:
 [[ 0.11581316]]
Expected:
 [[ 0.11581316]]
Result:
 [[ 119.31663513  128.49621582  126.72158813 ...,  124.23226929
   123.22792053  128.43217468]
 [ 120.83713531  123.193573    125.52481079 ...,  124.26448822
   122.44615936  124.5383606 ]
 [ 119.63853455  118.50569916  126.86087036 ...,  120.29742432
   124.81430054  126.12348938]
 ..., 
 [ 116.96240234  122.8943634   125.06826019 ...,  124.25180054
   122.82990265  123.536026  ]
 [ 118.19746399  125.86973572  125.91175842 ...,  124.68602753
   124.90503693  124.50054932]
 [ 117.51219177  125.75012207  126.84321594 ...,  126.10323334
   127.69064331  125.52653503]]
Expected:
 [[ 119.31663513  128.49621582  126.72158813 ...,  124.23226929
   123.22792053  128.43217468]
 [ 120.83713531  123.193573    125.52481079 ...,  124.26448822
   122.44615936  124.5383606 ]
 [ 119.63853455  118.50569916  126.86087036 ...,  120.29742432
   124.81430054  126.12348938]
 ..., 
 [ 116.96240234  122.8943634   125.06826019 ...,  124.25180054
   122.82990265  123.536026  ]
 [ 118.19746399  125.86973572  125.91175842 ...,  124.68602753
   124.90503693  124.50054932]
 [ 117.51219177  125.75012207  126.84321594 ...,  126.10323334
   127.69064331  125.52653503]]
Result:
 [[ 0.11581316]]
Expected:
 [[ 0.11581316]]
Result:
 [[ 119.31663513  128.49621582  126.72158813 ...,  124.23226929
   123.22792053  128.43217468]
 [ 120.83713531  123.193573    125.52481079 ...,  124.26448822
   122.44615936  124.5383606 ]
 [ 119.63853455  118.50569916  126.86087036 ...,  120.29742432
   124.81430054  126.12348938]
 ..., 
 [ 116.96240234  122.8943634   125.06826019 ...,  124.25180054
   122.82990265  123.536026  ]
 [ 118.19746399  125.86973572  125.91175842 ...,  124.68602753
   124.90503693  124.50054932]
 [ 117.51219177  125.75012207  126.84321594 ...,  126.10323334
   127.69064331  125.52653503]]
Expected:
 [[ 119.31663513  128.49621582  126.72158813 ...,  124.23226929
   123.22792053  128.43217468]
 [ 120.83713531  123.193573    125.52481079 ...,  124.26448822
   122.44615936  124.5383606 ]
 [ 119.63853455  118.50569916  126.86087036 ...,  120.29742432
   124.81430054  126.12348938]
 ..., 
 [ 116.96240234  122.8943634   125.06826019 ...,  124.25180054
   122.82990265  123.536026  ]
 [ 118.19746399  125.86973572  125.91175842 ...,  124.68602753
   124.90503693  124.50054932]
 [ 117.51219177  125.75012207  126.84321594 ...,  126.10323334
   127.69064331  125.52653503]]
