Methods:  [<class 'matmul.CudaGlobalMemory'>, <class 'matmul.CudaSharedMemory'>]
Dims:  [(1, 1, 1), (4, 4, 4)]
Instance:  <matmul.CudaGlobalMemory object at 0x7f5b6dc89630>
self._C:  [[ 0.]]
self._C:  [[ 0.]]
self._C:  [[ 0.3533026]]
Result:
 [[ 0.3533026]]
Expected:
 [[ 0.3533026]]
Instance:  <matmul.CudaGlobalMemory object at 0x7f5b6c11a128>
self._C:  [[ 0.  0.  0.  0.]
 [ 0.  0.  0.  0.]
 [ 0.  0.  0.  0.]
 [ 0.  0.  0.  0.]]
self._C:  [[ 0.  0.  0.  0.]
 [ 0.  0.  0.  0.]
 [ 0.  0.  0.  0.]
 [ 0.  0.  0.  0.]]
self._C:  [[ 0.65143043  0.51972371  0.57783383  0.98648429]
 [ 0.55766052  0.4331021   0.91325289  0.52893317]
 [ 0.71386606  0.83024693  1.25903606  1.43278646]
 [ 1.05245411  0.76082259  1.16694522  1.1906302 ]]
Result:
 [[ 0.65143043  0.51972371  0.57783383  0.98648429]
 [ 0.55766052  0.4331021   0.91325289  0.52893317]
 [ 0.71386606  0.83024693  1.25903606  1.43278646]
 [ 1.05245411  0.76082259  1.16694522  1.1906302 ]]
Expected:
 [[ 0.65143043  0.51972371  0.57783383  0.98648435]
 [ 0.55766052  0.43310204  0.91325283  0.52893311]
 [ 0.71386611  0.83024698  1.25903618  1.43278646]
 [ 1.05245411  0.76082259  1.16694522  1.19063032]]
Instance:  <matmul.CudaSharedMemory object at 0x7f5b738c0e80>
self._C:  [[ 0.]]
self._C:  [[ 0.]]
self._C:  [[ 0.3533026]]
Result:
 [[ 0.3533026]]
Expected:
 [[ 0.3533026]]
Instance:  <matmul.CudaSharedMemory object at 0x7f5b6bea4898>
self._C:  [[ 0.  0.  0.  0.]
 [ 0.  0.  0.  0.]
 [ 0.  0.  0.  0.]
 [ 0.  0.  0.  0.]]
self._C:  [[ 0.  0.  0.  0.]
 [ 0.  0.  0.  0.]
 [ 0.  0.  0.  0.]
 [ 0.  0.  0.  0.]]
self._C:  [[ 0.65143043  0.51972371  0.57783383  0.98648429]
 [ 0.55766052  0.4331021   0.44476712  0.80312753]
 [ 0.71386606  0.83024693  0.58554769  1.00703275]
 [ 1.05245411  0.76082259  0.67261368  1.79494405]]
Result:
 [[ 0.65143043  0.51972371  0.57783383  0.98648429]
 [ 0.55766052  0.4331021   0.44476712  0.80312753]
 [ 0.71386606  0.83024693  0.58554769  1.00703275]
 [ 1.05245411  0.76082259  0.67261368  1.79494405]]
Expected:
 [[ 0.65143043  0.51972371  0.57783383  0.98648435]
 [ 0.55766052  0.43310204  0.91325283  0.52893311]
 [ 0.71386611  0.83024698  1.25903618  1.43278646]
 [ 1.05245411  0.76082259  1.16694522  1.19063032]]
Square Results:
 [['CudaGlobalMemory', [(4, 4, 4)], [True], [0.0017666816711425781]], ['CudaSharedMemory', [(4, 4, 4)], [False], [0.001828908920288086]]]
