Method: Numpy               , dims: (64, 64, 64)        , pass(1)/fail(0): 1,	 time: 3.981590270996094e-05
Method: JitNumpy            , dims: (64, 64, 64)        , pass(1)/fail(0): 1,	 time: 4.673004150390625e-05
Method: CudaGlobalMemory    , dims: (64, 64, 64)        , pass(1)/fail(0): 1,	 time: 0.0027816295623779297
Method: CudaSharedMemory    , dims: (64, 64, 64)        , pass(1)/fail(0): 1,	 time: 0.06450486183166504
Method: Numpy               , dims: (128, 128, 128)     , pass(1)/fail(0): 1,	 time: 0.00011038780212402344
Method: JitNumpy            , dims: (128, 128, 128)     , pass(1)/fail(0): 1,	 time: 0.00012302398681640625
Method: CudaGlobalMemory    , dims: (128, 128, 128)     , pass(1)/fail(0): 1,	 time: 0.0029785633087158203
Method: CudaSharedMemory    , dims: (128, 128, 128)     , pass(1)/fail(0): 1,	 time: 0.0020341873168945312
Method: Numpy               , dims: (192, 192, 192)     , pass(1)/fail(0): 1,	 time: 0.0006430149078369141
Method: JitNumpy            , dims: (192, 192, 192)     , pass(1)/fail(0): 1,	 time: 0.0002586841583251953
Method: CudaGlobalMemory    , dims: (192, 192, 192)     , pass(1)/fail(0): 1,	 time: 0.003812074661254883
Method: CudaSharedMemory    , dims: (192, 192, 192)     , pass(1)/fail(0): 1,	 time: 0.0018584728240966797
Method: Numpy               , dims: (256, 256, 256)     , pass(1)/fail(0): 1,	 time: 0.0013623237609863281
Method: JitNumpy            , dims: (256, 256, 256)     , pass(1)/fail(0): 1,	 time: 0.0005772113800048828
Method: CudaGlobalMemory    , dims: (256, 256, 256)     , pass(1)/fail(0): 1,	 time: 0.005033254623413086
Method: CudaSharedMemory    , dims: (256, 256, 256)     , pass(1)/fail(0): 1,	 time: 0.0025725364685058594
Method: Numpy               , dims: (320, 320, 320)     , pass(1)/fail(0): 1,	 time: 0.0009670257568359375
Method: JitNumpy            , dims: (320, 320, 320)     , pass(1)/fail(0): 1,	 time: 0.0009937286376953125
Method: CudaGlobalMemory    , dims: (320, 320, 320)     , pass(1)/fail(0): 1,	 time: 0.00791025161743164
Method: CudaSharedMemory    , dims: (320, 320, 320)     , pass(1)/fail(0): 1,	 time: 0.003537416458129883
Method: Numpy               , dims: (384, 384, 384)     , pass(1)/fail(0): 1,	 time: 0.0016205310821533203
Method: JitNumpy            , dims: (384, 384, 384)     , pass(1)/fail(0): 1,	 time: 0.0016298294067382812
Method: CudaGlobalMemory    , dims: (384, 384, 384)     , pass(1)/fail(0): 1,	 time: 0.011965036392211914
Method: CudaSharedMemory    , dims: (384, 384, 384)     , pass(1)/fail(0): 1,	 time: 0.004433393478393555
Method: Numpy               , dims: (448, 448, 448)     , pass(1)/fail(0): 1,	 time: 0.002498149871826172
Method: JitNumpy            , dims: (448, 448, 448)     , pass(1)/fail(0): 1,	 time: 0.0025413036346435547
Method: CudaGlobalMemory    , dims: (448, 448, 448)     , pass(1)/fail(0): 1,	 time: 0.018840789794921875
Method: CudaSharedMemory    , dims: (448, 448, 448)     , pass(1)/fail(0): 1,	 time: 0.005652189254760742
Method: Numpy               , dims: (512, 512, 512)     , pass(1)/fail(0): 1,	 time: 0.003577709197998047
Method: JitNumpy            , dims: (512, 512, 512)     , pass(1)/fail(0): 1,	 time: 0.003573179244995117
Method: CudaGlobalMemory    , dims: (512, 512, 512)     , pass(1)/fail(0): 1,	 time: 0.024173974990844727
Method: CudaSharedMemory    , dims: (512, 512, 512)     , pass(1)/fail(0): 1,	 time: 0.007114410400390625
Method: Numpy               , dims: (576, 576, 576)     , pass(1)/fail(0): 1,	 time: 0.0050220489501953125
Method: JitNumpy            , dims: (576, 576, 576)     , pass(1)/fail(0): 1,	 time: 0.005017518997192383
Method: CudaGlobalMemory    , dims: (576, 576, 576)     , pass(1)/fail(0): 1,	 time: 0.033387184143066406
Method: CudaSharedMemory    , dims: (576, 576, 576)     , pass(1)/fail(0): 1,	 time: 0.011069297790527344
Method: Numpy               , dims: (640, 640, 640)     , pass(1)/fail(0): 1,	 time: 0.006816864013671875
Method: JitNumpy            , dims: (640, 640, 640)     , pass(1)/fail(0): 1,	 time: 0.006841897964477539
Method: CudaGlobalMemory    , dims: (640, 640, 640)     , pass(1)/fail(0): 1,	 time: 0.04706168174743652
Method: CudaSharedMemory    , dims: (640, 640, 640)     , pass(1)/fail(0): 1,	 time: 0.011397600173950195
Method: Numpy               , dims: (704, 704, 704)     , pass(1)/fail(0): 1,	 time: 0.009209871292114258
Method: JitNumpy            , dims: (704, 704, 704)     , pass(1)/fail(0): 1,	 time: 0.00898432731628418
Method: CudaGlobalMemory    , dims: (704, 704, 704)     , pass(1)/fail(0): 1,	 time: 0.0572357177734375
Method: CudaSharedMemory    , dims: (704, 704, 704)     , pass(1)/fail(0): 1,	 time: 0.01413869857788086
Method: Numpy               , dims: (768, 768, 768)     , pass(1)/fail(0): 1,	 time: 0.010737895965576172
Method: JitNumpy            , dims: (768, 768, 768)     , pass(1)/fail(0): 1,	 time: 0.010835409164428711
Method: CudaGlobalMemory    , dims: (768, 768, 768)     , pass(1)/fail(0): 1,	 time: 0.07123827934265137
Method: CudaSharedMemory    , dims: (768, 768, 768)     , pass(1)/fail(0): 1,	 time: 0.01972174644470215
Method: Numpy               , dims: (832, 832, 832)     , pass(1)/fail(0): 1,	 time: 0.014180898666381836
Method: JitNumpy            , dims: (832, 832, 832)     , pass(1)/fail(0): 1,	 time: 0.014156341552734375
Method: CudaGlobalMemory    , dims: (832, 832, 832)     , pass(1)/fail(0): 1,	 time: 0.08340764045715332
Method: CudaSharedMemory    , dims: (832, 832, 832)     , pass(1)/fail(0): 1,	 time: 0.021347999572753906
Method: Numpy               , dims: (896, 896, 896)     , pass(1)/fail(0): 1,	 time: 0.017190217971801758
Method: JitNumpy            , dims: (896, 896, 896)     , pass(1)/fail(0): 1,	 time: 0.01737236976623535
Method: CudaGlobalMemory    , dims: (896, 896, 896)     , pass(1)/fail(0): 1,	 time: 0.10267376899719238
Method: CudaSharedMemory    , dims: (896, 896, 896)     , pass(1)/fail(0): 1,	 time: 0.0258333683013916
Method: Numpy               , dims: (960, 960, 960)     , pass(1)/fail(0): 1,	 time: 0.020581960678100586
Method: JitNumpy            , dims: (960, 960, 960)     , pass(1)/fail(0): 1,	 time: 0.0206301212310791
Method: CudaGlobalMemory    , dims: (960, 960, 960)     , pass(1)/fail(0): 1,	 time: 0.11352133750915527
Method: CudaSharedMemory    , dims: (960, 960, 960)     , pass(1)/fail(0): 1,	 time: 0.030579805374145508
Method: Numpy               , dims: (1024, 1024, 1024)  , pass(1)/fail(0): 1,	 time: 0.0252840518951416
Method: JitNumpy            , dims: (1024, 1024, 1024)  , pass(1)/fail(0): 1,	 time: 0.025287628173828125
Method: CudaGlobalMemory    , dims: (1024, 1024, 1024)  , pass(1)/fail(0): 1,	 time: 0.12476468086242676
Method: CudaSharedMemory    , dims: (1024, 1024, 1024)  , pass(1)/fail(0): 1,	 time: 0.04022645950317383
Method: Numpy               , dims: (1088, 1088, 1088)  , pass(1)/fail(0): 1,	 time: 0.029610872268676758
Method: JitNumpy            , dims: (1088, 1088, 1088)  , pass(1)/fail(0): 1,	 time: 0.030163049697875977
Method: CudaGlobalMemory    , dims: (1088, 1088, 1088)  , pass(1)/fail(0): 1,	 time: 0.1385200023651123
Method: CudaSharedMemory    , dims: (1088, 1088, 1088)  , pass(1)/fail(0): 1,	 time: 0.04321885108947754
Method: Numpy               , dims: (1152, 1152, 1152)  , pass(1)/fail(0): 1,	 time: 0.0346064567565918
Method: JitNumpy            , dims: (1152, 1152, 1152)  , pass(1)/fail(0): 1,	 time: 0.03511953353881836
Method: CudaGlobalMemory    , dims: (1152, 1152, 1152)  , pass(1)/fail(0): 1,	 time: 0.16160988807678223
Method: CudaSharedMemory    , dims: (1152, 1152, 1152)  , pass(1)/fail(0): 1,	 time: 0.0502779483795166
Method: Numpy               , dims: (1216, 1216, 1216)  , pass(1)/fail(0): 1,	 time: 0.04100322723388672
Method: JitNumpy            , dims: (1216, 1216, 1216)  , pass(1)/fail(0): 1,	 time: 0.04148244857788086
Method: CudaGlobalMemory    , dims: (1216, 1216, 1216)  , pass(1)/fail(0): 1,	 time: 0.18226242065429688
Method: CudaSharedMemory    , dims: (1216, 1216, 1216)  , pass(1)/fail(0): 1,	 time: 0.05857586860656738
Method: Numpy               , dims: (1280, 1280, 1280)  , pass(1)/fail(0): 1,	 time: 0.04820394515991211
Method: JitNumpy            , dims: (1280, 1280, 1280)  , pass(1)/fail(0): 1,	 time: 0.048180341720581055
Method: CudaGlobalMemory    , dims: (1280, 1280, 1280)  , pass(1)/fail(0): 1,	 time: 0.2125685214996338
Method: CudaSharedMemory    , dims: (1280, 1280, 1280)  , pass(1)/fail(0): 1,	 time: 0.07336187362670898
Method: Numpy               , dims: (1344, 1344, 1344)  , pass(1)/fail(0): 1,	 time: 0.05463123321533203
Method: JitNumpy            , dims: (1344, 1344, 1344)  , pass(1)/fail(0): 1,	 time: 0.05514812469482422
Method: CudaGlobalMemory    , dims: (1344, 1344, 1344)  , pass(1)/fail(0): 1,	 time: 0.25090551376342773
Method: CudaSharedMemory    , dims: (1344, 1344, 1344)  , pass(1)/fail(0): 1,	 time: 0.0776824951171875
Method: Numpy               , dims: (1408, 1408, 1408)  , pass(1)/fail(0): 1,	 time: 0.06378674507141113
Method: JitNumpy            , dims: (1408, 1408, 1408)  , pass(1)/fail(0): 1,	 time: 0.0636746883392334
Method: CudaGlobalMemory    , dims: (1408, 1408, 1408)  , pass(1)/fail(0): 1,	 time: 0.2811238765716553
Method: CudaSharedMemory    , dims: (1408, 1408, 1408)  , pass(1)/fail(0): 1,	 time: 0.08887791633605957
Method: Numpy               , dims: (1472, 1472, 1472)  , pass(1)/fail(0): 1,	 time: 0.07248568534851074
Method: JitNumpy            , dims: (1472, 1472, 1472)  , pass(1)/fail(0): 1,	 time: 0.07263040542602539
Method: CudaGlobalMemory    , dims: (1472, 1472, 1472)  , pass(1)/fail(0): 1,	 time: 0.32104921340942383
Method: CudaSharedMemory    , dims: (1472, 1472, 1472)  , pass(1)/fail(0): 1,	 time: 0.10821890830993652
Method: Numpy               , dims: (1536, 1536, 1536)  , pass(1)/fail(0): 1,	 time: 0.08244848251342773
Method: JitNumpy            , dims: (1536, 1536, 1536)  , pass(1)/fail(0): 1,	 time: 0.08238649368286133
Method: CudaGlobalMemory    , dims: (1536, 1536, 1536)  , pass(1)/fail(0): 1,	 time: 0.3637580871582031
Method: CudaSharedMemory    , dims: (1536, 1536, 1536)  , pass(1)/fail(0): 1,	 time: 0.11371469497680664
Method: Numpy               , dims: (1600, 1600, 1600)  , pass(1)/fail(0): 1,	 time: 0.09244823455810547
Method: JitNumpy            , dims: (1600, 1600, 1600)  , pass(1)/fail(0): 1,	 time: 0.09242987632751465
Method: CudaGlobalMemory    , dims: (1600, 1600, 1600)  , pass(1)/fail(0): 1,	 time: 0.41865086555480957
Method: CudaSharedMemory    , dims: (1600, 1600, 1600)  , pass(1)/fail(0): 1,	 time: 0.1278364658355713
Method: Numpy               , dims: (1664, 1664, 1664)  , pass(1)/fail(0): 1,	 time: 0.10375237464904785
Method: JitNumpy            , dims: (1664, 1664, 1664)  , pass(1)/fail(0): 1,	 time: 0.10373139381408691
Method: CudaGlobalMemory    , dims: (1664, 1664, 1664)  , pass(1)/fail(0): 1,	 time: 0.46094775199890137
Method: CudaSharedMemory    , dims: (1664, 1664, 1664)  , pass(1)/fail(0): 1,	 time: 0.1433882713317871
Method: Numpy               , dims: (1728, 1728, 1728)  , pass(1)/fail(0): 1,	 time: 0.1158590316772461
Method: JitNumpy            , dims: (1728, 1728, 1728)  , pass(1)/fail(0): 1,	 time: 0.11630702018737793
Method: CudaGlobalMemory    , dims: (1728, 1728, 1728)  , pass(1)/fail(0): 1,	 time: 0.5162405967712402
Method: CudaSharedMemory    , dims: (1728, 1728, 1728)  , pass(1)/fail(0): 1,	 time: 0.17017745971679688
Method: Numpy               , dims: (1792, 1792, 1792)  , pass(1)/fail(0): 1,	 time: 0.12970972061157227
Method: JitNumpy            , dims: (1792, 1792, 1792)  , pass(1)/fail(0): 1,	 time: 0.1289381980895996
Method: CudaGlobalMemory    , dims: (1792, 1792, 1792)  , pass(1)/fail(0): 1,	 time: 0.5743138790130615
Method: CudaSharedMemory    , dims: (1792, 1792, 1792)  , pass(1)/fail(0): 1,	 time: 0.17716717720031738
Method: Numpy               , dims: (1856, 1856, 1856)  , pass(1)/fail(0): 1,	 time: 0.1449904441833496
Method: JitNumpy            , dims: (1856, 1856, 1856)  , pass(1)/fail(0): 1,	 time: 0.14401650428771973
Method: CudaGlobalMemory    , dims: (1856, 1856, 1856)  , pass(1)/fail(0): 1,	 time: 0.6489477157592773
Method: CudaSharedMemory    , dims: (1856, 1856, 1856)  , pass(1)/fail(0): 1,	 time: 0.1969738006591797
Method: Numpy               , dims: (1920, 1920, 1920)  , pass(1)/fail(0): 1,	 time: 0.15771985054016113
Method: JitNumpy            , dims: (1920, 1920, 1920)  , pass(1)/fail(0): 1,	 time: 0.15868520736694336
Method: CudaGlobalMemory    , dims: (1920, 1920, 1920)  , pass(1)/fail(0): 1,	 time: 0.7063257694244385
Method: CudaSharedMemory    , dims: (1920, 1920, 1920)  , pass(1)/fail(0): 1,	 time: 0.21742868423461914
Method: Numpy               , dims: (1984, 1984, 1984)  , pass(1)/fail(0): 1,	 time: 0.1762862205505371
Method: JitNumpy            , dims: (1984, 1984, 1984)  , pass(1)/fail(0): 1,	 time: 0.17646527290344238
Method: CudaGlobalMemory    , dims: (1984, 1984, 1984)  , pass(1)/fail(0): 1,	 time: 0.7788641452789307
Method: CudaSharedMemory    , dims: (1984, 1984, 1984)  , pass(1)/fail(0): 1,	 time: 0.25173497200012207
Method: Numpy               , dims: (2048, 2048, 2048)  , pass(1)/fail(0): 1,	 time: 0.1952962875366211
Method: JitNumpy            , dims: (2048, 2048, 2048)  , pass(1)/fail(0): 1,	 time: 0.19449806213378906
Method: CudaGlobalMemory    , dims: (2048, 2048, 2048)  , pass(1)/fail(0): 1,	 time: 0.8703718185424805
Method: CudaSharedMemory    , dims: (2048, 2048, 2048)  , pass(1)/fail(0): 1,	 time: 0.2622406482696533
Method: Numpy               , dims: (2112, 2112, 2112)  , pass(1)/fail(0): 1,	 time: 0.2104027271270752
Method: JitNumpy            , dims: (2112, 2112, 2112)  , pass(1)/fail(0): 1,	 time: 0.20978260040283203
Method: CudaGlobalMemory    , dims: (2112, 2112, 2112)  , pass(1)/fail(0): 1,	 time: 0.9405944347381592
Method: CudaSharedMemory    , dims: (2112, 2112, 2112)  , pass(1)/fail(0): 1,	 time: 0.28716182708740234
Method: Numpy               , dims: (2176, 2176, 2176)  , pass(1)/fail(0): 1,	 time: 0.23227357864379883
Method: JitNumpy            , dims: (2176, 2176, 2176)  , pass(1)/fail(0): 1,	 time: 0.2293689250946045
Method: CudaGlobalMemory    , dims: (2176, 2176, 2176)  , pass(1)/fail(0): 1,	 time: 1.0283136367797852
Method: CudaSharedMemory    , dims: (2176, 2176, 2176)  , pass(1)/fail(0): 1,	 time: 0.32919931411743164
Method: Numpy               , dims: (2240, 2240, 2240)  , pass(1)/fail(0): 1,	 time: 0.2613832950592041
Method: JitNumpy            , dims: (2240, 2240, 2240)  , pass(1)/fail(0): 1,	 time: 0.25032567977905273
Method: CudaGlobalMemory    , dims: (2240, 2240, 2240)  , pass(1)/fail(0): 1,	 time: 1.1218318939208984
Method: CudaSharedMemory    , dims: (2240, 2240, 2240)  , pass(1)/fail(0): 1,	 time: 0.34101033210754395
Method: Numpy               , dims: (2304, 2304, 2304)  , pass(1)/fail(0): 1,	 time: 0.27214527130126953
Method: JitNumpy            , dims: (2304, 2304, 2304)  , pass(1)/fail(0): 1,	 time: 0.2711598873138428
Method: CudaGlobalMemory    , dims: (2304, 2304, 2304)  , pass(1)/fail(0): 1,	 time: 1.23842191696167
Method: CudaSharedMemory    , dims: (2304, 2304, 2304)  , pass(1)/fail(0): 1,	 time: 0.3712434768676758
Method: Numpy               , dims: (2368, 2368, 2368)  , pass(1)/fail(0): 1,	 time: 0.298969030380249
Method: JitNumpy            , dims: (2368, 2368, 2368)  , pass(1)/fail(0): 1,	 time: 0.29688239097595215
Method: CudaGlobalMemory    , dims: (2368, 2368, 2368)  , pass(1)/fail(0): 1,	 time: 1.3257334232330322
Method: CudaSharedMemory    , dims: (2368, 2368, 2368)  , pass(1)/fail(0): 1,	 time: 0.40219616889953613
Method: Numpy               , dims: (2432, 2432, 2432)  , pass(1)/fail(0): 1,	 time: 0.3213036060333252
Method: JitNumpy            , dims: (2432, 2432, 2432)  , pass(1)/fail(0): 1,	 time: 0.322373628616333
Method: CudaGlobalMemory    , dims: (2432, 2432, 2432)  , pass(1)/fail(0): 1,	 time: 1.4360675811767578
Method: CudaSharedMemory    , dims: (2432, 2432, 2432)  , pass(1)/fail(0): 1,	 time: 0.4541769027709961
Method: Numpy               , dims: (2496, 2496, 2496)  , pass(1)/fail(0): 1,	 time: 0.34619760513305664
Method: JitNumpy            , dims: (2496, 2496, 2496)  , pass(1)/fail(0): 1,	 time: 0.3455967903137207
Method: CudaGlobalMemory    , dims: (2496, 2496, 2496)  , pass(1)/fail(0): 1,	 time: 1.5551257133483887
Method: CudaSharedMemory    , dims: (2496, 2496, 2496)  , pass(1)/fail(0): 1,	 time: 0.46945762634277344
Method: Numpy               , dims: (2560, 2560, 2560)  , pass(1)/fail(0): 1,	 time: 0.3771321773529053
Method: JitNumpy            , dims: (2560, 2560, 2560)  , pass(1)/fail(0): 1,	 time: 0.3752129077911377
Method: CudaGlobalMemory    , dims: (2560, 2560, 2560)  , pass(1)/fail(0): 1,	 time: 1.6916589736938477
Method: CudaSharedMemory    , dims: (2560, 2560, 2560)  , pass(1)/fail(0): 1,	 time: 0.5061883926391602
Method: Numpy               , dims: (2624, 2624, 2624)  , pass(1)/fail(0): 1,	 time: 0.40442562103271484
Method: JitNumpy            , dims: (2624, 2624, 2624)  , pass(1)/fail(0): 1,	 time: 0.4029364585876465
Method: CudaGlobalMemory    , dims: (2624, 2624, 2624)  , pass(1)/fail(0): 1,	 time: 1.8044281005859375
Method: CudaSharedMemory    , dims: (2624, 2624, 2624)  , pass(1)/fail(0): 1,	 time: 0.5449509620666504
Method: Numpy               , dims: (2688, 2688, 2688)  , pass(1)/fail(0): 1,	 time: 0.43617916107177734
Method: JitNumpy            , dims: (2688, 2688, 2688)  , pass(1)/fail(0): 1,	 time: 0.43062329292297363
Method: CudaGlobalMemory    , dims: (2688, 2688, 2688)  , pass(1)/fail(0): 1,	 time: 1.9362194538116455
Method: CudaSharedMemory    , dims: (2688, 2688, 2688)  , pass(1)/fail(0): 1,	 time: 0.6073992252349854
Method: Numpy               , dims: (2752, 2752, 2752)  , pass(1)/fail(0): 1,	 time: 0.4672820568084717
Method: JitNumpy            , dims: (2752, 2752, 2752)  , pass(1)/fail(0): 1,	 time: 0.46573805809020996
Method: CudaGlobalMemory    , dims: (2752, 2752, 2752)  , pass(1)/fail(0): 1,	 time: 2.105833053588867
Method: CudaSharedMemory    , dims: (2752, 2752, 2752)  , pass(1)/fail(0): 1,	 time: 0.62699294090271
Method: Numpy               , dims: (2816, 2816, 2816)  , pass(1)/fail(0): 1,	 time: 0.49727916717529297
Method: JitNumpy            , dims: (2816, 2816, 2816)  , pass(1)/fail(0): 1,	 time: 0.4947478771209717
Method: CudaGlobalMemory    , dims: (2816, 2816, 2816)  , pass(1)/fail(0): 1,	 time: 2.227743148803711
Method: CudaSharedMemory    , dims: (2816, 2816, 2816)  , pass(1)/fail(0): 1,	 time: 0.6711642742156982
Method: Numpy               , dims: (2880, 2880, 2880)  , pass(1)/fail(0): 1,	 time: 0.5325846672058105
Method: JitNumpy            , dims: (2880, 2880, 2880)  , pass(1)/fail(0): 1,	 time: 0.5293762683868408
Method: CudaGlobalMemory    , dims: (2880, 2880, 2880)  , pass(1)/fail(0): 1,	 time: 2.3833813667297363
Method: CudaSharedMemory    , dims: (2880, 2880, 2880)  , pass(1)/fail(0): 1,	 time: 0.74456787109375
Method: Numpy               , dims: (2944, 2944, 2944)  , pass(1)/fail(0): 1,	 time: 0.5673837661743164
Method: JitNumpy            , dims: (2944, 2944, 2944)  , pass(1)/fail(0): 1,	 time: 0.5651874542236328
Method: CudaGlobalMemory    , dims: (2944, 2944, 2944)  , pass(1)/fail(0): 1,	 time: 2.5513265132904053
Method: CudaSharedMemory    , dims: (2944, 2944, 2944)  , pass(1)/fail(0): 1,	 time: 0.7680342197418213
Method: Numpy               , dims: (3008, 3008, 3008)  , pass(1)/fail(0): 1,	 time: 0.607668399810791
Method: JitNumpy            , dims: (3008, 3008, 3008)  , pass(1)/fail(0): 1,	 time: 0.6025369167327881
Method: CudaGlobalMemory    , dims: (3008, 3008, 3008)  , pass(1)/fail(0): 1,	 time: 2.7417643070220947
Method: CudaSharedMemory    , dims: (3008, 3008, 3008)  , pass(1)/fail(0): 1,	 time: 0.8165724277496338
Method: Numpy               , dims: (3072, 3072, 3072)  , pass(1)/fail(0): 1,	 time: 0.6483354568481445
Method: JitNumpy            , dims: (3072, 3072, 3072)  , pass(1)/fail(0): 1,	 time: 0.6464211940765381
Method: CudaGlobalMemory    , dims: (3072, 3072, 3072)  , pass(1)/fail(0): 1,	 time: 2.8946471214294434
Method: CudaSharedMemory    , dims: (3072, 3072, 3072)  , pass(1)/fail(0): 1,	 time: 0.8697259426116943
Method: Numpy               , dims: (3136, 3136, 3136)  , pass(1)/fail(0): 1,	 time: 0.6900839805603027
Method: JitNumpy            , dims: (3136, 3136, 3136)  , pass(1)/fail(0): 1,	 time: 0.6814329624176025
Method: CudaGlobalMemory    , dims: (3136, 3136, 3136)  , pass(1)/fail(0): 1,	 time: 3.0690808296203613
Method: CudaSharedMemory    , dims: (3136, 3136, 3136)  , pass(1)/fail(0): 1,	 time: 0.9550259113311768
Method: Numpy               , dims: (3200, 3200, 3200)  , pass(1)/fail(0): 1,	 time: 0.7284634113311768
Method: JitNumpy            , dims: (3200, 3200, 3200)  , pass(1)/fail(0): 1,	 time: 0.7258305549621582
Method: CudaGlobalMemory    , dims: (3200, 3200, 3200)  , pass(1)/fail(0): 1,	 time: 3.2706310749053955
Method: CudaSharedMemory    , dims: (3200, 3200, 3200)  , pass(1)/fail(0): 1,	 time: 0.9814853668212891
Method: Numpy               , dims: (3264, 3264, 3264)  , pass(1)/fail(0): 1,	 time: 0.7710235118865967
Method: JitNumpy            , dims: (3264, 3264, 3264)  , pass(1)/fail(0): 1,	 time: 0.7663512229919434
Method: CudaGlobalMemory    , dims: (3264, 3264, 3264)  , pass(1)/fail(0): 1,	 time: 3.4959216117858887
Method: CudaSharedMemory    , dims: (3264, 3264, 3264)  , pass(1)/fail(0): 1,	 time: 1.0407822132110596
Method: Numpy               , dims: (3328, 3328, 3328)  , pass(1)/fail(0): 1,	 time: 0.8211843967437744
Method: JitNumpy            , dims: (3328, 3328, 3328)  , pass(1)/fail(0): 1,	 time: 0.8151731491088867
Method: CudaGlobalMemory    , dims: (3328, 3328, 3328)  , pass(1)/fail(0): 1,	 time: 3.6781795024871826
Method: CudaSharedMemory    , dims: (3328, 3328, 3328)  , pass(1)/fail(0): 1,	 time: 1.101999044418335
Method: Numpy               , dims: (3392, 3392, 3392)  , pass(1)/fail(0): 1,	 time: 0.8671975135803223
Method: JitNumpy            , dims: (3392, 3392, 3392)  , pass(1)/fail(0): 1,	 time: 0.8605070114135742
Method: CudaGlobalMemory    , dims: (3392, 3392, 3392)  , pass(1)/fail(0): 1,	 time: 3.889967203140259
Method: CudaSharedMemory    , dims: (3392, 3392, 3392)  , pass(1)/fail(0): 1,	 time: 1.202230453491211
Method: Numpy               , dims: (3456, 3456, 3456)  , pass(1)/fail(0): 1,	 time: 0.9131367206573486
Method: JitNumpy            , dims: (3456, 3456, 3456)  , pass(1)/fail(0): 1,	 time: 0.9094667434692383
Method: CudaGlobalMemory    , dims: (3456, 3456, 3456)  , pass(1)/fail(0): 1,	 time: 4.15832781791687
Method: CudaSharedMemory    , dims: (3456, 3456, 3456)  , pass(1)/fail(0): 1,	 time: 1.233137845993042
Method: Numpy               , dims: (3520, 3520, 3520)  , pass(1)/fail(0): 1,	 time: 0.9997148513793945
Method: JitNumpy            , dims: (3520, 3520, 3520)  , pass(1)/fail(0): 1,	 time: 0.9617853164672852
Method: CudaGlobalMemory    , dims: (3520, 3520, 3520)  , pass(1)/fail(0): 1,	 time: 4.346955299377441
Method: CudaSharedMemory    , dims: (3520, 3520, 3520)  , pass(1)/fail(0): 1,	 time: 1.3026747703552246
Method: Numpy               , dims: (3584, 3584, 3584)  , pass(1)/fail(0): 1,	 time: 1.0246951580047607
Method: JitNumpy            , dims: (3584, 3584, 3584)  , pass(1)/fail(0): 1,	 time: 1.0301084518432617
Method: CudaGlobalMemory    , dims: (3584, 3584, 3584)  , pass(1)/fail(0): 1,	 time: 4.59075403213501
Method: CudaSharedMemory    , dims: (3584, 3584, 3584)  , pass(1)/fail(0): 1,	 time: 1.414900541305542
Method: Numpy               , dims: (3648, 3648, 3648)  , pass(1)/fail(0): 1,	 time: 1.0753827095031738
Method: JitNumpy            , dims: (3648, 3648, 3648)  , pass(1)/fail(0): 1,	 time: 1.0642006397247314
Method: CudaGlobalMemory    , dims: (3648, 3648, 3648)  , pass(1)/fail(0): 1,	 time: 4.842717885971069
Method: CudaSharedMemory    , dims: (3648, 3648, 3648)  , pass(1)/fail(0): 1,	 time: 1.4477763175964355
Method: Numpy               , dims: (3712, 3712, 3712)  , pass(1)/fail(0): 1,	 time: 1.137420892715454
Method: JitNumpy            , dims: (3712, 3712, 3712)  , pass(1)/fail(0): 1,	 time: 1.129842758178711
Method: CudaGlobalMemory    , dims: (3712, 3712, 3712)  , pass(1)/fail(0): 1,	 time: 5.1337730884552
Method: CudaSharedMemory    , dims: (3712, 3712, 3712)  , pass(1)/fail(0): 1,	 time: 1.5249912738800049
Method: Numpy               , dims: (3776, 3776, 3776)  , pass(1)/fail(0): 1,	 time: 1.199592113494873
Method: JitNumpy            , dims: (3776, 3776, 3776)  , pass(1)/fail(0): 1,	 time: 1.185046672821045
Method: CudaGlobalMemory    , dims: (3776, 3776, 3776)  , pass(1)/fail(0): 1,	 time: 5.377220630645752
Method: CudaSharedMemory    , dims: (3776, 3776, 3776)  , pass(1)/fail(0): 1,	 time: 1.604567050933838
Method: Numpy               , dims: (3840, 3840, 3840)  , pass(1)/fail(0): 1,	 time: 1.2558770179748535
Method: JitNumpy            , dims: (3840, 3840, 3840)  , pass(1)/fail(0): 1,	 time: 1.2414002418518066
Method: CudaGlobalMemory    , dims: (3840, 3840, 3840)  , pass(1)/fail(0): 1,	 time: 5.637209177017212
Method: CudaSharedMemory    , dims: (3840, 3840, 3840)  , pass(1)/fail(0): 1,	 time: 1.7359986305236816
Method: Numpy               , dims: (3904, 3904, 3904)  , pass(1)/fail(0): 1,	 time: 1.3255412578582764
Method: JitNumpy            , dims: (3904, 3904, 3904)  , pass(1)/fail(0): 1,	 time: 1.3147449493408203
Method: CudaGlobalMemory    , dims: (3904, 3904, 3904)  , pass(1)/fail(0): 1,	 time: 5.9387781620025635
Method: CudaSharedMemory    , dims: (3904, 3904, 3904)  , pass(1)/fail(0): 1,	 time: 1.7722256183624268
Method: Numpy               , dims: (3968, 3968, 3968)  , pass(1)/fail(0): 1,	 time: 1.3838348388671875
Method: JitNumpy            , dims: (3968, 3968, 3968)  , pass(1)/fail(0): 1,	 time: 1.374938726425171
Method: CudaGlobalMemory    , dims: (3968, 3968, 3968)  , pass(1)/fail(0): 1,	 time: 6.262951850891113
Method: CudaSharedMemory    , dims: (3968, 3968, 3968)  , pass(1)/fail(0): 1,	 time: 1.8598852157592773
Method: Numpy               , dims: (4032, 4032, 4032)  , pass(1)/fail(0): 1,	 time: 1.446932077407837
Method: JitNumpy            , dims: (4032, 4032, 4032)  , pass(1)/fail(0): 1,	 time: 1.4399538040161133
Method: CudaGlobalMemory    , dims: (4032, 4032, 4032)  , pass(1)/fail(0): 1,	 time: 6.545485734939575
Method: CudaSharedMemory    , dims: (4032, 4032, 4032)  , pass(1)/fail(0): 1,	 time: 1.951251745223999
Method: Numpy               , dims: (4096, 4096, 4096)  , pass(1)/fail(0): 1,	 time: 1.5368695259094238
Method: JitNumpy            , dims: (4096, 4096, 4096)  , pass(1)/fail(0): 1,	 time: 1.5349235534667969
Method: CudaGlobalMemory    , dims: (4096, 4096, 4096)  , pass(1)/fail(0): 1,	 time: 6.855193376541138
Method: CudaSharedMemory    , dims: (4096, 4096, 4096)  , pass(1)/fail(0): 1,	 time: 2.096506357192993
Method: Numpy               , dims: (4160, 4160, 4160)  , pass(1)/fail(0): 1,	 time: 1.5991871356964111
Method: JitNumpy            , dims: (4160, 4160, 4160)  , pass(1)/fail(0): 1,	 time: 1.6026573181152344
Method: CudaGlobalMemory    , dims: (4160, 4160, 4160)  , pass(1)/fail(0): 1,	 time: 7.23509407043457
Method: CudaSharedMemory    , dims: (4160, 4160, 4160)  , pass(1)/fail(0): 1,	 time: 2.1412503719329834
Method: Numpy               , dims: (4224, 4224, 4224)  , pass(1)/fail(0): 1,	 time: 1.6514544486999512
Method: JitNumpy            , dims: (4224, 4224, 4224)  , pass(1)/fail(0): 1,	 time: 1.6662349700927734
Method: CudaGlobalMemory    , dims: (4224, 4224, 4224)  , pass(1)/fail(0): 1,	 time: 7.513984441757202
Method: CudaSharedMemory    , dims: (4224, 4224, 4224)  , pass(1)/fail(0): 1,	 time: 2.242846965789795
Method: Numpy               , dims: (4288, 4288, 4288)  , pass(1)/fail(0): 1,	 time: 1.7418491840362549
Method: JitNumpy            , dims: (4288, 4288, 4288)  , pass(1)/fail(0): 1,	 time: 1.7488915920257568
Method: CudaGlobalMemory    , dims: (4288, 4288, 4288)  , pass(1)/fail(0): 1,	 time: 7.856425523757935
Method: CudaSharedMemory    , dims: (4288, 4288, 4288)  , pass(1)/fail(0): 1,	 time: 2.4030542373657227
Method: Numpy               , dims: (4352, 4352, 4352)  , pass(1)/fail(0): 1,	 time: 1.8112545013427734
Method: JitNumpy            , dims: (4352, 4352, 4352)  , pass(1)/fail(0): 1,	 time: 1.8215768337249756
Method: CudaGlobalMemory    , dims: (4352, 4352, 4352)  , pass(1)/fail(0): 1,	 time: 8.219144821166992
Method: CudaSharedMemory    , dims: (4352, 4352, 4352)  , pass(1)/fail(0): 1,	 time: 2.4509904384613037
Method: Numpy               , dims: (4416, 4416, 4416)  , pass(1)/fail(0): 1,	 time: 1.8970348834991455
Method: JitNumpy            , dims: (4416, 4416, 4416)  , pass(1)/fail(0): 1,	 time: 1.896054983139038
Method: CudaGlobalMemory    , dims: (4416, 4416, 4416)  , pass(1)/fail(0): 1,	 time: 8.643676042556763
Method: CudaSharedMemory    , dims: (4416, 4416, 4416)  , pass(1)/fail(0): 1,	 time: 2.5607166290283203
Method: Numpy               , dims: (4480, 4480, 4480)  , pass(1)/fail(0): 1,	 time: 1.9768152236938477
Method: JitNumpy            , dims: (4480, 4480, 4480)  , pass(1)/fail(0): 1,	 time: 1.9971354007720947
Method: CudaGlobalMemory    , dims: (4480, 4480, 4480)  , pass(1)/fail(0): 1,	 time: 8.978454828262329
Method: CudaSharedMemory    , dims: (4480, 4480, 4480)  , pass(1)/fail(0): 1,	 time: 2.672814130783081
Method: Numpy               , dims: (4544, 4544, 4544)  , pass(1)/fail(0): 1,	 time: 2.065480947494507
Method: JitNumpy            , dims: (4544, 4544, 4544)  , pass(1)/fail(0): 1,	 time: 2.073578119277954
Method: CudaGlobalMemory    , dims: (4544, 4544, 4544)  , pass(1)/fail(0): 1,	 time: 9.337796211242676
Method: CudaSharedMemory    , dims: (4544, 4544, 4544)  , pass(1)/fail(0): 1,	 time: 2.8540327548980713
Method: Numpy               , dims: (4608, 4608, 4608)  , pass(1)/fail(0): 1,	 time: 2.1764211654663086
Method: JitNumpy            , dims: (4608, 4608, 4608)  , pass(1)/fail(0): 1,	 time: 2.175747871398926
Method: CudaGlobalMemory    , dims: (4608, 4608, 4608)  , pass(1)/fail(0): 1,	 time: 9.770907878875732
Method: CudaSharedMemory    , dims: (4608, 4608, 4608)  , pass(1)/fail(0): 1,	 time: 2.9104647636413574
Method: Numpy               , dims: (4672, 4672, 4672)  , pass(1)/fail(0): 1,	 time: 2.2630136013031006
Method: JitNumpy            , dims: (4672, 4672, 4672)  , pass(1)/fail(0): 1,	 time: 2.267333984375
Method: CudaGlobalMemory    , dims: (4672, 4672, 4672)  , pass(1)/fail(0): 1,	 time: 10.220964670181274
Method: CudaSharedMemory    , dims: (4672, 4672, 4672)  , pass(1)/fail(0): 1,	 time: 3.0281269550323486
Method: Numpy               , dims: (4736, 4736, 4736)  , pass(1)/fail(0): 1,	 time: 2.3390064239501953
Method: JitNumpy            , dims: (4736, 4736, 4736)  , pass(1)/fail(0): 1,	 time: 2.360086679458618
Method: CudaGlobalMemory    , dims: (4736, 4736, 4736)  , pass(1)/fail(0): 1,	 time: 10.594660758972168
Method: CudaSharedMemory    , dims: (4736, 4736, 4736)  , pass(1)/fail(0): 1,	 time: 3.1549441814422607
Method: Numpy               , dims: (4800, 4800, 4800)  , pass(1)/fail(0): 1,	 time: 2.429574966430664
Method: JitNumpy            , dims: (4800, 4800, 4800)  , pass(1)/fail(0): 1,	 time: 2.4487175941467285
Method: CudaGlobalMemory    , dims: (4800, 4800, 4800)  , pass(1)/fail(0): 1,	 time: 11.024133682250977
Method: CudaSharedMemory    , dims: (4800, 4800, 4800)  , pass(1)/fail(0): 1,	 time: 3.3568239212036133
Method: Numpy               , dims: (4864, 4864, 4864)  , pass(1)/fail(0): 1,	 time: 2.5347530841827393
Method: JitNumpy            , dims: (4864, 4864, 4864)  , pass(1)/fail(0): 1,	 time: 2.543349504470825
Method: CudaGlobalMemory    , dims: (4864, 4864, 4864)  , pass(1)/fail(0): 1,	 time: 11.550115585327148
Method: CudaSharedMemory    , dims: (4864, 4864, 4864)  , pass(1)/fail(0): 1,	 time: 3.4159512519836426
Method: Numpy               , dims: (4928, 4928, 4928)  , pass(1)/fail(0): 1,	 time: 2.6302595138549805
Method: JitNumpy            , dims: (4928, 4928, 4928)  , pass(1)/fail(0): 1,	 time: 2.6209018230438232
Method: CudaGlobalMemory    , dims: (4928, 4928, 4928)  , pass(1)/fail(0): 1,	 time: 11.92937183380127
Method: CudaSharedMemory    , dims: (4928, 4928, 4928)  , pass(1)/fail(0): 1,	 time: 3.551985740661621
Method: Numpy               , dims: (4992, 4992, 4992)  , pass(1)/fail(0): 1,	 time: 2.7282495498657227
Method: JitNumpy            , dims: (4992, 4992, 4992)  , pass(1)/fail(0): 1,	 time: 2.7284088134765625
Method: CudaGlobalMemory    , dims: (4992, 4992, 4992)  , pass(1)/fail(0): 1,	 time: 12.390105724334717
Method: CudaSharedMemory    , dims: (4992, 4992, 4992)  , pass(1)/fail(0): 1,	 time: 3.7735934257507324
Method: Numpy               , dims: (5056, 5056, 5056)  , pass(1)/fail(0): 1,	 time: 2.8465793132781982
Method: JitNumpy            , dims: (5056, 5056, 5056)  , pass(1)/fail(0): 1,	 time: 2.8283917903900146
Method: CudaGlobalMemory    , dims: (5056, 5056, 5056)  , pass(1)/fail(0): 1,	 time: 12.891989707946777
Method: CudaSharedMemory    , dims: (5056, 5056, 5056)  , pass(1)/fail(0): 1,	 time: 3.835310220718384
Method: Numpy               , dims: (5120, 5120, 5120)  , pass(1)/fail(0): 1,	 time: 2.9744670391082764
Method: JitNumpy            , dims: (5120, 5120, 5120)  , pass(1)/fail(0): 1,	 time: 2.9613776206970215
Method: CudaGlobalMemory    , dims: (5120, 5120, 5120)  , pass(1)/fail(0): 1,	 time: 13.435295104980469
Method: CudaSharedMemory    , dims: (5120, 5120, 5120)  , pass(1)/fail(0): 1,	 time: 3.9841225147247314
Method: Numpy               , dims: (5184, 5184, 5184)  , pass(1)/fail(0): 1,	 time: 3.0408711433410645
Method: JitNumpy            , dims: (5184, 5184, 5184)  , pass(1)/fail(0): 1,	 time: 3.037583827972412
Method: CudaGlobalMemory    , dims: (5184, 5184, 5184)  , pass(1)/fail(0): 1,	 time: 13.89587926864624
Method: CudaSharedMemory    , dims: (5184, 5184, 5184)  , pass(1)/fail(0): 1,	 time: 4.1343629360198975
Method: Numpy               , dims: (5248, 5248, 5248)  , pass(1)/fail(0): 1,	 time: 3.1590123176574707
Method: JitNumpy            , dims: (5248, 5248, 5248)  , pass(1)/fail(0): 1,	 time: 3.151515483856201
Method: CudaGlobalMemory    , dims: (5248, 5248, 5248)  , pass(1)/fail(0): 1,	 time: 14.387126445770264
Method: CudaSharedMemory    , dims: (5248, 5248, 5248)  , pass(1)/fail(0): 1,	 time: 4.376724481582642
Method: Numpy               , dims: (5312, 5312, 5312)  , pass(1)/fail(0): 1,	 time: 3.274826765060425
Method: JitNumpy            , dims: (5312, 5312, 5312)  , pass(1)/fail(0): 1,	 time: 3.2697880268096924
Method: CudaGlobalMemory    , dims: (5312, 5312, 5312)  , pass(1)/fail(0): 1,	 time: 14.948676347732544
Method: CudaSharedMemory    , dims: (5312, 5312, 5312)  , pass(1)/fail(0): 1,	 time: 4.446437358856201
Method: Numpy               , dims: (5376, 5376, 5376)  , pass(1)/fail(0): 1,	 time: 3.3958418369293213
Method: JitNumpy            , dims: (5376, 5376, 5376)  , pass(1)/fail(0): 1,	 time: 3.385911464691162
Method: CudaGlobalMemory    , dims: (5376, 5376, 5376)  , pass(1)/fail(0): 1,	 time: 15.570049524307251
Method: CudaSharedMemory    , dims: (5376, 5376, 5376)  , pass(1)/fail(0): 1,	 time: 4.615585565567017
Method: Numpy               , dims: (5440, 5440, 5440)  , pass(1)/fail(0): 1,	 time: 3.53266978263855
Method: JitNumpy            , dims: (5440, 5440, 5440)  , pass(1)/fail(0): 1,	 time: 3.522555351257324
Method: CudaGlobalMemory    , dims: (5440, 5440, 5440)  , pass(1)/fail(0): 1,	 time: 16.043118238449097
Method: CudaSharedMemory    , dims: (5440, 5440, 5440)  , pass(1)/fail(0): 1,	 time: 4.775190353393555
Method: Numpy               , dims: (5504, 5504, 5504)  , pass(1)/fail(0): 1,	 time: 3.6514501571655273
Method: JitNumpy            , dims: (5504, 5504, 5504)  , pass(1)/fail(0): 1,	 time: 3.6444127559661865
Method: CudaGlobalMemory    , dims: (5504, 5504, 5504)  , pass(1)/fail(0): 1,	 time: 16.618361949920654
Method: CudaSharedMemory    , dims: (5504, 5504, 5504)  , pass(1)/fail(0): 1,	 time: 5.039769411087036
Method: Numpy               , dims: (5568, 5568, 5568)  , pass(1)/fail(0): 1,	 time: 3.76037335395813
Method: JitNumpy            , dims: (5568, 5568, 5568)  , pass(1)/fail(0): 1,	 time: 3.8009519577026367
Method: CudaGlobalMemory    , dims: (5568, 5568, 5568)  , pass(1)/fail(0): 1,	 time: 17.290021896362305
Method: CudaSharedMemory    , dims: (5568, 5568, 5568)  , pass(1)/fail(0): 1,	 time: 5.119183301925659
Method: Numpy               , dims: (5632, 5632, 5632)  , pass(1)/fail(0): 1,	 time: 3.9084811210632324
Method: JitNumpy            , dims: (5632, 5632, 5632)  , pass(1)/fail(0): 1,	 time: 3.9315855503082275
Method: CudaGlobalMemory    , dims: (5632, 5632, 5632)  , pass(1)/fail(0): 1,	 time: 17.811277627944946
Method: CudaSharedMemory    , dims: (5632, 5632, 5632)  , pass(1)/fail(0): 1,	 time: 5.296116828918457
Method: Numpy               , dims: (5696, 5696, 5696)  , pass(1)/fail(0): 1,	 time: 4.033461332321167
Method: JitNumpy            , dims: (5696, 5696, 5696)  , pass(1)/fail(0): 1,	 time: 4.078989505767822
Method: CudaGlobalMemory    , dims: (5696, 5696, 5696)  , pass(1)/fail(0): 1,	 time: 18.387120485305786
Method: CudaSharedMemory    , dims: (5696, 5696, 5696)  , pass(1)/fail(0): 1,	 time: 5.581618309020996
Method: Numpy               , dims: (5760, 5760, 5760)  , pass(1)/fail(0): 1,	 time: 4.2515928745269775
Method: JitNumpy            , dims: (5760, 5760, 5760)  , pass(1)/fail(0): 1,	 time: 4.2041544914245605
Method: CudaGlobalMemory    , dims: (5760, 5760, 5760)  , pass(1)/fail(0): 1,	 time: 19.062074661254883
Method: CudaSharedMemory    , dims: (5760, 5760, 5760)  , pass(1)/fail(0): 1,	 time: 5.6706719398498535
Method: Numpy               , dims: (5824, 5824, 5824)  , pass(1)/fail(0): 1,	 time: 4.325359344482422
Method: JitNumpy            , dims: (5824, 5824, 5824)  , pass(1)/fail(0): 1,	 time: 4.3269312381744385
Method: CudaGlobalMemory    , dims: (5824, 5824, 5824)  , pass(1)/fail(0): 1,	 time: 19.76698350906372
Method: CudaSharedMemory    , dims: (5824, 5824, 5824)  , pass(1)/fail(0): 1,	 time: 5.85590934753418
Method: Numpy               , dims: (5888, 5888, 5888)  , pass(1)/fail(0): 1,	 time: 4.484320640563965
Method: JitNumpy            , dims: (5888, 5888, 5888)  , pass(1)/fail(0): 1,	 time: 4.453296899795532
Method: CudaGlobalMemory    , dims: (5888, 5888, 5888)  , pass(1)/fail(0): 1,	 time: 20.348352909088135
Method: CudaSharedMemory    , dims: (5888, 5888, 5888)  , pass(1)/fail(0): 1,	 time: 6.049152135848999
Method: Numpy               , dims: (5952, 5952, 5952)  , pass(1)/fail(0): 1,	 time: 4.621501445770264
Method: JitNumpy            , dims: (5952, 5952, 5952)  , pass(1)/fail(0): 1,	 time: 4.599282503128052
Method: CudaGlobalMemory    , dims: (5952, 5952, 5952)  , pass(1)/fail(0): 1,	 time: 20.97825837135315
Method: CudaSharedMemory    , dims: (5952, 5952, 5952)  , pass(1)/fail(0): 1,	 time: 6.361739873886108
Method: Numpy               , dims: (6016, 6016, 6016)  , pass(1)/fail(0): 1,	 time: 4.774173974990845
Method: JitNumpy            , dims: (6016, 6016, 6016)  , pass(1)/fail(0): 1,	 time: 4.749742746353149
Method: CudaGlobalMemory    , dims: (6016, 6016, 6016)  , pass(1)/fail(0): 1,	 time: 21.704103231430054
Method: CudaSharedMemory    , dims: (6016, 6016, 6016)  , pass(1)/fail(0): 1,	 time: 6.450339317321777
Method: Numpy               , dims: (6080, 6080, 6080)  , pass(1)/fail(0): 1,	 time: 4.921388864517212
Method: JitNumpy            , dims: (6080, 6080, 6080)  , pass(1)/fail(0): 1,	 time: 4.919454097747803
Method: CudaGlobalMemory    , dims: (6080, 6080, 6080)  , pass(1)/fail(0): 1,	 time: 22.49255132675171
Method: CudaSharedMemory    , dims: (6080, 6080, 6080)  , pass(1)/fail(0): 1,	 time: 6.65742301940918
Method: Numpy               , dims: (6144, 6144, 6144)  , pass(1)/fail(0): 1,	 time: 5.1017374992370605
Method: JitNumpy            , dims: (6144, 6144, 6144)  , pass(1)/fail(0): 1,	 time: 5.118833065032959
Method: CudaGlobalMemory    , dims: (6144, 6144, 6144)  , pass(1)/fail(0): 1,	 time: 23.097740650177002
Method: CudaSharedMemory    , dims: (6144, 6144, 6144)  , pass(1)/fail(0): 1,	 time: 6.878743410110474
