Methods:  [<class 'matmul.Numpy'>, <class 'matmul.JitNumpy'>, <class 'matmul.CudaGlobalMemory'>, <class 'matmul.CudaSharedMemory'>]
Dims:  [(1, 1, 1), (512, 512, 512)]
Result:
 [[ 0.19996351]]
Expected:
 [[ 0.19996351]]
Result:
 [[ 122.13481903  125.23043823  121.83541107 ...,  122.85968018
   121.13676453  125.25078583]
 [ 123.61445618  131.05801392  130.29231262 ...,  124.2256546   126.47817993
   128.69854736]
 [ 135.23696899  138.08187866  137.06039429 ...,  125.2888031   136.36099243
   137.40820312]
 ..., 
 [ 131.4382019   137.70545959  132.69816589 ...,  130.42399597
   132.73664856  135.44885254]
 [ 131.68634033  134.35719299  135.81781006 ...,  124.79623413
   131.36224365  133.57376099]
 [ 127.33971405  130.44442749  124.08724976 ...,  118.41261292
   123.09574127  129.04414368]]
Expected:
 [[ 122.13481903  125.23043823  121.83541107 ...,  122.85968018
   121.13676453  125.25078583]
 [ 123.61445618  131.05801392  130.29231262 ...,  124.2256546   126.47817993
   128.69854736]
 [ 135.23696899  138.08187866  137.06039429 ...,  125.2888031   136.36099243
   137.40820312]
 ..., 
 [ 131.4382019   137.70545959  132.69816589 ...,  130.42399597
   132.73664856  135.44885254]
 [ 131.68634033  134.35719299  135.81781006 ...,  124.79623413
   131.36224365  133.57376099]
 [ 127.33971405  130.44442749  124.08724976 ...,  118.41261292
   123.09574127  129.04414368]]
Result:
 [[ 0.19996351]]
Expected:
 [[ 0.19996351]]
Result:
 [[ 122.13481903  125.23043823  121.83541107 ...,  122.85968018
   121.13676453  125.25078583]
 [ 123.61445618  131.05801392  130.29231262 ...,  124.2256546   126.47817993
   128.69854736]
 [ 135.23696899  138.08187866  137.06039429 ...,  125.2888031   136.36099243
   137.40820312]
 ..., 
 [ 131.4382019   137.70545959  132.69816589 ...,  130.42399597
   132.73664856  135.44885254]
 [ 131.68634033  134.35719299  135.81781006 ...,  124.79623413
   131.36224365  133.57376099]
 [ 127.33971405  130.44442749  124.08724976 ...,  118.41261292
   123.09574127  129.04414368]]
Expected:
 [[ 122.13481903  125.23043823  121.83541107 ...,  122.85968018
   121.13676453  125.25078583]
 [ 123.61445618  131.05801392  130.29231262 ...,  124.2256546   126.47817993
   128.69854736]
 [ 135.23696899  138.08187866  137.06039429 ...,  125.2888031   136.36099243
   137.40820312]
 ..., 
 [ 131.4382019   137.70545959  132.69816589 ...,  130.42399597
   132.73664856  135.44885254]
 [ 131.68634033  134.35719299  135.81781006 ...,  124.79623413
   131.36224365  133.57376099]
 [ 127.33971405  130.44442749  124.08724976 ...,  118.41261292
   123.09574127  129.04414368]]
