Traceback (most recent call last):
  File "scratch1.py", line 39, in <module>
    main()
  File "scratch1.py", line 35, in main
    print(increment_v1(arr))
  File "/home/bbc33/anaconda3/envs/pycuda/lib/python3.6/site-packages/numba/cuda/compiler.py", line 798, in __call__
    kernel = self.specialize(*args)
  File "/home/bbc33/anaconda3/envs/pycuda/lib/python3.6/site-packages/numba/cuda/compiler.py", line 809, in specialize
    kernel = self.compile(argtypes)
  File "/home/bbc33/anaconda3/envs/pycuda/lib/python3.6/site-packages/numba/cuda/compiler.py", line 825, in compile
    **self.targetoptions)
  File "/home/bbc33/anaconda3/envs/pycuda/lib/python3.6/site-packages/numba/compiler_lock.py", line 32, in _acquire_compile_lock
    return func(*args, **kwargs)
  File "/home/bbc33/anaconda3/envs/pycuda/lib/python3.6/site-packages/numba/cuda/compiler.py", line 61, in compile_kernel
    cres = compile_cuda(pyfunc, types.void, args, debug=debug, inline=inline)
  File "/home/bbc33/anaconda3/envs/pycuda/lib/python3.6/site-packages/numba/compiler_lock.py", line 32, in _acquire_compile_lock
    return func(*args, **kwargs)
  File "/home/bbc33/anaconda3/envs/pycuda/lib/python3.6/site-packages/numba/cuda/compiler.py", line 50, in compile_cuda
    locals={})
  File "/home/bbc33/anaconda3/envs/pycuda/lib/python3.6/site-packages/numba/compiler.py", line 551, in compile_extra
    return pipeline.compile_extra(func)
  File "/home/bbc33/anaconda3/envs/pycuda/lib/python3.6/site-packages/numba/compiler.py", line 331, in compile_extra
    return self._compile_bytecode()
  File "/home/bbc33/anaconda3/envs/pycuda/lib/python3.6/site-packages/numba/compiler.py", line 393, in _compile_bytecode
    return self._compile_core()
  File "/home/bbc33/anaconda3/envs/pycuda/lib/python3.6/site-packages/numba/compiler.py", line 373, in _compile_core
    raise e
  File "/home/bbc33/anaconda3/envs/pycuda/lib/python3.6/site-packages/numba/compiler.py", line 364, in _compile_core
    pm.run(self.state)
  File "/home/bbc33/anaconda3/envs/pycuda/lib/python3.6/site-packages/numba/compiler_machinery.py", line 347, in run
    raise patched_exception
  File "/home/bbc33/anaconda3/envs/pycuda/lib/python3.6/site-packages/numba/compiler_machinery.py", line 338, in run
    self._runPass(idx, pass_inst, state)
  File "/home/bbc33/anaconda3/envs/pycuda/lib/python3.6/site-packages/numba/compiler_lock.py", line 32, in _acquire_compile_lock
    return func(*args, **kwargs)
  File "/home/bbc33/anaconda3/envs/pycuda/lib/python3.6/site-packages/numba/compiler_machinery.py", line 302, in _runPass
    mutated |= check(pss.run_pass, internal_state)
  File "/home/bbc33/anaconda3/envs/pycuda/lib/python3.6/site-packages/numba/compiler_machinery.py", line 275, in check
    mangled = func(compiler_state)
  File "/home/bbc33/anaconda3/envs/pycuda/lib/python3.6/site-packages/numba/typed_passes.py", line 95, in run_pass
    raise_errors=self._raise_errors)
  File "/home/bbc33/anaconda3/envs/pycuda/lib/python3.6/site-packages/numba/typed_passes.py", line 67, in type_inference_stage
    infer.propagate(raise_errors=raise_errors)
  File "/home/bbc33/anaconda3/envs/pycuda/lib/python3.6/site-packages/numba/typeinfer.py", line 985, in propagate
    raise errors[0]
numba.errors.TypingError: Failed in nopython mode pipeline (step: nopython frontend)
No conversion from array(int64, 1d, C) to none for '$64.2', defined at None

File "scratch1.py", line 24:
def increment_v1(array):
    <source elided>
	
	return array
 ^

[1] During: typing of assignment at scratch1.py (24)

File "scratch1.py", line 24:
def increment_v1(array):
    <source elided>
	
	return array
 ^

