Device name: b'NVIDIA GeForce GTX 1070'
Compute capability: (6, 1)
Total global memory (GB): 7.89508056640625
Free global memory (GB): 7.66363525390625
Used global memory (GB): 0.2314453125
Max threads per block: 1024
Max block dimensions: x=1024, y=1024, z=64
Max grid dimensions: x=2147483647, y=65535, z=65535
Max shared memory per block (KB): 48.0
Method: CudaGlobalMemory          , dims: (16, 256, 256)      , pass(0)/fail(1): 0,	 time (s): 0.0005958080291748047
Method: CudaSharedMemory          , dims: (16, 256, 256)      , pass(0)/fail(1): 0,	 time (s): 0.00048422813415527344
Method: CupyMatmul                , dims: (16, 256, 256)      , pass(0)/fail(1): 0,	 time (s): 0.00880575180053711
Method: CupyDot                   , dims: (16, 256, 256)      , pass(0)/fail(1): 0,	 time (s): 0.00018024444580078125

Method: CudaGlobalMemory          , dims: (32, 256, 256)      , pass(0)/fail(1): 0,	 time (s): 0.0007266998291015625
Method: CudaSharedMemory          , dims: (32, 256, 256)      , pass(0)/fail(1): 0,	 time (s): 0.00047397613525390625
Method: CupyMatmul                , dims: (32, 256, 256)      , pass(0)/fail(1): 0,	 time (s): 0.0003669261932373047
Method: CupyDot                   , dims: (32, 256, 256)      , pass(0)/fail(1): 0,	 time (s): 0.00012993812561035156

Method: CudaGlobalMemory          , dims: (48, 256, 256)      , pass(0)/fail(1): 0,	 time (s): 0.0005269050598144531
Method: CudaSharedMemory          , dims: (48, 256, 256)      , pass(0)/fail(1): 0,	 time (s): 0.0004458427429199219
Method: CupyMatmul                , dims: (48, 256, 256)      , pass(0)/fail(1): 0,	 time (s): 0.0002105236053466797
Method: CupyDot                   , dims: (48, 256, 256)      , pass(0)/fail(1): 0,	 time (s): 0.0001323223114013672

Method: CudaGlobalMemory          , dims: (64, 256, 256)      , pass(0)/fail(1): 0,	 time (s): 0.0006623268127441406
Method: CudaSharedMemory          , dims: (64, 256, 256)      , pass(0)/fail(1): 0,	 time (s): 0.0004520416259765625
Method: CupyMatmul                , dims: (64, 256, 256)      , pass(0)/fail(1): 0,	 time (s): 0.00021982192993164062
Method: CupyDot                   , dims: (64, 256, 256)      , pass(0)/fail(1): 0,	 time (s): 0.0001423358917236328

Method: CudaGlobalMemory          , dims: (80, 256, 256)      , pass(0)/fail(1): 0,	 time (s): 0.0006024837493896484
Method: CudaSharedMemory          , dims: (80, 256, 256)      , pass(0)/fail(1): 0,	 time (s): 0.0005381107330322266
Method: CupyMatmul                , dims: (80, 256, 256)      , pass(0)/fail(1): 0,	 time (s): 0.0002503395080566406
Method: CupyDot                   , dims: (80, 256, 256)      , pass(0)/fail(1): 0,	 time (s): 0.00014829635620117188

Method: CudaGlobalMemory          , dims: (96, 256, 256)      , pass(0)/fail(1): 0,	 time (s): 0.0005781650543212891
Method: CudaSharedMemory          , dims: (96, 256, 256)      , pass(0)/fail(1): 0,	 time (s): 0.00045418739318847656
Method: CupyMatmul                , dims: (96, 256, 256)      , pass(0)/fail(1): 0,	 time (s): 0.00021409988403320312
Method: CupyDot                   , dims: (96, 256, 256)      , pass(0)/fail(1): 0,	 time (s): 0.0001494884490966797

Method: CudaGlobalMemory          , dims: (112, 256, 256)     , pass(0)/fail(1): 0,	 time (s): 0.0006716251373291016
Method: CudaSharedMemory          , dims: (112, 256, 256)     , pass(0)/fail(1): 0,	 time (s): 0.0004684925079345703
Method: CupyMatmul                , dims: (112, 256, 256)     , pass(0)/fail(1): 0,	 time (s): 0.000225067138671875
Method: CupyDot                   , dims: (112, 256, 256)     , pass(0)/fail(1): 0,	 time (s): 0.0001533031463623047

Method: CudaGlobalMemory          , dims: (128, 256, 256)     , pass(0)/fail(1): 0,	 time (s): 0.0007088184356689453
Method: CudaSharedMemory          , dims: (128, 256, 256)     , pass(0)/fail(1): 0,	 time (s): 0.0004756450653076172
Method: CupyMatmul                , dims: (128, 256, 256)     , pass(0)/fail(1): 0,	 time (s): 0.00022530555725097656
Method: CupyDot                   , dims: (128, 256, 256)     , pass(0)/fail(1): 0,	 time (s): 0.00016760826110839844

Method: CudaGlobalMemory          , dims: (144, 256, 256)     , pass(0)/fail(1): 0,	 time (s): 0.0006425380706787109
Method: CudaSharedMemory          , dims: (144, 256, 256)     , pass(0)/fail(1): 0,	 time (s): 0.0004794597625732422
Method: CupyMatmul                , dims: (144, 256, 256)     , pass(0)/fail(1): 0,	 time (s): 0.0002377033233642578
Method: CupyDot                   , dims: (144, 256, 256)     , pass(0)/fail(1): 0,	 time (s): 0.00016617774963378906

Method: CudaGlobalMemory          , dims: (160, 256, 256)     , pass(0)/fail(1): 0,	 time (s): 0.0007011890411376953
Method: CudaSharedMemory          , dims: (160, 256, 256)     , pass(0)/fail(1): 0,	 time (s): 0.000476837158203125
Method: CupyMatmul                , dims: (160, 256, 256)     , pass(0)/fail(1): 0,	 time (s): 0.00024366378784179688
Method: CupyDot                   , dims: (160, 256, 256)     , pass(0)/fail(1): 0,	 time (s): 0.00016951560974121094

Method: CudaGlobalMemory          , dims: (176, 256, 256)     , pass(0)/fail(1): 0,	 time (s): 0.0007026195526123047
Method: CudaSharedMemory          , dims: (176, 256, 256)     , pass(0)/fail(1): 0,	 time (s): 0.0004646778106689453
Method: CupyMatmul                , dims: (176, 256, 256)     , pass(0)/fail(1): 0,	 time (s): 0.0002543926239013672
Method: CupyDot                   , dims: (176, 256, 256)     , pass(0)/fail(1): 0,	 time (s): 0.00018668174743652344

Method: CudaGlobalMemory          , dims: (192, 256, 256)     , pass(0)/fail(1): 0,	 time (s): 0.0007488727569580078
Method: CudaSharedMemory          , dims: (192, 256, 256)     , pass(0)/fail(1): 0,	 time (s): 0.0004687309265136719
Method: CupyMatmul                , dims: (192, 256, 256)     , pass(0)/fail(1): 0,	 time (s): 0.0002582073211669922
Method: CupyDot                   , dims: (192, 256, 256)     , pass(0)/fail(1): 0,	 time (s): 0.00018835067749023438

Method: CudaGlobalMemory          , dims: (208, 256, 256)     , pass(0)/fail(1): 0,	 time (s): 0.0008680820465087891
Method: CudaSharedMemory          , dims: (208, 256, 256)     , pass(0)/fail(1): 0,	 time (s): 0.0004963874816894531
Method: CupyMatmul                , dims: (208, 256, 256)     , pass(0)/fail(1): 0,	 time (s): 0.0002639293670654297
Method: CupyDot                   , dims: (208, 256, 256)     , pass(0)/fail(1): 0,	 time (s): 0.0001983642578125

Method: CudaGlobalMemory          , dims: (224, 256, 256)     , pass(0)/fail(1): 0,	 time (s): 0.0008263587951660156
Method: CudaSharedMemory          , dims: (224, 256, 256)     , pass(0)/fail(1): 0,	 time (s): 0.0005431175231933594
Method: CupyMatmul                , dims: (224, 256, 256)     , pass(0)/fail(1): 0,	 time (s): 0.0002720355987548828
Method: CupyDot                   , dims: (224, 256, 256)     , pass(0)/fail(1): 0,	 time (s): 0.00019860267639160156

Method: CudaGlobalMemory          , dims: (240, 256, 256)     , pass(0)/fail(1): 0,	 time (s): 0.0008623600006103516
Method: CudaSharedMemory          , dims: (240, 256, 256)     , pass(0)/fail(1): 0,	 time (s): 0.0004875659942626953
Method: CupyMatmul                , dims: (240, 256, 256)     , pass(0)/fail(1): 0,	 time (s): 0.0002741813659667969
Method: CupyDot                   , dims: (240, 256, 256)     , pass(0)/fail(1): 0,	 time (s): 0.00021386146545410156

Method: CudaGlobalMemory          , dims: (256, 256, 256)     , pass(0)/fail(1): 0,	 time (s): 0.0009021759033203125
Method: CudaSharedMemory          , dims: (256, 256, 256)     , pass(0)/fail(1): 0,	 time (s): 0.0005595684051513672
Method: CupyMatmul                , dims: (256, 256, 256)     , pass(0)/fail(1): 0,	 time (s): 0.0002770423889160156
Method: CupyDot                   , dims: (256, 256, 256)     , pass(0)/fail(1): 0,	 time (s): 0.00021505355834960938

Method: CudaGlobalMemory          , dims: (272, 256, 256)     , pass(0)/fail(1): 0,	 time (s): 0.0009458065032958984
Method: CudaSharedMemory          , dims: (272, 256, 256)     , pass(0)/fail(1): 0,	 time (s): 0.000537872314453125
Method: CupyMatmul                , dims: (272, 256, 256)     , pass(0)/fail(1): 0,	 time (s): 0.00030612945556640625
Method: CupyDot                   , dims: (272, 256, 256)     , pass(0)/fail(1): 0,	 time (s): 0.0002415180206298828

Method: CudaGlobalMemory          , dims: (288, 256, 256)     , pass(0)/fail(1): 0,	 time (s): 0.0009770393371582031
Method: CudaSharedMemory          , dims: (288, 256, 256)     , pass(0)/fail(1): 0,	 time (s): 0.0005295276641845703
Method: CupyMatmul                , dims: (288, 256, 256)     , pass(0)/fail(1): 0,	 time (s): 0.0002989768981933594
Method: CupyDot                   , dims: (288, 256, 256)     , pass(0)/fail(1): 0,	 time (s): 0.0002288818359375

Method: CudaGlobalMemory          , dims: (304, 256, 256)     , pass(0)/fail(1): 0,	 time (s): 0.0009872913360595703
Method: CudaSharedMemory          , dims: (304, 256, 256)     , pass(0)/fail(1): 0,	 time (s): 0.0005552768707275391
Method: CupyMatmul                , dims: (304, 256, 256)     , pass(0)/fail(1): 0,	 time (s): 0.0003066062927246094
Method: CupyDot                   , dims: (304, 256, 256)     , pass(0)/fail(1): 0,	 time (s): 0.00023937225341796875

Method: CudaGlobalMemory          , dims: (320, 256, 256)     , pass(0)/fail(1): 0,	 time (s): 0.0010318756103515625
Method: CudaSharedMemory          , dims: (320, 256, 256)     , pass(0)/fail(1): 0,	 time (s): 0.0005545616149902344
Method: CupyMatmul                , dims: (320, 256, 256)     , pass(0)/fail(1): 0,	 time (s): 0.0003180503845214844
Method: CupyDot                   , dims: (320, 256, 256)     , pass(0)/fail(1): 0,	 time (s): 0.0002465248107910156

Method: CudaGlobalMemory          , dims: (336, 256, 256)     , pass(0)/fail(1): 0,	 time (s): 0.0010313987731933594
Method: CudaSharedMemory          , dims: (336, 256, 256)     , pass(0)/fail(1): 0,	 time (s): 0.0005593299865722656
Method: CupyMatmul                , dims: (336, 256, 256)     , pass(0)/fail(1): 0,	 time (s): 0.00031566619873046875
Method: CupyDot                   , dims: (336, 256, 256)     , pass(0)/fail(1): 0,	 time (s): 0.0002493858337402344

Method: CudaGlobalMemory          , dims: (352, 256, 256)     , pass(0)/fail(1): 0,	 time (s): 0.0012707710266113281
Method: CudaSharedMemory          , dims: (352, 256, 256)     , pass(0)/fail(1): 0,	 time (s): 0.0006444454193115234
Method: CupyMatmul                , dims: (352, 256, 256)     , pass(0)/fail(1): 0,	 time (s): 0.0003666877746582031
Method: CupyDot                   , dims: (352, 256, 256)     , pass(0)/fail(1): 0,	 time (s): 0.0002582073211669922

Method: CudaGlobalMemory          , dims: (368, 256, 256)     , pass(0)/fail(1): 0,	 time (s): 0.001073598861694336
Method: CudaSharedMemory          , dims: (368, 256, 256)     , pass(0)/fail(1): 0,	 time (s): 0.0006296634674072266
Method: CupyMatmul                , dims: (368, 256, 256)     , pass(0)/fail(1): 0,	 time (s): 0.000347137451171875
Method: CupyDot                   , dims: (368, 256, 256)     , pass(0)/fail(1): 0,	 time (s): 0.0002675056457519531

Method: CudaGlobalMemory          , dims: (384, 256, 256)     , pass(0)/fail(1): 0,	 time (s): 0.0011496543884277344
Method: CudaSharedMemory          , dims: (384, 256, 256)     , pass(0)/fail(1): 0,	 time (s): 0.0005559921264648438
Method: CupyMatmul                , dims: (384, 256, 256)     , pass(0)/fail(1): 0,	 time (s): 0.0003440380096435547
Method: CupyDot                   , dims: (384, 256, 256)     , pass(0)/fail(1): 0,	 time (s): 0.00027179718017578125

Method: CudaGlobalMemory          , dims: (400, 256, 256)     , pass(0)/fail(1): 0,	 time (s): 0.0011658668518066406
Method: CudaSharedMemory          , dims: (400, 256, 256)     , pass(0)/fail(1): 0,	 time (s): 0.0005948543548583984
Method: CupyMatmul                , dims: (400, 256, 256)     , pass(0)/fail(1): 0,	 time (s): 0.0004260540008544922
Method: CupyDot                   , dims: (400, 256, 256)     , pass(0)/fail(1): 0,	 time (s): 0.0002944469451904297

Method: CudaGlobalMemory          , dims: (416, 256, 256)     , pass(0)/fail(1): 0,	 time (s): 0.0011980533599853516
Method: CudaSharedMemory          , dims: (416, 256, 256)     , pass(0)/fail(1): 0,	 time (s): 0.0005774497985839844
Method: CupyMatmul                , dims: (416, 256, 256)     , pass(0)/fail(1): 0,	 time (s): 0.0003533363342285156
Method: CupyDot                   , dims: (416, 256, 256)     , pass(0)/fail(1): 0,	 time (s): 0.0002830028533935547

Method: CudaGlobalMemory          , dims: (432, 256, 256)     , pass(0)/fail(1): 0,	 time (s): 0.001203775405883789
Method: CudaSharedMemory          , dims: (432, 256, 256)     , pass(0)/fail(1): 0,	 time (s): 0.0006451606750488281
Method: CupyMatmul                , dims: (432, 256, 256)     , pass(0)/fail(1): 0,	 time (s): 0.00037217140197753906
Method: CupyDot                   , dims: (432, 256, 256)     , pass(0)/fail(1): 0,	 time (s): 0.0002849102020263672

Method: CudaGlobalMemory          , dims: (448, 256, 256)     , pass(0)/fail(1): 0,	 time (s): 0.0012280941009521484
Method: CudaSharedMemory          , dims: (448, 256, 256)     , pass(0)/fail(1): 0,	 time (s): 0.0006055831909179688
Method: CupyMatmul                , dims: (448, 256, 256)     , pass(0)/fail(1): 0,	 time (s): 0.0004260540008544922
Method: CupyDot                   , dims: (448, 256, 256)     , pass(0)/fail(1): 0,	 time (s): 0.00030684471130371094

Method: CudaGlobalMemory          , dims: (464, 256, 256)     , pass(0)/fail(1): 0,	 time (s): 0.0012624263763427734
Method: CudaSharedMemory          , dims: (464, 256, 256)     , pass(0)/fail(1): 0,	 time (s): 0.0006964206695556641
Method: CupyMatmul                , dims: (464, 256, 256)     , pass(0)/fail(1): 0,	 time (s): 0.00038051605224609375
Method: CupyDot                   , dims: (464, 256, 256)     , pass(0)/fail(1): 0,	 time (s): 0.00030350685119628906

Method: CudaGlobalMemory          , dims: (480, 256, 256)     , pass(0)/fail(1): 0,	 time (s): 0.0012590885162353516
Method: CudaSharedMemory          , dims: (480, 256, 256)     , pass(0)/fail(1): 0,	 time (s): 0.0005972385406494141
Method: CupyMatmul                , dims: (480, 256, 256)     , pass(0)/fail(1): 0,	 time (s): 0.0003895759582519531
Method: CupyDot                   , dims: (480, 256, 256)     , pass(0)/fail(1): 0,	 time (s): 0.0003104209899902344

Method: CudaGlobalMemory          , dims: (496, 256, 256)     , pass(0)/fail(1): 0,	 time (s): 0.0013725757598876953
Method: CudaSharedMemory          , dims: (496, 256, 256)     , pass(0)/fail(1): 0,	 time (s): 0.0007128715515136719
Method: CupyMatmul                , dims: (496, 256, 256)     , pass(0)/fail(1): 0,	 time (s): 0.0003981590270996094
Method: CupyDot                   , dims: (496, 256, 256)     , pass(0)/fail(1): 0,	 time (s): 0.0003218650817871094

Method: CudaGlobalMemory          , dims: (512, 256, 256)     , pass(0)/fail(1): 0,	 time (s): 0.001344442367553711
Method: CudaSharedMemory          , dims: (512, 256, 256)     , pass(0)/fail(1): 0,	 time (s): 0.0006947517395019531
Method: CupyMatmul                , dims: (512, 256, 256)     , pass(0)/fail(1): 0,	 time (s): 0.0003972053527832031
Method: CupyDot                   , dims: (512, 256, 256)     , pass(0)/fail(1): 0,	 time (s): 0.0003371238708496094

Total Fail Count: 0

======================================================================================================

Method: CudaGlobalMemory          , dims: (256, 16, 256)      , pass(0)/fail(1): 0,	 time (s): 0.0005037784576416016
Method: CudaSharedMemory          , dims: (256, 16, 256)      , pass(0)/fail(1): 0,	 time (s): 0.0004184246063232422
Method: CupyMatmul                , dims: (256, 16, 256)      , pass(0)/fail(1): 0,	 time (s): 0.00021719932556152344
Method: CupyDot                   , dims: (256, 16, 256)      , pass(0)/fail(1): 0,	 time (s): 0.00011324882507324219

Method: CudaGlobalMemory          , dims: (256, 32, 256)      , pass(0)/fail(1): 0,	 time (s): 0.0005373954772949219
Method: CudaSharedMemory          , dims: (256, 32, 256)      , pass(0)/fail(1): 0,	 time (s): 0.000446319580078125
Method: CupyMatmul                , dims: (256, 32, 256)      , pass(0)/fail(1): 0,	 time (s): 0.00020837783813476562
Method: CupyDot                   , dims: (256, 32, 256)      , pass(0)/fail(1): 0,	 time (s): 0.00012135505676269531

Method: CudaGlobalMemory          , dims: (256, 48, 256)      , pass(0)/fail(1): 0,	 time (s): 0.0005164146423339844
Method: CudaSharedMemory          , dims: (256, 48, 256)      , pass(0)/fail(1): 0,	 time (s): 0.0004401206970214844
Method: CupyMatmul                , dims: (256, 48, 256)      , pass(0)/fail(1): 0,	 time (s): 0.00019931793212890625
Method: CupyDot                   , dims: (256, 48, 256)      , pass(0)/fail(1): 0,	 time (s): 0.0001285076141357422

Method: CudaGlobalMemory          , dims: (256, 64, 256)      , pass(0)/fail(1): 0,	 time (s): 0.0006010532379150391
Method: CudaSharedMemory          , dims: (256, 64, 256)      , pass(0)/fail(1): 0,	 time (s): 0.0004801750183105469
Method: CupyMatmul                , dims: (256, 64, 256)      , pass(0)/fail(1): 0,	 time (s): 0.00021696090698242188
Method: CupyDot                   , dims: (256, 64, 256)      , pass(0)/fail(1): 0,	 time (s): 0.0001430511474609375

Method: CudaGlobalMemory          , dims: (256, 80, 256)      , pass(0)/fail(1): 0,	 time (s): 0.0005559921264648438
Method: CudaSharedMemory          , dims: (256, 80, 256)      , pass(0)/fail(1): 0,	 time (s): 0.0004668235778808594
Method: CupyMatmul                , dims: (256, 80, 256)      , pass(0)/fail(1): 0,	 time (s): 0.0002110004425048828
Method: CupyDot                   , dims: (256, 80, 256)      , pass(0)/fail(1): 0,	 time (s): 0.00014066696166992188

Method: CudaGlobalMemory          , dims: (256, 96, 256)      , pass(0)/fail(1): 0,	 time (s): 0.0006115436553955078
Method: CudaSharedMemory          , dims: (256, 96, 256)      , pass(0)/fail(1): 0,	 time (s): 0.0004570484161376953
Method: CupyMatmul                , dims: (256, 96, 256)      , pass(0)/fail(1): 0,	 time (s): 0.00021219253540039062
Method: CupyDot                   , dims: (256, 96, 256)      , pass(0)/fail(1): 0,	 time (s): 0.00017189979553222656

Method: CudaGlobalMemory          , dims: (256, 112, 256)     , pass(0)/fail(1): 0,	 time (s): 0.0005948543548583984
Method: CudaSharedMemory          , dims: (256, 112, 256)     , pass(0)/fail(1): 0,	 time (s): 0.0004868507385253906
Method: CupyMatmul                , dims: (256, 112, 256)     , pass(0)/fail(1): 0,	 time (s): 0.00023055076599121094
Method: CupyDot                   , dims: (256, 112, 256)     , pass(0)/fail(1): 0,	 time (s): 0.00016236305236816406

Method: CudaGlobalMemory          , dims: (256, 128, 256)     , pass(0)/fail(1): 0,	 time (s): 0.000652313232421875
Method: CudaSharedMemory          , dims: (256, 128, 256)     , pass(0)/fail(1): 0,	 time (s): 0.0004999637603759766
Method: CupyMatmul                , dims: (256, 128, 256)     , pass(0)/fail(1): 0,	 time (s): 0.00022983551025390625
Method: CupyDot                   , dims: (256, 128, 256)     , pass(0)/fail(1): 0,	 time (s): 0.00019598007202148438

Method: CudaGlobalMemory          , dims: (256, 144, 256)     , pass(0)/fail(1): 0,	 time (s): 0.000659942626953125
Method: CudaSharedMemory          , dims: (256, 144, 256)     , pass(0)/fail(1): 0,	 time (s): 0.0005490779876708984
Method: CupyMatmul                , dims: (256, 144, 256)     , pass(0)/fail(1): 0,	 time (s): 0.0002753734588623047
Method: CupyDot                   , dims: (256, 144, 256)     , pass(0)/fail(1): 0,	 time (s): 0.0001857280731201172

Method: CudaGlobalMemory          , dims: (256, 160, 256)     , pass(0)/fail(1): 0,	 time (s): 0.0007193088531494141
Method: CudaSharedMemory          , dims: (256, 160, 256)     , pass(0)/fail(1): 0,	 time (s): 0.0005118846893310547
Method: CupyMatmul                , dims: (256, 160, 256)     , pass(0)/fail(1): 0,	 time (s): 0.00024199485778808594
Method: CupyDot                   , dims: (256, 160, 256)     , pass(0)/fail(1): 0,	 time (s): 0.0001697540283203125

Method: CudaGlobalMemory          , dims: (256, 176, 256)     , pass(0)/fail(1): 0,	 time (s): 0.0007593631744384766
Method: CudaSharedMemory          , dims: (256, 176, 256)     , pass(0)/fail(1): 0,	 time (s): 0.0004799365997314453
Method: CupyMatmul                , dims: (256, 176, 256)     , pass(0)/fail(1): 0,	 time (s): 0.00025200843811035156
Method: CupyDot                   , dims: (256, 176, 256)     , pass(0)/fail(1): 0,	 time (s): 0.00018358230590820312

Method: CudaGlobalMemory          , dims: (256, 192, 256)     , pass(0)/fail(1): 0,	 time (s): 0.0007646083831787109
Method: CudaSharedMemory          , dims: (256, 192, 256)     , pass(0)/fail(1): 0,	 time (s): 0.0004975795745849609
Method: CupyMatmul                , dims: (256, 192, 256)     , pass(0)/fail(1): 0,	 time (s): 0.0002503395080566406
Method: CupyDot                   , dims: (256, 192, 256)     , pass(0)/fail(1): 0,	 time (s): 0.00018858909606933594

Method: CudaGlobalMemory          , dims: (256, 208, 256)     , pass(0)/fail(1): 0,	 time (s): 0.0008251667022705078
Method: CudaSharedMemory          , dims: (256, 208, 256)     , pass(0)/fail(1): 0,	 time (s): 0.0004892349243164062
Method: CupyMatmul                , dims: (256, 208, 256)     , pass(0)/fail(1): 0,	 time (s): 0.00025582313537597656
Method: CupyDot                   , dims: (256, 208, 256)     , pass(0)/fail(1): 0,	 time (s): 0.0001952648162841797

Method: CudaGlobalMemory          , dims: (256, 224, 256)     , pass(0)/fail(1): 0,	 time (s): 0.0008237361907958984
Method: CudaSharedMemory          , dims: (256, 224, 256)     , pass(0)/fail(1): 0,	 time (s): 0.0004973411560058594
Method: CupyMatmul                , dims: (256, 224, 256)     , pass(0)/fail(1): 0,	 time (s): 0.00025725364685058594
Method: CupyDot                   , dims: (256, 224, 256)     , pass(0)/fail(1): 0,	 time (s): 0.00019788742065429688

Method: CudaGlobalMemory          , dims: (256, 240, 256)     , pass(0)/fail(1): 0,	 time (s): 0.0008428096771240234
Method: CudaSharedMemory          , dims: (256, 240, 256)     , pass(0)/fail(1): 0,	 time (s): 0.0005590915679931641
Method: CupyMatmul                , dims: (256, 240, 256)     , pass(0)/fail(1): 0,	 time (s): 0.0002677440643310547
Method: CupyDot                   , dims: (256, 240, 256)     , pass(0)/fail(1): 0,	 time (s): 0.00020503997802734375

Method: CudaGlobalMemory          , dims: (256, 256, 256)     , pass(0)/fail(1): 0,	 time (s): 0.0008540153503417969
Method: CudaSharedMemory          , dims: (256, 256, 256)     , pass(0)/fail(1): 0,	 time (s): 0.0005083084106445312
Method: CupyMatmul                , dims: (256, 256, 256)     , pass(0)/fail(1): 0,	 time (s): 0.0002720355987548828
Method: CupyDot                   , dims: (256, 256, 256)     , pass(0)/fail(1): 0,	 time (s): 0.00023555755615234375

Method: CudaGlobalMemory          , dims: (256, 272, 256)     , pass(0)/fail(1): 0,	 time (s): 0.0009419918060302734
Method: CudaSharedMemory          , dims: (256, 272, 256)     , pass(0)/fail(1): 0,	 time (s): 0.0005211830139160156
Method: CupyMatmul                , dims: (256, 272, 256)     , pass(0)/fail(1): 0,	 time (s): 0.00027489662170410156
Method: CupyDot                   , dims: (256, 272, 256)     , pass(0)/fail(1): 0,	 time (s): 0.00024819374084472656

Method: CudaGlobalMemory          , dims: (256, 288, 256)     , pass(0)/fail(1): 0,	 time (s): 0.0009407997131347656
Method: CudaSharedMemory          , dims: (256, 288, 256)     , pass(0)/fail(1): 0,	 time (s): 0.0005536079406738281
Method: CupyMatmul                , dims: (256, 288, 256)     , pass(0)/fail(1): 0,	 time (s): 0.00028252601623535156
Method: CupyDot                   , dims: (256, 288, 256)     , pass(0)/fail(1): 0,	 time (s): 0.00023055076599121094

Method: CudaGlobalMemory          , dims: (256, 304, 256)     , pass(0)/fail(1): 0,	 time (s): 0.0009810924530029297
Method: CudaSharedMemory          , dims: (256, 304, 256)     , pass(0)/fail(1): 0,	 time (s): 0.0005397796630859375
Method: CupyMatmul                , dims: (256, 304, 256)     , pass(0)/fail(1): 0,	 time (s): 0.00029468536376953125
Method: CupyDot                   , dims: (256, 304, 256)     , pass(0)/fail(1): 0,	 time (s): 0.00023698806762695312

Method: CudaGlobalMemory          , dims: (256, 320, 256)     , pass(0)/fail(1): 0,	 time (s): 0.0009965896606445312
Method: CudaSharedMemory          , dims: (256, 320, 256)     , pass(0)/fail(1): 0,	 time (s): 0.0007007122039794922
Method: CupyMatmul                , dims: (256, 320, 256)     , pass(0)/fail(1): 0,	 time (s): 0.00030112266540527344
Method: CupyDot                   , dims: (256, 320, 256)     , pass(0)/fail(1): 0,	 time (s): 0.00024127960205078125

Method: CudaGlobalMemory          , dims: (256, 336, 256)     , pass(0)/fail(1): 0,	 time (s): 0.0010330677032470703
Method: CudaSharedMemory          , dims: (256, 336, 256)     , pass(0)/fail(1): 0,	 time (s): 0.0005636215209960938
Method: CupyMatmul                , dims: (256, 336, 256)     , pass(0)/fail(1): 0,	 time (s): 0.00030040740966796875
Method: CupyDot                   , dims: (256, 336, 256)     , pass(0)/fail(1): 0,	 time (s): 0.00025916099548339844

Method: CudaGlobalMemory          , dims: (256, 352, 256)     , pass(0)/fail(1): 0,	 time (s): 0.0010786056518554688
Method: CudaSharedMemory          , dims: (256, 352, 256)     , pass(0)/fail(1): 0,	 time (s): 0.0005891323089599609
Method: CupyMatmul                , dims: (256, 352, 256)     , pass(0)/fail(1): 0,	 time (s): 0.0003070831298828125
Method: CupyDot                   , dims: (256, 352, 256)     , pass(0)/fail(1): 0,	 time (s): 0.00026679039001464844

Method: CudaGlobalMemory          , dims: (256, 368, 256)     , pass(0)/fail(1): 0,	 time (s): 0.0010690689086914062
Method: CudaSharedMemory          , dims: (256, 368, 256)     , pass(0)/fail(1): 0,	 time (s): 0.0006244182586669922
Method: CupyMatmul                , dims: (256, 368, 256)     , pass(0)/fail(1): 0,	 time (s): 0.0003287792205810547
Method: CupyDot                   , dims: (256, 368, 256)     , pass(0)/fail(1): 0,	 time (s): 0.00027632713317871094

Method: CudaGlobalMemory          , dims: (256, 384, 256)     , pass(0)/fail(1): 0,	 time (s): 0.0011093616485595703
Method: CudaSharedMemory          , dims: (256, 384, 256)     , pass(0)/fail(1): 0,	 time (s): 0.0006136894226074219
Method: CupyMatmul                , dims: (256, 384, 256)     , pass(0)/fail(1): 0,	 time (s): 0.00032138824462890625
Method: CupyDot                   , dims: (256, 384, 256)     , pass(0)/fail(1): 0,	 time (s): 0.00027680397033691406

Method: CudaGlobalMemory          , dims: (256, 400, 256)     , pass(0)/fail(1): 0,	 time (s): 0.001104593276977539
Method: CudaSharedMemory          , dims: (256, 400, 256)     , pass(0)/fail(1): 0,	 time (s): 0.0006310939788818359
Method: CupyMatmul                , dims: (256, 400, 256)     , pass(0)/fail(1): 0,	 time (s): 0.02152538299560547
Method: CupyDot                   , dims: (256, 400, 256)     , pass(0)/fail(1): 0,	 time (s): 0.00043082237243652344

Method: CudaGlobalMemory          , dims: (256, 416, 256)     , pass(0)/fail(1): 0,	 time (s): 0.0015451908111572266
Method: CudaSharedMemory          , dims: (256, 416, 256)     , pass(0)/fail(1): 0,	 time (s): 0.0006482601165771484
Method: CupyMatmul                , dims: (256, 416, 256)     , pass(0)/fail(1): 0,	 time (s): 0.0003933906555175781
Method: CupyDot                   , dims: (256, 416, 256)     , pass(0)/fail(1): 0,	 time (s): 0.0002999305725097656

Method: CudaGlobalMemory          , dims: (256, 432, 256)     , pass(0)/fail(1): 0,	 time (s): 0.0011854171752929688
Method: CudaSharedMemory          , dims: (256, 432, 256)     , pass(0)/fail(1): 0,	 time (s): 0.0007390975952148438
Method: CupyMatmul                , dims: (256, 432, 256)     , pass(0)/fail(1): 0,	 time (s): 0.000362396240234375
Method: CupyDot                   , dims: (256, 432, 256)     , pass(0)/fail(1): 0,	 time (s): 0.0003077983856201172

Method: CudaGlobalMemory          , dims: (256, 448, 256)     , pass(0)/fail(1): 0,	 time (s): 0.0011878013610839844
Method: CudaSharedMemory          , dims: (256, 448, 256)     , pass(0)/fail(1): 0,	 time (s): 0.0006551742553710938
Method: CupyMatmul                , dims: (256, 448, 256)     , pass(0)/fail(1): 0,	 time (s): 0.00035762786865234375
Method: CupyDot                   , dims: (256, 448, 256)     , pass(0)/fail(1): 0,	 time (s): 0.0003058910369873047

Method: CudaGlobalMemory          , dims: (256, 464, 256)     , pass(0)/fail(1): 0,	 time (s): 0.0012450218200683594
Method: CudaSharedMemory          , dims: (256, 464, 256)     , pass(0)/fail(1): 0,	 time (s): 0.0007803440093994141
Method: CupyMatmul                , dims: (256, 464, 256)     , pass(0)/fail(1): 0,	 time (s): 0.00037026405334472656
Method: CupyDot                   , dims: (256, 464, 256)     , pass(0)/fail(1): 0,	 time (s): 0.00032138824462890625

Method: CudaGlobalMemory          , dims: (256, 480, 256)     , pass(0)/fail(1): 0,	 time (s): 0.0012531280517578125
Method: CudaSharedMemory          , dims: (256, 480, 256)     , pass(0)/fail(1): 0,	 time (s): 0.0006940364837646484
Method: CupyMatmul                , dims: (256, 480, 256)     , pass(0)/fail(1): 0,	 time (s): 0.00037097930908203125
Method: CupyDot                   , dims: (256, 480, 256)     , pass(0)/fail(1): 0,	 time (s): 0.000324249267578125

Method: CudaGlobalMemory          , dims: (256, 496, 256)     , pass(0)/fail(1): 0,	 time (s): 0.0012505054473876953
Method: CudaSharedMemory          , dims: (256, 496, 256)     , pass(0)/fail(1): 0,	 time (s): 0.0007910728454589844
Method: CupyMatmul                , dims: (256, 496, 256)     , pass(0)/fail(1): 0,	 time (s): 0.0003788471221923828
Method: CupyDot                   , dims: (256, 496, 256)     , pass(0)/fail(1): 0,	 time (s): 0.00033020973205566406

Method: CudaGlobalMemory          , dims: (256, 512, 256)     , pass(0)/fail(1): 0,	 time (s): 0.0013146400451660156
Method: CudaSharedMemory          , dims: (256, 512, 256)     , pass(0)/fail(1): 0,	 time (s): 0.0007977485656738281
Method: CupyMatmul                , dims: (256, 512, 256)     , pass(0)/fail(1): 0,	 time (s): 0.0003864765167236328
Method: CupyDot                   , dims: (256, 512, 256)     , pass(0)/fail(1): 0,	 time (s): 0.00034046173095703125

Total Fail Count: 0

======================================================================================================

Method: CudaGlobalMemory          , dims: (256, 256, 16)      , pass(0)/fail(1): 0,	 time (s): 0.0004916191101074219
Method: CudaSharedMemory          , dims: (256, 256, 16)      , pass(0)/fail(1): 0,	 time (s): 0.0004897117614746094
Method: CupyMatmul                , dims: (256, 256, 16)      , pass(0)/fail(1): 0,	 time (s): 0.00023865699768066406
Method: CupyDot                   , dims: (256, 256, 16)      , pass(0)/fail(1): 0,	 time (s): 0.0001513957977294922

Method: CudaGlobalMemory          , dims: (256, 256, 32)      , pass(0)/fail(1): 0,	 time (s): 0.0005195140838623047
Method: CudaSharedMemory          , dims: (256, 256, 32)      , pass(0)/fail(1): 0,	 time (s): 0.0004596710205078125
Method: CupyMatmul                , dims: (256, 256, 32)      , pass(0)/fail(1): 0,	 time (s): 0.0002529621124267578
Method: CupyDot                   , dims: (256, 256, 32)      , pass(0)/fail(1): 0,	 time (s): 0.000152587890625

Method: CudaGlobalMemory          , dims: (256, 256, 48)      , pass(0)/fail(1): 0,	 time (s): 0.0005805492401123047
Method: CudaSharedMemory          , dims: (256, 256, 48)      , pass(0)/fail(1): 0,	 time (s): 0.0004858970642089844
Method: CupyMatmul                , dims: (256, 256, 48)      , pass(0)/fail(1): 0,	 time (s): 0.00022339820861816406
Method: CupyDot                   , dims: (256, 256, 48)      , pass(0)/fail(1): 0,	 time (s): 0.00015354156494140625

Method: CudaGlobalMemory          , dims: (256, 256, 64)      , pass(0)/fail(1): 0,	 time (s): 0.0005657672882080078
Method: CudaSharedMemory          , dims: (256, 256, 64)      , pass(0)/fail(1): 0,	 time (s): 0.0004794597625732422
Method: CupyMatmul                , dims: (256, 256, 64)      , pass(0)/fail(1): 0,	 time (s): 0.00022983551025390625
Method: CupyDot                   , dims: (256, 256, 64)      , pass(0)/fail(1): 0,	 time (s): 0.00015997886657714844

Method: CudaGlobalMemory          , dims: (256, 256, 80)      , pass(0)/fail(1): 0,	 time (s): 0.000579833984375
Method: CudaSharedMemory          , dims: (256, 256, 80)      , pass(0)/fail(1): 0,	 time (s): 0.0004978179931640625
Method: CupyMatmul                , dims: (256, 256, 80)      , pass(0)/fail(1): 0,	 time (s): 0.0002300739288330078
Method: CupyDot                   , dims: (256, 256, 80)      , pass(0)/fail(1): 0,	 time (s): 0.00016951560974121094

Method: CudaGlobalMemory          , dims: (256, 256, 96)      , pass(0)/fail(1): 0,	 time (s): 0.0005793571472167969
Method: CudaSharedMemory          , dims: (256, 256, 96)      , pass(0)/fail(1): 0,	 time (s): 0.00046825408935546875
Method: CupyMatmul                , dims: (256, 256, 96)      , pass(0)/fail(1): 0,	 time (s): 0.0002636909484863281
Method: CupyDot                   , dims: (256, 256, 96)      , pass(0)/fail(1): 0,	 time (s): 0.0001685619354248047

Method: CudaGlobalMemory          , dims: (256, 256, 112)     , pass(0)/fail(1): 0,	 time (s): 0.0006532669067382812
Method: CudaSharedMemory          , dims: (256, 256, 112)     , pass(0)/fail(1): 0,	 time (s): 0.0004923343658447266
Method: CupyMatmul                , dims: (256, 256, 112)     , pass(0)/fail(1): 0,	 time (s): 0.00023436546325683594
Method: CupyDot                   , dims: (256, 256, 112)     , pass(0)/fail(1): 0,	 time (s): 0.0001742839813232422

Method: CudaGlobalMemory          , dims: (256, 256, 128)     , pass(0)/fail(1): 0,	 time (s): 0.0006580352783203125
Method: CudaSharedMemory          , dims: (256, 256, 128)     , pass(0)/fail(1): 0,	 time (s): 0.0005085468292236328
Method: CupyMatmul                , dims: (256, 256, 128)     , pass(0)/fail(1): 0,	 time (s): 0.0002391338348388672
Method: CupyDot                   , dims: (256, 256, 128)     , pass(0)/fail(1): 0,	 time (s): 0.000171661376953125

Method: CudaGlobalMemory          , dims: (256, 256, 144)     , pass(0)/fail(1): 0,	 time (s): 0.0007407665252685547
Method: CudaSharedMemory          , dims: (256, 256, 144)     , pass(0)/fail(1): 0,	 time (s): 0.0005166530609130859
Method: CupyMatmul                , dims: (256, 256, 144)     , pass(0)/fail(1): 0,	 time (s): 0.0002675056457519531
Method: CupyDot                   , dims: (256, 256, 144)     , pass(0)/fail(1): 0,	 time (s): 0.00018596649169921875

Method: CudaGlobalMemory          , dims: (256, 256, 160)     , pass(0)/fail(1): 0,	 time (s): 0.0007183551788330078
Method: CudaSharedMemory          , dims: (256, 256, 160)     , pass(0)/fail(1): 0,	 time (s): 0.00048470497131347656
Method: CupyMatmul                , dims: (256, 256, 160)     , pass(0)/fail(1): 0,	 time (s): 0.0002498626708984375
Method: CupyDot                   , dims: (256, 256, 160)     , pass(0)/fail(1): 0,	 time (s): 0.00018477439880371094

Method: CudaGlobalMemory          , dims: (256, 256, 176)     , pass(0)/fail(1): 0,	 time (s): 0.0007348060607910156
Method: CudaSharedMemory          , dims: (256, 256, 176)     , pass(0)/fail(1): 0,	 time (s): 0.00047779083251953125
Method: CupyMatmul                , dims: (256, 256, 176)     , pass(0)/fail(1): 0,	 time (s): 0.0002613067626953125
Method: CupyDot                   , dims: (256, 256, 176)     , pass(0)/fail(1): 0,	 time (s): 0.00019216537475585938

Method: CudaGlobalMemory          , dims: (256, 256, 192)     , pass(0)/fail(1): 0,	 time (s): 0.0007517337799072266
Method: CudaSharedMemory          , dims: (256, 256, 192)     , pass(0)/fail(1): 0,	 time (s): 0.00047850608825683594
Method: CupyMatmul                , dims: (256, 256, 192)     , pass(0)/fail(1): 0,	 time (s): 0.0002529621124267578
Method: CupyDot                   , dims: (256, 256, 192)     , pass(0)/fail(1): 0,	 time (s): 0.0001919269561767578

Method: CudaGlobalMemory          , dims: (256, 256, 208)     , pass(0)/fail(1): 0,	 time (s): 0.0008306503295898438
Method: CudaSharedMemory          , dims: (256, 256, 208)     , pass(0)/fail(1): 0,	 time (s): 0.0005438327789306641
Method: CupyMatmul                , dims: (256, 256, 208)     , pass(0)/fail(1): 0,	 time (s): 0.00025916099548339844
Method: CupyDot                   , dims: (256, 256, 208)     , pass(0)/fail(1): 0,	 time (s): 0.0001971721649169922

Method: CudaGlobalMemory          , dims: (256, 256, 224)     , pass(0)/fail(1): 0,	 time (s): 0.0008211135864257812
Method: CudaSharedMemory          , dims: (256, 256, 224)     , pass(0)/fail(1): 0,	 time (s): 0.0004944801330566406
Method: CupyMatmul                , dims: (256, 256, 224)     , pass(0)/fail(1): 0,	 time (s): 0.00025916099548339844
Method: CupyDot                   , dims: (256, 256, 224)     , pass(0)/fail(1): 0,	 time (s): 0.0001995563507080078

Method: CudaGlobalMemory          , dims: (256, 256, 240)     , pass(0)/fail(1): 0,	 time (s): 0.0008671283721923828
Method: CudaSharedMemory          , dims: (256, 256, 240)     , pass(0)/fail(1): 0,	 time (s): 0.0005154609680175781
Method: CupyMatmul                , dims: (256, 256, 240)     , pass(0)/fail(1): 0,	 time (s): 0.0002684593200683594
Method: CupyDot                   , dims: (256, 256, 240)     , pass(0)/fail(1): 0,	 time (s): 0.0002446174621582031

Method: CudaGlobalMemory          , dims: (256, 256, 256)     , pass(0)/fail(1): 0,	 time (s): 0.0009443759918212891
Method: CudaSharedMemory          , dims: (256, 256, 256)     , pass(0)/fail(1): 0,	 time (s): 0.0005633831024169922
Method: CupyMatmul                , dims: (256, 256, 256)     , pass(0)/fail(1): 0,	 time (s): 0.00028824806213378906
Method: CupyDot                   , dims: (256, 256, 256)     , pass(0)/fail(1): 0,	 time (s): 0.00026154518127441406

Method: CudaGlobalMemory          , dims: (256, 256, 272)     , pass(0)/fail(1): 0,	 time (s): 0.0009450912475585938
Method: CudaSharedMemory          , dims: (256, 256, 272)     , pass(0)/fail(1): 0,	 time (s): 0.0005261898040771484
Method: CupyMatmul                , dims: (256, 256, 272)     , pass(0)/fail(1): 0,	 time (s): 0.0002799034118652344
Method: CupyDot                   , dims: (256, 256, 272)     , pass(0)/fail(1): 0,	 time (s): 0.00021529197692871094

Method: CudaGlobalMemory          , dims: (256, 256, 288)     , pass(0)/fail(1): 0,	 time (s): 0.0009455680847167969
Method: CudaSharedMemory          , dims: (256, 256, 288)     , pass(0)/fail(1): 0,	 time (s): 0.0005860328674316406
Method: CupyMatmul                , dims: (256, 256, 288)     , pass(0)/fail(1): 0,	 time (s): 0.0002830028533935547
Method: CupyDot                   , dims: (256, 256, 288)     , pass(0)/fail(1): 0,	 time (s): 0.0002262592315673828

Method: CudaGlobalMemory          , dims: (256, 256, 304)     , pass(0)/fail(1): 0,	 time (s): 0.0009799003601074219
Method: CudaSharedMemory          , dims: (256, 256, 304)     , pass(0)/fail(1): 0,	 time (s): 0.0005450248718261719
Method: CupyMatmul                , dims: (256, 256, 304)     , pass(0)/fail(1): 0,	 time (s): 0.00028967857360839844
Method: CupyDot                   , dims: (256, 256, 304)     , pass(0)/fail(1): 0,	 time (s): 0.00022792816162109375

Method: CudaGlobalMemory          , dims: (256, 256, 320)     , pass(0)/fail(1): 0,	 time (s): 0.0010263919830322266
Method: CudaSharedMemory          , dims: (256, 256, 320)     , pass(0)/fail(1): 0,	 time (s): 0.0006051063537597656
Method: CupyMatmul                , dims: (256, 256, 320)     , pass(0)/fail(1): 0,	 time (s): 0.0002918243408203125
Method: CupyDot                   , dims: (256, 256, 320)     , pass(0)/fail(1): 0,	 time (s): 0.00023698806762695312

Method: CudaGlobalMemory          , dims: (256, 256, 336)     , pass(0)/fail(1): 0,	 time (s): 0.0010602474212646484
Method: CudaSharedMemory          , dims: (256, 256, 336)     , pass(0)/fail(1): 0,	 time (s): 0.0006113052368164062
Method: CupyMatmul                , dims: (256, 256, 336)     , pass(0)/fail(1): 0,	 time (s): 0.00029277801513671875
Method: CupyDot                   , dims: (256, 256, 336)     , pass(0)/fail(1): 0,	 time (s): 0.00026154518127441406

Method: CudaGlobalMemory          , dims: (256, 256, 352)     , pass(0)/fail(1): 0,	 time (s): 0.0010652542114257812
Method: CudaSharedMemory          , dims: (256, 256, 352)     , pass(0)/fail(1): 0,	 time (s): 0.0006134510040283203
Method: CupyMatmul                , dims: (256, 256, 352)     , pass(0)/fail(1): 0,	 time (s): 0.00031495094299316406
Method: CupyDot                   , dims: (256, 256, 352)     , pass(0)/fail(1): 0,	 time (s): 0.00026106834411621094

Method: CudaGlobalMemory          , dims: (256, 256, 368)     , pass(0)/fail(1): 0,	 time (s): 0.0010755062103271484
Method: CudaSharedMemory          , dims: (256, 256, 368)     , pass(0)/fail(1): 0,	 time (s): 0.0006377696990966797
Method: CupyMatmul                , dims: (256, 256, 368)     , pass(0)/fail(1): 0,	 time (s): 0.00031113624572753906
Method: CupyDot                   , dims: (256, 256, 368)     , pass(0)/fail(1): 0,	 time (s): 0.00026488304138183594

Method: CudaGlobalMemory          , dims: (256, 256, 384)     , pass(0)/fail(1): 0,	 time (s): 0.0011186599731445312
Method: CudaSharedMemory          , dims: (256, 256, 384)     , pass(0)/fail(1): 0,	 time (s): 0.0006575584411621094
Method: CupyMatmul                , dims: (256, 256, 384)     , pass(0)/fail(1): 0,	 time (s): 0.0003197193145751953
Method: CupyDot                   , dims: (256, 256, 384)     , pass(0)/fail(1): 0,	 time (s): 0.0002694129943847656

Method: CudaGlobalMemory          , dims: (256, 256, 400)     , pass(0)/fail(1): 0,	 time (s): 0.0011501312255859375
Method: CudaSharedMemory          , dims: (256, 256, 400)     , pass(0)/fail(1): 0,	 time (s): 0.0007100105285644531
Method: CupyMatmul                , dims: (256, 256, 400)     , pass(0)/fail(1): 0,	 time (s): 0.0003256797790527344
Method: CupyDot                   , dims: (256, 256, 400)     , pass(0)/fail(1): 0,	 time (s): 0.0002753734588623047

Method: CudaGlobalMemory          , dims: (256, 256, 416)     , pass(0)/fail(1): 0,	 time (s): 0.0013217926025390625
Method: CudaSharedMemory          , dims: (256, 256, 416)     , pass(0)/fail(1): 0,	 time (s): 0.0007145404815673828
Method: CupyMatmul                , dims: (256, 256, 416)     , pass(0)/fail(1): 0,	 time (s): 0.0003247261047363281
Method: CupyDot                   , dims: (256, 256, 416)     , pass(0)/fail(1): 0,	 time (s): 0.0002770423889160156

Method: CudaGlobalMemory          , dims: (256, 256, 432)     , pass(0)/fail(1): 0,	 time (s): 0.0011754035949707031
Method: CudaSharedMemory          , dims: (256, 256, 432)     , pass(0)/fail(1): 0,	 time (s): 0.0008568763732910156
Method: CupyMatmul                , dims: (256, 256, 432)     , pass(0)/fail(1): 0,	 time (s): 0.0003314018249511719
Method: CupyDot                   , dims: (256, 256, 432)     , pass(0)/fail(1): 0,	 time (s): 0.00027942657470703125

Method: CudaGlobalMemory          , dims: (256, 256, 448)     , pass(0)/fail(1): 0,	 time (s): 0.0012030601501464844
Method: CudaSharedMemory          , dims: (256, 256, 448)     , pass(0)/fail(1): 0,	 time (s): 0.0008308887481689453
Method: CupyMatmul                , dims: (256, 256, 448)     , pass(0)/fail(1): 0,	 time (s): 0.00033164024353027344
Method: CupyDot                   , dims: (256, 256, 448)     , pass(0)/fail(1): 0,	 time (s): 0.0002818107604980469

Method: CudaGlobalMemory          , dims: (256, 256, 464)     , pass(0)/fail(1): 0,	 time (s): 0.0012776851654052734
Method: CudaSharedMemory          , dims: (256, 256, 464)     , pass(0)/fail(1): 0,	 time (s): 0.0009598731994628906
Method: CupyMatmul                , dims: (256, 256, 464)     , pass(0)/fail(1): 0,	 time (s): 0.0003521442413330078
Method: CupyDot                   , dims: (256, 256, 464)     , pass(0)/fail(1): 0,	 time (s): 0.0002906322479248047

Method: CudaGlobalMemory          , dims: (256, 256, 480)     , pass(0)/fail(1): 0,	 time (s): 0.0013699531555175781
Method: CudaSharedMemory          , dims: (256, 256, 480)     , pass(0)/fail(1): 0,	 time (s): 0.0008528232574462891
Method: CupyMatmul                , dims: (256, 256, 480)     , pass(0)/fail(1): 0,	 time (s): 0.0003457069396972656
Method: CupyDot                   , dims: (256, 256, 480)     , pass(0)/fail(1): 0,	 time (s): 0.0003070831298828125

Method: CudaGlobalMemory          , dims: (256, 256, 496)     , pass(0)/fail(1): 0,	 time (s): 0.0013985633850097656
Method: CudaSharedMemory          , dims: (256, 256, 496)     , pass(0)/fail(1): 0,	 time (s): 0.0010056495666503906
Method: CupyMatmul                , dims: (256, 256, 496)     , pass(0)/fail(1): 0,	 time (s): 0.00034618377685546875
Method: CupyDot                   , dims: (256, 256, 496)     , pass(0)/fail(1): 0,	 time (s): 0.0003058910369873047

Method: CudaGlobalMemory          , dims: (256, 256, 512)     , pass(0)/fail(1): 0,	 time (s): 0.0013697147369384766
Method: CudaSharedMemory          , dims: (256, 256, 512)     , pass(0)/fail(1): 0,	 time (s): 0.000919342041015625
Method: CupyMatmul                , dims: (256, 256, 512)     , pass(0)/fail(1): 0,	 time (s): 0.00034999847412109375
Method: CupyDot                   , dims: (256, 256, 512)     , pass(0)/fail(1): 0,	 time (s): 0.00034165382385253906

Total Fail Count: 0

======================================================================================================

Method: CudaGlobalMemory          , dims: (16, 16, 16)        , pass(0)/fail(1): 0,	 time (s): 0.0004265308380126953
Method: CudaSharedMemory          , dims: (16, 16, 16)        , pass(0)/fail(1): 0,	 time (s): 0.0003616809844970703
Method: CupyMatmul                , dims: (16, 16, 16)        , pass(0)/fail(1): 0,	 time (s): 0.00019288063049316406
Method: CupyDot                   , dims: (16, 16, 16)        , pass(0)/fail(1): 0,	 time (s): 7.915496826171875e-05

Method: CudaGlobalMemory          , dims: (32, 32, 32)        , pass(0)/fail(1): 0,	 time (s): 0.00047087669372558594
Method: CudaSharedMemory          , dims: (32, 32, 32)        , pass(0)/fail(1): 0,	 time (s): 0.00037670135498046875
Method: CupyMatmul                , dims: (32, 32, 32)        , pass(0)/fail(1): 0,	 time (s): 0.00017142295837402344
Method: CupyDot                   , dims: (32, 32, 32)        , pass(0)/fail(1): 0,	 time (s): 7.271766662597656e-05

Method: CudaGlobalMemory          , dims: (48, 48, 48)        , pass(0)/fail(1): 0,	 time (s): 0.0004508495330810547
Method: CudaSharedMemory          , dims: (48, 48, 48)        , pass(0)/fail(1): 0,	 time (s): 0.00038552284240722656
Method: CupyMatmul                , dims: (48, 48, 48)        , pass(0)/fail(1): 0,	 time (s): 0.00015664100646972656
Method: CupyDot                   , dims: (48, 48, 48)        , pass(0)/fail(1): 0,	 time (s): 7.462501525878906e-05

Method: CudaGlobalMemory          , dims: (64, 64, 64)        , pass(0)/fail(1): 0,	 time (s): 0.0004699230194091797
Method: CudaSharedMemory          , dims: (64, 64, 64)        , pass(0)/fail(1): 0,	 time (s): 0.00037860870361328125
Method: CupyMatmul                , dims: (64, 64, 64)        , pass(0)/fail(1): 0,	 time (s): 0.00015735626220703125
Method: CupyDot                   , dims: (64, 64, 64)        , pass(0)/fail(1): 0,	 time (s): 7.653236389160156e-05

Method: CudaGlobalMemory          , dims: (80, 80, 80)        , pass(0)/fail(1): 0,	 time (s): 0.0004363059997558594
Method: CudaSharedMemory          , dims: (80, 80, 80)        , pass(0)/fail(1): 0,	 time (s): 0.0004096031188964844
Method: CupyMatmul                , dims: (80, 80, 80)        , pass(0)/fail(1): 0,	 time (s): 0.00016546249389648438
Method: CupyDot                   , dims: (80, 80, 80)        , pass(0)/fail(1): 0,	 time (s): 8.511543273925781e-05

Method: CudaGlobalMemory          , dims: (96, 96, 96)        , pass(0)/fail(1): 0,	 time (s): 0.000476837158203125
Method: CudaSharedMemory          , dims: (96, 96, 96)        , pass(0)/fail(1): 0,	 time (s): 0.00039839744567871094
Method: CupyMatmul                , dims: (96, 96, 96)        , pass(0)/fail(1): 0,	 time (s): 0.0001704692840576172
Method: CupyDot                   , dims: (96, 96, 96)        , pass(0)/fail(1): 0,	 time (s): 9.34600830078125e-05

Method: CudaGlobalMemory          , dims: (112, 112, 112)     , pass(0)/fail(1): 0,	 time (s): 0.0004825592041015625
Method: CudaSharedMemory          , dims: (112, 112, 112)     , pass(0)/fail(1): 0,	 time (s): 0.0004265308380126953
Method: CupyMatmul                , dims: (112, 112, 112)     , pass(0)/fail(1): 0,	 time (s): 0.00017023086547851562
Method: CupyDot                   , dims: (112, 112, 112)     , pass(0)/fail(1): 0,	 time (s): 9.655952453613281e-05

Method: CudaGlobalMemory          , dims: (128, 128, 128)     , pass(0)/fail(1): 0,	 time (s): 0.0005309581756591797
Method: CudaSharedMemory          , dims: (128, 128, 128)     , pass(0)/fail(1): 0,	 time (s): 0.00044536590576171875
Method: CupyMatmul                , dims: (128, 128, 128)     , pass(0)/fail(1): 0,	 time (s): 0.00019288063049316406
Method: CupyDot                   , dims: (128, 128, 128)     , pass(0)/fail(1): 0,	 time (s): 0.0001068115234375

Method: CudaGlobalMemory          , dims: (144, 144, 144)     , pass(0)/fail(1): 0,	 time (s): 0.0005540847778320312
Method: CudaSharedMemory          , dims: (144, 144, 144)     , pass(0)/fail(1): 0,	 time (s): 0.0004520416259765625
Method: CupyMatmul                , dims: (144, 144, 144)     , pass(0)/fail(1): 0,	 time (s): 0.00019240379333496094
Method: CupyDot                   , dims: (144, 144, 144)     , pass(0)/fail(1): 0,	 time (s): 0.00011849403381347656

Method: CudaGlobalMemory          , dims: (160, 160, 160)     , pass(0)/fail(1): 0,	 time (s): 0.0005671977996826172
Method: CudaSharedMemory          , dims: (160, 160, 160)     , pass(0)/fail(1): 0,	 time (s): 0.0004887580871582031
Method: CupyMatmul                , dims: (160, 160, 160)     , pass(0)/fail(1): 0,	 time (s): 0.00020360946655273438
Method: CupyDot                   , dims: (160, 160, 160)     , pass(0)/fail(1): 0,	 time (s): 0.0001323223114013672

Method: CudaGlobalMemory          , dims: (176, 176, 176)     , pass(0)/fail(1): 0,	 time (s): 0.0006318092346191406
Method: CudaSharedMemory          , dims: (176, 176, 176)     , pass(0)/fail(1): 0,	 time (s): 0.0004374980926513672
Method: CupyMatmul                , dims: (176, 176, 176)     , pass(0)/fail(1): 0,	 time (s): 0.00021195411682128906
Method: CupyDot                   , dims: (176, 176, 176)     , pass(0)/fail(1): 0,	 time (s): 0.00013899803161621094

Method: CudaGlobalMemory          , dims: (192, 192, 192)     , pass(0)/fail(1): 0,	 time (s): 0.0006310939788818359
Method: CudaSharedMemory          , dims: (192, 192, 192)     , pass(0)/fail(1): 0,	 time (s): 0.00043463706970214844
Method: CupyMatmul                , dims: (192, 192, 192)     , pass(0)/fail(1): 0,	 time (s): 0.0002143383026123047
Method: CupyDot                   , dims: (192, 192, 192)     , pass(0)/fail(1): 0,	 time (s): 0.0001468658447265625

Method: CudaGlobalMemory          , dims: (208, 208, 208)     , pass(0)/fail(1): 0,	 time (s): 0.0006995201110839844
Method: CudaSharedMemory          , dims: (208, 208, 208)     , pass(0)/fail(1): 0,	 time (s): 0.00048041343688964844
Method: CupyMatmul                , dims: (208, 208, 208)     , pass(0)/fail(1): 0,	 time (s): 0.00023365020751953125
Method: CupyDot                   , dims: (208, 208, 208)     , pass(0)/fail(1): 0,	 time (s): 0.0001685619354248047

Method: CudaGlobalMemory          , dims: (224, 224, 224)     , pass(0)/fail(1): 0,	 time (s): 0.0007312297821044922
Method: CudaSharedMemory          , dims: (224, 224, 224)     , pass(0)/fail(1): 0,	 time (s): 0.0004622936248779297
Method: CupyMatmul                , dims: (224, 224, 224)     , pass(0)/fail(1): 0,	 time (s): 0.00024175643920898438
Method: CupyDot                   , dims: (224, 224, 224)     , pass(0)/fail(1): 0,	 time (s): 0.00018548965454101562

Method: CudaGlobalMemory          , dims: (240, 240, 240)     , pass(0)/fail(1): 0,	 time (s): 0.0008461475372314453
Method: CudaSharedMemory          , dims: (240, 240, 240)     , pass(0)/fail(1): 0,	 time (s): 0.0005002021789550781
Method: CupyMatmul                , dims: (240, 240, 240)     , pass(0)/fail(1): 0,	 time (s): 0.0002617835998535156
Method: CupyDot                   , dims: (240, 240, 240)     , pass(0)/fail(1): 0,	 time (s): 0.0001933574676513672

Method: CudaGlobalMemory          , dims: (256, 256, 256)     , pass(0)/fail(1): 0,	 time (s): 0.0008494853973388672
Method: CudaSharedMemory          , dims: (256, 256, 256)     , pass(0)/fail(1): 0,	 time (s): 0.0005333423614501953
Method: CupyMatmul                , dims: (256, 256, 256)     , pass(0)/fail(1): 0,	 time (s): 0.00027251243591308594
Method: CupyDot                   , dims: (256, 256, 256)     , pass(0)/fail(1): 0,	 time (s): 0.00021719932556152344

Method: CudaGlobalMemory          , dims: (272, 272, 272)     , pass(0)/fail(1): 0,	 time (s): 0.0009620189666748047
Method: CudaSharedMemory          , dims: (272, 272, 272)     , pass(0)/fail(1): 0,	 time (s): 0.0005276203155517578
Method: CupyMatmul                , dims: (272, 272, 272)     , pass(0)/fail(1): 0,	 time (s): 0.00031113624572753906
Method: CupyDot                   , dims: (272, 272, 272)     , pass(0)/fail(1): 0,	 time (s): 0.00024247169494628906

Method: CudaGlobalMemory          , dims: (288, 288, 288)     , pass(0)/fail(1): 0,	 time (s): 0.0010519027709960938
Method: CudaSharedMemory          , dims: (288, 288, 288)     , pass(0)/fail(1): 0,	 time (s): 0.0005960464477539062
Method: CupyMatmul                , dims: (288, 288, 288)     , pass(0)/fail(1): 0,	 time (s): 0.0003192424774169922
Method: CupyDot                   , dims: (288, 288, 288)     , pass(0)/fail(1): 0,	 time (s): 0.0002665519714355469

Method: CudaGlobalMemory          , dims: (304, 304, 304)     , pass(0)/fail(1): 0,	 time (s): 0.001180887222290039
Method: CudaSharedMemory          , dims: (304, 304, 304)     , pass(0)/fail(1): 0,	 time (s): 0.0005779266357421875
Method: CupyMatmul                , dims: (304, 304, 304)     , pass(0)/fail(1): 0,	 time (s): 0.0003371238708496094
Method: CupyDot                   , dims: (304, 304, 304)     , pass(0)/fail(1): 0,	 time (s): 0.0002865791320800781

Method: CudaGlobalMemory          , dims: (320, 320, 320)     , pass(0)/fail(1): 0,	 time (s): 0.0014011859893798828
Method: CudaSharedMemory          , dims: (320, 320, 320)     , pass(0)/fail(1): 0,	 time (s): 0.0006482601165771484
Method: CupyMatmul                , dims: (320, 320, 320)     , pass(0)/fail(1): 0,	 time (s): 0.0003635883331298828
Method: CupyDot                   , dims: (320, 320, 320)     , pass(0)/fail(1): 0,	 time (s): 0.0003132820129394531

Method: CudaGlobalMemory          , dims: (336, 336, 336)     , pass(0)/fail(1): 0,	 time (s): 0.0014660358428955078
Method: CudaSharedMemory          , dims: (336, 336, 336)     , pass(0)/fail(1): 0,	 time (s): 0.0006394386291503906
Method: CupyMatmul                , dims: (336, 336, 336)     , pass(0)/fail(1): 0,	 time (s): 0.0004036426544189453
Method: CupyDot                   , dims: (336, 336, 336)     , pass(0)/fail(1): 0,	 time (s): 0.0003523826599121094

Method: CudaGlobalMemory          , dims: (352, 352, 352)     , pass(0)/fail(1): 0,	 time (s): 0.0017876625061035156
Method: CudaSharedMemory          , dims: (352, 352, 352)     , pass(0)/fail(1): 0,	 time (s): 0.0006854534149169922
Method: CupyMatmul                , dims: (352, 352, 352)     , pass(0)/fail(1): 0,	 time (s): 0.0004367828369140625
Method: CupyDot                   , dims: (352, 352, 352)     , pass(0)/fail(1): 0,	 time (s): 0.0003788471221923828

Method: CudaGlobalMemory          , dims: (368, 368, 368)     , pass(0)/fail(1): 0,	 time (s): 0.0018320083618164062
Method: CudaSharedMemory          , dims: (368, 368, 368)     , pass(0)/fail(1): 0,	 time (s): 0.0007965564727783203
Method: CupyMatmul                , dims: (368, 368, 368)     , pass(0)/fail(1): 0,	 time (s): 0.0010170936584472656
Method: CupyDot                   , dims: (368, 368, 368)     , pass(0)/fail(1): 0,	 time (s): 0.0004074573516845703

Method: CudaGlobalMemory          , dims: (384, 384, 384)     , pass(0)/fail(1): 0,	 time (s): 0.0020766258239746094
Method: CudaSharedMemory          , dims: (384, 384, 384)     , pass(0)/fail(1): 0,	 time (s): 0.0007860660552978516
Method: CupyMatmul                , dims: (384, 384, 384)     , pass(0)/fail(1): 0,	 time (s): 0.0004787445068359375
Method: CupyDot                   , dims: (384, 384, 384)     , pass(0)/fail(1): 0,	 time (s): 0.0004360675811767578

Method: CudaGlobalMemory          , dims: (400, 400, 400)     , pass(0)/fail(1): 0,	 time (s): 0.002198934555053711
Method: CudaSharedMemory          , dims: (400, 400, 400)     , pass(0)/fail(1): 0,	 time (s): 0.0009207725524902344
Method: CupyMatmul                , dims: (400, 400, 400)     , pass(0)/fail(1): 0,	 time (s): 0.0005829334259033203
Method: CupyDot                   , dims: (400, 400, 400)     , pass(0)/fail(1): 0,	 time (s): 0.000469207763671875

Method: CudaGlobalMemory          , dims: (416, 416, 416)     , pass(0)/fail(1): 0,	 time (s): 0.002403736114501953
Method: CudaSharedMemory          , dims: (416, 416, 416)     , pass(0)/fail(1): 0,	 time (s): 0.0008385181427001953
Method: CupyMatmul                , dims: (416, 416, 416)     , pass(0)/fail(1): 0,	 time (s): 0.0005660057067871094
Method: CupyDot                   , dims: (416, 416, 416)     , pass(0)/fail(1): 0,	 time (s): 0.0004982948303222656

Method: CudaGlobalMemory          , dims: (432, 432, 432)     , pass(0)/fail(1): 0,	 time (s): 0.0026428699493408203
Method: CudaSharedMemory          , dims: (432, 432, 432)     , pass(0)/fail(1): 0,	 time (s): 0.0011665821075439453
Method: CupyMatmul                , dims: (432, 432, 432)     , pass(0)/fail(1): 0,	 time (s): 0.0005984306335449219
Method: CupyDot                   , dims: (432, 432, 432)     , pass(0)/fail(1): 0,	 time (s): 0.0005211830139160156

Method: CudaGlobalMemory          , dims: (448, 448, 448)     , pass(0)/fail(1): 0,	 time (s): 0.0027844905853271484
Method: CudaSharedMemory          , dims: (448, 448, 448)     , pass(0)/fail(1): 0,	 time (s): 0.001088857650756836
Method: CupyMatmul                , dims: (448, 448, 448)     , pass(0)/fail(1): 0,	 time (s): 0.0006389617919921875
Method: CupyDot                   , dims: (448, 448, 448)     , pass(0)/fail(1): 0,	 time (s): 0.0005600452423095703

Method: CudaGlobalMemory          , dims: (464, 464, 464)     , pass(0)/fail(1): 0,	 time (s): 0.003262042999267578
Method: CudaSharedMemory          , dims: (464, 464, 464)     , pass(0)/fail(1): 0,	 time (s): 0.001462697982788086
Method: CupyMatmul                , dims: (464, 464, 464)     , pass(0)/fail(1): 0,	 time (s): 0.0007488727569580078
Method: CupyDot                   , dims: (464, 464, 464)     , pass(0)/fail(1): 0,	 time (s): 0.0006501674652099609

Method: CudaGlobalMemory          , dims: (480, 480, 480)     , pass(0)/fail(1): 0,	 time (s): 0.0034301280975341797
Method: CudaSharedMemory          , dims: (480, 480, 480)     , pass(0)/fail(1): 0,	 time (s): 0.0011413097381591797
Method: CupyMatmul                , dims: (480, 480, 480)     , pass(0)/fail(1): 0,	 time (s): 0.0008013248443603516
Method: CupyDot                   , dims: (480, 480, 480)     , pass(0)/fail(1): 0,	 time (s): 0.0006499290466308594

Method: CudaGlobalMemory          , dims: (496, 496, 496)     , pass(0)/fail(1): 0,	 time (s): 0.003720998764038086
Method: CudaSharedMemory          , dims: (496, 496, 496)     , pass(0)/fail(1): 0,	 time (s): 0.001558065414428711
Method: CupyMatmul                , dims: (496, 496, 496)     , pass(0)/fail(1): 0,	 time (s): 0.0007243156433105469
Method: CupyDot                   , dims: (496, 496, 496)     , pass(0)/fail(1): 0,	 time (s): 0.0006802082061767578

Method: CudaGlobalMemory          , dims: (512, 512, 512)     , pass(0)/fail(1): 0,	 time (s): 0.004012584686279297
Method: CudaSharedMemory          , dims: (512, 512, 512)     , pass(0)/fail(1): 0,	 time (s): 0.001361846923828125
Method: CupyMatmul                , dims: (512, 512, 512)     , pass(0)/fail(1): 0,	 time (s): 0.0008039474487304688
Method: CupyDot                   , dims: (512, 512, 512)     , pass(0)/fail(1): 0,	 time (s): 0.0007214546203613281

Total Fail Count: 0

======================================================================================================

