Device name: b'NVIDIA GeForce GTX 1070'
Compute capability: (6, 1)
Total global memory (GB): 7.89508056640625
Free global memory (GB): 7.66363525390625
Used global memory (GB): 0.2314453125
Max threads per block: 1024
Max block dimensions: x=1024, y=1024, z=64
Max grid dimensions: x=2147483647, y=65535, z=65535
Max shared memory per block (KB): 48.0
Method: CudaGlobalMemory          , dims: (16, 16, 16)        , pass(0)/fail(1): 0,	 time (s): 0.00048804283142089844
Method: CudaSharedMemory          , dims: (16, 16, 16)        , pass(0)/fail(1): 0,	 time (s): 0.0003323554992675781
Method: CupyMatmul                , dims: (16, 16, 16)        , pass(0)/fail(1): 0,	 time (s): 0.008264303207397461
Method: CupyDot                   , dims: (16, 16, 16)        , pass(0)/fail(1): 0,	 time (s): 0.00012421607971191406

Method: CudaGlobalMemory          , dims: (32, 32, 32)        , pass(0)/fail(1): 0,	 time (s): 0.0007028579711914062
Method: CudaSharedMemory          , dims: (32, 32, 32)        , pass(0)/fail(1): 0,	 time (s): 0.0003657341003417969
Method: CupyMatmul                , dims: (32, 32, 32)        , pass(0)/fail(1): 0,	 time (s): 0.00037598609924316406
Method: CupyDot                   , dims: (32, 32, 32)        , pass(0)/fail(1): 0,	 time (s): 8.940696716308594e-05

Method: CudaGlobalMemory          , dims: (48, 48, 48)        , pass(0)/fail(1): 0,	 time (s): 0.00044918060302734375
Method: CudaSharedMemory          , dims: (48, 48, 48)        , pass(0)/fail(1): 0,	 time (s): 0.00035190582275390625
Method: CupyMatmul                , dims: (48, 48, 48)        , pass(0)/fail(1): 0,	 time (s): 0.00017189979553222656
Method: CupyDot                   , dims: (48, 48, 48)        , pass(0)/fail(1): 0,	 time (s): 7.486343383789062e-05

Method: CudaGlobalMemory          , dims: (64, 64, 64)        , pass(0)/fail(1): 0,	 time (s): 0.0004336833953857422
Method: CudaSharedMemory          , dims: (64, 64, 64)        , pass(0)/fail(1): 0,	 time (s): 0.00035190582275390625
Method: CupyMatmul                , dims: (64, 64, 64)        , pass(0)/fail(1): 0,	 time (s): 0.000171661376953125
Method: CupyDot                   , dims: (64, 64, 64)        , pass(0)/fail(1): 0,	 time (s): 8.273124694824219e-05

Method: CudaGlobalMemory          , dims: (80, 80, 80)        , pass(0)/fail(1): 0,	 time (s): 0.0004527568817138672
Method: CudaSharedMemory          , dims: (80, 80, 80)        , pass(0)/fail(1): 0,	 time (s): 0.00040340423583984375
Method: CupyMatmul                , dims: (80, 80, 80)        , pass(0)/fail(1): 0,	 time (s): 0.00020694732666015625
Method: CupyDot                   , dims: (80, 80, 80)        , pass(0)/fail(1): 0,	 time (s): 9.012222290039062e-05

Method: CudaGlobalMemory          , dims: (96, 96, 96)        , pass(0)/fail(1): 0,	 time (s): 0.00048351287841796875
Method: CudaSharedMemory          , dims: (96, 96, 96)        , pass(0)/fail(1): 0,	 time (s): 0.0003807544708251953
Method: CupyMatmul                , dims: (96, 96, 96)        , pass(0)/fail(1): 0,	 time (s): 0.00019097328186035156
Method: CupyDot                   , dims: (96, 96, 96)        , pass(0)/fail(1): 0,	 time (s): 9.202957153320312e-05

Method: CudaGlobalMemory          , dims: (112, 112, 112)     , pass(0)/fail(1): 0,	 time (s): 0.0005574226379394531
Method: CudaSharedMemory          , dims: (112, 112, 112)     , pass(0)/fail(1): 0,	 time (s): 0.00040435791015625
Method: CupyMatmul                , dims: (112, 112, 112)     , pass(0)/fail(1): 0,	 time (s): 0.00019121170043945312
Method: CupyDot                   , dims: (112, 112, 112)     , pass(0)/fail(1): 0,	 time (s): 0.00010156631469726562

Method: CudaGlobalMemory          , dims: (128, 128, 128)     , pass(0)/fail(1): 0,	 time (s): 0.0005557537078857422
Method: CudaSharedMemory          , dims: (128, 128, 128)     , pass(0)/fail(1): 0,	 time (s): 0.0004146099090576172
Method: CupyMatmul                , dims: (128, 128, 128)     , pass(0)/fail(1): 0,	 time (s): 0.00020074844360351562
Method: CupyDot                   , dims: (128, 128, 128)     , pass(0)/fail(1): 0,	 time (s): 0.00011014938354492188

Method: CudaGlobalMemory          , dims: (144, 144, 144)     , pass(0)/fail(1): 0,	 time (s): 0.0005528926849365234
Method: CudaSharedMemory          , dims: (144, 144, 144)     , pass(0)/fail(1): 0,	 time (s): 0.0004169940948486328
Method: CupyMatmul                , dims: (144, 144, 144)     , pass(0)/fail(1): 0,	 time (s): 0.00020766258239746094
Method: CupyDot                   , dims: (144, 144, 144)     , pass(0)/fail(1): 0,	 time (s): 0.00011682510375976562

Method: CudaGlobalMemory          , dims: (160, 160, 160)     , pass(0)/fail(1): 0,	 time (s): 0.0005590915679931641
Method: CudaSharedMemory          , dims: (160, 160, 160)     , pass(0)/fail(1): 0,	 time (s): 0.00043082237243652344
Method: CupyMatmul                , dims: (160, 160, 160)     , pass(0)/fail(1): 0,	 time (s): 0.0003170967102050781
Method: CupyDot                   , dims: (160, 160, 160)     , pass(0)/fail(1): 0,	 time (s): 0.00013399124145507812

Method: CudaGlobalMemory          , dims: (176, 176, 176)     , pass(0)/fail(1): 0,	 time (s): 0.0006244182586669922
Method: CudaSharedMemory          , dims: (176, 176, 176)     , pass(0)/fail(1): 0,	 time (s): 0.0004220008850097656
Method: CupyMatmul                , dims: (176, 176, 176)     , pass(0)/fail(1): 0,	 time (s): 0.000225067138671875
Method: CupyDot                   , dims: (176, 176, 176)     , pass(0)/fail(1): 0,	 time (s): 0.00014448165893554688

Method: CudaGlobalMemory          , dims: (192, 192, 192)     , pass(0)/fail(1): 0,	 time (s): 0.0005886554718017578
Method: CudaSharedMemory          , dims: (192, 192, 192)     , pass(0)/fail(1): 0,	 time (s): 0.0004913806915283203
Method: CupyMatmul                , dims: (192, 192, 192)     , pass(0)/fail(1): 0,	 time (s): 0.00024509429931640625
Method: CupyDot                   , dims: (192, 192, 192)     , pass(0)/fail(1): 0,	 time (s): 0.000156402587890625

Method: CudaGlobalMemory          , dims: (208, 208, 208)     , pass(0)/fail(1): 0,	 time (s): 0.0007526874542236328
Method: CudaSharedMemory          , dims: (208, 208, 208)     , pass(0)/fail(1): 0,	 time (s): 0.0004603862762451172
Method: CupyMatmul                , dims: (208, 208, 208)     , pass(0)/fail(1): 0,	 time (s): 0.00026154518127441406
Method: CupyDot                   , dims: (208, 208, 208)     , pass(0)/fail(1): 0,	 time (s): 0.0001742839813232422

Method: CudaGlobalMemory          , dims: (224, 224, 224)     , pass(0)/fail(1): 0,	 time (s): 0.0008542537689208984
Method: CudaSharedMemory          , dims: (224, 224, 224)     , pass(0)/fail(1): 0,	 time (s): 0.0004611015319824219
Method: CupyMatmul                , dims: (224, 224, 224)     , pass(0)/fail(1): 0,	 time (s): 0.00026702880859375
Method: CupyDot                   , dims: (224, 224, 224)     , pass(0)/fail(1): 0,	 time (s): 0.00017952919006347656

Method: CudaGlobalMemory          , dims: (240, 240, 240)     , pass(0)/fail(1): 0,	 time (s): 0.0009164810180664062
Method: CudaSharedMemory          , dims: (240, 240, 240)     , pass(0)/fail(1): 0,	 time (s): 0.0005013942718505859
Method: CupyMatmul                , dims: (240, 240, 240)     , pass(0)/fail(1): 0,	 time (s): 0.00035452842712402344
Method: CupyDot                   , dims: (240, 240, 240)     , pass(0)/fail(1): 0,	 time (s): 0.0001976490020751953

Method: CudaGlobalMemory          , dims: (256, 256, 256)     , pass(0)/fail(1): 0,	 time (s): 0.0008854866027832031
Method: CudaSharedMemory          , dims: (256, 256, 256)     , pass(0)/fail(1): 0,	 time (s): 0.0006508827209472656
Method: CupyMatmul                , dims: (256, 256, 256)     , pass(0)/fail(1): 0,	 time (s): 0.0002999305725097656
Method: CupyDot                   , dims: (256, 256, 256)     , pass(0)/fail(1): 0,	 time (s): 0.000225067138671875

Method: CudaGlobalMemory          , dims: (272, 272, 272)     , pass(0)/fail(1): 0,	 time (s): 0.0010528564453125
Method: CudaSharedMemory          , dims: (272, 272, 272)     , pass(0)/fail(1): 0,	 time (s): 0.0005459785461425781
Method: CupyMatmul                , dims: (272, 272, 272)     , pass(0)/fail(1): 0,	 time (s): 0.0009963512420654297
Method: CupyDot                   , dims: (272, 272, 272)     , pass(0)/fail(1): 0,	 time (s): 0.00024771690368652344

Method: CudaGlobalMemory          , dims: (288, 288, 288)     , pass(0)/fail(1): 0,	 time (s): 0.0011625289916992188
Method: CudaSharedMemory          , dims: (288, 288, 288)     , pass(0)/fail(1): 0,	 time (s): 0.0005793571472167969
Method: CupyMatmul                , dims: (288, 288, 288)     , pass(0)/fail(1): 0,	 time (s): 0.00033545494079589844
Method: CupyDot                   , dims: (288, 288, 288)     , pass(0)/fail(1): 0,	 time (s): 0.0002627372741699219

Method: CudaGlobalMemory          , dims: (304, 304, 304)     , pass(0)/fail(1): 0,	 time (s): 0.0011734962463378906
Method: CudaSharedMemory          , dims: (304, 304, 304)     , pass(0)/fail(1): 0,	 time (s): 0.0005881786346435547
Method: CupyMatmul                , dims: (304, 304, 304)     , pass(0)/fail(1): 0,	 time (s): 0.0004096031188964844
Method: CupyDot                   , dims: (304, 304, 304)     , pass(0)/fail(1): 0,	 time (s): 0.00028634071350097656

Method: CudaGlobalMemory          , dims: (320, 320, 320)     , pass(0)/fail(1): 0,	 time (s): 0.0013766288757324219
Method: CudaSharedMemory          , dims: (320, 320, 320)     , pass(0)/fail(1): 0,	 time (s): 0.0007009506225585938
Method: CupyMatmul                , dims: (320, 320, 320)     , pass(0)/fail(1): 0,	 time (s): 0.00039124488830566406
Method: CupyDot                   , dims: (320, 320, 320)     , pass(0)/fail(1): 0,	 time (s): 0.00032138824462890625

Method: CudaGlobalMemory          , dims: (336, 336, 336)     , pass(0)/fail(1): 0,	 time (s): 0.0014445781707763672
Method: CudaSharedMemory          , dims: (336, 336, 336)     , pass(0)/fail(1): 0,	 time (s): 0.000690460205078125
Method: CupyMatmul                , dims: (336, 336, 336)     , pass(0)/fail(1): 0,	 time (s): 0.0004458427429199219
Method: CupyDot                   , dims: (336, 336, 336)     , pass(0)/fail(1): 0,	 time (s): 0.00043511390686035156

Method: CudaGlobalMemory          , dims: (352, 352, 352)     , pass(0)/fail(1): 0,	 time (s): 0.001741170883178711
Method: CudaSharedMemory          , dims: (352, 352, 352)     , pass(0)/fail(1): 0,	 time (s): 0.0006690025329589844
Method: CupyMatmul                , dims: (352, 352, 352)     , pass(0)/fail(1): 0,	 time (s): 0.0004367828369140625
Method: CupyDot                   , dims: (352, 352, 352)     , pass(0)/fail(1): 0,	 time (s): 0.0004088878631591797

Method: CudaGlobalMemory          , dims: (368, 368, 368)     , pass(0)/fail(1): 0,	 time (s): 0.0017852783203125
Method: CudaSharedMemory          , dims: (368, 368, 368)     , pass(0)/fail(1): 0,	 time (s): 0.0008111000061035156
Method: CupyMatmul                , dims: (368, 368, 368)     , pass(0)/fail(1): 0,	 time (s): 0.000978231430053711
Method: CupyDot                   , dims: (368, 368, 368)     , pass(0)/fail(1): 0,	 time (s): 0.00038504600524902344

Method: CudaGlobalMemory          , dims: (384, 384, 384)     , pass(0)/fail(1): 0,	 time (s): 0.002122163772583008
Method: CudaSharedMemory          , dims: (384, 384, 384)     , pass(0)/fail(1): 0,	 time (s): 0.0008070468902587891
Method: CupyMatmul                , dims: (384, 384, 384)     , pass(0)/fail(1): 0,	 time (s): 0.00048470497131347656
Method: CupyDot                   , dims: (384, 384, 384)     , pass(0)/fail(1): 0,	 time (s): 0.0004563331604003906

Method: CudaGlobalMemory          , dims: (400, 400, 400)     , pass(0)/fail(1): 0,	 time (s): 0.002180814743041992
Method: CudaSharedMemory          , dims: (400, 400, 400)     , pass(0)/fail(1): 0,	 time (s): 0.0008819103240966797
Method: CupyMatmul                , dims: (400, 400, 400)     , pass(0)/fail(1): 0,	 time (s): 0.0006201267242431641
Method: CupyDot                   , dims: (400, 400, 400)     , pass(0)/fail(1): 0,	 time (s): 0.0005197525024414062

Method: CudaGlobalMemory          , dims: (416, 416, 416)     , pass(0)/fail(1): 0,	 time (s): 0.0024199485778808594
Method: CudaSharedMemory          , dims: (416, 416, 416)     , pass(0)/fail(1): 0,	 time (s): 0.0008444786071777344
Method: CupyMatmul                , dims: (416, 416, 416)     , pass(0)/fail(1): 0,	 time (s): 0.0005877017974853516
Method: CupyDot                   , dims: (416, 416, 416)     , pass(0)/fail(1): 0,	 time (s): 0.0004947185516357422

Method: CudaGlobalMemory          , dims: (432, 432, 432)     , pass(0)/fail(1): 0,	 time (s): 0.0025572776794433594
Method: CudaSharedMemory          , dims: (432, 432, 432)     , pass(0)/fail(1): 0,	 time (s): 0.0013246536254882812
Method: CupyMatmul                , dims: (432, 432, 432)     , pass(0)/fail(1): 0,	 time (s): 0.0005764961242675781
Method: CupyDot                   , dims: (432, 432, 432)     , pass(0)/fail(1): 0,	 time (s): 0.0005273818969726562

Method: CudaGlobalMemory          , dims: (448, 448, 448)     , pass(0)/fail(1): 0,	 time (s): 0.0029022693634033203
Method: CudaSharedMemory          , dims: (448, 448, 448)     , pass(0)/fail(1): 0,	 time (s): 0.001062154769897461
Method: CupyMatmul                , dims: (448, 448, 448)     , pass(0)/fail(1): 0,	 time (s): 0.0007317066192626953
Method: CupyDot                   , dims: (448, 448, 448)     , pass(0)/fail(1): 0,	 time (s): 0.0005753040313720703

Method: CudaGlobalMemory          , dims: (464, 464, 464)     , pass(0)/fail(1): 0,	 time (s): 0.0031380653381347656
Method: CudaSharedMemory          , dims: (464, 464, 464)     , pass(0)/fail(1): 0,	 time (s): 0.0015017986297607422
Method: CupyMatmul                , dims: (464, 464, 464)     , pass(0)/fail(1): 0,	 time (s): 0.0007393360137939453
Method: CupyDot                   , dims: (464, 464, 464)     , pass(0)/fail(1): 0,	 time (s): 0.0006351470947265625

Method: CudaGlobalMemory          , dims: (480, 480, 480)     , pass(0)/fail(1): 0,	 time (s): 0.003320932388305664
Method: CudaSharedMemory          , dims: (480, 480, 480)     , pass(0)/fail(1): 0,	 time (s): 0.001203298568725586
Method: CupyMatmul                , dims: (480, 480, 480)     , pass(0)/fail(1): 0,	 time (s): 0.0007579326629638672
Method: CupyDot                   , dims: (480, 480, 480)     , pass(0)/fail(1): 0,	 time (s): 0.0006561279296875

Method: CudaGlobalMemory          , dims: (496, 496, 496)     , pass(0)/fail(1): 0,	 time (s): 0.003809213638305664
Method: CudaSharedMemory          , dims: (496, 496, 496)     , pass(0)/fail(1): 0,	 time (s): 0.0015308856964111328
Method: CupyMatmul                , dims: (496, 496, 496)     , pass(0)/fail(1): 0,	 time (s): 0.0007874965667724609
Method: CupyDot                   , dims: (496, 496, 496)     , pass(0)/fail(1): 0,	 time (s): 0.0006945133209228516

Method: CudaGlobalMemory          , dims: (512, 512, 512)     , pass(0)/fail(1): 0,	 time (s): 0.0040340423583984375
Method: CudaSharedMemory          , dims: (512, 512, 512)     , pass(0)/fail(1): 0,	 time (s): 0.0013015270233154297
Method: CupyMatmul                , dims: (512, 512, 512)     , pass(0)/fail(1): 0,	 time (s): 0.0008997917175292969
Method: CupyDot                   , dims: (512, 512, 512)     , pass(0)/fail(1): 0,	 time (s): 0.00072479248046875

Total Fail Count: 0

======================================================================================================

