Device name: b'NVIDIA A100-PCIE-40GB'
Compute capability: (8, 0)
Total global memory (GB): 39.39385986328125
Free global memory (GB): 38.98077392578125
Used global memory (GB): 0.4130859375
Max threads per block: 1024
Max block dimensions: x=1024, y=1024, z=64
Max grid dimensions: x=2147483647, y=65535, z=65535
Max shared memory per block (KB): 48.0

========================================================================================

Method: Numpy                     , dims: (64, 256, 256)      , pass(0)/fail(1): 0,	 time (s): 0.0002162456512451172
Method: CudaGlobalMemory          , dims: (64, 256, 256)      , pass(0)/fail(1): 0,	 time (s): 0.004465341567993164
Method: CudaSharedMemory          , dims: (64, 256, 256)      , pass(0)/fail(1): 0,	 time (s): 0.004056692123413086

Method: Numpy                     , dims: (128, 256, 256)     , pass(0)/fail(1): 0,	 time (s): 0.00011134147644042969
Method: CudaGlobalMemory          , dims: (128, 256, 256)     , pass(0)/fail(1): 0,	 time (s): 0.0011746883392333984
Method: CudaSharedMemory          , dims: (128, 256, 256)     , pass(0)/fail(1): 0,	 time (s): 0.001069784164428711

Method: Numpy                     , dims: (192, 256, 256)     , pass(0)/fail(1): 0,	 time (s): 0.0005254745483398438
Method: CudaGlobalMemory          , dims: (192, 256, 256)     , pass(0)/fail(1): 0,	 time (s): 0.0031061172485351562
Method: CudaSharedMemory          , dims: (192, 256, 256)     , pass(0)/fail(1): 0,	 time (s): 0.0024933815002441406

Method: Numpy                     , dims: (256, 256, 256)     , pass(0)/fail(1): 0,	 time (s): 0.0003771781921386719
Method: CudaGlobalMemory          , dims: (256, 256, 256)     , pass(0)/fail(1): 0,	 time (s): 0.0021059513092041016
Method: CudaSharedMemory          , dims: (256, 256, 256)     , pass(0)/fail(1): 0,	 time (s): 0.0012054443359375

Method: Numpy                     , dims: (320, 256, 256)     , pass(0)/fail(1): 0,	 time (s): 0.00029349327087402344
Method: CudaGlobalMemory          , dims: (320, 256, 256)     , pass(0)/fail(1): 0,	 time (s): 0.0015692710876464844
Method: CudaSharedMemory          , dims: (320, 256, 256)     , pass(0)/fail(1): 0,	 time (s): 0.001256704330444336

Method: Numpy                     , dims: (384, 256, 256)     , pass(0)/fail(1): 0,	 time (s): 0.0003275871276855469
Method: CudaGlobalMemory          , dims: (384, 256, 256)     , pass(0)/fail(1): 0,	 time (s): 0.001392364501953125
Method: CudaSharedMemory          , dims: (384, 256, 256)     , pass(0)/fail(1): 0,	 time (s): 0.0013878345489501953

Method: Numpy                     , dims: (448, 256, 256)     , pass(0)/fail(1): 0,	 time (s): 0.0004296302795410156
Method: CudaGlobalMemory          , dims: (448, 256, 256)     , pass(0)/fail(1): 0,	 time (s): 0.005258321762084961
Method: CudaSharedMemory          , dims: (448, 256, 256)     , pass(0)/fail(1): 0,	 time (s): 0.0012886524200439453

Method: Numpy                     , dims: (512, 256, 256)     , pass(0)/fail(1): 0,	 time (s): 0.00045680999755859375
Method: CudaGlobalMemory          , dims: (512, 256, 256)     , pass(0)/fail(1): 0,	 time (s): 0.0014226436614990234
Method: CudaSharedMemory          , dims: (512, 256, 256)     , pass(0)/fail(1): 0,	 time (s): 0.0013759136199951172

Method: Numpy                     , dims: (576, 256, 256)     , pass(0)/fail(1): 0,	 time (s): 0.0005166530609130859
Method: CudaGlobalMemory          , dims: (576, 256, 256)     , pass(0)/fail(1): 0,	 time (s): 0.0014896392822265625
Method: CudaSharedMemory          , dims: (576, 256, 256)     , pass(0)/fail(1): 0,	 time (s): 0.001371145248413086

Method: Numpy                     , dims: (640, 256, 256)     , pass(0)/fail(1): 0,	 time (s): 0.0006055831909179688
Method: CudaGlobalMemory          , dims: (640, 256, 256)     , pass(0)/fail(1): 0,	 time (s): 0.0014667510986328125
Method: CudaSharedMemory          , dims: (640, 256, 256)     , pass(0)/fail(1): 0,	 time (s): 0.0016210079193115234

Method: Numpy                     , dims: (704, 256, 256)     , pass(0)/fail(1): 0,	 time (s): 0.0006263256072998047
Method: CudaGlobalMemory          , dims: (704, 256, 256)     , pass(0)/fail(1): 0,	 time (s): 0.0014810562133789062
Method: CudaSharedMemory          , dims: (704, 256, 256)     , pass(0)/fail(1): 0,	 time (s): 0.0014908313751220703

Method: Numpy                     , dims: (768, 256, 256)     , pass(0)/fail(1): 0,	 time (s): 0.0007061958312988281
Method: CudaGlobalMemory          , dims: (768, 256, 256)     , pass(0)/fail(1): 0,	 time (s): 0.0015816688537597656
Method: CudaSharedMemory          , dims: (768, 256, 256)     , pass(0)/fail(1): 0,	 time (s): 0.0019016265869140625

Method: Numpy                     , dims: (832, 256, 256)     , pass(0)/fail(1): 0,	 time (s): 0.0007276535034179688
Method: CudaGlobalMemory          , dims: (832, 256, 256)     , pass(0)/fail(1): 0,	 time (s): 0.0016367435455322266
Method: CudaSharedMemory          , dims: (832, 256, 256)     , pass(0)/fail(1): 0,	 time (s): 0.0015320777893066406

Method: Numpy                     , dims: (896, 256, 256)     , pass(0)/fail(1): 0,	 time (s): 0.0008311271667480469
Method: CudaGlobalMemory          , dims: (896, 256, 256)     , pass(0)/fail(1): 0,	 time (s): 0.0015957355499267578
Method: CudaSharedMemory          , dims: (896, 256, 256)     , pass(0)/fail(1): 0,	 time (s): 0.0018794536590576172

Method: Numpy                     , dims: (960, 256, 256)     , pass(0)/fail(1): 0,	 time (s): 0.0008707046508789062
Method: CudaGlobalMemory          , dims: (960, 256, 256)     , pass(0)/fail(1): 0,	 time (s): 0.0017168521881103516
Method: CudaSharedMemory          , dims: (960, 256, 256)     , pass(0)/fail(1): 0,	 time (s): 0.0016291141510009766

Method: Numpy                     , dims: (1024, 256, 256)    , pass(0)/fail(1): 0,	 time (s): 0.0009276866912841797
Method: CudaGlobalMemory          , dims: (1024, 256, 256)    , pass(0)/fail(1): 0,	 time (s): 0.0021758079528808594
Method: CudaSharedMemory          , dims: (1024, 256, 256)    , pass(0)/fail(1): 0,	 time (s): 0.0017201900482177734

Method: Numpy                     , dims: (1088, 256, 256)    , pass(0)/fail(1): 0,	 time (s): 0.0009560585021972656
Method: CudaGlobalMemory          , dims: (1088, 256, 256)    , pass(0)/fail(1): 0,	 time (s): 0.0019037723541259766
Method: CudaSharedMemory          , dims: (1088, 256, 256)    , pass(0)/fail(1): 0,	 time (s): 0.0017709732055664062

Method: Numpy                     , dims: (1152, 256, 256)    , pass(0)/fail(1): 0,	 time (s): 0.001024007797241211
Method: CudaGlobalMemory          , dims: (1152, 256, 256)    , pass(0)/fail(1): 0,	 time (s): 0.002458810806274414
Method: CudaSharedMemory          , dims: (1152, 256, 256)    , pass(0)/fail(1): 0,	 time (s): 0.001760721206665039

Method: Numpy                     , dims: (1216, 256, 256)    , pass(0)/fail(1): 0,	 time (s): 0.0010731220245361328
Method: CudaGlobalMemory          , dims: (1216, 256, 256)    , pass(0)/fail(1): 0,	 time (s): 0.0019538402557373047
Method: CudaSharedMemory          , dims: (1216, 256, 256)    , pass(0)/fail(1): 0,	 time (s): 0.0017693042755126953

Method: Numpy                     , dims: (1280, 256, 256)    , pass(0)/fail(1): 0,	 time (s): 0.0013794898986816406
Method: CudaGlobalMemory          , dims: (1280, 256, 256)    , pass(0)/fail(1): 0,	 time (s): 0.002488851547241211
Method: CudaSharedMemory          , dims: (1280, 256, 256)    , pass(0)/fail(1): 0,	 time (s): 0.0017130374908447266

Method: Numpy                     , dims: (1344, 256, 256)    , pass(0)/fail(1): 0,	 time (s): 0.0011777877807617188
Method: CudaGlobalMemory          , dims: (1344, 256, 256)    , pass(0)/fail(1): 0,	 time (s): 0.001975536346435547
Method: CudaSharedMemory          , dims: (1344, 256, 256)    , pass(0)/fail(1): 0,	 time (s): 0.0024492740631103516

Method: Numpy                     , dims: (1408, 256, 256)    , pass(0)/fail(1): 0,	 time (s): 0.001268625259399414
Method: CudaGlobalMemory          , dims: (1408, 256, 256)    , pass(0)/fail(1): 0,	 time (s): 0.0019562244415283203
Method: CudaSharedMemory          , dims: (1408, 256, 256)    , pass(0)/fail(1): 0,	 time (s): 0.0019674301147460938

Method: Numpy                     , dims: (1472, 256, 256)    , pass(0)/fail(1): 0,	 time (s): 0.0014069080352783203
Method: CudaGlobalMemory          , dims: (1472, 256, 256)    , pass(0)/fail(1): 0,	 time (s): 0.002026081085205078
Method: CudaSharedMemory          , dims: (1472, 256, 256)    , pass(0)/fail(1): 0,	 time (s): 0.0024857521057128906

Method: Numpy                     , dims: (1536, 256, 256)    , pass(0)/fail(1): 0,	 time (s): 0.0013971328735351562
Method: CudaGlobalMemory          , dims: (1536, 256, 256)    , pass(0)/fail(1): 0,	 time (s): 0.002051115036010742
Method: CudaSharedMemory          , dims: (1536, 256, 256)    , pass(0)/fail(1): 0,	 time (s): 0.0019578933715820312

Method: Numpy                     , dims: (1600, 256, 256)    , pass(0)/fail(1): 0,	 time (s): 0.0014944076538085938
Method: CudaGlobalMemory          , dims: (1600, 256, 256)    , pass(0)/fail(1): 0,	 time (s): 0.011572122573852539
Method: CudaSharedMemory          , dims: (1600, 256, 256)    , pass(0)/fail(1): 0,	 time (s): 0.0658121109008789

Method: Numpy                     , dims: (1664, 256, 256)    , pass(0)/fail(1): 0,	 time (s): 0.0021467208862304688
Method: CudaGlobalMemory          , dims: (1664, 256, 256)    , pass(0)/fail(1): 0,	 time (s): 0.0022881031036376953
Method: CudaSharedMemory          , dims: (1664, 256, 256)    , pass(0)/fail(1): 0,	 time (s): 0.0020418167114257812

Method: Numpy                     , dims: (1728, 256, 256)    , pass(0)/fail(1): 0,	 time (s): 0.0016326904296875
Method: CudaGlobalMemory          , dims: (1728, 256, 256)    , pass(0)/fail(1): 0,	 time (s): 0.018701553344726562
Method: CudaSharedMemory          , dims: (1728, 256, 256)    , pass(0)/fail(1): 0,	 time (s): 0.0021486282348632812

Method: Numpy                     , dims: (1792, 256, 256)    , pass(0)/fail(1): 0,	 time (s): 0.0018658638000488281
Method: CudaGlobalMemory          , dims: (1792, 256, 256)    , pass(0)/fail(1): 0,	 time (s): 0.002246379852294922
Method: CudaSharedMemory          , dims: (1792, 256, 256)    , pass(0)/fail(1): 0,	 time (s): 0.002118349075317383

Method: Numpy                     , dims: (1856, 256, 256)    , pass(0)/fail(1): 0,	 time (s): 0.001764535903930664
Method: CudaGlobalMemory          , dims: (1856, 256, 256)    , pass(0)/fail(1): 0,	 time (s): 0.002928495407104492
Method: CudaSharedMemory          , dims: (1856, 256, 256)    , pass(0)/fail(1): 0,	 time (s): 0.002242565155029297

Method: Numpy                     , dims: (1920, 256, 256)    , pass(0)/fail(1): 0,	 time (s): 0.0018210411071777344
Method: CudaGlobalMemory          , dims: (1920, 256, 256)    , pass(0)/fail(1): 0,	 time (s): 0.0023720264434814453
Method: CudaSharedMemory          , dims: (1920, 256, 256)    , pass(0)/fail(1): 0,	 time (s): 0.002154827117919922

Method: Numpy                     , dims: (1984, 256, 256)    , pass(0)/fail(1): 0,	 time (s): 0.0018105506896972656
Method: CudaGlobalMemory          , dims: (1984, 256, 256)    , pass(0)/fail(1): 0,	 time (s): 0.0030417442321777344
Method: CudaSharedMemory          , dims: (1984, 256, 256)    , pass(0)/fail(1): 0,	 time (s): 0.0022339820861816406

Method: Numpy                     , dims: (2048, 256, 256)    , pass(0)/fail(1): 0,	 time (s): 0.0018625259399414062
Method: CudaGlobalMemory          , dims: (2048, 256, 256)    , pass(0)/fail(1): 0,	 time (s): 0.0023953914642333984
Method: CudaSharedMemory          , dims: (2048, 256, 256)    , pass(0)/fail(1): 0,	 time (s): 0.002821683883666992

Method: Numpy                     , dims: (2112, 256, 256)    , pass(0)/fail(1): 0,	 time (s): 0.0018801689147949219
Method: CudaGlobalMemory          , dims: (2112, 256, 256)    , pass(0)/fail(1): 0,	 time (s): 0.002564668655395508
Method: CudaSharedMemory          , dims: (2112, 256, 256)    , pass(0)/fail(1): 0,	 time (s): 0.0022268295288085938

Method: Numpy                     , dims: (2176, 256, 256)    , pass(0)/fail(1): 0,	 time (s): 0.002028942108154297
Method: CudaGlobalMemory          , dims: (2176, 256, 256)    , pass(0)/fail(1): 0,	 time (s): 0.0026030540466308594
Method: CudaSharedMemory          , dims: (2176, 256, 256)    , pass(0)/fail(1): 0,	 time (s): 0.0030164718627929688

Method: Numpy                     , dims: (2240, 256, 256)    , pass(0)/fail(1): 0,	 time (s): 0.002007007598876953
Method: CudaGlobalMemory          , dims: (2240, 256, 256)    , pass(0)/fail(1): 0,	 time (s): 0.002761363983154297
Method: CudaSharedMemory          , dims: (2240, 256, 256)    , pass(0)/fail(1): 0,	 time (s): 0.0023000240325927734

Method: Numpy                     , dims: (2304, 256, 256)    , pass(0)/fail(1): 0,	 time (s): 0.0020079612731933594
Method: CudaGlobalMemory          , dims: (2304, 256, 256)    , pass(0)/fail(1): 0,	 time (s): 0.0025708675384521484
Method: CudaSharedMemory          , dims: (2304, 256, 256)    , pass(0)/fail(1): 0,	 time (s): 0.0029287338256835938

Method: Numpy                     , dims: (2368, 256, 256)    , pass(0)/fail(1): 0,	 time (s): 0.002089262008666992
Method: CudaGlobalMemory          , dims: (2368, 256, 256)    , pass(0)/fail(1): 0,	 time (s): 0.002714395523071289
Method: CudaSharedMemory          , dims: (2368, 256, 256)    , pass(0)/fail(1): 0,	 time (s): 0.002415895462036133

Method: Numpy                     , dims: (2432, 256, 256)    , pass(0)/fail(1): 0,	 time (s): 0.002239704132080078
Method: CudaGlobalMemory          , dims: (2432, 256, 256)    , pass(0)/fail(1): 0,	 time (s): 0.0034224987030029297
Method: CudaSharedMemory          , dims: (2432, 256, 256)    , pass(0)/fail(1): 0,	 time (s): 0.0025610923767089844

Method: Numpy                     , dims: (2496, 256, 256)    , pass(0)/fail(1): 0,	 time (s): 0.00215911865234375
Method: CudaGlobalMemory          , dims: (2496, 256, 256)    , pass(0)/fail(1): 0,	 time (s): 0.0027008056640625
Method: CudaSharedMemory          , dims: (2496, 256, 256)    , pass(0)/fail(1): 0,	 time (s): 0.002538919448852539

Method: Numpy                     , dims: (2560, 256, 256)    , pass(0)/fail(1): 0,	 time (s): 0.0022721290588378906
Method: CudaGlobalMemory          , dims: (2560, 256, 256)    , pass(0)/fail(1): 0,	 time (s): 0.003430604934692383
Method: CudaSharedMemory          , dims: (2560, 256, 256)    , pass(0)/fail(1): 0,	 time (s): 0.002595186233520508

Method: Numpy                     , dims: (2624, 256, 256)    , pass(0)/fail(1): 0,	 time (s): 0.0025453567504882812
Method: CudaGlobalMemory          , dims: (2624, 256, 256)    , pass(0)/fail(1): 0,	 time (s): 0.0028581619262695312
Method: CudaSharedMemory          , dims: (2624, 256, 256)    , pass(0)/fail(1): 0,	 time (s): 0.0025658607482910156

Method: Numpy                     , dims: (2688, 256, 256)    , pass(0)/fail(1): 0,	 time (s): 0.0024247169494628906
Method: CudaGlobalMemory          , dims: (2688, 256, 256)    , pass(0)/fail(1): 0,	 time (s): 0.003489971160888672
Method: CudaSharedMemory          , dims: (2688, 256, 256)    , pass(0)/fail(1): 0,	 time (s): 0.0025637149810791016

Method: Numpy                     , dims: (2752, 256, 256)    , pass(0)/fail(1): 0,	 time (s): 0.002399444580078125
Method: CudaGlobalMemory          , dims: (2752, 256, 256)    , pass(0)/fail(1): 0,	 time (s): 0.002942323684692383
Method: CudaSharedMemory          , dims: (2752, 256, 256)    , pass(0)/fail(1): 0,	 time (s): 0.0033037662506103516

Method: Numpy                     , dims: (2816, 256, 256)    , pass(0)/fail(1): 0,	 time (s): 0.0025620460510253906
Method: CudaGlobalMemory          , dims: (2816, 256, 256)    , pass(0)/fail(1): 0,	 time (s): 0.0029959678649902344
Method: CudaSharedMemory          , dims: (2816, 256, 256)    , pass(0)/fail(1): 0,	 time (s): 0.002591848373413086

Method: Numpy                     , dims: (2880, 256, 256)    , pass(0)/fail(1): 0,	 time (s): 0.0026216506958007812
Method: CudaGlobalMemory          , dims: (2880, 256, 256)    , pass(0)/fail(1): 0,	 time (s): 0.002948760986328125
Method: CudaSharedMemory          , dims: (2880, 256, 256)    , pass(0)/fail(1): 0,	 time (s): 0.003396272659301758

Method: Numpy                     , dims: (2944, 256, 256)    , pass(0)/fail(1): 0,	 time (s): 0.0029516220092773438
Method: CudaGlobalMemory          , dims: (2944, 256, 256)    , pass(0)/fail(1): 0,	 time (s): 0.003225088119506836
Method: CudaSharedMemory          , dims: (2944, 256, 256)    , pass(0)/fail(1): 0,	 time (s): 0.0026960372924804688

Method: Numpy                     , dims: (3008, 256, 256)    , pass(0)/fail(1): 0,	 time (s): 0.002716541290283203
Method: CudaGlobalMemory          , dims: (3008, 256, 256)    , pass(0)/fail(1): 0,	 time (s): 0.0029375553131103516
Method: CudaSharedMemory          , dims: (3008, 256, 256)    , pass(0)/fail(1): 0,	 time (s): 0.003324270248413086

Method: Numpy                     , dims: (3072, 256, 256)    , pass(0)/fail(1): 0,	 time (s): 0.0027518272399902344
Method: CudaGlobalMemory          , dims: (3072, 256, 256)    , pass(0)/fail(1): 0,	 time (s): 0.003111124038696289
Method: CudaSharedMemory          , dims: (3072, 256, 256)    , pass(0)/fail(1): 0,	 time (s): 0.0028357505798339844

Method: Numpy                     , dims: (3136, 256, 256)    , pass(0)/fail(1): 0,	 time (s): 0.002774953842163086
Method: CudaGlobalMemory          , dims: (3136, 256, 256)    , pass(0)/fail(1): 0,	 time (s): 0.003751039505004883
Method: CudaSharedMemory          , dims: (3136, 256, 256)    , pass(0)/fail(1): 0,	 time (s): 0.0028846263885498047

Method: Numpy                     , dims: (3200, 256, 256)    , pass(0)/fail(1): 0,	 time (s): 0.003127574920654297
Method: CudaGlobalMemory          , dims: (3200, 256, 256)    , pass(0)/fail(1): 0,	 time (s): 0.0032956600189208984
Method: CudaSharedMemory          , dims: (3200, 256, 256)    , pass(0)/fail(1): 0,	 time (s): 0.002778768539428711

Method: Numpy                     , dims: (3264, 256, 256)    , pass(0)/fail(1): 0,	 time (s): 0.0028836727142333984
Method: CudaGlobalMemory          , dims: (3264, 256, 256)    , pass(0)/fail(1): 0,	 time (s): 0.0038657188415527344
Method: CudaSharedMemory          , dims: (3264, 256, 256)    , pass(0)/fail(1): 0,	 time (s): 0.0029833316802978516

Method: Numpy                     , dims: (3328, 256, 256)    , pass(0)/fail(1): 0,	 time (s): 0.0029196739196777344
Method: CudaGlobalMemory          , dims: (3328, 256, 256)    , pass(0)/fail(1): 0,	 time (s): 0.0031838417053222656
Method: CudaSharedMemory          , dims: (3328, 256, 256)    , pass(0)/fail(1): 0,	 time (s): 0.010010242462158203

Method: Numpy                     , dims: (3392, 256, 256)    , pass(0)/fail(1): 0,	 time (s): 0.003298521041870117
Method: CudaGlobalMemory          , dims: (3392, 256, 256)    , pass(0)/fail(1): 0,	 time (s): 0.003911018371582031
Method: CudaSharedMemory          , dims: (3392, 256, 256)    , pass(0)/fail(1): 0,	 time (s): 0.0029392242431640625

Method: Numpy                     , dims: (3456, 256, 256)    , pass(0)/fail(1): 0,	 time (s): 0.003065347671508789
Method: CudaGlobalMemory          , dims: (3456, 256, 256)    , pass(0)/fail(1): 0,	 time (s): 0.0031354427337646484
Method: CudaSharedMemory          , dims: (3456, 256, 256)    , pass(0)/fail(1): 0,	 time (s): 0.003593921661376953

Method: Numpy                     , dims: (3520, 256, 256)    , pass(0)/fail(1): 0,	 time (s): 0.0033462047576904297
Method: CudaGlobalMemory          , dims: (3520, 256, 256)    , pass(0)/fail(1): 0,	 time (s): 0.0033881664276123047
Method: CudaSharedMemory          , dims: (3520, 256, 256)    , pass(0)/fail(1): 0,	 time (s): 0.0028617382049560547

Method: Numpy                     , dims: (3584, 256, 256)    , pass(0)/fail(1): 0,	 time (s): 0.0034132003784179688
Method: CudaGlobalMemory          , dims: (3584, 256, 256)    , pass(0)/fail(1): 0,	 time (s): 0.0033473968505859375
Method: CudaSharedMemory          , dims: (3584, 256, 256)    , pass(0)/fail(1): 0,	 time (s): 0.0037169456481933594

Method: Numpy                     , dims: (3648, 256, 256)    , pass(0)/fail(1): 0,	 time (s): 0.0032958984375
Method: CudaGlobalMemory          , dims: (3648, 256, 256)    , pass(0)/fail(1): 0,	 time (s): 0.0034618377685546875
Method: CudaSharedMemory          , dims: (3648, 256, 256)    , pass(0)/fail(1): 0,	 time (s): 0.0031387805938720703

Method: Numpy                     , dims: (3712, 256, 256)    , pass(0)/fail(1): 0,	 time (s): 0.003541231155395508
Method: CudaGlobalMemory          , dims: (3712, 256, 256)    , pass(0)/fail(1): 0,	 time (s): 0.0034563541412353516
Method: CudaSharedMemory          , dims: (3712, 256, 256)    , pass(0)/fail(1): 0,	 time (s): 0.0038077831268310547

Method: Numpy                     , dims: (3776, 256, 256)    , pass(0)/fail(1): 0,	 time (s): 0.0035555362701416016
Method: CudaGlobalMemory          , dims: (3776, 256, 256)    , pass(0)/fail(1): 0,	 time (s): 0.003466367721557617
Method: CudaSharedMemory          , dims: (3776, 256, 256)    , pass(0)/fail(1): 0,	 time (s): 0.003078937530517578

Method: Numpy                     , dims: (3840, 256, 256)    , pass(0)/fail(1): 0,	 time (s): 0.0034072399139404297
Method: CudaGlobalMemory          , dims: (3840, 256, 256)    , pass(0)/fail(1): 0,	 time (s): 0.004136800765991211
Method: CudaSharedMemory          , dims: (3840, 256, 256)    , pass(0)/fail(1): 0,	 time (s): 0.008847475051879883

Method: Numpy                     , dims: (3904, 256, 256)    , pass(0)/fail(1): 0,	 time (s): 0.003624439239501953
Method: CudaGlobalMemory          , dims: (3904, 256, 256)    , pass(0)/fail(1): 0,	 time (s): 0.0034818649291992188
Method: CudaSharedMemory          , dims: (3904, 256, 256)    , pass(0)/fail(1): 0,	 time (s): 0.003200531005859375

Method: Numpy                     , dims: (3968, 256, 256)    , pass(0)/fail(1): 0,	 time (s): 0.0034775733947753906
Method: CudaGlobalMemory          , dims: (3968, 256, 256)    , pass(0)/fail(1): 0,	 time (s): 0.0055391788482666016
Method: CudaSharedMemory          , dims: (3968, 256, 256)    , pass(0)/fail(1): 0,	 time (s): 0.0036084651947021484

Method: Numpy                     , dims: (4032, 256, 256)    , pass(0)/fail(1): 0,	 time (s): 0.003733396530151367
Method: CudaGlobalMemory          , dims: (4032, 256, 256)    , pass(0)/fail(1): 0,	 time (s): 0.003592252731323242
Method: CudaSharedMemory          , dims: (4032, 256, 256)    , pass(0)/fail(1): 0,	 time (s): 0.003173828125

Method: Numpy                     , dims: (4096, 256, 256)    , pass(0)/fail(1): 0,	 time (s): 0.0038101673126220703
Method: CudaGlobalMemory          , dims: (4096, 256, 256)    , pass(0)/fail(1): 0,	 time (s): 0.004304647445678711
Method: CudaSharedMemory          , dims: (4096, 256, 256)    , pass(0)/fail(1): 0,	 time (s): 0.010369300842285156

Total Fail Count: 0

========================================================================================

Method: Numpy                     , dims: (256, 64, 256)      , pass(0)/fail(1): 0,	 time (s): 8.130073547363281e-05
Method: CudaGlobalMemory          , dims: (256, 64, 256)      , pass(0)/fail(1): 0,	 time (s): 0.001718759536743164
Method: CudaSharedMemory          , dims: (256, 64, 256)      , pass(0)/fail(1): 0,	 time (s): 0.0014543533325195312

Method: Numpy                     , dims: (256, 128, 256)     , pass(0)/fail(1): 0,	 time (s): 0.0001049041748046875
Method: CudaGlobalMemory          , dims: (256, 128, 256)     , pass(0)/fail(1): 0,	 time (s): 0.0011210441589355469
Method: CudaSharedMemory          , dims: (256, 128, 256)     , pass(0)/fail(1): 0,	 time (s): 0.001104116439819336

Method: Numpy                     , dims: (256, 192, 256)     , pass(0)/fail(1): 0,	 time (s): 0.0001552104949951172
Method: CudaGlobalMemory          , dims: (256, 192, 256)     , pass(0)/fail(1): 0,	 time (s): 0.0011172294616699219
Method: CudaSharedMemory          , dims: (256, 192, 256)     , pass(0)/fail(1): 0,	 time (s): 0.0010807514190673828

Method: Numpy                     , dims: (256, 256, 256)     , pass(0)/fail(1): 0,	 time (s): 0.00021338462829589844
Method: CudaGlobalMemory          , dims: (256, 256, 256)     , pass(0)/fail(1): 0,	 time (s): 0.0012650489807128906
Method: CudaSharedMemory          , dims: (256, 256, 256)     , pass(0)/fail(1): 0,	 time (s): 0.0012655258178710938

Method: Numpy                     , dims: (256, 320, 256)     , pass(0)/fail(1): 0,	 time (s): 0.00027441978454589844
Method: CudaGlobalMemory          , dims: (256, 320, 256)     , pass(0)/fail(1): 0,	 time (s): 0.0011959075927734375
Method: CudaSharedMemory          , dims: (256, 320, 256)     , pass(0)/fail(1): 0,	 time (s): 0.0012576580047607422

Method: Numpy                     , dims: (256, 384, 256)     , pass(0)/fail(1): 0,	 time (s): 0.0003082752227783203
Method: CudaGlobalMemory          , dims: (256, 384, 256)     , pass(0)/fail(1): 0,	 time (s): 0.0014367103576660156
Method: CudaSharedMemory          , dims: (256, 384, 256)     , pass(0)/fail(1): 0,	 time (s): 0.001295328140258789

Method: Numpy                     , dims: (256, 448, 256)     , pass(0)/fail(1): 0,	 time (s): 0.00038814544677734375
Method: CudaGlobalMemory          , dims: (256, 448, 256)     , pass(0)/fail(1): 0,	 time (s): 0.001374959945678711
Method: CudaSharedMemory          , dims: (256, 448, 256)     , pass(0)/fail(1): 0,	 time (s): 0.001346588134765625

Method: Numpy                     , dims: (256, 512, 256)     , pass(0)/fail(1): 0,	 time (s): 0.0004494190216064453
Method: CudaGlobalMemory          , dims: (256, 512, 256)     , pass(0)/fail(1): 0,	 time (s): 0.001711130142211914
Method: CudaSharedMemory          , dims: (256, 512, 256)     , pass(0)/fail(1): 0,	 time (s): 0.0013356208801269531

Method: Numpy                     , dims: (256, 576, 256)     , pass(0)/fail(1): 0,	 time (s): 0.0004696846008300781
Method: CudaGlobalMemory          , dims: (256, 576, 256)     , pass(0)/fail(1): 0,	 time (s): 0.002559661865234375
Method: CudaSharedMemory          , dims: (256, 576, 256)     , pass(0)/fail(1): 0,	 time (s): 0.0023577213287353516

Method: Numpy                     , dims: (256, 640, 256)     , pass(0)/fail(1): 0,	 time (s): 0.0005316734313964844
Method: CudaGlobalMemory          , dims: (256, 640, 256)     , pass(0)/fail(1): 0,	 time (s): 0.0019521713256835938
Method: CudaSharedMemory          , dims: (256, 640, 256)     , pass(0)/fail(1): 0,	 time (s): 0.0016546249389648438

Method: Numpy                     , dims: (256, 704, 256)     , pass(0)/fail(1): 0,	 time (s): 0.0006930828094482422
Method: CudaGlobalMemory          , dims: (256, 704, 256)     , pass(0)/fail(1): 0,	 time (s): 0.0017504692077636719
Method: CudaSharedMemory          , dims: (256, 704, 256)     , pass(0)/fail(1): 0,	 time (s): 0.0018587112426757812

Method: Numpy                     , dims: (256, 768, 256)     , pass(0)/fail(1): 0,	 time (s): 0.0006387233734130859
Method: CudaGlobalMemory          , dims: (256, 768, 256)     , pass(0)/fail(1): 0,	 time (s): 0.0015861988067626953
Method: CudaSharedMemory          , dims: (256, 768, 256)     , pass(0)/fail(1): 0,	 time (s): 0.0015690326690673828

Method: Numpy                     , dims: (256, 832, 256)     , pass(0)/fail(1): 0,	 time (s): 0.0006952285766601562
Method: CudaGlobalMemory          , dims: (256, 832, 256)     , pass(0)/fail(1): 0,	 time (s): 0.0015976428985595703
Method: CudaSharedMemory          , dims: (256, 832, 256)     , pass(0)/fail(1): 0,	 time (s): 0.0018553733825683594

Method: Numpy                     , dims: (256, 896, 256)     , pass(0)/fail(1): 0,	 time (s): 0.0007331371307373047
Method: CudaGlobalMemory          , dims: (256, 896, 256)     , pass(0)/fail(1): 0,	 time (s): 0.0016260147094726562
Method: CudaSharedMemory          , dims: (256, 896, 256)     , pass(0)/fail(1): 0,	 time (s): 0.001687765121459961

Method: Numpy                     , dims: (256, 960, 256)     , pass(0)/fail(1): 0,	 time (s): 0.0008070468902587891
Method: CudaGlobalMemory          , dims: (256, 960, 256)     , pass(0)/fail(1): 0,	 time (s): 0.0016415119171142578
Method: CudaSharedMemory          , dims: (256, 960, 256)     , pass(0)/fail(1): 0,	 time (s): 0.002111196517944336

Method: Numpy                     , dims: (256, 1024, 256)    , pass(0)/fail(1): 0,	 time (s): 0.0008597373962402344
Method: CudaGlobalMemory          , dims: (256, 1024, 256)    , pass(0)/fail(1): 0,	 time (s): 0.0018458366394042969
Method: CudaSharedMemory          , dims: (256, 1024, 256)    , pass(0)/fail(1): 0,	 time (s): 0.0017621517181396484

Method: Numpy                     , dims: (256, 1088, 256)    , pass(0)/fail(1): 0,	 time (s): 0.0009272098541259766
Method: CudaGlobalMemory          , dims: (256, 1088, 256)    , pass(0)/fail(1): 0,	 time (s): 0.002261638641357422
Method: CudaSharedMemory          , dims: (256, 1088, 256)    , pass(0)/fail(1): 0,	 time (s): 0.0019440650939941406

Method: Numpy                     , dims: (256, 1152, 256)    , pass(0)/fail(1): 0,	 time (s): 0.0009477138519287109
Method: CudaGlobalMemory          , dims: (256, 1152, 256)    , pass(0)/fail(1): 0,	 time (s): 0.0018475055694580078
Method: CudaSharedMemory          , dims: (256, 1152, 256)    , pass(0)/fail(1): 0,	 time (s): 0.0019681453704833984

Method: Numpy                     , dims: (256, 1216, 256)    , pass(0)/fail(1): 0,	 time (s): 0.0010318756103515625
Method: CudaGlobalMemory          , dims: (256, 1216, 256)    , pass(0)/fail(1): 0,	 time (s): 0.002424001693725586
Method: CudaSharedMemory          , dims: (256, 1216, 256)    , pass(0)/fail(1): 0,	 time (s): 0.0020766258239746094

Method: Numpy                     , dims: (256, 1280, 256)    , pass(0)/fail(1): 0,	 time (s): 0.0010890960693359375
Method: CudaGlobalMemory          , dims: (256, 1280, 256)    , pass(0)/fail(1): 0,	 time (s): 0.0018520355224609375
Method: CudaSharedMemory          , dims: (256, 1280, 256)    , pass(0)/fail(1): 0,	 time (s): 0.0021178722381591797

Method: Numpy                     , dims: (256, 1344, 256)    , pass(0)/fail(1): 0,	 time (s): 0.0011250972747802734
Method: CudaGlobalMemory          , dims: (256, 1344, 256)    , pass(0)/fail(1): 0,	 time (s): 0.002599000930786133
Method: CudaSharedMemory          , dims: (256, 1344, 256)    , pass(0)/fail(1): 0,	 time (s): 0.002208709716796875

Method: Numpy                     , dims: (256, 1408, 256)    , pass(0)/fail(1): 0,	 time (s): 0.0012102127075195312
Method: CudaGlobalMemory          , dims: (256, 1408, 256)    , pass(0)/fail(1): 0,	 time (s): 0.001963376998901367
Method: CudaSharedMemory          , dims: (256, 1408, 256)    , pass(0)/fail(1): 0,	 time (s): 0.002852201461791992

Method: Numpy                     , dims: (256, 1472, 256)    , pass(0)/fail(1): 0,	 time (s): 0.0012469291687011719
Method: CudaGlobalMemory          , dims: (256, 1472, 256)    , pass(0)/fail(1): 0,	 time (s): 0.0020334720611572266
Method: CudaSharedMemory          , dims: (256, 1472, 256)    , pass(0)/fail(1): 0,	 time (s): 0.0023458003997802734

Method: Numpy                     , dims: (256, 1536, 256)    , pass(0)/fail(1): 0,	 time (s): 0.0013103485107421875
Method: CudaGlobalMemory          , dims: (256, 1536, 256)    , pass(0)/fail(1): 0,	 time (s): 0.0020971298217773438
Method: CudaSharedMemory          , dims: (256, 1536, 256)    , pass(0)/fail(1): 0,	 time (s): 0.003023862838745117

Method: Numpy                     , dims: (256, 1600, 256)    , pass(0)/fail(1): 0,	 time (s): 0.0013377666473388672
Method: CudaGlobalMemory          , dims: (256, 1600, 256)    , pass(0)/fail(1): 0,	 time (s): 0.002082347869873047
Method: CudaSharedMemory          , dims: (256, 1600, 256)    , pass(0)/fail(1): 0,	 time (s): 0.00244903564453125

Method: Numpy                     , dims: (256, 1664, 256)    , pass(0)/fail(1): 0,	 time (s): 0.0014166831970214844
Method: CudaGlobalMemory          , dims: (256, 1664, 256)    , pass(0)/fail(1): 0,	 time (s): 0.0022237300872802734
Method: CudaSharedMemory          , dims: (256, 1664, 256)    , pass(0)/fail(1): 0,	 time (s): 0.003140687942504883

Method: Numpy                     , dims: (256, 1728, 256)    , pass(0)/fail(1): 0,	 time (s): 0.001455545425415039
Method: CudaGlobalMemory          , dims: (256, 1728, 256)    , pass(0)/fail(1): 0,	 time (s): 0.0022513866424560547
Method: CudaSharedMemory          , dims: (256, 1728, 256)    , pass(0)/fail(1): 0,	 time (s): 0.002586841583251953

Method: Numpy                     , dims: (256, 1792, 256)    , pass(0)/fail(1): 0,	 time (s): 0.0015633106231689453
Method: CudaGlobalMemory          , dims: (256, 1792, 256)    , pass(0)/fail(1): 0,	 time (s): 0.002834796905517578
Method: CudaSharedMemory          , dims: (256, 1792, 256)    , pass(0)/fail(1): 0,	 time (s): 0.002706766128540039

Method: Numpy                     , dims: (256, 1856, 256)    , pass(0)/fail(1): 0,	 time (s): 0.0016007423400878906
Method: CudaGlobalMemory          , dims: (256, 1856, 256)    , pass(0)/fail(1): 0,	 time (s): 0.0022454261779785156
Method: CudaSharedMemory          , dims: (256, 1856, 256)    , pass(0)/fail(1): 0,	 time (s): 0.0028228759765625

Method: Numpy                     , dims: (256, 1920, 256)    , pass(0)/fail(1): 0,	 time (s): 0.0016367435455322266
Method: CudaGlobalMemory          , dims: (256, 1920, 256)    , pass(0)/fail(1): 0,	 time (s): 0.0029180049896240234
Method: CudaSharedMemory          , dims: (256, 1920, 256)    , pass(0)/fail(1): 0,	 time (s): 0.002947092056274414

Method: Numpy                     , dims: (256, 1984, 256)    , pass(0)/fail(1): 0,	 time (s): 0.0017054080963134766
Method: CudaGlobalMemory          , dims: (256, 1984, 256)    , pass(0)/fail(1): 0,	 time (s): 0.002310514450073242
Method: CudaSharedMemory          , dims: (256, 1984, 256)    , pass(0)/fail(1): 0,	 time (s): 0.002856731414794922

Method: Numpy                     , dims: (256, 2048, 256)    , pass(0)/fail(1): 0,	 time (s): 0.0017323493957519531
Method: CudaGlobalMemory          , dims: (256, 2048, 256)    , pass(0)/fail(1): 0,	 time (s): 0.003092527389526367
Method: CudaSharedMemory          , dims: (256, 2048, 256)    , pass(0)/fail(1): 0,	 time (s): 0.003143787384033203

Method: Numpy                     , dims: (256, 2112, 256)    , pass(0)/fail(1): 0,	 time (s): 0.0017414093017578125
Method: CudaGlobalMemory          , dims: (256, 2112, 256)    , pass(0)/fail(1): 0,	 time (s): 0.002439737319946289
Method: CudaSharedMemory          , dims: (256, 2112, 256)    , pass(0)/fail(1): 0,	 time (s): 0.0039560794830322266

Method: Numpy                     , dims: (256, 2176, 256)    , pass(0)/fail(1): 0,	 time (s): 0.001825571060180664
Method: CudaGlobalMemory          , dims: (256, 2176, 256)    , pass(0)/fail(1): 0,	 time (s): 0.002668142318725586
Method: CudaSharedMemory          , dims: (256, 2176, 256)    , pass(0)/fail(1): 0,	 time (s): 0.0032575130462646484

Method: Numpy                     , dims: (256, 2240, 256)    , pass(0)/fail(1): 0,	 time (s): 0.0019214153289794922
Method: CudaGlobalMemory          , dims: (256, 2240, 256)    , pass(0)/fail(1): 0,	 time (s): 0.002641439437866211
Method: CudaSharedMemory          , dims: (256, 2240, 256)    , pass(0)/fail(1): 0,	 time (s): 0.0040531158447265625

Method: Numpy                     , dims: (256, 2304, 256)    , pass(0)/fail(1): 0,	 time (s): 0.0018744468688964844
Method: CudaGlobalMemory          , dims: (256, 2304, 256)    , pass(0)/fail(1): 0,	 time (s): 0.0026314258575439453
Method: CudaSharedMemory          , dims: (256, 2304, 256)    , pass(0)/fail(1): 0,	 time (s): 0.0033986568450927734

Method: Numpy                     , dims: (256, 2368, 256)    , pass(0)/fail(1): 0,	 time (s): 0.001959562301635742
Method: CudaGlobalMemory          , dims: (256, 2368, 256)    , pass(0)/fail(1): 0,	 time (s): 0.004376411437988281
Method: CudaSharedMemory          , dims: (256, 2368, 256)    , pass(0)/fail(1): 0,	 time (s): 0.005276918411254883

Method: Numpy                     , dims: (256, 2432, 256)    , pass(0)/fail(1): 0,	 time (s): 0.002026081085205078
Method: CudaGlobalMemory          , dims: (256, 2432, 256)    , pass(0)/fail(1): 0,	 time (s): 0.0028896331787109375
Method: CudaSharedMemory          , dims: (256, 2432, 256)    , pass(0)/fail(1): 0,	 time (s): 0.003737926483154297

Method: Numpy                     , dims: (256, 2496, 256)    , pass(0)/fail(1): 0,	 time (s): 0.0021636486053466797
Method: CudaGlobalMemory          , dims: (256, 2496, 256)    , pass(0)/fail(1): 0,	 time (s): 0.0035681724548339844
Method: CudaSharedMemory          , dims: (256, 2496, 256)    , pass(0)/fail(1): 0,	 time (s): 0.0037758350372314453

Method: Numpy                     , dims: (256, 2560, 256)    , pass(0)/fail(1): 0,	 time (s): 0.0020313262939453125
Method: CudaGlobalMemory          , dims: (256, 2560, 256)    , pass(0)/fail(1): 0,	 time (s): 0.018172025680541992
Method: CudaSharedMemory          , dims: (256, 2560, 256)    , pass(0)/fail(1): 0,	 time (s): 0.025916576385498047

Method: Numpy                     , dims: (256, 2624, 256)    , pass(0)/fail(1): 0,	 time (s): 0.002286195755004883
Method: CudaGlobalMemory          , dims: (256, 2624, 256)    , pass(0)/fail(1): 0,	 time (s): 0.041846513748168945
Method: CudaSharedMemory          , dims: (256, 2624, 256)    , pass(0)/fail(1): 0,	 time (s): 0.006101369857788086

Method: Numpy                     , dims: (256, 2688, 256)    , pass(0)/fail(1): 0,	 time (s): 0.002286195755004883
Method: CudaGlobalMemory          , dims: (256, 2688, 256)    , pass(0)/fail(1): 0,	 time (s): 0.002816438674926758
Method: CudaSharedMemory          , dims: (256, 2688, 256)    , pass(0)/fail(1): 0,	 time (s): 0.004034519195556641

Method: Numpy                     , dims: (256, 2752, 256)    , pass(0)/fail(1): 0,	 time (s): 0.0024039745330810547
Method: CudaGlobalMemory          , dims: (256, 2752, 256)    , pass(0)/fail(1): 0,	 time (s): 0.003695964813232422
Method: CudaSharedMemory          , dims: (256, 2752, 256)    , pass(0)/fail(1): 0,	 time (s): 0.004350185394287109

Method: Numpy                     , dims: (256, 2816, 256)    , pass(0)/fail(1): 0,	 time (s): 0.0024721622467041016
Method: CudaGlobalMemory          , dims: (256, 2816, 256)    , pass(0)/fail(1): 0,	 time (s): 0.0029621124267578125
Method: CudaSharedMemory          , dims: (256, 2816, 256)    , pass(0)/fail(1): 0,	 time (s): 0.005115032196044922

Method: Numpy                     , dims: (256, 2880, 256)    , pass(0)/fail(1): 0,	 time (s): 0.0024344921112060547
Method: CudaGlobalMemory          , dims: (256, 2880, 256)    , pass(0)/fail(1): 0,	 time (s): 0.0029916763305664062
Method: CudaSharedMemory          , dims: (256, 2880, 256)    , pass(0)/fail(1): 0,	 time (s): 0.004341602325439453

Method: Numpy                     , dims: (256, 2944, 256)    , pass(0)/fail(1): 0,	 time (s): 0.0025196075439453125
Method: CudaGlobalMemory          , dims: (256, 2944, 256)    , pass(0)/fail(1): 0,	 time (s): 0.002991199493408203
Method: CudaSharedMemory          , dims: (256, 2944, 256)    , pass(0)/fail(1): 0,	 time (s): 0.0054051876068115234

Method: Numpy                     , dims: (256, 3008, 256)    , pass(0)/fail(1): 0,	 time (s): 0.0025267601013183594
Method: CudaGlobalMemory          , dims: (256, 3008, 256)    , pass(0)/fail(1): 0,	 time (s): 0.0031964778900146484
Method: CudaSharedMemory          , dims: (256, 3008, 256)    , pass(0)/fail(1): 0,	 time (s): 0.004566669464111328

Method: Numpy                     , dims: (256, 3072, 256)    , pass(0)/fail(1): 0,	 time (s): 0.002595186233520508
Method: CudaGlobalMemory          , dims: (256, 3072, 256)    , pass(0)/fail(1): 0,	 time (s): 0.0030374526977539062
Method: CudaSharedMemory          , dims: (256, 3072, 256)    , pass(0)/fail(1): 0,	 time (s): 0.0054051876068115234

Method: Numpy                     , dims: (256, 3136, 256)    , pass(0)/fail(1): 0,	 time (s): 0.002595663070678711
Method: CudaGlobalMemory          , dims: (256, 3136, 256)    , pass(0)/fail(1): 0,	 time (s): 0.0032787322998046875
Method: CudaSharedMemory          , dims: (256, 3136, 256)    , pass(0)/fail(1): 0,	 time (s): 0.00486445426940918

Method: Numpy                     , dims: (256, 3200, 256)    , pass(0)/fail(1): 0,	 time (s): 0.0026149749755859375
Method: CudaGlobalMemory          , dims: (256, 3200, 256)    , pass(0)/fail(1): 0,	 time (s): 0.003995656967163086
Method: CudaSharedMemory          , dims: (256, 3200, 256)    , pass(0)/fail(1): 0,	 time (s): 0.005059003829956055

Method: Numpy                     , dims: (256, 3264, 256)    , pass(0)/fail(1): 0,	 time (s): 0.0030188560485839844
Method: CudaGlobalMemory          , dims: (256, 3264, 256)    , pass(0)/fail(1): 0,	 time (s): 0.0031757354736328125
Method: CudaSharedMemory          , dims: (256, 3264, 256)    , pass(0)/fail(1): 0,	 time (s): 0.005200862884521484

Method: Numpy                     , dims: (256, 3328, 256)    , pass(0)/fail(1): 0,	 time (s): 0.002749919891357422
Method: CudaGlobalMemory          , dims: (256, 3328, 256)    , pass(0)/fail(1): 0,	 time (s): 0.003998517990112305
Method: CudaSharedMemory          , dims: (256, 3328, 256)    , pass(0)/fail(1): 0,	 time (s): 0.00536799430847168

Method: Numpy                     , dims: (256, 3392, 256)    , pass(0)/fail(1): 0,	 time (s): 0.0030527114868164062
Method: CudaGlobalMemory          , dims: (256, 3392, 256)    , pass(0)/fail(1): 0,	 time (s): 0.003360748291015625
Method: CudaSharedMemory          , dims: (256, 3392, 256)    , pass(0)/fail(1): 0,	 time (s): 0.00539398193359375

Method: Numpy                     , dims: (256, 3456, 256)    , pass(0)/fail(1): 0,	 time (s): 0.002830982208251953
Method: CudaGlobalMemory          , dims: (256, 3456, 256)    , pass(0)/fail(1): 0,	 time (s): 0.003907918930053711
Method: CudaSharedMemory          , dims: (256, 3456, 256)    , pass(0)/fail(1): 0,	 time (s): 0.005486965179443359

Method: Numpy                     , dims: (256, 3520, 256)    , pass(0)/fail(1): 0,	 time (s): 0.0031659603118896484
Method: CudaGlobalMemory          , dims: (256, 3520, 256)    , pass(0)/fail(1): 0,	 time (s): 0.01055288314819336
Method: CudaSharedMemory          , dims: (256, 3520, 256)    , pass(0)/fail(1): 0,	 time (s): 0.0071506500244140625

Method: Numpy                     , dims: (256, 3584, 256)    , pass(0)/fail(1): 0,	 time (s): 0.0032155513763427734
Method: CudaGlobalMemory          , dims: (256, 3584, 256)    , pass(0)/fail(1): 0,	 time (s): 0.0034689903259277344
Method: CudaSharedMemory          , dims: (256, 3584, 256)    , pass(0)/fail(1): 0,	 time (s): 0.00582122802734375

Method: Numpy                     , dims: (256, 3648, 256)    , pass(0)/fail(1): 0,	 time (s): 0.003375530242919922
Method: CudaGlobalMemory          , dims: (256, 3648, 256)    , pass(0)/fail(1): 0,	 time (s): 0.003444671630859375
Method: CudaSharedMemory          , dims: (256, 3648, 256)    , pass(0)/fail(1): 0,	 time (s): 0.006703853607177734

Method: Numpy                     , dims: (256, 3712, 256)    , pass(0)/fail(1): 0,	 time (s): 0.0032901763916015625
Method: CudaGlobalMemory          , dims: (256, 3712, 256)    , pass(0)/fail(1): 0,	 time (s): 0.003531932830810547
Method: CudaSharedMemory          , dims: (256, 3712, 256)    , pass(0)/fail(1): 0,	 time (s): 0.006003379821777344

Method: Numpy                     , dims: (256, 3776, 256)    , pass(0)/fail(1): 0,	 time (s): 0.003455638885498047
Method: CudaGlobalMemory          , dims: (256, 3776, 256)    , pass(0)/fail(1): 0,	 time (s): 0.0034437179565429688
Method: CudaSharedMemory          , dims: (256, 3776, 256)    , pass(0)/fail(1): 0,	 time (s): 0.006729841232299805

Method: Numpy                     , dims: (256, 3840, 256)    , pass(0)/fail(1): 0,	 time (s): 0.0034995079040527344
Method: CudaGlobalMemory          , dims: (256, 3840, 256)    , pass(0)/fail(1): 0,	 time (s): 0.0035409927368164062
Method: CudaSharedMemory          , dims: (256, 3840, 256)    , pass(0)/fail(1): 0,	 time (s): 0.006237983703613281

Method: Numpy                     , dims: (256, 3904, 256)    , pass(0)/fail(1): 0,	 time (s): 0.0032088756561279297
Method: CudaGlobalMemory          , dims: (256, 3904, 256)    , pass(0)/fail(1): 0,	 time (s): 0.004197835922241211
Method: CudaSharedMemory          , dims: (256, 3904, 256)    , pass(0)/fail(1): 0,	 time (s): 0.006521701812744141

Method: Numpy                     , dims: (256, 3968, 256)    , pass(0)/fail(1): 0,	 time (s): 0.0034973621368408203
Method: CudaGlobalMemory          , dims: (256, 3968, 256)    , pass(0)/fail(1): 0,	 time (s): 0.0035371780395507812
Method: CudaSharedMemory          , dims: (256, 3968, 256)    , pass(0)/fail(1): 0,	 time (s): 0.006605386734008789

Method: Numpy                     , dims: (256, 4032, 256)    , pass(0)/fail(1): 0,	 time (s): 0.0036017894744873047
Method: CudaGlobalMemory          , dims: (256, 4032, 256)    , pass(0)/fail(1): 0,	 time (s): 0.0043032169342041016
Method: CudaSharedMemory          , dims: (256, 4032, 256)    , pass(0)/fail(1): 0,	 time (s): 0.006895780563354492

Method: Numpy                     , dims: (256, 4096, 256)    , pass(0)/fail(1): 0,	 time (s): 0.0036764144897460938
Method: CudaGlobalMemory          , dims: (256, 4096, 256)    , pass(0)/fail(1): 0,	 time (s): 0.0035247802734375
Method: CudaSharedMemory          , dims: (256, 4096, 256)    , pass(0)/fail(1): 0,	 time (s): 0.006865262985229492

Total Fail Count: 0

========================================================================================

Method: Numpy                     , dims: (256, 256, 64)      , pass(0)/fail(1): 0,	 time (s): 6.532669067382812e-05
Method: CudaGlobalMemory          , dims: (256, 256, 64)      , pass(0)/fail(1): 0,	 time (s): 0.0011479854583740234
Method: CudaSharedMemory          , dims: (256, 256, 64)      , pass(0)/fail(1): 0,	 time (s): 0.0013036727905273438

Method: Numpy                     , dims: (256, 256, 128)     , pass(0)/fail(1): 0,	 time (s): 0.0001163482666015625
Method: CudaGlobalMemory          , dims: (256, 256, 128)     , pass(0)/fail(1): 0,	 time (s): 0.0012543201446533203
Method: CudaSharedMemory          , dims: (256, 256, 128)     , pass(0)/fail(1): 0,	 time (s): 0.0011205673217773438

Method: Numpy                     , dims: (256, 256, 192)     , pass(0)/fail(1): 0,	 time (s): 0.0001697540283203125
Method: CudaGlobalMemory          , dims: (256, 256, 192)     , pass(0)/fail(1): 0,	 time (s): 0.0011219978332519531
Method: CudaSharedMemory          , dims: (256, 256, 192)     , pass(0)/fail(1): 0,	 time (s): 0.0013778209686279297

Method: Numpy                     , dims: (256, 256, 256)     , pass(0)/fail(1): 0,	 time (s): 0.00024127960205078125
Method: CudaGlobalMemory          , dims: (256, 256, 256)     , pass(0)/fail(1): 0,	 time (s): 0.0011570453643798828
Method: CudaSharedMemory          , dims: (256, 256, 256)     , pass(0)/fail(1): 0,	 time (s): 0.0011301040649414062

Method: Numpy                     , dims: (256, 256, 320)     , pass(0)/fail(1): 0,	 time (s): 0.0002760887145996094
Method: CudaGlobalMemory          , dims: (256, 256, 320)     , pass(0)/fail(1): 0,	 time (s): 0.003485441207885742
Method: CudaSharedMemory          , dims: (256, 256, 320)     , pass(0)/fail(1): 0,	 time (s): 0.0016355514526367188

Method: Numpy                     , dims: (256, 256, 384)     , pass(0)/fail(1): 0,	 time (s): 0.0004203319549560547
Method: CudaGlobalMemory          , dims: (256, 256, 384)     , pass(0)/fail(1): 0,	 time (s): 0.001435995101928711
Method: CudaSharedMemory          , dims: (256, 256, 384)     , pass(0)/fail(1): 0,	 time (s): 0.0014123916625976562

Method: Numpy                     , dims: (256, 256, 448)     , pass(0)/fail(1): 0,	 time (s): 0.0003948211669921875
Method: CudaGlobalMemory          , dims: (256, 256, 448)     , pass(0)/fail(1): 0,	 time (s): 0.0014622211456298828
Method: CudaSharedMemory          , dims: (256, 256, 448)     , pass(0)/fail(1): 0,	 time (s): 0.006289243698120117

Method: Numpy                     , dims: (256, 256, 512)     , pass(0)/fail(1): 0,	 time (s): 0.0006289482116699219
Method: CudaGlobalMemory          , dims: (256, 256, 512)     , pass(0)/fail(1): 0,	 time (s): 0.002001047134399414
Method: CudaSharedMemory          , dims: (256, 256, 512)     , pass(0)/fail(1): 0,	 time (s): 0.0014638900756835938

Method: Numpy                     , dims: (256, 256, 576)     , pass(0)/fail(1): 0,	 time (s): 0.0005040168762207031
Method: CudaGlobalMemory          , dims: (256, 256, 576)     , pass(0)/fail(1): 0,	 time (s): 0.0016450881958007812
Method: CudaSharedMemory          , dims: (256, 256, 576)     , pass(0)/fail(1): 0,	 time (s): 0.0013904571533203125

Method: Numpy                     , dims: (256, 256, 640)     , pass(0)/fail(1): 0,	 time (s): 0.0005645751953125
Method: CudaGlobalMemory          , dims: (256, 256, 640)     , pass(0)/fail(1): 0,	 time (s): 0.0014934539794921875
Method: CudaSharedMemory          , dims: (256, 256, 640)     , pass(0)/fail(1): 0,	 time (s): 0.006411314010620117

Method: Numpy                     , dims: (256, 256, 704)     , pass(0)/fail(1): 0,	 time (s): 0.0009095668792724609
Method: CudaGlobalMemory          , dims: (256, 256, 704)     , pass(0)/fail(1): 0,	 time (s): 0.0025370121002197266
Method: CudaSharedMemory          , dims: (256, 256, 704)     , pass(0)/fail(1): 0,	 time (s): 0.0015416145324707031

Method: Numpy                     , dims: (256, 256, 768)     , pass(0)/fail(1): 0,	 time (s): 0.0006668567657470703
Method: CudaGlobalMemory          , dims: (256, 256, 768)     , pass(0)/fail(1): 0,	 time (s): 0.0015568733215332031
Method: CudaSharedMemory          , dims: (256, 256, 768)     , pass(0)/fail(1): 0,	 time (s): 0.002078533172607422

Method: Numpy                     , dims: (256, 256, 832)     , pass(0)/fail(1): 0,	 time (s): 0.000759124755859375
Method: CudaGlobalMemory          , dims: (256, 256, 832)     , pass(0)/fail(1): 0,	 time (s): 0.0015213489532470703
Method: CudaSharedMemory          , dims: (256, 256, 832)     , pass(0)/fail(1): 0,	 time (s): 0.0018155574798583984

Method: Numpy                     , dims: (256, 256, 896)     , pass(0)/fail(1): 0,	 time (s): 0.0007643699645996094
Method: CudaGlobalMemory          , dims: (256, 256, 896)     , pass(0)/fail(1): 0,	 time (s): 0.005465507507324219
Method: CudaSharedMemory          , dims: (256, 256, 896)     , pass(0)/fail(1): 0,	 time (s): 0.008869647979736328

Method: Numpy                     , dims: (256, 256, 960)     , pass(0)/fail(1): 0,	 time (s): 0.0008256435394287109
Method: CudaGlobalMemory          , dims: (256, 256, 960)     , pass(0)/fail(1): 0,	 time (s): 0.0032815933227539062
Method: CudaSharedMemory          , dims: (256, 256, 960)     , pass(0)/fail(1): 0,	 time (s): 0.0021851062774658203

Method: Numpy                     , dims: (256, 256, 1024)    , pass(0)/fail(1): 0,	 time (s): 0.001041412353515625
Method: CudaGlobalMemory          , dims: (256, 256, 1024)    , pass(0)/fail(1): 0,	 time (s): 0.0018887519836425781
Method: CudaSharedMemory          , dims: (256, 256, 1024)    , pass(0)/fail(1): 0,	 time (s): 0.0030853748321533203

Method: Numpy                     , dims: (256, 256, 1088)    , pass(0)/fail(1): 0,	 time (s): 0.0009129047393798828
Method: CudaGlobalMemory          , dims: (256, 256, 1088)    , pass(0)/fail(1): 0,	 time (s): 0.0018684864044189453
Method: CudaSharedMemory          , dims: (256, 256, 1088)    , pass(0)/fail(1): 0,	 time (s): 0.00741887092590332

Method: Numpy                     , dims: (256, 256, 1152)    , pass(0)/fail(1): 0,	 time (s): 0.0010242462158203125
Method: CudaGlobalMemory          , dims: (256, 256, 1152)    , pass(0)/fail(1): 0,	 time (s): 0.002493143081665039
Method: CudaSharedMemory          , dims: (256, 256, 1152)    , pass(0)/fail(1): 0,	 time (s): 0.0029115676879882812

Method: Numpy                     , dims: (256, 256, 1216)    , pass(0)/fail(1): 0,	 time (s): 0.001046895980834961
Method: CudaGlobalMemory          , dims: (256, 256, 1216)    , pass(0)/fail(1): 0,	 time (s): 0.001905202865600586
Method: CudaSharedMemory          , dims: (256, 256, 1216)    , pass(0)/fail(1): 0,	 time (s): 0.00325775146484375

Method: Numpy                     , dims: (256, 256, 1280)    , pass(0)/fail(1): 0,	 time (s): 0.0011508464813232422
Method: CudaGlobalMemory          , dims: (256, 256, 1280)    , pass(0)/fail(1): 0,	 time (s): 0.002378225326538086
Method: CudaSharedMemory          , dims: (256, 256, 1280)    , pass(0)/fail(1): 0,	 time (s): 0.003305196762084961

Method: Numpy                     , dims: (256, 256, 1344)    , pass(0)/fail(1): 0,	 time (s): 0.001130819320678711
Method: CudaGlobalMemory          , dims: (256, 256, 1344)    , pass(0)/fail(1): 0,	 time (s): 0.0019478797912597656
Method: CudaSharedMemory          , dims: (256, 256, 1344)    , pass(0)/fail(1): 0,	 time (s): 0.011775493621826172

Method: Numpy                     , dims: (256, 256, 1408)    , pass(0)/fail(1): 0,	 time (s): 0.0011811256408691406
Method: CudaGlobalMemory          , dims: (256, 256, 1408)    , pass(0)/fail(1): 0,	 time (s): 0.0023932456970214844
Method: CudaSharedMemory          , dims: (256, 256, 1408)    , pass(0)/fail(1): 0,	 time (s): 0.003973245620727539

Method: Numpy                     , dims: (256, 256, 1472)    , pass(0)/fail(1): 0,	 time (s): 0.0012385845184326172
Method: CudaGlobalMemory          , dims: (256, 256, 1472)    , pass(0)/fail(1): 0,	 time (s): 0.001963376998901367
Method: CudaSharedMemory          , dims: (256, 256, 1472)    , pass(0)/fail(1): 0,	 time (s): 0.004988193511962891

Method: Numpy                     , dims: (256, 256, 1536)    , pass(0)/fail(1): 0,	 time (s): 0.0013017654418945312
Method: CudaGlobalMemory          , dims: (256, 256, 1536)    , pass(0)/fail(1): 0,	 time (s): 0.0021224021911621094
Method: CudaSharedMemory          , dims: (256, 256, 1536)    , pass(0)/fail(1): 0,	 time (s): 0.00932455062866211

Method: Numpy                     , dims: (256, 256, 1600)    , pass(0)/fail(1): 0,	 time (s): 0.0013670921325683594
Method: CudaGlobalMemory          , dims: (256, 256, 1600)    , pass(0)/fail(1): 0,	 time (s): 0.0020835399627685547
Method: CudaSharedMemory          , dims: (256, 256, 1600)    , pass(0)/fail(1): 0,	 time (s): 0.008304119110107422

Method: Numpy                     , dims: (256, 256, 1664)    , pass(0)/fail(1): 0,	 time (s): 0.0018768310546875
Method: CudaGlobalMemory          , dims: (256, 256, 1664)    , pass(0)/fail(1): 0,	 time (s): 0.00215911865234375
Method: CudaSharedMemory          , dims: (256, 256, 1664)    , pass(0)/fail(1): 0,	 time (s): 0.00580143928527832

Method: Numpy                     , dims: (256, 256, 1728)    , pass(0)/fail(1): 0,	 time (s): 0.0014972686767578125
Method: CudaGlobalMemory          , dims: (256, 256, 1728)    , pass(0)/fail(1): 0,	 time (s): 0.002833843231201172
Method: CudaSharedMemory          , dims: (256, 256, 1728)    , pass(0)/fail(1): 0,	 time (s): 0.006865024566650391

Method: Numpy                     , dims: (256, 256, 1792)    , pass(0)/fail(1): 0,	 time (s): 0.0015494823455810547
Method: CudaGlobalMemory          , dims: (256, 256, 1792)    , pass(0)/fail(1): 0,	 time (s): 0.0021898746490478516
Method: CudaSharedMemory          , dims: (256, 256, 1792)    , pass(0)/fail(1): 0,	 time (s): 0.006850242614746094

Method: Numpy                     , dims: (256, 256, 1856)    , pass(0)/fail(1): 0,	 time (s): 0.001611948013305664
Method: CudaGlobalMemory          , dims: (256, 256, 1856)    , pass(0)/fail(1): 0,	 time (s): 0.002908945083618164
Method: CudaSharedMemory          , dims: (256, 256, 1856)    , pass(0)/fail(1): 0,	 time (s): 0.007481575012207031

Method: Numpy                     , dims: (256, 256, 1920)    , pass(0)/fail(1): 0,	 time (s): 0.001651763916015625
Method: CudaGlobalMemory          , dims: (256, 256, 1920)    , pass(0)/fail(1): 0,	 time (s): 0.002448558807373047
Method: CudaSharedMemory          , dims: (256, 256, 1920)    , pass(0)/fail(1): 0,	 time (s): 0.007968902587890625

Method: Numpy                     , dims: (256, 256, 1984)    , pass(0)/fail(1): 0,	 time (s): 0.0016927719116210938
Method: CudaGlobalMemory          , dims: (256, 256, 1984)    , pass(0)/fail(1): 0,	 time (s): 0.0029647350311279297
Method: CudaSharedMemory          , dims: (256, 256, 1984)    , pass(0)/fail(1): 0,	 time (s): 0.008754491806030273

Method: Numpy                     , dims: (256, 256, 2048)    , pass(0)/fail(1): 0,	 time (s): 0.001802206039428711
Method: CudaGlobalMemory          , dims: (256, 256, 2048)    , pass(0)/fail(1): 0,	 time (s): 0.0023741722106933594
Method: CudaSharedMemory          , dims: (256, 256, 2048)    , pass(0)/fail(1): 0,	 time (s): 0.009342670440673828

Method: Numpy                     , dims: (256, 256, 2112)    , pass(0)/fail(1): 0,	 time (s): 0.0018317699432373047
Method: CudaGlobalMemory          , dims: (256, 256, 2112)    , pass(0)/fail(1): 0,	 time (s): 0.003057718276977539
Method: CudaSharedMemory          , dims: (256, 256, 2112)    , pass(0)/fail(1): 0,	 time (s): 0.010118246078491211

Method: Numpy                     , dims: (256, 256, 2176)    , pass(0)/fail(1): 0,	 time (s): 0.0018420219421386719
Method: CudaGlobalMemory          , dims: (256, 256, 2176)    , pass(0)/fail(1): 0,	 time (s): 0.0022826194763183594
Method: CudaSharedMemory          , dims: (256, 256, 2176)    , pass(0)/fail(1): 0,	 time (s): 0.011596202850341797

Method: Numpy                     , dims: (256, 256, 2240)    , pass(0)/fail(1): 0,	 time (s): 0.0019347667694091797
Method: CudaGlobalMemory          , dims: (256, 256, 2240)    , pass(0)/fail(1): 0,	 time (s): 0.002602815628051758
Method: CudaSharedMemory          , dims: (256, 256, 2240)    , pass(0)/fail(1): 0,	 time (s): 0.011771440505981445

Method: Numpy                     , dims: (256, 256, 2304)    , pass(0)/fail(1): 0,	 time (s): 0.002008676528930664
Method: CudaGlobalMemory          , dims: (256, 256, 2304)    , pass(0)/fail(1): 0,	 time (s): 0.002535104751586914
Method: CudaSharedMemory          , dims: (256, 256, 2304)    , pass(0)/fail(1): 0,	 time (s): 0.013353109359741211

Method: Numpy                     , dims: (256, 256, 2368)    , pass(0)/fail(1): 0,	 time (s): 0.002063751220703125
Method: CudaGlobalMemory          , dims: (256, 256, 2368)    , pass(0)/fail(1): 0,	 time (s): 0.0025446414947509766
Method: CudaSharedMemory          , dims: (256, 256, 2368)    , pass(0)/fail(1): 0,	 time (s): 0.013599157333374023

Method: Numpy                     , dims: (256, 256, 2432)    , pass(0)/fail(1): 0,	 time (s): 0.002092599868774414
Method: CudaGlobalMemory          , dims: (256, 256, 2432)    , pass(0)/fail(1): 0,	 time (s): 0.0026063919067382812
Method: CudaSharedMemory          , dims: (256, 256, 2432)    , pass(0)/fail(1): 0,	 time (s): 0.015218257904052734

Method: Numpy                     , dims: (256, 256, 2496)    , pass(0)/fail(1): 0,	 time (s): 0.002129793167114258
Method: CudaGlobalMemory          , dims: (256, 256, 2496)    , pass(0)/fail(1): 0,	 time (s): 0.0026640892028808594
Method: CudaSharedMemory          , dims: (256, 256, 2496)    , pass(0)/fail(1): 0,	 time (s): 0.015623807907104492

Method: Numpy                     , dims: (256, 256, 2560)    , pass(0)/fail(1): 0,	 time (s): 0.00225067138671875
Method: CudaGlobalMemory          , dims: (256, 256, 2560)    , pass(0)/fail(1): 0,	 time (s): 0.003444671630859375
Method: CudaSharedMemory          , dims: (256, 256, 2560)    , pass(0)/fail(1): 0,	 time (s): 0.017299890518188477

Method: Numpy                     , dims: (256, 256, 2624)    , pass(0)/fail(1): 0,	 time (s): 0.002286195755004883
Method: CudaGlobalMemory          , dims: (256, 256, 2624)    , pass(0)/fail(1): 0,	 time (s): 0.0026519298553466797
Method: CudaSharedMemory          , dims: (256, 256, 2624)    , pass(0)/fail(1): 0,	 time (s): 0.017911195755004883

Method: Numpy                     , dims: (256, 256, 2688)    , pass(0)/fail(1): 0,	 time (s): 0.0022864341735839844
Method: CudaGlobalMemory          , dims: (256, 256, 2688)    , pass(0)/fail(1): 0,	 time (s): 0.003511667251586914
Method: CudaSharedMemory          , dims: (256, 256, 2688)    , pass(0)/fail(1): 0,	 time (s): 0.019419193267822266

Method: Numpy                     , dims: (256, 256, 2752)    , pass(0)/fail(1): 0,	 time (s): 0.0023751258850097656
Method: CudaGlobalMemory          , dims: (256, 256, 2752)    , pass(0)/fail(1): 0,	 time (s): 0.002584695816040039
Method: CudaSharedMemory          , dims: (256, 256, 2752)    , pass(0)/fail(1): 0,	 time (s): 0.016541004180908203

Method: Numpy                     , dims: (256, 256, 2816)    , pass(0)/fail(1): 0,	 time (s): 0.002458810806274414
Method: CudaGlobalMemory          , dims: (256, 256, 2816)    , pass(0)/fail(1): 0,	 time (s): 0.0032806396484375
Method: CudaSharedMemory          , dims: (256, 256, 2816)    , pass(0)/fail(1): 0,	 time (s): 0.017732858657836914

Method: Numpy                     , dims: (256, 256, 2880)    , pass(0)/fail(1): 0,	 time (s): 0.002551555633544922
Method: CudaGlobalMemory          , dims: (256, 256, 2880)    , pass(0)/fail(1): 0,	 time (s): 0.002587556838989258
Method: CudaSharedMemory          , dims: (256, 256, 2880)    , pass(0)/fail(1): 0,	 time (s): 0.01941823959350586

Method: Numpy                     , dims: (256, 256, 2944)    , pass(0)/fail(1): 0,	 time (s): 0.0025177001953125
Method: CudaGlobalMemory          , dims: (256, 256, 2944)    , pass(0)/fail(1): 0,	 time (s): 0.002715587615966797
Method: CudaSharedMemory          , dims: (256, 256, 2944)    , pass(0)/fail(1): 0,	 time (s): 0.020025253295898438

Method: Numpy                     , dims: (256, 256, 3008)    , pass(0)/fail(1): 0,	 time (s): 0.002603292465209961
Method: CudaGlobalMemory          , dims: (256, 256, 3008)    , pass(0)/fail(1): 0,	 time (s): 0.0027284622192382812
Method: CudaSharedMemory          , dims: (256, 256, 3008)    , pass(0)/fail(1): 0,	 time (s): 0.021823406219482422

Method: Numpy                     , dims: (256, 256, 3072)    , pass(0)/fail(1): 0,	 time (s): 0.0026330947875976562
Method: CudaGlobalMemory          , dims: (256, 256, 3072)    , pass(0)/fail(1): 0,	 time (s): 0.002565622329711914
Method: CudaSharedMemory          , dims: (256, 256, 3072)    , pass(0)/fail(1): 0,	 time (s): 0.01907062530517578

Method: Numpy                     , dims: (256, 256, 3136)    , pass(0)/fail(1): 0,	 time (s): 0.0027205944061279297
Method: CudaGlobalMemory          , dims: (256, 256, 3136)    , pass(0)/fail(1): 0,	 time (s): 0.0026426315307617188
Method: CudaSharedMemory          , dims: (256, 256, 3136)    , pass(0)/fail(1): 0,	 time (s): 0.020845890045166016

Method: Numpy                     , dims: (256, 256, 3200)    , pass(0)/fail(1): 0,	 time (s): 0.002796173095703125
Method: CudaGlobalMemory          , dims: (256, 256, 3200)    , pass(0)/fail(1): 0,	 time (s): 0.0025238990783691406
Method: CudaSharedMemory          , dims: (256, 256, 3200)    , pass(0)/fail(1): 0,	 time (s): 0.02148914337158203

Method: Numpy                     , dims: (256, 256, 3264)    , pass(0)/fail(1): 0,	 time (s): 0.002897977828979492
Method: CudaGlobalMemory          , dims: (256, 256, 3264)    , pass(0)/fail(1): 0,	 time (s): 0.03654122352600098
Method: CudaSharedMemory          , dims: (256, 256, 3264)    , pass(0)/fail(1): 0,	 time (s): 0.024639606475830078

Method: Numpy                     , dims: (256, 256, 3328)    , pass(0)/fail(1): 0,	 time (s): 0.002937793731689453
Method: CudaGlobalMemory          , dims: (256, 256, 3328)    , pass(0)/fail(1): 0,	 time (s): 0.002757549285888672
Method: CudaSharedMemory          , dims: (256, 256, 3328)    , pass(0)/fail(1): 0,	 time (s): 0.02401447296142578

Method: Numpy                     , dims: (256, 256, 3392)    , pass(0)/fail(1): 0,	 time (s): 0.002955198287963867
Method: CudaGlobalMemory          , dims: (256, 256, 3392)    , pass(0)/fail(1): 0,	 time (s): 0.003589630126953125
Method: CudaSharedMemory          , dims: (256, 256, 3392)    , pass(0)/fail(1): 0,	 time (s): 0.02526402473449707

Method: Numpy                     , dims: (256, 256, 3456)    , pass(0)/fail(1): 0,	 time (s): 0.0030128955841064453
Method: CudaGlobalMemory          , dims: (256, 256, 3456)    , pass(0)/fail(1): 0,	 time (s): 0.0033562183380126953
Method: CudaSharedMemory          , dims: (256, 256, 3456)    , pass(0)/fail(1): 0,	 time (s): 0.026557445526123047

Method: Numpy                     , dims: (256, 256, 3520)    , pass(0)/fail(1): 0,	 time (s): 0.0030660629272460938
Method: CudaGlobalMemory          , dims: (256, 256, 3520)    , pass(0)/fail(1): 0,	 time (s): 0.04263114929199219
Method: CudaSharedMemory          , dims: (256, 256, 3520)    , pass(0)/fail(1): 0,	 time (s): 0.037264108657836914

Method: Numpy                     , dims: (256, 256, 3584)    , pass(0)/fail(1): 0,	 time (s): 0.003173351287841797
Method: CudaGlobalMemory          , dims: (256, 256, 3584)    , pass(0)/fail(1): 0,	 time (s): 0.003136873245239258
Method: CudaSharedMemory          , dims: (256, 256, 3584)    , pass(0)/fail(1): 0,	 time (s): 0.02974104881286621

Method: Numpy                     , dims: (256, 256, 3648)    , pass(0)/fail(1): 0,	 time (s): 0.003203868865966797
Method: CudaGlobalMemory          , dims: (256, 256, 3648)    , pass(0)/fail(1): 0,	 time (s): 0.0031719207763671875
Method: CudaSharedMemory          , dims: (256, 256, 3648)    , pass(0)/fail(1): 0,	 time (s): 0.03055858612060547

Method: Numpy                     , dims: (256, 256, 3712)    , pass(0)/fail(1): 0,	 time (s): 0.003168821334838867
Method: CudaGlobalMemory          , dims: (256, 256, 3712)    , pass(0)/fail(1): 0,	 time (s): 0.002919912338256836
Method: CudaSharedMemory          , dims: (256, 256, 3712)    , pass(0)/fail(1): 0,	 time (s): 0.029861927032470703

Method: Numpy                     , dims: (256, 256, 3776)    , pass(0)/fail(1): 0,	 time (s): 0.0033190250396728516
Method: CudaGlobalMemory          , dims: (256, 256, 3776)    , pass(0)/fail(1): 0,	 time (s): 0.0027875900268554688
Method: CudaSharedMemory          , dims: (256, 256, 3776)    , pass(0)/fail(1): 0,	 time (s): 0.028289079666137695

Method: Numpy                     , dims: (256, 256, 3840)    , pass(0)/fail(1): 0,	 time (s): 0.003343343734741211
Method: CudaGlobalMemory          , dims: (256, 256, 3840)    , pass(0)/fail(1): 0,	 time (s): 0.0028100013732910156
Method: CudaSharedMemory          , dims: (256, 256, 3840)    , pass(0)/fail(1): 0,	 time (s): 0.030092239379882812

Method: Numpy                     , dims: (256, 256, 3904)    , pass(0)/fail(1): 0,	 time (s): 0.0033724308013916016
Method: CudaGlobalMemory          , dims: (256, 256, 3904)    , pass(0)/fail(1): 0,	 time (s): 0.0027687549591064453
Method: CudaSharedMemory          , dims: (256, 256, 3904)    , pass(0)/fail(1): 0,	 time (s): 0.030898571014404297

Method: Numpy                     , dims: (256, 256, 3968)    , pass(0)/fail(1): 0,	 time (s): 0.0034058094024658203
Method: CudaGlobalMemory          , dims: (256, 256, 3968)    , pass(0)/fail(1): 0,	 time (s): 0.0037033557891845703
Method: CudaSharedMemory          , dims: (256, 256, 3968)    , pass(0)/fail(1): 0,	 time (s): 0.03216052055358887

Method: Numpy                     , dims: (256, 256, 4032)    , pass(0)/fail(1): 0,	 time (s): 0.0035431385040283203
Method: CudaGlobalMemory          , dims: (256, 256, 4032)    , pass(0)/fail(1): 0,	 time (s): 0.0028514862060546875
Method: CudaSharedMemory          , dims: (256, 256, 4032)    , pass(0)/fail(1): 0,	 time (s): 0.03345680236816406

Method: Numpy                     , dims: (256, 256, 4096)    , pass(0)/fail(1): 0,	 time (s): 0.003576993942260742
Method: CudaGlobalMemory          , dims: (256, 256, 4096)    , pass(0)/fail(1): 0,	 time (s): 0.0036067962646484375
Method: CudaSharedMemory          , dims: (256, 256, 4096)    , pass(0)/fail(1): 0,	 time (s): 0.03505969047546387

Total Fail Count: 0

========================================================================================

