Device name: b'Tesla P100-PCIE-16GB'
Compute capability: (6, 0)
Total global memory (GB): 15.894775390625
Free global memory (GB): 15.6446533203125
Used global memory (GB): 0.2501220703125
Max threads per block: 1024
Max block dimensions: x=1024, y=1024, z=64
Max grid dimensions: x=2147483647, y=65535, z=65535
Max shared memory per block (KB): 48.0


Elementwise double kernel run 1: 0.188362 seconds.

================================================

Elementwise double kernel run 2: 0.000310 seconds.

================================================

Elementwise double kernel run 3: 0.000263 seconds.

================================================

Elementwise double kernel run 4: 0.000291 seconds.

================================================

Elementwise double kernel run 5: 0.000260 seconds.

================================================

Elementwise double kernel run 6: 0.000255 seconds.

================================================

Elementwise double kernel run 7: 0.000267 seconds.

================================================

Elementwise double kernel run 8: 0.000253 seconds.

================================================

Elementwise double kernel run 9: 0.000250 seconds.

================================================

Elementwise double kernel run 10: 0.000253 seconds.

================================================

Elementwise double kernel run 11: 0.000252 seconds.

================================================

Elementwise double kernel run 12: 0.000264 seconds.

================================================

Elementwise double kernel run 13: 0.000253 seconds.

================================================

Elementwise double kernel run 14: 0.000251 seconds.

================================================

Elementwise double kernel run 15: 0.000265 seconds.

================================================

[  0.00000000e+00   3.27680000e+04   6.55360000e+04 ...,   3.27581696e+08
   3.27614464e+08   3.27647232e+08]
