Traceback (most recent call last):
  File "gpuinfo.py", line 85, in <module>
    main()
  File "gpuinfo.py", line 52, in main
    do_something[16, 16](d_data) # arbitrary block and grid sizes, just force a compile
  File "/home/bbc33/anaconda3/envs/pycuda/lib/python3.6/site-packages/numba/cuda/compiler.py", line 798, in __call__
    kernel = self.specialize(*args)
  File "/home/bbc33/anaconda3/envs/pycuda/lib/python3.6/site-packages/numba/cuda/compiler.py", line 809, in specialize
    kernel = self.compile(argtypes)
  File "/home/bbc33/anaconda3/envs/pycuda/lib/python3.6/site-packages/numba/cuda/compiler.py", line 825, in compile
    **self.targetoptions)
  File "/home/bbc33/anaconda3/envs/pycuda/lib/python3.6/site-packages/numba/compiler_lock.py", line 32, in _acquire_compile_lock
    return func(*args, **kwargs)
  File "/home/bbc33/anaconda3/envs/pycuda/lib/python3.6/site-packages/numba/cuda/compiler.py", line 61, in compile_kernel
    cres = compile_cuda(pyfunc, types.void, args, debug=debug, inline=inline)
  File "/home/bbc33/anaconda3/envs/pycuda/lib/python3.6/site-packages/numba/compiler_lock.py", line 32, in _acquire_compile_lock
    return func(*args, **kwargs)
  File "/home/bbc33/anaconda3/envs/pycuda/lib/python3.6/site-packages/numba/cuda/compiler.py", line 50, in compile_cuda
    locals={})
  File "/home/bbc33/anaconda3/envs/pycuda/lib/python3.6/site-packages/numba/compiler.py", line 551, in compile_extra
    return pipeline.compile_extra(func)
  File "/home/bbc33/anaconda3/envs/pycuda/lib/python3.6/site-packages/numba/compiler.py", line 331, in compile_extra
    return self._compile_bytecode()
  File "/home/bbc33/anaconda3/envs/pycuda/lib/python3.6/site-packages/numba/compiler.py", line 393, in _compile_bytecode
    return self._compile_core()
  File "/home/bbc33/anaconda3/envs/pycuda/lib/python3.6/site-packages/numba/compiler.py", line 373, in _compile_core
    raise e
  File "/home/bbc33/anaconda3/envs/pycuda/lib/python3.6/site-packages/numba/compiler.py", line 364, in _compile_core
    pm.run(self.state)
  File "/home/bbc33/anaconda3/envs/pycuda/lib/python3.6/site-packages/numba/compiler_machinery.py", line 347, in run
    raise patched_exception
  File "/home/bbc33/anaconda3/envs/pycuda/lib/python3.6/site-packages/numba/compiler_machinery.py", line 338, in run
    self._runPass(idx, pass_inst, state)
  File "/home/bbc33/anaconda3/envs/pycuda/lib/python3.6/site-packages/numba/compiler_lock.py", line 32, in _acquire_compile_lock
    return func(*args, **kwargs)
  File "/home/bbc33/anaconda3/envs/pycuda/lib/python3.6/site-packages/numba/compiler_machinery.py", line 302, in _runPass
    mutated |= check(pss.run_pass, internal_state)
  File "/home/bbc33/anaconda3/envs/pycuda/lib/python3.6/site-packages/numba/compiler_machinery.py", line 275, in check
    mangled = func(compiler_state)
  File "/home/bbc33/anaconda3/envs/pycuda/lib/python3.6/site-packages/numba/typed_passes.py", line 95, in run_pass
    raise_errors=self._raise_errors)
  File "/home/bbc33/anaconda3/envs/pycuda/lib/python3.6/site-packages/numba/typed_passes.py", line 67, in type_inference_stage
    infer.propagate(raise_errors=raise_errors)
  File "/home/bbc33/anaconda3/envs/pycuda/lib/python3.6/site-packages/numba/typeinfer.py", line 985, in propagate
    raise errors[0]
numba.errors.TypingError: Failed in nopython mode pipeline (step: nopython frontend)
Use of unsupported NumPy function 'numpy.sqrt' or unsupported use of the function.

File "gpuinfo.py", line 42:
def do_something(data):
    <source elided>
    if idx < data.size:
        data[idx] = 2 * np.sqrt(data[idx]) + 0.5 * np.sin(data[idx]) + 0.25 * np.cos(data[idx])
        ^

[1] During: typing of get attribute at gpuinfo.py (42)

File "gpuinfo.py", line 42:
def do_something(data):
    <source elided>
    if idx < data.size:
        data[idx] = 2 * np.sqrt(data[idx]) + 0.5 * np.sin(data[idx]) + 0.25 * np.cos(data[idx])
        ^

