Results match.
Results match.
Basic Elapsed time: 0.003053 seconds.
Numpy Elapsed time: 0.011412 seconds.
Jit Elapsed time: 0.300761 seconds.


Results match.
Results match.
Basic Elapsed time: 0.003053 seconds.
Numpy Elapsed time: 0.011412 seconds.
Jit Elapsed time: 0.300761 seconds.
Basic Elapsed time: 0.020560 seconds.
Numpy Elapsed time: 0.000030 seconds.
Jit Elapsed time: 0.000040 seconds.


Results match.
Results match.
Basic Elapsed time: 0.003053 seconds.
Numpy Elapsed time: 0.011412 seconds.
Jit Elapsed time: 0.300761 seconds.
Basic Elapsed time: 0.020560 seconds.
Numpy Elapsed time: 0.000030 seconds.
Jit Elapsed time: 0.000040 seconds.
Basic Elapsed time: 0.153077 seconds.
Numpy Elapsed time: 0.000035 seconds.
Jit Elapsed time: 0.000271 seconds.


Done.
