Traceback (most recent call last):
  File "scratch2.py", line 21, in <module>
    main()
  File "scratch2.py", line 11, in main
    shared_mem.run()
  File "/scratch/bbc33/pycuda/cuda/ex4/matmul.py", line 87, in run
    self._dot[self.BPG, self.TPB](dA, dB, dC)
  File "/home/bbc33/anaconda3/envs/pycuda/lib/python3.6/site-packages/numba/cuda/compiler.py", line 798, in __call__
    kernel = self.specialize(*args)
  File "/home/bbc33/anaconda3/envs/pycuda/lib/python3.6/site-packages/numba/cuda/compiler.py", line 809, in specialize
    kernel = self.compile(argtypes)
  File "/home/bbc33/anaconda3/envs/pycuda/lib/python3.6/site-packages/numba/cuda/compiler.py", line 825, in compile
    **self.targetoptions)
  File "/home/bbc33/anaconda3/envs/pycuda/lib/python3.6/site-packages/numba/compiler_lock.py", line 32, in _acquire_compile_lock
    return func(*args, **kwargs)
  File "/home/bbc33/anaconda3/envs/pycuda/lib/python3.6/site-packages/numba/cuda/compiler.py", line 61, in compile_kernel
    cres = compile_cuda(pyfunc, types.void, args, debug=debug, inline=inline)
  File "/home/bbc33/anaconda3/envs/pycuda/lib/python3.6/site-packages/numba/compiler_lock.py", line 32, in _acquire_compile_lock
    return func(*args, **kwargs)
  File "/home/bbc33/anaconda3/envs/pycuda/lib/python3.6/site-packages/numba/cuda/compiler.py", line 50, in compile_cuda
    locals={})
  File "/home/bbc33/anaconda3/envs/pycuda/lib/python3.6/site-packages/numba/compiler.py", line 551, in compile_extra
    return pipeline.compile_extra(func)
  File "/home/bbc33/anaconda3/envs/pycuda/lib/python3.6/site-packages/numba/compiler.py", line 331, in compile_extra
    return self._compile_bytecode()
  File "/home/bbc33/anaconda3/envs/pycuda/lib/python3.6/site-packages/numba/compiler.py", line 393, in _compile_bytecode
    return self._compile_core()
  File "/home/bbc33/anaconda3/envs/pycuda/lib/python3.6/site-packages/numba/compiler.py", line 373, in _compile_core
    raise e
  File "/home/bbc33/anaconda3/envs/pycuda/lib/python3.6/site-packages/numba/compiler.py", line 364, in _compile_core
    pm.run(self.state)
  File "/home/bbc33/anaconda3/envs/pycuda/lib/python3.6/site-packages/numba/compiler_machinery.py", line 347, in run
    raise patched_exception
  File "/home/bbc33/anaconda3/envs/pycuda/lib/python3.6/site-packages/numba/compiler_machinery.py", line 338, in run
    self._runPass(idx, pass_inst, state)
  File "/home/bbc33/anaconda3/envs/pycuda/lib/python3.6/site-packages/numba/compiler_lock.py", line 32, in _acquire_compile_lock
    return func(*args, **kwargs)
  File "/home/bbc33/anaconda3/envs/pycuda/lib/python3.6/site-packages/numba/compiler_machinery.py", line 302, in _runPass
    mutated |= check(pss.run_pass, internal_state)
  File "/home/bbc33/anaconda3/envs/pycuda/lib/python3.6/site-packages/numba/compiler_machinery.py", line 275, in check
    mangled = func(compiler_state)
  File "/home/bbc33/anaconda3/envs/pycuda/lib/python3.6/site-packages/numba/untyped_passes.py", line 110, in run_pass
    % (len(state['args']), state['nargs']))
TypeError: Failed in nopython mode pipeline (step: fix up args)
Signature mismatch: 3 argument types given, but function takes 4 arguments
