Device name: b'NVIDIA GeForce RTX 2080 Ti'
Compute capability: (7, 5)
Total global memory (GB): 10.75341796875
Free global memory (GB): 10.5992431640625
Used global memory (GB): 0.1541748046875
Max threads per block: 1024
Max block dimensions: x=1024, y=1024, z=64
Max grid dimensions: x=2147483647, y=65535, z=65535
Max shared memory per block (KB): 48.0
Elapsed time:  3.337860107421875e-06
Elapsed time:  0.5304849147796631
Elapsed time:  0.3296968936920166
Elapsed time:  2.8848648071289062e-05
Elapsed time:  0.0032138824462890625
Elapsed time:  0.002955913543701172
Elapsed time:  5.9604644775390625e-06
Elapsed time:  0.00220489501953125
Elapsed time:  0.0021088123321533203
Elapsed time:  4.0531158447265625e-06
Elapsed time:  0.002124786376953125
Elapsed time:  0.002234220504760742
Elapsed time:  3.5762786865234375e-06
Elapsed time:  0.0017633438110351562
Elapsed time:  0.0017316341400146484
Method: Numpy                     , dims: (1, 1, 1)           , pass(1)/fail(0): True,	 time (s): 3.337860107421875e-06
Method: CudaGlobalMemory          , dims: (1, 1, 1)           , pass(1)/fail(0): True,	 time (s): 0.5304849147796631
Method: CudaSharedMemoryGeneral   , dims: (1, 1, 1)           , pass(1)/fail(0): True,	 time (s): 0.3296968936920166
Method: Numpy                     , dims: (2, 2, 2)           , pass(1)/fail(0): True,	 time (s): 2.8848648071289062e-05
Method: CudaGlobalMemory          , dims: (2, 2, 2)           , pass(1)/fail(0): True,	 time (s): 0.0032138824462890625
Method: CudaSharedMemoryGeneral   , dims: (2, 2, 2)           , pass(1)/fail(0): True,	 time (s): 0.002955913543701172
Method: Numpy                     , dims: (4, 2, 2)           , pass(1)/fail(0): True,	 time (s): 5.9604644775390625e-06
Method: CudaGlobalMemory          , dims: (4, 2, 2)           , pass(1)/fail(0): True,	 time (s): 0.00220489501953125
Method: CudaSharedMemoryGeneral   , dims: (4, 2, 2)           , pass(1)/fail(0): True,	 time (s): 0.0021088123321533203
Method: Numpy                     , dims: (2, 4, 2)           , pass(1)/fail(0): True,	 time (s): 4.0531158447265625e-06
Method: CudaGlobalMemory          , dims: (2, 4, 2)           , pass(1)/fail(0): True,	 time (s): 0.002124786376953125
Method: CudaSharedMemoryGeneral   , dims: (2, 4, 2)           , pass(1)/fail(0): True,	 time (s): 0.002234220504760742
Method: Numpy                     , dims: (2, 2, 4)           , pass(1)/fail(0): True,	 time (s): 3.5762786865234375e-06
Method: CudaGlobalMemory          , dims: (2, 2, 4)           , pass(1)/fail(0): True,	 time (s): 0.0017633438110351562
Method: CudaSharedMemoryGeneral   , dims: (2, 2, 4)           , pass(1)/fail(0): True,	 time (s): 0.0017316341400146484
