Device name: b'NVIDIA GeForce RTX 2080 Ti'
Compute capability: (7, 5)
Total global memory (GB): 10.75341796875
Free global memory (GB): 10.5992431640625
Used global memory (GB): 0.1541748046875
Max threads per block: 1024
Max block dimensions: x=1024, y=1024, z=64
Max grid dimensions: x=2147483647, y=65535, z=65535
Max shared memory per block (KB): 48.0
Method: Numpy                     , dims: (2, 2, 2)           , pass(1)/fail(0): 1,	 time (s): 1.430511474609375e-05
Method: CudaGlobalMemory          , dims: (2, 2, 2)           , pass(1)/fail(0): 1,	 time (s): 0.005208015441894531
Method: CudaSharedMemoryGeneral   , dims: (2, 2, 2)           , pass(1)/fail(0): 1,	 time (s): 0.0019106864929199219
Method: Numpy                     , dims: (4, 2, 2)           , pass(1)/fail(0): 1,	 time (s): 1.239776611328125e-05
Method: CudaGlobalMemory          , dims: (4, 2, 2)           , pass(1)/fail(0): 1,	 time (s): 0.0017092227935791016
Method: CudaSharedMemoryGeneral   , dims: (4, 2, 2)           , pass(1)/fail(0): 1,	 time (s): 0.0013530254364013672
Method: Numpy                     , dims: (2, 4, 2)           , pass(1)/fail(0): 1,	 time (s): 9.298324584960938e-06
Method: CudaGlobalMemory          , dims: (2, 4, 2)           , pass(1)/fail(0): 1,	 time (s): 0.0017852783203125
Method: CudaSharedMemoryGeneral   , dims: (2, 4, 2)           , pass(1)/fail(0): 1,	 time (s): 0.0013151168823242188
Method: Numpy                     , dims: (2, 2, 4)           , pass(1)/fail(0): 1,	 time (s): 8.344650268554688e-06
Method: CudaGlobalMemory          , dims: (2, 2, 4)           , pass(1)/fail(0): 1,	 time (s): 0.0016858577728271484
Method: CudaSharedMemoryGeneral   , dims: (2, 2, 4)           , pass(1)/fail(0): 1,	 time (s): 0.0012927055358886719
[['CudaSharedMemoryGeneral', [], [], []], ['CudaSharedMemoryGeneral', [], [], []], ['CudaSharedMemoryGeneral', [], [], []]]
Result:
 [[ 0.35974193]]
Expected:
 [[ 0.35974193]]

Result:
 [[ 0.35974193]]
Expected:
 [[ 0.35974193]]

Result:
 [[ 0.35974193]]
Expected:
 [[ 0.35974193]]

Result:
 [[ 0.10523458  0.09223147]
 [ 0.01840673  0.02327876]]
Expected:
 [[ 0.10523458  0.09223147]
 [ 0.01840673  0.02327876]]

Result:
 [[ 0.10523458  0.09223147]
 [ 0.01840673  0.02327876]]
Expected:
 [[ 0.10523458  0.09223147]
 [ 0.01840673  0.02327876]]

Result:
 [[ 0.10523458  0.09223147]
 [ 0.01840673  0.02327876]]
Expected:
 [[ 0.10523458  0.09223147]
 [ 0.01840673  0.02327876]]

Result:
 [[ 0.60164195  1.07361495]
 [ 0.97849077  0.9575671 ]
 [ 0.68909645  0.75688899]
 [ 0.89120573  1.11036646]]
Expected:
 [[ 0.60164195  1.07361495]
 [ 0.97849077  0.9575671 ]
 [ 0.68909645  0.75688899]
 [ 0.89120573  1.11036646]]

Result:
 [[ 0.60164195  1.07361495]
 [ 0.97849077  0.9575671 ]
 [ 0.68909645  0.75688899]
 [ 0.89120573  1.11036634]]
Expected:
 [[ 0.60164195  1.07361495]
 [ 0.97849077  0.9575671 ]
 [ 0.68909645  0.75688899]
 [ 0.89120573  1.11036646]]

Result:
 [[ 0.60164195  1.07361495]
 [ 0.97849077  0.9575671 ]
 [ 0.68909645  0.75688899]
 [ 0.89120573  1.11036634]]
Expected:
 [[ 0.60164195  1.07361495]
 [ 0.97849077  0.9575671 ]
 [ 0.68909645  0.75688899]
 [ 0.89120573  1.11036646]]

Result:
 [[ 0.61367244  0.16425453  0.35746321  0.56061494]
 [ 0.63745242  0.08150227  0.34571245  0.58236843]]
Expected:
 [[ 0.61367244  0.16425453  0.35746321  0.56061494]
 [ 0.63745242  0.08150227  0.34571245  0.58236843]]

Result:
 [[ 0.61367244  0.16425452  0.35746318  0.56061494]
 [ 0.63745242  0.08150228  0.34571242  0.58236843]]
Expected:
 [[ 0.61367244  0.16425453  0.35746321  0.56061494]
 [ 0.63745242  0.08150227  0.34571245  0.58236843]]

Result:
 [[ 0.61367244  0.16425452  0.35746318  0.56061494]
 [ 0.63745242  0.08150228  0.34571242  0.58236843]]
Expected:
 [[ 0.61367244  0.16425453  0.35746321  0.56061494]
 [ 0.63745242  0.08150227  0.34571245  0.58236843]]

Result:
 [[ 2.21182132  1.54708409]
 [ 1.50652444  1.33586717]]
Expected:
 [[ 2.21182132  1.54708409]
 [ 1.50652444  1.33586717]]

Result:
 [[ 2.21182156  1.54708409]
 [ 1.50652444  1.33586717]]
Expected:
 [[ 2.21182132  1.54708409]
 [ 1.50652444  1.33586717]]

Result:
 [[ 2.21182156  1.54708409]
 [ 1.50652444  1.33586717]]
Expected:
 [[ 2.21182132  1.54708409]
 [ 1.50652444  1.33586717]]

Method: CudaSharedMemoryGeneral   , dims: (1, 1, 1)           , pass(1)/fail(0): True,	 time (s): -1.6689300537109375e-06
Method: CudaSharedMemoryGeneral   , dims: (1, 1, 1)           , pass(1)/fail(0): True,	 time (s): -0.001687765121459961
Method: CudaSharedMemoryGeneral   , dims: (1, 1, 1)           , pass(1)/fail(0): True,	 time (s): -0.0015516281127929688
Method: CudaSharedMemoryGeneral   , dims: (2, 2, 2)           , pass(1)/fail(0): True,	 time (s): -2.86102294921875e-06
Method: CudaSharedMemoryGeneral   , dims: (2, 2, 2)           , pass(1)/fail(0): True,	 time (s): -0.00142669677734375
Method: CudaSharedMemoryGeneral   , dims: (2, 2, 2)           , pass(1)/fail(0): True,	 time (s): -0.0014455318450927734
Method: CudaSharedMemoryGeneral   , dims: (4, 2, 2)           , pass(1)/fail(0): True,	 time (s): -3.0994415283203125e-06
Method: CudaSharedMemoryGeneral   , dims: (4, 2, 2)           , pass(1)/fail(0): True,	 time (s): -0.001611948013305664
Method: CudaSharedMemoryGeneral   , dims: (4, 2, 2)           , pass(1)/fail(0): True,	 time (s): -0.001420736312866211
Method: CudaSharedMemoryGeneral   , dims: (2, 4, 2)           , pass(1)/fail(0): True,	 time (s): -3.337860107421875e-06
Method: CudaSharedMemoryGeneral   , dims: (2, 4, 2)           , pass(1)/fail(0): True,	 time (s): -0.0016660690307617188
Method: CudaSharedMemoryGeneral   , dims: (2, 4, 2)           , pass(1)/fail(0): True,	 time (s): -0.0015289783477783203
Method: CudaSharedMemoryGeneral   , dims: (2, 2, 4)           , pass(1)/fail(0): True,	 time (s): -2.86102294921875e-06
Method: CudaSharedMemoryGeneral   , dims: (2, 2, 4)           , pass(1)/fail(0): True,	 time (s): -0.0014293193817138672
Method: CudaSharedMemoryGeneral   , dims: (2, 2, 4)           , pass(1)/fail(0): True,	 time (s): -0.0013976097106933594
