Device name: b'NVIDIA GeForce RTX 2080 Ti'
Compute capability: (7, 5)
Total global memory (GB): 10.75341796875
Free global memory (GB): 10.5992431640625
Used global memory (GB): 0.1541748046875
Max threads per block: 1024
Max block dimensions: x=1024, y=1024, z=64
Max grid dimensions: x=2147483647, y=65535, z=65535
Max shared memory per block (KB): 48.0
Method: Numpy                     , dims: (2, 2, 2)           , pass(1)/fail(0): 1,	 time (s): 7.152557373046875e-06
Method: CudaGlobalMemory          , dims: (2, 2, 2)           , pass(1)/fail(0): 1,	 time (s): 0.0031185150146484375
Method: CudaSharedMemoryGeneral   , dims: (2, 2, 2)           , pass(1)/fail(0): 1,	 time (s): 0.0014882087707519531
Method: Numpy                     , dims: (4, 2, 2)           , pass(1)/fail(0): 1,	 time (s): 5.0067901611328125e-06
Method: CudaGlobalMemory          , dims: (4, 2, 2)           , pass(1)/fail(0): 1,	 time (s): 0.002622365951538086
Method: CudaSharedMemoryGeneral   , dims: (4, 2, 2)           , pass(1)/fail(0): 1,	 time (s): 0.001413106918334961
Method: Numpy                     , dims: (2, 4, 2)           , pass(1)/fail(0): 1,	 time (s): 4.291534423828125e-06
Method: CudaGlobalMemory          , dims: (2, 4, 2)           , pass(1)/fail(0): 1,	 time (s): 0.0027036666870117188
Method: CudaSharedMemoryGeneral   , dims: (2, 4, 2)           , pass(1)/fail(0): 1,	 time (s): 0.0013244152069091797
Method: Numpy                     , dims: (2, 2, 4)           , pass(1)/fail(0): 1,	 time (s): 3.814697265625e-06
Method: CudaGlobalMemory          , dims: (2, 2, 4)           , pass(1)/fail(0): 1,	 time (s): 0.001844167709350586
Method: CudaSharedMemoryGeneral   , dims: (2, 2, 4)           , pass(1)/fail(0): 1,	 time (s): 0.0013234615325927734
