Device name: b'NVIDIA GeForce RTX 2080 Ti'
Compute capability: (7, 5)
Total global memory (GB): 10.75341796875
Free global memory (GB): 10.5992431640625
Used global memory (GB): 0.1541748046875
Max threads per block: 1024
Max block dimensions: x=1024, y=1024, z=64
Max grid dimensions: x=2147483647, y=65535, z=65535
Max shared memory per block (KB): 48.0
Method: Numpy                     , dims: (2, 2, 2)           , pass(1)/fail(0): 1,	 time (s): 1.0967254638671875e-05
Method: CudaGlobalMemory          , dims: (2, 2, 2)           , pass(1)/fail(0): 1,	 time (s): 0.002136707305908203
Method: CudaSharedMemoryGeneral   , dims: (2, 2, 2)           , pass(1)/fail(0): 1,	 time (s): 0.0018825531005859375
Method: Numpy                     , dims: (4, 2, 2)           , pass(1)/fail(0): 1,	 time (s): 8.821487426757812e-06
Method: CudaGlobalMemory          , dims: (4, 2, 2)           , pass(1)/fail(0): 1,	 time (s): 0.0017557144165039062
Method: CudaSharedMemoryGeneral   , dims: (4, 2, 2)           , pass(1)/fail(0): 1,	 time (s): 0.0018339157104492188
Method: Numpy                     , dims: (2, 4, 2)           , pass(1)/fail(0): 1,	 time (s): 6.67572021484375e-06
Method: CudaGlobalMemory          , dims: (2, 4, 2)           , pass(1)/fail(0): 1,	 time (s): 0.001905679702758789
Method: CudaSharedMemoryGeneral   , dims: (2, 4, 2)           , pass(1)/fail(0): 1,	 time (s): 0.001783609390258789
Method: Numpy                     , dims: (2, 2, 4)           , pass(1)/fail(0): 1,	 time (s): 6.67572021484375e-06
Method: CudaGlobalMemory          , dims: (2, 2, 4)           , pass(1)/fail(0): 1,	 time (s): 0.0017974376678466797
Method: CudaSharedMemoryGeneral   , dims: (2, 2, 4)           , pass(1)/fail(0): 1,	 time (s): 0.0017800331115722656
[[], [], []]
