Device name: b'NVIDIA GeForce RTX 2080 Ti'
Compute capability: (7, 5)
Total global memory (GB): 10.75341796875
Free global memory (GB): 10.5992431640625
Used global memory (GB): 0.1541748046875
Max threads per block: 1024
Max block dimensions: x=1024, y=1024, z=64
Max grid dimensions: x=2147483647, y=65535, z=65535
Max shared memory per block (KB): 48.0
Elapsed time:  -2.86102294921875e-06
Elapsed time:  -0.4214954376220703
Elapsed time:  -0.32529377937316895
Elapsed time:  -2.6464462280273438e-05
Elapsed time:  -0.0031290054321289062
Elapsed time:  -0.002925872802734375
Elapsed time:  -7.152557373046875e-06
Elapsed time:  -0.0028116703033447266
Elapsed time:  -0.0019109249114990234
Elapsed time:  -3.814697265625e-06
Elapsed time:  -0.001714944839477539
Elapsed time:  -0.001791238784790039
Elapsed time:  -3.5762786865234375e-06
Elapsed time:  -0.0017333030700683594
Elapsed time:  -0.0017044544219970703
Method: Numpy                     , dims: (1, 1, 1)           , pass(1)/fail(0): True,	 time (s): -2.86102294921875e-06
Method: CudaGlobalMemory          , dims: (1, 1, 1)           , pass(1)/fail(0): True,	 time (s): -0.4214954376220703
Method: CudaSharedMemoryGeneral   , dims: (1, 1, 1)           , pass(1)/fail(0): True,	 time (s): -0.32529377937316895
Method: Numpy                     , dims: (2, 2, 2)           , pass(1)/fail(0): True,	 time (s): -2.6464462280273438e-05
Method: CudaGlobalMemory          , dims: (2, 2, 2)           , pass(1)/fail(0): True,	 time (s): -0.0031290054321289062
Method: CudaSharedMemoryGeneral   , dims: (2, 2, 2)           , pass(1)/fail(0): True,	 time (s): -0.002925872802734375
Method: Numpy                     , dims: (4, 2, 2)           , pass(1)/fail(0): True,	 time (s): -7.152557373046875e-06
Method: CudaGlobalMemory          , dims: (4, 2, 2)           , pass(1)/fail(0): True,	 time (s): -0.0028116703033447266
Method: CudaSharedMemoryGeneral   , dims: (4, 2, 2)           , pass(1)/fail(0): True,	 time (s): -0.0019109249114990234
Method: Numpy                     , dims: (2, 4, 2)           , pass(1)/fail(0): True,	 time (s): -3.814697265625e-06
Method: CudaGlobalMemory          , dims: (2, 4, 2)           , pass(1)/fail(0): True,	 time (s): -0.001714944839477539
Method: CudaSharedMemoryGeneral   , dims: (2, 4, 2)           , pass(1)/fail(0): True,	 time (s): -0.001791238784790039
Method: Numpy                     , dims: (2, 2, 4)           , pass(1)/fail(0): True,	 time (s): -3.5762786865234375e-06
Method: CudaGlobalMemory          , dims: (2, 2, 4)           , pass(1)/fail(0): True,	 time (s): -0.0017333030700683594
Method: CudaSharedMemoryGeneral   , dims: (2, 2, 4)           , pass(1)/fail(0): True,	 time (s): -0.0017044544219970703
