Device name: b'NVIDIA GeForce RTX 2080 Ti'
Compute capability: (7, 5)
Total global memory (GB): 10.75341796875
Free global memory (GB): 10.5992431640625
Used global memory (GB): 0.1541748046875
Max threads per block: 1024
Max block dimensions: x=1024, y=1024, z=64
Max grid dimensions: x=2147483647, y=65535, z=65535
Max shared memory per block (KB): 48.0
Method: Numpy                     , dims: (2, 2, 2)           , pass(1)/fail(0): 1,	 time (s): 6.9141387939453125e-06
Method: CudaGlobalMemory          , dims: (2, 2, 2)           , pass(1)/fail(0): 1,	 time (s): 0.0022020339965820312
Method: CudaSharedMemoryGeneral   , dims: (2, 2, 2)           , pass(1)/fail(0): 1,	 time (s): 0.002014636993408203
Method: Numpy                     , dims: (4, 2, 2)           , pass(1)/fail(0): 1,	 time (s): 2.0742416381835938e-05
Method: CudaGlobalMemory          , dims: (4, 2, 2)           , pass(1)/fail(0): 1,	 time (s): 0.0017948150634765625
Method: CudaSharedMemoryGeneral   , dims: (4, 2, 2)           , pass(1)/fail(0): 1,	 time (s): 0.001882791519165039
Method: Numpy                     , dims: (2, 4, 2)           , pass(1)/fail(0): 1,	 time (s): 7.62939453125e-06
Method: CudaGlobalMemory          , dims: (2, 4, 2)           , pass(1)/fail(0): 1,	 time (s): 0.0018818378448486328
Method: CudaSharedMemoryGeneral   , dims: (2, 4, 2)           , pass(1)/fail(0): 1,	 time (s): 0.001790761947631836
Method: Numpy                     , dims: (2, 2, 4)           , pass(1)/fail(0): 1,	 time (s): 6.198883056640625e-06
Method: CudaGlobalMemory          , dims: (2, 2, 4)           , pass(1)/fail(0): 1,	 time (s): 0.0017852783203125
Method: CudaSharedMemoryGeneral   , dims: (2, 2, 4)           , pass(1)/fail(0): 1,	 time (s): 0.001779317855834961
Method: CudaSharedMemoryGeneral   , dims: (1, 1, 1)           , pass(1)/fail(0): True,	 time (s): -2.86102294921875e-06
Method: CudaSharedMemoryGeneral   , dims: (1, 1, 1)           , pass(1)/fail(0): True,	 time (s): -0.0021533966064453125
Method: CudaSharedMemoryGeneral   , dims: (1, 1, 1)           , pass(1)/fail(0): True,	 time (s): -0.001959562301635742
Method: CudaSharedMemoryGeneral   , dims: (2, 2, 2)           , pass(1)/fail(0): True,	 time (s): -3.337860107421875e-06
Method: CudaSharedMemoryGeneral   , dims: (2, 2, 2)           , pass(1)/fail(0): True,	 time (s): -0.0017158985137939453
Method: CudaSharedMemoryGeneral   , dims: (2, 2, 2)           , pass(1)/fail(0): True,	 time (s): -0.0016930103302001953
Method: CudaSharedMemoryGeneral   , dims: (4, 2, 2)           , pass(1)/fail(0): True,	 time (s): -4.0531158447265625e-06
Method: CudaSharedMemoryGeneral   , dims: (4, 2, 2)           , pass(1)/fail(0): True,	 time (s): -0.0017707347869873047
Method: CudaSharedMemoryGeneral   , dims: (4, 2, 2)           , pass(1)/fail(0): True,	 time (s): -0.0016887187957763672
Method: CudaSharedMemoryGeneral   , dims: (2, 4, 2)           , pass(1)/fail(0): True,	 time (s): -3.5762786865234375e-06
Method: CudaSharedMemoryGeneral   , dims: (2, 4, 2)           , pass(1)/fail(0): True,	 time (s): -0.0017123222351074219
Method: CudaSharedMemoryGeneral   , dims: (2, 4, 2)           , pass(1)/fail(0): True,	 time (s): -0.0018582344055175781
Method: CudaSharedMemoryGeneral   , dims: (2, 2, 4)           , pass(1)/fail(0): True,	 time (s): -3.5762786865234375e-06
Method: CudaSharedMemoryGeneral   , dims: (2, 2, 4)           , pass(1)/fail(0): True,	 time (s): -0.0018010139465332031
Method: CudaSharedMemoryGeneral   , dims: (2, 2, 4)           , pass(1)/fail(0): True,	 time (s): -0.0016977787017822266
