Device name: b'Tesla K80'
Compute capability: (3, 7)
Total global memory (GB): 11.173095703125
Free global memory (GB): 11.115966796875
Used global memory (GB): 0.05712890625
Max threads per block: 1024
Max block dimensions: x=1024, y=1024, z=64
Max grid dimensions: x=2147483647, y=65535, z=65535
Max shared memory per block (KB): 48.0
Elapsed time:  4.76837158203125e-06
Elapsed time:  1.15610933303833
Elapsed time:  0.42457079887390137
Elapsed time:  2.2411346435546875e-05
Elapsed time:  0.0037097930908203125
Elapsed time:  0.0021245479583740234
Elapsed time:  6.67572021484375e-06
Elapsed time:  0.0021009445190429688
Elapsed time:  0.0020935535430908203
Elapsed time:  4.291534423828125e-06
Elapsed time:  0.0020694732666015625
Elapsed time:  0.0021033287048339844
Elapsed time:  3.814697265625e-06
Elapsed time:  0.0020880699157714844
Elapsed time:  0.0020227432250976562
Method: Numpy                     , dims: (1, 1, 1)           , pass(1)/fail(0): True,	 time (s): 4.76837158203125e-06
Method: CudaGlobalMemory          , dims: (1, 1, 1)           , pass(1)/fail(0): True,	 time (s): 1.15610933303833
Method: CudaSharedMemoryGeneral   , dims: (1, 1, 1)           , pass(1)/fail(0): True,	 time (s): 0.42457079887390137
Method: Numpy                     , dims: (2, 2, 2)           , pass(1)/fail(0): True,	 time (s): 2.2411346435546875e-05
Method: CudaGlobalMemory          , dims: (2, 2, 2)           , pass(1)/fail(0): True,	 time (s): 0.0037097930908203125
Method: CudaSharedMemoryGeneral   , dims: (2, 2, 2)           , pass(1)/fail(0): True,	 time (s): 0.0021245479583740234
Method: Numpy                     , dims: (4, 2, 2)           , pass(1)/fail(0): True,	 time (s): 6.67572021484375e-06
Method: CudaGlobalMemory          , dims: (4, 2, 2)           , pass(1)/fail(0): True,	 time (s): 0.0021009445190429688
Method: CudaSharedMemoryGeneral   , dims: (4, 2, 2)           , pass(1)/fail(0): True,	 time (s): 0.0020935535430908203
Method: Numpy                     , dims: (2, 4, 2)           , pass(1)/fail(0): True,	 time (s): 4.291534423828125e-06
Method: CudaGlobalMemory          , dims: (2, 4, 2)           , pass(1)/fail(0): True,	 time (s): 0.0020694732666015625
Method: CudaSharedMemoryGeneral   , dims: (2, 4, 2)           , pass(1)/fail(0): True,	 time (s): 0.0021033287048339844
Method: Numpy                     , dims: (2, 2, 4)           , pass(1)/fail(0): True,	 time (s): 3.814697265625e-06
Method: CudaGlobalMemory          , dims: (2, 2, 4)           , pass(1)/fail(0): True,	 time (s): 0.0020880699157714844
Method: CudaSharedMemoryGeneral   , dims: (2, 2, 4)           , pass(1)/fail(0): True,	 time (s): 0.0020227432250976562
