Device name: b'NVIDIA GeForce RTX 2080 Ti'
Compute capability: (7, 5)
Total global memory (GB): 10.75341796875
Free global memory (GB): 10.5992431640625
Used global memory (GB): 0.1541748046875
Max threads per block: 1024
Max block dimensions: x=1024, y=1024, z=64
Max grid dimensions: x=2147483647, y=65535, z=65535
Max shared memory per block (KB): 48.0
Method: Numpy                     , dims: (2, 2, 2)           , pass(1)/fail(0): 1,	 time (s): 8.344650268554688e-06
Method: CudaGlobalMemory          , dims: (2, 2, 2)           , pass(1)/fail(0): 1,	 time (s): 0.003909111022949219
Method: CudaSharedMemoryGeneral   , dims: (2, 2, 2)           , pass(1)/fail(0): 1,	 time (s): 0.0020427703857421875
Method: Numpy                     , dims: (4, 2, 2)           , pass(1)/fail(0): 1,	 time (s): 7.3909759521484375e-06
Method: CudaGlobalMemory          , dims: (4, 2, 2)           , pass(1)/fail(0): 1,	 time (s): 0.0022509098052978516
Method: CudaSharedMemoryGeneral   , dims: (4, 2, 2)           , pass(1)/fail(0): 1,	 time (s): 0.001974344253540039
Method: Numpy                     , dims: (2, 4, 2)           , pass(1)/fail(0): 1,	 time (s): 6.4373016357421875e-06
Method: CudaGlobalMemory          , dims: (2, 4, 2)           , pass(1)/fail(0): 1,	 time (s): 0.0018286705017089844
Method: CudaSharedMemoryGeneral   , dims: (2, 4, 2)           , pass(1)/fail(0): 1,	 time (s): 0.001821756362915039
Method: Numpy                     , dims: (2, 2, 4)           , pass(1)/fail(0): 1,	 time (s): 5.4836273193359375e-06
Method: CudaGlobalMemory          , dims: (2, 2, 4)           , pass(1)/fail(0): 1,	 time (s): 0.0017240047454833984
Method: CudaSharedMemoryGeneral   , dims: (2, 2, 4)           , pass(1)/fail(0): 1,	 time (s): 0.0018374919891357422
Elapsed time:  2.1457672119140625e-06
Elapsed time:  0.0021829605102539062
Elapsed time:  0.0020432472229003906
Elapsed time:  4.291534423828125e-06
Elapsed time:  0.0017542839050292969
Elapsed time:  0.0017404556274414062
Elapsed time:  3.337860107421875e-06
Elapsed time:  0.0019059181213378906
Elapsed time:  0.0017523765563964844
Elapsed time:  3.5762786865234375e-06
Elapsed time:  0.0017228126525878906
Elapsed time:  0.001882314682006836
Elapsed time:  3.5762786865234375e-06
Elapsed time:  0.001832723617553711
Elapsed time:  0.0017209053039550781
Method: Numpy                     , dims: (1, 1, 1)           , pass(1)/fail(0): True,	 time (s): 2.1457672119140625e-06
Method: CudaGlobalMemory          , dims: (1, 1, 1)           , pass(1)/fail(0): True,	 time (s): 0.0021829605102539062
Method: CudaSharedMemoryGeneral   , dims: (1, 1, 1)           , pass(1)/fail(0): True,	 time (s): 0.0020432472229003906
Method: Numpy                     , dims: (2, 2, 2)           , pass(1)/fail(0): True,	 time (s): 4.291534423828125e-06
Method: CudaGlobalMemory          , dims: (2, 2, 2)           , pass(1)/fail(0): True,	 time (s): 0.0017542839050292969
Method: CudaSharedMemoryGeneral   , dims: (2, 2, 2)           , pass(1)/fail(0): True,	 time (s): 0.0017404556274414062
Method: Numpy                     , dims: (4, 2, 2)           , pass(1)/fail(0): True,	 time (s): 3.337860107421875e-06
Method: CudaGlobalMemory          , dims: (4, 2, 2)           , pass(1)/fail(0): True,	 time (s): 0.0019059181213378906
Method: CudaSharedMemoryGeneral   , dims: (4, 2, 2)           , pass(1)/fail(0): True,	 time (s): 0.0017523765563964844
Method: Numpy                     , dims: (2, 4, 2)           , pass(1)/fail(0): True,	 time (s): 3.5762786865234375e-06
Method: CudaGlobalMemory          , dims: (2, 4, 2)           , pass(1)/fail(0): True,	 time (s): 0.0017228126525878906
Method: CudaSharedMemoryGeneral   , dims: (2, 4, 2)           , pass(1)/fail(0): True,	 time (s): 0.001882314682006836
Method: Numpy                     , dims: (2, 2, 4)           , pass(1)/fail(0): True,	 time (s): 3.5762786865234375e-06
Method: CudaGlobalMemory          , dims: (2, 2, 4)           , pass(1)/fail(0): True,	 time (s): 0.001832723617553711
Method: CudaSharedMemoryGeneral   , dims: (2, 2, 4)           , pass(1)/fail(0): True,	 time (s): 0.0017209053039550781
