Device name: b'NVIDIA GeForce RTX 2080 Ti'
Compute capability: (7, 5)
Total global memory (GB): 10.75341796875
Free global memory (GB): 10.5992431640625
Used global memory (GB): 0.1541748046875
Max threads per block: 1024
Max block dimensions: x=1024, y=1024, z=64
Max grid dimensions: x=2147483647, y=65535, z=65535
Max shared memory per block (KB): 48.0
Method: Numpy                     , dims: (1, 1, 1)           , pass(1)/fail(0): True,	 time (s): -3.5762786865234375e-06
Method: CudaGlobalMemory          , dims: (1, 1, 1)           , pass(1)/fail(0): True,	 time (s): -1.2667312622070312
Method: CudaSharedMemoryGeneral   , dims: (1, 1, 1)           , pass(1)/fail(0): True,	 time (s): -0.31543636322021484
Method: Numpy                     , dims: (2, 2, 2)           , pass(1)/fail(0): True,	 time (s): -2.7894973754882812e-05
Method: CudaGlobalMemory          , dims: (2, 2, 2)           , pass(1)/fail(0): True,	 time (s): -0.0021169185638427734
Method: CudaSharedMemoryGeneral   , dims: (2, 2, 2)           , pass(1)/fail(0): True,	 time (s): -0.0016279220581054688
Method: Numpy                     , dims: (4, 2, 2)           , pass(1)/fail(0): True,	 time (s): -3.0994415283203125e-06
Method: CudaGlobalMemory          , dims: (4, 2, 2)           , pass(1)/fail(0): True,	 time (s): -0.0014119148254394531
Method: CudaSharedMemoryGeneral   , dims: (4, 2, 2)           , pass(1)/fail(0): True,	 time (s): -0.0013463497161865234
Method: Numpy                     , dims: (2, 4, 2)           , pass(1)/fail(0): True,	 time (s): -2.6226043701171875e-06
Method: CudaGlobalMemory          , dims: (2, 4, 2)           , pass(1)/fail(0): True,	 time (s): -0.0013706684112548828
Method: CudaSharedMemoryGeneral   , dims: (2, 4, 2)           , pass(1)/fail(0): True,	 time (s): -0.0014166831970214844
Method: Numpy                     , dims: (2, 2, 4)           , pass(1)/fail(0): True,	 time (s): -2.86102294921875e-06
Method: CudaGlobalMemory          , dims: (2, 2, 4)           , pass(1)/fail(0): True,	 time (s): -0.0013966560363769531
Method: CudaSharedMemoryGeneral   , dims: (2, 2, 4)           , pass(1)/fail(0): True,	 time (s): -0.0013446807861328125
