Methods:  [<class 'matmul.Numpy'>, <class 'matmul.JitNumpy'>]
Dims:  [(1, 1, 1), (3, 3, 3), (4, 4, 4), (5, 5, 5)]
Instance:  <matmul.Numpy object at 0x70a3eda86c60>
Result:
 [[0.28369042]]
Expected:
 [[0.28369042]]
Instance:  <matmul.Numpy object at 0x70a3ec909310>
Result:
 [[1.0951236  0.9353149  0.27329132]
 [1.147318   1.0561103  0.38143706]
 [0.5244563  0.41131407 0.15068543]]
Expected:
 [[1.0951236  0.9353149  0.27329132]
 [1.147318   1.0561103  0.38143706]
 [0.5244563  0.41131407 0.15068543]]
Instance:  <matmul.Numpy object at 0x70a3e79854c0>
Result:
 [[0.6196676  1.0674556  0.45042008 0.86000615]
 [0.3996626  0.6784717  0.3758533  0.60681546]
 [0.94112027 1.1482791  0.7055547  1.2461224 ]
 [0.92498577 1.4956198  0.87276727 1.4172387 ]]
Expected:
 [[0.6196676  1.0674556  0.45042008 0.86000615]
 [0.3996626  0.6784717  0.3758533  0.60681546]
 [0.94112027 1.1482791  0.7055547  1.2461224 ]
 [0.92498577 1.4956198  0.87276727 1.4172387 ]]
Instance:  <matmul.Numpy object at 0x70a3ed1b7440>
Result:
 [[1.5688199  2.0744414  1.6655473  1.7365599  1.7435286 ]
 [0.45222864 1.198129   0.51331747 0.47228894 0.9020207 ]
 [1.2529237  1.5159796  1.5910143  1.4401615  1.4255105 ]
 [0.57771474 1.0414004  0.51363206 0.6793426  0.76854455]
 [1.2300624  1.8486594  1.345019   1.1498258  1.3532679 ]]
Expected:
 [[1.5688199  2.0744414  1.6655473  1.7365599  1.7435286 ]
 [0.45222864 1.198129   0.51331747 0.47228894 0.9020207 ]
 [1.2529237  1.5159796  1.5910143  1.4401615  1.4255105 ]
 [0.57771474 1.0414004  0.51363206 0.6793426  0.76854455]
 [1.2300624  1.8486594  1.345019   1.1498258  1.3532679 ]]
Instance:  <matmul.JitNumpy object at 0x70a3edaac3e0>
Result:
 [[0.28369042]]
Expected:
 [[0.28369042]]
Instance:  <matmul.JitNumpy object at 0x70a3ed0fcc80>
Result:
 [[1.0951236  0.9353149  0.27329132]
 [1.147318   1.0561103  0.38143706]
 [0.5244563  0.41131407 0.15068543]]
Expected:
 [[1.0951236  0.9353149  0.27329132]
 [1.147318   1.0561103  0.38143706]
 [0.5244563  0.41131407 0.15068543]]
Instance:  <matmul.JitNumpy object at 0x70a3ec909310>
Result:
 [[0.6196676  1.0674556  0.45042008 0.86000615]
 [0.3996626  0.6784717  0.3758533  0.60681546]
 [0.94112027 1.1482791  0.7055547  1.2461224 ]
 [0.92498577 1.4956198  0.87276727 1.4172387 ]]
Expected:
 [[0.6196676  1.0674556  0.45042008 0.86000615]
 [0.3996626  0.6784717  0.3758533  0.60681546]
 [0.94112027 1.1482791  0.7055547  1.2461224 ]
 [0.92498577 1.4956198  0.87276727 1.4172387 ]]
Instance:  <matmul.JitNumpy object at 0x70a3e7801010>
Result:
 [[1.5688199  2.0744414  1.6655473  1.7365599  1.7435286 ]
 [0.45222864 1.198129   0.51331747 0.47228894 0.9020207 ]
 [1.2529237  1.5159796  1.5910143  1.4401615  1.4255105 ]
 [0.57771474 1.0414004  0.51363206 0.6793426  0.76854455]
 [1.2300624  1.8486594  1.345019   1.1498258  1.3532679 ]]
Expected:
 [[1.5688199  2.0744414  1.6655473  1.7365599  1.7435286 ]
 [0.45222864 1.198129   0.51331747 0.47228894 0.9020207 ]
 [1.2529237  1.5159796  1.5910143  1.4401615  1.4255105 ]
 [0.57771474 1.0414004  0.51363206 0.6793426  0.76854455]
 [1.2300624  1.8486594  1.345019   1.1498258  1.3532679 ]]
Results:
 [['Numpy', [(3, 3, 3), (4, 4, 4), (5, 5, 5)], [True, True, True], [8.821487426757812e-06, 6.9141387939453125e-06, 7.3909759521484375e-06]], ['JitNumpy', [(3, 3, 3), (4, 4, 4), (5, 5, 5)], [True, True, True], [9.059906005859375e-06, 3.5762786865234375e-06, 2.1457672119140625e-06]]]
