Methods:  [<class 'matmul.Numpy'>, <class 'matmul.JitNumpy'>]
Dims:  [(1, 1, 1), (3, 3, 3), (4, 4, 4), (5, 5, 5)]
Instance:  <matmul.Numpy object at 0x760e36c60740>
Result:
 [[0.07392812]]
Expected:
 [[0.07392812]]
Instance:  <matmul.Numpy object at 0x760e37af9ee0>
Result:
 [[1.1808181  0.69967645 0.43628484]
 [1.7427295  1.1678159  0.6627442 ]
 [1.0620395  0.7915455  0.40443414]]
Expected:
 [[1.1808181  0.69967645 0.43628484]
 [1.7427295  1.1678159  0.6627442 ]
 [1.0620395  0.7915455  0.40443414]]
Instance:  <matmul.Numpy object at 0x760e52d8b740>
Result:
 [[1.1425138  1.2624674  1.2568879  0.35207725]
 [1.9311953  2.1391764  2.3629527  0.7064966 ]
 [1.4446843  1.316323   1.7914395  0.4132889 ]
 [1.599721   1.6718749  1.9873223  0.5079864 ]]
Expected:
 [[1.1425138  1.2624674  1.2568879  0.35207725]
 [1.9311953  2.1391764  2.3629527  0.7064966 ]
 [1.4446843  1.316323   1.7914395  0.4132889 ]
 [1.599721   1.6718749  1.9873223  0.5079864 ]]
Instance:  <matmul.Numpy object at 0x760e31b17a10>
Result:
 [[1.0358433  1.019764   0.31202474 0.9215052  1.1951182 ]
 [0.8117418  0.6461725  0.29818875 0.59713703 0.67210114]
 [1.0712795  1.0218711  0.6763766  1.3773327  0.97038335]
 [1.6579208  1.6047724  0.58836776 1.0098237  1.253019  ]
 [1.3844645  1.4353776  0.841564   1.4474778  1.0276414 ]]
Expected:
 [[1.0358433  1.019764   0.31202474 0.9215052  1.1951182 ]
 [0.8117418  0.6461725  0.29818875 0.59713703 0.67210114]
 [1.0712795  1.0218711  0.6763766  1.3773327  0.97038335]
 [1.6579208  1.6047724  0.58836776 1.0098237  1.253019  ]
 [1.3844645  1.4353776  0.841564   1.4474778  1.0276414 ]]
Instance:  <matmul.JitNumpy object at 0x760e372787a0>
Result:
 [[0.07392812]]
Expected:
 [[0.07392812]]
Instance:  <matmul.JitNumpy object at 0x760e52d8b740>
Result:
 [[1.1808181  0.69967645 0.43628484]
 [1.7427295  1.1678159  0.6627442 ]
 [1.0620395  0.7915455  0.40443414]]
Expected:
 [[1.1808181  0.69967645 0.43628484]
 [1.7427295  1.1678159  0.6627442 ]
 [1.0620395  0.7915455  0.40443414]]
Instance:  <matmul.JitNumpy object at 0x760e37af9ee0>
Result:
 [[1.1425138  1.2624674  1.2568879  0.35207725]
 [1.9311953  2.1391764  2.3629527  0.7064966 ]
 [1.4446843  1.316323   1.7914395  0.4132889 ]
 [1.599721   1.6718749  1.9873223  0.5079864 ]]
Expected:
 [[1.1425138  1.2624674  1.2568879  0.35207725]
 [1.9311953  2.1391764  2.3629527  0.7064966 ]
 [1.4446843  1.316323   1.7914395  0.4132889 ]
 [1.599721   1.6718749  1.9873223  0.5079864 ]]
Instance:  <matmul.JitNumpy object at 0x760e37298d40>
Result:
 [[1.0358433  1.019764   0.31202474 0.9215052  1.1951182 ]
 [0.8117418  0.6461725  0.29818875 0.59713703 0.67210114]
 [1.0712795  1.0218711  0.6763766  1.3773327  0.97038335]
 [1.6579208  1.6047724  0.58836776 1.0098237  1.253019  ]
 [1.3844645  1.4353776  0.841564   1.4474778  1.0276414 ]]
Expected:
 [[1.0358433  1.019764   0.31202474 0.9215052  1.1951182 ]
 [0.8117418  0.6461725  0.29818875 0.59713703 0.67210114]
 [1.0712795  1.0218711  0.6763766  1.3773327  0.97038335]
 [1.6579208  1.6047724  0.58836776 1.0098237  1.253019  ]
 [1.3844645  1.4353776  0.841564   1.4474778  1.0276414 ]]
Results:
 [['Numpy', [(3, 3, 3), (4, 4, 4), (5, 5, 5)], [True, True, True], [8.344650268554688e-06, 1.0013580322265625e-05, 2.86102294921875e-06]], ['JitNumpy', [(3, 3, 3), (4, 4, 4), (5, 5, 5)], [True, True, True], [2.6226043701171875e-06, 1.9073486328125e-06, 1.6689300537109375e-06]]]
