Methods:  [<class 'matmul.Numpy'>, <class 'matmul.JitNumpy'>]
Dims:  [(1, 1, 1), (3, 3, 3), (4, 4, 4)]
Instance:  <matmul.Numpy object at 0x79cb5c227740>
Result:
 [[0.0694632]]
Expected:
 [[0.0694632]]
Instance:  <matmul.Numpy object at 0x79cb61ee97c0>
Result:
 [[0.8780951  0.9986561  0.72690564]
 [1.1886097  1.4591208  0.7388702 ]
 [0.46133313 0.53048944 0.3829031 ]]
Expected:
 [[0.8780951  0.9986561  0.72690564]
 [1.1886097  1.4591208  0.7388702 ]
 [0.46133313 0.53048944 0.3829031 ]]
Instance:  <matmul.Numpy object at 0x79cb5bc5d250>
Result:
 [[1.5117373  0.5926411  1.9614257  0.90169865]
 [1.090856   0.45489413 1.6219034  0.8169456 ]
 [1.4881239  0.70178854 1.8007272  0.7618376 ]
 [1.3655845  0.74763614 1.6240461  0.6544292 ]]
Expected:
 [[1.5117373  0.5926411  1.9614257  0.90169865]
 [1.090856   0.45489413 1.6219034  0.8169456 ]
 [1.4881239  0.70178854 1.8007272  0.7618376 ]
 [1.3655845  0.74763614 1.6240461  0.6544292 ]]
Instance:  <matmul.JitNumpy object at 0x79cb5c38a570>
Result:
 [[0.0694632]]
Expected:
 [[0.0694632]]
Instance:  <matmul.JitNumpy object at 0x79cb61e976e0>
Result:
 [[0.8780951  0.9986561  0.72690564]
 [1.1886097  1.4591208  0.7388702 ]
 [0.46133313 0.53048944 0.3829031 ]]
Expected:
 [[0.8780951  0.9986561  0.72690564]
 [1.1886097  1.4591208  0.7388702 ]
 [0.46133313 0.53048944 0.3829031 ]]
Instance:  <matmul.JitNumpy object at 0x79cb5c1e1c10>
Result:
 [[1.5117373  0.5926411  1.9614257  0.90169865]
 [1.090856   0.45489413 1.6219034  0.8169456 ]
 [1.4881239  0.70178854 1.8007272  0.7618376 ]
 [1.3655845  0.74763614 1.6240461  0.6544292 ]]
Expected:
 [[1.5117373  0.5926411  1.9614257  0.90169865]
 [1.090856   0.45489413 1.6219034  0.8169456 ]
 [1.4881239  0.70178854 1.8007272  0.7618376 ]
 [1.3655845  0.74763614 1.6240461  0.6544292 ]]
Square Results:
 [['Numpy', [(3, 3, 3), (4, 4, 4)], [True, True], [8.58306884765625e-06, 6.9141387939453125e-06]], ['JitNumpy', [(3, 3, 3), (4, 4, 4)], [True, True], [9.5367431640625e-06, 6.9141387939453125e-06]]]
=========================================
Methods:  [<class 'matmul.Numpy'>, <class 'matmul.JitNumpy'>]
Dims:  [(1, 1, 1), (3, 3, 4), (4, 4, 3), (4, 3, 4), (3, 4, 4)]
Instance:  <matmul.Numpy object at 0x79cb5bc5d250>
Result:
 [[0.0066036]]
Expected:
 [[0.0066036]]
Instance:  <matmul.Numpy object at 0x79cb5bd60bc0>
Result:
 [[0.6248501  0.6262974  0.54719365]
 [0.7215327  1.0620432  0.7482128 ]
 [1.3176227  1.4669766  1.061184  ]]
Expected:
 [[0.6248501  0.6262974  0.54719365]
 [0.7215327  1.0620432  0.7482128 ]
 [1.3176227  1.4669766  1.061184  ]]
Instance:  <matmul.Numpy object at 0x79cb61ee97c0>
Result:
 [[0.42795917 0.58864915 0.2406005  0.5065863 ]
 [0.59538865 1.3016238  0.38917378 0.6379377 ]
 [1.008177   1.6416634  0.6448966  1.0677232 ]
 [0.9648242  1.7259489  0.8477675  0.60995036]]
Expected:
 [[0.42795917 0.58864915 0.2406005  0.5065863 ]
 [0.59538865 1.3016238  0.38917378 0.6379377 ]
 [1.008177   1.6416634  0.6448966  1.0677232 ]
 [0.9648242  1.7259489  0.8477675  0.60995036]]
Instance:  <matmul.Numpy object at 0x79cb5bd25af0>
Result:
 [[1.3714702  1.6895921  1.227239  ]
 [0.546084   0.8490031  0.5615525 ]
 [1.0170968  1.1816283  0.84819376]
 [0.69049454 0.93370485 0.66539544]]
Expected:
 [[1.3714702  1.6895921  1.227239  ]
 [0.546084   0.8490031  0.5615525 ]
 [1.0170968  1.1816283  0.84819376]
 [0.69049454 0.93370485 0.66539544]]
Instance:  <matmul.Numpy object at 0x79cb61e976e0>
Result:
 [[1.3097521  0.97667027 1.7823043  1.5046439 ]
 [0.94930905 0.7289559  1.170436   0.9926707 ]
 [0.54089683 0.22025554 0.7434186  0.5770711 ]]
Expected:
 [[1.3097521  0.97667027 1.7823043  1.5046439 ]
 [0.94930905 0.7289559  1.170436   0.9926707 ]
 [0.54089683 0.22025554 0.7434186  0.5770711 ]]
Instance:  <matmul.JitNumpy object at 0x79cb5bd25af0>
Result:
 [[0.0066036]]
Expected:
 [[0.0066036]]
Instance:  <matmul.JitNumpy object at 0x79cb61e976e0>
Result:
 [[0.6248501  0.6262974  0.54719365]
 [0.7215327  1.0620432  0.7482128 ]
 [1.3176227  1.4669766  1.061184  ]]
Expected:
 [[0.6248501  0.6262974  0.54719365]
 [0.7215327  1.0620432  0.7482128 ]
 [1.3176227  1.4669766  1.061184  ]]
Instance:  <matmul.JitNumpy object at 0x79cb5bd25af0>
Result:
 [[0.42795917 0.58864915 0.2406005  0.5065863 ]
 [0.59538865 1.3016238  0.38917378 0.6379377 ]
 [1.008177   1.6416634  0.6448966  1.0677232 ]
 [0.9648242  1.7259489  0.8477675  0.60995036]]
Expected:
 [[0.42795917 0.58864915 0.2406005  0.5065863 ]
 [0.59538865 1.3016238  0.38917378 0.6379377 ]
 [1.008177   1.6416634  0.6448966  1.0677232 ]
 [0.9648242  1.7259489  0.8477675  0.60995036]]
Instance:  <matmul.JitNumpy object at 0x79cb61e976e0>
Result:
 [[1.3714702  1.6895921  1.227239  ]
 [0.546084   0.8490031  0.5615525 ]
 [1.0170968  1.1816283  0.84819376]
 [0.69049454 0.93370485 0.66539544]]
Expected:
 [[1.3714702  1.6895921  1.227239  ]
 [0.546084   0.8490031  0.5615525 ]
 [1.0170968  1.1816283  0.84819376]
 [0.69049454 0.93370485 0.66539544]]
Instance:  <matmul.JitNumpy object at 0x79cb5bd25af0>
Result:
 [[1.3097521  0.97667027 1.7823043  1.5046439 ]
 [0.94930905 0.7289559  1.170436   0.9926707 ]
 [0.54089683 0.22025554 0.7434186  0.5770711 ]]
Expected:
 [[1.3097521  0.97667027 1.7823043  1.5046439 ]
 [0.94930905 0.7289559  1.170436   0.9926707 ]
 [0.54089683 0.22025554 0.7434186  0.5770711 ]]
Non-square Results:
 [['Numpy', [(3, 3, 4), (4, 4, 3), (4, 3, 4), (3, 4, 4)], [True, True, True, True], [2.1457672119140625e-06, 1.430511474609375e-06, 1.6689300537109375e-06, 1.430511474609375e-06]], ['JitNumpy', [(3, 3, 4), (4, 4, 3), (4, 3, 4), (3, 4, 4)], [True, True, True, True], [1.9073486328125e-06, 2.1457672119140625e-06, 1.6689300537109375e-06, 1.430511474609375e-06]]]
=========================================
