Methods:  [<class 'matmul.Numpy'>, <class 'matmul.JitNumpy'>]
Dims:  [(1, 1, 1), (3, 3, 3), (4, 4, 4)]
Instance:  <matmul.Numpy object at 0x7351069ff9b0>
Result:
 [[0.01085291]]
Expected:
 [[0.01085291]]
Instance:  <matmul.Numpy object at 0x7350e6359190>
Result:
 [[1.5784885  0.7469861  1.570407  ]
 [0.6774227  0.45804816 0.93012   ]
 [1.2277421  0.5034525  1.1984473 ]]
Expected:
 [[1.5784885  0.7469861  1.570407  ]
 [0.6774227  0.45804816 0.93012   ]
 [1.2277421  0.5034525  1.1984473 ]]
Instance:  <matmul.Numpy object at 0x7350e6bc5e50>
Result:
 [[1.3197737  1.0833952  1.2324402  1.5700996 ]
 [0.81569624 0.8735929  0.68540066 1.0331126 ]
 [0.97915673 1.0314704  0.7565156  1.0057405 ]
 [0.88920486 0.83215404 1.0219678  0.96380377]]
Expected:
 [[1.3197737  1.0833952  1.2324402  1.5700996 ]
 [0.81569624 0.8735929  0.68540066 1.0331126 ]
 [0.97915673 1.0314704  0.7565156  1.0057405 ]
 [0.88920486 0.83215404 1.0219678  0.96380377]]
Instance:  <matmul.JitNumpy object at 0x7351069ff9b0>
Result:
 [[0.01085291]]
Expected:
 [[0.01085291]]
Instance:  <matmul.JitNumpy object at 0x7350e6bc5e50>
Result:
 [[1.5784885  0.7469861  1.570407  ]
 [0.6774227  0.45804816 0.93012   ]
 [1.2277421  0.5034525  1.1984473 ]]
Expected:
 [[1.5784885  0.7469861  1.570407  ]
 [0.6774227  0.45804816 0.93012   ]
 [1.2277421  0.5034525  1.1984473 ]]
Instance:  <matmul.JitNumpy object at 0x7351069ff9b0>
Result:
 [[1.3197737  1.0833952  1.2324402  1.5700996 ]
 [0.81569624 0.8735929  0.68540066 1.0331126 ]
 [0.97915673 1.0314704  0.7565156  1.0057405 ]
 [0.88920486 0.83215404 1.0219678  0.96380377]]
Expected:
 [[1.3197737  1.0833952  1.2324402  1.5700996 ]
 [0.81569624 0.8735929  0.68540066 1.0331126 ]
 [0.97915673 1.0314704  0.7565156  1.0057405 ]
 [0.88920486 0.83215404 1.0219678  0.96380377]]
Square Results:
 [['Numpy', [(3, 3, 3), (4, 4, 4)], [True, True], [9.059906005859375e-06, 1.0251998901367188e-05]], ['JitNumpy', [(3, 3, 3), (4, 4, 4)], [True, True], [3.814697265625e-06, 1.9073486328125e-06]]]

=========================================

Methods:  [<class 'matmul.Numpy'>, <class 'matmul.JitNumpy'>]
Dims:  [(1, 1, 1), (3, 3, 4), (4, 4, 3), (4, 3, 4), (3, 4, 4)]
Instance:  <matmul.Numpy object at 0x7350ec0afe00>
Result:
 [[0.0242339]]
Expected:
 [[0.0242339]]
Instance:  <matmul.Numpy object at 0x7350e6359760>
Result:
 [[1.0452765  0.62295914 0.39678812]
 [1.3163308  1.023155   0.9020939 ]
 [2.2292776  1.356078   1.2651736 ]]
Expected:
 [[1.0452765  0.62295914 0.39678812]
 [1.3163308  1.023155   0.9020939 ]
 [2.2292776  1.356078   1.2651736 ]]
Instance:  <matmul.Numpy object at 0x7350e6359190>
Result:
 [[1.2925473  0.6217352  1.0679038  0.5803712 ]
 [0.98846924 0.6223669  1.187012   0.5759206 ]
 [0.8958013  0.86473286 0.8247381  0.42792028]
 [0.85743505 0.6099652  1.0417465  0.5031538 ]]
Expected:
 [[1.2925473  0.6217352  1.0679038  0.5803712 ]
 [0.98846924 0.6223669  1.187012   0.5759206 ]
 [0.8958013  0.86473286 0.8247381  0.42792028]
 [0.85743505 0.6099652  1.0417465  0.5031538 ]]
Instance:  <matmul.Numpy object at 0x7350e6359760>
Result:
 [[0.7137263  0.62968606 0.8510799 ]
 [0.6692536  0.618709   0.7264706 ]
 [0.97470576 1.1185548  1.164851  ]
 [0.78262806 1.0389203  1.139853  ]]
Expected:
 [[0.7137263  0.62968606 0.8510799 ]
 [0.6692536  0.618709   0.7264706 ]
 [0.97470576 1.1185548  1.164851  ]
 [0.78262806 1.0389203  1.139853  ]]
Instance:  <matmul.Numpy object at 0x7350e6359190>
Result:
 [[0.7707082 0.918578  1.0689822 0.8075034]
 [1.4874196 1.2295364 1.3848405 1.4223585]
 [1.2946644 1.1814721 1.3917147 1.4386692]]
Expected:
 [[0.7707082 0.918578  1.0689822 0.8075034]
 [1.4874196 1.2295364 1.3848405 1.4223585]
 [1.2946644 1.1814721 1.3917147 1.4386692]]
Instance:  <matmul.JitNumpy object at 0x7350ec0afda0>
Result:
 [[0.0242339]]
Expected:
 [[0.0242339]]
Instance:  <matmul.JitNumpy object at 0x7350ec070170>
Result:
 [[1.0452765  0.62295914 0.39678812]
 [1.3163308  1.023155   0.9020939 ]
 [2.2292776  1.356078   1.2651736 ]]
Expected:
 [[1.0452765  0.62295914 0.39678812]
 [1.3163308  1.023155   0.9020939 ]
 [2.2292776  1.356078   1.2651736 ]]
Instance:  <matmul.JitNumpy object at 0x7350e6359190>
Result:
 [[1.2925473  0.6217352  1.0679038  0.5803712 ]
 [0.98846924 0.6223669  1.187012   0.5759206 ]
 [0.8958013  0.86473286 0.8247381  0.42792028]
 [0.85743505 0.6099652  1.0417465  0.5031538 ]]
Expected:
 [[1.2925473  0.6217352  1.0679038  0.5803712 ]
 [0.98846924 0.6223669  1.187012   0.5759206 ]
 [0.8958013  0.86473286 0.8247381  0.42792028]
 [0.85743505 0.6099652  1.0417465  0.5031538 ]]
Instance:  <matmul.JitNumpy object at 0x7350ec070170>
Result:
 [[0.7137263  0.62968606 0.8510799 ]
 [0.6692536  0.618709   0.7264706 ]
 [0.97470576 1.1185548  1.164851  ]
 [0.78262806 1.0389203  1.139853  ]]
Expected:
 [[0.7137263  0.62968606 0.8510799 ]
 [0.6692536  0.618709   0.7264706 ]
 [0.97470576 1.1185548  1.164851  ]
 [0.78262806 1.0389203  1.139853  ]]
Instance:  <matmul.JitNumpy object at 0x7350e6359190>
Result:
 [[0.7707082 0.918578  1.0689822 0.8075034]
 [1.4874196 1.2295364 1.3848405 1.4223585]
 [1.2946644 1.1814721 1.3917147 1.4386692]]
Expected:
 [[0.7707082 0.918578  1.0689822 0.8075034]
 [1.4874196 1.2295364 1.3848405 1.4223585]
 [1.2946644 1.1814721 1.3917147 1.4386692]]
Non-square Results:
 [['Numpy', [(3, 3, 4), (4, 4, 3), (4, 3, 4), (3, 4, 4)], [True, True, True, True], [1.6689300537109375e-06, 1.9073486328125e-06, 1.430511474609375e-06, 1.430511474609375e-06]], ['JitNumpy', [(3, 3, 4), (4, 4, 3), (4, 3, 4), (3, 4, 4)], [True, True, True, True], [1.9073486328125e-06, 1.6689300537109375e-06, 1.6689300537109375e-06, 1.430511474609375e-06]]]

=========================================

