Methods:  [<class 'matmul.Numpy'>, <class 'matmul.JitNumpy'>]
Dims:  [(1, 1, 1), (3, 3, 3), (4, 4, 4), (5, 5, 5)]
Instance:  <matmul.Numpy object at 0x7f6683c19eb8>
Result:
 [[ 0.08787379]]
Expected:
 [[ 0.24844414]]
Instance:  <matmul.Numpy object at 0x7f6683c19f28>
Result:
 [[ 0.4867596   0.57014227  0.32600757]
 [ 0.99347544  1.05369997  0.7696858 ]
 [ 0.50444758  0.47284949  0.68603003]]
Expected:
 [[ 0.21589944  0.44426584  0.36451539]
 [ 0.16987798  0.29214048  0.21737885]
 [ 0.65823245  0.7629351   0.71114981]]
Instance:  <matmul.Numpy object at 0x7f6683c19eb8>
Result:
 [[ 1.13817549  1.04676294  1.55314612  1.16411471]
 [ 0.57140219  0.73798913  1.37227118  0.5865289 ]
 [ 1.33987808  1.14864969  1.6576364   1.37824833]
 [ 1.19085455  0.98936021  1.33627689  1.17651296]]
Expected:
 [[ 1.02652133  0.81450927  0.68797213  0.90133333]
 [ 1.44897461  1.25715697  0.89867651  1.5933218 ]
 [ 0.72276902  1.73903966  0.67535889  1.81936479]
 [ 0.57463384  0.86285132  0.39802516  1.03324282]]
Instance:  <matmul.Numpy object at 0x7f6683c19f28>
Result:
 [[ 1.56286526  1.54930389  1.62672722  1.05818725  1.44676793]
 [ 1.1818558   1.07075906  1.5540731   1.04045939  1.04663599]
 [ 1.87330186  1.46333504  1.75219929  1.22977054  1.55304027]
 [ 0.93338358  0.70897132  0.73616844  0.94518924  1.26759934]
 [ 1.70181155  1.55987012  1.75190246  0.91767663  1.1493665 ]]
Expected:
 [[ 1.78013051  1.8222599   2.28847504  1.70844281  1.86196411]
 [ 1.27986014  1.67016268  1.7507211   1.6575762   1.60406113]
 [ 0.74737215  1.45180976  1.89349127  1.39269602  1.4095577 ]
 [ 1.03465199  1.254372    1.59712517  1.5295155   1.44086766]
 [ 0.50026947  0.7404694   0.76842397  0.8620013   0.79945534]]
Instance:  <matmul.JitNumpy object at 0x7f6683c19eb8>
Result:
 [[ 0.21880883]]
Expected:
 [[ 0.24844414]]
Instance:  <matmul.JitNumpy object at 0x7f6683c19f28>
Result:
 [[ 0.67611188  0.55043232  0.786991  ]
 [ 1.05253053  0.84291673  1.64648402]
 [ 1.07184851  1.04114997  1.69274485]]
Expected:
 [[ 0.21589944  0.44426584  0.36451539]
 [ 0.16987798  0.29214048  0.21737885]
 [ 0.65823245  0.7629351   0.71114981]]
Instance:  <matmul.JitNumpy object at 0x7f6683c19eb8>
Result:
 [[ 0.9166373   1.11113632  1.00217485  0.52407986]
 [ 1.41466987  1.26358724  1.00979459  0.72190332]
 [ 1.69527054  1.75239968  1.26826024  0.84129244]
 [ 1.19402385  1.41236019  1.14193594  0.71178937]]
Expected:
 [[ 1.02652133  0.81450927  0.68797213  0.90133333]
 [ 1.44897461  1.25715697  0.89867651  1.5933218 ]
 [ 0.72276902  1.73903966  0.67535889  1.81936479]
 [ 0.57463384  0.86285132  0.39802516  1.03324282]]
Instance:  <matmul.JitNumpy object at 0x7f6683c19f28>
Result:
 [[ 0.65535599  0.99079877  0.6659863   1.46230555  0.7912336 ]
 [ 1.41486216  1.48060739  1.34845042  2.16683197  1.26253653]
 [ 0.9788273   0.90827173  1.03222311  1.06412971  0.92588532]
 [ 0.88375002  1.0348829   0.77376193  1.58962691  0.75790399]
 [ 0.60899168  0.51508856  0.54862136  1.01210642  0.51903367]]
Expected:
 [[ 1.78013051  1.8222599   2.28847504  1.70844281  1.86196411]
 [ 1.27986014  1.67016268  1.7507211   1.6575762   1.60406113]
 [ 0.74737215  1.45180976  1.89349127  1.39269602  1.4095577 ]
 [ 1.03465199  1.254372    1.59712517  1.5295155   1.44086766]
 [ 0.50026947  0.7404694   0.76842397  0.8620013   0.79945534]]
Results:
 [['Numpy', [(3, 3, 3), (4, 4, 4), (5, 5, 5)], [False, False, False], [-9.059906005859375e-06, -9.298324584960938e-06, -9.059906005859375e-06]], ['JitNumpy', [(3, 3, 3), (4, 4, 4), (5, 5, 5)], [False, False, False], [-2.574920654296875e-05, -8.106231689453125e-06, -8.106231689453125e-06]]]
