Methods:  [<class 'matmul.Numpy'>, <class 'matmul.JitNumpy'>]
Dims:  [(1, 1, 1), (3, 3, 3), (4, 4, 4), (5, 5, 5)]
Instance:  <matmul.Numpy object at 0x7ff30d8e5da0>
Result:
 [[ 0.03740728]]
Expected:
 [[ 0.17331135]]
Instance:  <matmul.Numpy object at 0x7ff30d8e5e10>
Result:
 [[ 0.40966475  0.10578684  0.43902785]
 [ 0.88190567  0.48874453  0.99366224]
 [ 0.87444961  0.49647319  0.98785615]]
Expected:
 [[ 0.3465744   0.70761067  0.18061557]
 [ 0.98300683  1.08546102  0.66399062]
 [ 0.64395547  0.97303879  0.41243216]]
Instance:  <matmul.Numpy object at 0x7ff30d8e5da0>
Result:
 [[ 0.65935272  1.27840352  1.08167541  0.68839443]
 [ 0.98903698  0.88283277  0.58129084  0.41848671]
 [ 0.28750217  0.82048404  0.59431559  0.37588996]
 [ 0.82255328  1.52473474  0.91184831  0.66740227]]
Expected:
 [[ 0.23644927  0.52443123  0.39732826  0.59940475]
 [ 0.78194952  1.77412879  1.17823541  1.90934455]
 [ 0.40997368  0.84046799  0.59764296  0.92528629]
 [ 0.34675112  0.68118739  0.52014285  0.73451102]]
Instance:  <matmul.Numpy object at 0x7ff30d8e5e10>
Result:
 [[ 1.59124792  1.53362322  1.12402093  0.75401902  1.27886331]
 [ 1.08344209  0.46146324  0.24451911  0.536596    0.41465566]
 [ 0.93192983  1.14280856  0.70910841  0.23103257  0.80359888]
 [ 1.74894035  1.29346001  0.88170868  0.81908214  1.2469902 ]
 [ 1.53882337  1.74352503  1.29612708  0.79726642  1.6333288 ]]
Expected:
 [[ 1.56319427  1.85013843  1.26662958  2.67429137  2.39271379]
 [ 0.91842568  0.95174491  0.95855284  1.73935056  1.51734638]
 [ 1.06323409  1.53881156  1.1254127   2.0166471   1.90011501]
 [ 0.87153941  1.26535606  0.82130146  1.64357913  1.47990143]
 [ 1.19738615  1.91279244  1.70267367  2.53884864  2.45980239]]
Instance:  <matmul.JitNumpy object at 0x7ff30d8e5da0>
Result:
 [[ 0.01434846]]
Expected:
 [[ 0.17331135]]
Instance:  <matmul.JitNumpy object at 0x7ff30d8e5e10>
Result:
 [[ 0.90652394  0.54123211  0.92892706]
 [ 1.4079622   0.87099385  1.42842555]
 [ 0.93521458  0.53449512  1.00297606]]
Expected:
 [[ 0.3465744   0.70761067  0.18061557]
 [ 0.98300683  1.08546102  0.66399062]
 [ 0.64395547  0.97303879  0.41243216]]
Instance:  <matmul.JitNumpy object at 0x7ff30d8e5da0>
Result:
 [[ 1.20345855  1.17549729  0.65601021  1.20231414]
 [ 1.31045055  1.44440579  0.9932977   1.52837253]
 [ 1.04216242  0.92895693  0.5949111   1.09402442]
 [ 0.87039655  1.04493713  0.64073658  0.9751308 ]]
Expected:
 [[ 0.23644927  0.52443123  0.39732826  0.59940475]
 [ 0.78194952  1.77412879  1.17823541  1.90934455]
 [ 0.40997368  0.84046799  0.59764296  0.92528629]
 [ 0.34675112  0.68118739  0.52014285  0.73451102]]
Instance:  <matmul.JitNumpy object at 0x7ff30d8e5e10>
Result:
 [[ 0.95769024  0.79053605  0.44474831  0.90947187  0.53088307]
 [ 1.57302833  0.72160107  1.22288477  1.24605429  0.77872127]
 [ 1.19709647  0.74142635  1.11086142  0.94483364  0.66427118]
 [ 1.22803342  0.80328596  1.19241464  1.00413179  0.64150524]
 [ 1.36421168  0.81198484  0.68449807  0.99099666  0.9542377 ]]
Expected:
 [[ 1.56319427  1.85013843  1.26662958  2.67429137  2.39271379]
 [ 0.91842568  0.95174491  0.95855284  1.73935056  1.51734638]
 [ 1.06323409  1.53881156  1.1254127   2.0166471   1.90011501]
 [ 0.87153941  1.26535606  0.82130146  1.64357913  1.47990143]
 [ 1.19738615  1.91279244  1.70267367  2.53884864  2.45980239]]
Results:
 [['Numpy', [(3, 3, 3), (4, 4, 4), (5, 5, 5)], [False, False, False], [-1.6927719116210938e-05, -1.621246337890625e-05, -1.5497207641601562e-05]], ['JitNumpy', [(3, 3, 3), (4, 4, 4), (5, 5, 5)], [False, False, False], [-2.7179718017578125e-05, -9.775161743164062e-06, -9.298324584960938e-06]]]
