Device name: b'NVIDIA A100-PCIE-40GB'
Compute capability: (8, 0)
Total global memory (GB): 39.39385986328125
Free global memory (GB): 38.98077392578125
Used global memory (GB): 0.4130859375
Max threads per block: 1024
Max block dimensions: x=1024, y=1024, z=64
Max grid dimensions: x=2147483647, y=65535, z=65535
Max shared memory per block (KB): 48.0
Method: Numpy               , dims: (64, 64, 64)        , pass(1)/fail(0): 1,	 time: 2.9802322387695312e-05
Method: CudaGlobalMemory    , dims: (64, 64, 64)        , pass(1)/fail(0): 1,	 time: 0.0029256343841552734
Method: CudaSharedMemory    , dims: (64, 64, 64)        , pass(1)/fail(0): 1,	 time: 0.0022687911987304688
Method: Numpy               , dims: (128, 128, 128)     , pass(1)/fail(0): 1,	 time: 5.53131103515625e-05
Method: CudaGlobalMemory    , dims: (128, 128, 128)     , pass(1)/fail(0): 1,	 time: 0.0026187896728515625
Method: CudaSharedMemory    , dims: (128, 128, 128)     , pass(1)/fail(0): 1,	 time: 0.0010139942169189453
Method: Numpy               , dims: (192, 192, 192)     , pass(1)/fail(0): 1,	 time: 0.0005671977996826172
Method: CudaGlobalMemory    , dims: (192, 192, 192)     , pass(1)/fail(0): 1,	 time: 0.0018379688262939453
Method: CudaSharedMemory    , dims: (192, 192, 192)     , pass(1)/fail(0): 1,	 time: 0.003095388412475586
Method: Numpy               , dims: (256, 256, 256)     , pass(1)/fail(0): 1,	 time: 0.0011434555053710938
Method: CudaGlobalMemory    , dims: (256, 256, 256)     , pass(1)/fail(0): 1,	 time: 0.0012538433074951172
Method: CudaSharedMemory    , dims: (256, 256, 256)     , pass(1)/fail(0): 1,	 time: 0.0031058788299560547
Method: Numpy               , dims: (320, 320, 320)     , pass(1)/fail(0): 1,	 time: 0.0020062923431396484
Method: CudaGlobalMemory    , dims: (320, 320, 320)     , pass(1)/fail(0): 1,	 time: 0.0016262531280517578
Method: CudaSharedMemory    , dims: (320, 320, 320)     , pass(1)/fail(0): 1,	 time: 0.002840757369995117
Method: Numpy               , dims: (384, 384, 384)     , pass(1)/fail(0): 1,	 time: 0.00287628173828125
Method: CudaGlobalMemory    , dims: (384, 384, 384)     , pass(1)/fail(0): 1,	 time: 0.0019669532775878906
Method: CudaSharedMemory    , dims: (384, 384, 384)     , pass(1)/fail(0): 1,	 time: 0.0015950202941894531
Method: Numpy               , dims: (448, 448, 448)     , pass(1)/fail(0): 1,	 time: 0.0015106201171875
Method: CudaGlobalMemory    , dims: (448, 448, 448)     , pass(1)/fail(0): 1,	 time: 0.0025222301483154297
Method: CudaSharedMemory    , dims: (448, 448, 448)     , pass(1)/fail(0): 1,	 time: 0.001855611801147461
Method: Numpy               , dims: (512, 512, 512)     , pass(1)/fail(0): 1,	 time: 0.0020837783813476562
Method: CudaGlobalMemory    , dims: (512, 512, 512)     , pass(1)/fail(0): 1,	 time: 0.002713441848754883
Method: CudaSharedMemory    , dims: (512, 512, 512)     , pass(1)/fail(0): 1,	 time: 0.0022230148315429688
Method: Numpy               , dims: (576, 576, 576)     , pass(1)/fail(0): 1,	 time: 0.002798795700073242
Method: CudaGlobalMemory    , dims: (576, 576, 576)     , pass(1)/fail(0): 1,	 time: 0.003228902816772461
Method: CudaSharedMemory    , dims: (576, 576, 576)     , pass(1)/fail(0): 1,	 time: 0.0024080276489257812
Method: Numpy               , dims: (640, 640, 640)     , pass(1)/fail(0): 1,	 time: 0.003806591033935547
Method: CudaGlobalMemory    , dims: (640, 640, 640)     , pass(1)/fail(0): 1,	 time: 0.004468441009521484
Method: CudaSharedMemory    , dims: (640, 640, 640)     , pass(1)/fail(0): 1,	 time: 0.0026941299438476562
Method: Numpy               , dims: (704, 704, 704)     , pass(1)/fail(0): 1,	 time: 0.0048770904541015625
Method: CudaGlobalMemory    , dims: (704, 704, 704)     , pass(1)/fail(0): 1,	 time: 0.004479408264160156
Method: CudaSharedMemory    , dims: (704, 704, 704)     , pass(1)/fail(0): 1,	 time: 0.003676891326904297
Method: Numpy               , dims: (768, 768, 768)     , pass(1)/fail(0): 1,	 time: 0.0060155391693115234
Method: CudaGlobalMemory    , dims: (768, 768, 768)     , pass(1)/fail(0): 1,	 time: 0.005455970764160156
Method: CudaSharedMemory    , dims: (768, 768, 768)     , pass(1)/fail(0): 1,	 time: 0.003465890884399414
Method: Numpy               , dims: (832, 832, 832)     , pass(1)/fail(0): 1,	 time: 0.0073184967041015625
Method: CudaGlobalMemory    , dims: (832, 832, 832)     , pass(1)/fail(0): 1,	 time: 0.0065000057220458984
Method: CudaSharedMemory    , dims: (832, 832, 832)     , pass(1)/fail(0): 1,	 time: 0.00394439697265625
Method: Numpy               , dims: (896, 896, 896)     , pass(1)/fail(0): 1,	 time: 0.008711099624633789
Method: CudaGlobalMemory    , dims: (896, 896, 896)     , pass(1)/fail(0): 1,	 time: 0.008296012878417969
Method: CudaSharedMemory    , dims: (896, 896, 896)     , pass(1)/fail(0): 1,	 time: 0.004553079605102539
Method: Numpy               , dims: (960, 960, 960)     , pass(1)/fail(0): 1,	 time: 0.010411977767944336
Method: CudaGlobalMemory    , dims: (960, 960, 960)     , pass(1)/fail(0): 1,	 time: 0.008942842483520508
Method: CudaSharedMemory    , dims: (960, 960, 960)     , pass(1)/fail(0): 1,	 time: 0.0058596134185791016
Method: Numpy               , dims: (1024, 1024, 1024)  , pass(1)/fail(0): 1,	 time: 0.012685298919677734
Method: CudaGlobalMemory    , dims: (1024, 1024, 1024)  , pass(1)/fail(0): 1,	 time: 0.010166645050048828
Method: CudaSharedMemory    , dims: (1024, 1024, 1024)  , pass(1)/fail(0): 1,	 time: 0.006023406982421875
Method: Numpy               , dims: (1088, 1088, 1088)  , pass(1)/fail(0): 1,	 time: 0.01488947868347168
Method: CudaGlobalMemory    , dims: (1088, 1088, 1088)  , pass(1)/fail(0): 1,	 time: 0.011960983276367188
Method: CudaSharedMemory    , dims: (1088, 1088, 1088)  , pass(1)/fail(0): 1,	 time: 0.00670313835144043
Method: Numpy               , dims: (1152, 1152, 1152)  , pass(1)/fail(0): 1,	 time: 0.0172426700592041
Method: CudaGlobalMemory    , dims: (1152, 1152, 1152)  , pass(1)/fail(0): 1,	 time: 0.01462697982788086
Method: CudaSharedMemory    , dims: (1152, 1152, 1152)  , pass(1)/fail(0): 1,	 time: 0.0076694488525390625
Method: Numpy               , dims: (1216, 1216, 1216)  , pass(1)/fail(0): 1,	 time: 0.020955801010131836
Method: CudaGlobalMemory    , dims: (1216, 1216, 1216)  , pass(1)/fail(0): 1,	 time: 0.015940427780151367
Method: CudaSharedMemory    , dims: (1216, 1216, 1216)  , pass(1)/fail(0): 1,	 time: 0.009307622909545898
Method: Numpy               , dims: (1280, 1280, 1280)  , pass(1)/fail(0): 1,	 time: 0.02365875244140625
Method: CudaGlobalMemory    , dims: (1280, 1280, 1280)  , pass(1)/fail(0): 1,	 time: 0.018086910247802734
Method: CudaSharedMemory    , dims: (1280, 1280, 1280)  , pass(1)/fail(0): 1,	 time: 0.009588956832885742
Method: Numpy               , dims: (1344, 1344, 1344)  , pass(1)/fail(0): 1,	 time: 0.027495145797729492
Method: CudaGlobalMemory    , dims: (1344, 1344, 1344)  , pass(1)/fail(0): 1,	 time: 0.020879030227661133
Method: CudaSharedMemory    , dims: (1344, 1344, 1344)  , pass(1)/fail(0): 1,	 time: 0.010728597640991211
Method: Numpy               , dims: (1408, 1408, 1408)  , pass(1)/fail(0): 1,	 time: 0.03165030479431152
Method: CudaGlobalMemory    , dims: (1408, 1408, 1408)  , pass(1)/fail(0): 1,	 time: 0.02249312400817871
Method: CudaSharedMemory    , dims: (1408, 1408, 1408)  , pass(1)/fail(0): 1,	 time: 0.012681007385253906
Method: Numpy               , dims: (1472, 1472, 1472)  , pass(1)/fail(0): 1,	 time: 0.03556537628173828
Method: CudaGlobalMemory    , dims: (1472, 1472, 1472)  , pass(1)/fail(0): 1,	 time: 0.025423049926757812
Method: CudaSharedMemory    , dims: (1472, 1472, 1472)  , pass(1)/fail(0): 1,	 time: 0.013273477554321289
Method: Numpy               , dims: (1536, 1536, 1536)  , pass(1)/fail(0): 1,	 time: 0.040434837341308594
Method: CudaGlobalMemory    , dims: (1536, 1536, 1536)  , pass(1)/fail(0): 1,	 time: 0.02854442596435547
Method: CudaSharedMemory    , dims: (1536, 1536, 1536)  , pass(1)/fail(0): 1,	 time: 0.014570236206054688
Method: Numpy               , dims: (1600, 1600, 1600)  , pass(1)/fail(0): 1,	 time: 0.046410322189331055
Method: CudaGlobalMemory    , dims: (1600, 1600, 1600)  , pass(1)/fail(0): 1,	 time: 0.03251361846923828
Method: CudaSharedMemory    , dims: (1600, 1600, 1600)  , pass(1)/fail(0): 1,	 time: 0.015969514846801758
Method: Numpy               , dims: (1664, 1664, 1664)  , pass(1)/fail(0): 1,	 time: 0.051003456115722656
Method: CudaGlobalMemory    , dims: (1664, 1664, 1664)  , pass(1)/fail(0): 1,	 time: 0.026718616485595703
Method: CudaSharedMemory    , dims: (1664, 1664, 1664)  , pass(1)/fail(0): 1,	 time: 0.018431901931762695
Method: Numpy               , dims: (1728, 1728, 1728)  , pass(1)/fail(0): 1,	 time: 0.05684375762939453
Method: CudaGlobalMemory    , dims: (1728, 1728, 1728)  , pass(1)/fail(0): 1,	 time: 0.025072336196899414
Method: CudaSharedMemory    , dims: (1728, 1728, 1728)  , pass(1)/fail(0): 1,	 time: 0.01929926872253418
Method: Numpy               , dims: (1792, 1792, 1792)  , pass(1)/fail(0): 1,	 time: 0.06333136558532715
Method: CudaGlobalMemory    , dims: (1792, 1792, 1792)  , pass(1)/fail(0): 1,	 time: 0.027509212493896484
Method: CudaSharedMemory    , dims: (1792, 1792, 1792)  , pass(1)/fail(0): 1,	 time: 0.021235227584838867
Method: Numpy               , dims: (1856, 1856, 1856)  , pass(1)/fail(0): 1,	 time: 0.07007336616516113
Method: CudaGlobalMemory    , dims: (1856, 1856, 1856)  , pass(1)/fail(0): 1,	 time: 0.030951738357543945
Method: CudaSharedMemory    , dims: (1856, 1856, 1856)  , pass(1)/fail(0): 1,	 time: 0.02298140525817871
Method: Numpy               , dims: (1920, 1920, 1920)  , pass(1)/fail(0): 1,	 time: 0.07727408409118652
Method: CudaGlobalMemory    , dims: (1920, 1920, 1920)  , pass(1)/fail(0): 1,	 time: 0.03347349166870117
Method: CudaSharedMemory    , dims: (1920, 1920, 1920)  , pass(1)/fail(0): 1,	 time: 0.025926828384399414
Method: Numpy               , dims: (1984, 1984, 1984)  , pass(1)/fail(0): 1,	 time: 0.08713960647583008
Method: CudaGlobalMemory    , dims: (1984, 1984, 1984)  , pass(1)/fail(0): 1,	 time: 0.03560781478881836
Method: CudaSharedMemory    , dims: (1984, 1984, 1984)  , pass(1)/fail(0): 1,	 time: 0.02748894691467285
Method: Numpy               , dims: (2048, 2048, 2048)  , pass(1)/fail(0): 1,	 time: 0.09509468078613281
Method: CudaGlobalMemory    , dims: (2048, 2048, 2048)  , pass(1)/fail(0): 1,	 time: 0.039142608642578125
Method: CudaSharedMemory    , dims: (2048, 2048, 2048)  , pass(1)/fail(0): 1,	 time: 0.029618501663208008
Method: Numpy               , dims: (2112, 2112, 2112)  , pass(1)/fail(0): 1,	 time: 0.10338187217712402
Method: CudaGlobalMemory    , dims: (2112, 2112, 2112)  , pass(1)/fail(0): 1,	 time: 0.04221534729003906
Method: CudaSharedMemory    , dims: (2112, 2112, 2112)  , pass(1)/fail(0): 1,	 time: 0.03297233581542969
Method: Numpy               , dims: (2176, 2176, 2176)  , pass(1)/fail(0): 1,	 time: 0.11427879333496094
Method: CudaGlobalMemory    , dims: (2176, 2176, 2176)  , pass(1)/fail(0): 1,	 time: 0.045815467834472656
Method: CudaSharedMemory    , dims: (2176, 2176, 2176)  , pass(1)/fail(0): 1,	 time: 0.03493666648864746
Method: Numpy               , dims: (2240, 2240, 2240)  , pass(1)/fail(0): 1,	 time: 0.12426996231079102
Method: CudaGlobalMemory    , dims: (2240, 2240, 2240)  , pass(1)/fail(0): 1,	 time: 0.04930281639099121
Method: CudaSharedMemory    , dims: (2240, 2240, 2240)  , pass(1)/fail(0): 1,	 time: 0.037325382232666016
Method: Numpy               , dims: (2304, 2304, 2304)  , pass(1)/fail(0): 1,	 time: 0.13450217247009277
Method: CudaGlobalMemory    , dims: (2304, 2304, 2304)  , pass(1)/fail(0): 1,	 time: 0.053800344467163086
Method: CudaSharedMemory    , dims: (2304, 2304, 2304)  , pass(1)/fail(0): 1,	 time: 0.04026913642883301
Method: Numpy               , dims: (2368, 2368, 2368)  , pass(1)/fail(0): 1,	 time: 0.1495375633239746
Method: CudaGlobalMemory    , dims: (2368, 2368, 2368)  , pass(1)/fail(0): 1,	 time: 0.057356834411621094
Method: CudaSharedMemory    , dims: (2368, 2368, 2368)  , pass(1)/fail(0): 1,	 time: 0.04413104057312012
Method: Numpy               , dims: (2432, 2432, 2432)  , pass(1)/fail(0): 1,	 time: 0.15915203094482422
Method: CudaGlobalMemory    , dims: (2432, 2432, 2432)  , pass(1)/fail(0): 1,	 time: 0.06182456016540527
Method: CudaSharedMemory    , dims: (2432, 2432, 2432)  , pass(1)/fail(0): 1,	 time: 0.0466463565826416
Method: Numpy               , dims: (2496, 2496, 2496)  , pass(1)/fail(0): 1,	 time: 0.1725618839263916
Method: CudaGlobalMemory    , dims: (2496, 2496, 2496)  , pass(1)/fail(0): 1,	 time: 0.0664820671081543
Method: CudaSharedMemory    , dims: (2496, 2496, 2496)  , pass(1)/fail(0): 1,	 time: 0.049918413162231445
Method: Numpy               , dims: (2560, 2560, 2560)  , pass(1)/fail(0): 1,	 time: 0.1870880126953125
Method: CudaGlobalMemory    , dims: (2560, 2560, 2560)  , pass(1)/fail(0): 1,	 time: 0.07310223579406738
Method: CudaSharedMemory    , dims: (2560, 2560, 2560)  , pass(1)/fail(0): 1,	 time: 0.05356431007385254
Method: Numpy               , dims: (2624, 2624, 2624)  , pass(1)/fail(0): 1,	 time: 0.20197486877441406
Method: CudaGlobalMemory    , dims: (2624, 2624, 2624)  , pass(1)/fail(0): 1,	 time: 0.07635855674743652
Method: CudaSharedMemory    , dims: (2624, 2624, 2624)  , pass(1)/fail(0): 1,	 time: 0.05811595916748047
Method: Numpy               , dims: (2688, 2688, 2688)  , pass(1)/fail(0): 1,	 time: 0.2182295322418213
Method: CudaGlobalMemory    , dims: (2688, 2688, 2688)  , pass(1)/fail(0): 1,	 time: 0.08178114891052246
Method: CudaSharedMemory    , dims: (2688, 2688, 2688)  , pass(1)/fail(0): 1,	 time: 0.06113576889038086
Method: Numpy               , dims: (2752, 2752, 2752)  , pass(1)/fail(0): 1,	 time: 0.235001802444458
Method: CudaGlobalMemory    , dims: (2752, 2752, 2752)  , pass(1)/fail(0): 1,	 time: 0.08809781074523926
Method: CudaSharedMemory    , dims: (2752, 2752, 2752)  , pass(1)/fail(0): 1,	 time: 0.06526875495910645
Method: Numpy               , dims: (2816, 2816, 2816)  , pass(1)/fail(0): 1,	 time: 0.24677181243896484
Method: CudaGlobalMemory    , dims: (2816, 2816, 2816)  , pass(1)/fail(0): 1,	 time: 0.09298062324523926
Method: CudaSharedMemory    , dims: (2816, 2816, 2816)  , pass(1)/fail(0): 1,	 time: 0.07028365135192871
Method: Numpy               , dims: (2880, 2880, 2880)  , pass(1)/fail(0): 1,	 time: 0.2647724151611328
Method: CudaGlobalMemory    , dims: (2880, 2880, 2880)  , pass(1)/fail(0): 1,	 time: 0.09968757629394531
Method: CudaSharedMemory    , dims: (2880, 2880, 2880)  , pass(1)/fail(0): 1,	 time: 0.0739288330078125
Method: Numpy               , dims: (2944, 2944, 2944)  , pass(1)/fail(0): 1,	 time: 0.2851979732513428
Method: CudaGlobalMemory    , dims: (2944, 2944, 2944)  , pass(1)/fail(0): 1,	 time: 0.10655069351196289
Method: CudaSharedMemory    , dims: (2944, 2944, 2944)  , pass(1)/fail(0): 1,	 time: 0.07954788208007812
Method: Numpy               , dims: (3008, 3008, 3008)  , pass(1)/fail(0): 1,	 time: 0.30358242988586426
Method: CudaGlobalMemory    , dims: (3008, 3008, 3008)  , pass(1)/fail(0): 1,	 time: 0.11400890350341797
Method: CudaSharedMemory    , dims: (3008, 3008, 3008)  , pass(1)/fail(0): 1,	 time: 0.08434557914733887
Method: Numpy               , dims: (3072, 3072, 3072)  , pass(1)/fail(0): 1,	 time: 0.31543779373168945
Method: CudaGlobalMemory    , dims: (3072, 3072, 3072)  , pass(1)/fail(0): 1,	 time: 0.1194770336151123
Method: CudaSharedMemory    , dims: (3072, 3072, 3072)  , pass(1)/fail(0): 1,	 time: 0.0903935432434082
Method: Numpy               , dims: (3136, 3136, 3136)  , pass(1)/fail(0): 1,	 time: 0.34909486770629883
Method: CudaGlobalMemory    , dims: (3136, 3136, 3136)  , pass(1)/fail(0): 1,	 time: 0.12714719772338867
Method: CudaSharedMemory    , dims: (3136, 3136, 3136)  , pass(1)/fail(0): 1,	 time: 0.09466338157653809
Method: Numpy               , dims: (3200, 3200, 3200)  , pass(1)/fail(0): 1,	 time: 0.3644680976867676
Method: CudaGlobalMemory    , dims: (3200, 3200, 3200)  , pass(1)/fail(0): 1,	 time: 0.13541030883789062
Method: CudaSharedMemory    , dims: (3200, 3200, 3200)  , pass(1)/fail(0): 1,	 time: 0.10003495216369629
Method: Numpy               , dims: (3264, 3264, 3264)  , pass(1)/fail(0): 1,	 time: 0.385744571685791
Method: CudaGlobalMemory    , dims: (3264, 3264, 3264)  , pass(1)/fail(0): 1,	 time: 0.14408063888549805
Method: CudaSharedMemory    , dims: (3264, 3264, 3264)  , pass(1)/fail(0): 1,	 time: 0.1056814193725586
Method: Numpy               , dims: (3328, 3328, 3328)  , pass(1)/fail(0): 1,	 time: 0.41117167472839355
Method: CudaGlobalMemory    , dims: (3328, 3328, 3328)  , pass(1)/fail(0): 1,	 time: 0.1490182876586914
Method: CudaSharedMemory    , dims: (3328, 3328, 3328)  , pass(1)/fail(0): 1,	 time: 0.11246037483215332
Method: Numpy               , dims: (3392, 3392, 3392)  , pass(1)/fail(0): 1,	 time: 0.43498802185058594
Method: CudaGlobalMemory    , dims: (3392, 3392, 3392)  , pass(1)/fail(0): 1,	 time: 0.15902161598205566
Method: CudaSharedMemory    , dims: (3392, 3392, 3392)  , pass(1)/fail(0): 1,	 time: 0.1176609992980957
Method: Numpy               , dims: (3456, 3456, 3456)  , pass(1)/fail(0): 1,	 time: 0.4587845802307129
Method: CudaGlobalMemory    , dims: (3456, 3456, 3456)  , pass(1)/fail(0): 1,	 time: 0.16815185546875
Method: CudaSharedMemory    , dims: (3456, 3456, 3456)  , pass(1)/fail(0): 1,	 time: 0.12393379211425781
Method: Numpy               , dims: (3520, 3520, 3520)  , pass(1)/fail(0): 1,	 time: 0.49436020851135254
Method: CudaGlobalMemory    , dims: (3520, 3520, 3520)  , pass(1)/fail(0): 1,	 time: 0.17448973655700684
Method: CudaSharedMemory    , dims: (3520, 3520, 3520)  , pass(1)/fail(0): 1,	 time: 0.13137459754943848
Method: Numpy               , dims: (3584, 3584, 3584)  , pass(1)/fail(0): 1,	 time: 0.5055818557739258
Method: CudaGlobalMemory    , dims: (3584, 3584, 3584)  , pass(1)/fail(0): 1,	 time: 0.18462705612182617
Method: CudaSharedMemory    , dims: (3584, 3584, 3584)  , pass(1)/fail(0): 1,	 time: 0.13718509674072266
Method: Numpy               , dims: (3648, 3648, 3648)  , pass(1)/fail(0): 1,	 time: 0.5408015251159668
Method: CudaGlobalMemory    , dims: (3648, 3648, 3648)  , pass(1)/fail(0): 1,	 time: 0.19472837448120117
Method: CudaSharedMemory    , dims: (3648, 3648, 3648)  , pass(1)/fail(0): 1,	 time: 0.1440601348876953
Method: Numpy               , dims: (3712, 3712, 3712)  , pass(1)/fail(0): 1,	 time: 0.5733051300048828
Method: CudaGlobalMemory    , dims: (3712, 3712, 3712)  , pass(1)/fail(0): 1,	 time: 0.205399751663208
Method: CudaSharedMemory    , dims: (3712, 3712, 3712)  , pass(1)/fail(0): 1,	 time: 0.15149378776550293
Method: Numpy               , dims: (3776, 3776, 3776)  , pass(1)/fail(0): 1,	 time: 0.6016314029693604
Method: CudaGlobalMemory    , dims: (3776, 3776, 3776)  , pass(1)/fail(0): 1,	 time: 0.21477508544921875
Method: CudaSharedMemory    , dims: (3776, 3776, 3776)  , pass(1)/fail(0): 1,	 time: 0.1602010726928711
Method: Numpy               , dims: (3840, 3840, 3840)  , pass(1)/fail(0): 1,	 time: 0.6285462379455566
Method: CudaGlobalMemory    , dims: (3840, 3840, 3840)  , pass(1)/fail(0): 1,	 time: 0.2281053066253662
Method: CudaSharedMemory    , dims: (3840, 3840, 3840)  , pass(1)/fail(0): 1,	 time: 0.16656112670898438
Method: Numpy               , dims: (3904, 3904, 3904)  , pass(1)/fail(0): 1,	 time: 0.6753056049346924
Method: CudaGlobalMemory    , dims: (3904, 3904, 3904)  , pass(1)/fail(0): 1,	 time: 0.2365434169769287
Method: CudaSharedMemory    , dims: (3904, 3904, 3904)  , pass(1)/fail(0): 1,	 time: 0.1744067668914795
Method: Numpy               , dims: (3968, 3968, 3968)  , pass(1)/fail(0): 1,	 time: 0.6986501216888428
Method: CudaGlobalMemory    , dims: (3968, 3968, 3968)  , pass(1)/fail(0): 1,	 time: 0.24854564666748047
Method: CudaSharedMemory    , dims: (3968, 3968, 3968)  , pass(1)/fail(0): 1,	 time: 0.18262720108032227
Method: Numpy               , dims: (4032, 4032, 4032)  , pass(1)/fail(0): 1,	 time: 0.7326147556304932
Method: CudaGlobalMemory    , dims: (4032, 4032, 4032)  , pass(1)/fail(0): 1,	 time: 0.2599811553955078
Method: CudaSharedMemory    , dims: (4032, 4032, 4032)  , pass(1)/fail(0): 1,	 time: 0.19215750694274902
Method: Numpy               , dims: (4096, 4096, 4096)  , pass(1)/fail(0): 1,	 time: 0.7623276710510254
Method: CudaGlobalMemory    , dims: (4096, 4096, 4096)  , pass(1)/fail(0): 1,	 time: 0.2699928283691406
Method: CudaSharedMemory    , dims: (4096, 4096, 4096)  , pass(1)/fail(0): 1,	 time: 0.19986653327941895
