Device name: b'Tesla K80'
Compute capability: (3, 7)
Total global memory (GB): 11.173095703125
Free global memory (GB): 11.115966796875
Used global memory (GB): 0.05712890625
Max threads per block: 1024
Max block dimensions: x=1024, y=1024, z=64
Max grid dimensions: x=2147483647, y=65535, z=65535
Max shared memory per block (KB): 48.0
Method: Numpy               , dims: (64, 64, 64)        , pass(1)/fail(0): 1,	 time: 3.409385681152344e-05
Method: JitNumpy            , dims: (64, 64, 64)        , pass(1)/fail(0): 1,	 time: 3.743171691894531e-05
Method: CudaGlobalMemory    , dims: (64, 64, 64)        , pass(1)/fail(0): 1,	 time: 0.0018088817596435547
Method: CudaSharedMemory    , dims: (64, 64, 64)        , pass(1)/fail(0): 1,	 time: 0.002023458480834961
Method: Numpy               , dims: (128, 128, 128)     , pass(1)/fail(0): 1,	 time: 0.00010013580322265625
Method: JitNumpy            , dims: (128, 128, 128)     , pass(1)/fail(0): 1,	 time: 8.296966552734375e-05
Method: CudaGlobalMemory    , dims: (128, 128, 128)     , pass(1)/fail(0): 1,	 time: 0.001941680908203125
Method: CudaSharedMemory    , dims: (128, 128, 128)     , pass(1)/fail(0): 1,	 time: 0.0016431808471679688
Method: Numpy               , dims: (192, 192, 192)     , pass(1)/fail(0): 1,	 time: 0.00024962425231933594
Method: JitNumpy            , dims: (192, 192, 192)     , pass(1)/fail(0): 1,	 time: 0.00021028518676757812
Method: CudaGlobalMemory    , dims: (192, 192, 192)     , pass(1)/fail(0): 1,	 time: 0.002907991409301758
Method: CudaSharedMemory    , dims: (192, 192, 192)     , pass(1)/fail(0): 1,	 time: 0.001886606216430664
Method: Numpy               , dims: (256, 256, 256)     , pass(1)/fail(0): 1,	 time: 0.0005314350128173828
Method: JitNumpy            , dims: (256, 256, 256)     , pass(1)/fail(0): 1,	 time: 0.00045561790466308594
Method: CudaGlobalMemory    , dims: (256, 256, 256)     , pass(1)/fail(0): 1,	 time: 0.0047452449798583984
Method: CudaSharedMemory    , dims: (256, 256, 256)     , pass(1)/fail(0): 1,	 time: 0.0027816295623779297
Method: Numpy               , dims: (320, 320, 320)     , pass(1)/fail(0): 1,	 time: 0.001020669937133789
Method: JitNumpy            , dims: (320, 320, 320)     , pass(1)/fail(0): 1,	 time: 0.00089263916015625
Method: CudaGlobalMemory    , dims: (320, 320, 320)     , pass(1)/fail(0): 1,	 time: 0.007487058639526367
Method: CudaSharedMemory    , dims: (320, 320, 320)     , pass(1)/fail(0): 1,	 time: 0.003142833709716797
Method: Numpy               , dims: (384, 384, 384)     , pass(1)/fail(0): 1,	 time: 0.0016338825225830078
Method: JitNumpy            , dims: (384, 384, 384)     , pass(1)/fail(0): 1,	 time: 0.0014004707336425781
Method: CudaGlobalMemory    , dims: (384, 384, 384)     , pass(1)/fail(0): 1,	 time: 0.011566400527954102
Method: CudaSharedMemory    , dims: (384, 384, 384)     , pass(1)/fail(0): 1,	 time: 0.0044591426849365234
Method: Numpy               , dims: (448, 448, 448)     , pass(1)/fail(0): 1,	 time: 0.002554655075073242
Method: JitNumpy            , dims: (448, 448, 448)     , pass(1)/fail(0): 1,	 time: 0.0022597312927246094
Method: CudaGlobalMemory    , dims: (448, 448, 448)     , pass(1)/fail(0): 1,	 time: 0.018230676651000977
Method: CudaSharedMemory    , dims: (448, 448, 448)     , pass(1)/fail(0): 1,	 time: 0.00561070442199707
Method: Numpy               , dims: (512, 512, 512)     , pass(1)/fail(0): 1,	 time: 0.0037147998809814453
Method: JitNumpy            , dims: (512, 512, 512)     , pass(1)/fail(0): 1,	 time: 0.0033330917358398438
Method: CudaGlobalMemory    , dims: (512, 512, 512)     , pass(1)/fail(0): 1,	 time: 0.023900270462036133
Method: CudaSharedMemory    , dims: (512, 512, 512)     , pass(1)/fail(0): 1,	 time: 0.008669853210449219
Method: Numpy               , dims: (576, 576, 576)     , pass(1)/fail(0): 1,	 time: 0.0051441192626953125
Method: JitNumpy            , dims: (576, 576, 576)     , pass(1)/fail(0): 1,	 time: 0.004705905914306641
Method: CudaGlobalMemory    , dims: (576, 576, 576)     , pass(1)/fail(0): 1,	 time: 0.03296470642089844
Method: CudaSharedMemory    , dims: (576, 576, 576)     , pass(1)/fail(0): 1,	 time: 0.008977413177490234
Method: Numpy               , dims: (640, 640, 640)     , pass(1)/fail(0): 1,	 time: 0.006967782974243164
Method: JitNumpy            , dims: (640, 640, 640)     , pass(1)/fail(0): 1,	 time: 0.0063037872314453125
Method: CudaGlobalMemory    , dims: (640, 640, 640)     , pass(1)/fail(0): 1,	 time: 0.04654812812805176
Method: CudaSharedMemory    , dims: (640, 640, 640)     , pass(1)/fail(0): 1,	 time: 0.011139869689941406
Method: Numpy               , dims: (704, 704, 704)     , pass(1)/fail(0): 1,	 time: 0.009089231491088867
Method: JitNumpy            , dims: (704, 704, 704)     , pass(1)/fail(0): 1,	 time: 0.008311748504638672
Method: CudaGlobalMemory    , dims: (704, 704, 704)     , pass(1)/fail(0): 1,	 time: 0.057900428771972656
Method: CudaSharedMemory    , dims: (704, 704, 704)     , pass(1)/fail(0): 1,	 time: 0.016275644302368164
Method: Numpy               , dims: (768, 768, 768)     , pass(1)/fail(0): 1,	 time: 0.011210203170776367
Method: JitNumpy            , dims: (768, 768, 768)     , pass(1)/fail(0): 1,	 time: 0.010488271713256836
Method: CudaGlobalMemory    , dims: (768, 768, 768)     , pass(1)/fail(0): 1,	 time: 0.06933736801147461
Method: CudaSharedMemory    , dims: (768, 768, 768)     , pass(1)/fail(0): 1,	 time: 0.017281293869018555
Method: Numpy               , dims: (832, 832, 832)     , pass(1)/fail(0): 1,	 time: 0.013625383377075195
Method: JitNumpy            , dims: (832, 832, 832)     , pass(1)/fail(0): 1,	 time: 0.013315200805664062
Method: CudaGlobalMemory    , dims: (832, 832, 832)     , pass(1)/fail(0): 1,	 time: 0.08310937881469727
Method: CudaSharedMemory    , dims: (832, 832, 832)     , pass(1)/fail(0): 1,	 time: 0.020779132843017578
Method: Numpy               , dims: (896, 896, 896)     , pass(1)/fail(0): 1,	 time: 0.0173490047454834
Method: JitNumpy            , dims: (896, 896, 896)     , pass(1)/fail(0): 1,	 time: 0.01662421226501465
Method: CudaGlobalMemory    , dims: (896, 896, 896)     , pass(1)/fail(0): 1,	 time: 0.10040140151977539
Method: CudaSharedMemory    , dims: (896, 896, 896)     , pass(1)/fail(0): 1,	 time: 0.025441884994506836
Method: Numpy               , dims: (960, 960, 960)     , pass(1)/fail(0): 1,	 time: 0.02083110809326172
Method: JitNumpy            , dims: (960, 960, 960)     , pass(1)/fail(0): 1,	 time: 0.020567655563354492
Method: CudaGlobalMemory    , dims: (960, 960, 960)     , pass(1)/fail(0): 1,	 time: 0.11255073547363281
Method: CudaSharedMemory    , dims: (960, 960, 960)     , pass(1)/fail(0): 1,	 time: 0.03426527976989746
Method: Numpy               , dims: (1024, 1024, 1024)  , pass(1)/fail(0): 1,	 time: 0.025655031204223633
Method: JitNumpy            , dims: (1024, 1024, 1024)  , pass(1)/fail(0): 1,	 time: 0.025131940841674805
Method: CudaGlobalMemory    , dims: (1024, 1024, 1024)  , pass(1)/fail(0): 1,	 time: 0.12482905387878418
Method: CudaSharedMemory    , dims: (1024, 1024, 1024)  , pass(1)/fail(0): 1,	 time: 0.03644609451293945
Method: Numpy               , dims: (1088, 1088, 1088)  , pass(1)/fail(0): 1,	 time: 0.03080296516418457
Method: JitNumpy            , dims: (1088, 1088, 1088)  , pass(1)/fail(0): 1,	 time: 0.029949188232421875
Method: CudaGlobalMemory    , dims: (1088, 1088, 1088)  , pass(1)/fail(0): 1,	 time: 0.13688945770263672
Method: CudaSharedMemory    , dims: (1088, 1088, 1088)  , pass(1)/fail(0): 1,	 time: 0.043412208557128906
Method: Numpy               , dims: (1152, 1152, 1152)  , pass(1)/fail(0): 1,	 time: 0.03586578369140625
Method: JitNumpy            , dims: (1152, 1152, 1152)  , pass(1)/fail(0): 1,	 time: 0.03503108024597168
Method: CudaGlobalMemory    , dims: (1152, 1152, 1152)  , pass(1)/fail(0): 1,	 time: 0.16152167320251465
Method: CudaSharedMemory    , dims: (1152, 1152, 1152)  , pass(1)/fail(0): 1,	 time: 0.05074119567871094
Method: Numpy               , dims: (1216, 1216, 1216)  , pass(1)/fail(0): 1,	 time: 0.04146933555603027
Method: JitNumpy            , dims: (1216, 1216, 1216)  , pass(1)/fail(0): 1,	 time: 0.04093432426452637
Method: CudaGlobalMemory    , dims: (1216, 1216, 1216)  , pass(1)/fail(0): 1,	 time: 0.1827559471130371
Method: CudaSharedMemory    , dims: (1216, 1216, 1216)  , pass(1)/fail(0): 1,	 time: 0.0635685920715332
Method: Numpy               , dims: (1280, 1280, 1280)  , pass(1)/fail(0): 1,	 time: 0.04855155944824219
Method: JitNumpy            , dims: (1280, 1280, 1280)  , pass(1)/fail(0): 1,	 time: 0.04742312431335449
Method: CudaGlobalMemory    , dims: (1280, 1280, 1280)  , pass(1)/fail(0): 1,	 time: 0.2130143642425537
Method: CudaSharedMemory    , dims: (1280, 1280, 1280)  , pass(1)/fail(0): 1,	 time: 0.0678703784942627
Method: Numpy               , dims: (1344, 1344, 1344)  , pass(1)/fail(0): 1,	 time: 0.05586981773376465
Method: JitNumpy            , dims: (1344, 1344, 1344)  , pass(1)/fail(0): 1,	 time: 0.05463886260986328
Method: CudaGlobalMemory    , dims: (1344, 1344, 1344)  , pass(1)/fail(0): 1,	 time: 0.25127291679382324
Method: CudaSharedMemory    , dims: (1344, 1344, 1344)  , pass(1)/fail(0): 1,	 time: 0.07793378829956055
Method: Numpy               , dims: (1408, 1408, 1408)  , pass(1)/fail(0): 1,	 time: 0.06421065330505371
Method: JitNumpy            , dims: (1408, 1408, 1408)  , pass(1)/fail(0): 1,	 time: 0.0632321834564209
Method: CudaGlobalMemory    , dims: (1408, 1408, 1408)  , pass(1)/fail(0): 1,	 time: 0.28174567222595215
Method: CudaSharedMemory    , dims: (1408, 1408, 1408)  , pass(1)/fail(0): 1,	 time: 0.09559011459350586
Method: Numpy               , dims: (1472, 1472, 1472)  , pass(1)/fail(0): 1,	 time: 0.07213020324707031
Method: JitNumpy            , dims: (1472, 1472, 1472)  , pass(1)/fail(0): 1,	 time: 0.07222509384155273
Method: CudaGlobalMemory    , dims: (1472, 1472, 1472)  , pass(1)/fail(0): 1,	 time: 0.3209216594696045
Method: CudaSharedMemory    , dims: (1472, 1472, 1472)  , pass(1)/fail(0): 1,	 time: 0.1012411117553711
Method: Numpy               , dims: (1536, 1536, 1536)  , pass(1)/fail(0): 1,	 time: 0.08149313926696777
Method: JitNumpy            , dims: (1536, 1536, 1536)  , pass(1)/fail(0): 1,	 time: 0.0821981430053711
Method: CudaGlobalMemory    , dims: (1536, 1536, 1536)  , pass(1)/fail(0): 1,	 time: 0.36393094062805176
Method: CudaSharedMemory    , dims: (1536, 1536, 1536)  , pass(1)/fail(0): 1,	 time: 0.11362242698669434
Method: Numpy               , dims: (1600, 1600, 1600)  , pass(1)/fail(0): 1,	 time: 0.09227180480957031
Method: JitNumpy            , dims: (1600, 1600, 1600)  , pass(1)/fail(0): 1,	 time: 0.09192562103271484
Method: CudaGlobalMemory    , dims: (1600, 1600, 1600)  , pass(1)/fail(0): 1,	 time: 0.4211902618408203
Method: CudaSharedMemory    , dims: (1600, 1600, 1600)  , pass(1)/fail(0): 1,	 time: 0.12810230255126953
Method: Numpy               , dims: (1664, 1664, 1664)  , pass(1)/fail(0): 1,	 time: 0.10531044006347656
Method: JitNumpy            , dims: (1664, 1664, 1664)  , pass(1)/fail(0): 1,	 time: 0.1032400131225586
Method: CudaGlobalMemory    , dims: (1664, 1664, 1664)  , pass(1)/fail(0): 1,	 time: 0.4619932174682617
Method: CudaSharedMemory    , dims: (1664, 1664, 1664)  , pass(1)/fail(0): 1,	 time: 0.15274906158447266
Method: Numpy               , dims: (1728, 1728, 1728)  , pass(1)/fail(0): 1,	 time: 0.11469745635986328
Method: JitNumpy            , dims: (1728, 1728, 1728)  , pass(1)/fail(0): 1,	 time: 0.11528372764587402
Method: CudaGlobalMemory    , dims: (1728, 1728, 1728)  , pass(1)/fail(0): 1,	 time: 0.5163571834564209
Method: CudaSharedMemory    , dims: (1728, 1728, 1728)  , pass(1)/fail(0): 1,	 time: 0.159881591796875
Method: Numpy               , dims: (1792, 1792, 1792)  , pass(1)/fail(0): 1,	 time: 0.13097786903381348
Method: JitNumpy            , dims: (1792, 1792, 1792)  , pass(1)/fail(0): 1,	 time: 0.12809538841247559
Method: CudaGlobalMemory    , dims: (1792, 1792, 1792)  , pass(1)/fail(0): 1,	 time: 0.5761163234710693
Method: CudaSharedMemory    , dims: (1792, 1792, 1792)  , pass(1)/fail(0): 1,	 time: 0.17788267135620117
Method: Numpy               , dims: (1856, 1856, 1856)  , pass(1)/fail(0): 1,	 time: 0.14677071571350098
Method: JitNumpy            , dims: (1856, 1856, 1856)  , pass(1)/fail(0): 1,	 time: 0.14307451248168945
Method: CudaGlobalMemory    , dims: (1856, 1856, 1856)  , pass(1)/fail(0): 1,	 time: 0.650825023651123
Method: CudaSharedMemory    , dims: (1856, 1856, 1856)  , pass(1)/fail(0): 1,	 time: 0.1967175006866455
Method: Numpy               , dims: (1920, 1920, 1920)  , pass(1)/fail(0): 1,	 time: 0.1603093147277832
Method: JitNumpy            , dims: (1920, 1920, 1920)  , pass(1)/fail(0): 1,	 time: 0.15713977813720703
Method: CudaGlobalMemory    , dims: (1920, 1920, 1920)  , pass(1)/fail(0): 1,	 time: 0.7082891464233398
Method: CudaSharedMemory    , dims: (1920, 1920, 1920)  , pass(1)/fail(0): 1,	 time: 0.22890424728393555
Method: Numpy               , dims: (1984, 1984, 1984)  , pass(1)/fail(0): 1,	 time: 0.1756908893585205
Method: JitNumpy            , dims: (1984, 1984, 1984)  , pass(1)/fail(0): 1,	 time: 0.17551136016845703
Method: CudaGlobalMemory    , dims: (1984, 1984, 1984)  , pass(1)/fail(0): 1,	 time: 0.7816553115844727
Method: CudaSharedMemory    , dims: (1984, 1984, 1984)  , pass(1)/fail(0): 1,	 time: 0.23935437202453613
Method: Numpy               , dims: (2048, 2048, 2048)  , pass(1)/fail(0): 1,	 time: 0.1974012851715088
Method: JitNumpy            , dims: (2048, 2048, 2048)  , pass(1)/fail(0): 1,	 time: 0.19485878944396973
Method: CudaGlobalMemory    , dims: (2048, 2048, 2048)  , pass(1)/fail(0): 1,	 time: 0.8730442523956299
Method: CudaSharedMemory    , dims: (2048, 2048, 2048)  , pass(1)/fail(0): 1,	 time: 0.2624802589416504
Method: Numpy               , dims: (2112, 2112, 2112)  , pass(1)/fail(0): 1,	 time: 0.21227717399597168
Method: JitNumpy            , dims: (2112, 2112, 2112)  , pass(1)/fail(0): 1,	 time: 0.21070027351379395
Method: CudaGlobalMemory    , dims: (2112, 2112, 2112)  , pass(1)/fail(0): 1,	 time: 0.9420926570892334
Method: CudaSharedMemory    , dims: (2112, 2112, 2112)  , pass(1)/fail(0): 1,	 time: 0.3015601634979248
Method: Numpy               , dims: (2176, 2176, 2176)  , pass(1)/fail(0): 1,	 time: 0.2317204475402832
Method: JitNumpy            , dims: (2176, 2176, 2176)  , pass(1)/fail(0): 1,	 time: 0.2306506633758545
Method: CudaGlobalMemory    , dims: (2176, 2176, 2176)  , pass(1)/fail(0): 1,	 time: 1.0309700965881348
Method: CudaSharedMemory    , dims: (2176, 2176, 2176)  , pass(1)/fail(0): 1,	 time: 0.31383252143859863
Method: Numpy               , dims: (2240, 2240, 2240)  , pass(1)/fail(0): 1,	 time: 0.2522304058074951
Method: JitNumpy            , dims: (2240, 2240, 2240)  , pass(1)/fail(0): 1,	 time: 0.2515718936920166
Method: CudaGlobalMemory    , dims: (2240, 2240, 2240)  , pass(1)/fail(0): 1,	 time: 1.1258597373962402
Method: CudaSharedMemory    , dims: (2240, 2240, 2240)  , pass(1)/fail(0): 1,	 time: 0.34244632720947266
Method: Numpy               , dims: (2304, 2304, 2304)  , pass(1)/fail(0): 1,	 time: 0.2730367183685303
Method: JitNumpy            , dims: (2304, 2304, 2304)  , pass(1)/fail(0): 1,	 time: 0.27132225036621094
Method: CudaGlobalMemory    , dims: (2304, 2304, 2304)  , pass(1)/fail(0): 1,	 time: 1.2411882877349854
Method: CudaSharedMemory    , dims: (2304, 2304, 2304)  , pass(1)/fail(0): 1,	 time: 0.37134265899658203
Method: Numpy               , dims: (2368, 2368, 2368)  , pass(1)/fail(0): 1,	 time: 0.2978384494781494
Method: JitNumpy            , dims: (2368, 2368, 2368)  , pass(1)/fail(0): 1,	 time: 0.29749321937561035
Method: CudaGlobalMemory    , dims: (2368, 2368, 2368)  , pass(1)/fail(0): 1,	 time: 1.3296802043914795
Method: CudaSharedMemory    , dims: (2368, 2368, 2368)  , pass(1)/fail(0): 1,	 time: 0.4205613136291504
Method: Numpy               , dims: (2432, 2432, 2432)  , pass(1)/fail(0): 1,	 time: 0.3220977783203125
Method: JitNumpy            , dims: (2432, 2432, 2432)  , pass(1)/fail(0): 1,	 time: 0.3221433162689209
Method: CudaGlobalMemory    , dims: (2432, 2432, 2432)  , pass(1)/fail(0): 1,	 time: 1.4374473094940186
Method: CudaSharedMemory    , dims: (2432, 2432, 2432)  , pass(1)/fail(0): 1,	 time: 0.4355649948120117
Method: Numpy               , dims: (2496, 2496, 2496)  , pass(1)/fail(0): 1,	 time: 0.3477010726928711
Method: JitNumpy            , dims: (2496, 2496, 2496)  , pass(1)/fail(0): 1,	 time: 0.3476254940032959
Method: CudaGlobalMemory    , dims: (2496, 2496, 2496)  , pass(1)/fail(0): 1,	 time: 1.5565259456634521
Method: CudaSharedMemory    , dims: (2496, 2496, 2496)  , pass(1)/fail(0): 1,	 time: 0.4700789451599121
Method: Numpy               , dims: (2560, 2560, 2560)  , pass(1)/fail(0): 1,	 time: 0.37780022621154785
Method: JitNumpy            , dims: (2560, 2560, 2560)  , pass(1)/fail(0): 1,	 time: 0.37873029708862305
Method: CudaGlobalMemory    , dims: (2560, 2560, 2560)  , pass(1)/fail(0): 1,	 time: 1.6957495212554932
Method: CudaSharedMemory    , dims: (2560, 2560, 2560)  , pass(1)/fail(0): 1,	 time: 0.5067234039306641
Method: Numpy               , dims: (2624, 2624, 2624)  , pass(1)/fail(0): 1,	 time: 0.403672456741333
Method: JitNumpy            , dims: (2624, 2624, 2624)  , pass(1)/fail(0): 1,	 time: 0.40308475494384766
Method: CudaGlobalMemory    , dims: (2624, 2624, 2624)  , pass(1)/fail(0): 1,	 time: 1.8083784580230713
Method: CudaSharedMemory    , dims: (2624, 2624, 2624)  , pass(1)/fail(0): 1,	 time: 0.5681579113006592
Method: Numpy               , dims: (2688, 2688, 2688)  , pass(1)/fail(0): 1,	 time: 0.43192577362060547
Method: JitNumpy            , dims: (2688, 2688, 2688)  , pass(1)/fail(0): 1,	 time: 0.4316551685333252
Method: CudaGlobalMemory    , dims: (2688, 2688, 2688)  , pass(1)/fail(0): 1,	 time: 1.9400651454925537
Method: CudaSharedMemory    , dims: (2688, 2688, 2688)  , pass(1)/fail(0): 1,	 time: 0.5863630771636963
Method: Numpy               , dims: (2752, 2752, 2752)  , pass(1)/fail(0): 1,	 time: 0.46535229682922363
Method: JitNumpy            , dims: (2752, 2752, 2752)  , pass(1)/fail(0): 1,	 time: 0.46515345573425293
Method: CudaGlobalMemory    , dims: (2752, 2752, 2752)  , pass(1)/fail(0): 1,	 time: 2.1098384857177734
Method: CudaSharedMemory    , dims: (2752, 2752, 2752)  , pass(1)/fail(0): 1,	 time: 0.6279013156890869
Method: Numpy               , dims: (2816, 2816, 2816)  , pass(1)/fail(0): 1,	 time: 0.49898624420166016
Method: JitNumpy            , dims: (2816, 2816, 2816)  , pass(1)/fail(0): 1,	 time: 0.49690961837768555
Method: CudaGlobalMemory    , dims: (2816, 2816, 2816)  , pass(1)/fail(0): 1,	 time: 2.2303807735443115
Method: CudaSharedMemory    , dims: (2816, 2816, 2816)  , pass(1)/fail(0): 1,	 time: 0.6973576545715332
Method: Numpy               , dims: (2880, 2880, 2880)  , pass(1)/fail(0): 1,	 time: 0.5319926738739014
Method: JitNumpy            , dims: (2880, 2880, 2880)  , pass(1)/fail(0): 1,	 time: 0.5315093994140625
Method: CudaGlobalMemory    , dims: (2880, 2880, 2880)  , pass(1)/fail(0): 1,	 time: 2.3897604942321777
Method: CudaSharedMemory    , dims: (2880, 2880, 2880)  , pass(1)/fail(0): 1,	 time: 0.7189450263977051
Method: Numpy               , dims: (2944, 2944, 2944)  , pass(1)/fail(0): 1,	 time: 0.5740349292755127
Method: JitNumpy            , dims: (2944, 2944, 2944)  , pass(1)/fail(0): 1,	 time: 0.5656061172485352
Method: CudaGlobalMemory    , dims: (2944, 2944, 2944)  , pass(1)/fail(0): 1,	 time: 2.553042411804199
Method: CudaSharedMemory    , dims: (2944, 2944, 2944)  , pass(1)/fail(0): 1,	 time: 0.7668886184692383
Method: Numpy               , dims: (3008, 3008, 3008)  , pass(1)/fail(0): 1,	 time: 0.6083924770355225
Method: JitNumpy            , dims: (3008, 3008, 3008)  , pass(1)/fail(0): 1,	 time: 0.60221266746521
Method: CudaGlobalMemory    , dims: (3008, 3008, 3008)  , pass(1)/fail(0): 1,	 time: 2.744931221008301
Method: CudaSharedMemory    , dims: (3008, 3008, 3008)  , pass(1)/fail(0): 1,	 time: 0.8174951076507568
Method: Numpy               , dims: (3072, 3072, 3072)  , pass(1)/fail(0): 1,	 time: 0.6524670124053955
Method: JitNumpy            , dims: (3072, 3072, 3072)  , pass(1)/fail(0): 1,	 time: 0.6486859321594238
Method: CudaGlobalMemory    , dims: (3072, 3072, 3072)  , pass(1)/fail(0): 1,	 time: 2.89945912361145
Method: CudaSharedMemory    , dims: (3072, 3072, 3072)  , pass(1)/fail(0): 1,	 time: 0.9010426998138428
Method: Numpy               , dims: (3136, 3136, 3136)  , pass(1)/fail(0): 1,	 time: 0.6923034191131592
Method: JitNumpy            , dims: (3136, 3136, 3136)  , pass(1)/fail(0): 1,	 time: 0.6850404739379883
Method: CudaGlobalMemory    , dims: (3136, 3136, 3136)  , pass(1)/fail(0): 1,	 time: 3.075021505355835
Method: CudaSharedMemory    , dims: (3136, 3136, 3136)  , pass(1)/fail(0): 1,	 time: 0.9245600700378418
Method: Numpy               , dims: (3200, 3200, 3200)  , pass(1)/fail(0): 1,	 time: 0.7346484661102295
Method: JitNumpy            , dims: (3200, 3200, 3200)  , pass(1)/fail(0): 1,	 time: 0.722139835357666
Method: CudaGlobalMemory    , dims: (3200, 3200, 3200)  , pass(1)/fail(0): 1,	 time: 3.2750275135040283
Method: CudaSharedMemory    , dims: (3200, 3200, 3200)  , pass(1)/fail(0): 1,	 time: 0.9822461605072021
Method: Numpy               , dims: (3264, 3264, 3264)  , pass(1)/fail(0): 1,	 time: 0.7771148681640625
Method: JitNumpy            , dims: (3264, 3264, 3264)  , pass(1)/fail(0): 1,	 time: 0.7647294998168945
Method: CudaGlobalMemory    , dims: (3264, 3264, 3264)  , pass(1)/fail(0): 1,	 time: 3.499358892440796
Method: CudaSharedMemory    , dims: (3264, 3264, 3264)  , pass(1)/fail(0): 1,	 time: 1.0416169166564941
Method: Numpy               , dims: (3328, 3328, 3328)  , pass(1)/fail(0): 1,	 time: 0.8234884738922119
Method: JitNumpy            , dims: (3328, 3328, 3328)  , pass(1)/fail(0): 1,	 time: 0.8144774436950684
Method: CudaGlobalMemory    , dims: (3328, 3328, 3328)  , pass(1)/fail(0): 1,	 time: 3.689622402191162
Method: CudaSharedMemory    , dims: (3328, 3328, 3328)  , pass(1)/fail(0): 1,	 time: 1.1377031803131104
Method: Numpy               , dims: (3392, 3392, 3392)  , pass(1)/fail(0): 1,	 time: 0.8702828884124756
Method: JitNumpy            , dims: (3392, 3392, 3392)  , pass(1)/fail(0): 1,	 time: 0.8651292324066162
Method: CudaGlobalMemory    , dims: (3392, 3392, 3392)  , pass(1)/fail(0): 1,	 time: 3.894834041595459
Method: CudaSharedMemory    , dims: (3392, 3392, 3392)  , pass(1)/fail(0): 1,	 time: 1.1678519248962402
Method: Numpy               , dims: (3456, 3456, 3456)  , pass(1)/fail(0): 1,	 time: 0.9199762344360352
Method: JitNumpy            , dims: (3456, 3456, 3456)  , pass(1)/fail(0): 1,	 time: 0.9104864597320557
Method: CudaGlobalMemory    , dims: (3456, 3456, 3456)  , pass(1)/fail(0): 1,	 time: 4.167409658432007
Method: CudaSharedMemory    , dims: (3456, 3456, 3456)  , pass(1)/fail(0): 1,	 time: 1.2360002994537354
Method: Numpy               , dims: (3520, 3520, 3520)  , pass(1)/fail(0): 1,	 time: 0.9736030101776123
Method: JitNumpy            , dims: (3520, 3520, 3520)  , pass(1)/fail(0): 1,	 time: 0.970693826675415
Method: CudaGlobalMemory    , dims: (3520, 3520, 3520)  , pass(1)/fail(0): 1,	 time: 4.3557798862457275
Method: CudaSharedMemory    , dims: (3520, 3520, 3520)  , pass(1)/fail(0): 1,	 time: 1.3436074256896973
Method: Numpy               , dims: (3584, 3584, 3584)  , pass(1)/fail(0): 1,	 time: 1.0285370349884033
Method: JitNumpy            , dims: (3584, 3584, 3584)  , pass(1)/fail(0): 1,	 time: 1.0188624858856201
Method: CudaGlobalMemory    , dims: (3584, 3584, 3584)  , pass(1)/fail(0): 1,	 time: 4.597121238708496
Method: CudaSharedMemory    , dims: (3584, 3584, 3584)  , pass(1)/fail(0): 1,	 time: 1.3756835460662842
Method: Numpy               , dims: (3648, 3648, 3648)  , pass(1)/fail(0): 1,	 time: 1.072329044342041
Method: JitNumpy            , dims: (3648, 3648, 3648)  , pass(1)/fail(0): 1,	 time: 1.0683331489562988
Method: CudaGlobalMemory    , dims: (3648, 3648, 3648)  , pass(1)/fail(0): 1,	 time: 4.852572679519653
Method: CudaSharedMemory    , dims: (3648, 3648, 3648)  , pass(1)/fail(0): 1,	 time: 1.4498772621154785
Method: Numpy               , dims: (3712, 3712, 3712)  , pass(1)/fail(0): 1,	 time: 1.1299712657928467
Method: JitNumpy            , dims: (3712, 3712, 3712)  , pass(1)/fail(0): 1,	 time: 1.130756139755249
Method: CudaGlobalMemory    , dims: (3712, 3712, 3712)  , pass(1)/fail(0): 1,	 time: 5.1467509269714355
Method: CudaSharedMemory    , dims: (3712, 3712, 3712)  , pass(1)/fail(0): 1,	 time: 1.5275964736938477
Method: Numpy               , dims: (3776, 3776, 3776)  , pass(1)/fail(0): 1,	 time: 1.1937172412872314
Method: JitNumpy            , dims: (3776, 3776, 3776)  , pass(1)/fail(0): 1,	 time: 1.1860911846160889
Method: CudaGlobalMemory    , dims: (3776, 3776, 3776)  , pass(1)/fail(0): 1,	 time: 5.382230758666992
Method: CudaSharedMemory    , dims: (3776, 3776, 3776)  , pass(1)/fail(0): 1,	 time: 1.6521885395050049
Method: Numpy               , dims: (3840, 3840, 3840)  , pass(1)/fail(0): 1,	 time: 1.251880168914795
Method: JitNumpy            , dims: (3840, 3840, 3840)  , pass(1)/fail(0): 1,	 time: 1.2441468238830566
Method: CudaGlobalMemory    , dims: (3840, 3840, 3840)  , pass(1)/fail(0): 1,	 time: 5.648070335388184
Method: CudaSharedMemory    , dims: (3840, 3840, 3840)  , pass(1)/fail(0): 1,	 time: 1.6913037300109863
Method: Numpy               , dims: (3904, 3904, 3904)  , pass(1)/fail(0): 1,	 time: 1.319150447845459
Method: JitNumpy            , dims: (3904, 3904, 3904)  , pass(1)/fail(0): 1,	 time: 1.3171992301940918
Method: CudaGlobalMemory    , dims: (3904, 3904, 3904)  , pass(1)/fail(0): 1,	 time: 5.9508562088012695
Method: CudaSharedMemory    , dims: (3904, 3904, 3904)  , pass(1)/fail(0): 1,	 time: 1.7763433456420898
Method: Numpy               , dims: (3968, 3968, 3968)  , pass(1)/fail(0): 1,	 time: 1.3789494037628174
Method: JitNumpy            , dims: (3968, 3968, 3968)  , pass(1)/fail(0): 1,	 time: 1.3707714080810547
Method: CudaGlobalMemory    , dims: (3968, 3968, 3968)  , pass(1)/fail(0): 1,	 time: 6.27848482131958
Method: CudaSharedMemory    , dims: (3968, 3968, 3968)  , pass(1)/fail(0): 1,	 time: 1.862334966659546
Method: Numpy               , dims: (4032, 4032, 4032)  , pass(1)/fail(0): 1,	 time: 1.4526658058166504
Method: JitNumpy            , dims: (4032, 4032, 4032)  , pass(1)/fail(0): 1,	 time: 1.4431076049804688
Method: CudaGlobalMemory    , dims: (4032, 4032, 4032)  , pass(1)/fail(0): 1,	 time: 6.561554431915283
Method: CudaSharedMemory    , dims: (4032, 4032, 4032)  , pass(1)/fail(0): 1,	 time: 2.0053305625915527
Method: Numpy               , dims: (4096, 4096, 4096)  , pass(1)/fail(0): 1,	 time: 1.530639886856079
Method: JitNumpy            , dims: (4096, 4096, 4096)  , pass(1)/fail(0): 1,	 time: 1.525663137435913
Method: CudaGlobalMemory    , dims: (4096, 4096, 4096)  , pass(1)/fail(0): 1,	 time: 6.865173578262329
Method: CudaSharedMemory    , dims: (4096, 4096, 4096)  , pass(1)/fail(0): 1,	 time: 2.0468459129333496
