Device name: b'Tesla K80'
Compute capability: (3, 7)
Total global memory (GB): 11.173095703125
Free global memory (GB): 11.115966796875
Used global memory (GB): 0.05712890625
Max threads per block: 1024
Max block dimensions: x=1024, y=1024, z=64
Max grid dimensions: x=2147483647, y=65535, z=65535
Max shared memory per block (KB): 48.0
Method: Numpy               , dims: (64, 64, 64)        , pass(1)/fail(0): 1,	 time: 4.410743713378906e-05
Method: CudaGlobalMemory    , dims: (64, 64, 64)        , pass(1)/fail(0): 1,	 time: 0.0020275115966796875
Method: CudaSharedMemory    , dims: (64, 64, 64)        , pass(1)/fail(0): 1,	 time: 0.0018436908721923828
Method: Numpy               , dims: (128, 128, 128)     , pass(1)/fail(0): 1,	 time: 9.870529174804688e-05
Method: CudaGlobalMemory    , dims: (128, 128, 128)     , pass(1)/fail(0): 1,	 time: 0.002234935760498047
Method: CudaSharedMemory    , dims: (128, 128, 128)     , pass(1)/fail(0): 1,	 time: 0.0016796588897705078
Method: Numpy               , dims: (192, 192, 192)     , pass(1)/fail(0): 1,	 time: 0.00026345252990722656
Method: CudaGlobalMemory    , dims: (192, 192, 192)     , pass(1)/fail(0): 1,	 time: 0.0032782554626464844
Method: CudaSharedMemory    , dims: (192, 192, 192)     , pass(1)/fail(0): 1,	 time: 0.001874685287475586
Method: Numpy               , dims: (256, 256, 256)     , pass(1)/fail(0): 1,	 time: 0.0005726814270019531
Method: CudaGlobalMemory    , dims: (256, 256, 256)     , pass(1)/fail(0): 1,	 time: 0.00473332405090332
Method: CudaSharedMemory    , dims: (256, 256, 256)     , pass(1)/fail(0): 1,	 time: 0.0027861595153808594
Method: Numpy               , dims: (320, 320, 320)     , pass(1)/fail(0): 1,	 time: 0.0009922981262207031
Method: CudaGlobalMemory    , dims: (320, 320, 320)     , pass(1)/fail(0): 1,	 time: 0.007425546646118164
Method: CudaSharedMemory    , dims: (320, 320, 320)     , pass(1)/fail(0): 1,	 time: 0.003100156784057617
Method: Numpy               , dims: (384, 384, 384)     , pass(1)/fail(0): 1,	 time: 0.0016434192657470703
Method: CudaGlobalMemory    , dims: (384, 384, 384)     , pass(1)/fail(0): 1,	 time: 0.01122903823852539
Method: CudaSharedMemory    , dims: (384, 384, 384)     , pass(1)/fail(0): 1,	 time: 0.0044209957122802734
Method: Numpy               , dims: (448, 448, 448)     , pass(1)/fail(0): 1,	 time: 0.0025742053985595703
Method: CudaGlobalMemory    , dims: (448, 448, 448)     , pass(1)/fail(0): 1,	 time: 0.017965078353881836
Method: CudaSharedMemory    , dims: (448, 448, 448)     , pass(1)/fail(0): 1,	 time: 0.005697727203369141
Method: Numpy               , dims: (512, 512, 512)     , pass(1)/fail(0): 1,	 time: 0.0037217140197753906
Method: CudaGlobalMemory    , dims: (512, 512, 512)     , pass(1)/fail(0): 1,	 time: 0.023433685302734375
Method: CudaSharedMemory    , dims: (512, 512, 512)     , pass(1)/fail(0): 1,	 time: 0.008756875991821289
Method: Numpy               , dims: (576, 576, 576)     , pass(1)/fail(0): 1,	 time: 0.005044460296630859
Method: CudaGlobalMemory    , dims: (576, 576, 576)     , pass(1)/fail(0): 1,	 time: 0.03229045867919922
Method: CudaSharedMemory    , dims: (576, 576, 576)     , pass(1)/fail(0): 1,	 time: 0.009076833724975586
Method: Numpy               , dims: (640, 640, 640)     , pass(1)/fail(0): 1,	 time: 0.0068209171295166016
Method: CudaGlobalMemory    , dims: (640, 640, 640)     , pass(1)/fail(0): 1,	 time: 0.04565548896789551
Method: CudaSharedMemory    , dims: (640, 640, 640)     , pass(1)/fail(0): 1,	 time: 0.01126241683959961
Method: Numpy               , dims: (704, 704, 704)     , pass(1)/fail(0): 1,	 time: 0.008925914764404297
Method: CudaGlobalMemory    , dims: (704, 704, 704)     , pass(1)/fail(0): 1,	 time: 0.05625033378601074
Method: CudaSharedMemory    , dims: (704, 704, 704)     , pass(1)/fail(0): 1,	 time: 0.016544342041015625
Method: Numpy               , dims: (768, 768, 768)     , pass(1)/fail(0): 1,	 time: 0.011408329010009766
Method: CudaGlobalMemory    , dims: (768, 768, 768)     , pass(1)/fail(0): 1,	 time: 0.06753015518188477
Method: CudaSharedMemory    , dims: (768, 768, 768)     , pass(1)/fail(0): 1,	 time: 0.01745748519897461
Method: Numpy               , dims: (832, 832, 832)     , pass(1)/fail(0): 1,	 time: 0.014202117919921875
Method: CudaGlobalMemory    , dims: (832, 832, 832)     , pass(1)/fail(0): 1,	 time: 0.08281970024108887
Method: CudaSharedMemory    , dims: (832, 832, 832)     , pass(1)/fail(0): 1,	 time: 0.021356582641601562
Method: Numpy               , dims: (896, 896, 896)     , pass(1)/fail(0): 1,	 time: 0.017639875411987305
Method: CudaGlobalMemory    , dims: (896, 896, 896)     , pass(1)/fail(0): 1,	 time: 0.09961652755737305
Method: CudaSharedMemory    , dims: (896, 896, 896)     , pass(1)/fail(0): 1,	 time: 0.026223182678222656
Method: Numpy               , dims: (960, 960, 960)     , pass(1)/fail(0): 1,	 time: 0.020752906799316406
Method: CudaGlobalMemory    , dims: (960, 960, 960)     , pass(1)/fail(0): 1,	 time: 0.11186981201171875
Method: CudaSharedMemory    , dims: (960, 960, 960)     , pass(1)/fail(0): 1,	 time: 0.03417015075683594
Method: Numpy               , dims: (1024, 1024, 1024)  , pass(1)/fail(0): 1,	 time: 0.025387287139892578
Method: CudaGlobalMemory    , dims: (1024, 1024, 1024)  , pass(1)/fail(0): 1,	 time: 0.12419772148132324
Method: CudaSharedMemory    , dims: (1024, 1024, 1024)  , pass(1)/fail(0): 1,	 time: 0.036107540130615234
Method: Numpy               , dims: (1088, 1088, 1088)  , pass(1)/fail(0): 1,	 time: 0.03036355972290039
Method: CudaGlobalMemory    , dims: (1088, 1088, 1088)  , pass(1)/fail(0): 1,	 time: 0.13679909706115723
Method: CudaSharedMemory    , dims: (1088, 1088, 1088)  , pass(1)/fail(0): 1,	 time: 0.0432436466217041
Method: Numpy               , dims: (1152, 1152, 1152)  , pass(1)/fail(0): 1,	 time: 0.03583502769470215
Method: CudaGlobalMemory    , dims: (1152, 1152, 1152)  , pass(1)/fail(0): 1,	 time: 0.16116547584533691
Method: CudaSharedMemory    , dims: (1152, 1152, 1152)  , pass(1)/fail(0): 1,	 time: 0.05074954032897949
Method: Numpy               , dims: (1216, 1216, 1216)  , pass(1)/fail(0): 1,	 time: 0.04149174690246582
Method: CudaGlobalMemory    , dims: (1216, 1216, 1216)  , pass(1)/fail(0): 1,	 time: 0.18244504928588867
Method: CudaSharedMemory    , dims: (1216, 1216, 1216)  , pass(1)/fail(0): 1,	 time: 0.06373071670532227
Method: Numpy               , dims: (1280, 1280, 1280)  , pass(1)/fail(0): 1,	 time: 0.04862570762634277
Method: CudaGlobalMemory    , dims: (1280, 1280, 1280)  , pass(1)/fail(0): 1,	 time: 0.21222949028015137
Method: CudaSharedMemory    , dims: (1280, 1280, 1280)  , pass(1)/fail(0): 1,	 time: 0.06823015213012695
Method: Numpy               , dims: (1344, 1344, 1344)  , pass(1)/fail(0): 1,	 time: 0.05583906173706055
Method: CudaGlobalMemory    , dims: (1344, 1344, 1344)  , pass(1)/fail(0): 1,	 time: 0.2511138916015625
Method: CudaSharedMemory    , dims: (1344, 1344, 1344)  , pass(1)/fail(0): 1,	 time: 0.07853889465332031
Method: Numpy               , dims: (1408, 1408, 1408)  , pass(1)/fail(0): 1,	 time: 0.06396317481994629
Method: CudaGlobalMemory    , dims: (1408, 1408, 1408)  , pass(1)/fail(0): 1,	 time: 0.2814943790435791
Method: CudaSharedMemory    , dims: (1408, 1408, 1408)  , pass(1)/fail(0): 1,	 time: 0.09555387496948242
Method: Numpy               , dims: (1472, 1472, 1472)  , pass(1)/fail(0): 1,	 time: 0.07323336601257324
Method: CudaGlobalMemory    , dims: (1472, 1472, 1472)  , pass(1)/fail(0): 1,	 time: 0.32096123695373535
Method: CudaSharedMemory    , dims: (1472, 1472, 1472)  , pass(1)/fail(0): 1,	 time: 0.10090923309326172
Method: Numpy               , dims: (1536, 1536, 1536)  , pass(1)/fail(0): 1,	 time: 0.08424925804138184
Method: CudaGlobalMemory    , dims: (1536, 1536, 1536)  , pass(1)/fail(0): 1,	 time: 0.36409521102905273
Method: CudaSharedMemory    , dims: (1536, 1536, 1536)  , pass(1)/fail(0): 1,	 time: 0.11393404006958008
Method: Numpy               , dims: (1600, 1600, 1600)  , pass(1)/fail(0): 1,	 time: 0.09393668174743652
Method: CudaGlobalMemory    , dims: (1600, 1600, 1600)  , pass(1)/fail(0): 1,	 time: 0.41952991485595703
Method: CudaSharedMemory    , dims: (1600, 1600, 1600)  , pass(1)/fail(0): 1,	 time: 0.12816524505615234
Method: Numpy               , dims: (1664, 1664, 1664)  , pass(1)/fail(0): 1,	 time: 0.10554957389831543
Method: CudaGlobalMemory    , dims: (1664, 1664, 1664)  , pass(1)/fail(0): 1,	 time: 0.461498498916626
Method: CudaSharedMemory    , dims: (1664, 1664, 1664)  , pass(1)/fail(0): 1,	 time: 0.15255165100097656
Method: Numpy               , dims: (1728, 1728, 1728)  , pass(1)/fail(0): 1,	 time: 0.1168062686920166
Method: CudaGlobalMemory    , dims: (1728, 1728, 1728)  , pass(1)/fail(0): 1,	 time: 0.5174925327301025
Method: CudaSharedMemory    , dims: (1728, 1728, 1728)  , pass(1)/fail(0): 1,	 time: 0.16043567657470703
Method: Numpy               , dims: (1792, 1792, 1792)  , pass(1)/fail(0): 1,	 time: 0.13040781021118164
Method: CudaGlobalMemory    , dims: (1792, 1792, 1792)  , pass(1)/fail(0): 1,	 time: 0.5768351554870605
Method: CudaSharedMemory    , dims: (1792, 1792, 1792)  , pass(1)/fail(0): 1,	 time: 0.17800593376159668
Method: Numpy               , dims: (1856, 1856, 1856)  , pass(1)/fail(0): 1,	 time: 0.14396882057189941
Method: CudaGlobalMemory    , dims: (1856, 1856, 1856)  , pass(1)/fail(0): 1,	 time: 0.651829719543457
Method: CudaSharedMemory    , dims: (1856, 1856, 1856)  , pass(1)/fail(0): 1,	 time: 0.19708037376403809
Method: Numpy               , dims: (1920, 1920, 1920)  , pass(1)/fail(0): 1,	 time: 0.15961384773254395
Method: CudaGlobalMemory    , dims: (1920, 1920, 1920)  , pass(1)/fail(0): 1,	 time: 0.7091553211212158
Method: CudaSharedMemory    , dims: (1920, 1920, 1920)  , pass(1)/fail(0): 1,	 time: 0.22916865348815918
Method: Numpy               , dims: (1984, 1984, 1984)  , pass(1)/fail(0): 1,	 time: 0.1770339012145996
Method: CudaGlobalMemory    , dims: (1984, 1984, 1984)  , pass(1)/fail(0): 1,	 time: 0.7819705009460449
Method: CudaSharedMemory    , dims: (1984, 1984, 1984)  , pass(1)/fail(0): 1,	 time: 0.23960065841674805
Method: Numpy               , dims: (2048, 2048, 2048)  , pass(1)/fail(0): 1,	 time: 0.19646191596984863
Method: CudaGlobalMemory    , dims: (2048, 2048, 2048)  , pass(1)/fail(0): 1,	 time: 0.87381911277771
Method: CudaSharedMemory    , dims: (2048, 2048, 2048)  , pass(1)/fail(0): 1,	 time: 0.2626938819885254
Method: Numpy               , dims: (2112, 2112, 2112)  , pass(1)/fail(0): 1,	 time: 0.2111058235168457
Method: CudaGlobalMemory    , dims: (2112, 2112, 2112)  , pass(1)/fail(0): 1,	 time: 0.9436953067779541
Method: CudaSharedMemory    , dims: (2112, 2112, 2112)  , pass(1)/fail(0): 1,	 time: 0.30214762687683105
Method: Numpy               , dims: (2176, 2176, 2176)  , pass(1)/fail(0): 1,	 time: 0.23171329498291016
Method: CudaGlobalMemory    , dims: (2176, 2176, 2176)  , pass(1)/fail(0): 1,	 time: 1.0317864418029785
Method: CudaSharedMemory    , dims: (2176, 2176, 2176)  , pass(1)/fail(0): 1,	 time: 0.3139948844909668
Method: Numpy               , dims: (2240, 2240, 2240)  , pass(1)/fail(0): 1,	 time: 0.2518308162689209
Method: CudaGlobalMemory    , dims: (2240, 2240, 2240)  , pass(1)/fail(0): 1,	 time: 1.1266357898712158
Method: CudaSharedMemory    , dims: (2240, 2240, 2240)  , pass(1)/fail(0): 1,	 time: 0.3414742946624756
Method: Numpy               , dims: (2304, 2304, 2304)  , pass(1)/fail(0): 1,	 time: 0.2730824947357178
Method: CudaGlobalMemory    , dims: (2304, 2304, 2304)  , pass(1)/fail(0): 1,	 time: 1.242469310760498
Method: CudaSharedMemory    , dims: (2304, 2304, 2304)  , pass(1)/fail(0): 1,	 time: 0.3867928981781006
Method: Numpy               , dims: (2368, 2368, 2368)  , pass(1)/fail(0): 1,	 time: 0.2978694438934326
Method: CudaGlobalMemory    , dims: (2368, 2368, 2368)  , pass(1)/fail(0): 1,	 time: 1.3312499523162842
Method: CudaSharedMemory    , dims: (2368, 2368, 2368)  , pass(1)/fail(0): 1,	 time: 0.4203529357910156
Method: Numpy               , dims: (2432, 2432, 2432)  , pass(1)/fail(0): 1,	 time: 0.32279467582702637
Method: CudaGlobalMemory    , dims: (2432, 2432, 2432)  , pass(1)/fail(0): 1,	 time: 1.4398436546325684
Method: CudaSharedMemory    , dims: (2432, 2432, 2432)  , pass(1)/fail(0): 1,	 time: 0.4361999034881592
Method: Numpy               , dims: (2496, 2496, 2496)  , pass(1)/fail(0): 1,	 time: 0.34746623039245605
Method: CudaGlobalMemory    , dims: (2496, 2496, 2496)  , pass(1)/fail(0): 1,	 time: 1.5583984851837158
Method: CudaSharedMemory    , dims: (2496, 2496, 2496)  , pass(1)/fail(0): 1,	 time: 0.4706709384918213
Method: Numpy               , dims: (2560, 2560, 2560)  , pass(1)/fail(0): 1,	 time: 0.3749072551727295
Method: CudaGlobalMemory    , dims: (2560, 2560, 2560)  , pass(1)/fail(0): 1,	 time: 1.6982712745666504
Method: CudaSharedMemory    , dims: (2560, 2560, 2560)  , pass(1)/fail(0): 1,	 time: 0.5072503089904785
Method: Numpy               , dims: (2624, 2624, 2624)  , pass(1)/fail(0): 1,	 time: 0.4034080505371094
Method: CudaGlobalMemory    , dims: (2624, 2624, 2624)  , pass(1)/fail(0): 1,	 time: 1.8111395835876465
Method: CudaSharedMemory    , dims: (2624, 2624, 2624)  , pass(1)/fail(0): 1,	 time: 0.5674562454223633
Method: Numpy               , dims: (2688, 2688, 2688)  , pass(1)/fail(0): 1,	 time: 0.431133508682251
Method: CudaGlobalMemory    , dims: (2688, 2688, 2688)  , pass(1)/fail(0): 1,	 time: 1.9411935806274414
Method: CudaSharedMemory    , dims: (2688, 2688, 2688)  , pass(1)/fail(0): 1,	 time: 0.5862810611724854
Method: Numpy               , dims: (2752, 2752, 2752)  , pass(1)/fail(0): 1,	 time: 0.4636087417602539
Method: CudaGlobalMemory    , dims: (2752, 2752, 2752)  , pass(1)/fail(0): 1,	 time: 2.114379405975342
Method: CudaSharedMemory    , dims: (2752, 2752, 2752)  , pass(1)/fail(0): 1,	 time: 0.6283555030822754
Method: Numpy               , dims: (2816, 2816, 2816)  , pass(1)/fail(0): 1,	 time: 0.4979426860809326
Method: CudaGlobalMemory    , dims: (2816, 2816, 2816)  , pass(1)/fail(0): 1,	 time: 2.2340080738067627
Method: CudaSharedMemory    , dims: (2816, 2816, 2816)  , pass(1)/fail(0): 1,	 time: 0.6982641220092773
Method: Numpy               , dims: (2880, 2880, 2880)  , pass(1)/fail(0): 1,	 time: 0.5307786464691162
Method: CudaGlobalMemory    , dims: (2880, 2880, 2880)  , pass(1)/fail(0): 1,	 time: 2.3930952548980713
Method: CudaSharedMemory    , dims: (2880, 2880, 2880)  , pass(1)/fail(0): 1,	 time: 0.7192883491516113
Method: Numpy               , dims: (2944, 2944, 2944)  , pass(1)/fail(0): 1,	 time: 0.5677444934844971
Method: CudaGlobalMemory    , dims: (2944, 2944, 2944)  , pass(1)/fail(0): 1,	 time: 2.5543289184570312
Method: CudaSharedMemory    , dims: (2944, 2944, 2944)  , pass(1)/fail(0): 1,	 time: 0.7674813270568848
Method: Numpy               , dims: (3008, 3008, 3008)  , pass(1)/fail(0): 1,	 time: 0.6066792011260986
Method: CudaGlobalMemory    , dims: (3008, 3008, 3008)  , pass(1)/fail(0): 1,	 time: 2.7515411376953125
Method: CudaSharedMemory    , dims: (3008, 3008, 3008)  , pass(1)/fail(0): 1,	 time: 0.818345308303833
Method: Numpy               , dims: (3072, 3072, 3072)  , pass(1)/fail(0): 1,	 time: 0.6504807472229004
Method: CudaGlobalMemory    , dims: (3072, 3072, 3072)  , pass(1)/fail(0): 1,	 time: 2.9113929271698
Method: CudaSharedMemory    , dims: (3072, 3072, 3072)  , pass(1)/fail(0): 1,	 time: 0.9013988971710205
Method: Numpy               , dims: (3136, 3136, 3136)  , pass(1)/fail(0): 1,	 time: 0.6864719390869141
Method: CudaGlobalMemory    , dims: (3136, 3136, 3136)  , pass(1)/fail(0): 1,	 time: 3.0821502208709717
Method: CudaSharedMemory    , dims: (3136, 3136, 3136)  , pass(1)/fail(0): 1,	 time: 0.9258263111114502
Method: Numpy               , dims: (3200, 3200, 3200)  , pass(1)/fail(0): 1,	 time: 0.7253601551055908
Method: CudaGlobalMemory    , dims: (3200, 3200, 3200)  , pass(1)/fail(0): 1,	 time: 3.2848339080810547
Method: CudaSharedMemory    , dims: (3200, 3200, 3200)  , pass(1)/fail(0): 1,	 time: 0.9830231666564941
Method: Numpy               , dims: (3264, 3264, 3264)  , pass(1)/fail(0): 1,	 time: 0.7677736282348633
Method: CudaGlobalMemory    , dims: (3264, 3264, 3264)  , pass(1)/fail(0): 1,	 time: 3.5053646564483643
Method: CudaSharedMemory    , dims: (3264, 3264, 3264)  , pass(1)/fail(0): 1,	 time: 1.0427231788635254
Method: Numpy               , dims: (3328, 3328, 3328)  , pass(1)/fail(0): 1,	 time: 0.8193943500518799
Method: CudaGlobalMemory    , dims: (3328, 3328, 3328)  , pass(1)/fail(0): 1,	 time: 3.690838098526001
Method: CudaSharedMemory    , dims: (3328, 3328, 3328)  , pass(1)/fail(0): 1,	 time: 1.1386702060699463
Method: Numpy               , dims: (3392, 3392, 3392)  , pass(1)/fail(0): 1,	 time: 0.8718857765197754
Method: CudaGlobalMemory    , dims: (3392, 3392, 3392)  , pass(1)/fail(0): 1,	 time: 3.895667552947998
Method: CudaSharedMemory    , dims: (3392, 3392, 3392)  , pass(1)/fail(0): 1,	 time: 1.168849229812622
Method: Numpy               , dims: (3456, 3456, 3456)  , pass(1)/fail(0): 1,	 time: 0.9206085205078125
Method: CudaGlobalMemory    , dims: (3456, 3456, 3456)  , pass(1)/fail(0): 1,	 time: 4.17205286026001
Method: CudaSharedMemory    , dims: (3456, 3456, 3456)  , pass(1)/fail(0): 1,	 time: 1.2359132766723633
Method: Numpy               , dims: (3520, 3520, 3520)  , pass(1)/fail(0): 1,	 time: 0.9737367630004883
Method: CudaGlobalMemory    , dims: (3520, 3520, 3520)  , pass(1)/fail(0): 1,	 time: 4.363277912139893
Method: CudaSharedMemory    , dims: (3520, 3520, 3520)  , pass(1)/fail(0): 1,	 time: 1.3448138236999512
Method: Numpy               , dims: (3584, 3584, 3584)  , pass(1)/fail(0): 1,	 time: 1.028325080871582
Method: CudaGlobalMemory    , dims: (3584, 3584, 3584)  , pass(1)/fail(0): 1,	 time: 4.603034734725952
Method: CudaSharedMemory    , dims: (3584, 3584, 3584)  , pass(1)/fail(0): 1,	 time: 1.3768513202667236
Method: Numpy               , dims: (3648, 3648, 3648)  , pass(1)/fail(0): 1,	 time: 1.0811846256256104
Method: CudaGlobalMemory    , dims: (3648, 3648, 3648)  , pass(1)/fail(0): 1,	 time: 4.855108976364136
Method: CudaSharedMemory    , dims: (3648, 3648, 3648)  , pass(1)/fail(0): 1,	 time: 1.4513866901397705
Method: Numpy               , dims: (3712, 3712, 3712)  , pass(1)/fail(0): 1,	 time: 1.1335856914520264
Method: CudaGlobalMemory    , dims: (3712, 3712, 3712)  , pass(1)/fail(0): 1,	 time: 5.157142877578735
Method: CudaSharedMemory    , dims: (3712, 3712, 3712)  , pass(1)/fail(0): 1,	 time: 1.5290470123291016
Method: Numpy               , dims: (3776, 3776, 3776)  , pass(1)/fail(0): 1,	 time: 1.1914384365081787
Method: CudaGlobalMemory    , dims: (3776, 3776, 3776)  , pass(1)/fail(0): 1,	 time: 5.392854452133179
Method: CudaSharedMemory    , dims: (3776, 3776, 3776)  , pass(1)/fail(0): 1,	 time: 1.6536612510681152
Method: Numpy               , dims: (3840, 3840, 3840)  , pass(1)/fail(0): 1,	 time: 1.2504558563232422
Method: CudaGlobalMemory    , dims: (3840, 3840, 3840)  , pass(1)/fail(0): 1,	 time: 5.657088994979858
Method: CudaSharedMemory    , dims: (3840, 3840, 3840)  , pass(1)/fail(0): 1,	 time: 1.7044203281402588
Method: Numpy               , dims: (3904, 3904, 3904)  , pass(1)/fail(0): 1,	 time: 1.3264522552490234
Method: CudaGlobalMemory    , dims: (3904, 3904, 3904)  , pass(1)/fail(0): 1,	 time: 5.963420867919922
Method: CudaSharedMemory    , dims: (3904, 3904, 3904)  , pass(1)/fail(0): 1,	 time: 1.7773540019989014
Method: Numpy               , dims: (3968, 3968, 3968)  , pass(1)/fail(0): 1,	 time: 1.3894822597503662
Method: CudaGlobalMemory    , dims: (3968, 3968, 3968)  , pass(1)/fail(0): 1,	 time: 6.286208152770996
Method: CudaSharedMemory    , dims: (3968, 3968, 3968)  , pass(1)/fail(0): 1,	 time: 1.8657021522521973
Method: Numpy               , dims: (4032, 4032, 4032)  , pass(1)/fail(0): 1,	 time: 1.4501073360443115
Method: CudaGlobalMemory    , dims: (4032, 4032, 4032)  , pass(1)/fail(0): 1,	 time: 6.5684592723846436
Method: CudaSharedMemory    , dims: (4032, 4032, 4032)  , pass(1)/fail(0): 1,	 time: 2.0074198246002197
Method: Numpy               , dims: (4096, 4096, 4096)  , pass(1)/fail(0): 1,	 time: 1.530806303024292
Method: CudaGlobalMemory    , dims: (4096, 4096, 4096)  , pass(1)/fail(0): 1,	 time: 6.872640371322632
Method: CudaSharedMemory    , dims: (4096, 4096, 4096)  , pass(1)/fail(0): 1,	 time: 2.0478744506835938
