Device name: b'Tesla V100-PCIE-32GB'
Compute capability: (7, 0)
Total global memory (GB): 31.7393798828125
Free global memory (GB): 31.4366455078125
Used global memory (GB): 0.302734375
Max threads per block: 1024
Max block dimensions: x=1024, y=1024, z=64
Max grid dimensions: x=2147483647, y=65535, z=65535
Max shared memory per block (KB): 48.0
Method: Numpy               , dims: (64, 64, 64)        , pass(1)/fail(0): 1,	 time: 4.482269287109375e-05
Method: CudaGlobalMemory    , dims: (64, 64, 64)        , pass(1)/fail(0): 1,	 time: 0.0039463043212890625
Method: CudaSharedMemory    , dims: (64, 64, 64)        , pass(1)/fail(0): 1,	 time: 0.005221128463745117
Method: Numpy               , dims: (128, 128, 128)     , pass(1)/fail(0): 1,	 time: 7.534027099609375e-05
Method: CudaGlobalMemory    , dims: (128, 128, 128)     , pass(1)/fail(0): 1,	 time: 0.0027344226837158203
Method: CudaSharedMemory    , dims: (128, 128, 128)     , pass(1)/fail(0): 1,	 time: 0.0019445419311523438
Method: Numpy               , dims: (192, 192, 192)     , pass(1)/fail(0): 1,	 time: 0.0007269382476806641
Method: CudaGlobalMemory    , dims: (192, 192, 192)     , pass(1)/fail(0): 1,	 time: 0.0027811527252197266
Method: CudaSharedMemory    , dims: (192, 192, 192)     , pass(1)/fail(0): 1,	 time: 0.003081798553466797
Method: Numpy               , dims: (256, 256, 256)     , pass(1)/fail(0): 1,	 time: 0.0011518001556396484
Method: CudaGlobalMemory    , dims: (256, 256, 256)     , pass(1)/fail(0): 1,	 time: 0.002012968063354492
Method: CudaSharedMemory    , dims: (256, 256, 256)     , pass(1)/fail(0): 1,	 time: 0.002386331558227539
Method: Numpy               , dims: (320, 320, 320)     , pass(1)/fail(0): 1,	 time: 0.001975536346435547
Method: CudaGlobalMemory    , dims: (320, 320, 320)     , pass(1)/fail(0): 1,	 time: 0.0020990371704101562
Method: CudaSharedMemory    , dims: (320, 320, 320)     , pass(1)/fail(0): 1,	 time: 0.0021915435791015625
Method: Numpy               , dims: (384, 384, 384)     , pass(1)/fail(0): 1,	 time: 0.0018415451049804688
Method: CudaGlobalMemory    , dims: (384, 384, 384)     , pass(1)/fail(0): 1,	 time: 0.002632617950439453
Method: CudaSharedMemory    , dims: (384, 384, 384)     , pass(1)/fail(0): 1,	 time: 0.0023593902587890625
Method: Numpy               , dims: (448, 448, 448)     , pass(1)/fail(0): 1,	 time: 0.0022745132446289062
Method: CudaGlobalMemory    , dims: (448, 448, 448)     , pass(1)/fail(0): 1,	 time: 0.0031309127807617188
Method: CudaSharedMemory    , dims: (448, 448, 448)     , pass(1)/fail(0): 1,	 time: 0.0028460025787353516
Method: Numpy               , dims: (512, 512, 512)     , pass(1)/fail(0): 1,	 time: 0.0030188560485839844
Method: CudaGlobalMemory    , dims: (512, 512, 512)     , pass(1)/fail(0): 1,	 time: 0.00342559814453125
Method: CudaSharedMemory    , dims: (512, 512, 512)     , pass(1)/fail(0): 1,	 time: 0.0035054683685302734
Method: Numpy               , dims: (576, 576, 576)     , pass(1)/fail(0): 1,	 time: 0.002948760986328125
Method: CudaGlobalMemory    , dims: (576, 576, 576)     , pass(1)/fail(0): 1,	 time: 0.004149436950683594
Method: CudaSharedMemory    , dims: (576, 576, 576)     , pass(1)/fail(0): 1,	 time: 0.003838062286376953
Method: Numpy               , dims: (640, 640, 640)     , pass(1)/fail(0): 1,	 time: 0.004182100296020508
Method: CudaGlobalMemory    , dims: (640, 640, 640)     , pass(1)/fail(0): 1,	 time: 0.005795001983642578
Method: CudaSharedMemory    , dims: (640, 640, 640)     , pass(1)/fail(0): 1,	 time: 0.0044057369232177734
Method: Numpy               , dims: (704, 704, 704)     , pass(1)/fail(0): 1,	 time: 0.0051958560943603516
Method: CudaGlobalMemory    , dims: (704, 704, 704)     , pass(1)/fail(0): 1,	 time: 0.005384922027587891
Method: CudaSharedMemory    , dims: (704, 704, 704)     , pass(1)/fail(0): 1,	 time: 0.0056536197662353516
Method: Numpy               , dims: (768, 768, 768)     , pass(1)/fail(0): 1,	 time: 0.006937742233276367
Method: CudaGlobalMemory    , dims: (768, 768, 768)     , pass(1)/fail(0): 1,	 time: 0.00639033317565918
Method: CudaSharedMemory    , dims: (768, 768, 768)     , pass(1)/fail(0): 1,	 time: 0.005455970764160156
Method: Numpy               , dims: (832, 832, 832)     , pass(1)/fail(0): 1,	 time: 0.008240222930908203
Method: CudaGlobalMemory    , dims: (832, 832, 832)     , pass(1)/fail(0): 1,	 time: 0.007325172424316406
Method: CudaSharedMemory    , dims: (832, 832, 832)     , pass(1)/fail(0): 1,	 time: 0.006266117095947266
Method: Numpy               , dims: (896, 896, 896)     , pass(1)/fail(0): 1,	 time: 0.01016998291015625
Method: CudaGlobalMemory    , dims: (896, 896, 896)     , pass(1)/fail(0): 1,	 time: 0.009343147277832031
Method: CudaSharedMemory    , dims: (896, 896, 896)     , pass(1)/fail(0): 1,	 time: 0.00715327262878418
Method: Numpy               , dims: (960, 960, 960)     , pass(1)/fail(0): 1,	 time: 0.011431217193603516
Method: CudaGlobalMemory    , dims: (960, 960, 960)     , pass(1)/fail(0): 1,	 time: 0.010118246078491211
Method: CudaSharedMemory    , dims: (960, 960, 960)     , pass(1)/fail(0): 1,	 time: 0.008393526077270508
Method: Numpy               , dims: (1024, 1024, 1024)  , pass(1)/fail(0): 1,	 time: 0.013903379440307617
Method: CudaGlobalMemory    , dims: (1024, 1024, 1024)  , pass(1)/fail(0): 1,	 time: 0.011156320571899414
Method: CudaSharedMemory    , dims: (1024, 1024, 1024)  , pass(1)/fail(0): 1,	 time: 0.008922100067138672
Method: Numpy               , dims: (1088, 1088, 1088)  , pass(1)/fail(0): 1,	 time: 0.015834808349609375
Method: CudaGlobalMemory    , dims: (1088, 1088, 1088)  , pass(1)/fail(0): 1,	 time: 0.013089895248413086
Method: CudaSharedMemory    , dims: (1088, 1088, 1088)  , pass(1)/fail(0): 1,	 time: 0.010202884674072266
Method: Numpy               , dims: (1152, 1152, 1152)  , pass(1)/fail(0): 1,	 time: 0.01878643035888672
Method: CudaGlobalMemory    , dims: (1152, 1152, 1152)  , pass(1)/fail(0): 1,	 time: 0.01530909538269043
Method: CudaSharedMemory    , dims: (1152, 1152, 1152)  , pass(1)/fail(0): 1,	 time: 0.011571884155273438
Method: Numpy               , dims: (1216, 1216, 1216)  , pass(1)/fail(0): 1,	 time: 0.02301645278930664
Method: CudaGlobalMemory    , dims: (1216, 1216, 1216)  , pass(1)/fail(0): 1,	 time: 0.01675128936767578
Method: CudaSharedMemory    , dims: (1216, 1216, 1216)  , pass(1)/fail(0): 1,	 time: 0.013694524765014648
Method: Numpy               , dims: (1280, 1280, 1280)  , pass(1)/fail(0): 1,	 time: 0.025422334671020508
Method: CudaGlobalMemory    , dims: (1280, 1280, 1280)  , pass(1)/fail(0): 1,	 time: 0.019458293914794922
Method: CudaSharedMemory    , dims: (1280, 1280, 1280)  , pass(1)/fail(0): 1,	 time: 0.014641284942626953
Method: Numpy               , dims: (1344, 1344, 1344)  , pass(1)/fail(0): 1,	 time: 0.029742956161499023
Method: CudaGlobalMemory    , dims: (1344, 1344, 1344)  , pass(1)/fail(0): 1,	 time: 0.021767139434814453
Method: CudaSharedMemory    , dims: (1344, 1344, 1344)  , pass(1)/fail(0): 1,	 time: 0.016577482223510742
Method: Numpy               , dims: (1408, 1408, 1408)  , pass(1)/fail(0): 1,	 time: 0.03429126739501953
Method: CudaGlobalMemory    , dims: (1408, 1408, 1408)  , pass(1)/fail(0): 1,	 time: 0.022841691970825195
Method: CudaSharedMemory    , dims: (1408, 1408, 1408)  , pass(1)/fail(0): 1,	 time: 0.019525766372680664
Method: Numpy               , dims: (1472, 1472, 1472)  , pass(1)/fail(0): 1,	 time: 0.0388028621673584
Method: CudaGlobalMemory    , dims: (1472, 1472, 1472)  , pass(1)/fail(0): 1,	 time: 0.025195598602294922
Method: CudaSharedMemory    , dims: (1472, 1472, 1472)  , pass(1)/fail(0): 1,	 time: 0.020108699798583984
Method: Numpy               , dims: (1536, 1536, 1536)  , pass(1)/fail(0): 1,	 time: 0.0436403751373291
Method: CudaGlobalMemory    , dims: (1536, 1536, 1536)  , pass(1)/fail(0): 1,	 time: 0.0282137393951416
Method: CudaSharedMemory    , dims: (1536, 1536, 1536)  , pass(1)/fail(0): 1,	 time: 0.022454023361206055
Method: Numpy               , dims: (1600, 1600, 1600)  , pass(1)/fail(0): 1,	 time: 0.05308246612548828
Method: CudaGlobalMemory    , dims: (1600, 1600, 1600)  , pass(1)/fail(0): 1,	 time: 0.03164100646972656
Method: CudaSharedMemory    , dims: (1600, 1600, 1600)  , pass(1)/fail(0): 1,	 time: 0.02486395835876465
Method: Numpy               , dims: (1664, 1664, 1664)  , pass(1)/fail(0): 1,	 time: 0.05708003044128418
Method: CudaGlobalMemory    , dims: (1664, 1664, 1664)  , pass(1)/fail(0): 1,	 time: 0.03411221504211426
Method: CudaSharedMemory    , dims: (1664, 1664, 1664)  , pass(1)/fail(0): 1,	 time: 0.028176069259643555
Method: Numpy               , dims: (1728, 1728, 1728)  , pass(1)/fail(0): 1,	 time: 0.0624852180480957
Method: CudaGlobalMemory    , dims: (1728, 1728, 1728)  , pass(1)/fail(0): 1,	 time: 0.037835121154785156
Method: CudaSharedMemory    , dims: (1728, 1728, 1728)  , pass(1)/fail(0): 1,	 time: 0.030053138732910156
Method: Numpy               , dims: (1792, 1792, 1792)  , pass(1)/fail(0): 1,	 time: 0.07038593292236328
Method: CudaGlobalMemory    , dims: (1792, 1792, 1792)  , pass(1)/fail(0): 1,	 time: 0.04093432426452637
Method: CudaSharedMemory    , dims: (1792, 1792, 1792)  , pass(1)/fail(0): 1,	 time: 0.03275012969970703
Method: Numpy               , dims: (1856, 1856, 1856)  , pass(1)/fail(0): 1,	 time: 0.0751340389251709
Method: CudaGlobalMemory    , dims: (1856, 1856, 1856)  , pass(1)/fail(0): 1,	 time: 0.04617166519165039
Method: CudaSharedMemory    , dims: (1856, 1856, 1856)  , pass(1)/fail(0): 1,	 time: 0.035628318786621094
Method: Numpy               , dims: (1920, 1920, 1920)  , pass(1)/fail(0): 1,	 time: 0.0801248550415039
Method: CudaGlobalMemory    , dims: (1920, 1920, 1920)  , pass(1)/fail(0): 1,	 time: 0.04986929893493652
Method: CudaSharedMemory    , dims: (1920, 1920, 1920)  , pass(1)/fail(0): 1,	 time: 0.038995981216430664
Method: Numpy               , dims: (1984, 1984, 1984)  , pass(1)/fail(0): 1,	 time: 0.09914398193359375
Method: CudaGlobalMemory    , dims: (1984, 1984, 1984)  , pass(1)/fail(0): 1,	 time: 0.05384969711303711
Method: CudaSharedMemory    , dims: (1984, 1984, 1984)  , pass(1)/fail(0): 1,	 time: 0.0421140193939209
Method: Numpy               , dims: (2048, 2048, 2048)  , pass(1)/fail(0): 1,	 time: 0.10697221755981445
Method: CudaGlobalMemory    , dims: (2048, 2048, 2048)  , pass(1)/fail(0): 1,	 time: 0.058754682540893555
Method: CudaSharedMemory    , dims: (2048, 2048, 2048)  , pass(1)/fail(0): 1,	 time: 0.045571327209472656
Method: Numpy               , dims: (2112, 2112, 2112)  , pass(1)/fail(0): 1,	 time: 0.0994720458984375
Method: CudaGlobalMemory    , dims: (2112, 2112, 2112)  , pass(1)/fail(0): 1,	 time: 0.06479668617248535
Method: CudaSharedMemory    , dims: (2112, 2112, 2112)  , pass(1)/fail(0): 1,	 time: 0.04971432685852051
Method: Numpy               , dims: (2176, 2176, 2176)  , pass(1)/fail(0): 1,	 time: 0.1251211166381836
Method: CudaGlobalMemory    , dims: (2176, 2176, 2176)  , pass(1)/fail(0): 1,	 time: 0.06991887092590332
Method: CudaSharedMemory    , dims: (2176, 2176, 2176)  , pass(1)/fail(0): 1,	 time: 0.05354619026184082
Method: Numpy               , dims: (2240, 2240, 2240)  , pass(1)/fail(0): 1,	 time: 0.13116240501403809
Method: CudaGlobalMemory    , dims: (2240, 2240, 2240)  , pass(1)/fail(0): 1,	 time: 0.07564973831176758
Method: CudaSharedMemory    , dims: (2240, 2240, 2240)  , pass(1)/fail(0): 1,	 time: 0.05690336227416992
Method: Numpy               , dims: (2304, 2304, 2304)  , pass(1)/fail(0): 1,	 time: 0.1432044506072998
Method: CudaGlobalMemory    , dims: (2304, 2304, 2304)  , pass(1)/fail(0): 1,	 time: 0.08203458786010742
Method: CudaSharedMemory    , dims: (2304, 2304, 2304)  , pass(1)/fail(0): 1,	 time: 0.061850547790527344
Method: Numpy               , dims: (2368, 2368, 2368)  , pass(1)/fail(0): 1,	 time: 0.15661072731018066
Method: CudaGlobalMemory    , dims: (2368, 2368, 2368)  , pass(1)/fail(0): 1,	 time: 0.08734393119812012
Method: CudaSharedMemory    , dims: (2368, 2368, 2368)  , pass(1)/fail(0): 1,	 time: 0.0673074722290039
Method: Numpy               , dims: (2432, 2432, 2432)  , pass(1)/fail(0): 1,	 time: 0.17234015464782715
Method: CudaGlobalMemory    , dims: (2432, 2432, 2432)  , pass(1)/fail(0): 1,	 time: 0.09368681907653809
Method: CudaSharedMemory    , dims: (2432, 2432, 2432)  , pass(1)/fail(0): 1,	 time: 0.07167935371398926
Method: Numpy               , dims: (2496, 2496, 2496)  , pass(1)/fail(0): 1,	 time: 0.19185638427734375
Method: CudaGlobalMemory    , dims: (2496, 2496, 2496)  , pass(1)/fail(0): 1,	 time: 0.10018301010131836
Method: CudaSharedMemory    , dims: (2496, 2496, 2496)  , pass(1)/fail(0): 1,	 time: 0.07635021209716797
Method: Numpy               , dims: (2560, 2560, 2560)  , pass(1)/fail(0): 1,	 time: 0.19816088676452637
Method: CudaGlobalMemory    , dims: (2560, 2560, 2560)  , pass(1)/fail(0): 1,	 time: 0.11103606224060059
Method: CudaSharedMemory    , dims: (2560, 2560, 2560)  , pass(1)/fail(0): 1,	 time: 0.08130025863647461
Method: Numpy               , dims: (2624, 2624, 2624)  , pass(1)/fail(0): 1,	 time: 0.20937395095825195
Method: CudaGlobalMemory    , dims: (2624, 2624, 2624)  , pass(1)/fail(0): 1,	 time: 0.11524748802185059
Method: CudaSharedMemory    , dims: (2624, 2624, 2624)  , pass(1)/fail(0): 1,	 time: 0.0881955623626709
Method: Numpy               , dims: (2688, 2688, 2688)  , pass(1)/fail(0): 1,	 time: 0.23140859603881836
Method: CudaGlobalMemory    , dims: (2688, 2688, 2688)  , pass(1)/fail(0): 1,	 time: 0.1241292953491211
Method: CudaSharedMemory    , dims: (2688, 2688, 2688)  , pass(1)/fail(0): 1,	 time: 0.09351563453674316
Method: Numpy               , dims: (2752, 2752, 2752)  , pass(1)/fail(0): 1,	 time: 0.25559473037719727
Method: CudaGlobalMemory    , dims: (2752, 2752, 2752)  , pass(1)/fail(0): 1,	 time: 0.13366198539733887
Method: CudaSharedMemory    , dims: (2752, 2752, 2752)  , pass(1)/fail(0): 1,	 time: 0.0994722843170166
Method: Numpy               , dims: (2816, 2816, 2816)  , pass(1)/fail(0): 1,	 time: 0.25426721572875977
Method: CudaGlobalMemory    , dims: (2816, 2816, 2816)  , pass(1)/fail(0): 1,	 time: 0.1389009952545166
Method: CudaSharedMemory    , dims: (2816, 2816, 2816)  , pass(1)/fail(0): 1,	 time: 0.1065220832824707
Method: Numpy               , dims: (2880, 2880, 2880)  , pass(1)/fail(0): 1,	 time: 0.2679939270019531
Method: CudaGlobalMemory    , dims: (2880, 2880, 2880)  , pass(1)/fail(0): 1,	 time: 0.14978432655334473
Method: CudaSharedMemory    , dims: (2880, 2880, 2880)  , pass(1)/fail(0): 1,	 time: 0.11205148696899414
Method: Numpy               , dims: (2944, 2944, 2944)  , pass(1)/fail(0): 1,	 time: 0.28922367095947266
Method: CudaGlobalMemory    , dims: (2944, 2944, 2944)  , pass(1)/fail(0): 1,	 time: 0.15747332572937012
Method: CudaSharedMemory    , dims: (2944, 2944, 2944)  , pass(1)/fail(0): 1,	 time: 0.11872982978820801
Method: Numpy               , dims: (3008, 3008, 3008)  , pass(1)/fail(0): 1,	 time: 0.30906033515930176
Method: CudaGlobalMemory    , dims: (3008, 3008, 3008)  , pass(1)/fail(0): 1,	 time: 0.1686115264892578
Method: CudaSharedMemory    , dims: (3008, 3008, 3008)  , pass(1)/fail(0): 1,	 time: 0.12587475776672363
Method: Numpy               , dims: (3072, 3072, 3072)  , pass(1)/fail(0): 1,	 time: 0.34362244606018066
Method: CudaGlobalMemory    , dims: (3072, 3072, 3072)  , pass(1)/fail(0): 1,	 time: 0.18000483512878418
Method: CudaSharedMemory    , dims: (3072, 3072, 3072)  , pass(1)/fail(0): 1,	 time: 0.13524079322814941
Method: Numpy               , dims: (3136, 3136, 3136)  , pass(1)/fail(0): 1,	 time: 0.36221837997436523
Method: CudaGlobalMemory    , dims: (3136, 3136, 3136)  , pass(1)/fail(0): 1,	 time: 0.18808674812316895
Method: CudaSharedMemory    , dims: (3136, 3136, 3136)  , pass(1)/fail(0): 1,	 time: 0.14033889770507812
Method: Numpy               , dims: (3200, 3200, 3200)  , pass(1)/fail(0): 1,	 time: 0.3504908084869385
Method: CudaGlobalMemory    , dims: (3200, 3200, 3200)  , pass(1)/fail(0): 1,	 time: 0.20153093338012695
Method: CudaSharedMemory    , dims: (3200, 3200, 3200)  , pass(1)/fail(0): 1,	 time: 0.14942502975463867
Method: Numpy               , dims: (3264, 3264, 3264)  , pass(1)/fail(0): 1,	 time: 0.3714628219604492
Method: CudaGlobalMemory    , dims: (3264, 3264, 3264)  , pass(1)/fail(0): 1,	 time: 0.21380233764648438
Method: CudaSharedMemory    , dims: (3264, 3264, 3264)  , pass(1)/fail(0): 1,	 time: 0.1573343276977539
Method: Numpy               , dims: (3328, 3328, 3328)  , pass(1)/fail(0): 1,	 time: 0.39126062393188477
Method: CudaGlobalMemory    , dims: (3328, 3328, 3328)  , pass(1)/fail(0): 1,	 time: 0.22263193130493164
Method: CudaSharedMemory    , dims: (3328, 3328, 3328)  , pass(1)/fail(0): 1,	 time: 0.16660690307617188
Method: Numpy               , dims: (3392, 3392, 3392)  , pass(1)/fail(0): 1,	 time: 0.4179377555847168
Method: CudaGlobalMemory    , dims: (3392, 3392, 3392)  , pass(1)/fail(0): 1,	 time: 0.23569655418395996
Method: CudaSharedMemory    , dims: (3392, 3392, 3392)  , pass(1)/fail(0): 1,	 time: 0.17489123344421387
Method: Numpy               , dims: (3456, 3456, 3456)  , pass(1)/fail(0): 1,	 time: 0.44370007514953613
Method: CudaGlobalMemory    , dims: (3456, 3456, 3456)  , pass(1)/fail(0): 1,	 time: 0.24920153617858887
Method: CudaSharedMemory    , dims: (3456, 3456, 3456)  , pass(1)/fail(0): 1,	 time: 0.18392491340637207
Method: Numpy               , dims: (3520, 3520, 3520)  , pass(1)/fail(0): 1,	 time: 0.4824643135070801
Method: CudaGlobalMemory    , dims: (3520, 3520, 3520)  , pass(1)/fail(0): 1,	 time: 0.2622852325439453
Method: CudaSharedMemory    , dims: (3520, 3520, 3520)  , pass(1)/fail(0): 1,	 time: 0.1945805549621582
Method: Numpy               , dims: (3584, 3584, 3584)  , pass(1)/fail(0): 1,	 time: 0.5156819820404053
Method: CudaGlobalMemory    , dims: (3584, 3584, 3584)  , pass(1)/fail(0): 1,	 time: 0.2719612121582031
Method: CudaSharedMemory    , dims: (3584, 3584, 3584)  , pass(1)/fail(0): 1,	 time: 0.20318150520324707
Method: Numpy               , dims: (3648, 3648, 3648)  , pass(1)/fail(0): 1,	 time: 0.5662953853607178
Method: CudaGlobalMemory    , dims: (3648, 3648, 3648)  , pass(1)/fail(0): 1,	 time: 0.28927183151245117
Method: CudaSharedMemory    , dims: (3648, 3648, 3648)  , pass(1)/fail(0): 1,	 time: 0.21471405029296875
Method: Numpy               , dims: (3712, 3712, 3712)  , pass(1)/fail(0): 1,	 time: 0.5929207801818848
Method: CudaGlobalMemory    , dims: (3712, 3712, 3712)  , pass(1)/fail(0): 1,	 time: 0.30432748794555664
Method: CudaSharedMemory    , dims: (3712, 3712, 3712)  , pass(1)/fail(0): 1,	 time: 0.2250051498413086
Method: Numpy               , dims: (3776, 3776, 3776)  , pass(1)/fail(0): 1,	 time: 0.6200568675994873
Method: CudaGlobalMemory    , dims: (3776, 3776, 3776)  , pass(1)/fail(0): 1,	 time: 0.3175663948059082
Method: CudaSharedMemory    , dims: (3776, 3776, 3776)  , pass(1)/fail(0): 1,	 time: 0.23638629913330078
Method: Numpy               , dims: (3840, 3840, 3840)  , pass(1)/fail(0): 1,	 time: 0.6253530979156494
Method: CudaGlobalMemory    , dims: (3840, 3840, 3840)  , pass(1)/fail(0): 1,	 time: 0.34021639823913574
Method: CudaSharedMemory    , dims: (3840, 3840, 3840)  , pass(1)/fail(0): 1,	 time: 0.2456378936767578
Method: Numpy               , dims: (3904, 3904, 3904)  , pass(1)/fail(0): 1,	 time: 0.7020232677459717
Method: CudaGlobalMemory    , dims: (3904, 3904, 3904)  , pass(1)/fail(0): 1,	 time: 0.3497886657714844
Method: CudaSharedMemory    , dims: (3904, 3904, 3904)  , pass(1)/fail(0): 1,	 time: 0.25700902938842773
Method: Numpy               , dims: (3968, 3968, 3968)  , pass(1)/fail(0): 1,	 time: 0.7172796726226807
Method: CudaGlobalMemory    , dims: (3968, 3968, 3968)  , pass(1)/fail(0): 1,	 time: 0.36629796028137207
Method: CudaSharedMemory    , dims: (3968, 3968, 3968)  , pass(1)/fail(0): 1,	 time: 0.2683887481689453
Method: Numpy               , dims: (4032, 4032, 4032)  , pass(1)/fail(0): 1,	 time: 0.7566604614257812
Method: CudaGlobalMemory    , dims: (4032, 4032, 4032)  , pass(1)/fail(0): 1,	 time: 0.38808536529541016
Method: CudaSharedMemory    , dims: (4032, 4032, 4032)  , pass(1)/fail(0): 1,	 time: 0.2834019660949707
Method: Numpy               , dims: (4096, 4096, 4096)  , pass(1)/fail(0): 1,	 time: 0.7936897277832031
Method: CudaGlobalMemory    , dims: (4096, 4096, 4096)  , pass(1)/fail(0): 1,	 time: 0.3926396369934082
Method: CudaSharedMemory    , dims: (4096, 4096, 4096)  , pass(1)/fail(0): 1,	 time: 0.29387545585632324
