Methods:  [<class 'matmul.Numpy'>, <class 'matmul.JitNumpy'>, <class 'matmul.CudaGlobalMemory'>, <class 'matmul.CudaSharedMemory'>]
Dims:  [(1, 1, 1), (512, 512, 512)]
Result:
 [[ 0.17770416]]
Expected:
 [[ 0.17770416]]
Result:
 [[ 127.88784027  125.03384399  126.27915955 ...,  131.99752808
   128.98928833  125.23319244]
 [ 133.45999146  129.65338135  133.42915344 ...,  135.90145874  131.6661377
   126.4916687 ]
 [ 127.9258194   127.409935    130.40730286 ...,  134.97079468
   131.64825439  123.99667358]
 ..., 
 [ 129.35374451  123.84629822  127.49027252 ...,  134.42947388
   130.59136963  121.31871033]
 [ 136.82475281  129.9604187   137.60934448 ...,  141.72967529
   137.27105713  132.02191162]
 [ 130.27249146  124.45545197  132.41438293 ...,  136.61541748
   133.27050781  128.39637756]]
Expected:
 [[ 127.88784027  125.03384399  126.27915955 ...,  131.99752808
   128.98928833  125.23319244]
 [ 133.45999146  129.65338135  133.42915344 ...,  135.90145874  131.6661377
   126.4916687 ]
 [ 127.9258194   127.409935    130.40730286 ...,  134.97079468
   131.64825439  123.99667358]
 ..., 
 [ 129.35374451  123.84629822  127.49027252 ...,  134.42947388
   130.59136963  121.31871033]
 [ 136.82475281  129.9604187   137.60934448 ...,  141.72967529
   137.27105713  132.02191162]
 [ 130.27249146  124.45545197  132.41438293 ...,  136.61541748
   133.27050781  128.39637756]]
Result:
 [[ 0.17770416]]
Expected:
 [[ 0.17770416]]
Result:
 [[ 127.88784027  125.03384399  126.27915955 ...,  131.99752808
   128.98928833  125.23319244]
 [ 133.45999146  129.65338135  133.42915344 ...,  135.90145874  131.6661377
   126.4916687 ]
 [ 127.9258194   127.409935    130.40730286 ...,  134.97079468
   131.64825439  123.99667358]
 ..., 
 [ 129.35374451  123.84629822  127.49027252 ...,  134.42947388
   130.59136963  121.31871033]
 [ 136.82475281  129.9604187   137.60934448 ...,  141.72967529
   137.27105713  132.02191162]
 [ 130.27249146  124.45545197  132.41438293 ...,  136.61541748
   133.27050781  128.39637756]]
Expected:
 [[ 127.88784027  125.03384399  126.27915955 ...,  131.99752808
   128.98928833  125.23319244]
 [ 133.45999146  129.65338135  133.42915344 ...,  135.90145874  131.6661377
   126.4916687 ]
 [ 127.9258194   127.409935    130.40730286 ...,  134.97079468
   131.64825439  123.99667358]
 ..., 
 [ 129.35374451  123.84629822  127.49027252 ...,  134.42947388
   130.59136963  121.31871033]
 [ 136.82475281  129.9604187   137.60934448 ...,  141.72967529
   137.27105713  132.02191162]
 [ 130.27249146  124.45545197  132.41438293 ...,  136.61541748
   133.27050781  128.39637756]]
