Device name: b'Tesla V100-PCIE-32GB'
Compute capability: (7, 0)
Total global memory (GB): 31.7393798828125
Free global memory (GB): 31.4366455078125
Used global memory (GB): 0.302734375
Max threads per block: 1024
Max block dimensions: x=1024, y=1024, z=64
Max grid dimensions: x=2147483647, y=65535, z=65535
Max shared memory per block (KB): 48.0
Method: CudaGlobalMemory          , dims: (128, 128, 128)     , pass(1)/fail(0): 1,	 time (s): 0.0026290416717529297
Method: CudaSharedMemorySquare    , dims: (128, 128, 128)     , pass(1)/fail(0): 1,	 time (s): 0.005051374435424805
Method: CudaSharedMemoryGeneral   , dims: (128, 128, 128)     , pass(1)/fail(0): 1,	 time (s): 0.0028281211853027344
Method: CudaGlobalMemory          , dims: (128, 128, 256)     , pass(1)/fail(0): 1,	 time (s): 0.002679109573364258
Method: CudaSharedMemorySquare    , dims: (128, 128, 256)     , pass(1)/fail(0): 0,	 time (s): 0.0027534961700439453
Method: CudaSharedMemoryGeneral   , dims: (128, 128, 256)     , pass(1)/fail(0): 0,	 time (s): 0.001207590103149414
Method: CudaGlobalMemory          , dims: (128, 256, 128)     , pass(1)/fail(0): 0,	 time (s): 0.0012388229370117188
Method: CudaSharedMemorySquare    , dims: (128, 256, 128)     , pass(1)/fail(0): 0,	 time (s): 0.0014653205871582031
Method: CudaSharedMemoryGeneral   , dims: (128, 256, 128)     , pass(1)/fail(0): 0,	 time (s): 0.0014007091522216797
Method: CudaGlobalMemory          , dims: (128, 256, 256)     , pass(1)/fail(0): 1,	 time (s): 0.001310110092163086
Method: CudaSharedMemorySquare    , dims: (128, 256, 256)     , pass(1)/fail(0): 0,	 time (s): 0.00208282470703125
Method: CudaSharedMemoryGeneral   , dims: (128, 256, 256)     , pass(1)/fail(0): 0,	 time (s): 0.0012514591217041016
Method: CudaGlobalMemory          , dims: (256, 128, 128)     , pass(1)/fail(0): 1,	 time (s): 0.0011861324310302734
Method: CudaSharedMemorySquare    , dims: (256, 128, 128)     , pass(1)/fail(0): 0,	 time (s): 0.0011920928955078125
Method: CudaSharedMemoryGeneral   , dims: (256, 128, 128)     , pass(1)/fail(0): 0,	 time (s): 0.0011868476867675781
Method: CudaGlobalMemory          , dims: (256, 128, 256)     , pass(1)/fail(0): 1,	 time (s): 0.0013148784637451172
Method: CudaSharedMemorySquare    , dims: (256, 128, 256)     , pass(1)/fail(0): 0,	 time (s): 0.0012505054473876953
Method: CudaSharedMemoryGeneral   , dims: (256, 128, 256)     , pass(1)/fail(0): 1,	 time (s): 0.0011968612670898438
Method: CudaGlobalMemory          , dims: (256, 256, 128)     , pass(1)/fail(0): 0,	 time (s): 0.001394510269165039
Method: CudaSharedMemorySquare    , dims: (256, 256, 128)     , pass(1)/fail(0): 0,	 time (s): 0.0013675689697265625
Method: CudaSharedMemoryGeneral   , dims: (256, 256, 128)     , pass(1)/fail(0): 0,	 time (s): 0.0012333393096923828
Method: CudaGlobalMemory          , dims: (256, 256, 256)     , pass(1)/fail(0): 1,	 time (s): 0.0013880729675292969
Method: CudaSharedMemorySquare    , dims: (256, 256, 256)     , pass(1)/fail(0): 1,	 time (s): 0.0016236305236816406
Method: CudaSharedMemoryGeneral   , dims: (256, 256, 256)     , pass(1)/fail(0): 1,	 time (s): 0.0012989044189453125
