Device name: b'NVIDIA GeForce RTX 2080 Ti'
Compute capability: (7, 5)
Total global memory (GB): 10.75341796875
Free global memory (GB): 10.5992431640625
Used global memory (GB): 0.1541748046875
Max threads per block: 1024
Max block dimensions: x=1024, y=1024, z=64
Max grid dimensions: x=2147483647, y=65535, z=65535
Max shared memory per block (KB): 48.0
FAILED! Dimensions:  (16, 16, 17)  Method:  CudaSharedMemory
Result:
 [[ 2.39164472  2.30447316  2.96960711  4.4251709   2.9010818   3.95819283
   3.26025891  3.86042356  2.572227    3.30384135  2.55894303  1.78904104
   2.89886093  2.67792869  2.3534658   2.12119293]
 [ 3.40683722  3.72778797  2.77386546  4.9205327   3.60601044  4.02201796
   3.979177    3.42723608  3.44710565  3.62121105  4.31477594  2.23229146
   3.96916938  3.74709606  3.32835865  3.19950604]
 [ 3.3146255   3.48791265  3.37865973  4.29981327  3.57135057  3.67244744
   3.77772617  3.50008893  3.520818    3.75277638  3.8067081   1.86695063
   3.04892063  3.54467463  2.81275749  2.84974241]
 [ 3.82871342  3.579813    3.40343595  5.08191156  3.93012953  4.75488615
   4.27003479  3.77482128  3.36230516  4.05541658  3.69995093  2.52423573
   3.96708179  3.76651335  3.76980829  3.43601036]
 [ 3.08110023  2.70446348  3.63817215  4.47741222  3.53345394  4.5222578
   4.03499222  3.43310857  2.64142132  4.06315851  3.62215996  2.343894
   3.31186604  3.38527656  3.66244912  2.95234203]
 [ 4.28993464  3.81015372  4.4759798   6.5698657   4.77726269  6.50301743
   5.19436789  4.49900675  4.45350981  4.98340702  4.12984324  3.17291355
   5.0451889   4.79906511  4.66954803  4.59485817]
 [ 4.39562559  4.29649973  3.64080453  5.59395695  4.23056269  4.71712255
   4.77582836  4.83824873  3.78344083  4.94418526  4.26487875  2.37447357
   3.80897808  4.03861284  3.86189532  3.33964157]
 [ 3.98016596  3.53626943  3.78758883  4.30141211  4.16675329  4.18977928
   4.70184088  3.32139802  3.01830077  4.28467321  4.29745483  2.72404838
   4.25299215  4.23445797  3.51615095  3.3316586 ]
 [ 3.70474267  3.43145323  2.94901824  5.22051954  3.86088037  4.82024336
   4.1340847   3.81504202  3.71030116  3.85937309  3.85297918  2.77062321
   3.6989553   4.17084837  3.69010901  2.88592434]
 [ 4.46699286  4.36142206  3.45001864  6.30274105  4.84416103  5.83072186
   4.82271481  4.70887566  4.08054972  4.22111559  4.84987831  3.42623496
   5.26535988  4.3874526   5.06818056  3.85105944]
 [ 3.38617635  3.40940666  3.45675826  5.31682062  3.97831106  5.16742802
   4.15815163  4.17675686  3.96953106  4.49182749  3.75366187  2.08970833
   3.51363349  4.32159853  3.68194246  3.88077044]
 [ 4.32347107  4.04047537  4.48777437  5.30124521  4.47265625  5.2972641
   4.86469507  4.2453475   4.05449486  4.99552488  3.97854853  2.62567854
   4.37240124  4.04763746  3.51126838  3.61364603]
 [ 4.07450628  3.97526741  3.90957618  6.00673151  4.69728947  5.55166769
   4.63388109  4.6554718   4.62443924  4.54102468  4.40986252  2.76403522
   3.97907519  4.51954269  4.01206303  3.1835916 ]
 [ 3.23307967  3.03547812  2.24234128  4.09740877  3.15475011  3.56861949
   3.76690435  2.43791795  3.39033151  2.55967689  3.62525821  1.75453722
   3.1437993   3.60220933  3.02594733  2.70614481]
 [ 5.16399765  4.81686544  3.95412207  6.55336332  5.32259083  6.47659922
   5.63336945  5.22798204  4.35828972  6.06648493  4.44018412  3.08547664
   5.13471317  5.13927794  4.75011539  4.5154767 ]
 [ 4.73032761  3.8630743   4.24333     6.02100325  4.63546467  5.75456142
   5.45163918  4.74745655  3.94502497  5.05713987  4.56529951  3.53210354
   4.52768421  5.32211304  4.85044003  4.08282328]]
Expected:
 [[ 2.40077806  2.36724424  3.01110435  4.46417236  2.93563867  4.0018301
   3.32212782  3.91897273  2.65350032  3.32851982  2.58489609  1.87630212
   2.97806096  2.73818302  2.3835237   2.15645695]
 [ 3.48779798  4.28421497  3.1417141   5.26625681  3.91233659  4.40883636
   4.52760744  3.94623995  4.16754532  3.83997011  4.54483414  3.00580764
   4.67122936  4.28121519  3.59480333  3.5120995 ]
 [ 3.32829857  3.5818851   3.44078398  4.35820103  3.62308455  3.73777533
   3.87034798  3.58774114  3.64248967  3.78972149  3.8455615   1.99758613
   3.16748834  3.63487959  2.85775614  2.90253496]
 [ 3.90958714  4.1356411   3.77088857  5.42726374  4.23612595  5.1412878
   4.81787491  4.2932663   4.08196926  4.27394009  3.92976165  3.29691935
   4.66838598  4.30005741  4.0359664   3.74826741]
 [ 3.13320327  3.06255817  3.87490511  4.69990683  3.73059344  4.77119875
   4.38794041  3.76711893  3.10506773  4.20394325  3.77021646  2.84169841
   3.76368403  3.7290144   3.83392239  3.15351486]
 [ 4.30117321  3.88739347  4.52704239  6.61785698  4.81978512  6.5567131
   5.2704978   4.5710516   4.55351686  5.01377392  4.16177845  3.28028846
   5.14264441  4.87320805  4.70653439  4.63825035]
 [ 4.47735691  4.85822153  4.01215363  5.94297075  4.5398035   5.10762167
   5.32947731  5.3621912   4.51073551  5.16502571  4.4971261   3.15534997
   4.51771832  4.5778141   4.13087511  3.65520954]
 [ 4.05783653  4.07008266  4.14048767  4.63308525  4.46062994  4.56087685
   5.22798204  3.81930876  3.7094605   4.49454165  4.5181632   3.46612763
   4.92651939  4.74686956  3.7717669   3.63154793]
 [ 3.76331663  3.83402014  3.21515131  5.4706459   4.08250284  5.10010052
   4.53086615  4.19053364  4.23152876  4.01764202  4.01942301  3.33025074
   4.20688534  4.5572753   3.88287783  3.11208105]
 [ 4.56761885  5.0530057   3.90721798  6.7324419   5.22489405  6.31149864
   5.50435925  5.35394573  4.97598457  4.49301147  5.135818    4.38763857
   6.13795042  5.05130959  5.39934492  4.23958206]
 [ 3.47050071  3.98895049  3.83988905  5.67690754  4.29736328  5.57031631
   4.7293663   4.71732235  4.71990108  4.71967506  3.99327779  2.89535999
   4.24486017  4.87790728  3.95945644  4.2063508 ]
 [ 4.36048031  4.29483175  4.6559267   5.45928431  4.6126852   5.47408819
   5.11539602  4.48259687  4.3838253   5.09552479  4.08371353  2.97927165
   4.69332981  4.29179621  3.63306665  3.75654006]
 [ 4.11226177  4.23475361  4.08112001  6.16795778  4.84014273  5.73205757
   4.88963795  4.89750576  4.96041155  4.64304161  4.51714849  3.12475944
   4.30647612  4.76862574  4.13631773  3.3293674 ]
 [ 3.3256073   3.6714015   2.66274405  4.49252605  3.50484085  4.01070213
   4.3936882   3.03107119  4.21369934  2.80968976  3.88818479  2.63856483
   3.94616151  4.21263742  3.33045864  3.06339812]
 [ 5.19520998  5.03138256  4.09593725  6.68664885  5.44068766  6.62572765
   5.84480333  5.4280715   4.63603783  6.15082216  4.52887774  3.38368702
   5.40537548  5.34519482  4.85283661  4.63598967]
 [ 4.76483822  4.10026026  4.40013123  6.16837358  4.76604128  5.91944885
   5.6854167   4.9686904   4.25212383  5.15038967  4.66336536  3.86182737
   4.82694864  5.54978991  4.96401644  4.21607113]]
Difference:
 [[-0.00913334 -0.06277108 -0.04149723 -0.03900146 -0.03455687 -0.04363728
  -0.06186891 -0.05854917 -0.08127332 -0.02467847 -0.02595305 -0.08726108
  -0.07920003 -0.06025434 -0.03005791 -0.03526402]
 [-0.08096075 -0.556427   -0.36784863 -0.34572411 -0.30632615 -0.38681841
  -0.54843044 -0.51900387 -0.72043967 -0.21875906 -0.23005819 -0.77351618
  -0.70205998 -0.53411913 -0.26644468 -0.31259346]
 [-0.01367307 -0.09397244 -0.06212425 -0.05838776 -0.05173397 -0.06532788
  -0.0926218  -0.08765221 -0.12167168 -0.0369451  -0.03885341 -0.1306355
  -0.11856771 -0.09020495 -0.04499865 -0.05279255]
 [-0.08087373 -0.55582809 -0.36745262 -0.34535217 -0.30599642 -0.38640165
  -0.54784012 -0.51844501 -0.7196641  -0.2185235  -0.22981071 -0.77268362
  -0.7013042  -0.53354406 -0.2661581  -0.31225705]
 [-0.05210304 -0.35809469 -0.23673296 -0.2224946  -0.1971395  -0.24894094
  -0.35294819 -0.33401036 -0.46364641 -0.14078474 -0.14805651 -0.4978044
  -0.45181799 -0.34373784 -0.17147326 -0.20117283]
 [-0.01123857 -0.07723975 -0.05106258 -0.04799128 -0.04252243 -0.05369568
  -0.07612991 -0.07204485 -0.10000706 -0.0303669  -0.03193521 -0.10737491
  -0.0974555  -0.07414293 -0.03698635 -0.04339218]
 [-0.08173132 -0.5617218  -0.3713491  -0.34901381 -0.30924082 -0.39049911
  -0.55364895 -0.52394247 -0.72729468 -0.22084045 -0.23224735 -0.7808764
  -0.70874023 -0.53920126 -0.26897979 -0.31556797]
 [-0.07767057 -0.53381324 -0.35289884 -0.33167315 -0.29387665 -0.37109756
  -0.52614117 -0.49791074 -0.69115973 -0.20986843 -0.22070837 -0.74207926
  -0.67352724 -0.51241159 -0.25561595 -0.29988933]
 [-0.05857396 -0.40256691 -0.26613307 -0.25012636 -0.22162247 -0.27985716
  -0.39678144 -0.37549162 -0.5212276  -0.15826893 -0.16644382 -0.55962753
  -0.50793004 -0.38642693 -0.19276881 -0.22615671]
 [-0.10062599 -0.69158363 -0.45719934 -0.42970085 -0.38073301 -0.48077679
  -0.68164444 -0.64507008 -0.89543486 -0.27189589 -0.28593969 -0.96140361
  -0.87259054 -0.66385698 -0.33116436 -0.38852262]
 [-0.08432436 -0.57954383 -0.38313079 -0.36008692 -0.31905222 -0.4028883
  -0.57121468 -0.54056549 -0.75037003 -0.22784758 -0.23961592 -0.80565166
  -0.73122668 -0.55630875 -0.27751398 -0.32558036]
 [-0.03700924 -0.25435638 -0.16815233 -0.15803909 -0.14002895 -0.17682409
  -0.25070095 -0.23724937 -0.32933044 -0.0999999  -0.105165   -0.35359311
  -0.32092857 -0.24415874 -0.12179828 -0.14289403]
 [-0.03775549 -0.2594862  -0.17154384 -0.16122627 -0.14285326 -0.18038988
  -0.25575686 -0.24203396 -0.33597231 -0.10201693 -0.10728598 -0.36072421
  -0.32740092 -0.24908304 -0.1242547  -0.14577579]
 [-0.09252763 -0.63592339 -0.42040277 -0.39511728 -0.35009074 -0.44208264
  -0.62678385 -0.59315324 -0.82336783 -0.25001287 -0.26292658 -0.8840276
  -0.8023622  -0.61042809 -0.30451131 -0.35725331]
 [-0.03121233 -0.21451712 -0.14181519 -0.13328552 -0.11809683 -0.14912844
  -0.21143389 -0.20008945 -0.27774811 -0.08433723 -0.08869362 -0.29821038
  -0.27066231 -0.20591688 -0.10272121 -0.12051296]
 [-0.03451061 -0.23718596 -0.15680122 -0.14737034 -0.13057661 -0.16488743
  -0.23377752 -0.22123384 -0.30709887 -0.0932498  -0.09806585 -0.32972383
  -0.29926443 -0.22767687 -0.11357641 -0.13324785]]

FAILED! Dimensions:  (16, 17, 16)  Method:  CudaSharedMemory
Result:
 [[ 0.  0.  0.  0.  0.  0.  0.  0.  0.  0.  0.  0.  0.  0.  0.  0.  0.]
 [ 0.  0.  0.  0.  0.  0.  0.  0.  0.  0.  0.  0.  0.  0.  0.  0.  0.]
 [ 0.  0.  0.  0.  0.  0.  0.  0.  0.  0.  0.  0.  0.  0.  0.  0.  0.]
 [ 0.  0.  0.  0.  0.  0.  0.  0.  0.  0.  0.  0.  0.  0.  0.  0.  0.]
 [ 0.  0.  0.  0.  0.  0.  0.  0.  0.  0.  0.  0.  0.  0.  0.  0.  0.]
 [ 0.  0.  0.  0.  0.  0.  0.  0.  0.  0.  0.  0.  0.  0.  0.  0.  0.]
 [ 0.  0.  0.  0.  0.  0.  0.  0.  0.  0.  0.  0.  0.  0.  0.  0.  0.]
 [ 0.  0.  0.  0.  0.  0.  0.  0.  0.  0.  0.  0.  0.  0.  0.  0.  0.]
 [ 0.  0.  0.  0.  0.  0.  0.  0.  0.  0.  0.  0.  0.  0.  0.  0.  0.]
 [ 0.  0.  0.  0.  0.  0.  0.  0.  0.  0.  0.  0.  0.  0.  0.  0.  0.]
 [ 0.  0.  0.  0.  0.  0.  0.  0.  0.  0.  0.  0.  0.  0.  0.  0.  0.]
 [ 0.  0.  0.  0.  0.  0.  0.  0.  0.  0.  0.  0.  0.  0.  0.  0.  0.]
 [ 0.  0.  0.  0.  0.  0.  0.  0.  0.  0.  0.  0.  0.  0.  0.  0.  0.]
 [ 0.  0.  0.  0.  0.  0.  0.  0.  0.  0.  0.  0.  0.  0.  0.  0.  0.]
 [ 0.  0.  0.  0.  0.  0.  0.  0.  0.  0.  0.  0.  0.  0.  0.  0.  0.]
 [ 0.  0.  0.  0.  0.  0.  0.  0.  0.  0.  0.  0.  0.  0.  0.  0.  0.]]
Expected:
 [[ 2.64801264  2.72561574  2.4145472   2.78949118  4.01012659  4.01917696
   4.38738775  3.51772451  3.8688705   2.9504807   2.23057461  3.38878584
   3.49724722  4.38886833  3.73305345  3.1145246   3.03319573]
 [ 4.425704    3.8526473   3.52035713  3.70839763  4.74469852  5.74644661
   5.15214348  4.20918036  4.5596571   3.73796225  2.99456382  5.32164478
   4.13399744  5.09906244  3.70339942  4.72128057  4.6858983 ]
 [ 2.73607612  2.81457329  2.30789375  2.41561389  2.98035431  3.48986053
   3.62565422  3.04166079  2.83357239  2.30065846  3.08795357  2.83554912
   2.37006521  3.45845985  2.32739925  3.09209824  2.51527333]
 [ 3.69800782  3.34434652  2.51004219  2.67633605  4.15384245  4.27361202
   3.9896791   4.0584569   4.0206008   2.81863856  2.29212284  3.46113753
   3.46085262  3.49254155  2.76110315  3.1707809   3.78135657]
 [ 4.26406574  3.60958815  2.34987807  3.11027741  5.31200218  4.71369791
   4.73089314  4.49960613  4.04620743  3.25026321  2.88725901  3.7158289
   3.66372371  4.49302673  3.46171236  3.61179066  4.21299124]
 [ 2.72299862  2.58073735  1.92723012  2.28441739  3.60156441  3.47185946
   3.29954767  3.13609576  3.31932378  2.52661276  2.23640037  2.43115401
   2.84695268  3.65911579  2.60089755  2.19809055  2.83576035]
 [ 3.06644011  2.47767663  2.8760066   2.71521783  2.737818    3.74091077
   3.77394366  2.85963845  3.4711864   3.33734417  2.50490499  3.73542953
   2.36304641  4.29122734  3.27896619  3.36996365  2.38574123]
 [ 4.26268482  3.84728694  3.53132582  3.9607327   5.00016165  5.9600811
   5.28686953  4.61716175  5.4429121   4.38394308  2.88229203  5.31861734
   5.11007023  5.81047201  4.53411388  4.28094101  4.51519585]
 [ 3.43394899  2.86411357  2.14306593  3.04282212  3.39458966  3.86313128
   3.90600109  2.50264883  3.0439558   3.29600358  2.80771255  3.37505007
   2.47216797  4.20448065  3.25469494  3.18742919  2.71692109]
 [ 4.76552773  4.2835207   3.35963964  3.90625882  4.7713995   5.74317026
   5.39326859  4.34873724  3.92796087  3.76544809  3.40712595  4.93350983
   3.53891349  5.69953442  3.95041847  4.4126606   4.24135256]
 [ 3.67559195  4.20770264  4.04383039  3.08987284  4.68327618  5.12391233
   5.74056721  3.95331407  3.71362948  3.44354463  3.4517076   4.16066074
   3.73839307  4.61555529  3.1763134   4.18118715  4.16865921]
 [ 3.20038295  3.33188605  2.44275928  2.71878219  4.49419832  3.80702782
   4.37580156  2.98619628  3.41896009  3.36945224  2.321872    3.94429278
   3.41550612  3.91593075  3.43423796  3.68987036  3.81957245]
 [ 3.91266084  3.1882391   3.38416982  3.12713456  4.59873199  4.91214323
   4.83787727  4.25375986  4.16679955  3.84644079  2.91921973  3.89428496
   3.57687974  4.697052    3.46112442  3.54375792  3.87971187]
 [ 3.25548959  3.44795132  3.19408512  3.1481781   4.91430855  4.96211243
   5.13620615  4.17127085  4.3489213   3.81955385  2.68215418  4.06521082
   3.76853776  4.88778114  3.83235073  3.75955582  4.00457478]
 [ 4.36700535  3.67554021  3.46564174  3.52131319  5.10865498  5.23069715
   5.23056316  4.74875879  4.68703079  4.31094646  3.54376435  4.21736765
   4.02070618  5.85567474  3.9490757   3.76013589  3.99231052]
 [ 3.41274214  3.15041876  3.03516603  2.63141513  4.1595273   4.47317266
   4.14015245  3.42423034  3.76437783  2.85080171  2.66821241  3.9164958
   3.88161588  4.03822279  3.02012396  3.45767498  3.95380235]]
Difference:
 [[-2.64801264 -2.72561574 -2.4145472  -2.78949118 -4.01012659 -4.01917696
  -4.38738775 -3.51772451 -3.8688705  -2.9504807  -2.23057461 -3.38878584
  -3.49724722 -4.38886833 -3.73305345 -3.1145246  -3.03319573]
 [-4.425704   -3.8526473  -3.52035713 -3.70839763 -4.74469852 -5.74644661
  -5.15214348 -4.20918036 -4.5596571  -3.73796225 -2.99456382 -5.32164478
  -4.13399744 -5.09906244 -3.70339942 -4.72128057 -4.6858983 ]
 [-2.73607612 -2.81457329 -2.30789375 -2.41561389 -2.98035431 -3.48986053
  -3.62565422 -3.04166079 -2.83357239 -2.30065846 -3.08795357 -2.83554912
  -2.37006521 -3.45845985 -2.32739925 -3.09209824 -2.51527333]
 [-3.69800782 -3.34434652 -2.51004219 -2.67633605 -4.15384245 -4.27361202
  -3.9896791  -4.0584569  -4.0206008  -2.81863856 -2.29212284 -3.46113753
  -3.46085262 -3.49254155 -2.76110315 -3.1707809  -3.78135657]
 [-4.26406574 -3.60958815 -2.34987807 -3.11027741 -5.31200218 -4.71369791
  -4.73089314 -4.49960613 -4.04620743 -3.25026321 -2.88725901 -3.7158289
  -3.66372371 -4.49302673 -3.46171236 -3.61179066 -4.21299124]
 [-2.72299862 -2.58073735 -1.92723012 -2.28441739 -3.60156441 -3.47185946
  -3.29954767 -3.13609576 -3.31932378 -2.52661276 -2.23640037 -2.43115401
  -2.84695268 -3.65911579 -2.60089755 -2.19809055 -2.83576035]
 [-3.06644011 -2.47767663 -2.8760066  -2.71521783 -2.737818   -3.74091077
  -3.77394366 -2.85963845 -3.4711864  -3.33734417 -2.50490499 -3.73542953
  -2.36304641 -4.29122734 -3.27896619 -3.36996365 -2.38574123]
 [-4.26268482 -3.84728694 -3.53132582 -3.9607327  -5.00016165 -5.9600811
  -5.28686953 -4.61716175 -5.4429121  -4.38394308 -2.88229203 -5.31861734
  -5.11007023 -5.81047201 -4.53411388 -4.28094101 -4.51519585]
 [-3.43394899 -2.86411357 -2.14306593 -3.04282212 -3.39458966 -3.86313128
  -3.90600109 -2.50264883 -3.0439558  -3.29600358 -2.80771255 -3.37505007
  -2.47216797 -4.20448065 -3.25469494 -3.18742919 -2.71692109]
 [-4.76552773 -4.2835207  -3.35963964 -3.90625882 -4.7713995  -5.74317026
  -5.39326859 -4.34873724 -3.92796087 -3.76544809 -3.40712595 -4.93350983
  -3.53891349 -5.69953442 -3.95041847 -4.4126606  -4.24135256]
 [-3.67559195 -4.20770264 -4.04383039 -3.08987284 -4.68327618 -5.12391233
  -5.74056721 -3.95331407 -3.71362948 -3.44354463 -3.4517076  -4.16066074
  -3.73839307 -4.61555529 -3.1763134  -4.18118715 -4.16865921]
 [-3.20038295 -3.33188605 -2.44275928 -2.71878219 -4.49419832 -3.80702782
  -4.37580156 -2.98619628 -3.41896009 -3.36945224 -2.321872   -3.94429278
  -3.41550612 -3.91593075 -3.43423796 -3.68987036 -3.81957245]
 [-3.91266084 -3.1882391  -3.38416982 -3.12713456 -4.59873199 -4.91214323
  -4.83787727 -4.25375986 -4.16679955 -3.84644079 -2.91921973 -3.89428496
  -3.57687974 -4.697052   -3.46112442 -3.54375792 -3.87971187]
 [-3.25548959 -3.44795132 -3.19408512 -3.1481781  -4.91430855 -4.96211243
  -5.13620615 -4.17127085 -4.3489213  -3.81955385 -2.68215418 -4.06521082
  -3.76853776 -4.88778114 -3.83235073 -3.75955582 -4.00457478]
 [-4.36700535 -3.67554021 -3.46564174 -3.52131319 -5.10865498 -5.23069715
  -5.23056316 -4.74875879 -4.68703079 -4.31094646 -3.54376435 -4.21736765
  -4.02070618 -5.85567474 -3.9490757  -3.76013589 -3.99231052]
 [-3.41274214 -3.15041876 -3.03516603 -2.63141513 -4.1595273  -4.47317266
  -4.14015245 -3.42423034 -3.76437783 -2.85080171 -2.66821241 -3.9164958
  -3.88161588 -4.03822279 -3.02012396 -3.45767498 -3.95380235]]

FAILED! Dimensions:  (16, 17, 17)  Method:  CudaSharedMemory
Result:
 [[ 0.  0.  0.  0.  0.  0.  0.  0.  0.  0.  0.  0.  0.  0.  0.  0.  0.]
 [ 0.  0.  0.  0.  0.  0.  0.  0.  0.  0.  0.  0.  0.  0.  0.  0.  0.]
 [ 0.  0.  0.  0.  0.  0.  0.  0.  0.  0.  0.  0.  0.  0.  0.  0.  0.]
 [ 0.  0.  0.  0.  0.  0.  0.  0.  0.  0.  0.  0.  0.  0.  0.  0.  0.]
 [ 0.  0.  0.  0.  0.  0.  0.  0.  0.  0.  0.  0.  0.  0.  0.  0.  0.]
 [ 0.  0.  0.  0.  0.  0.  0.  0.  0.  0.  0.  0.  0.  0.  0.  0.  0.]
 [ 0.  0.  0.  0.  0.  0.  0.  0.  0.  0.  0.  0.  0.  0.  0.  0.  0.]
 [ 0.  0.  0.  0.  0.  0.  0.  0.  0.  0.  0.  0.  0.  0.  0.  0.  0.]
 [ 0.  0.  0.  0.  0.  0.  0.  0.  0.  0.  0.  0.  0.  0.  0.  0.  0.]
 [ 0.  0.  0.  0.  0.  0.  0.  0.  0.  0.  0.  0.  0.  0.  0.  0.  0.]
 [ 0.  0.  0.  0.  0.  0.  0.  0.  0.  0.  0.  0.  0.  0.  0.  0.  0.]
 [ 0.  0.  0.  0.  0.  0.  0.  0.  0.  0.  0.  0.  0.  0.  0.  0.  0.]
 [ 0.  0.  0.  0.  0.  0.  0.  0.  0.  0.  0.  0.  0.  0.  0.  0.  0.]
 [ 0.  0.  0.  0.  0.  0.  0.  0.  0.  0.  0.  0.  0.  0.  0.  0.  0.]
 [ 0.  0.  0.  0.  0.  0.  0.  0.  0.  0.  0.  0.  0.  0.  0.  0.  0.]
 [ 0.  0.  0.  0.  0.  0.  0.  0.  0.  0.  0.  0.  0.  0.  0.  0.  0.]]
Expected:
 [[ 4.27135658  4.44910812  4.67535162  4.87421942  5.71139193  3.00538111
   4.39654398  5.6230092   4.91857338  4.95880651  5.64217138  4.21853065
   5.44364452  4.88866758  4.00019121  4.34110737  4.4846673 ]
 [ 3.26458979  2.29635119  3.87432408  3.77293921  4.33886528  2.83388472
   3.01972437  4.46538258  3.81488919  3.35183883  3.98994803  3.62664127
   4.49683571  3.65604067  3.12719417  4.06906605  3.40485835]
 [ 4.02401209  2.67927194  4.82073259  4.84044695  4.38368511  3.72877169
   3.26124978  4.53390932  4.73799801  4.2418313   4.92469263  4.0826273
   5.02687168  4.4331708   3.2181716   4.85909319  3.85324025]
 [ 3.31229925  3.46161318  3.80590773  3.94573975  4.53647757  3.64520645
   3.59344959  4.79477119  4.39121294  3.77226591  5.14464521  3.79975295
   4.35380888  4.06296253  3.21545672  3.78079724  3.98071122]
 [ 4.10178328  3.9849906   5.26301622  5.52705812  5.82350874  4.00490189
   4.47850895  6.35445595  5.59564304  5.21853876  6.63816118  4.68481731
   5.81079531  5.47267532  3.97906184  4.63041592  4.13079643]
 [ 4.59889317  4.35782766  5.10878515  5.23912382  5.32848167  4.22482252
   4.06335688  5.62447548  5.94824934  4.96132421  6.25865316  4.97233486
   5.70257664  5.76101923  4.18139839  5.80797863  4.49875069]
 [ 3.34045005  3.15944147  4.75017309  5.34953499  5.07752895  4.13996458
   4.31964779  5.76709747  4.8018198   4.34965897  5.41984653  4.2669239
   4.92642403  4.05060101  3.68838334  4.4084301   4.09021997]
 [ 3.31987309  2.87869763  4.38253546  4.61084414  4.50283718  2.9485364
   3.62076449  5.3867135   4.83878374  4.36946678  4.98946619  4.66646767
   4.89857864  3.93100524  3.87285185  4.8611989   4.09271717]
 [ 2.00490618  2.0701158   3.00995636  3.18704128  2.99440169  2.46032929
   2.63039708  4.06883526  3.25506377  2.85874677  3.68062472  3.09691048
   3.0096674   2.53433061  2.71245885  3.1161654   2.87450027]
 [ 5.31481791  4.52954817  5.51673794  5.81436825  6.2573328   4.31519699
   4.64202881  6.54722071  6.56791115  6.37588882  6.33377886  5.6228466
   6.80535793  5.66421747  4.08365822  6.06215239  5.42440319]
 [ 4.06804705  3.09353185  4.15420151  4.41020775  5.22684765  4.30090714
   3.73561859  5.3521781   5.24186563  4.5165453   5.19590235  4.35652018
   5.06115627  4.36874437  3.46064734  4.4345789   4.64403677]
 [ 5.13289928  4.33003426  5.86443853  5.75847006  5.46900558  4.10920429
   4.4612112   6.26231098  6.47980642  5.08231831  6.84597731  5.62476158
   5.94418716  5.71902609  4.74991989  6.31334257  5.6895628 ]
 [ 4.09379864  3.27568316  4.64173031  4.05005503  5.36990261  3.77025127
   3.78879166  5.38582611  5.32795429  5.33867407  5.73961258  4.24367523
   5.16238403  4.48496485  2.55617332  4.21289539  4.34128618]
 [ 3.85906792  3.90191364  4.91115856  5.08897305  4.73841858  3.86988831
   4.11965466  4.90348148  4.24586725  4.27501535  5.43506098  3.94934535
   4.92429256  4.14986277  3.37732363  4.46956396  4.31463671]
 [ 5.58505201  4.8452611   6.31706429  6.5831852   7.27900505  4.89492416
   5.45570278  7.25077391  6.96529388  6.87312841  7.47336626  5.91148376
   7.02506304  6.2697773   4.67920017  6.47156     5.71046877]
 [ 3.7590611   4.20937634  4.76393366  5.15596867  5.21135998  4.05843401
   4.62523794  6.03055763  5.20331573  4.2947464   5.91322088  4.98568392
   5.0096302   4.76201677  3.9027071   5.52695084  4.11290884]]
Difference:
 [[-4.27135658 -4.44910812 -4.67535162 -4.87421942 -5.71139193 -3.00538111
  -4.39654398 -5.6230092  -4.91857338 -4.95880651 -5.64217138 -4.21853065
  -5.44364452 -4.88866758 -4.00019121 -4.34110737 -4.4846673 ]
 [-3.26458979 -2.29635119 -3.87432408 -3.77293921 -4.33886528 -2.83388472
  -3.01972437 -4.46538258 -3.81488919 -3.35183883 -3.98994803 -3.62664127
  -4.49683571 -3.65604067 -3.12719417 -4.06906605 -3.40485835]
 [-4.02401209 -2.67927194 -4.82073259 -4.84044695 -4.38368511 -3.72877169
  -3.26124978 -4.53390932 -4.73799801 -4.2418313  -4.92469263 -4.0826273
  -5.02687168 -4.4331708  -3.2181716  -4.85909319 -3.85324025]
 [-3.31229925 -3.46161318 -3.80590773 -3.94573975 -4.53647757 -3.64520645
  -3.59344959 -4.79477119 -4.39121294 -3.77226591 -5.14464521 -3.79975295
  -4.35380888 -4.06296253 -3.21545672 -3.78079724 -3.98071122]
 [-4.10178328 -3.9849906  -5.26301622 -5.52705812 -5.82350874 -4.00490189
  -4.47850895 -6.35445595 -5.59564304 -5.21853876 -6.63816118 -4.68481731
  -5.81079531 -5.47267532 -3.97906184 -4.63041592 -4.13079643]
 [-4.59889317 -4.35782766 -5.10878515 -5.23912382 -5.32848167 -4.22482252
  -4.06335688 -5.62447548 -5.94824934 -4.96132421 -6.25865316 -4.97233486
  -5.70257664 -5.76101923 -4.18139839 -5.80797863 -4.49875069]
 [-3.34045005 -3.15944147 -4.75017309 -5.34953499 -5.07752895 -4.13996458
  -4.31964779 -5.76709747 -4.8018198  -4.34965897 -5.41984653 -4.2669239
  -4.92642403 -4.05060101 -3.68838334 -4.4084301  -4.09021997]
 [-3.31987309 -2.87869763 -4.38253546 -4.61084414 -4.50283718 -2.9485364
  -3.62076449 -5.3867135  -4.83878374 -4.36946678 -4.98946619 -4.66646767
  -4.89857864 -3.93100524 -3.87285185 -4.8611989  -4.09271717]
 [-2.00490618 -2.0701158  -3.00995636 -3.18704128 -2.99440169 -2.46032929
  -2.63039708 -4.06883526 -3.25506377 -2.85874677 -3.68062472 -3.09691048
  -3.0096674  -2.53433061 -2.71245885 -3.1161654  -2.87450027]
 [-5.31481791 -4.52954817 -5.51673794 -5.81436825 -6.2573328  -4.31519699
  -4.64202881 -6.54722071 -6.56791115 -6.37588882 -6.33377886 -5.6228466
  -6.80535793 -5.66421747 -4.08365822 -6.06215239 -5.42440319]
 [-4.06804705 -3.09353185 -4.15420151 -4.41020775 -5.22684765 -4.30090714
  -3.73561859 -5.3521781  -5.24186563 -4.5165453  -5.19590235 -4.35652018
  -5.06115627 -4.36874437 -3.46064734 -4.4345789  -4.64403677]
 [-5.13289928 -4.33003426 -5.86443853 -5.75847006 -5.46900558 -4.10920429
  -4.4612112  -6.26231098 -6.47980642 -5.08231831 -6.84597731 -5.62476158
  -5.94418716 -5.71902609 -4.74991989 -6.31334257 -5.6895628 ]
 [-4.09379864 -3.27568316 -4.64173031 -4.05005503 -5.36990261 -3.77025127
  -3.78879166 -5.38582611 -5.32795429 -5.33867407 -5.73961258 -4.24367523
  -5.16238403 -4.48496485 -2.55617332 -4.21289539 -4.34128618]
 [-3.85906792 -3.90191364 -4.91115856 -5.08897305 -4.73841858 -3.86988831
  -4.11965466 -4.90348148 -4.24586725 -4.27501535 -5.43506098 -3.94934535
  -4.92429256 -4.14986277 -3.37732363 -4.46956396 -4.31463671]
 [-5.58505201 -4.8452611  -6.31706429 -6.5831852  -7.27900505 -4.89492416
  -5.45570278 -7.25077391 -6.96529388 -6.87312841 -7.47336626 -5.91148376
  -7.02506304 -6.2697773  -4.67920017 -6.47156    -5.71046877]
 [-3.7590611  -4.20937634 -4.76393366 -5.15596867 -5.21135998 -4.05843401
  -4.62523794 -6.03055763 -5.20331573 -4.2947464  -5.91322088 -4.98568392
  -5.0096302  -4.76201677 -3.9027071  -5.52695084 -4.11290884]]

FAILED! Dimensions:  (17, 16, 16)  Method:  CudaSharedMemory
Result:
 [[ 0.  0.  0.  0.  0.  0.  0.  0.  0.  0.  0.  0.  0.  0.  0.  0.]
 [ 0.  0.  0.  0.  0.  0.  0.  0.  0.  0.  0.  0.  0.  0.  0.  0.]
 [ 0.  0.  0.  0.  0.  0.  0.  0.  0.  0.  0.  0.  0.  0.  0.  0.]
 [ 0.  0.  0.  0.  0.  0.  0.  0.  0.  0.  0.  0.  0.  0.  0.  0.]
 [ 0.  0.  0.  0.  0.  0.  0.  0.  0.  0.  0.  0.  0.  0.  0.  0.]
 [ 0.  0.  0.  0.  0.  0.  0.  0.  0.  0.  0.  0.  0.  0.  0.  0.]
 [ 0.  0.  0.  0.  0.  0.  0.  0.  0.  0.  0.  0.  0.  0.  0.  0.]
 [ 0.  0.  0.  0.  0.  0.  0.  0.  0.  0.  0.  0.  0.  0.  0.  0.]
 [ 0.  0.  0.  0.  0.  0.  0.  0.  0.  0.  0.  0.  0.  0.  0.  0.]
 [ 0.  0.  0.  0.  0.  0.  0.  0.  0.  0.  0.  0.  0.  0.  0.  0.]
 [ 0.  0.  0.  0.  0.  0.  0.  0.  0.  0.  0.  0.  0.  0.  0.  0.]
 [ 0.  0.  0.  0.  0.  0.  0.  0.  0.  0.  0.  0.  0.  0.  0.  0.]
 [ 0.  0.  0.  0.  0.  0.  0.  0.  0.  0.  0.  0.  0.  0.  0.  0.]
 [ 0.  0.  0.  0.  0.  0.  0.  0.  0.  0.  0.  0.  0.  0.  0.  0.]
 [ 0.  0.  0.  0.  0.  0.  0.  0.  0.  0.  0.  0.  0.  0.  0.  0.]
 [ 0.  0.  0.  0.  0.  0.  0.  0.  0.  0.  0.  0.  0.  0.  0.  0.]
 [ 0.  0.  0.  0.  0.  0.  0.  0.  0.  0.  0.  0.  0.  0.  0.  0.]]
Expected:
 [[ 3.8276794   4.41650009  3.29183269  3.15189147  2.42119575  4.23900938
   3.40719795  3.20231223  2.64797187  3.65646744  3.0510931   4.56412554
   3.60390544  3.74650502  4.26433039  3.72435021]
 [ 4.58661652  4.80974817  3.59458852  3.7135253   3.36896849  4.74930096
   3.28107691  3.58013082  2.69565964  4.15843868  3.70261598  5.06778669
   4.3973875   4.96052694  3.96323442  4.22327662]
 [ 4.60320187  4.64392757  4.01239777  3.93743968  3.68040228  4.46436644
   3.94214535  3.90215039  2.33255148  4.50088072  3.50034475  5.01553965
   5.15343428  4.70035315  4.17318535  4.44058466]
 [ 4.11857605  4.44105482  2.91628671  3.40859842  2.75976324  4.62408495
   3.71460581  3.44197869  2.78939438  4.30253983  3.2821939   4.72907209
   3.66837287  4.53996134  4.17114544  3.52076936]
 [ 3.42431808  4.87866592  3.41204095  3.23097277  3.04356742  3.17901182
   2.98331189  3.09250045  2.08849335  3.72153926  3.01761436  4.08893156
   4.0393734   3.7993753   3.78944445  3.75438142]
 [ 4.21209288  4.65765285  3.5093143   3.28203988  2.98090076  4.58759308
   3.91861677  3.5916245   2.59264135  4.29778337  3.8778317   4.68125677
   4.06707478  4.55979681  4.37876415  3.88696647]
 [ 5.96698475  5.6918993   4.32536364  5.22271013  4.44913673  5.63553143
   4.70365477  5.11956406  3.39117694  5.52506685  4.85484028  6.10840464
   6.33632755  6.58823633  5.50990152  5.63250351]
 [ 3.25966191  5.25050306  3.32150054  4.33948421  3.40965533  4.50033522
   3.44794106  3.84677219  2.44052887  3.80366707  3.7733798   4.03501701
   5.22832632  4.62360573  4.0152874   3.57268357]
 [ 4.05998421  3.75250816  3.15321088  3.50579619  2.64632893  4.32356405
   3.08390832  3.62957931  2.49684119  3.5934701   3.05843949  4.37867022
   3.70408869  4.09079933  3.55907536  4.03530979]
 [ 3.80685663  4.52366495  3.75134039  4.05737829  3.19160485  4.34720516
   3.42929792  3.76601076  2.45065141  4.05177736  3.21715689  4.62087536
   4.34037638  4.56656456  4.08733511  4.18688917]
 [ 5.0782485   5.9704175   4.53605747  4.7048378   4.07476139  5.28468084
   4.43192768  4.61709118  3.45144176  5.37231016  3.66896033  5.83421993
   5.49427271  5.54267025  4.92603731  4.73125553]
 [ 3.9275403   5.51536703  4.2814579   4.42427826  4.14650154  4.69900274
   3.7876122   4.30395174  2.52307415  4.81441927  3.70041084  4.99201155
   4.9109726   5.30161285  4.26339817  4.252491  ]
 [ 3.94793224  4.31797314  2.93598843  2.95530844  3.0685854   2.87822318
   2.76476979  3.09214091  2.31022978  3.41138792  2.95450377  3.66310263
   4.03997564  4.0201335   3.83571744  3.64045858]
 [ 4.22654295  4.96018314  3.95989847  4.32946539  4.02806234  5.10045147
   4.224648    4.37017155  2.27431512  5.02545404  4.03486538  5.39416265
   5.38548517  5.06826544  4.20784283  4.23555899]
 [ 3.69063449  3.21038651  2.8856647   2.92622614  2.68414426  3.54918075
   2.88390326  2.86779809  2.38769841  3.34728622  2.26614738  3.50611424
   3.49463153  4.12416124  3.32041526  2.98291731]
 [ 5.00723886  4.16699505  3.88528943  3.7731905   3.04167104  4.25057745
   3.62149119  3.98940659  3.14526653  3.86243868  3.15746593  4.66736364
   4.00407839  4.58533812  5.19840956  4.78712988]
 [ 5.30278397  4.55822945  3.69894075  4.20025206  3.71901345  4.97488689
   4.12881708  4.13638973  2.91735578  4.51438236  3.58214164  4.81509495
   5.4994626   5.18487883  5.03840208  4.56082678]]
Difference:
 [[-3.8276794  -4.41650009 -3.29183269 -3.15189147 -2.42119575 -4.23900938
  -3.40719795 -3.20231223 -2.64797187 -3.65646744 -3.0510931  -4.56412554
  -3.60390544 -3.74650502 -4.26433039 -3.72435021]
 [-4.58661652 -4.80974817 -3.59458852 -3.7135253  -3.36896849 -4.74930096
  -3.28107691 -3.58013082 -2.69565964 -4.15843868 -3.70261598 -5.06778669
  -4.3973875  -4.96052694 -3.96323442 -4.22327662]
 [-4.60320187 -4.64392757 -4.01239777 -3.93743968 -3.68040228 -4.46436644
  -3.94214535 -3.90215039 -2.33255148 -4.50088072 -3.50034475 -5.01553965
  -5.15343428 -4.70035315 -4.17318535 -4.44058466]
 [-4.11857605 -4.44105482 -2.91628671 -3.40859842 -2.75976324 -4.62408495
  -3.71460581 -3.44197869 -2.78939438 -4.30253983 -3.2821939  -4.72907209
  -3.66837287 -4.53996134 -4.17114544 -3.52076936]
 [-3.42431808 -4.87866592 -3.41204095 -3.23097277 -3.04356742 -3.17901182
  -2.98331189 -3.09250045 -2.08849335 -3.72153926 -3.01761436 -4.08893156
  -4.0393734  -3.7993753  -3.78944445 -3.75438142]
 [-4.21209288 -4.65765285 -3.5093143  -3.28203988 -2.98090076 -4.58759308
  -3.91861677 -3.5916245  -2.59264135 -4.29778337 -3.8778317  -4.68125677
  -4.06707478 -4.55979681 -4.37876415 -3.88696647]
 [-5.96698475 -5.6918993  -4.32536364 -5.22271013 -4.44913673 -5.63553143
  -4.70365477 -5.11956406 -3.39117694 -5.52506685 -4.85484028 -6.10840464
  -6.33632755 -6.58823633 -5.50990152 -5.63250351]
 [-3.25966191 -5.25050306 -3.32150054 -4.33948421 -3.40965533 -4.50033522
  -3.44794106 -3.84677219 -2.44052887 -3.80366707 -3.7733798  -4.03501701
  -5.22832632 -4.62360573 -4.0152874  -3.57268357]
 [-4.05998421 -3.75250816 -3.15321088 -3.50579619 -2.64632893 -4.32356405
  -3.08390832 -3.62957931 -2.49684119 -3.5934701  -3.05843949 -4.37867022
  -3.70408869 -4.09079933 -3.55907536 -4.03530979]
 [-3.80685663 -4.52366495 -3.75134039 -4.05737829 -3.19160485 -4.34720516
  -3.42929792 -3.76601076 -2.45065141 -4.05177736 -3.21715689 -4.62087536
  -4.34037638 -4.56656456 -4.08733511 -4.18688917]
 [-5.0782485  -5.9704175  -4.53605747 -4.7048378  -4.07476139 -5.28468084
  -4.43192768 -4.61709118 -3.45144176 -5.37231016 -3.66896033 -5.83421993
  -5.49427271 -5.54267025 -4.92603731 -4.73125553]
 [-3.9275403  -5.51536703 -4.2814579  -4.42427826 -4.14650154 -4.69900274
  -3.7876122  -4.30395174 -2.52307415 -4.81441927 -3.70041084 -4.99201155
  -4.9109726  -5.30161285 -4.26339817 -4.252491  ]
 [-3.94793224 -4.31797314 -2.93598843 -2.95530844 -3.0685854  -2.87822318
  -2.76476979 -3.09214091 -2.31022978 -3.41138792 -2.95450377 -3.66310263
  -4.03997564 -4.0201335  -3.83571744 -3.64045858]
 [-4.22654295 -4.96018314 -3.95989847 -4.32946539 -4.02806234 -5.10045147
  -4.224648   -4.37017155 -2.27431512 -5.02545404 -4.03486538 -5.39416265
  -5.38548517 -5.06826544 -4.20784283 -4.23555899]
 [-3.69063449 -3.21038651 -2.8856647  -2.92622614 -2.68414426 -3.54918075
  -2.88390326 -2.86779809 -2.38769841 -3.34728622 -2.26614738 -3.50611424
  -3.49463153 -4.12416124 -3.32041526 -2.98291731]
 [-5.00723886 -4.16699505 -3.88528943 -3.7731905  -3.04167104 -4.25057745
  -3.62149119 -3.98940659 -3.14526653 -3.86243868 -3.15746593 -4.66736364
  -4.00407839 -4.58533812 -5.19840956 -4.78712988]
 [-5.30278397 -4.55822945 -3.69894075 -4.20025206 -3.71901345 -4.97488689
  -4.12881708 -4.13638973 -2.91735578 -4.51438236 -3.58214164 -4.81509495
  -5.4994626  -5.18487883 -5.03840208 -4.56082678]]

FAILED! Dimensions:  (17, 16, 17)  Method:  CudaSharedMemory
Result:
 [[ 0.  0.  0.  0.  0.  0.  0.  0.  0.  0.  0.  0.  0.  0.  0.  0.]
 [ 0.  0.  0.  0.  0.  0.  0.  0.  0.  0.  0.  0.  0.  0.  0.  0.]
 [ 0.  0.  0.  0.  0.  0.  0.  0.  0.  0.  0.  0.  0.  0.  0.  0.]
 [ 0.  0.  0.  0.  0.  0.  0.  0.  0.  0.  0.  0.  0.  0.  0.  0.]
 [ 0.  0.  0.  0.  0.  0.  0.  0.  0.  0.  0.  0.  0.  0.  0.  0.]
 [ 0.  0.  0.  0.  0.  0.  0.  0.  0.  0.  0.  0.  0.  0.  0.  0.]
 [ 0.  0.  0.  0.  0.  0.  0.  0.  0.  0.  0.  0.  0.  0.  0.  0.]
 [ 0.  0.  0.  0.  0.  0.  0.  0.  0.  0.  0.  0.  0.  0.  0.  0.]
 [ 0.  0.  0.  0.  0.  0.  0.  0.  0.  0.  0.  0.  0.  0.  0.  0.]
 [ 0.  0.  0.  0.  0.  0.  0.  0.  0.  0.  0.  0.  0.  0.  0.  0.]
 [ 0.  0.  0.  0.  0.  0.  0.  0.  0.  0.  0.  0.  0.  0.  0.  0.]
 [ 0.  0.  0.  0.  0.  0.  0.  0.  0.  0.  0.  0.  0.  0.  0.  0.]
 [ 0.  0.  0.  0.  0.  0.  0.  0.  0.  0.  0.  0.  0.  0.  0.  0.]
 [ 0.  0.  0.  0.  0.  0.  0.  0.  0.  0.  0.  0.  0.  0.  0.  0.]
 [ 0.  0.  0.  0.  0.  0.  0.  0.  0.  0.  0.  0.  0.  0.  0.  0.]
 [ 0.  0.  0.  0.  0.  0.  0.  0.  0.  0.  0.  0.  0.  0.  0.  0.]
 [ 0.  0.  0.  0.  0.  0.  0.  0.  0.  0.  0.  0.  0.  0.  0.  0.]]
Expected:
 [[ 4.34841013  5.86081409  6.63423491  4.71347427  6.10535574  6.27087212
   5.31292868  3.52376223  5.60461378  4.472929    4.91672182  5.20698595
   4.70735121  5.02595901  6.62358904  4.80813074]
 [ 1.95287323  3.00269699  4.4213872   2.86955476  3.28189588  3.7617662
   3.00380588  2.63739705  3.18473005  2.63678885  2.5358932   2.95057583
   3.08438325  2.49151587  3.81832743  2.3831296 ]
 [ 3.52428722  5.13438511  6.06721878  4.74993324  4.52269316  6.08187008
   4.72562122  3.53938127  5.05344105  3.58480692  4.68916082  5.22328091
   4.13159657  4.64532185  6.11739922  4.79275799]
 [ 2.26673388  3.92205548  5.07877636  3.27437687  3.41092467  4.42648888
   3.96681547  2.93251705  4.04016495  3.27390289  3.38819194  3.76472807
   3.1511991   4.11956644  5.051898    4.5165801 ]
 [ 3.13881516  4.4944253   5.41639662  3.93063188  4.824368    4.93114281
   3.87914467  3.08484507  4.25183487  3.25756979  4.23890591  3.69431424
   3.79875565  4.09972477  5.50727844  3.93088984]
 [ 3.31631589  5.19747543  6.45389032  4.50681734  4.70607328  6.28650379
   4.87442875  3.47644377  5.04316473  4.41653824  4.63118553  5.2027235
   4.85639334  4.74366283  6.46883631  4.65548086]
 [ 2.67201757  3.25986195  4.14866829  2.93250346  3.10003948  4.12576103
   3.36863899  2.42174888  3.43155646  2.43520069  2.53119755  3.42383361
   2.61216092  3.34741712  4.48467827  3.07364273]
 [ 3.27932739  5.14886618  6.81058598  4.41887522  5.24462128  5.87760258
   4.73678637  3.70844626  5.13019133  4.09226942  4.12332439  4.76048994
   4.65691233  4.25475645  5.78456402  3.91499114]
 [ 2.57335973  4.60479259  4.75961733  3.4057126   3.96684122  5.15662193
   4.26383924  2.47764039  4.49105692  3.06053066  4.33547688  4.12424231
   3.54918528  4.39898062  4.87998009  4.0104394 ]
 [ 3.59383869  5.28156614  6.4579668   5.07643843  4.35445213  6.55544138
   5.36964798  3.80681443  5.51774836  4.13726521  4.75574255  5.60607529
   4.85559225  4.66014862  6.67729998  5.24305296]
 [ 2.70024896  4.04108524  5.44556046  3.29988766  3.75474048  4.90196657
   3.97611141  3.14235616  4.22901917  2.16301179  3.56388521  3.85017705
   2.73571324  4.26649666  5.13198185  3.87826204]
 [ 2.16673827  3.9041245   4.71919012  3.0719552   3.13413715  4.61905432
   3.5812521   2.47427464  3.46854424  2.87079954  3.57064939  4.01728678
   3.19272709  3.85310006  4.45205832  3.86631155]
 [ 2.03691459  3.84059095  4.58370161  3.57776618  3.8316164   4.20247459
   3.24339461  2.61088395  3.28715801  3.5329299   3.52059388  3.14712
   3.80325294  3.31965208  4.30775976  3.5494988 ]
 [ 1.83775866  1.98458815  3.34088612  1.75036037  2.14037991  3.01768398
   2.62014532  1.81323683  2.9637239   1.6450702   2.09138536  2.69277143
   2.30427289  1.92094207  2.97210598  1.95736372]
 [ 2.11442423  3.06689739  4.21332169  2.76777673  3.06676459  3.37996817
   2.72620797  2.85368872  3.54397774  2.67660904  2.42692327  2.71667123
   2.24097061  3.15906739  4.02073431  3.33620095]
 [ 3.41945314  5.77104807  6.63767576  4.6936574   5.63478994  6.09423685
   5.43461704  3.5713377   5.24707651  4.39607     5.22288799  4.79158115
   5.41863108  4.70349741  6.54065609  4.80267334]
 [ 3.05083084  4.46229172  6.08168793  3.77006936  4.43402338  5.59755278
   4.05393696  3.41594481  5.28500938  2.85782599  4.60803175  4.65936947
   3.25020123  4.43292189  5.35849953  4.43392515]]
Difference:
 [[-4.34841013 -5.86081409 -6.63423491 -4.71347427 -6.10535574 -6.27087212
  -5.31292868 -3.52376223 -5.60461378 -4.472929   -4.91672182 -5.20698595
  -4.70735121 -5.02595901 -6.62358904 -4.80813074]
 [-1.95287323 -3.00269699 -4.4213872  -2.86955476 -3.28189588 -3.7617662
  -3.00380588 -2.63739705 -3.18473005 -2.63678885 -2.5358932  -2.95057583
  -3.08438325 -2.49151587 -3.81832743 -2.3831296 ]
 [-3.52428722 -5.13438511 -6.06721878 -4.74993324 -4.52269316 -6.08187008
  -4.72562122 -3.53938127 -5.05344105 -3.58480692 -4.68916082 -5.22328091
  -4.13159657 -4.64532185 -6.11739922 -4.79275799]
 [-2.26673388 -3.92205548 -5.07877636 -3.27437687 -3.41092467 -4.42648888
  -3.96681547 -2.93251705 -4.04016495 -3.27390289 -3.38819194 -3.76472807
  -3.1511991  -4.11956644 -5.051898   -4.5165801 ]
 [-3.13881516 -4.4944253  -5.41639662 -3.93063188 -4.824368   -4.93114281
  -3.87914467 -3.08484507 -4.25183487 -3.25756979 -4.23890591 -3.69431424
  -3.79875565 -4.09972477 -5.50727844 -3.93088984]
 [-3.31631589 -5.19747543 -6.45389032 -4.50681734 -4.70607328 -6.28650379
  -4.87442875 -3.47644377 -5.04316473 -4.41653824 -4.63118553 -5.2027235
  -4.85639334 -4.74366283 -6.46883631 -4.65548086]
 [-2.67201757 -3.25986195 -4.14866829 -2.93250346 -3.10003948 -4.12576103
  -3.36863899 -2.42174888 -3.43155646 -2.43520069 -2.53119755 -3.42383361
  -2.61216092 -3.34741712 -4.48467827 -3.07364273]
 [-3.27932739 -5.14886618 -6.81058598 -4.41887522 -5.24462128 -5.87760258
  -4.73678637 -3.70844626 -5.13019133 -4.09226942 -4.12332439 -4.76048994
  -4.65691233 -4.25475645 -5.78456402 -3.91499114]
 [-2.57335973 -4.60479259 -4.75961733 -3.4057126  -3.96684122 -5.15662193
  -4.26383924 -2.47764039 -4.49105692 -3.06053066 -4.33547688 -4.12424231
  -3.54918528 -4.39898062 -4.87998009 -4.0104394 ]
 [-3.59383869 -5.28156614 -6.4579668  -5.07643843 -4.35445213 -6.55544138
  -5.36964798 -3.80681443 -5.51774836 -4.13726521 -4.75574255 -5.60607529
  -4.85559225 -4.66014862 -6.67729998 -5.24305296]
 [-2.70024896 -4.04108524 -5.44556046 -3.29988766 -3.75474048 -4.90196657
  -3.97611141 -3.14235616 -4.22901917 -2.16301179 -3.56388521 -3.85017705
  -2.73571324 -4.26649666 -5.13198185 -3.87826204]
 [-2.16673827 -3.9041245  -4.71919012 -3.0719552  -3.13413715 -4.61905432
  -3.5812521  -2.47427464 -3.46854424 -2.87079954 -3.57064939 -4.01728678
  -3.19272709 -3.85310006 -4.45205832 -3.86631155]
 [-2.03691459 -3.84059095 -4.58370161 -3.57776618 -3.8316164  -4.20247459
  -3.24339461 -2.61088395 -3.28715801 -3.5329299  -3.52059388 -3.14712
  -3.80325294 -3.31965208 -4.30775976 -3.5494988 ]
 [-1.83775866 -1.98458815 -3.34088612 -1.75036037 -2.14037991 -3.01768398
  -2.62014532 -1.81323683 -2.9637239  -1.6450702  -2.09138536 -2.69277143
  -2.30427289 -1.92094207 -2.97210598 -1.95736372]
 [-2.11442423 -3.06689739 -4.21332169 -2.76777673 -3.06676459 -3.37996817
  -2.72620797 -2.85368872 -3.54397774 -2.67660904 -2.42692327 -2.71667123
  -2.24097061 -3.15906739 -4.02073431 -3.33620095]
 [-3.41945314 -5.77104807 -6.63767576 -4.6936574  -5.63478994 -6.09423685
  -5.43461704 -3.5713377  -5.24707651 -4.39607    -5.22288799 -4.79158115
  -5.41863108 -4.70349741 -6.54065609 -4.80267334]
 [-3.05083084 -4.46229172 -6.08168793 -3.77006936 -4.43402338 -5.59755278
  -4.05393696 -3.41594481 -5.28500938 -2.85782599 -4.60803175 -4.65936947
  -3.25020123 -4.43292189 -5.35849953 -4.43392515]]

FAILED! Dimensions:  (17, 17, 16)  Method:  CudaSharedMemory
Result:
 [[ 0.  0.  0.  0.  0.  0.  0.  0.  0.  0.  0.  0.  0.  0.  0.  0.  0.]
 [ 0.  0.  0.  0.  0.  0.  0.  0.  0.  0.  0.  0.  0.  0.  0.  0.  0.]
 [ 0.  0.  0.  0.  0.  0.  0.  0.  0.  0.  0.  0.  0.  0.  0.  0.  0.]
 [ 0.  0.  0.  0.  0.  0.  0.  0.  0.  0.  0.  0.  0.  0.  0.  0.  0.]
 [ 0.  0.  0.  0.  0.  0.  0.  0.  0.  0.  0.  0.  0.  0.  0.  0.  0.]
 [ 0.  0.  0.  0.  0.  0.  0.  0.  0.  0.  0.  0.  0.  0.  0.  0.  0.]
 [ 0.  0.  0.  0.  0.  0.  0.  0.  0.  0.  0.  0.  0.  0.  0.  0.  0.]
 [ 0.  0.  0.  0.  0.  0.  0.  0.  0.  0.  0.  0.  0.  0.  0.  0.  0.]
 [ 0.  0.  0.  0.  0.  0.  0.  0.  0.  0.  0.  0.  0.  0.  0.  0.  0.]
 [ 0.  0.  0.  0.  0.  0.  0.  0.  0.  0.  0.  0.  0.  0.  0.  0.  0.]
 [ 0.  0.  0.  0.  0.  0.  0.  0.  0.  0.  0.  0.  0.  0.  0.  0.  0.]
 [ 0.  0.  0.  0.  0.  0.  0.  0.  0.  0.  0.  0.  0.  0.  0.  0.  0.]
 [ 0.  0.  0.  0.  0.  0.  0.  0.  0.  0.  0.  0.  0.  0.  0.  0.  0.]
 [ 0.  0.  0.  0.  0.  0.  0.  0.  0.  0.  0.  0.  0.  0.  0.  0.  0.]
 [ 0.  0.  0.  0.  0.  0.  0.  0.  0.  0.  0.  0.  0.  0.  0.  0.  0.]
 [ 0.  0.  0.  0.  0.  0.  0.  0.  0.  0.  0.  0.  0.  0.  0.  0.  0.]
 [ 0.  0.  0.  0.  0.  0.  0.  0.  0.  0.  0.  0.  0.  0.  0.  0.  0.]]
Expected:
 [[ 3.18425107  2.58026147  3.35472155  2.91902852  3.44603014  3.2768321
   3.22517157  3.50217724  3.50368142  3.23940969  4.07183552  3.51840782
   3.44809532  3.08091569  3.52173138  3.0134747   4.04894257]
 [ 3.90181756  3.08765721  3.82856441  3.99470806  3.79800057  4.59246922
   3.63257098  3.7294507   3.57351398  3.63718319  3.98426342  4.02767897
   3.93617201  4.09409761  4.2276988   3.40131474  5.16536331]
 [ 3.53005362  2.11199927  3.26163793  2.87219238  3.35126257  2.636163
   3.89998937  3.26810908  3.11350822  3.49714637  3.85384631  2.90562463
   3.34497714  2.49603987  3.1207881   2.49640894  4.03403807]
 [ 3.88776255  3.16335654  3.84779191  3.75050616  3.77255678  4.63625431
   4.38464975  3.61972713  3.84080648  4.08926964  4.48174143  4.84046412
   3.84017134  4.25579214  5.09595919  3.09140968  4.9256525 ]
 [ 4.02498531  3.38161874  4.32560587  3.50536346  4.74199867  4.57351971
   4.07156944  4.54401255  4.74166393  4.63211203  5.42317247  4.20270157
   4.54196024  3.88639927  3.99525547  3.85536218  5.58263922]
 [ 3.12633967  2.16840744  3.55761766  3.91095519  3.66948891  3.9810698
   3.34853148  3.19141006  3.77660036  3.58247662  4.20662451  3.80708838
   3.65138149  3.20749187  3.55570626  3.0649538   4.6695385 ]
 [ 4.21127987  3.33818007  4.31229544  3.76542449  3.83946824  4.60740423
   4.34966373  3.26044536  3.94387293  4.09156942  4.38671827  4.78682375
   3.40990186  4.12176895  4.75719738  3.31865835  5.12304926]
 [ 4.33655787  3.48232675  5.06048536  4.09938526  5.18733072  5.0744071
   4.16930437  4.2706933   5.35444355  5.34739399  5.61759424  5.2362895
   4.65305519  3.98721576  4.92323017  4.26865816  6.07525969]
 [ 3.67800546  2.89217877  3.51323771  3.53443861  3.44714546  3.32890534
   4.14949274  3.50313139  3.68492723  4.10458899  4.37601614  3.90878797
   3.62818885  3.21951914  3.81803036  2.58206582  4.58626699]
 [ 4.71943474  4.0201745   4.45374346  4.34726763  4.77101278  4.81886101
   4.58015919  4.97895384  4.99891901  5.15313578  5.61408806  4.68240452
   4.67350197  4.12166452  4.31519985  3.34656525  6.22968674]
 [ 3.25692439  2.43924046  3.5891583   3.87446046  3.77306437  3.13151908
   3.54408789  3.44787836  3.47266984  3.14749098  3.86547804  3.05619645
   3.65800285  2.96340322  3.10772228  2.94172883  4.42484999]
 [ 4.03755331  3.24444032  4.67228889  4.07275343  4.39901733  4.70981407
   4.46767235  3.43311477  4.43862963  4.53576899  4.38113165  4.61571121
   4.27773094  3.89827085  4.69339991  3.7041328   5.18342209]
 [ 2.94908047  2.45650601  3.84826851  4.15365124  3.59212351  4.22267151
   3.11097217  3.17141652  3.8263042   3.73450828  4.45756245  4.49589109
   3.98983383  3.33175182  3.9264431   3.51408195  5.06227398]
 [ 2.78993464  2.77837133  3.98862791  2.83413792  4.57658005  3.86877656
   3.33848047  3.14510274  3.97048211  3.91557908  4.17023134  3.6759479
   3.85069013  3.00848627  3.6599915   2.90793991  4.66025591]
 [ 4.39296818  4.05840397  4.65675068  3.81355786  5.03308153  4.18224573
   4.53389597  4.64809608  5.05229855  5.01629734  5.17215919  4.29420519
   4.65022039  3.69179606  4.13471127  3.42055702  5.57519865]
 [ 3.37720919  3.61020112  4.55559921  3.51837659  4.5431242   4.25639296
   4.62092733  4.16028547  4.2770009   3.92399383  4.53681231  3.99779725
   4.3211894   3.40298581  4.17174768  3.39153981  5.21512747]
 [ 4.05578709  2.70675397  3.90801454  3.33823895  4.3793745   4.18669844
   3.72111416  4.12962389  3.6057682   3.61174393  4.675354    3.89532423
   3.79160833  3.56210232  4.12246656  3.56161952  5.16585684]]
Difference:
 [[-3.18425107 -2.58026147 -3.35472155 -2.91902852 -3.44603014 -3.2768321
  -3.22517157 -3.50217724 -3.50368142 -3.23940969 -4.07183552 -3.51840782
  -3.44809532 -3.08091569 -3.52173138 -3.0134747  -4.04894257]
 [-3.90181756 -3.08765721 -3.82856441 -3.99470806 -3.79800057 -4.59246922
  -3.63257098 -3.7294507  -3.57351398 -3.63718319 -3.98426342 -4.02767897
  -3.93617201 -4.09409761 -4.2276988  -3.40131474 -5.16536331]
 [-3.53005362 -2.11199927 -3.26163793 -2.87219238 -3.35126257 -2.636163
  -3.89998937 -3.26810908 -3.11350822 -3.49714637 -3.85384631 -2.90562463
  -3.34497714 -2.49603987 -3.1207881  -2.49640894 -4.03403807]
 [-3.88776255 -3.16335654 -3.84779191 -3.75050616 -3.77255678 -4.63625431
  -4.38464975 -3.61972713 -3.84080648 -4.08926964 -4.48174143 -4.84046412
  -3.84017134 -4.25579214 -5.09595919 -3.09140968 -4.9256525 ]
 [-4.02498531 -3.38161874 -4.32560587 -3.50536346 -4.74199867 -4.57351971
  -4.07156944 -4.54401255 -4.74166393 -4.63211203 -5.42317247 -4.20270157
  -4.54196024 -3.88639927 -3.99525547 -3.85536218 -5.58263922]
 [-3.12633967 -2.16840744 -3.55761766 -3.91095519 -3.66948891 -3.9810698
  -3.34853148 -3.19141006 -3.77660036 -3.58247662 -4.20662451 -3.80708838
  -3.65138149 -3.20749187 -3.55570626 -3.0649538  -4.6695385 ]
 [-4.21127987 -3.33818007 -4.31229544 -3.76542449 -3.83946824 -4.60740423
  -4.34966373 -3.26044536 -3.94387293 -4.09156942 -4.38671827 -4.78682375
  -3.40990186 -4.12176895 -4.75719738 -3.31865835 -5.12304926]
 [-4.33655787 -3.48232675 -5.06048536 -4.09938526 -5.18733072 -5.0744071
  -4.16930437 -4.2706933  -5.35444355 -5.34739399 -5.61759424 -5.2362895
  -4.65305519 -3.98721576 -4.92323017 -4.26865816 -6.07525969]
 [-3.67800546 -2.89217877 -3.51323771 -3.53443861 -3.44714546 -3.32890534
  -4.14949274 -3.50313139 -3.68492723 -4.10458899 -4.37601614 -3.90878797
  -3.62818885 -3.21951914 -3.81803036 -2.58206582 -4.58626699]
 [-4.71943474 -4.0201745  -4.45374346 -4.34726763 -4.77101278 -4.81886101
  -4.58015919 -4.97895384 -4.99891901 -5.15313578 -5.61408806 -4.68240452
  -4.67350197 -4.12166452 -4.31519985 -3.34656525 -6.22968674]
 [-3.25692439 -2.43924046 -3.5891583  -3.87446046 -3.77306437 -3.13151908
  -3.54408789 -3.44787836 -3.47266984 -3.14749098 -3.86547804 -3.05619645
  -3.65800285 -2.96340322 -3.10772228 -2.94172883 -4.42484999]
 [-4.03755331 -3.24444032 -4.67228889 -4.07275343 -4.39901733 -4.70981407
  -4.46767235 -3.43311477 -4.43862963 -4.53576899 -4.38113165 -4.61571121
  -4.27773094 -3.89827085 -4.69339991 -3.7041328  -5.18342209]
 [-2.94908047 -2.45650601 -3.84826851 -4.15365124 -3.59212351 -4.22267151
  -3.11097217 -3.17141652 -3.8263042  -3.73450828 -4.45756245 -4.49589109
  -3.98983383 -3.33175182 -3.9264431  -3.51408195 -5.06227398]
 [-2.78993464 -2.77837133 -3.98862791 -2.83413792 -4.57658005 -3.86877656
  -3.33848047 -3.14510274 -3.97048211 -3.91557908 -4.17023134 -3.6759479
  -3.85069013 -3.00848627 -3.6599915  -2.90793991 -4.66025591]
 [-4.39296818 -4.05840397 -4.65675068 -3.81355786 -5.03308153 -4.18224573
  -4.53389597 -4.64809608 -5.05229855 -5.01629734 -5.17215919 -4.29420519
  -4.65022039 -3.69179606 -4.13471127 -3.42055702 -5.57519865]
 [-3.37720919 -3.61020112 -4.55559921 -3.51837659 -4.5431242  -4.25639296
  -4.62092733 -4.16028547 -4.2770009  -3.92399383 -4.53681231 -3.99779725
  -4.3211894  -3.40298581 -4.17174768 -3.39153981 -5.21512747]
 [-4.05578709 -2.70675397 -3.90801454 -3.33823895 -4.3793745  -4.18669844
  -3.72111416 -4.12962389 -3.6057682  -3.61174393 -4.675354   -3.89532423
  -3.79160833 -3.56210232 -4.12246656 -3.56161952 -5.16585684]]

FAILED! Dimensions:  (17, 17, 17)  Method:  CudaSharedMemory
Result:
 [[ 0.5802756  0.         0.         0.         0.         0.         0.         0.
   0.         0.         0.         0.         0.         0.         0.         0.
   0.5802756]
 [ 0.         0.         0.         0.         0.         0.         0.         0.
   0.         0.         0.         0.         0.         0.         0.         0.
   0.       ]
 [ 0.         0.         0.         0.         0.         0.         0.         0.
   0.         0.         0.         0.         0.         0.         0.         0.
   0.       ]
 [ 0.         0.         0.         0.         0.         0.         0.         0.
   0.         0.         0.         0.         0.         0.         0.         0.
   0.       ]
 [ 0.         0.         0.         0.         0.         0.         0.         0.
   0.         0.         0.         0.         0.         0.         0.         0.
   0.       ]
 [ 0.         0.         0.         0.         0.         0.         0.         0.
   0.         0.         0.         0.         0.         0.         0.         0.
   0.       ]
 [ 0.         0.         0.         0.         0.         0.         0.         0.
   0.         0.         0.         0.         0.         0.         0.         0.
   0.       ]
 [ 0.         0.         0.         0.         0.         0.         0.         0.
   0.         0.         0.         0.         0.         0.         0.         0.
   0.       ]
 [ 0.         0.         0.         0.         0.         0.         0.         0.
   0.         0.         0.         0.         0.         0.         0.         0.
   0.       ]
 [ 0.         0.         0.         0.         0.         0.         0.         0.
   0.         0.         0.         0.         0.         0.         0.         0.
   0.       ]
 [ 0.         0.         0.         0.         0.         0.         0.         0.
   0.         0.         0.         0.         0.         0.         0.         0.
   0.       ]
 [ 0.         0.         0.         0.         0.         0.         0.         0.
   0.         0.         0.         0.         0.         0.         0.         0.
   0.       ]
 [ 0.         0.         0.         0.         0.         0.         0.         0.
   0.         0.         0.         0.         0.         0.         0.         0.
   0.       ]
 [ 0.         0.         0.         0.         0.         0.         0.         0.
   0.         0.         0.         0.         0.         0.         0.         0.
   0.       ]
 [ 0.         0.         0.         0.         0.         0.         0.         0.
   0.         0.         0.         0.         0.         0.         0.         0.
   0.       ]
 [ 0.         0.         0.         0.         0.         0.         0.         0.
   0.         0.         0.         0.         0.         0.         0.         0.
   0.       ]
 [ 0.5802756  0.         0.         0.         0.         0.         0.         0.
   0.         0.         0.         0.         0.         0.         0.         0.
   0.5802756]]
Expected:
 [[ 5.66513872  6.50962687  5.76891184  4.57384062  6.3009944   6.20517683
   5.24544382  5.66805172  4.94340611  5.26495838  5.26567554  5.43644428
   5.63471651  6.59067345  5.79734516  5.91557884  5.44045305]
 [ 4.35707235  5.73647356  5.11978722  3.78345037  4.97181511  4.76795864
   3.88187099  4.68275356  3.43881345  4.26108646  4.85976124  4.51854992
   4.67326784  4.96270227  3.9096396   4.55132675  5.1773243 ]
 [ 4.17261314  4.82003498  4.6792345   3.86549187  5.30823469  5.44017649
   4.40651894  4.33844948  3.95475912  4.79143858  4.82317114  4.72134066
   5.05224848  4.52871084  5.22699308  4.6437664   4.84841108]
 [ 3.06178641  4.25604725  3.40225768  3.45984983  4.12454271  3.67435861
   2.89064169  3.07561207  2.80049109  3.77333355  3.01198936  3.62925053
   3.58511019  3.79163122  3.08572769  3.34086752  4.05356407]
 [ 3.61299038  4.83519697  4.36620712  3.45624185  4.3803978   4.61025858
   3.75826144  3.93491912  3.19394159  3.80960608  4.13731766  3.83069444
   4.11119843  4.46077919  3.68913412  3.76248169  4.09703827]
 [ 3.89690495  4.9308238   3.55287147  4.22032404  5.30235147  4.66669703
   3.92132711  4.11352491  4.40453577  4.72066355  3.65227413  3.93149662
   3.74114013  4.01638699  4.80713749  3.89595914  4.50021601]
 [ 4.971632    6.00795984  4.98932743  3.76874542  5.7178154   4.96609879
   4.29333878  4.90261412  3.74465752  5.35616684  5.00472736  5.19367743
   4.70742655  5.29578686  4.61552048  4.79367161  5.53010654]
 [ 4.62612724  6.91339064  5.22903776  4.36547852  5.99377966  5.78846359
   4.88527393  5.01641178  4.43545008  5.89409781  5.21294069  4.92897463
   4.91103125  5.22086477  5.451478    4.96873951  5.70348501]
 [ 4.28566551  5.37463856  4.00519276  3.98077178  5.84084129  5.24587107
   4.52656364  4.1194911   3.97483921  5.75175858  4.06215858  4.79620695
   4.43541431  4.39968681  5.18090773  4.66973782  5.36232042]
 [ 4.28842306  6.01726818  4.99003267  3.60371494  4.79660797  4.74224758
   4.19358969  4.58538342  3.75578976  4.99610853  4.26670456  4.65616035
   4.26739883  4.66075659  4.46340799  4.9599514   5.30430555]
 [ 4.06589031  5.6983943   4.35527277  4.13059759  5.23933887  4.82629967
   3.64029217  3.8638835   4.33147192  5.5371747   3.58243823  4.99058962
   3.89034057  4.81934738  4.3296814   4.83304501  5.54276371]
 [ 3.60380626  4.14758873  3.99959803  2.75501227  4.37671423  4.52692556
   3.70103407  3.53829312  3.2702713   3.86931968  4.05537558  3.76847434
   3.65268874  4.28360176  3.87084556  3.88186336  3.6986258 ]
 [ 3.38447738  4.8733201   4.16845846  2.71370101  4.59333277  4.340065
   2.81942749  3.44837594  3.23009849  4.56637001  3.71902943  4.05147648
   3.89969277  4.16395378  3.47871995  3.42478991  4.54622602]
 [ 4.10202694  5.89476919  4.91970873  3.79262686  4.862679    4.52778339
   3.7354691   3.80079103  3.93236327  5.52863503  4.18397236  5.22639513
   3.84653425  5.19639444  4.19622564  5.11022425  5.21819544]
 [ 5.04470634  6.0248394   4.73879385  4.23132277  5.7428937   4.85819626
   4.31615973  4.98520327  4.49879789  5.30646467  4.05940199  5.30695343
   4.66700315  5.67426395  4.91125679  5.27771425  5.23043251]
 [ 4.38444948  5.68385553  4.81839895  3.24874282  5.12290525  4.91291237
   3.47658324  4.83192825  4.0412817   4.63342381  4.09254217  5.05790901
   4.48022461  4.58207083  4.36593437  5.07687235  5.34574366]
 [ 3.40143704  5.26516485  4.12475872  3.88673425  5.01815414  4.76376915
   4.02071905  3.21343637  3.73924017  5.75672293  4.13405752  4.6376071
   3.69099951  3.86632967  4.87080812  4.56296492  5.00424099]]
Difference:
 [[-5.08486319 -6.50962687 -5.76891184 -4.57384062 -6.3009944  -6.20517683
  -5.24544382 -5.66805172 -4.94340611 -5.26495838 -5.26567554 -5.43644428
  -5.63471651 -6.59067345 -5.79734516 -5.91557884 -4.86017752]
 [-4.35707235 -5.73647356 -5.11978722 -3.78345037 -4.97181511 -4.76795864
  -3.88187099 -4.68275356 -3.43881345 -4.26108646 -4.85976124 -4.51854992
  -4.67326784 -4.96270227 -3.9096396  -4.55132675 -5.1773243 ]
 [-4.17261314 -4.82003498 -4.6792345  -3.86549187 -5.30823469 -5.44017649
  -4.40651894 -4.33844948 -3.95475912 -4.79143858 -4.82317114 -4.72134066
  -5.05224848 -4.52871084 -5.22699308 -4.6437664  -4.84841108]
 [-3.06178641 -4.25604725 -3.40225768 -3.45984983 -4.12454271 -3.67435861
  -2.89064169 -3.07561207 -2.80049109 -3.77333355 -3.01198936 -3.62925053
  -3.58511019 -3.79163122 -3.08572769 -3.34086752 -4.05356407]
 [-3.61299038 -4.83519697 -4.36620712 -3.45624185 -4.3803978  -4.61025858
  -3.75826144 -3.93491912 -3.19394159 -3.80960608 -4.13731766 -3.83069444
  -4.11119843 -4.46077919 -3.68913412 -3.76248169 -4.09703827]
 [-3.89690495 -4.9308238  -3.55287147 -4.22032404 -5.30235147 -4.66669703
  -3.92132711 -4.11352491 -4.40453577 -4.72066355 -3.65227413 -3.93149662
  -3.74114013 -4.01638699 -4.80713749 -3.89595914 -4.50021601]
 [-4.971632   -6.00795984 -4.98932743 -3.76874542 -5.7178154  -4.96609879
  -4.29333878 -4.90261412 -3.74465752 -5.35616684 -5.00472736 -5.19367743
  -4.70742655 -5.29578686 -4.61552048 -4.79367161 -5.53010654]
 [-4.62612724 -6.91339064 -5.22903776 -4.36547852 -5.99377966 -5.78846359
  -4.88527393 -5.01641178 -4.43545008 -5.89409781 -5.21294069 -4.92897463
  -4.91103125 -5.22086477 -5.451478   -4.96873951 -5.70348501]
 [-4.28566551 -5.37463856 -4.00519276 -3.98077178 -5.84084129 -5.24587107
  -4.52656364 -4.1194911  -3.97483921 -5.75175858 -4.06215858 -4.79620695
  -4.43541431 -4.39968681 -5.18090773 -4.66973782 -5.36232042]
 [-4.28842306 -6.01726818 -4.99003267 -3.60371494 -4.79660797 -4.74224758
  -4.19358969 -4.58538342 -3.75578976 -4.99610853 -4.26670456 -4.65616035
  -4.26739883 -4.66075659 -4.46340799 -4.9599514  -5.30430555]
 [-4.06589031 -5.6983943  -4.35527277 -4.13059759 -5.23933887 -4.82629967
  -3.64029217 -3.8638835  -4.33147192 -5.5371747  -3.58243823 -4.99058962
  -3.89034057 -4.81934738 -4.3296814  -4.83304501 -5.54276371]
 [-3.60380626 -4.14758873 -3.99959803 -2.75501227 -4.37671423 -4.52692556
  -3.70103407 -3.53829312 -3.2702713  -3.86931968 -4.05537558 -3.76847434
  -3.65268874 -4.28360176 -3.87084556 -3.88186336 -3.6986258 ]
 [-3.38447738 -4.8733201  -4.16845846 -2.71370101 -4.59333277 -4.340065
  -2.81942749 -3.44837594 -3.23009849 -4.56637001 -3.71902943 -4.05147648
  -3.89969277 -4.16395378 -3.47871995 -3.42478991 -4.54622602]
 [-4.10202694 -5.89476919 -4.91970873 -3.79262686 -4.862679   -4.52778339
  -3.7354691  -3.80079103 -3.93236327 -5.52863503 -4.18397236 -5.22639513
  -3.84653425 -5.19639444 -4.19622564 -5.11022425 -5.21819544]
 [-5.04470634 -6.0248394  -4.73879385 -4.23132277 -5.7428937  -4.85819626
  -4.31615973 -4.98520327 -4.49879789 -5.30646467 -4.05940199 -5.30695343
  -4.66700315 -5.67426395 -4.91125679 -5.27771425 -5.23043251]
 [-4.38444948 -5.68385553 -4.81839895 -3.24874282 -5.12290525 -4.91291237
  -3.47658324 -4.83192825 -4.0412817  -4.63342381 -4.09254217 -5.05790901
  -4.48022461 -4.58207083 -4.36593437 -5.07687235 -5.34574366]
 [-2.82116151 -5.26516485 -4.12475872 -3.88673425 -5.01815414 -4.76376915
  -4.02071905 -3.21343637 -3.73924017 -5.75672293 -4.13405752 -4.6376071
  -3.69099951 -3.86632967 -4.87080812 -4.56296492 -4.42396545]]

Method: CudaSharedMemory          , dims: (16, 16, 16)        , pass(1)/fail(0): 1,	 time (s): 0.0017266273498535156

Method: CudaSharedMemory          , dims: (16, 16, 17)        , pass(1)/fail(0): 0,	 time (s): 0.0016772747039794922

Method: CudaSharedMemory          , dims: (16, 17, 16)        , pass(1)/fail(0): 0,	 time (s): 0.0017142295837402344

Method: CudaSharedMemory          , dims: (16, 17, 17)        , pass(1)/fail(0): 0,	 time (s): 0.0017464160919189453

Method: CudaSharedMemory          , dims: (17, 16, 16)        , pass(1)/fail(0): 0,	 time (s): 0.0015628337860107422

Method: CudaSharedMemory          , dims: (17, 16, 17)        , pass(1)/fail(0): 0,	 time (s): 0.0019388198852539062

Method: CudaSharedMemory          , dims: (17, 17, 16)        , pass(1)/fail(0): 0,	 time (s): 0.001661062240600586

Method: CudaSharedMemory          , dims: (17, 17, 17)        , pass(1)/fail(0): 0,	 time (s): 0.0017580986022949219

