Device name: b'Tesla K80'
Compute capability: (3, 7)
Total global memory (GB): 11.173095703125
Free global memory (GB): 11.115966796875
Used global memory (GB): 0.05712890625
Max threads per block: 1024
Max block dimensions: x=1024, y=1024, z=64
Max grid dimensions: x=2147483647, y=65535, z=65535
Max shared memory per block (KB): 48.0
Method: CudaSharedMemoryGeneral   , dims: (2, 2, 2)           , pass(1)/fail(0): 1,	 time (s): 0.0021505355834960938

Method: CudaSharedMemoryGeneral   , dims: (2, 2, 3)           , pass(1)/fail(0): 1,	 time (s): 0.0020041465759277344

Method: CudaSharedMemoryGeneral   , dims: (2, 3, 2)           , pass(1)/fail(0): 1,	 time (s): 0.00213623046875

Method: CudaSharedMemoryGeneral   , dims: (2, 3, 3)           , pass(1)/fail(0): 1,	 time (s): 0.0019443035125732422

Method: CudaSharedMemoryGeneral   , dims: (3, 2, 2)           , pass(1)/fail(0): 1,	 time (s): 0.0019702911376953125

Method: CudaSharedMemoryGeneral   , dims: (3, 2, 3)           , pass(1)/fail(0): 1,	 time (s): 0.002093076705932617

Method: CudaSharedMemoryGeneral   , dims: (3, 3, 2)           , pass(1)/fail(0): 1,	 time (s): 0.002094745635986328

Method: CudaSharedMemoryGeneral   , dims: (3, 3, 3)           , pass(1)/fail(0): 1,	 time (s): 0.0019507408142089844

Method: CudaSharedMemoryGeneral   , dims: (5, 5, 5)           , pass(1)/fail(0): 1,	 time (s): 0.0022928714752197266

Method: CudaSharedMemoryGeneral   , dims: (5, 5, 7)           , pass(1)/fail(0): 1,	 time (s): 0.0022220611572265625

Method: CudaSharedMemoryGeneral   , dims: (5, 7, 5)           , pass(1)/fail(0): 1,	 time (s): 0.0019135475158691406

Method: CudaSharedMemoryGeneral   , dims: (5, 7, 7)           , pass(1)/fail(0): 1,	 time (s): 0.00191497802734375

Method: CudaSharedMemoryGeneral   , dims: (7, 5, 5)           , pass(1)/fail(0): 1,	 time (s): 0.0019812583923339844

Method: CudaSharedMemoryGeneral   , dims: (7, 5, 7)           , pass(1)/fail(0): 1,	 time (s): 0.0019047260284423828

Method: CudaSharedMemoryGeneral   , dims: (7, 7, 5)           , pass(1)/fail(0): 1,	 time (s): 0.001905202865600586

Method: CudaSharedMemoryGeneral   , dims: (7, 7, 7)           , pass(1)/fail(0): 1,	 time (s): 0.0019075870513916016

