Device name: b'NVIDIA A100-PCIE-40GB'
Compute capability: (8, 0)
Total global memory (GB): 39.39385986328125
Free global memory (GB): 38.98077392578125
Used global memory (GB): 0.4130859375
Max threads per block: 1024
Max block dimensions: x=1024, y=1024, z=64
Max grid dimensions: x=2147483647, y=65535, z=65535
Max shared memory per block (KB): 48.0
FAILED! Dimensions:  (16, 16, 17)  Method:  CudaSharedMemory
Result:
 [[ 3.74724698  4.44810581  5.04688072  4.21586084  4.08446836  3.99961996
   3.9992888   4.6052537   5.43842173  4.96225309  4.59344673  4.91764688
   4.09973669  4.51399517  3.81572556  6.19783449]
 [ 3.4340508   3.83173013  4.87690544  4.42109919  2.97823358  3.87197638
   3.46825576  4.41896582  4.90055847  4.70571327  3.99415779  4.58427286
   3.4996469   4.06619072  3.89638424  5.46897125]
 [ 2.35595894  2.72870922  3.44581771  3.55947423  1.99207425  3.89183426
   3.16410112  3.31932688  3.89128041  3.65578079  2.74554801  4.02895594
   2.87021852  3.37762308  3.48944473  4.03569651]
 [ 2.08803058  3.04065275  3.33793163  3.12160468  2.41364479  3.39392853
   3.15466261  2.91122317  3.64602041  3.91177416  3.02708578  3.98188019
   2.29419565  3.85954142  3.54629302  4.26321936]
 [ 3.31709623  4.00766897  4.51085806  4.11403131  3.24076962  4.9505949
   4.27650166  3.95269084  4.25309896  5.30914688  4.24334621  4.07840443
   3.74893951  3.17138648  4.01767778  4.99535131]
 [ 3.3620491   3.95033789  4.37773132  3.84423447  3.05641508  4.70941019
   3.94873667  3.73403978  4.62004328  4.52869081  4.07185936  4.60535479
   4.05557013  4.10716963  4.08816195  5.58583832]
 [ 3.28905988  3.01111245  4.23062754  3.46535492  2.90426707  4.1222043
   3.53389859  3.61674237  3.45606327  3.75679517  3.15383148  3.4063375
   3.32560182  2.60701013  3.68365788  4.42192602]
 [ 2.94650674  2.95511818  4.03676748  3.91983795  2.54116035  4.07552576
   3.21500969  3.59102249  4.77222586  4.02943468  3.56849885  4.36615372
   3.62145257  3.89356923  3.70026469  4.85282469]
 [ 3.24949813  4.31709862  4.59492493  4.25242758  3.23152804  4.97979927
   4.119277    3.58311415  4.69450331  5.34597111  3.8957715   4.65946198
   3.64884615  3.72810221  4.09057236  4.85116386]
 [ 2.7080605   2.16466331  3.48119998  2.86356688  1.99994898  3.14195323
   2.88507438  3.63251996  3.26008749  2.5199306   2.95986152  3.25179839
   2.49013615  2.73502803  2.57412362  3.98671651]
 [ 3.09260058  3.09502196  3.92920923  3.80317497  2.14015436  4.27143764
   3.39809227  3.64398932  3.73553205  4.21249342  3.31126809  4.16206026
   3.07638311  4.11771774  4.16461992  5.22849894]
 [ 3.11995697  3.88606215  4.02266693  3.6946454   3.01349258  4.16754913
   4.06863308  4.21871519  4.35650349  4.4632082   4.255795    4.29622507
   3.29506135  4.25242424  4.09270334  5.62390614]
 [ 3.09279609  3.57698321  4.42407274  3.63581324  3.02620888  3.56783056
   3.45036697  4.31711769  4.64328766  3.69881558  3.87564492  4.31957388
   3.50065374  3.17781091  3.09664726  4.96494198]
 [ 2.26674199  2.64908624  4.33030558  3.76935363  2.53941607  3.81369138
   3.94140911  3.60855556  3.35918164  3.898072    3.26078105  4.93392372
   3.69248748  3.29228854  3.6403439   4.44937181]
 [ 3.32905793  3.93116689  4.97201967  3.93083501  3.32086873  4.50318003
   4.26451921  3.84338951  3.95464921  4.80468559  3.82928681  4.95492506
   3.76835227  3.9547565   4.27431059  5.48827553]
 [ 2.84413743  3.35244536  4.26618385  3.82834888  3.39916754  3.87217546
   3.99517441  4.13738918  4.36235905  4.20505285  3.48172092  4.32017088
   3.66806602  3.44972277  3.83490968  4.78306246]]
Expected:
 [[ 3.94385672  4.79873896  5.47315407  4.5804801   4.30507755  4.30196476
   4.39267302  5.15333891  5.76860428  5.2934227   4.80207539  5.33015394
   4.41287279  4.65536976  3.86766338  6.40992069]
 [ 3.44224787  3.84634852  4.89467764  4.43630075  2.98743105  3.88458157
   3.48465657  4.44181633  4.91432428  4.71952009  4.00285578  4.60147095
   3.51270199  4.0720849   3.89854956  5.47781324]
 [ 2.47530556  2.94155121  3.70457506  3.78080606  2.12598896  4.07536411
   3.40289402  3.65202665  4.09170818  3.85680819  2.87219024  4.27935696
   3.06029916  3.46344066  3.52097225  4.16443729]
 [ 2.2647903   3.35588527  3.72116756  3.44941115  2.61198092  3.66574812
   3.50832987  3.40397263  3.94286704  4.20950842  3.21465087  4.35273981
   2.57571721  3.9866426   3.5929873   4.45389271]
 [ 3.34930849  4.06511641  4.58069801  4.17376995  3.27691388  5.00013065
   4.34095335  4.04248857  4.30719566  5.36340523  4.27752781  4.14598894
   3.80024338  3.19454908  4.02618742  5.03009939]
 [ 3.60909343  4.39091539  4.91335249  4.30238581  3.33361506  5.08931255
   4.44303179  4.42271996  5.03492403  4.9448123   4.33400536  5.12367868
   4.44903231  4.28480959  4.15342283  5.85232878]
 [ 3.35563827  3.12984776  4.37497711  3.58882642  2.9789722   4.22458792
   3.66711092  3.80234122  3.56787348  3.86893964  3.22447968  3.54602551
   3.43163967  2.6548841   3.70124578  4.49374533]
 [ 3.19568992  3.39951015  4.57702589  4.3819561   2.82076025  4.45871735
   3.71358442  4.28566504  5.19069862  4.44915867  3.83291459  4.88896513
   4.01832104  4.07274723  3.76609087  5.12162256]
 [ 3.4198513   4.6209054   4.96427059  4.5683527   3.42267537  5.24176693
   4.46012592  4.0580039   4.98059082  5.63291407  4.07653856  5.01688004
   3.92016387  3.85059667  4.13557386  5.03492641]
 [ 2.85685039  2.43001437  3.80379391  3.13950229  2.16690087  3.37076092
   3.1827786   4.04729843  3.50996184  2.7705524   3.11774683  3.56397438
   2.72711062  2.84201717  2.61342907  4.1472187 ]
 [ 3.11300397  3.13140917  3.97344613  3.84101367  2.16304827  4.30281353
   3.43891597  3.70086741  3.76979709  4.24686098  3.33291864  4.20486832
   3.10887909  4.13238907  4.17000961  5.25050831]
 [ 3.40025592  4.3859458   4.63038778  4.21446848  3.32800627  4.5985899
   4.6294651   5.00009871  4.82723141  4.93534374  4.55322838  4.88432026
   3.74148726  4.45397663  4.166749    5.92626905]
 [ 3.36092448  4.05516195  5.00540686  4.1330657   3.32706642  3.98015594
   3.98684812  5.06457376  5.09357643  4.15045118  4.16016388  4.88213444
   3.92769599  3.37061167  3.16747808  5.25417614]
 [ 2.61490941  3.27000642  5.08517361  4.41504145  2.9300828   4.34910011
   4.6380353   4.57913494  3.94388652  4.48452568  3.6302321   5.66441441
   4.24700642  3.54264235  3.7323184   4.82494545]
 [ 3.59100962  4.39833021  5.53996181  4.41663265  3.61479592  4.90600681
   4.78864193  4.573627    4.39456558  5.24591732  4.10725164  5.50452614
   4.18555737  4.143116    4.34350967  5.77084732]
 [ 2.9260006   3.49844003  4.44367313  3.98016691  3.49102354  3.99806404
   4.1589694   4.36559772  4.49983835  4.34294319  3.5685885   4.4919281
   3.79844785  3.5085876   3.8565352   4.87136984]]
Difference:
 [[-0.19660974 -0.35063314 -0.42627335 -0.36461926 -0.22060919 -0.3023448
  -0.39338422 -0.54808521 -0.33018255 -0.33116961 -0.20862865 -0.41250706
  -0.3131361  -0.14137459 -0.05193782 -0.2120862 ]
 [-0.00819707 -0.0146184  -0.0177722  -0.01520157 -0.00919747 -0.01260519
  -0.01640081 -0.02285051 -0.01376581 -0.01380682 -0.00869799 -0.01719809
  -0.01305509 -0.00589418 -0.00216532 -0.00884199]
 [-0.11934662 -0.21284199 -0.25875735 -0.22133183 -0.13391471 -0.18352985
  -0.2387929  -0.33269978 -0.20042777 -0.20102739 -0.12664223 -0.25040102
  -0.19008064 -0.08581758 -0.03152752 -0.12874079]
 [-0.17675972 -0.31523252 -0.38323593 -0.32780647 -0.19833612 -0.27181959
  -0.35366726 -0.49274945 -0.29684663 -0.29773426 -0.18756509 -0.37085962
  -0.28152156 -0.12710118 -0.04669428 -0.19067335]
 [-0.03221226 -0.05744743 -0.06983995 -0.05973864 -0.03614426 -0.04953575
  -0.06445169 -0.08979774 -0.0540967  -0.05425835 -0.03418159 -0.06758451
  -0.05130386 -0.0231626  -0.00850964 -0.03474808]
 [-0.24704432 -0.44057751 -0.53562117 -0.45815134 -0.27719998 -0.37990236
  -0.49429512 -0.68868017 -0.41488075 -0.41612148 -0.262146   -0.5183239
  -0.39346218 -0.17763996 -0.06526089 -0.26649046]
 [-0.06657839 -0.11873531 -0.14434958 -0.1234715  -0.07470512 -0.10238361
  -0.13321233 -0.18559885 -0.11181021 -0.11214447 -0.07064819 -0.13968801
  -0.10603786 -0.04787397 -0.0175879  -0.07181931]
 [-0.24918318 -0.44439197 -0.54025841 -0.46211815 -0.27959991 -0.38319159
  -0.49857473 -0.69464254 -0.41847277 -0.41972399 -0.26441574 -0.52281141
  -0.39686847 -0.179178   -0.06582618 -0.26879787]
 [-0.17035317 -0.30380678 -0.36934566 -0.31592512 -0.19114733 -0.26196766
  -0.34084892 -0.47488976 -0.28608751 -0.28694296 -0.18076706 -0.35741806
  -0.27131772 -0.12249446 -0.04500151 -0.18376255]
 [-0.14878988 -0.26535106 -0.32259393 -0.27593541 -0.16695189 -0.22880769
  -0.29770422 -0.41477847 -0.24987435 -0.2506218  -0.15788531 -0.31217599
  -0.23697448 -0.10698915 -0.03930545 -0.1605022 ]
 [-0.02040339 -0.03638721 -0.0442369  -0.0378387  -0.02289391 -0.03137589
  -0.0408237  -0.05687809 -0.03426504 -0.03436756 -0.02165055 -0.04280806
  -0.03249598 -0.01467133 -0.00538969 -0.02200937]
 [-0.28029895 -0.49988365 -0.60772085 -0.51982307 -0.31451368 -0.43104076
  -0.56083202 -0.78138351 -0.47072792 -0.47213554 -0.29743338 -0.58809519
  -0.44642591 -0.20155239 -0.07404566 -0.30236292]
 [-0.2681284  -0.47817874 -0.58133411 -0.49725246 -0.30085754 -0.41232538
  -0.53648114 -0.74745607 -0.45028877 -0.4516356  -0.28451896 -0.56256056
  -0.42704225 -0.19280076 -0.07083082 -0.28923416]
 [-0.34816742 -0.62092018 -0.75486803 -0.64568782 -0.39066672 -0.53540874
  -0.69662619 -0.97057939 -0.58470488 -0.58645368 -0.36945105 -0.73049068
  -0.55451894 -0.25035381 -0.0919745  -0.37557364]
 [-0.26195168 -0.46716332 -0.56794214 -0.48579764 -0.29392719 -0.40282679
  -0.52412271 -0.73023748 -0.43991637 -0.44123173 -0.27796483 -0.54960108
  -0.4172051  -0.1883595  -0.06919909 -0.28257179]
 [-0.08186316 -0.14599466 -0.17748928 -0.15181804 -0.091856   -0.12588859
  -0.16379499 -0.22820854 -0.13747931 -0.13789034 -0.08686757 -0.17175722
  -0.13038182 -0.05886483 -0.02162552 -0.08830738]]

FAILED! Dimensions:  (16, 17, 16)  Method:  CudaSharedMemory
Result:
 [[ 2.88541651  5.18348885  3.67640829  4.21856642  5.03464079  4.63981342
   4.45964622  5.56193781  3.17298126  4.15675354  5.72602224  4.41493273
   4.87669277  4.53248978  3.95352435  4.88592577  0.        ]
 [ 2.88173747  2.60120249  2.58632922  3.14513063  3.48462749  3.49288058
   2.88368869  3.44365954  2.47382998  3.2543087   3.07907248  3.99330926
   2.31528759  1.77081668  2.44597936  2.60012555  0.        ]
 [ 3.1250124   4.67338276  3.61403251  3.74228024  4.16279554  3.93189144
   3.58302259  4.72430849  2.9891746   3.44139647  5.20982552  4.79648066
   5.20558596  4.00023746  3.30146098  4.70096159  0.        ]
 [ 3.02114105  4.18161821  3.26764941  2.56946826  3.12234163  3.76757526
   3.09187698  3.7709496   3.46577501  3.21097684  4.41937351  4.91200924
   3.49092221  2.34645295  2.67895126  3.85194874  0.        ]
 [ 2.97907162  5.41765642  3.74618602  3.9071734   4.73008776  4.73865938
   3.7871716   5.42389822  4.36683416  4.34975147  6.05075741  5.42913914
   5.03917885  4.37528563  3.82734203  5.55706453  0.        ]
 [ 1.80616665  3.21177268  2.4476254   2.34004784  3.02854872  3.63057733
   2.86982012  3.39191341  2.67609167  2.60506344  3.84671235  3.16741204
   2.54896283  2.86763716  2.7621119   2.90090799  0.        ]
 [ 2.15571165  4.12033129  3.47722387  3.05718088  3.93730807  4.50240517
   3.31057882  4.13708448  2.87268186  3.33504105  4.76644278  4.22303247
   3.77259088  3.75481248  3.85823083  3.91745305  0.        ]
 [ 3.7536149   4.98531961  4.00477505  3.65925431  4.05130482  4.13136435
   4.05348635  4.89114046  3.90747023  3.89256954  5.20461798  5.56822395
   4.91432858  3.83769965  2.92679977  4.91769886  0.        ]
 [ 2.76128221  5.18118477  3.75949836  4.20571232  4.57821941  5.73455715
   3.5624299   5.15440035  3.6361866   3.87686038  6.18494606  4.75238323
   4.62358904  3.74779177  4.24915838  4.35721445  0.        ]
 [ 2.74651742  4.1798811   3.45316029  3.69883609  3.55526018  3.99914265
   3.70115066  4.67939186  2.86106539  3.64495897  4.69319105  4.19003296
   4.24804115  3.17715716  2.73924232  3.66334224  0.        ]
 [ 3.2819376   4.61806631  4.06322765  4.02774477  4.17561197  4.48147249
   3.92651463  4.79720545  3.48378706  4.07566738  5.37296534  5.13009596
   4.90280676  3.67786956  3.09561181  4.39200687  0.        ]
 [ 2.96201301  4.93333435  4.19707727  3.70510769  4.09906578  5.0894208
   4.043293    4.43139505  3.61300373  3.65962362  5.33299875  5.29315472
   4.27489614  3.80749273  3.69740272  4.54503298  0.        ]
 [ 2.70826769  3.54026508  3.20980597  4.258564    4.34832954  4.04820871
   3.2177546   4.30186462  2.70838881  4.3577528   4.69885826  4.26236057
   3.59775734  2.88415575  2.84489632  3.51573801  0.        ]
 [ 2.36624599  4.17020178  2.81119633  3.87207389  4.2458396   4.86151886
   2.9670074   4.96767473  3.69152069  3.84834766  5.18322086  3.97800589
   4.05037594  3.46783113  3.48368549  3.96481919  0.        ]
 [ 3.52280307  5.1567831   3.65738916  4.32374573  5.033463    5.22872066
   3.95482397  5.24155045  4.3613224   4.51797533  5.89798784  5.39082003
   4.4591713   4.15200949  3.65888119  4.90188122  0.        ]
 [ 3.18989015  4.90881491  4.28785086  4.25345182  5.32362175  5.03085136
   3.81511879  5.64553833  4.19623566  4.52523565  6.25018883  5.52512264
   5.54771233  4.53060532  4.27678776  5.1730566   0.        ]]
Expected:
 [[ 2.88541651  5.18348885  3.67640829  4.21856642  5.03464079  4.63981342
   4.45964622  5.56193781  3.17298126  4.15675354  5.72602224  4.41493273
   4.87669277  4.53248978  3.95352435  4.88592577  4.52702999]
 [ 2.88173747  2.60120249  2.58632922  3.14513063  3.48462749  3.49288058
   2.88368869  3.44365954  2.47382998  3.2543087   3.07907248  3.99330926
   2.31528759  1.77081668  2.44597936  2.60012555  2.56248236]
 [ 3.1250124   4.67338276  3.61403251  3.74228024  4.16279554  3.93189144
   3.58302259  4.72430849  2.9891746   3.44139647  5.20982552  4.79648066
   5.20558596  4.00023746  3.30146098  4.70096159  4.10031652]
 [ 3.02114105  4.18161821  3.26764941  2.56946826  3.12234163  3.76757526
   3.09187698  3.7709496   3.46577501  3.21097684  4.41937351  4.91200924
   3.49092221  2.34645295  2.67895126  3.85194874  2.55324435]
 [ 2.97907162  5.41765642  3.74618602  3.9071734   4.73008776  4.73865938
   3.7871716   5.42389822  4.36683416  4.34975147  6.05075741  5.42913914
   5.03917885  4.37528563  3.82734203  5.55706453  4.90070724]
 [ 1.80616665  3.21177268  2.4476254   2.34004784  3.02854872  3.63057733
   2.86982012  3.39191341  2.67609167  2.60506344  3.84671235  3.16741204
   2.54896283  2.86763716  2.7621119   2.90090799  3.17902374]
 [ 2.15571165  4.12033129  3.47722387  3.05718088  3.93730807  4.50240517
   3.31057882  4.13708448  2.87268186  3.33504105  4.76644278  4.22303247
   3.77259088  3.75481248  3.85823083  3.91745305  4.24625111]
 [ 3.7536149   4.98531961  4.00477505  3.65925431  4.05130482  4.13136435
   4.05348635  4.89114046  3.90747023  3.89256954  5.20461798  5.56822395
   4.91432858  3.83769965  2.92679977  4.91769886  4.00613165]
 [ 2.76128221  5.18118477  3.75949836  4.20571232  4.57821941  5.73455715
   3.5624299   5.15440035  3.6361866   3.87686038  6.18494606  4.75238323
   4.62358904  3.74779177  4.24915838  4.35721445  4.59018755]
 [ 2.74651742  4.1798811   3.45316029  3.69883609  3.55526018  3.99914265
   3.70115066  4.67939186  2.86106539  3.64495897  4.69319105  4.19003296
   4.24804115  3.17715716  2.73924232  3.66334224  3.42225003]
 [ 3.2819376   4.61806631  4.06322765  4.02774477  4.17561197  4.48147249
   3.92651463  4.79720545  3.48378706  4.07566738  5.37296534  5.13009596
   4.90280676  3.67786956  3.09561181  4.39200687  3.90807223]
 [ 2.96201301  4.93333435  4.19707727  3.70510769  4.09906578  5.0894208
   4.043293    4.43139505  3.61300373  3.65962362  5.33299875  5.29315472
   4.27489614  3.80749273  3.69740272  4.54503298  4.09438562]
 [ 2.70826769  3.54026508  3.20980597  4.258564    4.34832954  4.04820871
   3.2177546   4.30186462  2.70838881  4.3577528   4.69885826  4.26236057
   3.59775734  2.88415575  2.84489632  3.51573801  3.75098801]
 [ 2.36624599  4.17020178  2.81119633  3.87207389  4.2458396   4.86151886
   2.9670074   4.96767473  3.69152069  3.84834766  5.18322086  3.97800589
   4.05037594  3.46783113  3.48368549  3.96481919  4.69661522]
 [ 3.52280307  5.1567831   3.65738916  4.32374573  5.033463    5.22872066
   3.95482397  5.24155045  4.3613224   4.51797533  5.89798784  5.39082003
   4.4591713   4.15200949  3.65888119  4.90188122  5.02307367]
 [ 3.18989015  4.90881491  4.28785086  4.25345182  5.32362175  5.03085136
   3.81511879  5.64553833  4.19623566  4.52523565  6.25018883  5.52512264
   5.54771233  4.53060532  4.27678776  5.1730566   4.76262808]]
Difference:
 [[ 0.          0.          0.          0.          0.          0.          0.
   0.          0.          0.          0.          0.          0.          0.
   0.          0.         -4.52702999]
 [ 0.          0.          0.          0.          0.          0.          0.
   0.          0.          0.          0.          0.          0.          0.
   0.          0.         -2.56248236]
 [ 0.          0.          0.          0.          0.          0.          0.
   0.          0.          0.          0.          0.          0.          0.
   0.          0.         -4.10031652]
 [ 0.          0.          0.          0.          0.          0.          0.
   0.          0.          0.          0.          0.          0.          0.
   0.          0.         -2.55324435]
 [ 0.          0.          0.          0.          0.          0.          0.
   0.          0.          0.          0.          0.          0.          0.
   0.          0.         -4.90070724]
 [ 0.          0.          0.          0.          0.          0.          0.
   0.          0.          0.          0.          0.          0.          0.
   0.          0.         -3.17902374]
 [ 0.          0.          0.          0.          0.          0.          0.
   0.          0.          0.          0.          0.          0.          0.
   0.          0.         -4.24625111]
 [ 0.          0.          0.          0.          0.          0.          0.
   0.          0.          0.          0.          0.          0.          0.
   0.          0.         -4.00613165]
 [ 0.          0.          0.          0.          0.          0.          0.
   0.          0.          0.          0.          0.          0.          0.
   0.          0.         -4.59018755]
 [ 0.          0.          0.          0.          0.          0.          0.
   0.          0.          0.          0.          0.          0.          0.
   0.          0.         -3.42225003]
 [ 0.          0.          0.          0.          0.          0.          0.
   0.          0.          0.          0.          0.          0.          0.
   0.          0.         -3.90807223]
 [ 0.          0.          0.          0.          0.          0.          0.
   0.          0.          0.          0.          0.          0.          0.
   0.          0.         -4.09438562]
 [ 0.          0.          0.          0.          0.          0.          0.
   0.          0.          0.          0.          0.          0.          0.
   0.          0.         -3.75098801]
 [ 0.          0.          0.          0.          0.          0.          0.
   0.          0.          0.          0.          0.          0.          0.
   0.          0.         -4.69661522]
 [ 0.          0.          0.          0.          0.          0.          0.
   0.          0.          0.          0.          0.          0.          0.
   0.          0.         -5.02307367]
 [ 0.          0.          0.          0.          0.          0.          0.
   0.          0.          0.          0.          0.          0.          0.
   0.          0.         -4.76262808]]

FAILED! Dimensions:  (16, 17, 17)  Method:  CudaSharedMemory
Result:
 [[ 2.88244414  5.08844185  4.33327341  5.11204004  3.69840932  3.90983224
   4.29109716  3.79196596  4.17451     3.24445605  3.04757714  4.2647891
   4.52975893  4.55440569  3.72713709  3.74735045  0.        ]
 [ 3.03683782  4.77726221  3.95217967  4.41403437  4.24301291  4.13110209
   4.06713772  3.31130219  4.16450214  3.09090805  3.14564562  4.16733503
   3.84477639  3.81867981  3.98924041  3.68523026  0.        ]
 [ 2.78620744  4.06811523  3.42517638  3.83888936  3.77199221  3.51636243
   3.95914292  2.77782655  3.65984869  2.46190929  2.52427006  3.96542692
   3.29717445  3.35774255  3.12991929  3.32233024  0.        ]
 [ 2.98518753  4.9291563   4.69122362  3.98681307  3.59445405  4.15366364
   3.61916924  3.20521045  4.26477289  2.75648212  2.51846051  4.40231848
   3.10666394  3.88883996  3.0790236   4.03528357  0.        ]
 [ 3.22533321  4.92878723  4.22090054  4.34875965  4.1687355   3.94799876
   4.06798601  3.62001443  4.91415405  3.81202078  3.19030428  4.66110182
   4.37496138  4.64290714  4.66471338  3.72318149  0.        ]
 [ 4.49980068  6.08012199  6.00818539  5.55001545  5.13728094  5.15040827
   5.59999609  4.53906822  5.48559475  4.39076185  4.26964474  5.68663311
   5.48870373  5.41209745  5.50287056  5.30496407  0.        ]
 [ 3.11288571  5.13759375  4.87217903  5.09516668  3.62716818  4.28165293
   4.64004421  4.0391078   4.17239237  3.01613545  3.33779836  4.31700993
   4.69063473  4.42641544  4.40505648  3.7409544   0.        ]
 [ 3.24402881  5.22673988  5.16164541  4.53441763  4.07229519  4.51831675
   4.2967906   4.97753191  4.68871975  3.66620827  2.69225883  4.57368183
   4.78640318  5.30870295  4.1428237   3.76078963  0.        ]
 [ 3.61480188  4.73137522  4.63263655  3.96411276  4.1543088   4.34364128
   3.94480634  3.67896843  4.2109189   3.43336463  3.17787504  4.05491686
   3.8519783   3.83630061  4.09909725  3.92091346  0.        ]
 [ 2.46501136  4.93036461  3.89818382  4.36327171  3.35202765  4.32629204
   4.09393597  3.39729548  4.10739279  3.08757782  2.40868926  3.75649166
   4.22886562  4.41223764  3.65556479  3.72365212  0.        ]
 [ 4.02738905  5.34129572  4.83401728  4.55746984  4.23527813  4.42403555
   4.97521925  4.39777279  4.40957069  4.11877823  3.19048071  4.86608982
   4.96624756  4.51778841  4.90367413  4.3297801   0.        ]
 [ 2.4513886   4.4190731   3.88331985  3.30707145  3.67294693  4.05814457
   3.43116951  2.84419799  3.59828591  2.45166373  2.10800076  3.58347893
   3.1860199   3.14694214  3.31246448  3.17555189  0.        ]
 [ 3.93717599  5.07213402  5.09781647  3.81976008  4.86053133  3.9113543
   4.03531837  4.04540157  4.02534723  4.2874589   3.37336993  4.65161037
   4.51688385  4.06439114  5.375278    3.72854257  0.        ]
 [ 3.44920015  5.17130804  4.458354    4.4817853   4.66229677  4.17320585
   4.7520647   3.62780476  4.5343256   3.8934629   3.32614684  5.23575497
   4.6168499   4.36819315  5.05790329  3.75100756  0.        ]
 [ 3.94129562  5.67225361  5.02304173  4.170331    5.31214523  5.26549911
   4.76824284  4.16682673  4.69891214  3.6118269   3.43366385  5.34291697
   4.62319565  4.47494268  4.99324799  4.65758562  0.        ]
 [ 3.64167619  5.36127615  4.98738098  4.98454142  4.34415865  4.00917244
   4.59559298  3.44807482  4.46678734  3.93002248  3.35701108  4.63481665
   4.97670031  4.33120584  4.18226147  4.51590395  0.        ]]
Expected:
 [[ 2.96952462  5.82081985  4.46960306  5.91707277  4.31050253  4.28994989
   4.33661509  4.46243429  4.82230043  3.51840997  3.31279254  4.47316742
   5.15020514  4.82233047  4.16281748  3.85850477  5.85206127]
 [ 3.14293742  5.66959763  4.1182847   5.39489317  4.98879194  4.59424067
   4.12259722  4.12820625  4.95377588  3.42469573  3.46878624  4.42122507
   4.60073328  4.14512157  4.52007723  3.82066154  5.4414916 ]
 [ 2.85465217  4.6437583   3.53233027  4.47163868  4.25309229  3.8151319
   3.99491978  3.30480909  4.16900682  2.67723489  2.73272705  4.12921047
   3.78484011  3.5683291   3.47236061  3.40969658  4.65875673]
 [ 3.04071999  5.39620447  4.77816296  4.50019407  3.98479486  4.39607048
   3.6481967   3.63277793  4.67787838  2.93118644  2.68759227  4.53520441
   3.5023315   4.05969954  3.3568635   4.10616827  5.0505662 ]
 [ 3.23853183  5.03979254  4.2415638   4.47077703  4.26150942  4.00561237
   4.07488489  3.72163606  5.01233864  3.85354352  3.23050261  4.6926856
   4.46900129  4.68351603  4.73074865  3.74002886  5.3633604 ]
 [ 4.57093096  6.67835093  6.11954355  6.20759106  5.6372571   5.46090031
   5.63717651  5.08672714  6.01472998  4.61453581  4.48628092  5.85684299
   5.99550295  5.63094664  5.85874796  5.39575815  6.66065264]
 [ 3.14318204  5.39239645  4.91960955  5.375247    3.84012246  4.41390038
   4.65588045  4.27237129  4.39776611  3.1114471   3.43006992  4.38950729
   4.90649509  4.51962948  4.5566349   3.77962637  4.74600935]
 [ 3.30807281  5.76537228  5.26190996  5.12648439  4.52246332  4.79787683
   4.33026695  5.47063255  5.16514158  3.86768961  2.88731337  4.72693491
   5.24271441  5.50575018  4.46324778  3.84253883  6.41990519]
 [ 3.67364931  5.2263031   4.72476578  4.50813913  4.56795025  4.60051823
   3.97556663  4.13205862  4.64868402  3.61849761  3.35710287  4.19573498
   4.27126455  4.01735926  4.39352226  3.99602962  5.05104685]
 [ 2.4791646   5.04939747  3.92034125  4.49411297  3.45151067  4.38807249
   4.1013341   3.50626612  4.21267796  3.13210344  2.45179462  3.79035926
   4.32970619  4.45578337  3.72637558  3.74171805  4.95471001]
 [ 4.11936283  6.11482811  4.97800779  5.40773964  4.88176632  4.82551336
   5.02329493  5.1059165   5.09376287  4.40812635  3.47059941  5.08617735
   5.62155867  4.80076838  5.36383677  4.44718027  6.06078768]
 [ 2.51850867  4.98357725  3.98840022  3.92757654  4.14473724  4.35113287
   3.466254    3.36098313  4.0975914   2.66282248  2.31242418  3.74409318
   3.6642487   3.35345364  3.64827943  3.26122761  4.6916461 ]
 [ 4.02857113  5.84079933  5.24090099  4.66468     5.5029521   4.31030607
   4.08309174  4.74908972  4.70523405  4.57498646  3.65172601  4.87031317
   5.16807175  4.34559059  5.83254528  3.84520435  6.11278296]
 [ 3.50928235  5.67662096  4.55241632  5.03722715  5.08461761  4.43547249
   4.78347063  4.09040213  4.98127651  4.08248043  3.50913525  5.37952805
   5.04493427  4.55305099  5.3585062   3.82769966  5.82044554]
 [ 3.94280362  5.68493652  5.02540255  4.18427181  5.32274485  5.27208185
   4.76903105  4.17843723  4.71013021  3.61657095  3.43825674  5.34652567
   4.63394022  4.47958231  5.00079298  4.65951061  5.55610657]
 [ 3.73080969  6.11091995  5.12692451  5.80855274  4.97068167  4.39825153
   4.64218426  4.13434935  5.12984943  4.21043491  3.62847877  4.84810734
   5.61177349  4.60544682  4.62821341  4.62967873  6.30730724]]
Difference:
 [[ -8.70804787e-02  -7.32378006e-01  -1.36329651e-01  -8.05032730e-01
   -6.12093210e-01  -3.80117655e-01  -4.55179214e-02  -6.70468330e-01
   -6.47790432e-01  -2.73953915e-01  -2.65215397e-01  -2.08378315e-01
   -6.20446205e-01  -2.67924786e-01  -4.35680389e-01  -1.11154318e-01
   -5.85206127e+00]
 [ -1.06099606e-01  -8.92335415e-01  -1.66105032e-01  -9.80858803e-01
   -7.45779037e-01  -4.63138580e-01  -5.54594994e-02  -8.16904068e-01
   -7.89273739e-01  -3.33787680e-01  -3.23140621e-01  -2.53890038e-01
   -7.55956888e-01  -3.26441765e-01  -5.30836821e-01  -1.35431290e-01
   -5.44149160e+00]
 [ -6.84447289e-02  -5.75643063e-01  -1.07153893e-01  -6.32749319e-01
   -4.81100082e-01  -2.98769474e-01  -3.57768536e-02  -5.26982546e-01
   -5.09158134e-01  -2.15325594e-01  -2.08456993e-01  -1.63783550e-01
   -4.87665653e-01  -2.10586548e-01  -3.42441320e-01  -8.73663425e-02
   -4.65875673e+00]
 [ -5.55324554e-02  -4.67048168e-01  -8.69393349e-02  -5.13381004e-01
   -3.90340805e-01  -2.42406845e-01  -2.90274620e-02  -4.27567482e-01
   -4.13105488e-01  -1.74704313e-01  -1.69131756e-01  -1.32885933e-01
   -3.95667553e-01  -1.70859575e-01  -2.77839899e-01  -7.08847046e-02
   -5.05056620e+00]
 [ -1.31986141e-02  -1.11005306e-01  -2.06632614e-02  -1.22017384e-01
   -9.27739143e-02  -5.76136112e-02  -6.89888000e-03  -1.01621628e-01
   -9.81845856e-02  -4.15227413e-02  -4.01983261e-02  -3.15837860e-02
   -9.40399170e-02  -4.06088829e-02  -6.60352707e-02  -1.68473721e-02
   -5.36336040e+00]
 [ -7.11302757e-02  -5.98228931e-01  -1.11358166e-01  -6.57575607e-01
   -4.99976158e-01  -3.10492039e-01  -3.71804237e-02  -5.47658920e-01
   -5.29135227e-01  -2.23773956e-01  -2.16636181e-01  -1.70209885e-01
   -5.06799221e-01  -2.18849182e-01  -3.55877399e-01  -9.07940865e-02
   -6.66065264e+00]
 [ -3.02963257e-02  -2.54802704e-01  -4.74305153e-02  -2.80080318e-01
   -2.12954283e-01  -1.32247448e-01  -1.58362389e-02  -2.33263493e-01
   -2.25373745e-01  -9.53116417e-02  -9.22715664e-02  -7.24973679e-02
   -2.15860367e-01  -9.32140350e-02  -1.51578426e-01  -3.86719704e-02
   -4.74600935e+00]
 [ -6.40439987e-02  -5.38632393e-01  -1.00264549e-01  -5.92066765e-01
   -4.50168133e-01  -2.79560089e-01  -3.34763527e-02  -4.93100643e-01
   -4.76421833e-01  -2.01481342e-01  -1.95054531e-01  -1.53253078e-01
   -4.56311226e-01  -1.97047234e-01  -3.20424080e-01  -8.17492008e-02
   -6.41990519e+00]
 [ -5.88474274e-02  -4.94927883e-01  -9.21292305e-02  -5.44026375e-01
   -4.13641453e-01  -2.56876945e-01  -3.07602882e-02  -4.53090191e-01
   -4.37765121e-01  -1.85132980e-01  -1.79227829e-01  -1.40818119e-01
   -4.19286251e-01  -1.81058645e-01  -2.94425011e-01  -7.51161575e-02
   -5.05104685e+00]
 [ -1.41532421e-02  -1.19032860e-01  -2.21574306e-02  -1.30841255e-01
   -9.94830132e-02  -6.17804527e-02  -7.39812851e-03  -1.08970642e-01
   -1.05285168e-01  -4.45256233e-02  -4.31053638e-02  -3.38675976e-02
   -1.00840569e-01  -4.35457230e-02  -7.08107948e-02  -1.80659294e-02
   -4.95471001e+00]
 [ -9.19737816e-02  -7.73532391e-01  -1.43990517e-01  -8.50269794e-01
   -6.46488190e-01  -4.01477814e-01  -4.80756760e-02  -7.08143711e-01
   -6.84192181e-01  -2.89348125e-01  -2.80118704e-01  -2.20087528e-01
   -6.55311108e-01  -2.82979965e-01  -4.60162640e-01  -1.17400169e-01
   -6.06078768e+00]
 [ -6.71200752e-02  -5.64504147e-01  -1.05080366e-01  -6.20505095e-01
   -4.71790314e-01  -2.92988300e-01  -3.50844860e-02  -5.16785145e-01
   -4.99305487e-01  -2.11158752e-01  -2.04423428e-01  -1.60614252e-01
   -4.78228807e-01  -2.06511497e-01  -3.35814953e-01  -8.56757164e-02
   -4.69164610e+00]
 [ -9.13951397e-02  -7.68665314e-01  -1.43084526e-01  -8.44919920e-01
   -6.42420769e-01  -3.98951769e-01  -4.77733612e-02  -7.03688145e-01
   -6.79886818e-01  -2.87527561e-01  -2.78356075e-01  -2.18702793e-01
   -6.51187897e-01  -2.81199455e-01  -4.57267284e-01  -1.16661787e-01
   -6.11278296e+00]
 [ -6.00821972e-02  -5.05312920e-01  -9.40623283e-02  -5.55441856e-01
   -4.22320843e-01  -2.62266636e-01  -3.14059258e-02  -4.62597370e-01
   -4.46950912e-01  -1.89017534e-01  -1.82988405e-01  -1.43773079e-01
   -4.28084373e-01  -1.84857845e-01  -3.00602913e-01  -7.66921043e-02
   -5.82044554e+00]
 [ -1.50799751e-03  -1.26829147e-02  -2.36082077e-03  -1.39408112e-02
   -1.05996132e-02  -6.58273697e-03  -7.88211823e-04  -1.16105080e-02
   -1.12180710e-02  -4.74405289e-03  -4.59289551e-03  -3.60870361e-03
   -1.07445717e-02  -4.63962555e-03  -7.54499435e-03  -1.92499161e-03
   -5.55610657e+00]
 [ -8.91335011e-02  -7.49643803e-01  -1.39543533e-01  -8.24011326e-01
   -6.26523018e-01  -3.89079094e-01  -4.65912819e-02  -6.86274529e-01
   -6.63062096e-01  -2.80412436e-01  -2.71467686e-01  -2.13290691e-01
   -6.35073185e-01  -2.74240971e-01  -4.45951939e-01  -1.13774776e-01
   -6.30730724e+00]]

FAILED! Dimensions:  (17, 16, 16)  Method:  CudaSharedMemory
Result:
 [[ 3.6833446   3.72629809  2.97155952  2.90066004  3.91178823  4.0957675
   3.62384868  4.29296637  4.37273979  2.77400732  3.80144382  3.67551041
   4.93252897  3.2745955   4.7435317   5.58427858]
 [ 3.6833446   3.72629809  2.97155952  2.90066004  3.91178823  4.0957675
   3.62384868  4.29296637  4.37273979  2.77400732  3.80144382  3.67551041
   4.93252897  3.2745955   4.7435317   5.58427858]
 [ 4.08362532  4.51643467  3.31230474  3.50964975  5.54758596  5.58660746
   5.38136101  4.60221481  5.0943203   4.43022871  4.7119236   4.10579681
   5.60895109  3.74560094  5.49594688  6.26096153]
 [ 2.80609894  3.54112172  2.78127074  3.08634663  4.61366034  4.00296926
   4.43948412  4.03669119  4.09920454  3.40049219  3.94955397  4.2057085
   4.29791403  2.77991128  4.12798548  5.25411606]
 [ 1.8645376   2.72525263  1.86089468  2.30544639  3.44477201  3.36636877
   2.97811675  3.09595418  2.98187208  2.85172796  2.76614881  2.58158183
   3.455374    2.10127378  2.85343599  3.25297141]
 [ 4.29793882  5.20552301  3.37154412  3.51483512  5.47415972  5.46572828
   5.07261133  4.52475214  5.90342093  4.31987906  4.53749323  4.68192339
   5.58847666  3.80772066  5.77677584  6.87889242]
 [ 3.12827206  3.50410604  2.78694582  2.65696454  4.4202404   3.0434835
   3.04272461  3.60961461  3.58105803  3.10951424  3.54826689  3.31695056
   4.06205368  2.70349407  4.27488375  4.71287346]
 [ 3.33399177  4.02695036  3.15080523  3.14168453  4.67568731  4.67670774
   4.60583925  4.42837715  4.43726683  3.63948226  4.2509284   3.64078522
   5.25846577  3.24864125  4.61366177  5.08746862]
 [ 2.04928565  3.18628192  1.73838329  2.40238786  4.18585777  3.64490271
   3.31947541  3.13552117  2.87653542  2.73279905  2.92784595  2.75644588
   2.98170614  2.4715929   2.74032497  3.68475628]
 [ 4.05049801  4.54573584  3.3286314   3.7786665   5.55377817  5.35686779
   4.71198225  4.98242617  5.71136379  4.15981674  4.89894772  4.76878214
   5.51894474  3.39678741  5.68164825  6.75638247]
 [ 3.00728703  4.37509441  2.41269565  2.99020243  4.49368668  4.62126541
   4.69136953  4.12844992  4.512918    3.57628179  3.79140997  4.34383726
   4.46896791  2.81398487  3.8791635   5.45506859]
 [ 2.81222916  3.14318919  2.52197027  3.0444715   4.53027391  4.68102217
   4.11701298  3.52822018  3.62014842  4.23163939  3.44780064  3.17032862
   3.96257496  3.5079422   4.38396263  5.00931072]
 [ 3.45380044  3.58212972  2.86146712  3.0156064   4.4531436   3.89000583
   3.37244725  3.40547729  3.36343265  3.29788589  3.04141474  2.91980743
   4.14006376  3.59062767  4.61685419  5.18923187]
 [ 3.78649306  4.31237173  3.03329754  2.90339494  5.01348972  3.90860462
   3.58552003  4.10677099  3.82666492  3.32444906  3.70878315  3.40421414
   4.58693266  3.68506551  4.62278318  5.41382694]
 [ 3.49750829  3.76586509  2.88478231  3.14599991  4.87031126  4.362988
   4.00117731  4.38126469  4.43823624  3.64098525  4.35200691  4.19550705
   5.06147194  2.64024949  4.64520979  5.60441923]
 [ 3.51253247  3.64779687  2.33010483  3.15438986  4.364326    4.05485439
   3.36089182  3.6165731   3.97360301  3.45566249  3.36616445  3.3949964
   3.76527524  3.00660396  4.25718975  5.39460802]
 [ 2.95140862  3.12374544  2.70329833  2.51361299  3.56239724  3.75829816
   4.23821115  3.68054724  3.430094    2.80777931  2.65961003  3.01929045
   4.4788394   2.75041175  3.8334496   4.72199917]]
Expected:
 [[ 3.6833446   3.72629809  2.97155952  2.90066004  3.91178823  4.0957675
   3.62384868  4.29296637  4.37273979  2.77400732  3.80144382  3.67551041
   4.93252897  3.2745955   4.7435317   5.58427858]
 [ 4.08362532  4.51643467  3.31230474  3.50964975  5.54758596  5.58660746
   5.38136101  4.60221481  5.0943203   4.43022871  4.7119236   4.10579681
   5.60895109  3.74560094  5.49594688  6.26096153]
 [ 2.80609894  3.54112172  2.78127074  3.08634663  4.61366034  4.00296926
   4.43948412  4.03669119  4.09920454  3.40049219  3.94955397  4.2057085
   4.29791403  2.77991128  4.12798548  5.25411606]
 [ 1.8645376   2.72525263  1.86089468  2.30544639  3.44477201  3.36636877
   2.97811675  3.09595418  2.98187208  2.85172796  2.76614881  2.58158183
   3.455374    2.10127378  2.85343599  3.25297141]
 [ 4.29793882  5.20552301  3.37154412  3.51483512  5.47415972  5.46572828
   5.07261133  4.52475214  5.90342093  4.31987906  4.53749323  4.68192339
   5.58847666  3.80772066  5.77677584  6.87889242]
 [ 3.12827206  3.50410604  2.78694582  2.65696454  4.4202404   3.0434835
   3.04272461  3.60961461  3.58105803  3.10951424  3.54826689  3.31695056
   4.06205368  2.70349407  4.27488375  4.71287346]
 [ 3.33399177  4.02695036  3.15080523  3.14168453  4.67568731  4.67670774
   4.60583925  4.42837715  4.43726683  3.63948226  4.2509284   3.64078522
   5.25846577  3.24864125  4.61366177  5.08746862]
 [ 2.04928565  3.18628192  1.73838329  2.40238786  4.18585777  3.64490271
   3.31947541  3.13552117  2.87653542  2.73279905  2.92784595  2.75644588
   2.98170614  2.4715929   2.74032497  3.68475628]
 [ 4.05049801  4.54573584  3.3286314   3.7786665   5.55377817  5.35686779
   4.71198225  4.98242617  5.71136379  4.15981674  4.89894772  4.76878214
   5.51894474  3.39678741  5.68164825  6.75638247]
 [ 3.00728703  4.37509441  2.41269565  2.99020243  4.49368668  4.62126541
   4.69136953  4.12844992  4.512918    3.57628179  3.79140997  4.34383726
   4.46896791  2.81398487  3.8791635   5.45506859]
 [ 2.81222916  3.14318919  2.52197027  3.0444715   4.53027391  4.68102217
   4.11701298  3.52822018  3.62014842  4.23163939  3.44780064  3.17032862
   3.96257496  3.5079422   4.38396263  5.00931072]
 [ 3.45380044  3.58212972  2.86146712  3.0156064   4.4531436   3.89000583
   3.37244725  3.40547729  3.36343265  3.29788589  3.04141474  2.91980743
   4.14006376  3.59062767  4.61685419  5.18923187]
 [ 3.78649306  4.31237173  3.03329754  2.90339494  5.01348972  3.90860462
   3.58552003  4.10677099  3.82666492  3.32444906  3.70878315  3.40421414
   4.58693266  3.68506551  4.62278318  5.41382694]
 [ 3.49750829  3.76586509  2.88478231  3.14599991  4.87031126  4.362988
   4.00117731  4.38126469  4.43823624  3.64098525  4.35200691  4.19550705
   5.06147194  2.64024949  4.64520979  5.60441923]
 [ 3.51253247  3.64779687  2.33010483  3.15438986  4.364326    4.05485439
   3.36089182  3.6165731   3.97360301  3.45566249  3.36616445  3.3949964
   3.76527524  3.00660396  4.25718975  5.39460802]
 [ 2.95140862  3.12374544  2.70329833  2.51361299  3.56239724  3.75829816
   4.23821115  3.68054724  3.430094    2.80777931  2.65961003  3.01929045
   4.4788394   2.75041175  3.8334496   4.72199917]
 [ 3.17765331  3.79893374  2.47724819  2.41333055  4.71140671  3.85417771
   3.66853499  3.8949759   3.63720489  3.7413373   3.42293978  3.52206421
   4.28518486  2.6179266   3.96226764  4.98787451]]
Difference:
 [[ 0.          0.          0.          0.          0.          0.          0.
   0.          0.          0.          0.          0.          0.          0.
   0.          0.        ]
 [-0.40028071 -0.79013658 -0.34074521 -0.60898972 -1.63579774 -1.49083996
  -1.75751233 -0.30924845 -0.72158051 -1.65622139 -0.91047978 -0.43028641
  -0.67642212 -0.47100544 -0.75241518 -0.67668295]
 [ 1.27752638  0.97531295  0.53103399  0.42330313  0.93392563  1.58363819
   0.94187689  0.56552362  0.99511576  1.02973652  0.76236963 -0.09991169
   1.31103706  0.96568966  1.36796141  1.00684547]
 [ 0.94156134  0.81586909  0.92037606  0.78090024  1.16888833  0.63660049
   1.46136737  0.94073701  1.11733246  0.54876423  1.18340516  1.62412667
   0.84254003  0.6786375   1.27454948  2.00114465]
 [-2.43340111 -2.48027039 -1.51064944 -1.20938873 -2.02938771 -2.09935951
  -2.09449458 -1.42879796 -2.92154884 -1.46815109 -1.77134442 -2.10034156
  -2.13310266 -1.70644689 -2.92333984 -3.62592101]
 [ 1.16966677  1.70141697  0.5845983   0.85787058  1.05391932  2.42224479
   2.02988672  0.91513753  2.3223629   1.21036482  0.98922634  1.36497283
   1.52642298  1.10422659  1.50189209  2.16601896]
 [-0.20571971 -0.52284431 -0.36385942 -0.48471999 -0.25544691 -1.63322425
  -1.56311464 -0.81876254 -0.8562088  -0.52996802 -0.70266151 -0.32383466
  -1.19641209 -0.54514718 -0.33877802 -0.37459517]
 [ 1.28470612  0.84066844  1.41242194  0.73929667  0.48982954  1.03180504
   1.28636384  1.29285598  1.56073141  0.90668321  1.32308245  0.88433933
   2.27675962  0.77704835  1.87333679  1.40271235]
 [-2.00121236 -1.35945392 -1.59024811 -1.37627864 -1.3679204  -1.71196508
  -1.39250684 -1.84690499 -2.83482838 -1.42701769 -1.97110176 -2.01233625
  -2.5372386  -0.9251945  -2.94132328 -3.07162619]
 [ 1.04321098  0.17064142  0.91593575  0.78846407  1.0600915   0.73560238
   0.02061272  0.85397625  1.1984458   0.58353496  1.10753775  0.42494488
   1.04997683  0.58280253  1.80248475  1.30131388]
 [ 0.19505787  1.23190522 -0.10927463 -0.05426908 -0.03658724 -0.05975676
   0.57435656  0.60022974  0.89276958 -0.6553576   0.34360933  1.17350864
   0.50639296 -0.69395733 -0.50479913  0.44575787]
 [-0.64157128 -0.43894053 -0.33949685  0.0288651   0.07713032  0.79101634
   0.74456573  0.12274289  0.25671577  0.93375349  0.4063859   0.25052118
  -0.1774888  -0.08268547 -0.23289156 -0.17992115]
 [-0.33269262 -0.73024201 -0.17183042  0.11221147 -0.56034613 -0.01859879
  -0.21307278 -0.70129371 -0.46323228 -0.02656317 -0.66736841 -0.48440671
  -0.4468689  -0.09443784 -0.00592899 -0.22459507]
 [ 0.28898478  0.54650664  0.14851522 -0.24260497  0.14317846 -0.45438337
  -0.41565728 -0.27449369 -0.61157131 -0.31653619 -0.64322376 -0.79129291
  -0.47453928  1.04481602 -0.02242661 -0.19059229]
 [-0.01502419  0.11806822  0.55467749 -0.00838995  0.50598526  0.3081336
   0.64028549  0.76469159  0.46463323  0.18532276  0.98584247  0.80051064
   1.2961967  -0.36635447  0.38802004  0.20981121]
 [ 0.56112385  0.52405143 -0.3731935   0.64077687  0.80192876  0.29655623
  -0.87731934 -0.06397414  0.54350901  0.64788318  0.70655441  0.37570596
  -0.71356416  0.25619221  0.42374015  0.67260885]
 [-0.22624469 -0.6751883   0.22605014  0.10028243 -1.14900947 -0.09587955
   0.56967616 -0.21442866 -0.20711088 -0.93355799 -0.76332974 -0.50277376
   0.19365454  0.13248515 -0.12881804 -0.26587534]]

FAILED! Dimensions:  (17, 16, 17)  Method:  CudaSharedMemory
Result:
 [[  5.3681016    4.54989719   5.52632809   5.0908699    5.64545679
    5.67741394   6.00012159   5.9232378    5.86757994   4.91802645
    5.08059168   4.95430136   5.13847637   5.33651257   4.48713684
    4.81049109]
 [  9.03089333   7.53817749   9.66967964   9.05841827   9.77053261
    9.57721806  10.84445572  10.3072691   10.91919708   8.14185619
    8.83349037   8.89347172   8.84483528   8.83988571   7.84156656
    8.88980865]
 [  9.69283676   8.08613396   9.80506706   9.60296535  10.4242897
    9.74713898  10.33053017   9.97989273  10.78669739   8.51896572
    8.81700897   8.92830753   8.77485561   9.08278465   7.85718584
    8.8155117 ]
 [ 11.09721851  10.04891777  10.73665047  11.41134453  12.10951042
   11.0472765   11.56805229  11.12151051  11.19973946   9.66621399
    9.59059238   9.93209934   9.01272202   9.99009132   8.23077679
    9.21225643]
 [  9.09307384   9.02408791   9.14229298   9.64479065  10.790205
    9.38739967  10.78707695  10.12453842   9.16688156   8.20944691
    8.06035519   8.90626144   7.20609426   9.04783535   7.0784483
    7.72857952]
 [  9.55764961   8.40364265   9.93359947   9.43008041  11.38002014
    9.22834873  11.34105015  10.65374565  10.52633667   8.09070969
    8.342803     9.62599945   7.99164677   9.45310783   8.06046772
    8.43629646]
 [  8.83766937   7.54874516   9.40538502   9.02094746  10.14007092
    8.7226944   10.27261257   9.64826393  10.22323513   6.92725468
    7.61185598   8.81038952   7.81582499   7.94921446   7.48252058
    7.83667707]
 [  6.34226036   6.22753716   7.06809425   7.46035862   7.19740582
    6.95623875   7.38220835   7.12944794   7.38204575   5.99080372
    6.07313728   6.43502522   5.9130373    6.18064928   5.6210928
    5.87005615]
 [  7.67998791   7.19065905   7.42987633   8.34349632   8.54595757
    7.67958879   9.48803902   8.89915562   9.29071236   7.15605354
    6.84489679   7.40964317   6.8451767    6.10324335   6.34221888
    7.20447636]
 [  9.67661285   8.70879936   8.84901047   9.95900726  10.36501503
    8.95396519  11.21710968  10.31373596  10.73533249   8.61224174
    8.09733391   8.98805809   8.09119701   7.97841549   7.36025476
    9.1433115 ]
 [ 10.20549393   8.50174236   9.67673111  10.18653393  10.86602211
    9.15787029  11.28998375  10.60672188  11.18985748   8.71076202
    8.44153404   9.74624062   8.7535305    9.14727592   8.35503387
   10.06995678]
 [ 10.1218977    7.9051218    9.40070152   8.79296017  10.84235954
    9.28856468  11.12740135  10.84479523  11.29509354   8.51006508
    8.34275436   9.5383873    9.37238884   8.70667267   8.69615269
    9.60310936]
 [  8.44360352   6.37230682   7.89754009   6.51950359   9.12248421
    8.01276207   9.0351162    8.49866962   9.35925674   7.1132493
    7.21670198   7.36268616   8.11630917   7.43547869   6.7300272
    7.73925161]
 [  7.22819567   6.18452644   7.72906303   6.97408199   8.70157814
    7.68237686   8.78817844   8.31728172   8.46183014   6.27365494
    6.61852455   7.17946243   6.72511673   6.61999989   6.33212852
    6.46042538]
 [  8.06135368   7.4494257    7.73053122   9.13550186   9.38676643
    7.84371471   9.4768219    9.09818745   8.84252739   7.25628853
    6.66754723   8.09757519   6.17722607   6.84084129   6.65327644
    7.38469601]
 [  7.45403385   6.73692036   7.18805599   8.3060894    8.63155651
    7.80729771   8.6493082    8.03126049   8.12987804   7.00584412
    6.06778288   7.32564545   6.24467087   6.43131161   6.11981106
    7.63149309]
 [  3.12664056   3.03064561   3.96110272   3.84773207   4.07672453
    4.31270504   4.23745918   3.94038105   3.92270398   3.48134232
    3.22592592   3.70274401   3.36812115   3.25694728   3.27640367
    3.65711713]]
Expected:
 [[ 5.44074249  4.6725111   5.54576969  5.17348146  5.65335703  5.80743361
   6.00196457  6.01117229  5.99125767  5.04924965  5.2057209   5.08415937
   5.15759611  5.3800168   4.55539703  4.87748909]
 [ 4.0816288   3.69525695  4.25544977  4.44387722  4.17062855  4.6494813
   4.85496092  4.89105177  5.76472616  3.98044634  4.47437906  4.68791389
   3.81660008  3.75421286  3.74800801  4.46561956]
 [ 6.43629265  5.78357887  5.77044344  6.09742832  6.34339857  6.57447767
   5.49650478  6.08764124  6.42675543  6.02900934  5.76390314  5.71537447
   5.1754241   5.82271099  4.88450384  5.11088467]
 [ 5.56078577  5.78425884  5.20704603  6.33729553  5.86398172  6.08345985
   6.09437943  6.1231885   6.30508041  5.26277447  5.37676859  5.82538033
   4.07414818  4.70630169  4.19186497  4.93133163]
 [ 4.46956539  4.821908    4.18610001  4.37342739  5.02816248  4.98157406
   4.71647978  5.13596439  4.45760345  4.63983631  4.2981205   4.75642633
   3.3786447   4.90286446  3.76733661  3.66171813]
 [ 5.80302143  4.78851414  5.93884516  5.86972618  6.42961502  5.52644253
   6.64271069  6.38324308  7.2859807   4.74238682  5.27621746  6.1476469
   4.80117941  4.97841597  4.96495295  5.43397999]
 [ 3.59235859  3.70161963  3.6158061   3.78548646  3.77111292  4.19449949
   3.64405322  3.94015336  3.88680935  3.19235611  3.29633856  3.65974689
   3.16143942  3.30480862  3.04164433  2.91708517]
 [ 3.37581539  3.58242846  3.6198082   4.38670206  3.49436784  3.88206291
   3.75403666  3.94698977  4.56091261  3.92914128  3.85498309  3.89420676
   2.91634345  3.25069714  3.16761494  3.5302639 ]
 [ 4.8830781   4.58539391  3.96500659  4.61516285  5.11455154  4.83370924
   5.74869108  5.65295553  5.7154398   4.27268696  3.98712277  4.55032873
   4.08120537  3.19924951  3.71859717  4.20814848]
 [ 5.50304031  5.32101679  5.07389641  6.15074015  5.32763004  5.39020205
   5.48642063  5.5196681   6.2278924   5.62125635  5.33238983  5.70609379
   4.1967392   5.20408535  4.30837536  5.58955479]
 [ 5.22701502  4.06615877  4.74322891  4.63235903  5.5954442   4.70658112
   5.81687307  5.72205687  5.85507917  4.03710985  4.01274157  4.97789097
   4.69485998  4.25734758  4.53958464  4.96421576]
 [ 5.08298111  4.15646362  4.70781565  4.37451839  5.26737213  4.91866064
   5.31530046  5.35043955  5.76026821  4.81274891  4.65402651  4.89675379
   4.72703743  4.56197643  4.33332253  4.81238031]
 [ 3.87796593  3.08909392  3.32818675  2.73334169  3.91137862  4.02009535
   3.73294282  3.77449656  4.47981405  3.23506618  3.45384026  3.39077353
   3.52544093  3.1833365   2.88284898  3.40402794]
 [ 4.22386217  4.57008076  4.63469553  5.23429203  4.88521719  5.22599792
   5.07740307  5.60035467  5.46945667  4.61677933  4.6695838   5.35045719
   3.42962217  3.95987701  4.27022552  3.86216664]
 [ 4.77075148  4.4546423   3.34561372  4.96257353  4.60305214  4.28816128
   4.42309856  4.62758398  4.96203375  4.32541561  3.60557675  4.41548109
   2.99324536  3.43988919  3.2600286   4.38329506]
 [ 3.29650879  3.31737494  4.00656652  4.0409174   4.09519958  4.61675262
   4.24176931  4.14601374  4.21192074  3.78820443  3.51853728  4.00641298
   3.41283178  3.35868049  3.43602777  3.81379032]
 [ 3.16898322  2.94454932  3.59487224  3.79957318  3.73594522  3.40962029
   3.93339133  3.58121228  3.72567987  2.62326169  2.67918038  3.60856009
   2.93562317  2.80249739  2.9115057   3.36509538]]
Difference:
 [[ -7.26408958e-02  -1.22613907e-01  -1.94416046e-02  -8.26115608e-02
   -7.90023804e-03  -1.30019665e-01  -1.84297562e-03  -8.79344940e-02
   -1.23677731e-01  -1.31223202e-01  -1.25129223e-01  -1.29858017e-01
   -1.91197395e-02  -4.35042381e-02  -6.82601929e-02  -6.69980049e-02]
 [  4.94926453e+00   3.84292054e+00   5.41422987e+00   4.61454105e+00
    5.59990406e+00   4.92773676e+00   5.98949480e+00   5.41621733e+00
    5.15447092e+00   4.16140985e+00   4.35911131e+00   4.20555782e+00
    5.02823544e+00   5.08567286e+00   4.09355831e+00   4.42418909e+00]
 [  3.25654411e+00   2.30255508e+00   4.03462362e+00   3.50553703e+00
    4.08089113e+00   3.17266130e+00   4.83402538e+00   3.89225149e+00
    4.35994196e+00   2.48995638e+00   3.05310583e+00   3.21293306e+00
    3.59943151e+00   3.26007366e+00   2.97268200e+00   3.70462704e+00]
 [  5.53643274e+00   4.26465893e+00   5.52960443e+00   5.07404900e+00
    6.24552870e+00   4.96381664e+00   5.47367287e+00   4.99832201e+00
    4.89465904e+00   4.40343952e+00   4.21382380e+00   4.10671902e+00
    4.93857384e+00   5.28378963e+00   4.03891182e+00   4.28092480e+00]
 [  4.62350845e+00   4.20217991e+00   4.95619297e+00   5.27136326e+00
    5.76204252e+00   4.40582561e+00   6.07059717e+00   4.98857403e+00
    4.70927811e+00   3.56961060e+00   3.76223469e+00   4.14983511e+00
    3.82744956e+00   4.14497089e+00   3.31111169e+00   4.06686115e+00]
 [  3.75462818e+00   3.61512852e+00   3.99475431e+00   3.56035423e+00
    4.95040512e+00   3.70190620e+00   4.69833946e+00   4.27050257e+00
    3.24035597e+00   3.34832287e+00   3.06658554e+00   3.47835255e+00
    3.19046736e+00   4.47469187e+00   3.09551477e+00   3.00231647e+00]
 [  5.24531078e+00   3.84712553e+00   5.78957891e+00   5.23546124e+00
    6.36895800e+00   4.52819490e+00   6.62855911e+00   5.70811081e+00
    6.33642578e+00   3.73489857e+00   4.31551743e+00   5.15064240e+00
    4.65438557e+00   4.64440584e+00   4.44087601e+00   4.91959190e+00]
 [  2.96644497e+00   2.64510870e+00   3.44828606e+00   3.07365656e+00
    3.70303798e+00   3.07417583e+00   3.62817168e+00   3.18245816e+00
    2.82113314e+00   2.06166244e+00   2.21815419e+00   2.54081845e+00
    2.99669385e+00   2.92995214e+00   2.45347786e+00   2.33979225e+00]
 [  2.79690981e+00   2.60526514e+00   3.46486974e+00   3.72833347e+00
    3.43140602e+00   2.84587955e+00   3.73934793e+00   3.24620008e+00
    3.57527256e+00   2.88336658e+00   2.85777402e+00   2.85931444e+00
    2.76397133e+00   2.90399384e+00   2.62362170e+00   2.99632788e+00]
 [  4.17357254e+00   3.38778257e+00   3.77511406e+00   3.80826712e+00
    5.03738499e+00   3.56376314e+00   5.73068905e+00   4.79406786e+00
    4.50744009e+00   2.99098539e+00   2.76494408e+00   3.28196430e+00
    3.89445782e+00   2.77433014e+00   3.05187941e+00   3.55375671e+00]
 [  4.97847891e+00   4.43558359e+00   4.93350220e+00   5.55417490e+00
    5.27057791e+00   4.45128918e+00   5.47311068e+00   4.88466501e+00
    5.33477831e+00   4.67365217e+00   4.42879248e+00   4.76834965e+00
    4.05867052e+00   4.88992834e+00   3.81544924e+00   5.10574102e+00]
 [  5.03891659e+00   3.74865818e+00   4.69288588e+00   4.41844177e+00
    5.57498741e+00   4.36990404e+00   5.81210089e+00   5.49435568e+00
    5.53482533e+00   3.69731617e+00   3.68872786e+00   4.64163351e+00
    4.64535141e+00   4.14469624e+00   4.36283016e+00   4.79072905e+00]
 [  4.56563759e+00   3.28321290e+00   4.56935310e+00   3.78616190e+00
    5.21110535e+00   3.99266672e+00   5.30217361e+00   4.72417307e+00
    4.87944269e+00   3.87818313e+00   3.76286173e+00   3.97191262e+00
    4.59086800e+00   4.25214195e+00   3.84717822e+00   4.33522367e+00]
 [  3.00433350e+00   1.61444569e+00   3.09436750e+00   1.73978996e+00
    3.81636095e+00   2.45637894e+00   3.71077538e+00   2.71692705e+00
    2.99237347e+00   1.65687561e+00   1.94894075e+00   1.82900524e+00
    3.29549456e+00   2.66012287e+00   2.06190300e+00   2.59825873e+00]
 [  3.29060221e+00   2.99478340e+00   4.38491726e+00   4.17292833e+00
    4.78371429e+00   3.55555344e+00   5.05372334e+00   4.47060347e+00
    3.88049364e+00   2.93087292e+00   3.06197047e+00   3.68209410e+00
    3.18398070e+00   3.40095210e+00   3.39324784e+00   3.00140095e+00]
 [  4.15752506e+00   3.41954541e+00   3.18148947e+00   4.26517200e+00
    4.53635693e+00   3.19054508e+00   4.40753889e+00   3.88524675e+00
    3.91795731e+00   3.21763968e+00   2.54924560e+00   3.31923246e+00
    2.83183908e+00   3.07263112e+00   2.68378329e+00   3.81770277e+00]
 [ -4.23426628e-02   8.60962868e-02   3.66230488e-01   4.81588840e-02
    3.40779305e-01   9.03084755e-01   3.04067850e-01   3.59168768e-01
    1.97024107e-01   8.58080626e-01   5.46745539e-01   9.41839218e-02
    4.32497978e-01   4.54449892e-01   3.64897966e-01   2.92021751e-01]]

FAILED! Dimensions:  (17, 17, 16)  Method:  CudaSharedMemory
Result:
 [[ 4.11033773  4.76530075  6.58034182  4.06699276  5.29746246  5.58148384
   3.78341389  4.78331566  5.82117319  6.30260849  5.07750082  5.55268192
   4.80646896  4.24038935  5.2926178   5.68895912  4.11033773]
 [ 4.62923002  4.24269295  5.99286032  3.3223474   4.87700701  5.48596907
   3.5150826   4.5506444   4.85934067  5.76462221  4.91383362  5.22620153
   5.32756472  3.54623008  4.91511822  5.53196812  4.62923002]
 [ 4.24269295  5.99286032  3.3223474   4.87700701  5.48596907  3.5150826
   4.5506444   4.85934067  5.76462221  4.91383362  5.22620153  5.32756472
   3.54623008  4.91511822  5.53196812  5.06438589  3.56436062]
 [ 3.27049351  5.48301458  3.94790363  3.91213346  4.75713253  3.02477217
   3.63527703  5.10073709  5.07656765  3.74120188  4.73074198  3.37294722
   3.49693918  2.81504726  3.90677691  4.19471121  2.21669912]
 [ 3.1613667   4.06095791  4.77319241  3.24919605  4.13826799  4.13830614
   2.45629191  3.75073552  3.44263244  4.03805113  4.12218189  3.95170641
   4.4360528   2.94769335  3.89171696  4.43752241  3.1613667 ]
 [ 4.0852828   3.87239742  5.89207077  4.11864901  4.34323359  4.7587347
   3.38033223  4.18927956  4.75813103  5.57335806  4.66691494  4.4360528
   2.94769335  3.89171696  4.43752241  5.25560617  4.0852828 ]
 [ 3.32377958  3.8946991   5.38057375  4.00694895  4.65513515  5.31149817
   3.54675293  4.14209175  5.26355219  5.74504471  4.03875303  5.98087692
   4.30837011  3.70209813  5.01865816  5.42954397  3.32377958]
 [ 4.07235241  4.37365103  6.50415564  4.36276388  4.48124313  5.23356152
   3.6089623   4.34997749  5.20624113  5.85533285  4.6354332   5.18089056
   5.04717827  3.94340229  4.91170931  5.82715845  4.07235241]
 [ 4.37365103  6.50415564  4.36276388  4.48124313  5.23356152  3.6089623
   4.34997749  5.20624113  5.85533285  4.6354332   5.18089056  5.04717827
   3.94340229  4.91170931  5.82715845  5.32903624  3.8659699 ]
 [ 3.4739337   5.28448153  4.00490618  4.1322341   5.02400398  4.07060957
   3.41394329  2.97457981  3.70639729  3.77075386  3.27824974  3.63874769
   4.02306509  2.76508689  4.00134897  3.70000982  2.36181378]
 [ 2.96489239  3.13290691  5.20398092  3.11189342  3.44333076  3.83177662
   3.03896737  3.49934101  4.48643446  4.22362185  3.40149426  4.78542805
   3.49896884  3.143399    4.00097704  5.10274363  2.96489239]
 [ 2.74027228  3.08132672  5.08692026  3.49594927  3.70833302  3.03896737
   3.49934101  4.48643446  4.22362185  3.40149426  4.78542805  3.49896884
   3.143399    4.00097704  5.10274363  5.1205225   2.74027228]
 [ 3.08132672  5.08692026  3.49594927  3.70833302  3.9601953   2.96908689
   3.23668337  4.30069494  4.31263113  3.24356556  4.37713146  3.67208147
   3.73472571  4.08213472  5.1205225   5.72822189  3.16329408]
 [ 3.76848412  5.62143612  3.93059349  3.91441774  4.8689661   4.19519997
   3.45540786  5.09519291  5.38790846  4.15287685  4.96028423  4.36201763
   4.43433857  5.15811396  5.72822189  6.05779219  3.50250745]
 [ 4.30298948  6.19826126  4.40169716  4.66166592  5.13266897  3.32500196
   3.83291411  5.10521364  5.31634045  4.57425308  5.13238144  4.40418577
   4.15227413  5.37243509  6.05779219  5.24839544  3.88757896]
 [ 4.38924599  3.68648481  5.60037947  3.49490166  3.59683752  4.83707809
   3.6931715   4.01063681  4.87430573  5.15651083  4.33177042  4.4727025
   4.20898867  3.40905786  4.38771772  5.07413816  4.38924599]
 [ 4.11033773  4.76530075  6.58034182  4.06699276  5.29746246  5.58148384
   3.78341389  4.78331566  5.82117319  6.30260849  5.07750082  5.55268192
   4.80646896  4.24038935  5.2926178   5.68895912  4.11033773]]
Expected:
 [[ 4.11033773  4.76530075  6.58034182  4.06699276  5.29746246  5.58148384
   3.78341389  4.78331566  5.82117319  6.30260849  5.07750082  5.55268192
   4.80646896  4.24038935  5.2926178   5.68895912  5.45847225]
 [ 4.62923002  4.24269295  5.99286032  3.3223474   4.87700701  5.48596907
   3.5150826   4.5506444   4.85934067  5.76462221  4.91383362  5.22620153
   5.32756472  3.54623008  4.91511822  5.53196812  5.13021374]
 [ 3.56436062  3.27049351  5.48301458  3.94790363  3.91213346  4.75713253
   3.02477217  3.63527703  5.10073709  5.07656765  3.74120188  4.73074198
   3.37294722  3.49693918  4.67746496  5.06438589  4.4986167 ]
 [ 2.21669912  3.32894564  4.46600103  3.23635316  3.5851624   3.63808084
   2.56545258  3.21294785  3.68160605  3.80079293  3.44986844  4.18161297
   3.51241827  2.81504726  3.90677691  4.19471121  3.53806138]
 [ 3.1613667   4.06095791  4.77319241  3.24919605  4.13826799  4.13830614
   2.45629191  3.75073552  3.44263244  4.03805113  4.12218189  3.95170641
   4.4360528   2.94769335  3.89171696  4.43752241  3.95953441]
 [ 4.0852828   3.87239742  5.89207077  4.11864901  4.34323359  4.7587347
   3.38033223  4.18927956  4.75813103  5.57335806  4.66691494  4.42864466
   4.36693382  3.6854372   4.20062017  5.25560617  4.21350145]
 [ 3.32377958  3.8946991   5.38057375  4.00694895  4.65513515  5.31149817
   3.54675293  4.14209175  5.26355219  5.74504471  4.03875303  5.98087692
   4.30837011  3.70209813  5.01865816  5.42954397  4.67736006]
 [ 4.07235241  4.37365103  6.50415564  4.36276388  4.48124313  5.23356152
   3.6089623   4.34997749  5.20624113  5.85533285  4.6354332   5.18089056
   5.04717827  3.94340229  4.91170931  5.82715845  5.15129566]
 [ 3.8659699   3.4739337   5.28448153  4.00490618  4.1322341   5.02400398
   4.07060957  3.41394329  4.81930494  5.97963667  4.36421824  4.50063562
   4.03573895  4.06088066  4.46024179  5.32903624  4.6019702 ]
 [ 2.36181378  2.85834527  4.58712578  2.67958426  3.05881691  4.41145754
   2.95142341  2.97457981  3.70639729  3.77075386  3.27824974  3.63874769
   4.02306509  2.76508689  4.00134897  3.70000982  4.18198156]
 [ 2.96489239  3.13290691  5.20398092  3.11189342  3.44333076  3.83177662
   3.03896737  3.49934101  4.48643446  4.22362185  3.40149426  4.78542805
   3.49896884  3.143399    4.00097704  5.10274363  4.09343624]
 [ 2.74027228  3.08132672  5.08692026  3.49594927  3.70833302  3.9601953
   2.96908689  3.23668337  4.30069494  4.31263113  3.24356556  4.37713146
   3.67208147  3.73472571  4.08213472  5.1205225   3.66003537]
 [ 3.16329408  3.76848412  5.62143612  3.93059349  3.91441774  4.8689661
   4.19519997  3.45540786  5.09519291  5.38790846  4.15287685  4.96028423
   4.36201763  4.43433857  5.15811396  5.72822189  4.51930714]
 [ 3.50250745  4.30298948  6.19826126  4.40169716  4.66166592  5.13266897
   3.32500196  3.83291411  5.10521364  5.31634045  4.57425308  5.13238144
   4.40418577  4.15227413  5.37243509  6.05779219  5.22764587]
 [ 3.88757896  4.07019234  5.57877684  3.97697306  4.25154924  5.12966728
   3.6720798   4.01488686  5.00163555  5.60404015  4.35994148  5.17835808
   4.63074064  3.75309706  4.81789017  5.24839544  4.58918858]
 [ 4.38924599  3.68648481  5.60037947  3.49490166  3.59683752  4.83707809
   3.6931715   4.01063681  4.87430573  5.15651083  4.33177042  4.4727025
   4.20898867  3.40905786  4.38771772  5.07413816  4.71982145]
 [ 3.66913295  3.49275136  4.43375969  2.90221572  3.75542212  4.94310665
   3.18245077  3.72058249  3.89486217  4.72939062  4.25688219  3.5319016
   4.43698072  3.20133686  4.35767841  3.81458116  4.0687561 ]]
Difference:
 [[ 0.          0.          0.          0.          0.          0.          0.
   0.          0.          0.          0.          0.          0.          0.
   0.          0.         -1.34813452]
 [ 0.          0.          0.          0.          0.          0.          0.
   0.          0.          0.          0.          0.          0.          0.
   0.          0.         -0.50098372]
 [ 0.67833233  2.72236681 -2.16066718  0.92910337  1.57383561 -1.24204993
   1.52587223  1.22406363  0.66388512 -0.16273403  1.48499966  0.59682274
   0.17328286  1.41817904  0.85450315  0.         -0.93425608]
 [ 1.05379438  2.15406895 -0.5180974   0.6757803   1.17197013 -0.61330867
   1.06982446  1.88778925  1.3949616  -0.05959105  1.28087354 -0.80866575
  -0.01547909  0.          0.          0.         -1.32136226]
 [ 0.          0.          0.          0.          0.          0.          0.
   0.          0.          0.          0.          0.          0.          0.
   0.          0.         -0.79816771]
 [ 0.          0.          0.          0.          0.          0.          0.
   0.          0.          0.          0.          0.00740814 -1.41924047
   0.20627975  0.23690224  0.         -0.12821865]
 [ 0.          0.          0.          0.          0.          0.          0.
   0.          0.          0.          0.          0.          0.          0.
   0.          0.         -1.35358047]
 [ 0.          0.          0.          0.          0.          0.          0.
   0.          0.          0.          0.          0.          0.          0.
   0.          0.         -1.07894325]
 [ 0.50768113  3.03022194 -0.92171764  0.47633696  1.10132742 -1.41504169
   0.27936792  1.79229784  1.03602791 -1.34420347  0.81667233  0.54654264
  -0.09233665  0.85082865  1.36691666  0.         -0.7360003 ]
 [ 1.11211991  2.42613626 -0.5822196   1.45264983  1.96518707 -0.34084797
   0.46251988  0.          0.          0.          0.          0.          0.
   0.          0.          0.         -1.82016778]
 [ 0.          0.          0.          0.          0.          0.          0.
   0.          0.          0.          0.          0.          0.          0.
   0.          0.         -1.12854385]
 [ 0.          0.          0.          0.          0.         -0.92122793
   0.53025413  1.24975109 -0.0770731  -0.91113687  1.54186249 -0.87816262
  -0.52868247  0.26625133  1.0206089   0.         -0.91976309]
 [-0.08196735  1.31843615 -2.12548685 -0.22226048  0.04577756 -1.89987922
  -0.9585166   0.84528708 -0.78256178 -2.1443429   0.22425461 -1.28820276
  -0.62729192 -0.35220385 -0.03759146  0.         -1.35601306]
 [ 0.26597667  1.31844664 -2.26766777 -0.48727942  0.20730019 -0.93746901
   0.1304059   1.2622788   0.28269482 -1.16346359  0.38603115 -0.77036381
   0.0301528   1.00583982  0.3557868   0.         -1.72513843]
 [ 0.41541052  2.12806892 -1.17707968  0.68469286  0.88111973 -1.80466533
   0.16083431  1.09032679  0.3147049  -1.02978706  0.77243996 -0.77417231
  -0.47846651  1.61933804  1.23990202  0.         -0.70160961]
 [ 0.          0.          0.          0.          0.          0.          0.
   0.          0.          0.          0.          0.          0.          0.
   0.          0.         -0.33057547]
 [ 0.44120479  1.27254939  2.14658213  1.16477704  1.54204035  0.63837719
   0.60096312  1.06273317  1.92631102  1.57321787  0.82061863  2.02078032
   0.36948824  1.03905249  0.93493938  1.87437797  0.04158163]]

FAILED! Dimensions:  (17, 17, 17)  Method:  CudaSharedMemory
Result:
 [[ 6.38705826  4.04196692  4.25823402  3.07317448  4.05793667  4.5314579
   4.49175692  3.76942754  3.87147188  3.76168132  4.73491049  3.97355843
   3.95286751  2.53688025  4.79603434  4.00329781  6.38705826]
 [ 5.19470978  3.06435227  4.07814884  3.3597393   3.3015728   3.36148429
   3.08982706  4.28300476  3.44139242  3.0240438   4.58563423  3.58741426
   3.57662988  3.08422279  4.18839645  3.90785861  5.19470978]
 [ 5.0700841   4.364923    5.18135309  3.01424193  3.18005872  4.49982166
   3.55069494  4.25313902  3.70886254  3.59037232  3.68295932  3.78415012
   3.29708958  3.20902777  4.43434668  4.09787464  5.0700841 ]
 [ 4.45612669  4.41087198  5.48912621  3.18966937  3.89671421  3.7533896
   4.15824747  3.90561199  4.52064943  3.58561039  4.13091803  4.40697479
   3.70818257  3.05810022  4.97597265  4.51443005  4.45612669]
 [ 5.71200371  4.24194908  4.82878637  4.42708921  4.84795809  3.66870642
   4.28511238  3.77560854  3.94787979  4.04183292  4.26618958  4.32567167
   4.07595921  2.80767941  5.83827257  4.88462496  5.71200371]
 [ 4.11174536  3.51705313  4.23837662  2.67251563  3.11609888  3.43848848
   3.24501657  2.63046288  3.17975998  2.93906498  3.5961411   2.57339525
   2.99136472  2.39501166  3.91305733  3.70070124  4.11174536]
 [ 3.99608231  3.49163985  3.98864174  3.41743994  3.88275599  3.48200583
   3.08546877  3.4403739   2.90821147  3.54659367  4.06052017  3.16843796
   3.34615612  1.66841543  4.27852154  3.44329667  3.99608231]
 [ 4.13196373  3.08474898  3.59721518  2.83016753  3.55967665  3.27260065
   3.09533477  3.35798264  3.23644042  2.65208745  3.51234508  2.96185803
   2.87779021  2.01949763  3.80504751  3.35170102  4.13196373]
 [ 3.18194199  3.59721518  2.83016753  3.55967665  3.27260065  3.09533477
   3.35798264  3.23644042  2.65208745  3.51234508  2.96185803  2.87779021
   2.01949763  3.80504751  3.35170102  4.18588972  4.40544128]
 [ 6.28794384  5.00745153  6.18673897  4.20531034  5.27724552  4.38671827
   4.97280931  5.18680429  5.35979509  4.51221275  5.0608902   4.77209044
   4.87684822  3.73688817  5.59259987  5.30153561  6.28794384]
 [ 4.96112919  3.97887754  4.27267075  3.79740906  3.96616721  3.44457912
   4.3478508   3.19634247  4.16717529  3.66727972  4.12391329  3.66478515
   3.85465074  3.49076653  4.78278017  4.57340097  4.96112919]
 [ 5.92186546  4.41863823  5.51135874  3.63302016  4.61316061  4.17450047
   4.4385581   5.52720213  5.10375214  3.77211142  5.20383978  4.77679205
   4.30119181  3.72388434  4.94075298  4.60297441  5.92186546]
 [ 5.85044909  4.46935654  4.67280054  3.3409245   4.11840343  4.48202085
   4.27191305  4.67358255  4.03503513  3.80663633  3.99329948  4.28128099
   4.50422287  3.38627291  4.98565769  4.30358839  5.85044909]
 [ 6.65721607  5.28883123  6.12127686  4.83221245  5.12730885  4.92874432
   5.21940374  4.97914028  5.41436148  4.80585909  5.43962049  4.78101492
   4.80348969  3.71072578  6.07026148  5.58908987  6.65721607]
 [ 5.93853998  4.52753258  5.71337366  3.46016932  4.0246911   4.92887974
   4.36608839  4.37297297  4.34930611  4.02804708  5.02693605  4.08928299
   4.30721521  3.76469207  5.42336512  5.13536501  5.93853998]
 [ 3.74344182  3.07533693  3.61763334  2.47783804  3.31379151  3.06726241
   2.58249283  3.36888957  2.80559182  2.76058817  3.08756256  2.88902855
   3.11500835  1.65914643  3.54286408  2.83406997  3.74344182]
 [ 6.38705826  4.04196692  4.25823402  3.07317448  4.05793667  4.5314579
   4.49175692  3.76942754  3.87147188  3.76168132  4.73491049  3.97355843
   3.95286751  2.53688025  4.79603434  4.00329781  6.38705826]]
Expected:
 [[ 5.20598269  3.9638257   4.18801546  3.03115058  3.89024425  4.36555481
   4.27472639  3.74240255  3.78727055  3.51077652  4.63021517  3.73167992
   3.89530778  2.50723147  4.580235    3.96231651  4.45422363]
 [ 5.41663647  3.31710601  4.30527735  3.49566865  3.84398699  3.8981092
   3.79182935  4.3704195   3.71374774  3.83561444  4.92428017  4.36978865
   3.76281142  3.18012452  4.88641644  4.04041624  4.20676661]
 [ 5.1585145   4.46563625  5.27185583  3.06840491  3.3961916   4.71364784
   3.83041811  4.28797054  3.81738663  3.91375446  3.8178978   4.09589863
   3.37127638  3.24724126  4.71248293  4.15069437  4.76359606]
 [ 4.45991755  4.41518927  5.49300575  3.19199109  3.90597892  3.76255536
   4.17023802  3.90710497  4.52530146  3.59947228  4.13670206  4.42033815
   3.7113626   3.05973816  4.98789501  4.51669407  4.82885695]
 [ 5.88930607  4.4438796   5.01024437  4.53568602  5.28130484  4.09742785
   4.84595728  3.84544587  4.1654706   4.69021416  4.53674126  4.95072746
   4.22470379  2.88429737  6.39593601  4.99052811  4.49735594]
 [ 4.20794487  3.62661529  4.33683109  2.73143744  3.35122132  3.67110157
   3.54931641  2.66835475  3.2978189   3.2908597   3.74293518  2.91253424
   3.07206964  2.43658257  4.21563101  3.75816154  4.1354351 ]
 [ 4.03296757  3.53364825  4.02639151  3.44003177  3.97290707  3.57119465
   3.20214391  3.45490241  2.95347786  3.68147945  4.11680412  3.29847121
   3.37710023  1.68435466  4.39453459  3.46532822  3.7541399 ]
 [ 4.16623592  3.12378168  3.6322906   2.8511591   3.64344144  3.35547137
   3.20374465  3.3714819   3.27850008  2.7774179   3.56464195  3.08267975
   2.90654206  2.03430772  3.91284227  3.37217188  3.6091578 ]
 [ 4.44325876  4.03604555  4.87204313  2.81691718  4.35692215  3.59603548
   4.34209728  3.8367703   3.5848031   3.4961307   4.10567093  3.84429407
   3.51167011  2.44409704  4.92083216  4.20847845  3.78798246]
 [ 6.45852757  5.20173025  6.36132097  4.30979204  5.69417143  4.79919434
   5.51240253  5.25399542  5.56914091  5.13602543  5.32118988  5.37346172
   5.01995659  3.8106029   6.12913179  5.40342569  6.04301882]
 [ 5.00173903  4.02512836  4.31423235  3.82228255  4.06542253  3.54277515
   4.47630882  3.21233821  4.21701288  3.81578755  4.18588161  3.80795026
   3.8887198   3.50831532  4.91050959  4.5976572   4.45206642]
 [ 6.06778765  4.58482981  5.66070127  3.72239685  4.96981049  4.52734375
   4.90014076  5.58467913  5.28283215  4.30573797  5.42650747  5.29122162
   4.42361069  3.78694201  5.39971733  4.69013405  5.71243382]
 [ 5.88588476  4.50971413  4.70906639  3.36262846  4.20501137  4.56770468
   4.38400269  4.68754005  4.07852268  3.93622112  4.04737139  4.40620375
   4.53395081  3.40158558  5.0971117   4.32475424  4.21692467]
 [ 6.83564854  5.49204874  6.30389118  4.94150162  5.56341743  5.36019802
   5.78382301  5.04942274  5.63333893  5.45837307  5.71189642  5.41005468
   4.95318222  3.78783202  6.63147879  5.69566822  6.19801474]
 [ 6.12162924  4.73605394  5.90075445  3.57231069  4.4721818   5.37159395
   4.94523859  4.44508982  4.57399845  4.69759083  5.30631828  4.73474026
   4.46081448  3.8438108   5.99922991  5.24472475  5.36416626]
 [ 3.9025166   3.25650835  3.78043699  2.57527089  3.7025888   3.45190978
   3.0856812   3.4315474   3.00081348  3.342314    3.33030057  3.44982696
   3.24846148  1.72788787  4.04319811  2.92908597  3.702739  ]
 [ 5.63227987  4.17808342  5.1346159   3.14041257  4.54101419  4.96004772
   4.09935236  4.96345663  3.98287845  4.1032896   4.62349892  5.28812551
   4.23146391  3.00715876  6.07481146  4.36523962  4.47778606]]
Difference:
 [[  1.18107557e+00   7.81412125e-02   7.02185631e-02   4.20238972e-02
    1.67692423e-01   1.65903091e-01   2.17030525e-01   2.70249844e-02
    8.42013359e-02   2.50904799e-01   1.04695320e-01   2.41878510e-01
    5.75597286e-02   2.96487808e-02   2.15799332e-01   4.09812927e-02
    1.93283463e+00]
 [ -2.21926689e-01  -2.52753735e-01  -2.27128506e-01  -1.35929346e-01
   -5.42414188e-01  -5.36624908e-01  -7.02002287e-01  -8.74147415e-02
   -2.72355318e-01  -8.11570644e-01  -3.38645935e-01  -7.82374382e-01
   -1.86181545e-01  -9.59017277e-02  -6.98019981e-01  -1.32557631e-01
    9.87943172e-01]
 [ -8.84304047e-02  -1.00713253e-01  -9.05027390e-02  -5.41629791e-02
   -2.16132879e-01  -2.13826180e-01  -2.79723167e-01  -3.48315239e-02
   -1.08524084e-01  -3.23382139e-01  -1.34938478e-01  -3.11748505e-01
   -7.41868019e-02  -3.82134914e-02  -2.78136253e-01  -5.28197289e-02
    3.06488037e-01]
 [ -3.79085541e-03  -4.31728363e-03  -3.87954712e-03  -2.32172012e-03
   -9.26470757e-03  -9.16576385e-03  -1.19905472e-02  -1.49297714e-03
   -4.65202332e-03  -1.38618946e-02  -5.78403473e-03  -1.33633614e-02
   -3.18002701e-03  -1.63793564e-03  -1.19223595e-02  -2.26402283e-03
   -3.72730255e-01]
 [ -1.77302361e-01  -2.01930523e-01  -1.81457996e-01  -1.08596802e-01
   -4.33346748e-01  -4.28721428e-01  -5.60844898e-01  -6.98373318e-02
   -2.17590809e-01  -6.48381233e-01  -2.70551682e-01  -6.25055790e-01
   -1.48744583e-01  -7.66179562e-02  -5.57663441e-01  -1.05903149e-01
    1.21464777e+00]
 [ -9.61995125e-02  -1.09562159e-01  -9.84544754e-02  -5.89218140e-02
   -2.35122442e-01  -2.32613087e-01  -3.04299831e-01  -3.78918648e-02
   -1.18058920e-01  -3.51794720e-01  -1.46794081e-01  -3.39138985e-01
   -8.07049274e-02  -4.15709019e-02  -3.02573681e-01  -5.74603081e-02
   -2.36897469e-02]
 [ -3.68852615e-02  -4.20084000e-02  -3.77497673e-02  -2.25918293e-02
   -9.01510715e-02  -8.91888142e-02  -1.16675138e-01  -1.45285130e-02
   -4.52663898e-02  -1.34885788e-01  -5.62839508e-02  -1.30033255e-01
   -3.09441090e-02  -1.59392357e-02  -1.16013050e-01  -2.20315456e-02
    2.41942406e-01]
 [ -3.42721939e-02  -3.90326977e-02  -3.50754261e-02  -2.09915638e-02
   -8.37647915e-02  -8.28707218e-02  -1.08409882e-01  -1.34992599e-02
   -4.20596600e-02  -1.25330448e-01  -5.22968769e-02  -1.20821714e-01
   -2.87518501e-02  -1.48100853e-02  -1.07794762e-01  -2.04708576e-02
    5.22805929e-01]
 [ -1.26131678e+00  -4.38830376e-01  -2.04187560e+00   7.42759466e-01
   -1.08432150e+00  -5.00700712e-01  -9.84114647e-01  -6.00329876e-01
   -9.32715654e-01   1.62143707e-02  -1.14381289e+00  -9.66503859e-01
   -1.49217248e+00   1.36095047e+00  -1.56913114e+00  -2.25887299e-02
    6.17458820e-01]
 [ -1.70583725e-01  -1.94278717e-01  -1.74582005e-01  -1.04481697e-01
   -4.16925907e-01  -4.12476063e-01  -5.39593220e-01  -6.71911240e-02
   -2.09345818e-01  -6.23812675e-01  -2.60299683e-01  -6.01371288e-01
   -1.43108368e-01  -7.37147331e-02  -5.36531925e-01  -1.01890087e-01
    2.44925022e-01]
 [ -4.06098366e-02  -4.62508202e-02  -4.15616035e-02  -2.48734951e-02
   -9.92553234e-02  -9.81960297e-02  -1.28458023e-01  -1.59957409e-02
   -4.98375893e-02  -1.48507833e-01  -6.19683266e-02  -1.43165112e-01
   -3.40690613e-02  -1.75487995e-02  -1.27729416e-01  -2.42562294e-02
    5.09062767e-01]
 [ -1.45922184e-01  -1.66191578e-01  -1.49342537e-01  -8.93766880e-02
   -3.56649876e-01  -3.52843285e-01  -4.61582661e-01  -5.74769974e-02
   -1.79080009e-01  -5.33626556e-01  -2.22667694e-01  -5.14429569e-01
   -1.22418880e-01  -6.30576611e-02  -4.58964348e-01  -8.71596336e-02
    2.09431648e-01]
 [ -3.54356766e-02  -4.03575897e-02  -3.62658501e-02  -2.17039585e-02
   -8.66079330e-02  -8.56838226e-02  -1.12089634e-01  -1.39575005e-02
   -4.34875488e-02  -1.29584789e-01  -5.40719032e-02  -1.24922752e-01
   -2.97279358e-02  -1.53126717e-02  -1.11454010e-01  -2.11658478e-02
    1.63352442e+00]
 [ -1.78432465e-01  -2.03217506e-01  -1.82614326e-01  -1.09289169e-01
   -4.36108589e-01  -4.31453705e-01  -5.64419270e-01  -7.02824593e-02
   -2.18977451e-01  -6.52513981e-01  -2.72275925e-01  -6.29039764e-01
   -1.49692535e-01  -7.71062374e-02  -5.61217308e-01  -1.06578350e-01
    4.59201336e-01]
 [ -1.83089256e-01  -2.08521366e-01  -1.87380791e-01  -1.12141371e-01
   -4.47490692e-01  -4.42714214e-01  -5.79150200e-01  -7.21168518e-02
   -2.24692345e-01  -6.69543743e-01  -2.79382229e-01  -6.45457268e-01
   -1.53599262e-01  -7.91187286e-02  -5.75864792e-01  -1.09359741e-01
    5.74373722e-01]
 [ -1.59074783e-01  -1.81171417e-01  -1.62803650e-01  -9.74328518e-02
   -3.88797283e-01  -3.84647369e-01  -5.03188372e-01  -6.26578331e-02
   -1.95221663e-01  -5.81725836e-01  -2.42738008e-01  -5.60798407e-01
   -1.33453131e-01  -6.87414408e-02  -5.00334024e-01  -9.50160027e-02
    4.07028198e-02]
 [  7.54778385e-01  -1.36116505e-01  -8.76381874e-01  -6.72380924e-02
   -4.83077526e-01  -4.28589821e-01   3.92404556e-01  -1.19402909e+00
   -1.11406565e-01  -3.41608286e-01   1.11411572e-01  -1.31456709e+00
   -2.78596401e-01  -4.70278502e-01  -1.27877712e+00  -3.61941814e-01
    1.90927219e+00]]

Method: CudaSharedMemory          , dims: (16, 16, 16)        , pass(1)/fail(0): 1,	 time (s): 0.0012433528900146484

Method: CudaSharedMemory          , dims: (16, 16, 17)        , pass(1)/fail(0): 0,	 time (s): 0.0009684562683105469

Method: CudaSharedMemory          , dims: (16, 17, 16)        , pass(1)/fail(0): 0,	 time (s): 0.0011124610900878906

Method: CudaSharedMemory          , dims: (16, 17, 17)        , pass(1)/fail(0): 0,	 time (s): 0.0010030269622802734

Method: CudaSharedMemory          , dims: (17, 16, 16)        , pass(1)/fail(0): 0,	 time (s): 0.0011248588562011719

Method: CudaSharedMemory          , dims: (17, 16, 17)        , pass(1)/fail(0): 0,	 time (s): 0.0010094642639160156

Method: CudaSharedMemory          , dims: (17, 17, 16)        , pass(1)/fail(0): 0,	 time (s): 0.0010685920715332031

Method: CudaSharedMemory          , dims: (17, 17, 17)        , pass(1)/fail(0): 0,	 time (s): 0.0010085105895996094

