Device name: b'NVIDIA A100-PCIE-40GB'
Compute capability: (8, 0)
Total global memory (GB): 39.39385986328125
Free global memory (GB): 38.98077392578125
Used global memory (GB): 0.4130859375
Max threads per block: 1024
Max block dimensions: x=1024, y=1024, z=64
Max grid dimensions: x=2147483647, y=65535, z=65535
Max shared memory per block (KB): 48.0
FAILED! Dimensions:  (16, 16, 16)  Method:  CudaSharedMemory
Result:
 [[ 3.63466072  3.7820375   3.82256007  3.70183659  3.37822366  4.89631414
   4.4270668   3.44784069  3.10442233  4.05812073  4.81589842  2.9731555
   3.78561807  3.14964843  3.22109127  4.01600885]
 [ 3.78883696  3.90265298  4.30111933  3.61234093  4.53048277  5.01435852
   3.37301755  3.33424211  3.68897653  4.01647997  5.70760298  4.2158103
   4.42228889  3.63379812  3.14818788  5.39773369]
 [ 3.97552371  4.19789028  5.70080757  4.32486153  4.97954655  4.51715851
   4.38637781  4.53276157  4.17990446  5.26050806  6.18985128  4.52524614
   5.3936677   3.85420132  3.79585648  6.46659946]
 [ 4.77670813  4.31286907  5.24816561  4.34308434  5.03312922  5.54381132
   4.07623386  4.10200691  4.8229847   4.53000593  6.12413645  4.64387894
   4.88878012  4.05087614  3.53758073  5.22709322]
 [ 3.32123971  4.1259799   3.9362154   3.31750369  3.89836574  4.21252584
   3.43774724  3.43807864  3.43317771  3.93930817  4.96625519  3.26990938
   4.40424871  3.03058434  3.48137903  4.67366457]
 [ 3.91604304  3.98411155  4.85658407  3.85105562  4.08801937  4.84397078
   4.14027357  3.66869307  3.63432097  4.59990597  5.7216959   3.80683041
   4.85178137  3.52412391  4.03291512  5.27645206]
 [ 3.08757401  2.79343152  3.66314602  2.94893408  3.39199686  4.39627028
   2.88484287  2.43786502  3.16768312  3.3524282   4.69251585  3.19027495
   3.48393321  3.13491035  2.8262341   3.71584034]
 [ 3.71980309  3.75034213  4.78583336  3.89388442  3.66847157  5.17493916
   4.71457434  4.04497576  3.27051854  4.69647312  5.33711052  3.94534945
   4.53531408  3.56336927  3.35984731  5.12634563]
 [ 3.68453884  4.44021845  4.70385218  3.973979    4.81494522  4.39970779
   4.16442156  3.53738761  4.17185736  4.6307435   5.57232046  4.0816884
   5.31589222  3.90875125  3.59508824  5.12855864]
 [ 3.01935697  4.38472748  4.81255293  3.17779708  4.20710039  3.99883652
   3.80562973  3.56723261  3.4932518   4.62025118  5.78688478  3.13712692
   4.29671574  3.56626606  3.06202364  4.64430761]
 [ 2.68632579  3.20123005  2.80668569  2.7953496   2.80113578  4.11877918
   3.24788523  2.39010072  2.45227504  3.23942828  3.93164062  2.58846211
   3.41011381  2.78767037  2.65350032  3.2907939 ]
 [ 3.58407259  3.20858979  3.25403476  3.46002197  3.44636178  4.10488367
   3.03620696  2.87573314  3.30158806  3.25509906  3.74348426  3.24902129
   3.75872517  2.6894033   2.70232272  4.00389862]
 [ 2.68036151  3.16226625  3.21892333  2.71813893  2.76033211  3.21092606
   3.05361414  2.85281849  2.11591864  3.48781228  4.06769896  2.27933407
   3.36582637  2.77498198  2.98625064  3.75001478]
 [ 3.97786784  4.95864153  5.31583118  4.07271624  4.60653114  5.80944347
   4.57609749  4.02016068  3.96621871  5.24836254  6.48639011  3.97317696
   5.29159069  3.72843671  4.15367746  5.9430747 ]
 [ 3.85450912  5.25179863  5.52380133  3.81124568  5.17488003  5.11884308
   4.2915926   3.98532009  4.4419136   4.96331882  6.8152771   3.80547237
   5.21684074  4.26826286  3.75340915  5.01857424]
 [ 3.87228441  4.24834871  3.7139771   3.47766995  4.73692989  4.55949306
   3.58955026  3.38262486  4.13443184  3.38462377  4.7549572   3.80815959
   3.92446303  2.65538836  2.68599439  4.60332775]]
Expected:
 [[ 3.63466072  3.78883696  3.97552371  4.77670813  3.32123971  3.91604304
   3.08757401  3.71980309  3.68453884  3.01935697  2.68632579  3.58407259
   2.68036151  3.97786784  3.85450912  3.87228441]
 [ 3.7820375   3.90265298  4.19789028  4.31286907  4.1259799   3.98411155
   2.79343152  3.75034213  4.44021845  4.38472748  3.20123005  3.20858979
   3.16226625  4.95864153  5.25179863  4.24834871]
 [ 3.82256007  4.30111933  5.70080757  5.24816561  3.9362154   4.85658407
   3.66314602  4.78583336  4.70385218  4.81255293  2.80668569  3.25403476
   3.21892333  5.31583118  5.52380133  3.7139771 ]
 [ 3.70183659  3.61234093  4.32486153  4.34308434  3.31750369  3.85105562
   2.94893408  3.89388442  3.973979    3.17779708  2.7953496   3.46002197
   2.71813893  4.07271624  3.81124568  3.47766995]
 [ 3.37822366  4.53048277  4.97954655  5.03312922  3.89836574  4.08801937
   3.39199686  3.66847157  4.81494522  4.20710039  2.80113578  3.44636178
   2.76033211  4.60653114  5.17488003  4.73692989]
 [ 4.89631414  5.01435852  4.51715851  5.54381132  4.21252584  4.84397078
   4.39627028  5.17493916  4.39970779  3.99883652  4.11877918  4.10488367
   3.21092606  5.80944347  5.11884308  4.55949306]
 [ 4.4270668   3.37301755  4.38637781  4.07623386  3.43774724  4.14027357
   2.88484287  4.71457434  4.16442156  3.80562973  3.24788523  3.03620696
   3.05361414  4.57609749  4.2915926   3.58955026]
 [ 3.44784069  3.33424211  4.53276157  4.10200691  3.43807864  3.66869307
   2.43786502  4.04497576  3.53738761  3.56723261  2.39010072  2.87573314
   2.85281849  4.02016068  3.98532009  3.38262486]
 [ 3.10442233  3.68897653  4.17990446  4.8229847   3.43317771  3.63432097
   3.16768312  3.27051854  4.17185736  3.4932518   2.45227504  3.30158806
   2.11591864  3.96621871  4.4419136   4.13443184]
 [ 4.05812073  4.01647997  5.26050806  4.53000593  3.93930817  4.59990597
   3.3524282   4.69647312  4.6307435   4.62025118  3.23942828  3.25509906
   3.48781228  5.24836254  4.96331882  3.38462377]
 [ 4.81589842  5.70760298  6.18985128  6.12413645  4.96625519  5.7216959
   4.69251585  5.33711052  5.57232046  5.78688478  3.93164062  3.74348426
   4.06769896  6.48639011  6.8152771   4.7549572 ]
 [ 2.9731555   4.2158103   4.52524614  4.64387894  3.26990938  3.80683041
   3.19027495  3.94534945  4.0816884   3.13712692  2.58846211  3.24902129
   2.27933407  3.97317696  3.80547237  3.80815959]
 [ 3.78561807  4.42228889  5.3936677   4.88878012  4.40424871  4.85178137
   3.48393321  4.53531408  5.31589222  4.29671574  3.41011381  3.75872517
   3.36582637  5.29159069  5.21684074  3.92446303]
 [ 3.14964843  3.63379812  3.85420132  4.05087614  3.03058434  3.52412391
   3.13491035  3.56336927  3.90875125  3.56626606  2.78767037  2.6894033
   2.77498198  3.72843671  4.26826286  2.65538836]
 [ 3.22109127  3.14818788  3.79585648  3.53758073  3.48137903  4.03291512
   2.8262341   3.35984731  3.59508824  3.06202364  2.65350032  2.70232272
   2.98625064  4.15367746  3.75340915  2.68599439]
 [ 4.01600885  5.39773369  6.46659946  5.22709322  4.67366457  5.27645206
   3.71584034  5.12634563  5.12855864  4.64430761  3.2907939   4.00389862
   3.75001478  5.9430747   5.01857424  4.60332775]]
Difference:
 [[ 0.         -0.00679946 -0.15296364 -1.07487154  0.05698395  0.9802711
   1.3394928  -0.2719624  -0.58011651  1.03876376  2.12957263 -0.61091709
   1.10525656 -0.82821941 -0.63341784  0.14372444]
 [ 0.00679946  0.          0.10322905 -0.70052814  0.40450287  1.03024697
   0.57958603 -0.41610003 -0.75124192 -0.36824751  2.50637293  1.00722051
   1.26002264 -1.32484341 -2.10361075  1.14938498]
 [ 0.15296364 -0.10322905  0.         -0.92330408  1.04333115 -0.33942556
   0.72323179 -0.25307178 -0.52394772  0.44795513  3.3831656   1.27121139
   2.17474437 -1.46162987 -1.72794485  2.75262237]
 [ 1.07487154  0.70052814  0.92330408  0.          1.71562552  1.6927557
   1.12729979  0.20812249  0.8490057   1.35220885  3.32878685  1.18385696
   2.17064118 -0.0218401  -0.27366495  1.74942327]
 [-0.05698395 -0.40450287 -1.04333115 -1.71562552  0.          0.12450647
   0.04575038 -0.23039293 -1.38176751 -0.26779222  2.16511941 -0.1764524
   1.64391661 -1.57594681 -1.693501   -0.06326532]
 [-0.9802711  -1.03024697  0.33942556 -1.6927557  -0.12450647  0.
  -0.2559967  -1.50624609 -0.76538682  0.60106945  1.60291672 -0.29805326
   1.64085531 -2.28531957 -1.08592796  0.716959  ]
 [-1.3394928  -0.57958603 -0.72323179 -1.12729979 -0.04575038  0.2559967
   0.         -2.27670932 -0.99673843 -0.45320153  1.44463062  0.15406799
   0.43031907 -1.44118714 -1.4653585   0.12629008]
 [ 0.2719624   0.41610003  0.25307178 -0.20812249  0.23039293  1.50624609
   2.27670932  0.         -0.26686907  1.12924051  2.9470098   1.06961632
   1.68249559 -0.4567914  -0.62547278  1.74372077]
 [ 0.58011651  0.75124192  0.52394772 -0.8490057   1.38176751  0.76538682
   0.99673843  0.26686907  0.          1.1374917   3.12004542  0.78010035
   3.19997358 -0.05746746 -0.84682536  0.9941268 ]
 [-1.03876376  0.36824751 -0.44795513 -1.35220885  0.26779222 -0.60106945
   0.45320153 -1.12924051 -1.1374917   0.          2.5474565  -0.11797214
   0.80890346 -1.68209648 -1.90129519  1.25968385]
 [-2.12957263 -2.50637293 -3.3831656  -3.32878685 -2.16511941 -1.60291672
  -1.44463062 -2.9470098  -3.12004542 -2.5474565   0.         -1.15502214
  -0.65758514 -3.69871974 -4.16177654 -1.4641633 ]
 [ 0.61091709 -1.00722051 -1.27121139 -1.18385696  0.1764524   0.29805326
  -0.15406799 -1.06961632 -0.78010035  0.11797214  1.15502214  0.
   1.4793911  -1.28377366 -1.10314965  0.19573903]
 [-1.10525656 -1.26002264 -2.17474437 -2.17064118 -1.64391661 -1.64085531
  -0.43031907 -1.68249559 -3.19997358 -0.80890346  0.65758514 -1.4793911
   0.         -2.51660872 -2.23059011 -0.17444825]
 [ 0.82821941  1.32484341  1.46162987  0.0218401   1.57594681  2.28531957
   1.44118714  0.4567914   0.05746746  1.68209648  3.69871974  1.28377366
   2.51660872  0.         -0.1145854   3.28768635]
 [ 0.63341784  2.10361075  1.72794485  0.27366495  1.693501    1.08592796
   1.4653585   0.62547278  0.84682536  1.90129519  4.16177654  1.10314965
   2.23059011  0.1145854   0.          2.33257985]
 [-0.14372444 -1.14938498 -2.75262237 -1.74942327  0.06326532 -0.716959
  -0.12629008 -1.74372077 -0.9941268  -1.25968385  1.4641633  -0.19573903
   0.17444825 -3.28768635 -2.33257985  0.        ]]

FAILED! Dimensions:  (16, 16, 17)  Method:  CudaSharedMemory
Result:
 [[ 3.74041963  2.79535556  2.95704293  4.33684874  3.27138829  3.52191782
   3.09311271  3.94211221  4.40026188  4.44663858  2.9373982   4.66700077
   3.25930953  4.11340952  3.92634988  3.28617859]
 [ 5.56159687  3.49678254  4.20450258  5.87008476  5.20061445  5.066535
   4.16205311  4.29977989  5.39790344  6.51925993  3.91917777  6.32609081
   4.64067984  6.18521452  5.81585693  4.03472233]
 [ 3.43124819  3.19088817  3.13090038  4.03549051  3.48998952  3.51594114
   2.66632342  3.21923137  3.89811158  4.64226675  2.37945676  3.93386102
   2.8855617   3.64483309  4.64505434  2.50311232]
 [ 3.31279683  3.0476203   2.6977396   4.07254553  3.81397152  3.04989052
   2.24394417  3.3816545   4.31284189  5.22199631  2.49254775  4.51682806
   4.3085103   4.24090767  3.92313528  2.54121256]
 [ 4.41365337  2.54925466  3.10047436  4.38753843  3.21276855  3.48250151
   2.80401516  3.37870216  3.96523309  4.35496378  2.59800529  4.19065762
   2.71917796  3.91222215  3.80026102  3.06034803]
 [ 5.1734333   3.92137361  3.98868346  5.57922888  5.65068769  4.17993259
   4.15251684  5.04752731  6.025527    6.62094116  4.25370741  6.27728653
   5.21692848  6.26122999  6.17593861  4.10288429]
 [ 4.56957865  3.40122652  3.2179122   4.85344172  4.52859926  4.12822819
   4.05509853  4.00825071  4.56867409  5.97326851  3.23984575  5.32406139
   4.01670694  4.4703331   5.5003705   3.5372901 ]
 [ 5.08055687  3.61516738  3.89026785  5.52435827  4.73253584  4.48416805
   3.31961942  4.44927549  5.47121572  6.17710304  3.47284865  5.61642838
   4.01752472  5.14046383  5.21907282  3.39245367]
 [ 4.4168272   4.10784101  3.45383644  5.78909445  4.70423841  4.40361166
   4.28544903  4.15624714  5.71737862  6.71992779  3.19761443  5.66327286
   5.25340414  5.55714321  5.84038591  3.91722846]
 [ 4.16106653  3.48818207  3.23802352  4.51302099  3.87705922  3.65109205
   3.50582147  4.06878471  4.64671803  5.25341511  2.9028945   4.69561958
   3.68257785  4.00080824  4.6469121   3.53874731]
 [ 5.00005341  4.02186871  2.84615731  5.11172915  4.86079741  3.82604289
   3.80718064  4.21379566  4.96647406  5.92556286  2.75111532  4.85845566
   4.21369696  4.79152632  5.21139336  3.62951088]
 [ 3.27716041  2.9787004   3.13388371  4.04167175  2.98303294  3.26186156
   2.9025383   3.30650449  3.91520715  4.9015913   2.25981808  4.20378208
   3.01466322  3.46143246  4.13195658  3.00019264]
 [ 5.2502017   3.1356051   3.43588996  5.45118999  4.93909931  3.94248152
   3.5638926   4.16776228  5.20987654  6.23513842  3.27063036  5.62643909
   3.98467803  5.36179829  5.0855155   3.6848886 ]
 [ 4.31759024  2.64285088  3.43070078  4.46322584  3.85854197  3.58376479
   3.14514136  3.00611067  3.81006432  4.93737793  2.82807612  4.74080563
   3.81665611  4.7606802   4.15557575  3.36204576]
 [ 2.69763827  2.43267369  1.94964111  3.62116146  3.16985512  2.46175551
   2.67418551  2.77807617  3.64670873  3.84152269  2.06724262  3.44101095
   2.99812508  3.66571403  3.83747697  2.36994052]
 [ 4.13424158  3.86349487  3.2439003   5.36083841  4.27325249  4.24312019
   3.87552428  3.9512732   5.19721031  5.94262791  2.82495952  5.07060194
   4.42100334  4.91902304  5.4002409   3.4905808 ]]
Expected:
 [[ 4.37453651  6.1564002   4.24678564  3.47950935  4.70585632  5.69620419
   5.00925255  5.31542301  5.25050116  4.98077393  5.4632144   3.94150019
   6.15849543  4.7928834   2.7092135   4.20065403]
 [ 3.09279418  3.77578092  3.57342362  3.12581849  2.68631506  4.16658449
   3.60745978  3.72533345  4.49888372  3.87267351  4.23911858  3.29031539
   3.56164885  2.86579156  2.4381032   3.89464617]
 [ 3.28620863  4.51326084  3.55424023  2.78427887  3.25215483  4.2600503
   3.44614387  4.0121851   3.88659072  3.66352797  3.08658099  3.47873807
   3.90737891  3.67742229  1.95564973  3.27837443]
 [ 4.62890625  6.14403582  4.41110563  4.14932871  4.52211952  5.82000351
   5.05594397  5.63253117  6.1730628   4.89055681  5.32504892  4.3476491
   5.86952639  4.68213367  3.62649274  5.39142609]
 [ 3.61864543  5.52634287  3.93659663  3.90526724  3.37278557  5.93696928
   4.76937485  4.86115408  5.16077757  4.32594967  5.1144352   3.34684086
   5.43650198  4.11882353  3.17619395  4.30962133]
 [ 3.83001757  5.3555336   3.91218805  3.13089156  3.62447476  4.4339323
   4.34185362  4.59828281  4.80867052  4.04936504  4.05107975  3.58464599
   4.38379622  3.81469655  2.46737957  4.27538824]
 [ 3.27941823  4.3368082   2.905931    2.29292488  2.8898654   4.30610847
   4.1842761   3.38862371  4.53038502  3.74665427  3.943259    3.09772348
   3.83075237  3.28478408  2.67758632  3.89503646]
 [ 4.03192616  4.38402557  3.33474088  3.405267    3.42008853  5.12157059
   4.07052422  4.48254108  4.27432537  4.18488503  4.27939606  3.400599
   4.29640961  3.07342935  2.77971554  3.96067953]
 [ 4.41126251  5.4082222   3.91225982  4.31573391  3.97030234  6.03459597
   4.57630157  5.4752903   5.73184156  4.66093874  4.97450924  3.9267323
   5.2256341   3.81830978  3.64690948  5.19836235]
 [ 4.50602102  6.57496071  4.71863842  5.23760843  4.38232756  6.6698966
   6.01444244  6.19909716  6.79799795  5.33017731  5.96893597  4.96380424
   6.32019663  4.98188734  3.84260678  5.94884729]
 [ 2.93904924  3.92072654  2.38158011  2.49298191  2.59876609  4.2550683
   3.2409904   3.4734602   3.19978499  2.90502882  2.75232124  2.2615478
   3.27299523  2.82931352  2.06727266  2.82513237]
 [ 5.09196758  6.72471094  4.48041058  4.62855387  4.38648367  6.62763262
   5.61871815  5.77382898  6.22197723  5.24496365  5.16885281  4.64900351
   6.23515129  5.05933332  3.44876838  5.11510944]
 [ 3.91146803  5.2524066   3.72430253  4.47996616  3.01969457  5.75457335
   4.46889019  4.25907278  6.11079741  4.52560711  4.69003582  3.69790459
   4.91881418  4.30547237  3.01002955  4.48930502]
 [ 4.24165487  6.30550909  3.80976963  4.27462387  3.97131801  6.36695671
   4.55925417  5.18796396  5.72574759  4.16658831  4.88519716  3.59579039
   5.54549408  4.85680485  3.66805506  4.93245459]
 [ 3.99000239  5.87556314  4.72691774  3.93986988  3.82959223  6.22841406
   5.54450464  5.2426486   5.92406988  4.72919416  5.25788546  4.19864273
   5.17668962  4.20328569  3.83863878  5.40690756]
 [ 3.36252069  4.10633135  2.60129595  2.56128335  3.0955267   4.16582155
   3.59022307  3.4207294   4.01759577  3.63743305  3.6852715   3.08017349
   3.79423928  3.41926694  2.37133408  3.49857616]]
Difference:
 [[ -6.34116888e-01  -3.36104465e+00  -1.28974271e+00   8.57339382e-01
   -1.43446803e+00  -2.17428637e+00  -1.91613984e+00  -1.37331080e+00
   -8.50239277e-01  -5.34135342e-01  -2.52581620e+00   7.25500584e-01
   -2.89918590e+00  -6.79473877e-01   1.21713638e+00  -9.14475441e-01]
 [  2.46880269e+00  -2.78998375e-01   6.31078959e-01   2.74426627e+00
    2.51429939e+00   8.99950504e-01   5.54593325e-01   5.74446440e-01
    8.99019718e-01   2.64658642e+00  -3.19940805e-01   3.03577542e+00
    1.07903099e+00   3.31942296e+00   3.37775373e+00   1.40076160e-01]
 [  1.45039558e-01  -1.32237267e+00  -4.23339844e-01   1.25121164e+00
    2.37834692e-01  -7.44109154e-01  -7.79820442e-01  -7.92953730e-01
    1.15208626e-02   9.78738785e-01  -7.07124233e-01   4.55122948e-01
   -1.02181721e+00  -3.25891972e-02   2.68940449e+00  -7.75262117e-01]
 [ -1.31610942e+00  -3.09641552e+00  -1.71336603e+00  -7.67831802e-02
   -7.08148003e-01  -2.77011299e+00  -2.81199980e+00  -2.25087667e+00
   -1.86022091e+00   3.31439495e-01  -2.83250117e+00   1.69178963e-01
   -1.56101608e+00  -4.41226006e-01   2.96642542e-01  -2.85021353e+00]
 [  7.95007944e-01  -2.97708821e+00  -8.36122274e-01   4.82271194e-01
   -1.60017014e-01  -2.45446777e+00  -1.96535969e+00  -1.48245192e+00
   -1.19554448e+00   2.90141106e-02  -2.51642990e+00   8.43816757e-01
   -2.71732402e+00  -2.06601381e-01   6.24067068e-01  -1.24927330e+00]
 [  1.34341574e+00  -1.43415999e+00   7.64954090e-02   2.44833732e+00
    2.02621293e+00  -2.53999710e-01  -1.89336777e-01   4.49244499e-01
    1.21685648e+00   2.57157612e+00   2.02627659e-01   2.69264054e+00
    8.33132267e-01   2.44653344e+00   3.70855904e+00  -1.72503948e-01]
 [  1.29016042e+00  -9.35581684e-01   3.11981201e-01   2.56051683e+00
    1.63873386e+00  -1.77880287e-01  -1.29177570e-01   6.19626999e-01
    3.82890701e-02   2.22661424e+00  -7.03413248e-01   2.22633791e+00
    1.85954571e-01   1.18554902e+00   2.82278419e+00  -3.57746363e-01]
 [  1.04863071e+00  -7.68858194e-01   5.55526972e-01   2.11909127e+00
    1.31244731e+00  -6.37402534e-01  -7.50904799e-01  -3.32655907e-02
    1.19689035e+00   1.99221802e+00  -8.06547403e-01   2.21582937e+00
   -2.78884888e-01   2.06703448e+00   2.43935728e+00  -5.68225861e-01]
 [  5.56468964e-03  -1.30038118e+00  -4.58423376e-01   1.47336054e+00
    7.33936071e-01  -1.63098431e+00  -2.90852547e-01  -1.31904316e+00
   -1.44629478e-02   2.05898905e+00  -1.77689481e+00   1.73654056e+00
    2.77700424e-02   1.73883343e+00   2.19347644e+00  -1.28113389e+00]
 [ -3.44954491e-01  -3.08677864e+00  -1.48061490e+00  -7.24587440e-01
   -5.05268335e-01  -3.01880455e+00  -2.50862098e+00  -2.13031244e+00
   -2.15127993e+00  -7.67621994e-02  -3.06604147e+00  -2.68184662e-01
   -2.63761878e+00  -9.81079102e-01   8.04305315e-01  -2.41009998e+00]
 [  2.06100416e+00   1.01142168e-01   4.64577198e-01   2.61874723e+00
    2.26203132e+00  -4.29025412e-01   5.66190243e-01   7.40335464e-01
    1.76668906e+00   3.02053404e+00  -1.20592117e-03   2.59690785e+00
    9.40701723e-01   1.96221280e+00   3.14412069e+00   8.04378510e-01]
 [ -1.81480718e+00  -3.74601054e+00  -1.34652686e+00  -5.86882114e-01
   -1.40345073e+00  -3.36577106e+00  -2.71617985e+00  -2.46732450e+00
   -2.30677009e+00  -3.43372345e-01  -2.90903473e+00  -4.45221424e-01
   -3.22048807e+00  -1.59790087e+00   6.83188200e-01  -2.11491680e+00]
 [  1.33873367e+00  -2.11680150e+00  -2.88412571e-01   9.71223831e-01
    1.91940475e+00  -1.81209183e+00  -9.04997587e-01  -9.13105011e-02
   -9.00920868e-01   1.70953131e+00  -1.41940546e+00   1.92853451e+00
   -9.34136152e-01   1.05632591e+00   2.07548594e+00  -8.04416418e-01]
 [  7.59353638e-02  -3.66265821e+00  -3.79068851e-01   1.88601971e-01
   -1.12776041e-01  -2.78319192e+00  -1.41411281e+00  -2.18185329e+00
   -1.91568327e+00   7.70789623e-01  -2.05712104e+00   1.14501524e+00
   -1.72883797e+00  -9.61246490e-02   4.87520695e-01  -1.57040882e+00]
 [ -1.29236412e+00  -3.44288945e+00  -2.77727652e+00  -3.18708420e-01
   -6.59737110e-01  -3.76665854e+00  -2.87031913e+00  -2.46457243e+00
   -2.27736115e+00  -8.87671471e-01  -3.19064283e+00  -7.57631779e-01
   -2.17856455e+00  -5.37571669e-01  -1.16181374e-03  -3.03696704e+00]
 [  7.71720886e-01  -2.42836475e-01   6.42604351e-01   2.79955506e+00
    1.17772579e+00   7.72986412e-02   2.85301208e-01   5.30543804e-01
    1.17961454e+00   2.30519485e+00  -8.60311985e-01   1.99042845e+00
    6.26764059e-01   1.49975610e+00   3.02890682e+00  -7.99536705e-03]]

FAILED! Dimensions:  (16, 17, 16)  Method:  CudaSharedMemory
Result:
 [[  4.61886835   5.50654411   4.1373601    4.00491905   4.54077339
    3.71552944   5.18041658   3.75306511   3.32493591   4.56555414
    4.63740253   3.90005612   4.42383146   4.13346624   4.15637684
    4.02060604   4.61886835]
 [  9.19393349   8.65750504   7.28577709   8.04366302   7.35203695
    7.63185024   8.58568954   6.71119976   7.50261307   8.12158012
    7.74903202   7.45924616   7.49079514   7.6644907    7.60118771
    3.80682588   3.68738914]
 [  9.23847103   8.94787788   7.46116781   7.36124802   5.96559906
    8.57811451   8.80467319   6.85866928   6.70378017   7.70855141
    7.49392319   6.80802059   8.07505417   7.68171787   7.45056152
    4.80694962   4.71832561]
 [  8.93184471   7.18793869   6.2758913    6.17573643   5.99520779
    7.63259792   7.04406071   5.87887192   6.02595997   7.0710206
    6.46198082   6.72966385   6.43826246   6.62627745   7.19624233
    3.01086402   3.26482391]
 [  8.24280262   7.76700783   6.20953846   6.34981537   7.11229515
    7.16131496   7.96616364   6.0528841    5.96013832   7.04499245
    7.28921127   6.35505676   7.18240547   7.5405879    6.88628054
    4.58483648   5.01314211]
 [  9.68191719   8.94846916   7.88248062   8.37669849   8.14972115
    8.46726894   9.0858078    6.82892323   6.8450799    9.30774117
    8.0949049    7.43420029   9.21842861   7.52437782   8.16411018
    4.10370445   4.46605921]
 [  8.66204262   8.07203102   6.47398853   8.15686989   6.58935261
    8.97006798   7.65623188   5.78920841   6.83238983   7.44856262
    8.05771446   7.43693542   7.04087448   7.04447937   7.25029182
    3.99120903   3.26154113]
 [  7.44933701   7.46408415   7.09153461   7.46690941   8.16833687
    6.97974777   7.88889027   5.80768394   6.12937355   8.83713531
    7.91658878   6.5827837    7.13843822   6.96262169   7.35050154
    3.87612867   3.15968823]
 [  9.75633335   9.09300327   7.89207077   8.6878109    7.83763027
    9.10093498   9.01761532   6.99627352   7.52033615   8.88549137
    8.3305378    7.65078926   8.49972439   8.77997971   8.10103607
    5.25401306   5.28764582]
 [ 10.26723862   8.90191269   7.25409222   8.47450256   8.40631771
    9.55720615   8.75107956   6.99229717   7.10927486   8.80327415
    8.34648418   8.13531494   9.33986378   8.37015915   9.15456009
    4.22910213   4.21975613]
 [  8.71468544   6.77677631   6.70748043   6.65536261   6.59883881
    7.34303951   7.36286068   5.43549252   6.05560684   7.47670078
    7.22848272   6.43420649   6.85519791   7.01219559   6.86702538
    3.00157928   3.66691208]
 [  7.31579256   7.30751228   5.97066689   6.16037178   6.06576204
    6.34856224   7.00998259   5.37317276   5.54021645   7.42782354
    6.0634594    5.26092863   6.50630379   6.48518705   5.54393387
    3.41538382   3.5028758 ]
 [  8.32181072   8.08426857   6.36734772   7.0307579    7.16213608
    7.83570576   7.1354208    5.71831846   6.36965799   7.6768508
    7.21555281   7.070158     7.34535408   6.9595356    7.47908163
    4.05668306   4.28009367]
 [  8.77636719   7.2132616    7.2927928    8.46584892   7.1758852
    7.82178783   7.38130188   6.1356535    6.81775618   8.58531952
    8.19774151   6.76022434   8.05530357   9.1420517    7.29110527
    4.17177725   4.22384453]
 [  8.13676548   7.85974407   6.74245596   7.30351639   7.09213161
    7.63857079   7.70351028   6.01747417   6.26967621   8.08852959
    7.24270439   6.6964407    8.53977871   7.46129894   7.4013443
    3.90834856   4.03318024]
 [  9.46294212   8.60582256   7.83295441   7.8302331    8.65285873
    8.5765667    8.90707874   6.21325779   6.76326942   9.00892639
    8.45192814   7.89767742   8.66123581   7.84682512   8.70514679
    4.56983137   5.10054779]]
Expected:
 [[ 4.61886835  3.68738914  4.71832561  3.26482391  5.01314211  4.46605921
   3.26154113  3.15968823  5.28764582  4.21975613  3.66691208  3.5028758
   4.28009367  4.22384453  4.03318024  5.10054779  3.91786289]
 [ 5.50654411  4.52014542  5.66702032  3.22966027  5.21585751  5.40050125
   4.28964853  4.46868753  6.04748297  5.04777384  3.81291676  4.04171705
   4.55252314  4.10358524  4.36239386  5.63849974  4.89423466]
 [ 4.1373601   3.2808578   3.95827842  2.55115056  3.54796767  3.78238273
   2.99539661  3.04552054  3.85413933  2.96385956  3.26579523  3.5317452
   3.10967612  3.49734998  2.96732283  4.21467781  3.40442324]
 [ 4.00491905  3.50288939  3.72474051  2.66157079  4.10009813  3.47859168
   4.04601383  4.03793144  4.29023266  3.44168496  2.43892193  3.25767183
   3.79544282  3.77513313  3.61827683  4.4056406   3.72534108]
 [ 4.54077339  3.63650751  3.51416564  2.24971724  4.89810658  4.11085558
   3.42897797  4.39757776  5.03281736  4.21644068  2.90269995  3.23531485
   4.69071579  3.68523955  3.42459249  5.10971308  3.96298623]
 [ 3.71552944  2.45143366  3.74549031  2.21418881  4.03886509  3.16037464
   3.77075863  2.80481315  4.18987703  3.6961391   2.8304472   2.47142029
   3.49064541  3.66753936  3.54314542  4.2900176   3.36397409]
 [ 5.18041658  4.83262444  5.41840935  3.12244987  5.3068943   5.19930887
   4.17493439  4.91105843  5.8610673   4.51259232  3.87714171  4.34506035
   4.15424871  4.09542561  4.28654957  5.57893944  4.97161198]
 [ 3.75306511  3.38626409  3.92161059  2.65926957  3.88649917  3.48129725
   2.97783184  3.15654802  4.23848772  3.4857192   2.66492224  2.98117185
   3.28587651  3.41696095  3.32813931  3.86433148  3.79467154]
 [ 3.32493591  2.93705869  3.21960211  2.16638494  3.34762621  2.81137657
   2.65113592  2.7577858   3.50657797  2.77057004  2.39200068  2.43244195
   2.71869278  2.68933487  2.34892631  3.19697738  3.04876113]
 [ 4.56555414  3.48417807  3.85957503  2.61251211  4.03370333  4.18125391
   3.37158799  4.01375818  4.33870506  3.66360641  3.10777426  3.65096521
   4.12842131  3.92075014  3.56629229  5.02835655  4.09027338]
 [ 4.63740253  3.84897614  4.45850849  3.01128888  5.12648773  4.07697439
   4.82337761  4.54678631  5.13966799  4.36892653  3.77685833  3.54842949
   4.66456985  4.52223778  3.98057032  5.39360905  5.04386806]
 [ 3.90005612  3.0354147   3.4506917   2.16272354  4.01793051  3.23433685
   3.36980224  3.19086981  3.97755742  3.45162439  2.51502991  2.55098295
   3.67550349  3.26213431  3.05831885  4.43625307  3.38966918]
 [ 4.42383146  3.35732889  4.56694031  2.33712626  4.19986343  4.06713343
   3.39191365  3.67323184  4.68369055  3.91917658  2.70994568  3.39465475
   3.49809003  3.63812208  3.46142459  4.43435812  4.14409256]
 [ 4.13346624  3.5081141   4.10113621  2.9825418   5.15129519  3.64896107
   3.46520615  3.81603384  5.4206872   4.14525223  3.11164904  3.84726405
   4.41718102  5.07835388  4.22687721  4.61725807  4.53429508]
 [ 4.15637684  3.5805819   3.64373565  2.38929272  3.87541652  3.57927346
   3.14658761  3.35929251  4.2249074   3.90054655  2.637923    2.54235482
   4.06369781  3.23442197  3.22956705  4.79679823  3.85109067]
 [ 4.02060604  3.80682588  4.80694962  3.01086402  4.58483648  4.10370445
   3.99120903  3.87612867  5.25401306  4.22910213  3.00157928  3.41538382
   4.05668306  4.17177725  3.90834856  4.56983137  4.4984169 ]]
Difference:
 [[ 0.          1.81915498 -0.58096552  0.74009514 -0.47236872 -0.75052977
   1.91887546  0.59337687 -1.9627099   0.34579802  0.97049046  0.39718032
   0.14373779 -0.09037828  0.1231966  -1.07994175  0.70100546]
 [ 3.68738937  4.13735962  1.61875677  4.81400299  2.13617945  2.23134899
   4.29604101  2.24251223  1.4551301   3.07380629  3.93611526  3.41752911
   2.938272    3.56090546  3.23879385 -1.83167386 -1.20684552]
 [ 5.10111094  5.66701984  3.50288939  4.81009769  2.41763139  4.79573154
   5.80927658  3.81314874  2.84964085  4.74469185  4.22812796  3.2762754
   4.96537781  4.18436813  4.4832387   0.5922718   1.31390238]
 [ 4.92692566  3.6850493   2.5511508   3.51416564  1.89510965  4.154006
   2.99804688  1.84094048  1.73572731  3.62933564  4.02305889  3.47199202
   2.64281964  2.85114431  3.5779655  -1.39477658 -0.46051717]
 [ 3.70202923  4.13050032  2.69537282  4.10009813  2.21418858  3.05045938
   4.53718567  1.65530634  0.92732096  2.82855177  4.38651133  3.11974192
   2.49168968  3.85534835  3.46168804 -0.52487659  1.05015588]
 [ 5.96638775  6.4970355   4.13699055  6.16250992  4.11085606  5.3068943
   5.31504917  4.02410984  2.65520287  5.61160183  5.2644577   4.96278
   5.7277832   3.85683846  4.620965   -0.18631315  1.10208511]
 [ 3.48162603  3.23940659  1.05557919  5.03442001  1.28245831  3.77075911
   3.48129749  0.87814999  0.97132254  2.93597031  4.18057251  3.09187508
   2.88662577  2.94905376  2.96374226 -1.58773041 -1.71007085]
 [ 3.6962719   4.07781982  3.16992402  4.80764008  4.28183746  3.49845052
   4.91105843  2.65113592  1.89088583  5.35141611  5.25166655  3.60161185
   3.85256171  3.54566073  4.02236223  0.01179719 -0.6349833 ]
 [ 6.43139744  6.15594482  4.67246866  6.5214262   4.49000406  6.28955841
   6.3664794   4.23848772  4.01375818  6.11492157  5.93853712  5.21834755
   5.78103161  6.09064484  5.75210953  2.05703568  2.23888469]
 [ 5.70168447  5.41773462  3.39451718  5.86199045  4.37261438  5.37595224
   5.37949181  2.97853899  2.7705698   5.13966751  5.23870993  4.48434973
   5.21144247  4.44940901  5.5882678  -0.79925442  0.12948275]
 [ 4.07728291  2.92780018  2.24897194  3.64407372  1.47235107  3.26606512
   2.53948307  0.88870621  0.91593885  3.10777426  3.45162439  2.885777
   2.19062805  2.48995781  2.88645506 -2.39202976 -1.37695599]
 [ 3.41573644  4.27209759  2.51997519  3.99764824  2.04783154  3.11422539
   3.64018035  2.18230295  1.56265903  3.97619915  3.54842949  2.70994568
   2.83080029  3.22305274  2.48561502 -1.02086926  0.11320662]
 [ 3.89797926  4.72693968  1.80040741  4.69363165  2.96227264  3.76857233
   3.74350715  2.04508662  1.68596745  3.75767422  4.50560713  3.67550325
   3.84726405  3.32141352  4.01765728 -0.37767506  0.13600111]
 [ 4.64290094  3.7051475   3.19165659  5.48330688  2.02459002  4.17282677
   3.91609573  2.31961966  1.39706898  4.44006729  5.08609247  2.91296029
   3.63812256  4.06369781  3.06422806 -0.44548082 -0.31045055]
 [ 3.98038864  4.27916241  3.09872031  4.91422367  3.2167151   4.05929756
   4.55692291  2.65818167  2.04476881  4.18798304  4.60478115  4.15408611
   4.47608089  4.22687721  4.17177725 -0.88844967  0.18208957]
 [ 5.44233608  4.79899693  3.02600479  4.81936932  4.06802225  4.47286224
   4.91586971  2.33712912  1.50925636  4.77982426  5.45034885  4.48229361
   4.60455275  3.67504787  4.79679823  0.          0.60213089]]

FAILED! Dimensions:  (16, 17, 17)  Method:  CudaSharedMemory
Result:
 [[ 4.69915533  4.30614185  5.33916998  4.22405481  5.23089504  4.99421549
   3.97994304  4.931427    4.89017153  3.95774841  4.72168779  4.8275423
   4.65158033  3.77856922  4.4630971   3.97203279  4.69915533]
 [ 5.14457846  4.93177223  6.22126484  3.76836014  5.47797155  5.54490709
   4.06649399  4.95421696  6.00472116  3.69860077  5.79759979  4.71003723
   5.20530891  5.08205938  5.09884024  4.53272104  5.14457846]
 [ 5.08251905  4.98376226  5.32909679  4.43774223  5.47747087  5.61718035
   4.16933537  5.31425381  5.74812555  4.06186152  5.19426918  4.65274477
   5.09234953  3.98585272  4.9030776   4.57481527  5.08251905]
 [ 3.08221984  3.39869905  3.89837217  3.12914777  3.60543013  3.58430791
   3.10805893  3.66482496  3.75071859  3.43966365  3.87481618  3.77112484
   3.93432593  3.37272143  3.5755465   3.04982567  3.08221984]
 [ 3.28769112  4.07721853  4.44762564  3.59801888  4.82003975  3.39916825
   3.0183115   4.12907028  3.84904647  3.48256779  4.03440714  2.93458843
   3.41133666  3.5182755   3.75988889  2.5181365   3.28769112]
 [ 4.41668272  4.43565464  4.9785409   3.76824808  4.79217339  5.0200429
   3.51211691  4.36850643  4.67092466  3.70879912  4.28887272  4.18236971
   4.92033195  4.46712255  3.8614893   4.6121316   4.41668272]
 [ 4.16538286  3.85456109  5.11230278  3.26904297  3.72484732  4.17706919
   3.31365561  3.80230856  4.68163776  2.8778367   4.53678131  4.00379992
   4.16272354  3.88943648  3.63129067  3.58998775  4.16538286]
 [ 4.7596283   4.39024544  5.52482557  3.90432119  4.94174099  4.63971043
   3.88927364  4.56374168  5.27180195  3.73441052  5.00485992  4.0799551
   4.58998775  4.50164223  4.5452342   4.26148224  4.7596283 ]
 [ 4.5859952   4.10319948  4.83290148  3.86265755  5.39741278  4.92575932
   3.67497873  4.82875061  5.26152992  2.6817081   4.72688627  3.53206563
   4.11148643  4.00384665  3.43734646  4.25165701  4.5859952 ]
 [ 3.79444146  3.95710659  4.40228462  3.40305495  4.09677267  4.38370085
   3.14416575  4.13426352  4.32865667  3.42495537  3.85162306  3.90256333
   4.12439108  3.12861347  4.15705156  3.1971519   3.79444146]
 [ 3.74966788  4.34435654  4.48952055  3.55749345  4.43454361  4.51658201
   3.46585107  3.8956852   4.52459288  3.87944365  4.26114798  3.70154333
   4.989007    4.36297369  3.78156185  4.04563618  3.74966788]
 [ 3.48308778  4.01360226  4.56768131  3.85033226  4.77921104  4.63106918
   3.84106755  4.41641712  4.46276712  4.02084064  4.43624163  3.98084974
   4.88301468  3.43875122  4.03265142  3.67478323  3.48308778]
 [ 2.77892137  2.69237709  3.12333751  3.17930102  3.3460114   3.66192293
   2.79111266  3.49832273  3.86621714  2.864187    3.45934558  2.74877405
   3.56869483  2.822963    2.25816917  2.8360765   2.77892137]
 [ 4.76945782  5.33351135  5.85792112  4.62933493  6.23409796  5.18970919
   4.44689322  5.20435524  5.58306503  4.34431601  5.51245213  4.44035673
   5.28101015  4.03995752  5.28781748  4.58792639  4.76945782]
 [ 3.92280149  4.65019941  4.49126196  4.03306723  5.334867    4.87436008
   3.70185876  5.06865644  4.73963451  3.57877088  4.0655303   3.90291691
   4.61250973  3.98637033  3.73347783  4.09475136  3.92280149]
 [ 3.28907657  3.43985629  4.64082241  3.49385524  4.55407763  3.8881073
   3.17590213  4.04623985  4.40582275  3.16904712  4.79658365  3.89908719
   3.98656225  3.44891572  4.25849295  3.08402061  3.28907657]]
Expected:
 [[ 4.70465422  5.23836374  5.27535915  3.24351311  3.45448184  4.51163864
   4.32996893  4.91509771  4.60507441  3.87006879  3.7596879   3.64157438
   2.88235497  4.81939745  4.0427494   3.35090494  4.32622528]
 [ 4.32396412  5.23573017  5.6087575   3.92145038  4.61778736  4.74340725
   4.38798428  4.89412165  4.1650362   4.20221472  4.37683153  4.52725744
   3.02760506  5.49536514  5.03895044  3.64024186  4.63409519]
 [ 5.35801935  6.54273939  5.99010897  4.45124865  5.01934624  5.30402851
   5.67646599  6.05773926  4.8983016   4.66151762  4.52386713  5.11093712
   3.47788405  6.02910233  4.90241575  4.85275602  5.84932423]
 [ 4.24587679  4.14053297  5.20300007  3.76921582  4.25990295  4.14506721
   3.92217779  4.52127838  3.93837142  3.70317054  3.59725642  4.47926283
   3.5897615   4.82751226  4.50906229  3.7392118   4.01020193]
 [ 5.24717569  5.75563431  6.04839802  4.08295822  5.3138442   5.07330227
   4.21212387  5.40202713  5.45389986  4.32067633  4.46420908  5.24842978
   3.65223885  6.3819499   5.68998718  4.73712778  5.19571161]
 [ 4.99914598  5.62899828  5.7900877   3.72892904  3.54871869  5.10518408
   4.32464266  4.77910995  4.9428668   4.45151091  4.5255661   4.77317381
   3.75466514  5.23448658  4.98190975  3.94354486  4.81199598]
 [ 4.00284338  4.45705509  4.97240257  3.77975106  3.71289754  3.90755367
   3.99906015  4.53671312  3.75443339  3.45910931  3.50757861  4.50107193
   3.22185278  4.6548624   4.20137119  3.43338108  3.55635905]
 [ 4.93813658  5.06864691  5.54954386  3.86162353  4.33257675  4.48436499
   4.00312471  4.75343466  4.8520298   4.22653866  3.90791082  4.60979128
   3.62452507  5.26528788  5.21500826  4.12167835  3.96455455]
 [ 4.90677977  6.28797436  6.33054829  4.23786163  4.35279369  4.95771408
   5.17872572  5.7413559   5.31915426  4.55706882  4.55485582  4.94143391
   4.17861032  5.73389387  5.10190487  4.59255886  5.76345158]
 [ 3.96863675  3.88429928  4.44369316  3.75903082  3.8128202   3.89681602
   3.20372367  4.04224634  2.71948624  3.57470059  3.89928365  4.33465052
   3.06898952  4.4431982   3.8162725   3.29146957  3.60356116]
 [ 4.72786236  5.90290928  5.4108057   4.05592918  4.22169352  4.39549732
   4.72159195  5.17943382  4.74831009  3.93654346  4.27239943  4.61420345
   3.57548904  5.56852818  4.20021725  4.86600971  5.56443739]
 [ 4.84703159  5.04242229  5.3361907   4.34276485  3.52571249  4.51890421
   4.58711004  4.63095522  3.59968519  4.17059469  3.7370553   4.54254293
   3.11535335  4.61734772  4.32802439  4.11821318  3.83756137]
 [ 4.67047405  5.52753353  5.75490475  4.48849297  3.98439169  5.24657965
   4.7282033   5.12414503  4.17703915  4.38422918  5.02343369  5.42753839
   3.92406869  5.45259094  5.02462292  4.19899035  4.94906902]
 [ 3.78153563  5.13265276  4.0898819   3.45973229  3.60825205  4.51834726
   3.97822356  4.58551121  4.01413918  3.16941118  4.36837912  3.52424812
   2.87876105  4.06689787  4.05107689  3.48226953  4.62741232]
 [ 4.4685812   5.19236755  5.09538698  3.73639584  3.92622066  3.95618391
   3.79542375  4.7002759   3.45637345  4.23247051  3.79155421  4.19070196
   2.36131787  5.33761978  3.85309553  4.32015133  4.16648102]
 [ 3.97956848  4.66124105  4.83907652  3.2708559   2.74670029  4.74225569
   3.8155303   4.47453165  4.27780294  3.30078864  4.05936718  3.8919673
   2.97781777  4.65636158  4.25912333  3.1687479   3.94474435]]
Difference:
 [[ -5.49888611e-03  -9.32221889e-01   6.38108253e-02   9.80541706e-01
    1.77641320e+00   4.82576847e-01  -3.50025892e-01   1.63292885e-02
    2.85097122e-01   8.76796246e-02   9.61999893e-01   1.18596792e+00
    1.76922536e+00  -1.04082823e+00   4.20347691e-01   6.21127844e-01
    3.72930050e-01]
 [  8.20614338e-01  -3.03957939e-01   6.12507343e-01  -1.53090239e-01
    8.60184193e-01   8.01499844e-01  -3.21490288e-01   6.00953102e-02
    1.83968496e+00  -5.03613949e-01   1.42076826e+00   1.82779789e-01
    2.17770386e+00  -4.13305759e-01   5.98897934e-02   8.92479181e-01
    5.10483265e-01]
 [ -2.75500298e-01  -1.55897713e+00  -6.61012173e-01  -1.35064125e-02
    4.58124638e-01   3.13151836e-01  -1.50713062e+00  -7.43485451e-01
    8.49823952e-01  -5.99656105e-01   6.70402050e-01  -4.58192348e-01
    1.61446548e+00  -2.04324961e+00   6.61849976e-04  -2.77940750e-01
   -7.66805172e-01]
 [ -1.16365695e+00  -7.41833925e-01  -1.30462790e+00  -6.40068054e-01
   -6.54472828e-01  -5.60759306e-01  -8.14118862e-01  -8.56453419e-01
   -1.87652826e-01  -2.63506889e-01   2.77559757e-01  -7.08137989e-01
    3.44564438e-01  -1.45479083e+00  -9.33515787e-01  -6.89386129e-01
   -9.27982092e-01]
 [ -1.95948458e+00  -1.67841578e+00  -1.60077238e+00  -4.84939337e-01
   -4.93804455e-01  -1.67413402e+00  -1.19381237e+00  -1.27295685e+00
   -1.60485339e+00  -8.38108540e-01  -4.29801941e-01  -2.31384134e+00
   -2.40902185e-01  -2.86367440e+00  -1.93009830e+00  -2.21899128e+00
   -1.90802050e+00]
 [ -5.82463264e-01  -1.19334364e+00  -8.11546803e-01   3.93190384e-02
    1.24345469e+00  -8.51411819e-02  -8.12525749e-01  -4.10603523e-01
   -2.71942139e-01  -7.42711782e-01  -2.36693382e-01  -5.90804100e-01
    1.16566682e+00  -7.67364025e-01  -1.12042046e+00   6.68586731e-01
   -3.95313263e-01]
 [  1.62539482e-01  -6.02494001e-01   1.39900208e-01  -5.10708094e-01
    1.19497776e-02   2.69515514e-01  -6.85404539e-01  -7.34404564e-01
    9.27204370e-01  -5.81272602e-01   1.02920270e+00  -4.97272015e-01
    9.40870762e-01  -7.65425920e-01  -5.70080519e-01   1.56606674e-01
    6.09023809e-01]
 [ -1.78508282e-01  -6.78401470e-01  -2.47182846e-02   4.26976681e-02
    6.09164238e-01   1.55345440e-01  -1.13851070e-01  -1.89692974e-01
    4.19772148e-01  -4.92128134e-01   1.09694910e+00  -5.29836178e-01
    9.65462685e-01  -7.63645649e-01  -6.69774055e-01   1.39803886e-01
    7.95073748e-01]
 [ -3.20784569e-01  -2.18477488e+00  -1.49764681e+00  -3.75204086e-01
    1.04461908e+00  -3.19547653e-02  -1.50374699e+00  -9.12605286e-01
   -5.76243401e-02  -1.87536073e+00   1.72030449e-01  -1.40936828e+00
   -6.71238899e-02  -1.73004723e+00  -1.66455841e+00  -3.40901852e-01
   -1.17745638e+00]
 [ -1.74195290e-01   7.28073120e-02  -4.14085388e-02  -3.55975866e-01
    2.83952475e-01   4.86884832e-01  -5.95579147e-02   9.20171738e-02
    1.60917044e+00  -1.49745226e-01  -4.76605892e-02  -4.32087183e-01
    1.05540156e+00  -1.31458473e+00   3.40779066e-01  -9.43176746e-02
    1.90880299e-01]
 [ -9.78194475e-01  -1.55855274e+00  -9.21285152e-01  -4.98435736e-01
    2.12850094e-01   1.21084690e-01  -1.25574088e+00  -1.28374863e+00
   -2.23717213e-01  -5.70998192e-02  -1.12514496e-02  -9.12660122e-01
    1.41351795e+00  -1.20555449e+00  -4.18655396e-01  -8.20373535e-01
   -1.81476951e+00]
 [ -1.36394382e+00  -1.02882004e+00  -7.68509388e-01  -4.92432594e-01
    1.25349855e+00   1.12164974e-01  -7.46042490e-01  -2.14538097e-01
    8.63081932e-01  -1.49754047e-01   6.99186325e-01  -5.61693192e-01
    1.76766133e+00  -1.17859650e+00  -2.95372963e-01  -4.43429947e-01
   -3.54473591e-01]
 [ -1.89155269e+00  -2.83515644e+00  -2.63156724e+00  -1.30919194e+00
   -6.38380289e-01  -1.58465672e+00  -1.93709064e+00  -1.62582231e+00
   -3.10822010e-01  -1.52004218e+00  -1.56408811e+00  -2.67876434e+00
   -3.55373859e-01  -2.62962794e+00  -2.76645374e+00  -1.36291385e+00
   -2.17014766e+00]
 [  9.87922192e-01   2.00858593e-01   1.76803923e+00   1.16960263e+00
    2.62584591e+00   6.71361923e-01   4.68669653e-01   6.18844032e-01
    1.56892586e+00   1.17490482e+00   1.14407301e+00   9.16108608e-01
    2.40224910e+00  -2.69403458e-02   1.23674059e+00   1.10565686e+00
    1.42045498e-01]
 [ -5.45779705e-01  -5.42168140e-01  -6.04125023e-01   2.96671391e-01
    1.40864635e+00   9.18176174e-01  -9.35649872e-02   3.68380547e-01
    1.28326106e+00  -6.53699636e-01   2.73976088e-01  -2.87785053e-01
    2.25119185e+00  -1.35124946e+00  -1.19617701e-01  -2.25399971e-01
   -2.43679523e-01]
 [ -6.90491915e-01  -1.22138476e+00  -1.98254108e-01   2.22999334e-01
    1.80737734e+00  -8.54148388e-01  -6.39628172e-01  -4.28291798e-01
    1.28019810e-01  -1.31741524e-01   7.37216473e-01   7.11989403e-03
    1.00874448e+00  -1.20744586e+00  -6.30378723e-04  -8.47272873e-02
   -6.55667782e-01]]

FAILED! Dimensions:  (17, 16, 16)  Method:  CudaSharedMemory
Result:
 [[ 3.48076868  4.11478901  3.00977421  4.78724957  5.02092266  2.9880321
   3.08780193  3.76590681  3.10383749  3.67929196  3.22947502  2.09247279
   2.93781638  2.62502408  4.51549721  3.90672302]
 [ 2.89194655  3.64302564  2.46629763  4.30702591  4.52854443  2.84346628
   3.16211319  3.13649368  2.55818963  2.57912588  3.13692856  2.94668627
   2.75877404  2.84259176  2.96585298  3.81204867]
 [ 3.25553012  3.80580735  4.03125     5.6138525   4.99452591  3.14662409
   4.43864441  4.94741249  4.71009827  4.08251953  3.85259914  3.38761401
   3.87802792  4.16074657  3.49477935  4.98335266]
 [ 3.39018488  4.35525894  3.12028813  4.98868608  4.70337343  2.93224621
   2.95428324  4.27154493  4.00749588  3.72977138  3.42979407  2.87060475
   3.18398261  3.25933194  4.11908817  3.70268226]
 [ 4.03442097  4.50951385  4.29180002  5.92575502  5.93632936  3.46689248
   3.77266264  3.91392231  4.48055553  4.01760435  4.54109383  3.64395237
   4.16325426  4.28217268  4.48128128  4.5034647 ]
 [ 2.92626262  4.45838928  2.96642947  5.17436504  4.97081566  2.83487129
   3.4676671   4.40369368  3.82490516  3.72276282  3.69804668  2.969208
   3.62118435  3.60796523  3.84097099  3.67277455]
 [ 3.19599271  3.1004765   3.31827259  4.96167707  4.81764126  2.72243881
   3.32636285  2.94820523  2.74637747  2.9239912   2.91765857  2.19251204
   2.95127606  2.61236835  3.28245425  3.37179375]
 [ 3.09148359  3.79630423  3.57406402  4.87208033  5.3513155   3.16029525
   3.36732674  3.39701676  3.39882541  3.29638433  3.78592253  2.57816958
   3.07538581  3.18124819  4.06370926  4.11765289]
 [ 4.22976208  4.38610029  4.27697372  6.11093807  5.90979528  3.66853666
   4.90713549  4.97472334  4.57091141  4.08049822  4.27533531  3.30604172
   4.34164953  3.92360663  4.43749857  5.49470234]
 [ 2.53486371  3.17984509  2.46323633  3.89325905  3.69227505  2.28656411
   3.0069263   3.21679211  3.14659834  2.69303036  2.70689106  2.1296699
   2.94082737  2.50926661  2.67968035  3.67681003]
 [ 2.46217585  3.1806643   3.42411137  4.89142561  5.08965683  2.91800213
   3.92610168  2.93158746  3.20763302  3.28667092  3.57632136  2.74409533
   3.07348585  3.6377058   2.80741     4.12865543]
 [ 2.80212379  3.03299141  3.93432617  4.21877241  4.67644787  2.64503121
   3.17213821  3.30051899  4.0485096   3.10931826  3.4368515   2.91384649
   2.83713007  3.7995224   2.99487352  4.16114378]
 [ 3.5967207   4.06496096  2.73982096  5.31002998  4.54457235  3.21602964
   3.48900366  4.33737803  3.2889514   3.42503881  3.03274369  2.67122698
   3.21516418  2.19394517  4.19680691  3.81224346]
 [ 3.34447336  4.48317623  3.41682959  5.45758677  5.4663806   2.9291904
   3.79066038  4.85699701  4.57967615  4.14815426  3.68869948  3.34730887
   3.7018187   3.84095049  4.28880739  4.38074636]
 [ 4.08817196  4.2814827   4.10008526  6.0244813   5.45115185  3.35111713
   4.11661434  4.61170673  4.50333452  4.20215321  4.03879786  3.4485395
   4.04074383  4.01832628  4.25401735  4.59582233]
 [ 3.49721718  4.44769287  3.66249132  5.0339613   5.32739019  2.98921204
   3.21954632  4.2393136   4.33171558  3.65391016  3.85573053  3.41416955
   3.20023632  3.84913421  4.20140409  4.19925928]
 [ 3.48076868  4.11478901  3.00977421  4.78724957  5.02092266  2.9880321
   3.08780193  3.76590681  3.10383749  3.67929196  3.22947502  2.09247279
   2.93781638  2.62502408  4.51549721  3.90672302]]
Expected:
 [[ 3.48076868  2.89194655  3.25553012  3.39018488  4.03442097  2.92626262
   3.19599271  3.09148359  4.22976208  2.53486371  2.46217585  2.80212379
   3.5967207   3.34447336  4.08817196  3.49721718]
 [ 4.11478901  3.64302564  3.80580735  4.35525894  4.50951385  4.45838928
   3.1004765   3.79630423  4.38610029  3.17984509  3.1806643   3.03299141
   4.06496096  4.48317623  4.2814827   4.44769287]
 [ 3.00977421  2.46629763  4.03125     3.12028813  4.29180002  2.96642947
   3.31827259  3.57406402  4.27697372  2.46323633  3.42411137  3.93432617
   2.73982096  3.41682959  4.10008526  3.66249132]
 [ 4.78724957  4.30702591  5.6138525   4.98868608  5.92575502  5.17436504
   4.96167707  4.87208033  6.11093807  3.89325905  4.89142561  4.21877241
   5.31002998  5.45758677  6.0244813   5.0339613 ]
 [ 5.02092266  4.52854443  4.99452591  4.70337343  5.93632936  4.97081566
   4.81764126  5.3513155   5.90979528  3.69227505  5.08965683  4.67644787
   4.54457235  5.4663806   5.45115185  5.32739019]
 [ 2.9880321   2.84346628  3.14662409  2.93224621  3.46689248  2.83487129
   2.72243881  3.16029525  3.66853666  2.28656411  2.91800213  2.64503121
   3.21602964  2.9291904   3.35111713  2.98921204]
 [ 3.08780193  3.16211319  4.43864441  2.95428324  3.77266264  3.4676671
   3.32636285  3.36732674  4.90713549  3.0069263   3.92610168  3.17213821
   3.48900366  3.79066038  4.11661434  3.21954632]
 [ 3.76590681  3.13649368  4.94741249  4.27154493  3.91392231  4.40369368
   2.94820523  3.39701676  4.97472334  3.21679211  2.93158746  3.30051899
   4.33737803  4.85699701  4.61170673  4.2393136 ]
 [ 3.10383749  2.55818963  4.71009827  4.00749588  4.48055553  3.82490516
   2.74637747  3.39882541  4.57091141  3.14659834  3.20763302  4.0485096
   3.2889514   4.57967615  4.50333452  4.33171558]
 [ 3.67929196  2.57912588  4.08251953  3.72977138  4.01760435  3.72276282
   2.9239912   3.29638433  4.08049822  2.69303036  3.28667092  3.10931826
   3.42503881  4.14815426  4.20215321  3.65391016]
 [ 3.22947502  3.13692856  3.85259914  3.42979407  4.54109383  3.69804668
   2.91765857  3.78592253  4.27533531  2.70689106  3.57632136  3.4368515
   3.03274369  3.68869948  4.03879786  3.85573053]
 [ 2.09247279  2.94668627  3.38761401  2.87060475  3.64395237  2.969208
   2.19251204  2.57816958  3.30604172  2.1296699   2.74409533  2.91384649
   2.67122698  3.34730887  3.4485395   3.41416955]
 [ 2.93781638  2.75877404  3.87802792  3.18398261  4.16325426  3.62118435
   2.95127606  3.07538581  4.34164953  2.94082737  3.07348585  2.83713007
   3.21516418  3.7018187   4.04074383  3.20023632]
 [ 2.62502408  2.84259176  4.16074657  3.25933194  4.28217268  3.60796523
   2.61236835  3.18124819  3.92360663  2.50926661  3.6377058   3.7995224
   2.19394517  3.84095049  4.01832628  3.84913421]
 [ 4.51549721  2.96585298  3.49477935  4.11908817  4.48128128  3.84097099
   3.28245425  4.06370926  4.43749857  2.67968035  2.80741     2.99487352
   4.19680691  4.28880739  4.25401735  4.20140409]
 [ 3.90672302  3.81204867  4.98335266  3.70268226  4.5034647   3.67277455
   3.37179375  4.11765289  5.49470234  3.67681003  4.12865543  4.16114378
   3.81224346  4.38074636  4.59582233  4.19925928]
 [ 2.96157765  3.31544614  4.34714985  3.37988496  4.62595129  3.75045371
   2.43658686  2.87658167  4.39616394  3.11901784  3.75226855  3.50149655
   2.72161531  4.35022783  4.38849592  3.65284109]]
Difference:
 [[ 0.          1.22284245 -0.24575591  1.39706469  0.98650169  0.06176949
  -0.10819077  0.67442322 -1.12592459  1.14442825  0.76729918 -0.70965099
  -0.65890431 -0.71944928  0.42732525  0.40950584]
 [-1.22284245  0.         -1.33950973 -0.04823303  0.01903057 -1.614923
   0.06163669 -0.65981054 -1.82791066 -0.60071921 -0.04373574 -0.08630514
  -1.30618691 -1.64058447 -1.31562972 -0.6356442 ]
 [ 0.24575591  1.33950973  0.          2.49356437  0.70272589  0.18019462
   1.12037182  1.37334847  0.43312454  1.6192832   0.42848778 -0.54671216
   1.13820696  0.74391699 -0.60530591  1.32086134]
 [-1.39706469  0.04823303 -2.49356437  0.         -1.22238159 -2.24211884
  -2.00739384 -0.60053539 -2.10344219 -0.16348767 -1.46163154 -1.34816766
  -2.12604737 -2.19825482 -1.90539312 -1.33127904]
 [-0.98650169 -0.01903057 -0.70272589  1.22238159  0.         -1.50392318
  -1.04497862 -1.43739319 -1.42923975  0.3253293  -0.548563   -1.0324955
  -0.38131809 -1.18420792 -0.96987057 -0.8239255 ]
 [-0.06176949  1.614923   -0.18019462  2.24211884  1.50392318  0.
   0.74522829  1.24339843  0.15636849  1.43619871  0.78004456  0.32417679
   0.40515471  0.67877483  0.48985386  0.68356252]
 [ 0.10819077 -0.06163669 -1.12037182  2.00739384  1.04497862 -0.74522829
   0.         -0.4191215  -2.16075802 -0.08293509 -1.00844312 -0.97962618
  -0.53772759 -1.17829204 -0.83416009  0.15224743]
 [-0.67442322  0.65981054 -1.37334847  0.60053539  1.43739319 -1.24339843
   0.4191215   0.         -1.57589793  0.07959223  0.85433507 -0.72234941
  -1.26199222 -1.67574883 -0.54799747 -0.12166071]
 [ 1.12592459  1.82791066 -0.43312454  2.10344219  1.42923975 -0.15636849
   2.16075802  1.57589793  0.          0.93389988  1.06770229 -0.74246788
   1.05269814 -0.65606952 -0.06583595  1.16298676]
 [-1.14442825  0.60071921 -1.6192832   0.16348767 -0.3253293  -1.43619871
   0.08293509 -0.07959223 -0.93389988  0.         -0.57977986 -0.97964835
  -0.48421144 -1.63888764 -1.52247286  0.02289987]
 [-0.76729918  0.04373574 -0.42848778  1.46163154  0.548563   -0.78004456
   1.00844312 -0.85433507 -1.06770229  0.57977986  0.         -0.69275618
   0.04074216 -0.05099368 -1.23138785  0.2729249 ]
 [ 0.70965099  0.08630514  0.54671216  1.34816766  1.0324955  -0.32417679
   0.97962618  0.72234941  0.74246788  0.97964835  0.69275618  0.
   0.16590309  0.45221353 -0.45366597  0.74697423]
 [ 0.65890431  1.30618691 -1.13820696  2.12604737  0.38131809 -0.40515471
   0.53772759  1.26199222 -1.05269814  0.48421144 -0.04074216 -0.16590309
   0.         -1.50787354  0.15606308  0.61200714]
 [ 0.71944928  1.64058447 -0.74391699  2.19825482  1.18420792 -0.67877483
   1.17829204  1.67574883  0.65606952  1.63888764  0.05099368 -0.45221353
   1.50787354  0.          0.27048111  0.53161216]
 [-0.42732525  1.31562972  0.60530591  1.90539312  0.96987057 -0.48985386
   0.83416009  0.54799747  0.06583595  1.52247286  1.23138785  0.45366597
  -0.15606308 -0.27048111  0.          0.39441824]
 [-0.40950584  0.6356442  -1.32086134  1.33127904  0.8239255  -0.68356252
  -0.15224743  0.12166071 -1.16298676 -0.02289987 -0.2729249  -0.74697423
  -0.61200714 -0.53161216 -0.39441824  0.        ]
 [ 0.51919103  0.79934287 -1.33737564  1.40736461  0.39497137 -0.76242161
   0.65121508  0.88932514 -1.29232645  0.56027412 -0.52279353 -1.40902376
   0.21620107 -1.72520375  0.12700129  0.25388193]]

FAILED! Dimensions:  (17, 16, 17)  Method:  CudaSharedMemory
Result:
 [[ 3.58965445  3.79583788  3.08052945  2.68239164  3.48564982  3.42216825
   3.4374876   3.24937725  2.80022383  2.99403     3.4215405   3.26932263
   2.08676505  3.84201717  3.09583712  3.20475912]
 [ 4.90381956  4.13028812  4.04248857  3.45201778  4.95386124  4.14239597
   3.01025558  3.68286586  4.1493125   3.96068192  3.68568182  5.42481375
   2.9752574   4.27767754  4.46029806  4.09976387]
 [ 5.49971199  5.57211542  5.22094011  5.10579491  6.56657219  5.96328592
   4.8827548   4.70256519  4.79241467  5.23255682  4.93119431  6.79321909
   3.89509845  5.7620821   5.74353743  5.50788736]
 [ 3.92602921  3.87832475  3.439044    3.27790689  4.17558336  4.45957804
   3.8312304   3.66331911  3.13953161  3.62016606  3.38819075  4.21489286
   2.67276073  4.5342803   4.07052279  3.50480866]
 [ 3.93085313  3.82066131  3.98113418  3.31746054  4.58758259  3.61448812
   2.9940865   3.12710762  3.71097374  3.48604035  3.14890552  4.48731709
   2.76440477  3.73268199  3.52187729  3.75354767]
 [ 4.40578985  4.25696421  4.29494762  3.41742897  4.98295116  4.14231348
   3.26097679  4.04770899  3.94063044  3.9624567   3.4949379   4.89092731
   2.89063716  4.31306362  4.69020891  4.27784109]
 [ 4.79109907  4.38333607  4.05634975  4.26127911  5.09459066  4.8018322
   3.66479158  3.74898839  4.02434826  4.1611681   3.92254114  5.78287172
   3.64974999  5.27067089  4.56977701  4.6354351 ]
 [ 4.81830263  4.32182264  3.9400239   3.59321332  4.34372711  4.51571846
   3.91703939  4.35938692  3.7694416   4.37133169  4.30737782  5.00100994
   3.07447886  4.65637207  4.71242666  4.41788483]
 [ 3.50820136  3.79471993  3.19733071  3.17539787  3.9303329   3.98698068
   3.24133182  3.75370193  3.0071106   3.8382225   3.56343818  4.47496223
   2.43774462  3.81676793  4.42967749  4.05050039]
 [ 3.89944339  4.16927052  3.9051013   3.5557034   4.88746405  4.35436964
   3.25189066  3.2288847   3.28534532  3.49305391  3.07666302  4.70491982
   3.01380539  4.56474876  4.19410992  3.92119265]
 [ 4.70665741  4.6018033   3.74088526  3.84500694  4.86615562  4.86541414
   3.6915524   4.13230467  3.87402248  4.40760136  4.08856106  5.48707151
   3.10226965  5.02798939  4.46525383  4.23994207]
 [ 3.18796778  3.28022885  2.76999283  3.27784657  3.91308117  3.69483209
   2.81695342  3.72052956  3.21583462  4.11481667  3.20915914  4.2594738
   2.74744511  3.94942784  3.38642883  3.44875097]
 [ 4.63595295  5.13525391  4.64158297  4.25348282  5.7151494   4.99650335
   3.83248138  4.93510962  4.31016016  5.19902754  4.41446972  5.52905273
   3.74419045  5.39497232  5.32815361  5.73969746]
 [ 2.97071838  2.93062901  2.51049161  2.23607707  2.99597836  3.16132545
   2.19210339  3.3451786   2.57334638  3.3982141   2.63720846  3.46854353
   1.96572232  3.20353293  3.23386097  2.9533751 ]
 [ 3.83310127  4.45164919  4.01050472  3.90775228  5.60286045  4.19577074
   3.18220901  3.52838182  3.99885488  4.23137093  3.33467078  4.78390455
   3.08616233  4.8465271   4.46932745  4.69832182]
 [ 3.75593615  3.92288566  3.83625007  3.4276278   5.03838825  3.91540575
   3.18113685  3.0082624   3.25261307  3.72319651  3.38696527  4.39584875
   3.26741767  4.38636208  3.71662593  4.35481787]
 [ 3.58965445  3.79583788  3.08052945  2.68239164  3.48564982  3.42216825
   3.4374876   3.24937725  2.80022383  2.99403     3.4215405   3.26932263
   2.08676505  3.84201717  3.09583712  3.20475912]]
Expected:
 [[ 3.95502186  5.5265708   5.77653313  4.21650791  4.49325228  4.56833792
   5.42132854  4.99415636  4.13489437  4.0619154   5.28274012  3.39503288
   4.75338554  3.10401821  3.85988617  4.16081095]
 [ 4.01936817  4.51128435  5.7414732   4.05603838  4.16473484  4.3564105
   4.76890755  4.42940903  4.17812777  4.26867008  4.95424795  3.40691042
   5.20709848  3.01218128  4.46803617  4.17058611]
 [ 3.28411555  4.38949156  5.3751874   3.6009016   4.29450846  4.38552094
   4.40751982  4.03801107  3.54653001  3.99563217  4.06188393  2.88537145
   4.70701742  2.58476758  4.02542973  4.06185007]
 [ 2.83370256  3.70991969  5.22043562  3.39820385  3.55036879  3.4847455
   4.52227831  3.66604018  3.43493247  3.62298846  4.08358192  3.36359906
   4.30211544  2.29128098  3.91884494  3.59529996]
 [ 3.53440475  5.03696156  6.60351133  4.21434498  4.6626296   5.00464153
   5.178689    4.36719322  4.01395941  4.9091444   4.94302845  3.94071221
   5.7308197   3.01376605  5.60643482  5.09241533]
 [ 3.92193866  4.99423075  6.34193754  4.85691118  4.38376999  4.36465645
   5.66389656  4.75626087  4.84420729  4.57660818  5.6534133   3.97806764
   5.15713406  3.34366059  4.23240852  4.46921682]
 [ 3.71807003  3.48849487  5.09533834  4.05430222  3.4259789   3.38580513
   4.14877415  4.0520854   3.72259831  3.37666035  4.13395309  2.97596836
   3.92266321  2.29447055  3.20277834  3.49205899]
 [ 3.63389277  4.33825397  4.99389362  3.96902108  3.71898127  4.21877623
   4.41224718  4.54445648  4.41323853  3.39987135  4.7385788   3.93844652
   5.05869627  3.48546433  3.55657053  3.43435597]
 [ 2.93778992  4.38378763  4.89664173  3.24890113  3.92272544  4.00183201
   4.26163912  3.83565307  3.24306965  3.34651828  4.09092617  3.29379773
   4.35437536  2.62353563  4.00893974  3.40505433]
 [ 3.00758028  3.98377776  5.24282312  3.63093901  3.50689793  3.96848512
   4.18454123  4.37785339  3.8614645   3.49907947  4.42896652  4.12249613
   5.20338249  3.40315771  4.23236418  3.73821187]
 [ 3.93414879  4.55939817  5.31957245  3.79573059  3.9379487   3.72299218
   4.80674982  4.55409956  4.44268465  3.30461025  4.89680195  3.49967051
   4.57922649  2.82422733  3.37224984  3.95500255]
 [ 3.80845261  6.34373522  7.20169163  4.64351845  5.31718445  5.1307807
   6.71282816  5.26049662  5.39970016  4.94466066  6.33712959  4.56501579
   5.70233393  3.66523862  4.82342815  4.99327564]
 [ 2.22058415  3.20334578  3.99648666  2.7791512   2.97038865  2.95017195
   3.88057733  3.13888693  2.66727662  3.07331228  3.31326532  2.82328463
   3.78720117  2.01454473  3.09597254  3.41570687]
 [ 4.22196102  4.92527342  6.04994678  4.83634758  4.31751871  4.48209667
   5.92604399  4.8392415   4.46846294  4.73370266  5.62705517  4.16475391
   5.51708984  3.34215093  4.87438059  4.80738974]
 [ 3.12474251  4.50956583  5.7654376   4.09350348  3.56637049  4.70306873
   4.61963654  4.72633886  4.47925711  4.20696354  4.51082945  3.40281034
   5.33744383  3.2444067   4.47144651  3.74865675]
 [ 3.33300638  4.31835556  5.6050539   3.60676932  3.95095515  4.33489704
   4.85665178  4.47961092  4.27047539  3.97822189  4.4421525   3.52143288
   5.78091717  3.00016451  4.70772362  4.49693298]
 [ 3.12776494  4.74967337  5.19713974  4.00194597  3.63437557  3.92531013
   4.67511272  4.73499918  4.05904436  4.19769096  4.79457474  3.67368531
   4.73519516  2.69936442  3.87597299  4.08452415]]
Difference:
 [[ -3.65367413e-01  -1.73073292e+00  -2.69600368e+00  -1.53411627e+00
   -1.00760245e+00  -1.14616966e+00  -1.98384094e+00  -1.74477911e+00
   -1.33467054e+00  -1.06788540e+00  -1.86119962e+00  -1.25710249e-01
   -2.66662049e+00   7.37998962e-01  -7.64049053e-01  -9.56051826e-01]
 [  8.84451389e-01  -3.80996227e-01  -1.69898462e+00  -6.04020596e-01
    7.89126396e-01  -2.14014530e-01  -1.75865197e+00  -7.46543169e-01
   -2.88152695e-02  -3.07988167e-01  -1.26856613e+00   2.01790333e+00
   -2.23184109e+00   1.26549625e+00  -7.73811340e-03  -7.08222389e-02]
 [  2.21559644e+00   1.18262386e+00  -1.54247284e-01   1.50489330e+00
    2.27206373e+00   1.57776499e+00   4.75234985e-01   6.64554119e-01
    1.24588466e+00   1.23692465e+00   8.69310379e-01   3.90784764e+00
   -8.11918974e-01   3.17731452e+00   1.71810770e+00   1.44603729e+00]
 [  1.09232664e+00   1.68405056e-01  -1.78139162e+00  -1.20296955e-01
    6.25214577e-01   9.74832535e-01  -6.91047907e-01  -2.72107124e-03
   -2.95400858e-01  -2.82239914e-03  -6.95391178e-01   8.51293802e-01
   -1.62935472e+00   2.24299932e+00   1.51677847e-01  -9.04912949e-02]
 [  3.96448374e-01  -1.21630025e+00  -2.62237716e+00  -8.96884441e-01
   -7.50470161e-02  -1.39015341e+00  -2.18460250e+00  -1.24008560e+00
   -3.02985668e-01  -1.42310405e+00  -1.79412293e+00   5.46604872e-01
   -2.96641493e+00   7.18915939e-01  -2.08455753e+00  -1.33886766e+00]
 [  4.83851194e-01  -7.37266541e-01  -2.04698992e+00  -1.43948221e+00
    5.99181175e-01  -2.22342968e-01  -2.40291977e+00  -7.08551884e-01
   -9.03576851e-01  -6.14151478e-01  -2.15847540e+00   9.12859678e-01
   -2.26649690e+00   9.69403028e-01   4.57800388e-01  -1.91375732e-01]
 [  1.07302904e+00   8.94841194e-01  -1.03898859e+00   2.06976891e-01
    1.66861176e+00   1.41602707e+00  -4.83982563e-01  -3.03097010e-01
    3.01749945e-01   7.84507751e-01  -2.11411953e-01   2.80690336e+00
   -2.72913218e-01   2.97620034e+00   1.36699867e+00   1.14337611e+00]
 [  1.18440986e+00  -1.64313316e-02  -1.05386972e+00  -3.75807762e-01
    6.24745846e-01   2.96942234e-01  -4.95207787e-01  -1.85069561e-01
   -6.43796921e-01   9.71460342e-01  -4.31200981e-01   1.06256342e+00
   -1.98421741e+00   1.17090774e+00   1.15585613e+00   9.83528852e-01]
 [  5.70411444e-01  -5.89067698e-01  -1.69931102e+00  -7.35032558e-02
    7.60746002e-03  -1.48513317e-02  -1.02030730e+00  -8.19511414e-02
   -2.35959053e-01   4.91704226e-01  -5.27487993e-01   1.18116450e+00
   -1.91663074e+00   1.19323230e+00   4.20737743e-01   6.45446062e-01]
 [  8.91863108e-01   1.85492754e-01  -1.33772182e+00  -7.52356052e-02
    1.38056612e+00   3.85884523e-01  -9.32650566e-01  -1.14896870e+00
   -5.76119184e-01  -6.02555275e-03  -1.35230350e+00   5.82423687e-01
   -2.18957710e+00   1.16159105e+00  -3.82542610e-02   1.82980776e-01]
 [  7.72508621e-01   4.24051285e-02  -1.57868719e+00   4.92763519e-02
    9.28206921e-01   1.14242196e+00  -1.11519742e+00  -4.21794891e-01
   -5.68662167e-01   1.10299110e+00  -8.08240891e-01   1.98740101e+00
   -1.47695684e+00   2.20376205e+00   1.09300399e+00   2.84939528e-01]
 [ -6.20484829e-01  -3.06350636e+00  -4.43169880e+00  -1.36567187e+00
   -1.40410328e+00  -1.43594861e+00  -3.89587474e+00  -1.53996706e+00
   -2.18386555e+00  -8.29843998e-01  -3.12797046e+00  -3.05541992e-01
   -2.95488882e+00   2.84189224e-01  -1.43699932e+00  -1.54452467e+00]
 [  2.41536880e+00   1.93190813e+00   6.45096302e-01   1.47433162e+00
    2.74476075e+00   2.04633141e+00  -4.80959415e-02   1.79622269e+00
    1.64288354e+00   2.12571526e+00   1.10120440e+00   2.70576811e+00
   -4.30107117e-02   3.38042760e+00   2.23218107e+00   2.32399058e+00]
 [ -1.25124264e+00  -1.99464440e+00  -3.53945518e+00  -2.60027051e+00
   -1.32154036e+00  -1.32077122e+00  -3.73394060e+00  -1.49406290e+00
   -1.89511657e+00  -1.33548856e+00  -2.98984671e+00  -6.96210384e-01
   -3.55136752e+00  -1.38617992e-01  -1.64051962e+00  -1.85401464e+00]
 [  7.08358765e-01  -5.79166412e-02  -1.75493288e+00  -1.85751200e-01
    2.03648996e+00  -5.07297993e-01  -1.43742752e+00  -1.19795704e+00
   -4.80402231e-01   2.44073868e-02  -1.17615867e+00   1.38109422e+00
   -2.25128150e+00   1.60212040e+00  -2.11906433e-03   9.49665070e-01]
 [  4.22929764e-01  -3.95469904e-01  -1.76880383e+00  -1.79141521e-01
    1.08743310e+00  -4.19491291e-01  -1.67551494e+00  -1.47134852e+00
   -1.01786232e+00  -2.55025387e-01  -1.05518723e+00   8.74415874e-01
   -2.51349950e+00   1.38619757e+00  -9.91097689e-01  -1.42115116e-01]
 [  4.61889505e-01  -9.53835487e-01  -2.11661029e+00  -1.31955433e+00
   -1.48725748e-01  -5.03141880e-01  -1.23762512e+00  -1.48562193e+00
   -1.25882053e+00  -1.20366096e+00  -1.37303424e+00  -4.04362679e-01
   -2.64843011e+00   1.14265275e+00  -7.80135870e-01  -8.79765034e-01]]

FAILED! Dimensions:  (17, 17, 16)  Method:  CudaSharedMemory
Result:
 [[ 4.13798428  3.68411827  3.83683181  3.69606495  5.11585426  3.62434673
   4.38074255  4.42680454  6.02913427  3.84627056  4.6614604   4.16059542
   5.24756479  6.02203226  4.54476357  3.9170897   4.13798428]
 [ 3.86991143  2.62048602  3.39927506  3.24724054  3.88106322  3.4834168
   3.80807805  3.6141901   4.50060558  3.67168522  3.41774154  3.51833844
   4.6445713   4.21207666  3.1414206   3.79294133  3.86991143]
 [ 5.06079578  3.62872458  5.41971636  3.7930479   5.34479284  4.97787619
   4.79756069  4.81837082  5.96482182  4.50999928  5.03090096  4.54543066
   6.29236746  6.44218159  4.76699305  4.91913652  5.06079578]
 [ 3.63330317  2.50133419  4.26676798  2.90222192  4.04443455  2.83919072
   4.00038958  3.43804288  4.52699709  3.26244187  3.71140575  3.57305384
   4.04386663  5.24730539  3.5163281   2.91994786  3.63330317]
 [ 3.58572817  2.25745201  3.77014804  2.62988114  3.36888313  2.87738109
   3.45942783  3.43374085  4.1669569   2.80584908  4.23122931  3.10734582
   4.64305449  4.54925489  3.04787588  3.28143501  3.58572817]
 [ 3.55220914  2.13738608  3.87875724  2.64367032  3.3750782   2.86896348
   3.31695724  3.09346032  3.87670803  3.06480265  3.17949343  3.28791046
   4.17111921  4.47347975  3.12985563  2.88431287  3.55220914]
 [ 4.13269711  2.92027092  5.01640987  4.11141253  4.93262386  3.27189875
   4.65682364  3.32011676  5.15441895  3.61092019  4.66119862  4.00669289
   4.71701527  5.76472998  4.25812578  3.73537588  4.13269711]
 [ 3.47304153  3.02447224  4.45562696  3.14749074  4.01549816  3.90331626
   4.44564629  3.4627676   4.78363276  3.21477818  3.556674    4.04689264
   4.14728737  5.48456526  4.17429352  3.47580767  3.47304153]
 [ 3.3636868   2.80223417  3.5398953   2.62317395  3.62401271  3.64012909
   3.6204586   3.34439898  4.23304224  2.4685204   3.52808619  3.67771983
   3.92394066  4.95425177  3.52738237  3.01518226  3.3636868 ]
 [ 3.01524329  2.36529779  2.77139783  2.19157815  3.43156624  3.35853148
   3.076298    2.7680552   3.69304156  2.39862895  2.66587901  2.89457488
   3.54978323  3.6156044   3.25779319  3.12983251  3.01524329]
 [ 3.55273151  2.3591404   3.38315845  2.9062748   4.38359165  2.9755702
   3.51660633  3.37124753  4.40260792  3.10675263  3.2450676   3.09227681
   4.56398964  4.27313375  3.59760594  3.42050314  3.55273151]
 [ 3.04217339  2.69517422  4.05793953  3.16742277  3.75603247  3.68936586
   4.05808496  3.44217539  4.41302872  3.379807    3.37019897  3.36464882
   4.28923035  4.90683651  3.69314122  3.47116947  3.04217339]
 [ 5.19105339  3.28963065  5.67806673  3.4141891   5.49678564  4.83176088
   5.98546124  4.30032206  6.17406034  4.23981905  5.44876337  4.44172382
   5.67668962  6.36042023  4.97510624  4.71802092  5.19105339]
 [ 4.15168953  2.5973804   4.22753763  3.17561889  3.90787339  3.67575026
   4.05687618  4.41390705  4.226017    3.41050744  3.32434583  3.9011519
   4.91665602  5.22406149  4.21654081  4.15120888  4.15168953]
 [ 3.72865367  3.01868963  3.98166847  3.4430151   3.77502251  4.30229998
   4.94257975  3.83157468  5.13709402  3.17582774  3.71073389  4.4114747
   4.62335968  5.6900754   3.96431756  3.9231801   3.72865367]
 [ 3.97135973  2.85623574  4.16720295  4.11917448  4.07827187  3.42450953
   4.64928722  3.91368651  5.28322887  3.96009684  4.25647926  4.22001457
   5.19872999  5.50875759  3.54681301  3.7636888   3.97135973]
 [ 4.13798428  3.68411827  3.83683181  3.69606495  5.11585426  3.62434673
   4.38074255  4.42680454  6.02913427  3.84627056  4.6614604   4.16059542
   5.24756479  6.02203226  4.54476357  3.9170897   4.13798428]]
Expected:
 [[ 4.13798428  3.86991143  5.06079578  3.63330317  3.58572817  3.55220914
   4.13269711  3.47304153  3.3636868   3.01524329  3.55273151  3.04217339
   5.19105339  4.15168953  3.72865367  3.97135973  4.21833134]
 [ 3.68411827  2.62048602  3.62872458  2.50133419  2.25745201  2.13738608
   2.92027092  3.02447224  2.80223417  2.36529779  2.3591404   2.69517422
   3.28963065  2.5973804   3.01868963  2.85623574  3.02148819]
 [ 3.83683181  3.39927506  5.41971636  4.26676798  3.77014804  3.87875724
   5.01640987  4.45562696  3.5398953   2.77139783  3.38315845  4.05793953
   5.67806673  4.22753763  3.98166847  4.16720295  4.89273882]
 [ 3.69606495  3.24724054  3.7930479   2.90222192  2.62988114  2.64367032
   4.11141253  3.14749074  2.62317395  2.19157815  2.9062748   3.16742277
   3.4141891   3.17561889  3.4430151   4.11917448  4.43858433]
 [ 5.11585426  3.88106322  5.34479284  4.04443455  3.36888313  3.3750782
   4.93262386  4.01549816  3.62401271  3.43156624  4.38359165  3.75603247
   5.49678564  3.90787339  3.77502251  4.07827187  4.50002432]
 [ 3.62434673  3.4834168   4.97787619  2.83919072  2.87738109  2.86896348
   3.27189875  3.90331626  3.64012909  3.35853148  2.9755702   3.68936586
   4.83176088  3.67575026  4.30229998  3.42450953  3.66446209]
 [ 4.38074255  3.80807805  4.79756069  4.00038958  3.45942783  3.31695724
   4.65682364  4.44564629  3.6204586   3.076298    3.51660633  4.05808496
   5.98546124  4.05687618  4.94257975  4.64928722  4.30881119]
 [ 4.42680454  3.6141901   4.81837082  3.43804288  3.43374085  3.09346032
   3.32011676  3.4627676   3.34439898  2.7680552   3.37124753  3.44217539
   4.30032206  4.41390705  3.83157468  3.91368651  3.72605968]
 [ 6.02913427  4.50060558  5.96482182  4.52699709  4.1669569   3.87670803
   5.15441895  4.78363276  4.23304224  3.69304156  4.40260792  4.41302872
   6.17406034  4.226017    5.13709402  5.28322887  4.86294889]
 [ 3.84627056  3.67168522  4.50999928  3.26244187  2.80584908  3.06480265
   3.61092019  3.21477818  2.4685204   2.39862895  3.10675263  3.379807
   4.23981905  3.41050744  3.17582774  3.96009684  3.5975945 ]
 [ 4.6614604   3.41774154  5.03090096  3.71140575  4.23122931  3.17949343
   4.66119862  3.556674    3.52808619  2.66587901  3.2450676   3.37019897
   5.44876337  3.32434583  3.71073389  4.25647926  4.29296398]
 [ 4.16059542  3.51833844  4.54543066  3.57305384  3.10734582  3.28791046
   4.00669289  4.04689264  3.67771983  2.89457488  3.09227681  3.36464882
   4.44172382  3.9011519   4.4114747   4.22001457  4.47372723]
 [ 5.24756479  4.6445713   6.29236746  4.04386663  4.64305449  4.17111921
   4.71701527  4.14728737  3.92394066  3.54978323  4.56398964  4.28923035
   5.67668962  4.91665602  4.62335968  5.19872999  5.09736919]
 [ 6.02203226  4.21207666  6.44218159  5.24730539  4.54925489  4.47347975
   5.76472998  5.48456526  4.95425177  3.6156044   4.27313375  4.90683651
   6.36042023  5.22406149  5.6900754   5.50875759  5.80110121]
 [ 4.54476357  3.1414206   4.76699305  3.5163281   3.04787588  3.12985563
   4.25812578  4.17429352  3.52738237  3.25779319  3.59760594  3.69314122
   4.97510624  4.21654081  3.96431756  3.54681301  4.48116732]
 [ 3.9170897   3.79294133  4.91913652  2.91994786  3.28143501  2.88431287
   3.73537588  3.47580767  3.01518226  3.12983251  3.42050314  3.47116947
   4.71802092  4.15120888  3.9231801   3.7636888   4.06967974]
 [ 3.86723328  3.22205687  4.36164093  3.46637654  2.74899101  3.06578612
   3.76200414  3.49493837  2.86567473  2.268646    2.88239741  3.55406046
   4.55440092  3.50695658  3.34491444  3.58769536  3.36106133]]
Difference:
 [[ 0.         -0.18579316 -1.22396398  0.06276178  1.53012609  0.07213759
   0.24804544  0.95376301  2.66544747  0.83102727  1.10872889  1.11842203
   0.0565114   1.87034273  0.8161099  -0.05427003 -0.08034706]
 [ 0.18579316  0.         -0.22944951  0.74590635  1.62361121  1.34603071
   0.88780713  0.58971786  1.69837141  1.30638742  1.05860114  0.82316422
   1.35494065  1.61469626  0.12273097  0.93670559  0.84842324]
 [ 1.22396398  0.22944951  0.         -0.47372007  1.5746448   1.09911895
  -0.21884918  0.36274385  2.42492652  1.73860145  1.64774251  0.48749113
   0.61430073  2.21464396  0.78532457  0.75193357  0.16805696]
 [-0.06276178 -0.74590635  0.47372007  0.          1.4145534   0.1955204
  -0.11102295  0.29055214  1.90382314  1.07086372  0.80513096  0.40563107
   0.62967753  2.07168651  0.073313   -1.19922662 -0.80528116]
 [-1.53012609 -1.62361121 -1.5746448  -1.4145534   0.         -0.49769711
  -1.47319603 -0.58175731  0.54294419 -0.62571716 -0.15236235 -0.64868665
  -0.85373116  0.6413815  -0.72714663 -0.79683685 -0.91429615]
 [-0.07213759 -1.34603071 -1.09911895 -0.1955204   0.49769711  0.
   0.04505849 -0.80985594  0.23657894 -0.29372883  0.20392323 -0.4014554
  -0.66064167  0.79772949 -1.17244434 -0.54019666 -0.11225295]
 [-0.24804544 -0.88780713  0.21884918  0.11102295  1.47319603 -0.04505849
   0.         -1.12552953  1.53396034  0.53462219  1.14459229 -0.05139208
  -1.26844597  1.70785379 -0.68445396 -0.91391134 -0.17611408]
 [-0.95376301 -0.58971786 -0.36274385 -0.29055214  0.58175731  0.80985594
   1.12552953  0.          1.43923378  0.44672298  0.18542647  0.60471725
  -0.15303469  1.07065821  0.34271884 -0.43787885 -0.25301814]
 [-2.66544747 -1.69837141 -2.42492652 -1.90382314 -0.54294419 -0.23657894
  -1.53396034 -1.43923378  0.         -1.22452116 -0.87452173 -0.73530889
  -2.25011969  0.72823477 -1.60971165 -2.26804662 -1.49926209]
 [-0.83102727 -1.30638742 -1.73860145 -1.07086372  0.62571716  0.29372883
  -0.53462219 -0.44672298  1.22452116  0.         -0.44087362 -0.48523211
  -0.69003582  0.20509696  0.08196545 -0.83026433 -0.58235121]
 [-1.10872889 -1.05860114 -1.64774251 -0.80513096  0.15236235 -0.20392323
  -1.14459229 -0.18542647  0.87452173  0.44087362  0.         -0.27792215
  -0.88477373  0.94878793 -0.11312795 -0.83597612 -0.74023247]
 [-1.11842203 -0.82316422 -0.48749113 -0.40563107  0.64868665  0.4014554
   0.05139208 -0.60471725  0.73530889  0.48523211  0.27792215  0.
  -0.15249348  1.00568461 -0.71833348 -0.7488451  -1.43155384]
 [-0.0565114  -1.35494065 -0.61430073 -0.62967753  0.85373116  0.66064167
   1.26844597  0.15303469  2.25011969  0.69003582  0.88477373  0.15249348
   0.          1.44376421  0.35174656 -0.48070908  0.0936842 ]
 [-1.87034273 -1.61469626 -2.21464396 -2.07168651 -0.6413815  -0.79772949
  -1.70785379 -1.07065821 -0.72823477 -0.20509696 -0.94878793 -1.00568461
  -1.44376421  0.         -1.47353458 -1.35754871 -1.64941168]
 [-0.8161099  -0.12273097 -0.78532457 -0.073313    0.72714663  1.17244434
   0.68445396 -0.34271884  1.60971165 -0.08196545  0.11312795  0.71833348
  -0.35174656  1.47353458  0.          0.37636709 -0.75251365]
 [ 0.05427003 -0.93670559 -0.75193357  1.19922662  0.79683685  0.54019666
   0.91391134  0.43787885  2.26804662  0.83026433  0.83597612  0.7488451
   0.48070908  1.35754871 -0.37636709  0.         -0.09832001]
 [ 0.270751    0.46206141 -0.52480912  0.22968841  2.36686325  0.55856061
   0.61873841  0.93186617  3.16345954  1.57762456  1.77906299  0.60653496
   0.69316387  2.51507568  1.19984913  0.32939434  0.77692294]]

FAILED! Dimensions:  (17, 17, 17)  Method:  CudaSharedMemory
Result:
 [[ 3.88679647  3.86940193  4.15498543  5.88671732  4.89560413  4.64849949
   6.03356504  4.79161596  4.94980288  6.20763493  5.22034216  3.29238415
   5.31917667  5.5400281   5.1418047   5.80649662  3.88679647]
 [ 3.79836822  3.61958027  4.35261726  5.58207607  4.38985872  5.23310757
   5.81914282  4.60380077  4.97321749  5.58990955  5.02482176  3.79134679
   4.82388067  4.80460358  5.29130888  4.59476519  3.79836822]
 [ 3.71062565  3.46528554  2.79264951  4.11855984  3.60454321  3.28066874
   4.21762228  3.06103325  3.22604942  4.64742947  3.35186434  3.45315289
   4.03332186  3.69488859  3.48381948  4.14793777  3.71062565]
 [ 3.45285177  3.43021488  4.23711824  4.93630266  4.43639565  4.48647213
   5.30908871  4.12033796  4.47209501  5.56691122  4.74867916  3.36012721
   4.39994574  4.66560507  4.69427824  4.8871026   3.45285177]
 [ 3.4576931   2.79513407  3.53770947  4.41789246  3.21797705  3.93955398
   4.98915529  4.48130131  4.5776      4.45689201  4.00440311  2.8969996
   4.13667822  4.04263067  4.26008558  4.36451721  3.4576931 ]
 [ 3.02371693  2.95337558  4.08777189  4.63033676  3.73637581  4.1851058
   5.830194    4.12168837  4.50556278  4.95795536  4.57921314  3.332371
   4.47627449  4.67916727  4.24540472  4.87204361  3.02371693]
 [ 2.98383307  3.23663211  2.63739824  3.97078633  3.14172769  2.87878942
   4.62830591  2.97976041  3.37247896  4.18821669  3.34696484  3.05119276
   4.01157427  3.09387159  3.59295011  3.63497114  2.98383307]
 [ 2.88326168  2.55261302  4.23401308  3.90450931  3.34930444  3.71584153
   4.5075345   3.72252607  3.780334    4.64329338  3.88484979  2.59366298
   3.81190467  4.42935181  3.32142735  4.34646034  2.88326168]
 [ 2.54302073  3.66503096  4.42202902  4.5554471   3.9958992   4.18620014
   4.87451601  3.73070025  4.13721418  5.72511053  3.74448347  3.32213378
   4.97544527  4.50991964  3.9282937   4.60179234  2.54302073]
 [ 2.88027453  2.92144418  3.94369078  5.02691078  3.51625323  4.14015198
   4.73966217  4.11198759  4.40236092  4.87171602  4.84670544  2.78679609
   3.69429922  4.47495842  4.11698627  4.53136778  2.88027453]
 [ 2.38995576  2.75537086  2.3735857   3.79752207  2.8417201   2.68104458
   4.65709066  3.15856338  3.54678488  4.36192846  3.00612164  2.41040397
   4.05206728  3.77557659  3.16264844  4.12542009  2.38995576]
 [ 2.95808363  3.34185815  3.80743289  4.82151365  3.99176669  4.19375801
   4.73123741  3.98276949  4.35096216  4.84196281  4.25056839  3.21236968
   4.57925367  4.01607466  4.61546183  4.08387709  2.95808363]
 [ 3.03017521  2.68723655  3.98076415  4.08102846  3.71427035  3.40919709
   4.5494442   3.40732384  3.89298224  4.53331089  3.80776882  2.86838436
   4.39442635  3.78733921  3.9672401   4.53100061  3.03017521]
 [ 4.02355576  3.05531621  3.72728944  4.14885092  3.42563891  3.65903163
   5.32285881  3.84805989  3.97324443  5.06344128  3.729743    2.89626193
   4.17138481  4.7927866   3.53539944  4.76586771  4.02355576]
 [ 2.43180466  2.20852518  2.57827735  3.47765803  2.63166213  2.53836989
   3.21720362  2.85789943  3.44273376  3.26715422  2.73988247  2.36879516
   3.49386835  2.80190778  3.12925863  3.21704483  2.43180466]
 [ 3.00481009  3.08031464  4.02634811  4.69302416  3.65369844  4.45081043
   5.39536667  4.08752871  4.26147413  5.08430386  4.53997231  3.20014501
   4.07221842  4.11877251  4.63752937  3.92717052  3.00481009]
 [ 3.08031464  4.02634811  4.69302416  3.65369844  4.45081043  5.39536667
   4.08752871  4.26147413  5.08430386  4.53997231  3.20014501  4.07221842
   4.11877251  4.63752937  3.92717052  5.80649662  3.88679647]]
Expected:
 [[ 3.39083862  3.35651183  3.42174363  3.03260565  3.06117177  2.9745245
   2.85716629  2.79089594  2.48895574  2.81437945  2.25674057  2.85744429
   2.66215634  3.58160448  2.24095273  2.66739702  2.90417838]
 [ 3.79617763  3.79444885  3.57961321  3.59653091  2.95206094  2.97284389
   3.28676152  2.58916759  3.68642759  2.94752288  2.80809188  3.38168716
   2.83288336  3.23022246  2.28405643  3.21384883  3.27149534]
 [ 3.85333848  5.07298851  3.26362252  4.92225742  4.18416929  4.16797161
   2.84390664  4.38459969  4.51017284  4.05112171  2.59077024  3.9715085
   4.58075619  4.44781542  2.88942885  4.57644272  4.69071245]
 [ 5.56422472  6.35222864  4.62207937  5.66878843  5.10902643  4.71607876
   4.19156551  4.06550217  4.64968204  5.14176559  4.02971506  4.99692774
   4.72248316  4.91916943  3.81031179  5.28113317  4.84095907]
 [ 4.52504063  5.27481127  4.18311787  5.27806664  4.01213217  3.83489871
   3.3954165   3.53429508  4.10418081  3.64822841  3.10852408  4.19332838
   4.45134068  4.31078148  3.01390147  4.32947159  3.7237637 ]
 [ 4.37710667  5.88122749  3.70440459  5.10289383  4.52117586  4.25726175
   3.06458569  3.8513248   4.26550341  4.23680782  2.87644625  4.34137726
   3.94901156  4.30729103  2.81831384  4.94573212  4.4078474 ]
 [ 5.89602995  6.14759445  4.4323616   5.62147665  5.28390741  5.86676073
   4.72246313  4.57619429  4.9147048   4.78864479  4.75611544  4.80604744
   4.82300901  5.65138102  3.35907245  5.64618111  5.33216381]
 [ 4.43527222  5.45479393  3.61740589  4.92971087  5.24498129  4.21643066
   3.22371411  3.9004178   3.83482695  4.23889828  3.41512918  4.17659616
   4.11610985  4.69923592  3.22547054  4.73736954  4.40941572]
 [ 4.54633427  5.93675041  3.85599947  5.38850307  5.44227266  4.61283398
   3.64869452  3.98175097  4.25511122  4.54605484  3.83728027  4.5704217
   4.6955018   4.93698454  3.85891438  4.99725294  4.77944136]
 [ 5.95622492  6.19030857  5.03996563  6.13794565  4.99568892  5.02479839
   4.36033297  4.76880074  5.79857445  4.96125507  4.54294252  4.97871304
   5.0333786   5.66396952  3.52648568  5.54278421  5.4660511 ]
 [ 4.93709612  5.70124817  3.79410648  5.39202309  4.61142731  4.65452051
   3.54087567  4.02624989  3.82725024  4.94758272  3.21005726  4.40463495
   4.37115955  4.40631485  3.03205276  5.05650949  3.93094039]
 [ 3.22190523  3.95965934  3.56319427  3.52020788  3.04804301  3.3511095
   3.09944272  2.62884712  3.34272838  2.81189704  2.4611485   3.25070548
   3.00857067  3.06461072  2.4414947   3.32867289  2.98073769]
 [ 5.13267231  5.26927662  4.3245182   4.82355785  4.53637552  4.52586079
   4.13925552  3.90501022  5.02994347  3.76072216  4.18634939  4.68069935
   4.76539326  4.6168766   3.68624902  4.41233444  4.88364363]
 [ 5.21606255  5.57827377  4.20070791  5.40143633  4.73692083  4.76530075
   3.31565928  4.59108019  4.60458517  4.59033775  4.00883007  4.19228983
   4.43172359  5.56662321  3.13608074  4.70956755  4.97143221]
 [ 4.77428722  6.1689868   4.05763817  5.5290308   5.04771233  4.34311771
   3.84455371  3.50489736  4.03568554  4.24787664  3.42725945  4.81536627
   4.69825172  4.41326618  3.50835586  5.30774736  4.00744772]
 [ 5.62114525  5.0374074   4.43733358  5.30809593  4.76174355  4.92132378
   3.76186323  4.43899012  4.65595341  4.59738016  4.25887203  4.18469572
   4.89967394  5.20860481  3.40823627  4.26518345  5.22039175]
 [ 3.86885381  4.05742788  4.0174098   4.20726109  3.47413754  3.47834611
   2.7812016   3.69885993  4.12723732  3.83321381  2.70402932  3.11502981
   3.46812654  4.21798706  2.74500275  3.52216363  4.34880447]]
Difference:
 [[  4.95957851e-01   5.12890100e-01   7.33241796e-01   2.85411167e+00
    1.83443236e+00   1.67397499e+00   3.17639875e+00   2.00072002e+00
    2.46084714e+00   3.39325547e+00   2.96360159e+00   4.34939861e-01
    2.65702033e+00   1.95842361e+00   2.90085196e+00   3.13909960e+00
    9.82618093e-01]
 [  2.19058990e-03  -1.74868584e-01   7.73004055e-01   1.98554516e+00
    1.43779778e+00   2.26026368e+00   2.53238130e+00   2.01463318e+00
    1.28678989e+00   2.64238667e+00   2.21672988e+00   4.09659624e-01
    1.99099731e+00   1.57438111e+00   3.00725245e+00   1.38091636e+00
    5.26872873e-01]
 [ -1.42712831e-01  -1.60770297e+00  -4.70973015e-01  -8.03697586e-01
   -5.79626083e-01  -8.87302876e-01   1.37371564e+00  -1.32356644e+00
   -1.28412342e+00   5.96307755e-01   7.61094093e-01  -5.18355608e-01
   -5.47434330e-01  -7.52926826e-01   5.94390631e-01  -4.28504944e-01
   -9.80086803e-01]
 [ -2.11137295e+00  -2.92201376e+00  -3.84961128e-01  -7.32485771e-01
   -6.72630787e-01  -2.29606628e-01   1.11752319e+00   5.48357964e-02
   -1.77587032e-01   4.25145626e-01   7.18964100e-01  -1.63680053e+00
   -3.22537422e-01  -2.53564358e-01   8.83966446e-01  -3.94030571e-01
   -1.38810730e+00]
 [ -1.06734753e+00  -2.47967720e+00  -6.45408392e-01  -8.60174179e-01
   -7.94155121e-01   1.04655266e-01   1.59373879e+00   9.47006226e-01
    4.73419189e-01   8.08663607e-01   8.95879030e-01  -1.29632878e+00
   -3.14662457e-01  -2.68150806e-01   1.24618411e+00   3.50456238e-02
   -2.66070604e-01]
 [ -1.35338974e+00  -2.92785192e+00   3.83367300e-01  -4.72557068e-01
   -7.84800053e-01  -7.21559525e-02   2.76560831e+00   2.70363569e-01
    2.40059376e-01   7.21147537e-01   1.70276690e+00  -1.00900626e+00
    5.27262926e-01   3.71876240e-01   1.42709088e+00  -7.36885071e-02
   -1.38413048e+00]
 [ -2.91219687e+00  -2.91096234e+00  -1.79496336e+00  -1.65069032e+00
   -2.14217973e+00  -2.98797131e+00  -9.41572189e-02  -1.59643388e+00
   -1.54222584e+00  -6.00428104e-01  -1.40915060e+00  -1.75485468e+00
   -8.11434746e-01  -2.55750942e+00   2.33877659e-01  -2.01120996e+00
   -2.34833074e+00]
 [ -1.55201054e+00  -2.90218091e+00   6.16607189e-01  -1.02520156e+00
   -1.89567685e+00  -5.00589132e-01   1.28382039e+00  -1.77891731e-01
   -5.44929504e-02   4.04395103e-01   4.69720602e-01  -1.58293319e+00
   -3.04205179e-01  -2.69884109e-01   9.59568024e-02  -3.90909195e-01
   -1.52615404e+00]
 [ -2.00331354e+00  -2.27171946e+00   5.66029549e-01  -8.33055973e-01
   -1.44637346e+00  -4.26633835e-01   1.22582150e+00  -2.51050711e-01
   -1.17897034e-01   1.17905569e+00  -9.27968025e-02  -1.24828792e+00
    2.79943466e-01  -4.27064896e-01   6.93793297e-02  -3.95460606e-01
   -2.23642063e+00]
 [ -3.07595038e+00  -3.26886439e+00  -1.09627485e+00  -1.11103487e+00
   -1.47943568e+00  -8.84646416e-01   3.79329205e-01  -6.56813145e-01
   -1.39621353e+00  -8.95390511e-02   3.03762913e-01  -2.19191694e+00
   -1.33907938e+00  -1.18901110e+00   5.90500593e-01  -1.01141644e+00
   -2.58577657e+00]
 [ -2.54714036e+00  -2.94587731e+00  -1.42052078e+00  -1.59450102e+00
   -1.76970720e+00  -1.97347593e+00   1.11621499e+00  -8.67686510e-01
   -2.80465364e-01  -5.85654259e-01  -2.03935623e-01  -1.99423099e+00
   -3.19092274e-01  -6.30738258e-01   1.30595684e-01  -9.31089401e-01
   -1.54098463e+00]
 [ -2.63821602e-01  -6.17801189e-01   2.44238615e-01   1.30130577e+00
    9.43723679e-01   8.42648506e-01   1.63179469e+00   1.35392237e+00
    1.00823379e+00   2.03006577e+00   1.78941989e+00  -3.83358002e-02
    1.57068300e+00   9.51463938e-01   2.17396712e+00   7.55204201e-01
   -2.26540565e-02]
 [ -2.10249710e+00  -2.58204007e+00  -3.43754053e-01  -7.42529392e-01
   -8.22105169e-01  -1.11666369e+00   4.10188675e-01  -4.97686386e-01
   -1.13696122e+00   7.72588730e-01  -3.78580570e-01  -1.81231499e+00
   -3.70966911e-01  -8.29537392e-01   2.80991077e-01   1.18666172e-01
   -1.85346842e+00]
 [ -1.19250679e+00  -2.52295756e+00  -4.73418474e-01  -1.25258541e+00
   -1.31128192e+00  -1.10626912e+00   2.00719953e+00  -7.43020296e-01
   -6.31340742e-01   4.73103523e-01  -2.79087067e-01  -1.29602790e+00
   -2.60338783e-01  -7.73836613e-01   3.99318695e-01   5.63001633e-02
   -9.47876453e-01]
 [ -2.34248257e+00  -3.96046162e+00  -1.47936082e+00  -2.05137277e+00
   -2.41605020e+00  -1.80474782e+00  -6.27350092e-01  -6.46997929e-01
   -5.92951775e-01  -9.80722427e-01  -6.87376976e-01  -2.44657111e+00
   -1.20438337e+00  -1.61135840e+00  -3.79097223e-01  -2.09070253e+00
   -1.57564306e+00]
 [ -2.61633515e+00  -1.95709276e+00  -4.10985470e-01  -6.15071774e-01
   -1.10804510e+00  -4.70513344e-01   1.63350344e+00  -3.51461411e-01
   -3.94479275e-01   4.86923695e-01   2.81100273e-01  -9.84550714e-01
   -8.27455521e-01  -1.08983231e+00   1.22929311e+00  -3.38012934e-01
   -2.21558166e+00]
 [ -7.88539171e-01  -3.10797691e-02   6.75614357e-01  -5.53562641e-01
    9.76672888e-01   1.91702056e+00   1.30632710e+00   5.62614202e-01
    9.57066536e-01   7.06758499e-01   4.96115685e-01   9.57188606e-01
    6.50645971e-01   4.19542313e-01   1.18216777e+00   2.28433299e+00
   -4.62007999e-01]]

Method: CudaSharedMemory          , dims: (16, 16, 16)        , pass(1)/fail(0): 0,	 time (s): 0.0029909610748291016

Method: CudaSharedMemory          , dims: (16, 16, 17)        , pass(1)/fail(0): 0,	 time (s): 0.0011525154113769531

Method: CudaSharedMemory          , dims: (16, 17, 16)        , pass(1)/fail(0): 0,	 time (s): 0.0011320114135742188

Method: CudaSharedMemory          , dims: (16, 17, 17)        , pass(1)/fail(0): 0,	 time (s): 0.0010673999786376953

Method: CudaSharedMemory          , dims: (17, 16, 16)        , pass(1)/fail(0): 0,	 time (s): 0.0011487007141113281

Method: CudaSharedMemory          , dims: (17, 16, 17)        , pass(1)/fail(0): 0,	 time (s): 0.001046895980834961

Method: CudaSharedMemory          , dims: (17, 17, 16)        , pass(1)/fail(0): 0,	 time (s): 0.0010731220245361328

Method: CudaSharedMemory          , dims: (17, 17, 17)        , pass(1)/fail(0): 0,	 time (s): 0.001026153564453125

