Device name: b'NVIDIA GeForce GTX 1070'
Compute capability: (6, 1)
Total global memory (GB): 7.89508056640625
Free global memory (GB): 7.27655029296875
Used global memory (GB): 0.6185302734375
Max threads per block: 1024
Max block dimensions: x=1024, y=1024, z=64
Max grid dimensions: x=2147483647, y=65535, z=65535
Max shared memory per block (KB): 48.0
FAILED! Dimensions:  (16, 16, 17)  Method:  CudaSharedMemory
Result:
 [[3.5949876 3.3445857 4.3453746 4.5217166 3.9064798 3.5664148 4.814591
  4.4761925 4.7125688 2.8646872 4.4708037 4.884838  3.1293118 4.4491763
  3.7540853 5.486207 ]
 [3.7319686 3.6729424 4.797826  4.142268  3.5410776 4.2735605 4.125998
  3.915252  4.4732475 3.161137  3.758054  4.2278056 3.1799338 4.3111153
  4.445592  4.0700555]
 [2.6175275 2.50153   3.9428916 3.7189088 3.3907192 3.149346  3.55461
  2.853645  3.0772495 2.8450198 2.6220484 2.5950978 3.14251   3.4735165
  3.4132993 2.9314322]
 [3.629072  3.6697547 5.0056815 4.6342497 3.616569  3.8560743 4.9954166
  4.7879677 4.3510537 3.7574992 3.9348016 4.4022393 3.3689566 4.980235
  3.6049848 5.071715 ]
 [3.292714  3.4569364 4.227829  4.2353606 3.5442    3.547792  5.057755
  4.532307  4.8068566 2.7482986 3.8820784 4.414973  2.683107  4.214837
  3.740425  4.801893 ]
 [2.254354  1.8899057 2.5319004 3.005539  2.9032743 2.9189816 2.7912087
  2.8162313 2.5314844 2.302787  2.6267874 2.6435974 2.2093916 2.8961132
  2.5407236 2.7603898]
 [3.1801705 3.2551994 4.160562  4.9320445 4.6348033 3.7300937 4.4742627
  4.3839865 3.984591  3.4538114 4.2805305 4.5210223 3.5503478 4.567011
  3.631734  5.506966 ]
 [3.0558283 3.1081793 3.6125562 4.521805  4.7462873 4.583966  4.2626843
  4.226285  3.298045  3.4878745 4.3414574 3.6836312 3.4255075 4.7460537
  3.730894  4.5999775]
 [3.3623488 3.5879545 4.1741734 4.228452  3.585012  3.942567  4.1897626
  4.335752  4.0856657 3.5939307 3.6528122 3.8595743 3.3061416 4.280785
  3.0653155 4.2853427]
 [3.5146763 3.8056278 4.687266  5.181037  4.720242  4.4918485 4.714624
  4.8100905 5.091086  3.8716373 4.0730276 4.072973  3.2468913 4.9483085
  4.4702296 5.279157 ]
 [2.8229167 3.9257028 3.5767486 3.711137  3.8349948 4.1608863 4.5054436
  4.110709  3.7051585 2.9148703 3.720886  4.48862   2.8678868 3.7317195
  3.0727146 4.272562 ]
 [3.2332613 3.0367908 3.5938704 4.8496027 4.03135   3.4282587 3.663438
  4.171666  4.01372   2.9558456 3.5655944 3.4567726 3.4345431 3.699852
  3.986958  3.9759476]
 [3.617218  3.531619  4.62786   3.8279154 3.050386  3.1918592 4.0229363
  4.004602  4.7251964 2.8715649 3.0661256 3.7234704 2.5811148 3.9682102
  3.9077122 4.4009542]
 [3.1482818 3.9814684 3.943823  4.506156  4.014646  4.376633  4.538623
  4.983958  4.0706687 3.3203914 5.006895  4.582109  3.9671497 5.315185
  3.4743705 5.109939 ]
 [3.2948132 3.6070633 3.7447054 3.904651  3.3790107 3.4110794 3.5542977
  4.329677  3.3788228 3.197661  3.3835444 3.128452  3.4202228 4.2151747
  3.2127364 4.054814 ]
 [3.1711702 3.1061707 4.131041  4.189318  3.4066036 3.7658157 3.8411577
  3.6561718 3.459048  2.9130566 3.6175358 3.705368  2.53144   4.0340724
  3.9137015 4.279975 ]]
Expected:
 [[3.940898  3.5582106 4.867052  4.809498  4.1879983 4.018678  4.8582335
  4.8455114 5.224745  3.3478682 4.8490305 5.0762076 3.5794709 4.7089396
  3.8695097 5.976865 ]
 [3.9571686 3.8120198 5.137456  4.3296237 3.7243562 4.568     4.1544104
  4.1556916 4.806692  3.4757056 4.004293  4.3523936 3.4730039 4.4802303
  4.5207376 4.389491 ]
 [3.1745028 2.8455029 4.7828817 4.1822853 3.8440123 3.8775682 3.6248808
  3.4483125 3.9019399 3.623025  3.2310581 2.903236  3.8673434 3.8917804
  3.5991523 3.7214763]
 [3.8371289 3.7982452 5.319458  4.807343  3.7858953 4.1281    5.0216665
  5.010104  4.6591144 4.0481205 4.162296  4.5173435 3.6397157 5.1364765
  3.6744094 5.3668346]
 [3.4673896 3.5648108 4.4912615 4.3806815 3.686359  3.7761724 5.0797925
  4.718803  5.065491  2.9922917 4.0730724 4.511609  2.9104247 4.34601
  3.798711  5.0496616]
 [2.608384  2.1085453 3.065823  3.3000748 3.1914012 3.3818614 2.835875
  3.1942196 3.0556822 2.79731   3.0138927 2.839459  2.6701174 3.1619742
  2.6588573 3.2625651]
 [3.5163052 3.4627874 4.667496  5.2116923 4.9083657 4.1695757 4.516671
  4.7428684 4.482292  3.9233375 4.6480684 4.7069836 3.987785  4.819433
  3.7438962 5.983758 ]
 [3.0787883 3.1223588 3.647183  4.5409064 4.764973  4.613985  4.265581
  4.2507987 3.3320408 3.5199459 4.3665624 3.6963334 3.455387  4.7632957
  3.7385554 4.632545 ]
 [3.5203185 3.6855125 4.412412  4.3598757 3.7135754 4.149106  4.209693
  4.504412  4.3195653 3.8145893 3.8255403 3.9469688 3.5117197 4.3994136
  3.1180272 4.5094156]
 [3.7330053 3.9404619 5.016534  5.362676  4.8979287 4.7773046 4.7421694
  5.0431943 5.4143567 4.1766076 4.3117537 4.19376   3.531019  5.1122637
  4.543082  5.5888467]
 [3.1601615 4.1339765 4.085357  3.9917088 4.109461  4.60182   4.547992
  4.4707766 4.204503  3.3859472 4.0896378 4.675195  3.306769  3.9849753
  3.1852474 4.750929 ]
 [3.4247608 3.1550558 3.8826761 5.008921  4.1872015 3.678636  3.6875987
  4.376125  4.2972655 3.2233396 3.7749846 3.5627167 3.6837556 3.8436596
  4.050858  4.247581 ]
 [3.7574415 3.6182175 4.839336  3.9445744 3.1645072 3.3751955 4.0406275
  4.1543145 4.9328194 3.0674345 3.21945   3.8010468 2.7635982 4.0735116
  3.9545026 4.599855 ]
 [3.2173567 4.024127  4.0479965 4.5636234 4.070863  4.4669456 4.5473375
  5.057707  4.172945  3.4168777 5.082423  4.620323  4.057042  5.367057
  3.4974198 5.2079177]
 [3.730547  3.8761606 4.401848  4.2671604 3.733632  3.980783  3.609272
  4.794899  4.023996  3.8063114 3.8599863 3.3695147 3.9872756 4.542391
  3.3581333 4.6728826]
 [3.6871886 3.4248493 4.9092627 4.618621  3.8265643 4.440488  3.9062612
  4.207111  4.223095  3.633851  4.181762  3.990847  3.2029736 4.4215794
  4.085888  5.011924 ]]
Difference:
 [[-0.3459103  -0.21362495 -0.5216775  -0.28778124 -0.28151846 -0.45226336
  -0.04364252 -0.36931896 -0.51217604 -0.483181   -0.37822676 -0.19136953
  -0.45015907 -0.25976324 -0.11542439 -0.4906578 ]
 [-0.22519994 -0.13907743 -0.33963013 -0.18735552 -0.18327856 -0.29443932
  -0.02841234 -0.24043965 -0.3334446  -0.31456852 -0.24623895 -0.12458801
  -0.29307008 -0.16911507 -0.07514572 -0.3194356 ]
 [-0.55697536 -0.34397292 -0.83999014 -0.46337652 -0.45329309 -0.72822213
  -0.07027078 -0.59466743 -0.82469034 -0.7780051  -0.60900974 -0.30813813
  -0.7248335  -0.4182639  -0.185853   -0.79004407]
 [-0.20805693 -0.12849045 -0.3137765  -0.17309332 -0.1693263  -0.2720256
  -0.02624989 -0.2221365  -0.30806065 -0.29062128 -0.22749424 -0.1151042
  -0.2707591  -0.15624142 -0.06942463 -0.29511976]
 [-0.17467546 -0.10787439 -0.2634325  -0.14532089 -0.14215899 -0.22838044
  -0.02203751 -0.18649578 -0.25863457 -0.24399304 -0.19099402 -0.0966363
  -0.22731781 -0.13117313 -0.05828595 -0.2477684 ]
 [-0.3540299  -0.21863961 -0.5339227  -0.29453588 -0.28812695 -0.4628799
  -0.04466629 -0.37798834 -0.5241978  -0.49452305 -0.38710523 -0.19586158
  -0.46072578 -0.26586103 -0.11813378 -0.50217533]
 [-0.33613467 -0.20758796 -0.50693417 -0.27964783 -0.27356243 -0.43948197
  -0.04240847 -0.35888195 -0.49770117 -0.46952605 -0.36753798 -0.18596125
  -0.4374373  -0.25242233 -0.11216235 -0.47679186]
 [-0.02295995 -0.01417947 -0.03462672 -0.01910162 -0.01868582 -0.03001928
  -0.00289679 -0.02451372 -0.03399587 -0.03207135 -0.025105   -0.01270223
  -0.02987957 -0.01724195 -0.00766134 -0.0325675 ]
 [-0.15796971 -0.09755802 -0.23823881 -0.13142347 -0.1285634  -0.20653892
  -0.01993036 -0.16866016 -0.2338996  -0.22065854 -0.17272806 -0.08739448
  -0.20557809 -0.1186285  -0.05271173 -0.22407293]
 [-0.21832895 -0.13483405 -0.32926798 -0.1816392  -0.17768669 -0.28545618
  -0.02754545 -0.23310375 -0.3232708  -0.30497026 -0.23872614 -0.12078714
  -0.2841277  -0.16395521 -0.07285261 -0.30968952]
 [-0.33724475 -0.20827365 -0.5086086  -0.2805717  -0.27446604 -0.4409337
  -0.04254866 -0.36006737 -0.4993446  -0.47107697 -0.36875176 -0.18657541
  -0.4388821  -0.25325584 -0.11253285 -0.47836685]
 [-0.19149947 -0.11826491 -0.28880572 -0.15931845 -0.15585136 -0.25037742
  -0.02416062 -0.20445871 -0.2835455  -0.26749396 -0.20939016 -0.10594416
  -0.2492125  -0.14380765 -0.06389999 -0.2716334 ]
 [-0.1402235  -0.0865984  -0.21147585 -0.11665893 -0.1141212  -0.18333626
  -0.01769114 -0.14971256 -0.207623   -0.19586968 -0.15332437 -0.0775764
  -0.18248343 -0.10530138 -0.04679036 -0.1989007 ]
 [-0.06907487 -0.04265857 -0.10417342 -0.05746746 -0.05621672 -0.09031248
  -0.00871468 -0.07374907 -0.10227633 -0.09648633 -0.07552814 -0.03821421
  -0.08989239 -0.05187178 -0.02304935 -0.09797859]
 [-0.4357338  -0.26909733 -0.6571424  -0.3625095  -0.3546214  -0.5697036
  -0.05497432 -0.46522188 -0.6451731  -0.60865045 -0.47644186 -0.24106264
  -0.56705284 -0.32721615 -0.14539695 -0.6180687 ]
 [-0.5160184  -0.31867862 -0.7782216  -0.4293027  -0.41996074 -0.6746721
  -0.06510353 -0.5509391  -0.7640469  -0.72079444 -0.5642264  -0.28547907
  -0.6715336  -0.38750696 -0.17218637 -0.73194885]]

FAILED! Dimensions:  (16, 17, 16)  Method:  CudaSharedMemory
Result:
 [[3.761078  4.1787715 3.1323318 4.9785423 4.3834724 2.1977031 4.96774
  4.7536826 4.076998  4.523756  4.656003  3.1201153 4.361341  3.4667337
  4.070993  4.1295867 0.       ]
 [3.5753357 4.6202383 4.1173377 5.3773656 4.565382  2.6702926 5.1599765
  4.6182556 4.702362  4.747666  4.887859  3.98059   4.1463513 3.725056
  3.8976018 3.727621  0.       ]
 [4.3487315 5.170643  4.714002  5.5233197 5.277648  2.6881938 5.609822
  5.393709  5.0331206 5.515382  5.680512  4.9895644 4.821367  4.2552285
  5.030051  4.491895  0.       ]
 [3.6138022 4.1918654 3.6354432 5.158909  4.428436  2.3938816 5.079986
  4.6879334 4.356182  5.0054426 4.2265077 3.575046  4.5096383 3.976468
  3.32051   3.4944203 0.       ]
 [2.5892217 3.0270674 2.9737103 3.4243815 3.1780777 1.676921  3.0682244
  3.3316498 3.0214465 3.5703034 3.2326007 3.0880713 3.180065  2.5832965
  2.504449  2.3574862 0.       ]
 [3.5045917 4.61305   4.0854664 5.231107  4.277324  2.481417  5.122866
  4.1143746 4.77442   5.2790813 4.0666714 3.7860427 4.3100247 3.683169
  3.455034  3.3809357 0.       ]
 [3.8713956 4.6236773 4.1062126 6.010713  4.5053196 3.1086283 5.432487
  4.456668  5.0206766 5.129293  5.2636666 4.1589913 4.8401465 3.940061
  4.964055  4.2906885 0.       ]
 [3.4714692 3.7820249 2.765147  3.5706835 3.5808625 1.5010532 3.7394598
  3.6154306 3.5269616 4.702157  3.651393  2.5879033 3.8833985 3.0439763
  3.6903424 3.73963   0.       ]
 [3.5814834 4.2119584 3.417089  4.79734   4.305827  2.1879861 4.453064
  4.953144  3.8384693 4.5231333 4.5005693 3.5847988 4.4849887 3.722701
  3.7289305 3.9827874 0.       ]
 [4.0885525 5.519789  4.7075715 5.237102  4.4946055 2.6651745 5.172736
  5.080985  5.2170005 5.7386646 4.726936  3.7288792 5.260084  4.0472136
  4.222599  4.5593495 0.       ]
 [3.5249958 3.7542138 3.4405556 5.352117  4.5125103 2.5166414 4.5156026
  4.257053  3.9427338 4.9968777 4.3426743 4.0819936 4.4575744 3.6860397
  3.71246   3.9400403 0.       ]
 [2.7037506 3.3670645 3.0288687 4.233936  3.6502957 2.2082477 4.0728555
  3.4729261 3.7260377 3.670583  4.08557   2.5340583 3.4210508 2.933228
  3.2306676 2.8411493 0.       ]
 [3.4374144 3.943076  3.1819026 4.353915  3.8717418 2.329676  4.625609
  3.5665581 4.1003757 4.699987  3.6567237 3.4158266 3.9262938 3.215274
  3.311135  3.1501927 0.       ]
 [4.286369  4.210828  4.021548  5.0665073 4.1765814 2.0119288 5.181964
  4.1857734 4.5937176 5.803364  4.2704916 4.182171  4.507438  3.2915742
  3.9809246 3.9268315 0.       ]
 [3.3608656 4.5357738 3.8292089 4.610652  4.421688  2.2500126 4.014671
  4.3747334 4.0066075 4.5138755 4.580701  3.631035  4.295233  3.800745
  3.7303252 3.2627034 0.       ]
 [3.8707747 4.8462505 4.0998473 4.7431583 3.9694312 2.7814207 4.9423375
  4.132535  4.7115827 5.1095414 4.1056366 3.7668808 4.742367  3.859644
  3.4717462 3.6348157 0.       ]]
Expected:
 [[3.761078  4.1787715 3.1323323 4.9785423 4.3834724 2.1977034 4.9677405
  4.753682  4.076998  4.523756  4.6560035 3.1201153 4.3613405 3.466734
  4.070993  4.129587  2.9054565]
 [3.5753355 4.620239  4.117337  5.377366  4.565383  2.6702929 5.1599765
  4.618255  4.7023616 4.7476654 4.8878584 3.9805899 4.146352  3.7250562
  3.8976018 3.7276213 3.2435584]
 [4.3487315 5.1706424 4.7140017 5.52332   5.277648  2.6881938 5.609822
  5.393709  5.03312   5.515383  5.680512  4.9895644 4.821367  4.2552285
  5.0300508 4.491895  3.4676735]
 [3.613802  4.1918654 3.6354432 5.158909  4.4284363 2.3938816 5.0799866
  4.6879334 4.356182  5.0054426 4.2265077 3.5750458 4.5096383 3.9764676
  3.3205097 3.49442   3.1871257]
 [2.5892217 3.0270672 2.97371   3.4243813 3.178078  1.6769209 3.0682244
  3.33165   3.0214467 3.5703032 3.2326007 3.088071  3.180065  2.5832963
  2.504449  2.3574862 2.1104262]
 [3.504592  4.6130505 4.0854664 5.231107  4.2773247 2.481417  5.1228666
  4.114374  4.77442   5.279082  4.0666714 3.7860422 4.310025  3.683169
  3.455034  3.3809361 2.8685515]
 [3.8713956 4.6236773 4.1062126 6.010713  4.5053196 3.1086283 5.432487
  4.456668  5.0206766 5.129293  5.2636666 4.1589913 4.8401465 3.940061
  4.964055  4.2906885 3.4512484]
 [3.4714692 3.7820249 2.765147  3.5706835 3.5808625 1.5010532 3.7394598
  3.6154306 3.5269616 4.702157  3.651393  2.5879033 3.8833985 3.0439763
  3.6903424 3.73963   2.7873456]
 [3.5814834 4.2119584 3.417089  4.79734   4.305827  2.1879861 4.453064
  4.953144  3.8384693 4.5231333 4.5005693 3.5847988 4.4849887 3.722701
  3.7289305 3.9827874 3.4091752]
 [4.0885525 5.519789  4.7075715 5.237102  4.4946055 2.6651745 5.172736
  5.080985  5.2170005 5.7386646 4.726936  3.7288792 5.260084  4.0472136
  4.222599  4.5593495 3.7767491]
 [3.5249958 3.7542138 3.4405556 5.352117  4.5125103 2.5166414 4.5156026
  4.257053  3.9427338 4.9968777 4.3426743 4.0819936 4.4575744 3.6860397
  3.71246   3.9400403 3.002098 ]
 [2.7037506 3.3670645 3.0288687 4.233936  3.6502957 2.2082477 4.0728555
  3.4729261 3.7260377 3.670583  4.08557   2.5340583 3.4210508 2.933228
  3.2306676 2.8411493 2.652627 ]
 [3.4374144 3.943076  3.1819024 4.353915  3.871742  2.329676  4.625609
  3.5665586 4.100375  4.699987  3.6567235 3.4158263 3.9262938 3.2152739
  3.311135  3.1501932 2.5883725]
 [4.2863693 4.210828  4.021548  5.0665073 4.176582  2.0119288 5.181964
  4.185774  4.5937176 5.803364  4.270491  4.1821713 4.507438  3.2915745
  3.9809246 3.9268317 3.074437 ]
 [3.3608654 4.5357738 3.829209  4.6106524 4.421688  2.2500124 4.014671
  4.374734  4.0066075 4.5138755 4.5807004 3.6310349 4.295233  3.800745
  3.730325  3.2627032 2.8027608]
 [3.8707747 4.8462505 4.0998473 4.7431583 3.9694314 2.7814207 4.942338
  4.132535  4.711583  5.109541  4.1056366 3.766881  4.7423673 3.8596437
  3.4717464 3.6348155 3.4360223]]
Difference:
 [[ 0.0000000e+00  0.0000000e+00 -4.7683716e-07  0.0000000e+00
   0.0000000e+00 -2.3841858e-07 -4.7683716e-07  4.7683716e-07
   0.0000000e+00  0.0000000e+00 -4.7683716e-07  0.0000000e+00
   4.7683716e-07 -2.3841858e-07  0.0000000e+00 -4.7683716e-07
  -2.9054565e+00]
 [ 2.3841858e-07 -4.7683716e-07  4.7683716e-07 -4.7683716e-07
  -9.5367432e-07 -2.3841858e-07  0.0000000e+00  4.7683716e-07
   4.7683716e-07  4.7683716e-07  4.7683716e-07  2.3841858e-07
  -4.7683716e-07 -2.3841858e-07  0.0000000e+00 -2.3841858e-07
  -3.2435584e+00]
 [ 0.0000000e+00  4.7683716e-07  4.7683716e-07 -4.7683716e-07
   0.0000000e+00  0.0000000e+00  0.0000000e+00  0.0000000e+00
   4.7683716e-07 -9.5367432e-07  0.0000000e+00  0.0000000e+00
   0.0000000e+00  0.0000000e+00  4.7683716e-07  0.0000000e+00
  -3.4676735e+00]
 [ 2.3841858e-07  0.0000000e+00  0.0000000e+00  0.0000000e+00
  -4.7683716e-07  0.0000000e+00 -4.7683716e-07  0.0000000e+00
   0.0000000e+00  0.0000000e+00  0.0000000e+00  2.3841858e-07
   0.0000000e+00  4.7683716e-07  2.3841858e-07  2.3841858e-07
  -3.1871257e+00]
 [ 0.0000000e+00  2.3841858e-07  2.3841858e-07  2.3841858e-07
  -2.3841858e-07  1.1920929e-07  0.0000000e+00 -2.3841858e-07
  -2.3841858e-07  2.3841858e-07  0.0000000e+00  2.3841858e-07
   0.0000000e+00  2.3841858e-07  0.0000000e+00  0.0000000e+00
  -2.1104262e+00]
 [-2.3841858e-07 -4.7683716e-07  0.0000000e+00  0.0000000e+00
  -4.7683716e-07  0.0000000e+00 -4.7683716e-07  4.7683716e-07
   0.0000000e+00 -4.7683716e-07  0.0000000e+00  4.7683716e-07
  -4.7683716e-07  0.0000000e+00  0.0000000e+00 -4.7683716e-07
  -2.8685515e+00]
 [ 0.0000000e+00  0.0000000e+00  0.0000000e+00  0.0000000e+00
   0.0000000e+00  0.0000000e+00  0.0000000e+00  0.0000000e+00
   0.0000000e+00  0.0000000e+00  0.0000000e+00  0.0000000e+00
   0.0000000e+00  0.0000000e+00  0.0000000e+00  0.0000000e+00
  -3.4512484e+00]
 [ 0.0000000e+00  0.0000000e+00  0.0000000e+00  0.0000000e+00
   0.0000000e+00  0.0000000e+00  0.0000000e+00  0.0000000e+00
   0.0000000e+00  0.0000000e+00  0.0000000e+00  0.0000000e+00
   0.0000000e+00  0.0000000e+00  0.0000000e+00  0.0000000e+00
  -2.7873456e+00]
 [ 0.0000000e+00  0.0000000e+00  0.0000000e+00  0.0000000e+00
   0.0000000e+00  0.0000000e+00  0.0000000e+00  0.0000000e+00
   0.0000000e+00  0.0000000e+00  0.0000000e+00  0.0000000e+00
   0.0000000e+00  0.0000000e+00  0.0000000e+00  0.0000000e+00
  -3.4091752e+00]
 [ 0.0000000e+00  0.0000000e+00  0.0000000e+00  0.0000000e+00
   0.0000000e+00  0.0000000e+00  0.0000000e+00  0.0000000e+00
   0.0000000e+00  0.0000000e+00  0.0000000e+00  0.0000000e+00
   0.0000000e+00  0.0000000e+00  0.0000000e+00  0.0000000e+00
  -3.7767491e+00]
 [ 0.0000000e+00  0.0000000e+00  0.0000000e+00  0.0000000e+00
   0.0000000e+00  0.0000000e+00  0.0000000e+00  0.0000000e+00
   0.0000000e+00  0.0000000e+00  0.0000000e+00  0.0000000e+00
   0.0000000e+00  0.0000000e+00  0.0000000e+00  0.0000000e+00
  -3.0020981e+00]
 [ 0.0000000e+00  0.0000000e+00  0.0000000e+00  0.0000000e+00
   0.0000000e+00  0.0000000e+00  0.0000000e+00  0.0000000e+00
   0.0000000e+00  0.0000000e+00  0.0000000e+00  0.0000000e+00
   0.0000000e+00  0.0000000e+00  0.0000000e+00  0.0000000e+00
  -2.6526270e+00]
 [ 0.0000000e+00  0.0000000e+00  2.3841858e-07  0.0000000e+00
  -2.3841858e-07  0.0000000e+00  0.0000000e+00 -4.7683716e-07
   4.7683716e-07  0.0000000e+00  2.3841858e-07  2.3841858e-07
   0.0000000e+00  2.3841858e-07  0.0000000e+00 -4.7683716e-07
  -2.5883725e+00]
 [-4.7683716e-07  0.0000000e+00  0.0000000e+00  0.0000000e+00
  -4.7683716e-07  0.0000000e+00  0.0000000e+00 -4.7683716e-07
   0.0000000e+00  0.0000000e+00  4.7683716e-07 -4.7683716e-07
   0.0000000e+00 -2.3841858e-07  0.0000000e+00 -2.3841858e-07
  -3.0744369e+00]
 [ 2.3841858e-07  0.0000000e+00 -2.3841858e-07 -4.7683716e-07
   0.0000000e+00  2.3841858e-07  0.0000000e+00 -4.7683716e-07
   0.0000000e+00  0.0000000e+00  4.7683716e-07  2.3841858e-07
   0.0000000e+00  0.0000000e+00  2.3841858e-07  2.3841858e-07
  -2.8027608e+00]
 [ 0.0000000e+00  0.0000000e+00  0.0000000e+00  0.0000000e+00
  -2.3841858e-07  0.0000000e+00 -4.7683716e-07  0.0000000e+00
  -4.7683716e-07  4.7683716e-07  0.0000000e+00 -2.3841858e-07
  -4.7683716e-07  2.3841858e-07 -2.3841858e-07  2.3841858e-07
  -3.4360223e+00]]

FAILED! Dimensions:  (16, 17, 17)  Method:  CudaSharedMemory
Result:
 [[4.2665477 4.2765975 3.6374142 2.8736947 4.3832445 5.307614  3.624974
  3.9144778 4.307711  3.4735541 2.8869305 3.8534367 3.664166  4.2082944
  3.374224  3.5486436 0.       ]
 [4.4317174 3.6142528 3.0126758 2.5644453 3.6719704 5.0922737 4.1455584
  4.081215  4.3813796 3.635775  3.7009506 4.192178  3.8336792 3.857474
  3.4567924 3.885398  0.       ]
 [2.6992605 2.5158782 2.0220323 2.1816452 3.133365  3.8925297 2.3229759
  2.203725  2.4611776 2.583094  1.7929099 2.2492127 2.5341916 2.6050286
  2.7857146 2.7268794 0.       ]
 [3.6304362 3.5377102 2.953926  2.5885139 3.7422862 5.170617  3.5373704
  3.070142  4.422396  2.1288445 2.7523978 3.3173604 3.7174356 3.3716564
  4.0984135 3.649227  0.       ]
 [4.143264  3.0520742 3.0185568 3.1578705 4.184643  5.222857  3.8175445
  3.318681  3.7182977 3.6960502 3.2421985 3.7515342 3.5111792 3.920354
  3.2470407 3.3966765 0.       ]
 [5.3410187 4.763175  4.3039107 4.0198565 5.599968  7.3637204 5.5427446
  5.21395   5.373099  4.7615495 4.01486   5.3504715 5.137118  4.770108
  4.9873257 5.0900006 0.       ]
 [3.466579  2.9699712 2.4200485 2.6633224 3.4096854 4.207222  3.2593827
  2.567588  3.482459  2.1751938 2.7804193 3.3867795 3.3505437 3.3901877
  3.383314  3.1643944 0.       ]
 [3.5964043 3.5578108 3.0408406 2.9607804 3.6069834 5.1215267 3.9965723
  3.101298  4.1125097 2.1328843 3.6999247 3.1959522 3.649355  3.3792963
  4.0502996 3.2080648 0.       ]
 [3.5675015 3.400613  2.4083848 2.4040616 3.6838517 4.6333942 3.410883
  3.2432048 3.6242878 2.6580975 2.4477427 3.5280974 3.9680567 3.1682432
  3.5243063 3.6552088 0.       ]
 [4.3913436 4.226957  3.3004599 3.311599  3.9860642 5.548349  3.9040828
  3.4143078 3.9082863 3.0357108 3.8345149 4.186348  3.7703083 4.3670893
  3.7579117 4.1228137 0.       ]
 [4.152501  3.2067542 3.3980727 3.3887408 4.4085402 5.6864    4.134636
  3.5320218 4.424727  3.5625794 3.741721  4.0670776 3.577065  3.8776836
  3.9165485 3.4310255 0.       ]
 [4.149888  3.7457197 3.1939828 3.1968179 4.472666  5.91955   3.6365752
  3.2777545 4.319008  3.149924  3.865919  3.8817928 3.8182502 3.9359124
  3.9914508 3.5129101 0.       ]
 [4.228751  3.8001537 3.1585507 3.0227067 3.8102312 5.0880265 3.9503033
  4.0553536 3.7065911 4.2279515 3.810234  3.8436427 3.595418  3.795382
  3.1866164 3.6529315 0.       ]
 [4.326387  3.8718445 3.0306015 3.5424476 5.1522017 6.5464206 4.3146152
  3.3691118 4.110062  3.784955  3.801369  4.1957736 4.5425687 4.498207
  4.858187  4.1966605 0.       ]
 [3.9487526 3.990118  3.7033916 3.0491965 4.6143694 5.7351108 3.9375615
  3.9389668 3.8532064 4.3130007 3.067045  3.879181  3.594885  3.9128761
  3.6465538 3.9506161 0.       ]
 [3.6874747 3.7677588 3.2493165 2.6482234 4.160888  5.0889883 4.286785
  3.7912755 3.850442  3.4842434 3.9939806 4.01987   3.8544722 3.9008012
  3.4936244 3.2616053 0.       ]]
Expected:
 [[4.819285  4.9478703 4.1405945 3.1869645 4.7608986 6.1436996 3.744647
  4.3112864 4.4030714 3.9609902 3.361148  4.199955  3.8900805 4.8989754
  3.6054745 4.200212  4.415125 ]
 [4.495967  3.6922812 3.0711656 2.60086   3.715869  5.1894608 4.159469
  4.1273394 4.392464  3.6924348 3.756074  4.232457  3.85994   3.9377587
  3.483673  3.961137  3.7660823]
 [2.884436  2.740765  2.1906056 2.2865953 3.2598855 4.1726313 2.363068
  2.3366623 2.493124  2.7463923 1.9517802 2.3653018 2.6098766 2.8364177
  2.8631873 2.9451647 2.7860394]
 [3.8031693 3.7474866 3.1111727 2.6864123 3.8603058 5.431898  3.5747685
  3.1941466 4.4521966 2.2811708 2.9005935 3.4256501 3.788035  3.5874975
  4.1706805 3.8528457 3.0367436]
 [4.5746527 3.5759754 3.4112687 3.402365  4.4793873 5.875387  3.910945
  3.628374  3.7927222 4.0764737 3.6123056 4.0219774 3.6874962 4.459402
  3.4275222 3.905199  4.1887617]
 [5.486354  4.939678  4.436216  4.102227  5.699268  7.583558  5.574211
  5.318286  5.398172  4.8897142 4.13955   5.4415846 5.1965194 4.9517136
  5.04813   5.261322  4.541124 ]
 [3.6468463 3.1888971 2.5841534 2.765491  3.5328522 4.4798994 3.2984123
  2.6970015 3.513559  2.334164  2.9350786 3.4997916 3.4242225 3.6154432
  3.4587328 3.3768942 2.90584  ]
 [3.970901  4.0126185 3.3817606 3.1730304 3.8628561 5.688     4.0776544
  3.3701482 4.177119  2.463137  4.0212216 3.4307292 3.802419  3.8472536
  4.206979  3.6495225 3.495669 ]
 [3.5803106 3.416169  2.4200454 2.4113212 3.6926033 4.6527696 3.4136562
  3.2524004 3.6264977 2.6693933 2.4587321 3.5361276 3.9732919 3.1842487
  3.5296652 3.670308  2.7444222]
 [4.707102  4.61043   3.587908  3.4905584 4.2018046 6.025974  3.9724476
  3.64099   3.9627616 3.3141649 4.1054177 4.384301  3.8993647 4.7616496
  3.8900166 4.495031  4.2362933]
 [4.3091803 3.3970332 3.5407043 3.4775403 4.51559   5.923397  4.1685586
  3.6445012 4.4517574 3.7007482 3.8761427 4.165302  3.6411028 4.0734644
  3.9820988 3.6157193 3.6789212]
 [4.1933722 3.7985291 3.2335684 3.221463  4.502376  5.9853253 3.64599
  3.3089716 4.32651   3.188271  3.9032261 3.9090536 3.836023  3.9902487
  4.0096436 3.5641694 3.910409 ]
 [4.2318354 3.8038998 3.1613584 3.024455  3.8123388 5.092692  3.9509711
  4.057567  3.7071233 4.2306714 3.81288   3.8455768 3.5966785 3.7992358
  3.1879065 3.6565673 3.8864243]
 [4.659912  4.2768946 3.3342233 3.7314763 5.38008   7.0509195 4.3868265
  3.6085486 4.167603  4.079077  4.087515  4.4048653 4.6788864 4.9149675
  4.9977255 4.5898204 4.3111567]
 [4.0141897 4.0695877 3.7629611 3.0862827 4.6590776 5.834091  3.9517293
  3.9859436 3.8644958 4.370706  3.123186  3.9202042 3.6216302 3.9946432
  3.6739306 4.027753  4.003171 ]
 [3.7948852 3.8982034 3.3470964 2.7090993 4.2342753 5.25146   4.3100405
  3.8683853 3.8689723 3.5789638 4.0861325 4.087207  3.8983727 4.035017
  3.5385623 3.3882208 3.547511 ]]
Difference:
 [[-5.52737236e-01 -6.71272755e-01 -5.03180265e-01 -3.13269854e-01
  -3.77654076e-01 -8.36085796e-01 -1.19673014e-01 -3.96808624e-01
  -9.53602791e-02 -4.87436056e-01 -4.74217653e-01 -3.46518278e-01
  -2.25914478e-01 -6.90680981e-01 -2.31250525e-01 -6.51568413e-01
  -4.41512489e+00]
 [-6.42495155e-02 -7.80284405e-02 -5.84897995e-02 -3.64148617e-02
  -4.38985825e-02 -9.71870422e-02 -1.39107704e-02 -4.61244583e-02
  -1.10845566e-02 -5.66596985e-02 -5.51233292e-02 -4.02793884e-02
  -2.62608528e-02 -8.02845955e-02 -2.68807411e-02 -7.57391453e-02
  -3.76608229e+00]
 [-1.85175419e-01 -2.24886894e-01 -1.68573380e-01 -1.04950190e-01
  -1.26520634e-01 -2.80101538e-01 -4.00922298e-02 -1.32937193e-01
  -3.19464207e-02 -1.63298368e-01 -1.58870339e-01 -1.16089106e-01
  -7.56850243e-02 -2.31389046e-01 -7.74726868e-02 -2.18285322e-01
  -2.78603935e+00]
 [-1.72733068e-01 -2.09776402e-01 -1.57246590e-01 -9.78984833e-02
  -1.18019581e-01 -2.61281013e-01 -3.73980999e-02 -1.24004602e-01
  -2.98004150e-02 -1.52326345e-01 -1.48195744e-01 -1.08289719e-01
  -7.05993176e-02 -2.15841055e-01 -7.22670555e-02 -2.03618765e-01
  -3.03674364e+00]
 [-4.31388855e-01 -5.23901224e-01 -3.92711878e-01 -2.44494438e-01
  -2.94744492e-01 -6.52530193e-01 -9.34004784e-02 -3.09693098e-01
  -7.44245052e-02 -3.80423546e-01 -3.70107174e-01 -2.70443201e-01
  -1.76316977e-01 -5.39048195e-01 -1.80481434e-01 -5.08522511e-01
  -4.18876171e+00]
 [-1.45335197e-01 -1.76503181e-01 -1.32305145e-01 -8.23707581e-02
  -9.92999077e-02 -2.19837666e-01 -3.14664841e-02 -1.04335785e-01
  -2.50730515e-02 -1.28164768e-01 -1.24690056e-01 -9.11130905e-02
  -5.94015121e-02 -1.81605339e-01 -6.08043671e-02 -1.71321392e-01
  -4.54112387e+00]
 [-1.80267334e-01 -2.18925953e-01 -1.64104939e-01 -1.02168560e-01
  -1.23166800e-01 -2.72677422e-01 -3.90295982e-02 -1.29413366e-01
  -3.11000347e-02 -1.58970118e-01 -1.54659271e-01 -1.13012075e-01
  -7.36787319e-02 -2.25255489e-01 -7.54189491e-02 -2.12499857e-01
  -2.90583992e+00]
 [-3.74496698e-01 -4.54807758e-01 -3.40919971e-01 -2.12249994e-01
  -2.55872726e-01 -5.66473484e-01 -8.10821056e-02 -2.68850088e-01
  -6.46090508e-02 -3.30252647e-01 -3.21296930e-01 -2.34776974e-01
  -1.53064013e-01 -4.67957258e-01 -1.56679153e-01 -4.41457748e-01
  -3.49566889e+00]
 [-1.28090382e-02 -1.55558586e-02 -1.16605759e-02 -7.25960732e-03
  -8.75163078e-03 -1.93753242e-02 -2.77328491e-03 -9.19556618e-03
  -2.20990181e-03 -1.12957954e-02 -1.09894276e-02 -8.03017616e-03
  -5.23519516e-03 -1.60055161e-02 -5.35893440e-03 -1.50992870e-02
  -2.74442220e+00]
 [-3.15758228e-01 -3.83472919e-01 -2.87448168e-01 -1.78959370e-01
  -2.15740442e-01 -4.77624893e-01 -6.83648586e-02 -2.26682186e-01
  -5.44753075e-02 -2.78454065e-01 -2.70902872e-01 -1.97953224e-01
  -1.29056454e-01 -3.94560337e-01 -1.32104874e-01 -3.72217178e-01
  -4.23629332e+00]
 [-1.56679153e-01 -1.90279007e-01 -1.42631531e-01 -8.87994766e-02
  -1.07049942e-01 -2.36997128e-01 -3.39226723e-02 -1.12479448e-01
  -2.70304680e-02 -1.38168812e-01 -1.34421825e-01 -9.82241631e-02
  -6.40377998e-02 -1.95780754e-01 -6.55503273e-02 -1.84693813e-01
  -3.67892122e+00]
 [-4.34842110e-02 -5.28094769e-02 -3.95855904e-02 -2.46450901e-02
  -2.97102928e-02 -6.57753944e-02 -9.41467285e-03 -3.12170982e-02
  -7.50207901e-03 -3.83470058e-02 -3.73070240e-02 -2.72607803e-02
  -1.77729130e-02 -5.43363094e-02 -1.81927681e-02 -5.12592793e-02
  -3.91040897e+00]
 [-3.08418274e-03 -3.74603271e-03 -2.80761719e-03 -1.74832344e-03
  -2.10762024e-03 -4.66537476e-03 -6.67810440e-04 -2.21347809e-03
  -5.32150269e-04 -2.71987915e-03 -2.64596939e-03 -1.93405151e-03
  -1.26051903e-03 -3.85379791e-03 -1.29008293e-03 -3.63588333e-03
  -3.88642430e+00]
 [-3.33525181e-01 -4.05050039e-01 -3.03621769e-01 -1.89028740e-01
  -2.27878571e-01 -5.04498959e-01 -7.22112656e-02 -2.39436865e-01
  -5.75408936e-02 -2.94121742e-01 -2.86145926e-01 -2.09091663e-01
  -1.36317730e-01 -4.16760445e-01 -1.39538288e-01 -3.93159866e-01
  -4.31115675e+00]
 [-6.54370785e-02 -7.94696808e-02 -5.95695972e-02 -3.70862484e-02
  -4.47082520e-02 -9.89804268e-02 -1.41677856e-02 -4.69768047e-02
  -1.12893581e-02 -5.77054024e-02 -5.61411381e-02 -4.10232544e-02
  -2.67450809e-02 -8.17670822e-02 -2.73768902e-02 -7.71367550e-02
  -4.00317097e+00]
 [-1.07410431e-01 -1.30444527e-01 -9.77799892e-02 -6.08758926e-02
  -7.33871460e-02 -1.62471771e-01 -2.32553482e-02 -7.71098137e-02
  -1.85303688e-02 -9.47203636e-02 -9.21518803e-02 -6.73370361e-02
  -4.39004898e-02 -1.34215832e-01 -4.49378490e-02 -1.26615524e-01
  -3.54751110e+00]]

FAILED! Dimensions:  (17, 16, 16)  Method:  CudaSharedMemory
Result:
 [[4.054297  4.8640785 4.21208   3.911008  4.418493  4.452503  3.833302
  4.1245623 2.913636  3.7462583 3.456565  3.4607716 4.4421268 3.9045596
  3.0947096 5.019438 ]
 [2.976177  4.3528156 4.3202233 3.8898773 5.2151628 4.021911  3.6837323
  3.4732506 3.4331064 2.4351268 2.8084397 4.396522  4.0888443 3.3002925
  3.640515  4.66542  ]
 [2.976177  4.3528156 4.3202233 3.8898773 5.2151628 4.021911  3.6837323
  3.4732506 3.4331064 2.4351268 2.8084397 4.396522  4.0888443 3.3002925
  3.640515  4.66542  ]
 [3.450011  4.126257  4.4836206 4.120794  4.331073  4.795435  3.3880963
  3.9299357 2.5629148 3.5177402 3.5276935 3.0537944 4.247029  3.812934
  2.5346212 4.5640025]
 [2.4193552 3.3661861 3.12302   2.8756733 3.236889  3.0529299 2.5443628
  2.417443  2.258158  2.813141  2.0837648 2.8867278 3.29029   3.280872
  1.7135704 3.089829 ]
 [2.693267  3.662656  3.615417  3.6770303 4.6812367 3.897099  3.440686
  3.885812  2.9027374 2.5122817 2.6889675 3.4684942 4.1010804 3.1545362
  2.654119  4.123189 ]
 [2.693267  3.662656  3.615417  3.6770303 4.6812367 3.897099  3.440686
  3.885812  2.9027374 2.5122817 2.6889675 3.4684942 4.1010804 3.1545362
  2.654119  4.123189 ]
 [3.6362882 3.9144616 4.0525274 3.7140994 4.5569487 4.0460815 3.6697426
  2.9625    2.7897406 3.4478521 3.5585291 3.4397297 4.232946  4.2347336
  3.270828  5.048942 ]
 [4.0416245 4.9557385 4.890306  4.342846  5.4981637 4.4070854 4.430003
  4.6080565 3.9890046 3.7675393 4.489815  3.9392128 5.494321  4.5783744
  3.8896172 6.326434 ]
 [3.6516867 4.9165726 4.3806744 4.0663075 5.290273  5.138273  4.4181886
  4.7827435 3.5339806 4.0284414 3.2238512 3.8098042 5.2527747 4.477528
  3.2132213 5.1800914]
 [3.6516867 4.9165726 4.3806744 4.0663075 5.290273  5.138273  4.4181886
  4.7827435 3.5339806 4.0284414 3.2238512 3.8098042 5.2527747 4.477528
  3.2132213 5.1800914]
 [3.411635  3.9398925 4.2043552 3.8625147 4.0492387 3.418641  3.465041
  3.5306969 2.4117267 3.0454786 3.4217908 3.0826647 3.778451  3.5864673
  3.0411248 4.494957 ]
 [3.8144586 4.5347657 4.191684  3.6395383 4.6789665 3.249995  4.0565715
  3.6973615 3.2940533 2.704094  4.0736136 3.6284242 4.296803  3.2424207
  3.8098035 5.5716624]
 [3.7041247 4.466256  4.566214  3.8503563 4.4201527 4.667048  3.964828
  3.4058096 3.1822734 3.988648  3.4641829 4.022746  4.6148148 4.748094
  3.3766646 4.6808023]
 [3.7041247 4.466256  4.566214  3.8503563 4.4201527 4.667048  3.964828
  3.4058096 3.1822734 3.988648  3.4641829 4.022746  4.6148148 4.748094
  3.3766646 4.6808023]
 [3.758677  4.969432  4.4189625 4.170216  5.0984406 4.9019475 4.554032
  4.4088936 3.3270733 3.0459533 3.6645641 4.2002454 4.685178  3.925199
  4.287355  5.5050344]
 [5.0321198 5.6931615 5.213522  4.909943  6.3573947 5.0137286 5.2793894
  4.798323  4.1251245 4.195218  5.0925803 4.623488  6.0067887 4.9950647
  4.462492  7.2281704]]
Expected:
 [[4.0542974 4.8640785 4.21208   3.9110084 4.4184933 4.452503  3.8333015
  4.124562  2.9136362 3.7462585 3.4565644 3.4607718 4.4421263 3.9045594
  3.0947096 5.019438 ]
 [2.9761767 4.3528156 4.3202233 3.889877  5.2151628 4.021912  3.6837325
  3.4732504 3.4331064 2.4351268 2.8084397 4.3965216 4.0888443 3.3002925
  3.6405153 4.66542  ]
 [3.4500113 4.126257  4.48362   4.1207933 4.331073  4.7954345 3.3880963
  3.9299355 2.5629148 3.51774   3.5276935 3.0537944 4.2470284 3.812934
  2.534621  4.564002 ]
 [2.419355  3.3661861 3.12302   2.8756733 3.236889  3.0529299 2.544363
  2.4174433 2.2581582 2.8131413 2.0837646 2.8867278 3.2902904 3.2808723
  1.7135702 3.089829 ]
 [3.491992  4.884804  5.161399  3.9776778 4.9698343 3.9964466 4.1154532
  4.474098  3.7698748 3.4524784 4.3702116 4.2810917 5.3271685 4.259039
  3.8185525 5.113136 ]
 [2.6932673 3.6626563 3.615417  3.67703   4.681237  3.897099  3.4406857
  3.8858123 2.9027374 2.5122814 2.6889672 3.468494  4.101081  3.1545365
  2.654119  4.123189 ]
 [3.6362882 3.9144616 4.0525274 3.7140994 4.5569487 4.0460815 3.6697426
  2.9625    2.7897406 3.4478521 3.5585291 3.4397297 4.232946  4.2347336
  3.270828  5.048942 ]
 [4.2646246 5.412879  5.279947  4.9148297 5.713795  5.563985  5.306487
  4.903853  3.6728497 3.5710452 3.9132557 4.380343  4.9978914 4.39198
  4.515769  6.2190595]
 [4.0416245 4.9557385 4.890306  4.342846  5.4981637 4.4070854 4.430003
  4.6080565 3.9890046 3.7675393 4.489815  3.9392128 5.494321  4.5783744
  3.8896172 6.326434 ]
 [3.6516867 4.9165726 4.3806744 4.0663075 5.290273  5.138273  4.4181886
  4.7827435 3.5339806 4.0284414 3.2238512 3.8098042 5.2527747 4.477528
  3.2132213 5.1800914]
 [3.411635  3.9398925 4.2043552 3.8625147 4.0492387 3.418641  3.465041
  3.5306969 2.4117267 3.0454786 3.4217908 3.0826647 3.778451  3.5864673
  3.0411248 4.494957 ]
 [3.8144586 4.5347657 4.191684  3.6395383 4.6789665 3.249995  4.0565715
  3.6973615 3.2940533 2.704094  4.0736136 3.6284242 4.296803  3.2424207
  3.8098035 5.5716624]
 [4.369658  5.339707  4.6773963 4.467741  5.941529  5.51184   5.1913652
  4.55202   4.1589475 3.9652982 3.8690636 5.0130243 5.5777407 4.893201
  4.3670125 6.0149665]
 [3.7041245 4.4662566 4.5662146 3.8503563 4.4201527 4.667048  3.9648278
  3.4058094 3.1822734 3.988648  3.4641829 4.022746  4.6148143 4.748094
  3.3766646 4.6808023]
 [3.7586775 4.969432  4.4189625 4.170216  5.09844   4.901948  4.554032
  4.4088936 3.3270736 3.0459533 3.6645641 4.200246  4.685178  3.9251993
  4.2873545 5.5050344]
 [5.0321198 5.693162  5.213522  4.9099436 6.357395  5.0137286 5.2793894
  4.7983236 4.1251245 4.195218  5.09258   4.623488  6.006788  4.9950643
  4.462492  7.2281704]
 [4.5582333 4.8578916 4.7425714 4.9163504 5.3310704 5.4013877 4.7223372
  4.274047  3.5078022 3.8357239 4.542259  4.516683  5.227275  5.026572
  4.2229633 6.309989 ]]
Difference:
 [[-4.76837158e-07  0.00000000e+00  0.00000000e+00 -4.76837158e-07
  -4.76837158e-07  0.00000000e+00  4.76837158e-07  4.76837158e-07
  -2.38418579e-07 -2.38418579e-07  4.76837158e-07 -2.38418579e-07
   4.76837158e-07  2.38418579e-07  0.00000000e+00  0.00000000e+00]
 [ 2.38418579e-07  0.00000000e+00  0.00000000e+00  2.38418579e-07
   0.00000000e+00 -9.53674316e-07 -2.38418579e-07  2.38418579e-07
   0.00000000e+00  0.00000000e+00  0.00000000e+00  4.76837158e-07
   0.00000000e+00  0.00000000e+00 -2.38418579e-07  0.00000000e+00]
 [-4.73834276e-01  2.26558685e-01 -1.63396835e-01 -2.30916023e-01
   8.84089947e-01 -7.73523331e-01  2.95635939e-01 -4.56684828e-01
   8.70191574e-01 -1.08261323e+00 -7.19253778e-01  1.34272766e+00
  -1.58184052e-01 -5.12641430e-01  1.10589409e+00  1.01418018e-01]
 [ 1.03065610e+00  7.60070801e-01  1.36060071e+00  1.24512053e+00
   1.09418392e+00  1.74250507e+00  8.43733311e-01  1.51249242e+00
   3.04756641e-01  7.04598904e-01  1.44392896e+00  1.67066574e-01
   9.56738472e-01  5.32061577e-01  8.21051002e-01  1.47417355e+00]
 [-1.07263684e+00 -1.51861763e+00 -2.03837895e+00 -1.10200453e+00
  -1.73294544e+00 -9.43516731e-01 -1.57109046e+00 -2.05665517e+00
  -1.51171684e+00 -6.39337301e-01 -2.28644681e+00 -1.39436388e+00
  -2.03687835e+00 -9.78166819e-01 -2.10498214e+00 -2.02330685e+00]
 [-2.38418579e-07 -2.38418579e-07  0.00000000e+00  2.38418579e-07
  -4.76837158e-07  0.00000000e+00  2.38418579e-07 -2.38418579e-07
   0.00000000e+00  2.38418579e-07  2.38418579e-07  2.38418579e-07
  -4.76837158e-07 -2.38418579e-07  0.00000000e+00  0.00000000e+00]
 [-9.43021059e-01 -2.51805544e-01 -4.37110424e-01 -3.70690823e-02
   1.24288082e-01 -1.48982525e-01 -2.29056597e-01  9.23311949e-01
   1.12996817e-01 -9.35570478e-01 -8.69561672e-01  2.87644863e-02
  -1.31865501e-01 -1.08019733e+00 -6.16708994e-01 -9.25753117e-01]
 [-6.28336430e-01 -1.49841738e+00 -1.22741938e+00 -1.20073032e+00
  -1.15684652e+00 -1.51790333e+00 -1.63674450e+00 -1.94135284e+00
  -8.83109093e-01 -1.23193026e-01 -3.54726553e-01 -9.40613270e-01
  -7.64945507e-01 -1.57246590e-01 -1.24494100e+00 -1.17011738e+00]
 [ 0.00000000e+00  0.00000000e+00  0.00000000e+00  0.00000000e+00
   0.00000000e+00  0.00000000e+00  0.00000000e+00  0.00000000e+00
   0.00000000e+00  0.00000000e+00  0.00000000e+00  0.00000000e+00
   0.00000000e+00  0.00000000e+00  0.00000000e+00  0.00000000e+00]
 [ 0.00000000e+00  0.00000000e+00  0.00000000e+00  0.00000000e+00
   0.00000000e+00  0.00000000e+00  0.00000000e+00  0.00000000e+00
   0.00000000e+00  0.00000000e+00  0.00000000e+00  0.00000000e+00
   0.00000000e+00  0.00000000e+00  0.00000000e+00  0.00000000e+00]
 [ 2.40051746e-01  9.76680040e-01  1.76319122e-01  2.03792810e-01
   1.24103451e+00  1.71963167e+00  9.53147650e-01  1.25204659e+00
   1.12225389e+00  9.82962847e-01 -1.97939634e-01  7.27139473e-01
   1.47432375e+00  8.91060829e-01  1.72096491e-01  6.85134411e-01]
 [-4.02823687e-01 -5.94873190e-01  1.26714706e-02  2.22976446e-01
  -6.29727840e-01  1.68646097e-01 -5.91530561e-01 -1.66664600e-01
  -8.82326603e-01  3.41384649e-01 -6.51822805e-01 -5.45759439e-01
  -5.18352032e-01  3.44046593e-01 -7.68678665e-01 -1.07670546e+00]
 [-5.55199385e-01 -8.04941177e-01 -4.85712528e-01 -8.28202724e-01
  -1.26256227e+00 -2.26184487e+00 -1.13479376e+00 -8.54658604e-01
  -8.64894152e-01 -1.26120424e+00  2.04550028e-01 -1.38460016e+00
  -1.28093767e+00 -1.65078020e+00 -5.57209015e-01 -4.43304062e-01]
 [ 2.38418579e-07 -4.76837158e-07 -4.76837158e-07  0.00000000e+00
   0.00000000e+00  0.00000000e+00  2.38418579e-07  2.38418579e-07
   0.00000000e+00  0.00000000e+00  0.00000000e+00  0.00000000e+00
   4.76837158e-07  0.00000000e+00  0.00000000e+00  0.00000000e+00]
 [-5.45527935e-02 -5.03175735e-01  1.47251606e-01 -3.19859743e-01
  -6.78287506e-01 -2.34899998e-01 -5.89203835e-01 -1.00308394e+00
  -1.44800186e-01  9.42694664e-01 -2.00381279e-01 -1.77499771e-01
  -7.03630447e-02  8.22894812e-01 -9.10689831e-01 -8.24232101e-01]
 [-1.27344275e+00 -7.23730087e-01 -7.94559479e-01 -7.39727497e-01
  -1.25895452e+00 -1.11781120e-01 -7.25357533e-01 -3.89430046e-01
  -7.98051119e-01 -1.14926481e+00 -1.42801571e+00 -4.23242569e-01
  -1.32160997e+00 -1.06986523e+00 -1.75137043e-01 -1.72313595e+00]
 [ 4.73886490e-01  8.35269928e-01  4.70950603e-01 -6.40726089e-03
   1.02632427e+00 -3.87659073e-01  5.57052135e-01  5.24276257e-01
   6.17322206e-01  3.59494209e-01  5.50321102e-01  1.06804848e-01
   7.79513836e-01 -3.15074921e-02  2.39528656e-01  9.18181419e-01]]

FAILED! Dimensions:  (17, 16, 17)  Method:  CudaSharedMemory
Result:
 [[4.0459614 4.1272755 3.6963987 3.1869895 2.9521801 2.7181723 3.4709206
  3.494111  3.717036  2.9841776 3.401849  3.4305952 3.375998  4.7783837
  3.8859315 3.8042943]
 [4.0459614 4.1272755 3.6963987 3.1869895 2.9521801 2.7181723 3.4709206
  3.494111  3.717036  2.9841776 3.401849  3.4305952 3.375998  4.7783837
  3.8859315 3.8042943]
 [4.0801196 3.7779927 4.406133  3.860397  3.5987136 3.5696244 3.1663742
  4.119607  4.417439  2.4122844 3.8196573 3.6390188 3.0038438 4.349349
  3.45014   4.101044 ]
 [3.7047884 4.5567603 4.0174336 3.0619204 3.2324882 3.8157494 3.3843558
  3.9032197 3.6937258 2.352725  3.1122236 3.3442729 2.9782615 4.5591016
  3.3009999 3.6254041]
 [4.6007514 4.9266343 4.2549615 4.3574944 3.216158  3.343452  3.4930446
  4.6027126 4.296638  4.3096924 4.75708   4.5916314 3.9632895 5.8982096
  3.2590623 4.189733 ]
 [4.4058475 4.5531645 4.8495383 4.430391  3.8729925 4.186966  3.0474713
  4.7599187 4.330084  3.1674466 4.682383  4.6199193 3.9876251 5.1386003
  3.8565853 4.7982783]
 [3.3062017 3.4042711 2.9701586 3.40847   3.1512995 2.959256  2.8105807
  3.24959   3.125916  3.091894  3.5324342 3.3882    2.6841877 3.8759582
  2.7969983 2.8473427]
 [4.340591  4.2493787 4.4451027 3.8647883 3.9049397 4.1632934 2.9908788
  4.5705414 4.3733063 2.509416  3.966898  3.9480712 3.4598806 4.8031864
  3.9862604 4.4980936]
 [4.0839615 5.1814284 5.429915  4.0419135 3.9707966 4.1250267 3.4851067
  5.347409  4.454346  2.5016055 4.500167  4.719     4.285811  5.251193
  4.4787073 5.691687 ]
 [4.0839615 5.1814284 5.429915  4.0419135 3.9707966 4.1250267 3.4851067
  5.347409  4.454346  2.5016055 4.500167  4.719     4.285811  5.251193
  4.4787073 5.691687 ]
 [4.337823  4.7090635 4.6789713 3.8310533 3.4588065 3.6558332 3.340329
  4.556303  4.3993473 3.0582323 4.121448  4.189245  3.686053  5.443563
  3.6281183 4.5064154]
 [4.665501  5.215811  4.374296  3.965239  3.106101  4.2832613 3.7785456
  4.2603264 3.9074988 4.040226  4.5227385 3.6713092 3.9259236 5.0725074
  4.176212  4.5361166]
 [4.3528786 4.8923664 4.664014  3.775903  4.082874  4.0494337 3.698895
  4.2940025 4.388808  2.9081457 3.9889946 3.5272443 3.3548007 4.7498956
  4.2725835 4.498659 ]
 [3.3550165 3.2696712 3.2120888 3.2053046 2.8147233 3.1101713 2.9396157
  3.137061  3.000837  3.047706  3.362492  3.544159  3.9342353 4.1210566
  3.505864  3.633745 ]
 [4.6652713 4.4065084 4.119881  3.6871514 2.6619055 3.6545517 3.2287986
  3.8396363 4.0334973 3.3983676 3.8795621 3.8190138 3.7032723 5.1512513
  3.754954  4.3466525]
 [4.6777143 4.788726  4.719067  4.213613  4.109387  3.6417868 3.0525224
  4.868593  4.6365466 3.2306755 4.830551  4.483468  4.153464  5.5209236
  4.621749  5.5864997]
 [4.6784077 5.9856057 4.9019465 4.4166856 4.2108755 4.407797  3.8088984
  5.1693716 4.1264253 4.136253  5.164179  4.4753304 4.2042603 5.493432
  4.3796344 5.0134063]]
Expected:
 [[4.5953426 4.684868  3.8538976 3.7711387 3.0940843 3.2610834 3.995504
  3.86138   4.2851715 3.5209131 3.5271177 3.8749437 3.6253486 5.2435513
  4.0480757 3.982758 ]
 [4.9279532 4.638498  4.649193  4.761886  3.8177066 4.4074726 3.9759383
  4.6863956 5.2942157 3.2406025 4.0129786 4.3247604 3.3886547 5.0672197
  3.7003698 4.376459 ]
 [3.8860507 4.740732  4.0693984 3.254654  3.2793074 3.9948769 3.5574365
  4.0243964 3.881176  2.5298152 3.1535544 3.490881  3.0605319 4.7125783
  3.354498  3.6842864]
 [5.3102946 5.646782  4.4583764 5.1119413 3.3994312 4.044638  4.170561
  5.0770516 5.030403  5.002903  4.918869  5.165522  4.285334  6.498988
  3.4684768 4.4202247]
 [4.9708724 5.1266336 5.0115223 5.0311737 4.0189366 4.7453365 3.5869923
  5.1376457 4.9143972 3.7194655 4.8112187 5.076921  4.2440763 5.617013
  4.0233464 4.981824 ]
 [4.1371207 4.247609  3.2083702 4.291974  3.3659234 3.7803884 3.603994
  3.8050704 3.9852002 3.903686  3.721899  4.060261  3.0613217 4.579507
  3.0422354 3.1172624]
 [6.624342  6.4428186 5.136961  5.57689   4.677236  4.8812227 4.8751173
  5.751412  6.137959  4.850059  5.6641803 5.385886  4.6548033 7.3343983
  5.158903  5.6504416]
 [4.6731596 4.586918  4.540445  4.2184033 3.9908412 4.491945  3.308436
  4.792868  4.7172275 2.8343294 4.0427294 4.217058  3.6108253 5.084776
  4.0844145 4.606127 ]
 [4.751098  5.858536  5.6211724 4.7512703 4.143116  4.784306  4.1221304
  5.793399  5.144257  3.1533856 4.652286  5.2585907 4.588608  5.8160653
  4.675606  5.908403 ]
 [4.4524674 4.825422  4.7118382 3.9529533 3.4884188 3.7691276 3.4497988
  4.6329446 4.5179057 3.170238  4.147589  4.2819715 3.7380874 5.540634
  3.6619544 4.5436573]
 [4.8780055 5.4314914 4.435218  4.191192  3.1609902 4.4932632 3.9814582
  4.4023886 4.127258  4.247839  4.571193  3.8431864 4.022374  5.2524376
  4.23893   4.605148 ]
 [4.681707  5.2261095 4.7582836 4.125541  4.167809  4.374389  4.012881
  4.5138288 4.7288613 3.229405  4.0639734 3.793206  3.5040479 5.0283184
  4.3696337 4.6054773]
 [3.6341596 3.5529864 3.2921145 3.5021133 2.886825  3.3860273 3.206159
  3.3236723 3.2895098 3.3204238 3.4261422 3.7699344 4.060932  4.3574104
  3.5882502 3.7244234]
 [5.4144206 5.166855  4.334651  4.4837117 2.8554091 4.3948784 3.9441342
  4.3404536 4.808221  4.130274  4.0503817 4.424938  4.043293  5.785565
  3.976058  4.5900106]
 [5.568577  5.692902  4.974463  5.1608534 4.3394947 4.5221567 3.9031734
  5.4641466 5.55782   4.1010323 5.033684  5.2040114 4.557804  6.2752266
  4.884677  5.8758917]
 [4.998068  6.3100443 4.9935875 4.756575  4.293443  4.723692  4.1141295
  5.3830686 4.456998  4.448555  5.237067  4.7338767 4.349346  5.7640915
  4.473978  5.117246 ]
 [5.078506  6.016956  5.139801  4.848007  4.31205   4.903375  4.339501
  5.254336  4.753363  3.9974704 4.6752315 5.2508817 4.50586   5.999947
  4.3528953 4.9306564]]
Difference:
 [[-0.54938126 -0.5575924  -0.15749884 -0.5841491  -0.14190412 -0.54291105
  -0.52458334 -0.36726904 -0.5681355  -0.53673553 -0.1252687  -0.44434857
  -0.24935055 -0.46516752 -0.16214418 -0.1784637 ]
 [-0.88199186 -0.51122236 -0.9527941  -1.5748966  -0.86552644 -1.6893003
  -0.50501776 -1.1922846  -1.5771797  -0.2564249  -0.6111295  -0.8941653
  -0.01265669 -0.288836    0.18556166 -0.5721648 ]
 [ 0.19406891 -0.96273947  0.33673477  0.60574317  0.31940627 -0.42525244
  -0.39106226  0.09521055  0.536263   -0.11753082  0.6661029   0.14813781
  -0.05668807 -0.36322927  0.09564209  0.41675782]
 [-1.6055062  -1.0900216  -0.44094276 -2.050021   -0.16694307 -0.22888875
  -0.78620505 -1.1738319  -1.3366773  -2.650178   -1.8066454  -1.8212492
  -1.3070726  -1.9398866  -0.16747689 -0.79482055]
 [-0.370121   -0.19999933 -0.7565608  -0.67367935 -0.8027787  -1.4018846
  -0.09394765 -0.5349331  -0.6177592   0.5902269  -0.05413866 -0.48528957
  -0.28078675  0.2811966  -0.76428413 -0.7920909 ]
 [ 0.26872683  0.30555534  1.6411681   0.13841677  0.5070691   0.4065776
  -0.5565226   0.9548483   0.34488368 -0.73623943  0.960484    0.5596585
   0.9263034   0.5590935   0.8143499   1.681016  ]
 [-3.3181403  -3.0385475  -2.1668024  -2.16842    -1.5259366  -1.9219668
  -2.0645366  -2.501822   -3.012043   -1.7581651  -2.131746   -1.9976861
  -1.9706156  -3.45844    -2.3619049  -2.803099  ]
 [-0.33256865 -0.3375392  -0.09534216 -0.35361505 -0.0859015  -0.32865143
  -0.3175571  -0.22232676 -0.34392118 -0.32491326 -0.07583141 -0.26898694
  -0.15094471 -0.2815895  -0.09815407 -0.10803318]
 [-0.66713667 -0.67710733 -0.19125748 -0.7093568  -0.17231941 -0.65927935
  -0.6370237  -0.4459901  -0.6899109  -0.6517801  -0.15211916 -0.53959084
  -0.30279684 -0.56487226 -0.19689846 -0.21671581]
 [-0.36850595  0.35600662  0.7180767   0.08896017  0.48237777  0.3558991
   0.03530788  0.7144642  -0.06355953 -0.6686325   0.3525777   0.4370284
   0.54772353 -0.2894411   0.8167529   1.1480298 ]
 [-0.5401826  -0.72242785  0.24375343 -0.3601389   0.29781628 -0.83743
  -0.64112926  0.15391445  0.27208948 -1.1896067  -0.44974518  0.34605885
  -0.33632112  0.1911254  -0.61081195 -0.09873247]
 [-0.01620579 -0.01029873 -0.38398743 -0.16030216 -1.061708   -0.09112787
  -0.23433518 -0.25350237 -0.8213625   0.81082106  0.45876503 -0.12189674
   0.42187572  0.04418898 -0.19342184 -0.06936073]
 [ 0.718719    1.33938     1.3718994   0.27378964  1.1960487   0.6634064
   0.49273586  0.97033024  1.099298   -0.41227818  0.5628524  -0.24269009
  -0.70613146  0.39248514  0.6843333   0.7742357 ]
 [-2.0594041  -1.8971837  -1.1225622  -1.2784071  -0.04068589 -1.2847071
  -1.0045185  -1.2033925  -1.8073838  -1.0825679  -0.6878896  -0.88077927
  -0.10905766 -1.6645083  -0.4701941  -0.9562657 ]
 [-0.90330553 -1.2863936  -0.85458183 -1.473702   -1.6775892  -0.867605
  -0.6743748  -1.6245103  -1.5243225  -0.7026646  -1.1541216  -1.3849976
  -0.85453176 -1.1239753  -1.1297228  -1.5292392 ]
 [-0.3203535  -1.5213184  -0.2745204  -0.5429621  -0.18405628 -1.0819051
  -1.0616071  -0.51447535  0.17954874 -1.2178795  -0.40651608 -0.25040865
  -0.19588232 -0.24316788  0.14777088  0.46925354]
 [-0.40009832 -0.03135014 -0.23785448 -0.43132162 -0.10117435 -0.4955783
  -0.53060246 -0.08496428 -0.62693787  0.1387825   0.4889474  -0.7755513
  -0.3015995  -0.506515    0.02673912  0.08274984]]

FAILED! Dimensions:  (17, 17, 16)  Method:  CudaSharedMemory
Result:
 [[5.32266   4.072759  4.4526114 3.1180868 4.8686495 4.1605506 4.2280827
  2.1361659 4.538981  4.576133  4.8638787 4.7770863 4.3228793 3.5326896
  5.5452423 4.004842  5.32266  ]
 [3.8395724 2.948356  3.191486  2.098923  4.0235243 3.8645878 3.9162772
  1.9133308 2.8831434 3.7415855 3.519836  4.525389  3.3943005 3.7962
  4.1707897 3.7731316 3.8395724]
 [3.7706735 3.08175   3.0739188 2.4843652 3.4953327 3.5586836 3.6625051
  1.9785768 3.3797555 3.7769487 3.1359718 3.8673007 3.6376064 2.9229305
  4.2697644 2.711823  3.7706735]
 [3.08175   3.0739188 2.4843652 3.4953327 3.5586836 3.6625051 1.9785768
  3.3797555 3.7769487 3.1359718 3.8673007 3.6376064 2.9229305 4.2697644
  2.711823  4.2401643 5.7309875]
 [4.8206053 3.1931221 3.7185628 2.4318511 4.1920357 4.1259694 3.365096
  2.417783  3.3460152 4.366019  3.8405406 4.2288575 3.5569475 3.4366295
  5.1058493 3.601755  4.8206053]
 [5.616809  3.6384475 4.020931  2.9472988 5.2860007 4.6826596 4.383522
  2.685377  3.7896757 4.6993833 3.6732883 4.5798583 4.835077  4.415167
  4.934809  3.797117  5.616809 ]
 [5.21015   4.3309097 4.653999  3.393499  4.5945497 4.55064   4.2455096
  2.4802983 4.0139537 4.365421  4.286032  4.7801576 4.7639146 3.0487854
  5.4025693 3.640582  5.21015  ]
 [4.3309097 4.653999  3.393499  4.5945497 4.55064   4.2455096 2.4802983
  4.0139537 4.365421  4.286032  4.7801576 4.7639146 3.0487854 5.4025693
  3.640582  3.518812  4.987319 ]
 [4.0358257 2.7359614 2.0643675 2.155291  3.578939  3.258748  3.7170234
  1.6480541 2.6830175 3.3095198 2.9269605 3.810654  3.1673348 3.2584953
  3.3873007 2.9517121 4.0358257]
 [5.5668373 3.7014303 4.2358146 3.0431511 4.438344  4.407912  4.1114264
  2.653738  3.757224  5.081309  4.328807  5.9417915 4.356694  3.7248025
  5.3358626 4.3233027 5.5668373]
 [4.2969346 3.4229279 3.11099   2.4958231 4.040431  3.914447  4.1712565
  1.8229122 3.4186819 4.1689215 3.5149412 4.024194  3.6430004 3.0077982
  4.36789   2.9703484 4.2969346]
 [3.4229279 3.11099   2.4958231 4.040431  3.914447  4.1712565 1.8229122
  3.4186819 4.1689215 3.5149412 4.024194  3.6430004 3.0077982 4.36789
  2.9703484 4.5429854 6.207668 ]
 [4.9129453 3.0611935 3.6050825 2.3538153 4.6989045 3.7052107 3.6804655
  2.3024304 3.260803  4.525346  3.438262  4.5669436 4.1628437 3.8489707
  3.920128  4.3141146 4.9129453]
 [5.545563  3.6022828 4.287601  3.245699  4.356887  3.9757648 3.6210403
  2.8680136 3.8155422 5.2840157 3.7869093 4.5379643 4.8161182 3.225939
  4.250367  4.6509557 5.545563 ]
 [5.9554877 3.8216162 3.9128203 3.1807845 4.822124  4.106996  3.6716049
  2.350686  3.6278152 4.8521066 4.258582  4.8681216 4.0556893 3.7423484
  4.9996057 4.208499  5.9554877]
 [3.8216162 4.102072  4.350446  2.8233767 4.8348646 4.467992  4.6084385
  2.0288417 3.9888506 4.175411  5.177779  5.3160834 4.057914  3.5657563
  5.68642   4.0388036 5.060755 ]
 [5.32266   4.072759  4.4526114 3.1180868 4.8686495 4.1605506 4.2280827
  2.1361659 4.538981  4.576133  4.8638787 4.7770863 4.3228793 3.5326896
  5.5452423 4.004842  5.32266  ]]
Expected:
 [[5.3226595 4.0727587 4.4526114 3.1180866 4.8686495 4.1605506 4.2280827
  2.1361656 4.538981  4.576133  4.8638783 4.7770867 4.3228793 3.5326896
  5.5452414 4.004842  3.8063548]
 [3.8395724 2.948356  3.191486  2.098923  4.023524  3.8645878 3.9162774
  1.9133307 2.8831434 3.7415853 3.5198357 4.5253897 3.3943005 3.7961998
  4.1707897 3.7731316 3.364368 ]
 [3.7706742 3.08175   3.0739188 2.4843655 3.4953322 3.558684  3.662505
  1.9785768 3.3797553 3.7769494 3.135972  3.8673005 3.6376064 2.9229307
  4.269765  2.711823  3.2114851]
 [5.7309885 4.0418253 4.570347  2.8173318 5.0551357 4.7674212 3.997621
  2.584526  3.31218   4.9474373 4.62628   5.4406986 4.5523357 3.5434546
  5.42527   4.2401643 4.128193 ]
 [4.8206043 3.193122  3.718563  2.4318514 4.1920347 4.1259694 3.3650963
  2.417783  3.346015  4.366019  3.8405404 4.228858  3.5569475 3.4366295
  5.1058493 3.601755  3.640999 ]
 [5.616809  3.6384478 4.020931  2.9472985 5.2860017 4.68266   4.383522
  2.685377  3.7896757 4.6993833 3.6732886 4.579858  4.8350763 4.415167
  4.9348087 3.7971172 4.1998067]
 [5.21015   4.3309097 4.653999  3.393499  4.5945497 4.55064   4.2455096
  2.4802983 4.0139537 4.365421  4.286032  4.7801576 4.7639146 3.0487854
  5.4025693 3.640582  3.618906 ]
 [4.987319  2.9037447 3.2252269 2.4395561 4.910936  3.7155108 3.92551
  2.248528  3.3554318 4.461073  3.452258  3.9898243 3.7865155 4.2497773
  4.250374  3.518812  3.8853614]
 [4.0358257 2.7359614 2.0643675 2.155291  3.578939  3.258748  3.7170234
  1.6480541 2.6830175 3.3095198 2.9269605 3.810654  3.1673348 3.2584953
  3.3873007 2.9517121 3.0879185]
 [5.5668373 3.7014303 4.2358146 3.0431511 4.438344  4.407912  4.1114264
  2.653738  3.757224  5.081309  4.328807  5.9417915 4.356694  3.7248025
  5.3358626 4.3233027 4.2033463]
 [4.2969346 3.4229279 3.11099   2.4958231 4.040431  3.914447  4.1712565
  1.8229122 3.4186819 4.1689215 3.5149412 4.024194  3.6430004 3.0077982
  4.36789   2.9703484 3.605175 ]
 [6.207668  4.44173   4.5004654 3.379787  5.82021   5.0858173 5.3231626
  2.5150173 4.55586   5.601864  5.0819106 5.7713094 5.158929  4.560013
  5.684147  4.5429854 4.7218723]
 [4.912945  3.0611935 3.6050828 2.353815  4.698905  3.7052107 3.6804652
  2.3024304 3.2608032 4.525346  3.438262  4.5669436 4.1628437 3.8489704
  3.9201283 4.3141146 4.3664384]
 [5.5455627 3.602283  4.2876015 3.2456987 4.356887  3.9757648 3.6210399
  2.8680139 3.8155422 5.2840157 3.7869096 4.5379643 4.8161182 3.225939
  4.250367  4.6509557 4.5478654]
 [5.955488  3.8216157 3.91282   3.1807842 4.822123  4.106996  3.671605
  2.350686  3.6278152 4.852106  4.2585826 4.8681216 4.055689  3.7423487
  4.999605  4.208499  3.8046572]
 [5.0607553 4.102072  4.350446  2.8233764 4.8348646 4.4679923 4.6084385
  2.028842  3.9888506 4.175411  5.1777787 5.3160834 4.057914  3.5657563
  5.6864204 4.038804  3.5356956]
 [6.3437467 4.7581525 4.6770945 3.7731366 5.758185  5.3253994 5.1492887
  2.969846  4.603408  5.6544056 4.8616223 5.260453  5.3572474 4.198713
  6.1639476 4.1813407 4.6993866]]
Difference:
 [[ 4.7683716e-07  4.7683716e-07  0.0000000e+00  2.3841858e-07
   0.0000000e+00  0.0000000e+00  0.0000000e+00  2.3841858e-07
   0.0000000e+00  0.0000000e+00  4.7683716e-07 -4.7683716e-07
   0.0000000e+00  0.0000000e+00  9.5367432e-07  0.0000000e+00
   1.5163052e+00]
 [ 0.0000000e+00  0.0000000e+00  0.0000000e+00  0.0000000e+00
   4.7683716e-07  0.0000000e+00 -2.3841858e-07  1.1920929e-07
   0.0000000e+00  2.3841858e-07  2.3841858e-07 -4.7683716e-07
   0.0000000e+00  2.3841858e-07  0.0000000e+00  0.0000000e+00
   4.7520447e-01]
 [-7.1525574e-07  0.0000000e+00  0.0000000e+00 -2.3841858e-07
   4.7683716e-07 -4.7683716e-07  2.3841858e-07  0.0000000e+00
   2.3841858e-07 -7.1525574e-07 -2.3841858e-07  2.3841858e-07
   0.0000000e+00 -2.3841858e-07 -4.7683716e-07  0.0000000e+00
   5.5918837e-01]
 [-2.6492386e+00 -9.6790648e-01 -2.0859816e+00  6.7800093e-01
  -1.4964521e+00 -1.1049161e+00 -2.0190444e+00  7.9522943e-01
   4.6476865e-01 -1.8114655e+00 -7.5897908e-01 -1.8030922e+00
  -1.6294053e+00  7.2630978e-01 -2.7134471e+00  0.0000000e+00
   1.6027946e+00]
 [ 9.5367432e-07  2.3841858e-07 -2.3841858e-07 -2.3841858e-07
   9.5367432e-07  0.0000000e+00 -2.3841858e-07  0.0000000e+00
   2.3841858e-07  0.0000000e+00  2.3841858e-07 -4.7683716e-07
   0.0000000e+00  0.0000000e+00  0.0000000e+00  0.0000000e+00
   1.1796062e+00]
 [ 0.0000000e+00 -2.3841858e-07  0.0000000e+00  2.3841858e-07
  -9.5367432e-07 -4.7683716e-07  0.0000000e+00  0.0000000e+00
   0.0000000e+00  0.0000000e+00 -2.3841858e-07  4.7683716e-07
   4.7683716e-07  0.0000000e+00  4.7683716e-07 -2.3841858e-07
   1.4170022e+00]
 [ 0.0000000e+00  0.0000000e+00  0.0000000e+00  0.0000000e+00
   0.0000000e+00  0.0000000e+00  0.0000000e+00  0.0000000e+00
   0.0000000e+00  0.0000000e+00  0.0000000e+00  0.0000000e+00
   0.0000000e+00  0.0000000e+00  0.0000000e+00  0.0000000e+00
   1.5912437e+00]
 [-6.5640926e-01  1.7502542e+00  1.6827202e-01  2.1549935e+00
  -3.6029577e-01  5.2999878e-01 -1.4452116e+00  1.7654257e+00
   1.0099890e+00 -1.7504072e-01  1.3278995e+00  7.7409029e-01
  -7.3773003e-01  1.1527920e+00 -6.0979176e-01  0.0000000e+00
   1.1019576e+00]
 [ 0.0000000e+00  0.0000000e+00  0.0000000e+00  0.0000000e+00
   0.0000000e+00  0.0000000e+00  0.0000000e+00  0.0000000e+00
   0.0000000e+00  0.0000000e+00  0.0000000e+00  0.0000000e+00
   0.0000000e+00  0.0000000e+00  0.0000000e+00  0.0000000e+00
   9.4790721e-01]
 [ 0.0000000e+00  0.0000000e+00  0.0000000e+00  0.0000000e+00
   0.0000000e+00  0.0000000e+00  0.0000000e+00  0.0000000e+00
   0.0000000e+00  0.0000000e+00  0.0000000e+00  0.0000000e+00
   0.0000000e+00  0.0000000e+00  0.0000000e+00  0.0000000e+00
   1.3634911e+00]
 [ 0.0000000e+00  0.0000000e+00  0.0000000e+00  0.0000000e+00
   0.0000000e+00  0.0000000e+00  0.0000000e+00  0.0000000e+00
   0.0000000e+00  0.0000000e+00  0.0000000e+00  0.0000000e+00
   0.0000000e+00  0.0000000e+00  0.0000000e+00  0.0000000e+00
   6.9175959e-01]
 [-2.7847400e+00 -1.3307400e+00 -2.0046422e+00  6.6064405e-01
  -1.9057629e+00 -9.1456079e-01 -3.5002503e+00  9.0366459e-01
  -3.8693857e-01 -2.0869226e+00 -1.0577168e+00 -2.1283090e+00
  -2.1511307e+00 -1.9212294e-01 -2.7137985e+00  0.0000000e+00
   1.4857955e+00]
 [ 4.7683716e-07  0.0000000e+00 -2.3841858e-07  2.3841858e-07
  -4.7683716e-07  0.0000000e+00  2.3841858e-07  0.0000000e+00
  -2.3841858e-07  0.0000000e+00  0.0000000e+00  0.0000000e+00
   0.0000000e+00  2.3841858e-07 -2.3841858e-07  0.0000000e+00
   5.4650688e-01]
 [ 4.7683716e-07 -2.3841858e-07 -4.7683716e-07  2.3841858e-07
   0.0000000e+00  0.0000000e+00  4.7683716e-07 -2.3841858e-07
   0.0000000e+00  0.0000000e+00 -2.3841858e-07  0.0000000e+00
   0.0000000e+00  0.0000000e+00  0.0000000e+00  0.0000000e+00
   9.9769783e-01]
 [-4.7683716e-07  4.7683716e-07  2.3841858e-07  2.3841858e-07
   9.5367432e-07  0.0000000e+00 -2.3841858e-07  0.0000000e+00
   0.0000000e+00  4.7683716e-07 -4.7683716e-07  0.0000000e+00
   4.7683716e-07 -2.3841858e-07  4.7683716e-07  0.0000000e+00
   2.1508305e+00]
 [-1.2391391e+00  0.0000000e+00  0.0000000e+00  2.3841858e-07
   0.0000000e+00 -4.7683716e-07  0.0000000e+00 -2.3841858e-07
   0.0000000e+00  0.0000000e+00  4.7683716e-07  0.0000000e+00
   0.0000000e+00  0.0000000e+00 -4.7683716e-07 -4.7683716e-07
   1.5250592e+00]
 [-1.0210867e+00 -6.8539333e-01 -2.2448301e-01 -6.5504980e-01
  -8.8953543e-01 -1.1648488e+00 -9.2120600e-01 -8.3368015e-01
  -6.4426899e-02 -1.0782728e+00  2.2563934e-03 -4.8336697e-01
  -1.0343680e+00 -6.6602325e-01 -6.1870527e-01 -1.7649889e-01
   6.2327337e-01]]

FAILED! Dimensions:  (17, 17, 17)  Method:  CudaSharedMemory
Result:
 [[3.458746  2.5616045 3.6175206 4.8927712 3.596439  4.15193   4.152811
  3.9750016 3.7118244 3.8028305 4.123585  4.0134645 3.4959545 4.7608643
  4.3909616 3.3923936 3.458746 ]
 [2.5616045 3.6175206 4.8927712 3.596439  4.15193   4.152811  3.9750016
  3.7118244 3.8028305 4.123585  4.0134645 3.4959545 4.7608643 4.3909616
  3.3923936 3.7633793 3.4299762]
 [3.3801441 3.871707  4.729586  4.6847954 4.3432484 4.639052  3.9024537
  3.6008859 3.9893322 3.5449164 4.7428465 3.2237082 3.9881966 4.3966327
  3.7633793 3.1544425 3.0238116]
 [2.3087652 2.827827  4.104253  3.5355215 4.603024  4.722437  3.859474
  3.2934062 2.9923692 3.2738137 3.5229368 3.2699828 3.864432  3.572149
  3.1544425 2.576717  2.9803596]
 [2.6848035 2.3242154 4.312239  3.2726102 3.944201  4.0721917 3.364862
  2.6936886 2.7856216 3.2246594 4.3141437 3.1895301 3.4237096 3.6084664
  2.576717  3.6702933 3.677242 ]
 [3.3567874 4.356514  5.543284  4.763981  5.0313826 5.820082  3.4198265
  3.6600475 4.072276  4.916768  5.127424  3.8444085 4.405686  4.809057
  3.6702933 3.4318914 2.9580789]
 [3.080282  3.5800142 4.9529057 4.399133  4.837799  5.0894766 3.7939057
  3.2520652 3.7356114 4.084692  4.370615  3.3853116 3.7859879 4.833641
  3.4318914 3.6975658 3.8328743]
 [3.0888402 3.7853806 5.4596953 4.200181  5.266864  5.143722  4.2173157
  4.1140604 3.8123703 2.8847632 3.2739756 3.2282517 2.5056424 3.0888238
  3.252115  2.5739474 2.2200625]
 [2.1058054 2.8517766 3.6031857 2.7047997 3.32123   3.652739  2.8403518
  2.852106  2.8847632 3.2739756 3.2282517 2.5056424 3.0888238 3.252115
  2.5739474 4.448677  3.607581 ]
 [3.3978093 3.9519386 6.01265   4.7180433 5.5477924 5.3071046 4.4972973
  4.2838707 4.3766823 4.837692  5.108426  3.6624448 4.438421  4.5979643
  4.448677  4.7888947 4.2471   ]
 [3.8229983 5.184046  6.764754  5.373018  6.160282  6.221333  4.9953613
  4.773577  4.911134  5.373203  5.959642  4.593946  6.0896974 5.8458924
  4.7888947 3.707521  2.5131667]
 [2.0260386 3.1640737 4.257367  3.906781  3.6319304 2.9351766 3.4881794
  2.9942825 3.0144148 3.6565533 3.7626228 2.6962929 3.7105262 3.5171456
  3.707521  4.2248425 2.8444915]
 [2.5643713 3.5576253 4.924357  4.367871  4.5024514 4.082143  3.9337308
  3.648219  3.3694842 3.7431583 4.679829  2.8542826 3.5728302 3.8167844
  4.2248425 3.760322  3.3925214]
 [3.5077736 3.5702944 4.936623  4.2592416 3.8614557 4.446286  3.5624137
  3.1318247 4.0027213 4.220865  4.554102  3.1022377 4.13792   4.363665
  3.760322  3.6885204 3.5562613]
 [3.1854167 3.483403  5.141672  4.041203  4.8826876 4.7697334 4.254909
  3.8058622 3.8388398 4.6362123 4.501684  3.5704865 4.4876223 4.32386
  3.6885204 3.8764687 3.5750108]
 [3.5777512 3.7794795 5.073539  4.6263685 4.1829534 4.4078875 3.4175081
  3.39425   3.8989904 4.1150007 4.894616  2.5287726 3.655196  4.357387
  3.8764687 4.3714557 3.5173526]
 [3.0517845 2.5616045 3.6175206 4.8927712 3.596439  4.15193   4.152811
  3.9750016 3.7118244 3.8028305 4.123585  4.0134645 3.4959545 4.7608643
  4.3909616 3.3923936 3.458746 ]]
Expected:
 [[3.1623454 2.745654  3.9755797 5.0240493 3.7167158 4.26713   4.4597383
  4.222824  3.974745  4.154847  4.4573827 4.2536325 3.608357  4.8983936
  4.4602556 3.7407315 4.5447407]
 [3.4559453 3.4207854 3.9507723 4.7585754 4.711355  4.368687  4.7068267
  3.9571772 3.6589437 4.0670633 3.618625  4.7958794 3.2485285 4.018565
  4.4119334 3.8402987 4.573734 ]
 [3.0799122 2.39656   2.9986277 4.166875  3.592895  4.6579766 4.868847
  3.9776897 3.4188242 3.1602879 3.4330416 3.6375017 3.3236012 3.930036
  3.6052039 3.320606  4.991435 ]
 [3.052823  2.798206  2.5448356 4.3931265 3.34672   4.0151825 4.261306
  3.5175593 2.8556886 3.0025187 3.4303308 4.462125  3.2587867 3.5084481
  3.6511626 2.7913465 3.9769673]
 [3.8293252 3.594793  4.8195415 5.713047  4.919518  5.180356  6.216989
  3.7403007 4.0000463 4.5274897 5.348422  5.4379997 3.9897625 4.5835333
  4.8986654 4.1207495 4.584959 ]
 [3.2518976 3.5400982 4.4745646 5.2808824 4.699625  5.1256084 5.856282
  4.413048  3.9089274 4.6150646 4.9186296 4.9706345 3.66613   4.1295815
  5.006761  4.302154  5.0444026]
 [3.9419744 3.2595785 4.1175437 5.581479  4.311759  5.3737326 5.428451
  4.4472146 4.3579655 4.1389275 5.0955815 5.747664  4.007719  4.55299
  4.602664  4.02071   4.9068847]
 [2.4381967 2.4471786 3.5159016 3.8466794 2.9278882 3.5349033 4.2220244
  3.3000104 3.339769  3.5376801 3.8931007 3.673713  2.7141252 3.3439116
  3.3806407 3.220041  3.4546316]
 [3.7677298 3.648437  4.4395227 6.191417  4.8818293 5.704666  5.72506
  4.8347673 4.6419005 4.8560376 5.292238  5.435473  3.8155077 4.6257
  4.6923246 4.923023  5.7292547]
 [4.413624  4.0836034 5.6910405 6.9506373 5.543324  6.323401  6.655927
  5.346266  5.14586   5.409572  5.8458443 6.2997084 4.7531023 6.284432
  5.9440093 5.282124  6.142132 ]
 [2.5390778 2.0665884 3.2429614 4.28629   3.9332805 3.6573114 3.0027988
  3.5427797 3.0522091 3.0919712 3.7300956 3.8155367 2.7210574 3.7408266
  3.5324125 3.7842667 3.881314 ]
 [2.959036  2.7436297 3.9063637 5.052218  4.485017  4.614653  4.38108
  4.175102  3.9042954 3.712337  4.068267  4.9137454 2.963759  3.7067792
  3.8842745 4.5641127 4.749144 ]
 [3.7064848 3.9991167 4.5261784 5.2870865 4.5803356 4.1689982 5.2656665
  4.2240067 3.833724  4.9424734 5.1119795 5.1952605 3.40231   4.5050707
  4.548654  4.690253  4.2400928]
 [3.604456  3.2608397 3.630134  5.195469  4.0904922 4.9298964 4.8955107
  4.3564663 3.913607  3.9830956 4.773002  4.6001043 3.6165485 4.5439816
  4.3522563 3.8312683 4.912982 ]
 [3.8314216 3.9790258 4.56014   5.3597584 4.8886027 4.4341207 5.0770664
  3.9578238 3.967484  4.666476  4.842765  5.4182434 2.7738385 3.9550443
  4.508466  4.635934  4.524074 ]
 [3.602929  2.9648843 3.8511758 5.2107964 4.5420923 4.8806677 4.7586875
  4.934606  4.4554453 3.8854256 5.6753283 5.4967227 3.7060452 4.542767
  4.4613504 4.6249275 5.1389756]
 [2.969203  3.1274648 3.875926  4.747111  4.2485676 4.6950593 4.646507
  3.0686939 3.394138  3.8500202 3.944176  4.1366267 2.9808996 3.7864046
  3.6110957 3.9623086 4.4402966]]
Difference:
 [[ 0.29640055 -0.1840496  -0.35805917 -0.13127804 -0.12027693 -0.11520004
  -0.3069272  -0.24782252 -0.26292062 -0.3520167  -0.33379745 -0.2401681
  -0.11240244 -0.13752937 -0.06929398 -0.3483379  -1.0859947 ]
 [-0.89434075  0.19673514  0.94199896 -1.1621366  -0.55942535 -0.2158761
  -0.7318251  -0.24535275  0.1438868   0.05652189  0.39483953 -1.2999249
   1.5123358   0.37239647 -1.0195398  -0.07691932 -1.1437576 ]
 [ 0.30023193  1.475147    1.7309585   0.5179205   0.75035334 -0.01892471
  -0.96639323 -0.37680387  0.570508    0.38462853  1.3098049  -0.41379356
   0.66459537  0.4665966   0.15817547 -0.16616344 -1.9676235 ]
 [-0.7440579   0.02962089  1.5594172  -0.857605    1.256304    0.7072544
  -0.40183187 -0.22415304  0.1366806   0.27129507  0.09260607 -1.192142
   0.6056454   0.06370091 -0.49672008 -0.21462965 -0.9966078 ]
 [-1.1445217  -1.2705777  -0.5073023  -2.4404368  -0.975317   -1.1081643
  -2.852127   -1.046612   -1.2144246  -1.3028302  -1.0342784  -2.2484696
  -0.5660529  -0.9750669  -2.3219485  -0.45045614 -0.907717  ]
 [ 0.10488987  0.8164158   1.0687194  -0.5169015   0.33175755  0.69447374
  -2.4364557  -0.75300026  0.16334867  0.30170345  0.20879412 -1.126226
   0.73955584  0.6794758  -1.3364677  -0.8702626  -2.0863237 ]
 [-0.8616924   0.32043576  0.83536196 -1.1823459   0.5260401  -0.28425598
  -1.6345453  -1.1951494  -0.62235403 -0.05423546 -0.7249665  -2.3623524
  -0.22173119  0.2806511  -1.1707726  -0.3231442  -1.0740104 ]
 [ 0.6506436   1.338202    1.9437938   0.35350156  2.3389757   1.6088188
  -0.00470877  0.81404996  0.4726014  -0.6529169  -0.6191251  -0.44546127
  -0.20848274 -0.25508785 -0.12852573 -0.6460936  -1.2345691 ]
 [-1.6619244  -0.7966604  -0.8363371  -3.4866176  -1.5605993  -2.051927
  -2.8847082  -1.9826612  -1.7571373  -1.582062   -2.0639865  -2.9298306
  -0.72668386 -1.373585   -2.1183772  -0.47434616 -2.1216738 ]
 [-1.0158145  -0.13166475  0.3216095  -2.232594    0.00446844 -1.0162964
  -2.15863    -1.0623951  -0.7691779  -0.57188034 -0.7374182  -2.6372635
  -0.31468153 -1.6864676  -1.4953322  -0.4932294  -1.8950319 ]
 [ 1.2839205   3.1174574   3.5217924   1.0867276   2.2270017   2.5640216
   1.9925625   1.2307975   1.8589246   2.2812316   2.2295463   0.77840924
   3.36864     2.1050658   1.2564821  -0.07674575 -1.3681474 ]
 [-0.93299747  0.420444    0.3510034  -1.145437   -0.8530865  -1.6794765
  -0.8929007  -1.1808197  -0.88988066 -0.05578375 -0.30564404 -2.2174525
   0.7467673  -0.18963361 -0.17675352 -0.3392701  -1.9046526 ]
 [-1.1421134  -0.44149137  0.39817858 -0.9192157  -0.0778842  -0.08685541
  -1.3319356  -0.57578754 -0.46423984 -1.1993151  -0.43215036 -2.340978
   0.1705203  -0.6882863  -0.32381153 -0.9299307  -0.8475714 ]
 [-0.09668231  0.30945468  1.306489   -0.9362273  -0.22903657 -0.48361015
  -1.333097   -1.2246416   0.08911443  0.23776913 -0.2189002  -1.4978666
   0.52137136 -0.18031645 -0.5919342  -0.14274788 -1.3567207 ]
 [-0.6460049  -0.49562287  0.581532   -1.3185554  -0.00591516  0.33561277
  -0.8221574  -0.15196157 -0.12864423 -0.03026342 -0.34108067 -1.8477569
   1.7137837   0.3688159  -0.81994534 -0.7594652  -0.9490633 ]
 [-0.02517796  0.8145952   1.222363   -0.58442783 -0.35913897 -0.47278023
  -1.3411794  -1.5403562  -0.5564549   0.22957516 -0.7807121  -2.96795
  -0.0508492  -0.18537998 -0.5848818  -0.25347185 -1.621623  ]
 [ 0.08258152 -0.5658603  -0.25840545  0.1456604  -0.6521287  -0.54312944
  -0.49369574  0.9063077   0.31768632 -0.04718971  0.17940927 -0.12316227
   0.51505494  0.97445965  0.779866   -0.56991506 -0.9815507 ]]

Method: CudaSharedMemory          , dims: (16, 16, 16)        , pass(1)/fail(0): 1,	 time (s): 0.0007135868072509766

Method: CudaSharedMemory          , dims: (16, 16, 17)        , pass(1)/fail(0): 0,	 time (s): 0.00052642822265625

Method: CudaSharedMemory          , dims: (16, 17, 16)        , pass(1)/fail(0): 0,	 time (s): 0.0006771087646484375

Method: CudaSharedMemory          , dims: (16, 17, 17)        , pass(1)/fail(0): 0,	 time (s): 0.0006535053253173828

Method: CudaSharedMemory          , dims: (17, 16, 16)        , pass(1)/fail(0): 0,	 time (s): 0.0006108283996582031

Method: CudaSharedMemory          , dims: (17, 16, 17)        , pass(1)/fail(0): 0,	 time (s): 0.0006973743438720703

Method: CudaSharedMemory          , dims: (17, 17, 16)        , pass(1)/fail(0): 0,	 time (s): 0.000667572021484375

Method: CudaSharedMemory          , dims: (17, 17, 17)        , pass(1)/fail(0): 0,	 time (s): 0.0006527900695800781

