Device name: b'Tesla K80'
Compute capability: (3, 7)
Total global memory (GB): 11.173095703125
Free global memory (GB): 11.115966796875
Used global memory (GB): 0.05712890625
Max threads per block: 1024
Max block dimensions: x=1024, y=1024, z=64
Max grid dimensions: x=2147483647, y=65535, z=65535
Max shared memory per block (KB): 48.0
FAILED! Dimensions:  (16, 16, 17)  Method:  CudaSharedMemory
Result:
 [[ 4.07734442  3.3964994   3.46727395  2.88849425  3.20847225  3.97882986
   2.98953223  4.15753174  3.29496241  4.841115    2.85071468  3.82973766
   3.61981392  4.33380032  3.87320232  3.196908  ]
 [ 5.88267231  4.90921116  4.80010605  4.65633631  3.70730186  4.19431877
   3.97881579  4.61738253  3.62898779  5.36101246  3.73176003  4.23549461
   4.33696985  5.42883444  4.11385059  3.76257348]
 [ 3.7841053   3.53287506  2.68267155  3.10206127  3.56634164  4.47060776
   2.93746185  3.78928423  3.06279469  3.31574416  2.56711698  3.3039968
   2.86660743  4.00517845  4.06745195  3.34764242]
 [ 4.22672701  3.39689255  3.53096151  3.20332956  2.60842705  3.83147788
   3.07375312  3.54210687  2.46785831  4.30025244  2.21806812  3.15160704
   3.68319154  4.30446434  4.10445738  3.04763722]
 [ 5.78889227  4.74915409  5.67190456  4.1322937   3.84532166  4.66967201
   3.90644884  4.66440201  3.81847763  6.31881189  3.61329818  4.81961536
   4.6846714   6.05461454  4.35524273  4.61921406]
 [ 4.83996344  3.67695117  4.42797756  3.4765377   3.71550918  3.11297822
   3.8872385   4.89456511  3.66401362  5.01875401  3.10048914  4.400774
   3.87395883  4.445889    3.11328769  3.35845971]
 [ 4.30667019  3.34110355  4.03576994  2.53816891  3.92950368  5.03642893
   2.82375193  4.62846661  3.62915993  4.98529148  3.00839043  3.84152937
   3.49328589  5.039042    3.77618432  4.38730526]
 [ 5.48000813  3.85333514  4.23390007  3.7021234   3.91579127  3.78261971
   2.84087586  4.53152943  3.49284267  4.35702229  3.74952698  3.68448186
   3.98493314  4.83058119  3.4091363   4.04245234]
 [ 3.48831058  2.63367295  3.34572601  2.13471293  2.82294846  3.5117898
   2.60605502  3.46425724  2.93277574  4.3791337   2.18716502  3.10637426
   3.10916615  3.66485476  3.01633     3.17537808]
 [ 4.83747768  3.93909121  4.99743938  3.47182465  3.15317607  4.59797525
   3.2284677   4.43621254  3.34865689  4.47032356  2.7978003   3.28097367
   4.33065033  5.41332483  4.08082438  3.85436964]
 [ 4.93784523  3.84764814  4.01548243  3.0929029   3.29357743  3.69325328
   3.18966985  4.17615414  3.01528454  5.14599276  2.95183253  3.50599313
   4.08678722  5.23327541  3.60347033  3.69704914]
 [ 3.47520185  2.82680702  3.30875492  2.75138116  2.38132262  3.39181542
   2.39450669  3.80627584  2.73852515  4.33905649  2.51106882  3.49516273
   2.78204703  3.77002645  3.17320108  2.59833288]
 [ 5.37427425  3.85482407  4.95910788  3.34841704  4.4738102   5.12807178
   3.80468702  5.18920231  4.18593073  6.25540829  3.50361872  4.70921659
   4.45966196  5.88196564  4.4256382   4.9007659 ]
 [ 3.9055171   3.47633457  3.84081364  2.51263618  2.99310088  3.67592072
   3.15006399  4.28197765  3.20472574  4.54543591  2.71372294  3.36759472
   3.49994349  4.41148376  3.01631021  3.4236021 ]
 [ 5.28726196  3.50290346  4.42581034  2.78154111  3.88373542  4.10997725
   3.4222703   4.45307159  3.64898705  4.90128565  2.91782331  3.70919394
   4.36429262  5.11661196  3.62219477  4.21283293]
 [ 5.19795656  3.76628256  4.59695625  3.10448813  4.6259861   4.82465458
   3.45606542  4.66762781  3.96440649  4.75036478  2.95194364  3.96652269
   4.34366131  5.46646786  4.19059372  4.55143499]]
Expected:
 [[ 4.23028326  3.4364922   3.58314848  2.92382836  3.31475496  4.16627407
   3.00992417  4.17198753  3.40601444  4.96236897  3.00811005  3.83499193
   3.76134205  4.43359661  3.93173289  3.35540891]
 [ 6.43815708  5.05446815  5.22097111  4.78467226  4.09332848  4.87513065
   4.05288029  4.66988659  4.03233671  5.80141544  4.30343151  4.25457907
   4.8510108   5.79130268  4.32643843  4.33826017]
 [ 4.12381124  3.62170696  2.94005132  3.18054509  3.80241561  4.88695717
   2.9827559   3.82139301  3.30946231  3.58507204  2.91672206  3.31566787
   3.18096876  4.22684526  4.1974597   3.69970298]
 [ 4.54062796  3.47897649  3.76878977  3.27585149  2.82656813  4.21620035
   3.11560655  3.57177663  2.69578838  4.54912138  2.541116    3.16239142
   3.97367287  4.5092926   4.22458935  3.37295437]
 [ 6.17758799  4.8507967   5.96640158  4.22209597  4.11544037  5.14606428
   3.95827484  4.70114136  4.10071754  6.6269803   4.01332045  4.83296967
   5.04436731  6.30824852  4.50399923  5.02204609]
 [ 5.37825394  3.81771207  4.83581543  3.60090137  4.08958673  3.77271628
   3.9590106   4.94544411  4.05487728  5.44552469  3.6544652   4.41926765
   4.37208843  4.79713726  3.31929493  3.91632676]
 [ 4.55319738  3.40556955  4.2225523   2.5951252   4.10082436  5.33857679
   2.85662222  4.65176821  3.80816841  5.18074465  3.26210141  3.84999919
   3.72142005  5.1999073   3.8705318   4.64279842]
 [ 5.78578186  3.93329382  4.46557093  3.77276778  4.12828445  4.15738153
   2.88164568  4.560431    3.71487141  4.59944773  4.06421089  3.69498706
   4.26789379  5.03010654  3.52615809  4.35934687]
 [ 3.51515746  2.64069343  3.36606669  2.14091539  2.84160542  3.54469371
   2.60963464  3.46679473  2.95226979  4.40041876  2.21479416  3.10729671
   3.13401008  3.68237305  3.02660441  3.20320129]
 [ 5.12185717  4.01345539  5.21290064  3.53752613  3.35080147  4.94651556
   3.26638484  4.46309185  3.55515051  4.69578695  3.09046626  3.29074383
   4.59381247  5.59888983  4.18965816  4.14909124]
 [ 5.36688232  3.95983982  4.34054422  3.19202518  3.59173083  4.21908855
   3.24687481  4.21670628  3.32681727  5.48614454  3.39337158  3.52073312
   4.48381472  5.51323318  3.76766562  4.14168978]
 [ 4.16634893  3.00753951  3.83240509  2.91105986  2.86162567  4.23889732
   2.48665953  3.87160277  3.24038148  4.88701582  3.2223556   3.51890779
   3.42162871  4.22101784  3.43770766  3.31461573]
 [ 5.58922291  3.91103244  5.12196445  3.39807749  4.62318563  5.39151669
   3.83334684  5.20951891  4.34200954  6.42582512  3.72483087  4.71660137
   4.65857363  6.0222249   4.50790024  5.12353182]
 [ 4.08045053  3.52207899  3.97335267  2.55305195  3.11466861  3.89032221
   3.17338848  4.29851246  3.33174872  4.68412781  2.89375401  3.37360477
   3.66182566  4.52563238  3.08325839  3.60489774]
 [ 5.4204998   3.53774476  4.52675867  2.81232381  3.97632742  4.27327585
   3.44003534  4.46566534  3.74573398  5.00692034  3.0549438   3.71377158
   4.48758984  5.2035532   3.67318583  4.35091639]
 [ 5.26274633  3.78322482  4.64604473  3.11945677  4.67101097  4.90406227
   3.46470404  4.67375183  4.01145172  4.80173206  3.01862144  3.96874857
   4.40361738  5.50874472  4.21538925  4.6185813 ]]
Difference:
 [[-0.15293884 -0.03999281 -0.11587453 -0.03533411 -0.10628271 -0.18744421
  -0.02039194 -0.0144558  -0.11105204 -0.12125397 -0.15739536 -0.00525427
  -0.14152813 -0.0997963  -0.05853057 -0.15850091]
 [-0.55548477 -0.145257   -0.42086506 -0.12833595 -0.38602662 -0.68081188
  -0.07406449 -0.05250406 -0.40334892 -0.44040298 -0.57167149 -0.01908445
  -0.51404095 -0.36246824 -0.21258783 -0.57568669]
 [-0.33970594 -0.0888319  -0.25737977 -0.07848382 -0.23607397 -0.41634941
  -0.04529405 -0.03210878 -0.24666762 -0.26932788 -0.34960508 -0.01167107
  -0.31436133 -0.22166681 -0.13000774 -0.35206056]
 [-0.31390095 -0.08208394 -0.23782825 -0.07252192 -0.21814108 -0.38472247
  -0.04185343 -0.02966976 -0.22793007 -0.24886894 -0.32304788 -0.01078439
  -0.29048133 -0.20482826 -0.12013197 -0.32531714]
 [-0.38869572 -0.10164261 -0.29449701 -0.08980227 -0.27011871 -0.47639227
  -0.051826   -0.03673935 -0.28223991 -0.30816841 -0.40002227 -0.0133543
  -0.35969591 -0.25363398 -0.1487565  -0.40283203]
 [-0.5382905  -0.1407609  -0.40783787 -0.12436366 -0.37407756 -0.65973806
  -0.0717721  -0.050879   -0.39086366 -0.42677069 -0.55397606 -0.01849365
  -0.49812961 -0.35124826 -0.20600724 -0.55786705]
 [-0.24652719 -0.064466   -0.18678236 -0.05695629 -0.17132068 -0.30214787
  -0.03287029 -0.0233016  -0.17900848 -0.19545317 -0.25371099 -0.00846982
  -0.22813416 -0.16086531 -0.09434748 -0.25549316]
 [-0.30577374 -0.07995868 -0.23167086 -0.07064438 -0.21249318 -0.37476182
  -0.04076982 -0.02890158 -0.22202873 -0.24242544 -0.31468391 -0.0105052
  -0.28296065 -0.19952536 -0.1170218  -0.31689453]
 [-0.02684689 -0.00702047 -0.02034068 -0.00620246 -0.01865697 -0.03290391
  -0.00357962 -0.00253749 -0.01949406 -0.02128506 -0.02762914 -0.00092244
  -0.02484393 -0.01751828 -0.01027441 -0.02782321]
 [-0.28437948 -0.07436419 -0.21546125 -0.06570148 -0.1976254  -0.34854031
  -0.03791714 -0.02687931 -0.20649362 -0.22546339 -0.29266596 -0.00977015
  -0.26316214 -0.18556499 -0.10883379 -0.2947216 ]
 [-0.42903709 -0.11219168 -0.3250618  -0.09912229 -0.2981534  -0.52583528
  -0.05720496 -0.04055214 -0.31153274 -0.34015179 -0.44153905 -0.01473999
  -0.39702749 -0.27995777 -0.1641953  -0.44464064]
 [-0.69114709 -0.18073249 -0.52365017 -0.1596787  -0.48030305 -0.8470819
  -0.09215283 -0.06532693 -0.50185633 -0.54795933 -0.71128678 -0.02374506
  -0.63958168 -0.45099139 -0.26450658 -0.71628284]
 [-0.21494865 -0.05620837 -0.16285658 -0.04966044 -0.14937544 -0.2634449
  -0.02865982 -0.0203166  -0.15607882 -0.17041683 -0.22121215 -0.00738478
  -0.19891167 -0.14025927 -0.08226204 -0.22276592]
 [-0.17493343 -0.04574442 -0.13253903 -0.04041576 -0.12156773 -0.21440148
  -0.02332449 -0.01653481 -0.12702298 -0.1386919  -0.18003106 -0.00601006
  -0.16188216 -0.11414862 -0.06694818 -0.18129563]
 [-0.13323784 -0.0348413  -0.10094833 -0.0307827  -0.092592   -0.16329861
  -0.01776505 -0.01259375 -0.09674692 -0.10563469 -0.13712049 -0.00457764
  -0.12329721 -0.08694124 -0.05099106 -0.13808346]
 [-0.06478977 -0.01694226 -0.04908848 -0.01496863 -0.04502487 -0.07940769
  -0.00863862 -0.00612402 -0.04704523 -0.05136728 -0.06667781 -0.00222588
  -0.05995607 -0.04227686 -0.02479553 -0.0671463 ]]

FAILED! Dimensions:  (16, 17, 16)  Method:  CudaSharedMemory
Result:
 [[ 4.00233173  3.48571968  3.94214988  4.0249238   4.08433342  2.75120163
   4.89593649  3.05264926  3.54556084  4.44527721  4.22064686  4.26869202
   4.39639664  3.79791069  3.51306748  4.97404385  0.        ]
 [ 4.47910452  3.71760917  3.85909367  4.23303699  3.94931698  3.91440153
   5.65511274  3.56776714  4.10785151  3.09334087  3.64981008  4.03695107
   4.07072926  3.63136172  4.40127659  4.78490305  0.        ]
 [ 4.12448025  3.39008474  3.58320522  4.04799032  3.51184869  3.52484632
   4.38746548  3.43478894  3.61656475  2.91586351  3.21925092  3.10681009
   3.41234207  2.65254784  3.1231544   4.38485336  0.        ]
 [ 4.22562647  3.46103644  4.15670729  4.4498148   3.60114193  3.2950902
   5.16945601  3.83656168  3.72957373  2.9830966   3.87316418  3.88791418
   3.55928659  3.72029877  4.41312075  4.17572498  0.        ]
 [ 2.98391891  3.20414233  3.58575749  3.6571691   3.04905605  2.62920642
   4.12126446  2.23074055  3.17416477  3.19313908  2.7290163   3.7454257
   2.82495499  3.36669827  3.53084064  3.19197297  0.        ]
 [ 4.62374973  4.01338148  4.67397547  4.71525812  4.46393251  3.42630649
   5.4972086   4.09760857  4.07021379  3.7534616   4.52392101  4.33348799
   4.80251455  4.12535954  4.36031055  5.12040329  0.        ]
 [ 4.14199257  2.9163816   3.32132268  3.7664783   3.6348784   2.5293293
   5.05391884  3.43809438  3.30901933  3.89573717  3.36574221  3.50759506
   4.40726852  4.15927172  3.56282425  4.93265152  0.        ]
 [ 4.00157595  3.55521011  3.40741539  3.93786263  3.40564036  3.42451358
   4.64521217  3.47954679  3.51075554  3.2296958   2.77165294  3.2116034
   3.96921897  3.13569951  3.53607869  4.30484486  0.        ]
 [ 3.54128838  2.52456903  3.05648351  3.43180847  3.08184004  2.15819716
   4.44360733  3.30672169  2.82236719  2.16081071  3.60117102  3.14196467
   4.47651529  3.16530085  3.30107594  3.79763484  0.        ]
 [ 3.77548552  2.97997665  3.15891957  3.5723381   3.37650228  2.99391484
   3.91738248  3.26457143  2.66884518  2.28593087  3.18608689  2.96215224
   3.27525878  2.99145246  3.69651103  3.29167032  0.        ]
 [ 4.09349537  3.10050201  3.19013524  4.13608313  3.08752728  2.57431579
   4.57710457  3.10085678  2.85460329  3.43764091  3.56285167  3.76712108
   3.94932103  4.14798021  3.34888434  3.73800874  0.        ]
 [ 3.52187133  2.79581285  2.65188193  4.03403759  2.76229024  3.04030848
   4.27065182  3.03053713  3.12436891  2.80690479  2.8247745   2.83451486
   3.21162844  3.06887889  3.13662744  3.65761089  0.        ]
 [ 4.75344038  3.93678689  4.3621273   4.88557243  3.95491624  3.74177241
   5.47502613  3.84653544  4.38676786  4.0340414   4.51978874  4.29755163
   4.68605947  3.63462806  4.06072092  5.33352184  0.        ]
 [ 3.39436936  3.21581674  3.5870223   3.54865384  2.97384     3.03686905
   3.79871655  2.57358479  3.19024253  2.77718878  3.10447478  3.28126144
   3.476403    3.19374704  2.89205313  3.42921567  0.        ]
 [ 5.53161335  4.82800913  5.092906    5.32029104  4.94251871  4.47749424
   6.36404991  4.74915409  4.57680464  4.30898905  4.93934155  5.0050211
   5.56243086  5.19350243  5.35911179  5.58721924  0.        ]
 [ 4.62682152  4.16079569  4.82065868  4.95765114  3.9967761   3.96129727
   5.5912652   4.05151176  4.29435778  3.25354195  4.84174109  4.88292789
   3.99906421  4.00862455  4.95211458  4.48680782  0.        ]]
Expected:
 [[ 4.00233173  3.48571968  3.94214988  4.0249238   4.08433342  2.75120163
   4.89593649  3.05264926  3.54556084  4.44527721  4.22064686  4.26869202
   4.39639664  3.79791069  3.51306748  4.97404385  5.40204   ]
 [ 4.47910452  3.71760917  3.85909367  4.23303699  3.94931698  3.91440153
   5.65511274  3.56776714  4.10785151  3.09334087  3.64981008  4.03695107
   4.07072926  3.63136172  4.40127659  4.78490305  4.64993095]
 [ 4.12448025  3.39008474  3.58320522  4.04799032  3.51184869  3.52484632
   4.38746548  3.43478894  3.61656475  2.91586351  3.21925092  3.10681009
   3.41234207  2.65254784  3.1231544   4.38485336  4.37863922]
 [ 4.22562647  3.46103644  4.15670729  4.4498148   3.60114193  3.2950902
   5.16945601  3.83656168  3.72957373  2.9830966   3.87316418  3.88791418
   3.55928659  3.72029877  4.41312075  4.17572498  4.69372177]
 [ 2.98391891  3.20414233  3.58575749  3.6571691   3.04905605  2.62920642
   4.12126446  2.23074055  3.17416477  3.19313908  2.7290163   3.7454257
   2.82495499  3.36669827  3.53084064  3.19197297  4.37240839]
 [ 4.62374973  4.01338148  4.67397547  4.71525812  4.46393251  3.42630649
   5.4972086   4.09760857  4.07021379  3.7534616   4.52392101  4.33348799
   4.80251455  4.12535954  4.36031055  5.12040329  5.89591026]
 [ 4.14199257  2.9163816   3.32132268  3.7664783   3.6348784   2.5293293
   5.05391884  3.43809438  3.30901933  3.89573717  3.36574221  3.50759506
   4.40726852  4.15927172  3.56282425  4.93265152  4.49456358]
 [ 4.00157595  3.55521011  3.40741539  3.93786263  3.40564036  3.42451358
   4.64521217  3.47954679  3.51075554  3.2296958   2.77165294  3.2116034
   3.96921897  3.13569951  3.53607869  4.30484486  4.28756237]
 [ 3.54128838  2.52456903  3.05648351  3.43180847  3.08184004  2.15819716
   4.44360733  3.30672169  2.82236719  2.16081071  3.60117102  3.14196467
   4.47651529  3.16530085  3.30107594  3.79763484  3.70838118]
 [ 3.77548552  2.97997665  3.15891957  3.5723381   3.37650228  2.99391484
   3.91738248  3.26457143  2.66884518  2.28593087  3.18608689  2.96215224
   3.27525878  2.99145246  3.69651103  3.29167032  4.18717337]
 [ 4.09349537  3.10050201  3.19013524  4.13608313  3.08752728  2.57431579
   4.57710457  3.10085678  2.85460329  3.43764091  3.56285167  3.76712108
   3.94932103  4.14798021  3.34888434  3.73800874  4.83595276]
 [ 3.52187133  2.79581285  2.65188193  4.03403759  2.76229024  3.04030848
   4.27065182  3.03053713  3.12436891  2.80690479  2.8247745   2.83451486
   3.21162844  3.06887889  3.13662744  3.65761089  4.07557726]
 [ 4.75344038  3.93678689  4.3621273   4.88557243  3.95491624  3.74177241
   5.47502613  3.84653544  4.38676786  4.0340414   4.51978874  4.29755163
   4.68605947  3.63462806  4.06072092  5.33352184  5.28188658]
 [ 3.39436936  3.21581674  3.5870223   3.54865384  2.97384     3.03686905
   3.79871655  2.57358479  3.19024253  2.77718878  3.10447478  3.28126144
   3.476403    3.19374704  2.89205313  3.42921567  4.18923616]
 [ 5.53161335  4.82800913  5.092906    5.32029104  4.94251871  4.47749424
   6.36404991  4.74915409  4.57680464  4.30898905  4.93934155  5.0050211
   5.56243086  5.19350243  5.35911179  5.58721924  6.75398827]
 [ 4.62682152  4.16079569  4.82065868  4.95765114  3.9967761   3.96129727
   5.5912652   4.05151176  4.29435778  3.25354195  4.84174109  4.88292789
   3.99906421  4.00862455  4.95211458  4.48680782  5.69212437]]
Difference:
 [[ 0.          0.          0.          0.          0.          0.          0.
   0.          0.          0.          0.          0.          0.          0.
   0.          0.         -5.40204   ]
 [ 0.          0.          0.          0.          0.          0.          0.
   0.          0.          0.          0.          0.          0.          0.
   0.          0.         -4.64993095]
 [ 0.          0.          0.          0.          0.          0.          0.
   0.          0.          0.          0.          0.          0.          0.
   0.          0.         -4.37863922]
 [ 0.          0.          0.          0.          0.          0.          0.
   0.          0.          0.          0.          0.          0.          0.
   0.          0.         -4.69372177]
 [ 0.          0.          0.          0.          0.          0.          0.
   0.          0.          0.          0.          0.          0.          0.
   0.          0.         -4.37240839]
 [ 0.          0.          0.          0.          0.          0.          0.
   0.          0.          0.          0.          0.          0.          0.
   0.          0.         -5.89591026]
 [ 0.          0.          0.          0.          0.          0.          0.
   0.          0.          0.          0.          0.          0.          0.
   0.          0.         -4.49456358]
 [ 0.          0.          0.          0.          0.          0.          0.
   0.          0.          0.          0.          0.          0.          0.
   0.          0.         -4.28756237]
 [ 0.          0.          0.          0.          0.          0.          0.
   0.          0.          0.          0.          0.          0.          0.
   0.          0.         -3.70838118]
 [ 0.          0.          0.          0.          0.          0.          0.
   0.          0.          0.          0.          0.          0.          0.
   0.          0.         -4.18717337]
 [ 0.          0.          0.          0.          0.          0.          0.
   0.          0.          0.          0.          0.          0.          0.
   0.          0.         -4.83595276]
 [ 0.          0.          0.          0.          0.          0.          0.
   0.          0.          0.          0.          0.          0.          0.
   0.          0.         -4.07557726]
 [ 0.          0.          0.          0.          0.          0.          0.
   0.          0.          0.          0.          0.          0.          0.
   0.          0.         -5.28188658]
 [ 0.          0.          0.          0.          0.          0.          0.
   0.          0.          0.          0.          0.          0.          0.
   0.          0.         -4.18923616]
 [ 0.          0.          0.          0.          0.          0.          0.
   0.          0.          0.          0.          0.          0.          0.
   0.          0.         -6.75398827]
 [ 0.          0.          0.          0.          0.          0.          0.
   0.          0.          0.          0.          0.          0.          0.
   0.          0.         -5.69212437]]

FAILED! Dimensions:  (16, 17, 17)  Method:  CudaSharedMemory
Result:
 [[ 1.87759936  1.99059987  2.11909413  2.9277215   2.21688747  2.71832681
   2.78496194  2.58339334  2.10491228  1.8363142   2.3543725   1.84542489
   2.24281168  2.20373178  2.29320168  1.1415379   0.        ]
 [ 4.69025183  3.58065844  4.28308582  5.39297628  4.18426418  5.50335407
   5.63978052  5.04010677  3.81598592  4.58220291  4.12603617  3.87241411
   4.45266867  3.90348482  4.76651096  2.64045548  0.        ]
 [ 2.20709777  3.01134968  2.05079412  3.93218136  3.04392219  3.51237249
   4.02694654  2.93201065  2.01413226  2.24018145  3.51443362  2.45437694
   3.01068306  2.96595979  2.89163923  1.92990911  0.        ]
 [ 4.15014696  4.44615269  3.85918951  5.21868992  3.97561073  5.25941992
   6.26738214  4.68590736  3.54511285  4.09850407  4.67510462  3.7064743
   4.80987358  4.00422859  4.6560874   2.98912048  0.        ]
 [ 3.23625016  2.98877168  3.03459525  3.31902599  2.17140961  3.67458534
   4.26641989  3.22299576  2.66712165  2.58356476  3.19852877  2.78888011
   3.3561976   2.76538491  3.40192485  2.0785284   0.        ]
 [ 4.31408978  4.84595966  3.53211045  4.88906288  4.0405221   4.91992664
   5.06906462  4.03231859  2.93439126  4.05710506  3.78028154  3.65714717
   4.93699884  3.47788835  4.24407911  2.81301522  0.        ]
 [ 4.39291859  4.30768871  3.58471394  5.2053051   4.35930443  5.15282869
   5.73501062  4.54593945  3.28696108  4.43410826  4.25412512  4.00148773
   4.81477642  3.49710965  4.13437605  3.04164505  0.        ]
 [ 3.41307664  3.38589311  3.18952107  3.52240157  3.15347981  3.67117286
   4.3827529   3.47958255  2.54975533  3.61671782  3.12917995  2.675282
   3.36769962  2.45030284  3.52348781  1.7109046   0.        ]
 [ 4.1900239   4.65796614  4.08012581  4.07325697  4.16133881  4.57395458
   5.67294598  4.35450602  3.21772981  4.88683033  3.44053698  4.00809193
   4.71981668  2.84610605  4.22157383  2.06399655  0.        ]
 [ 4.00222206  4.26721907  3.62890172  4.66168022  4.39133549  5.0564003
   5.20324993  4.27149677  3.96771002  3.94755483  3.36555314  4.02921009
   4.66723299  3.45109606  4.61281013  2.02333045  0.        ]
 [ 4.0166893   4.02994251  3.28264713  4.91503811  4.05228424  4.64009905
   5.60223484  4.42564678  3.39535952  4.37735128  4.38971567  3.61021376
   4.23021412  3.09009361  4.7730689   2.85885501  0.        ]
 [ 2.27660465  2.62795496  2.73841953  3.10060549  2.65182352  3.16572189
   3.9550302   3.18140459  2.6671102   2.43742442  2.75685549  2.4103682
   3.0419929   2.29510522  3.04361629  1.64331985  0.        ]
 [ 4.92796612  4.31853294  4.71689796  5.50177526  4.15430975  5.86729527
   5.39480352  5.03614521  3.99771762  4.18405485  3.85831571  4.00952625
   4.78783226  4.19458103  4.56846189  3.04363394  0.        ]
 [ 2.99072337  2.86788821  2.96787381  3.91212964  3.34967256  3.34618855
   4.5763588   3.76772523  2.8973527   2.96373725  3.27214193  2.78479934
   3.25342345  2.09922862  3.71037269  2.61998963  0.        ]
 [ 3.85627341  3.32196522  3.85897422  3.86737037  3.38637519  4.03419542
   4.77613592  3.98612523  3.2581737   4.32756424  2.78506041  3.62179089
   4.2116375   2.37686729  3.67752814  2.24438167  0.        ]
 [ 5.15594149  4.78585243  4.96738911  5.06023884  4.42295504  5.67550421
   6.43314695  5.12300062  3.99147987  5.04177618  4.26838923  3.98566055
   5.34742641  4.45800686  4.76328135  2.91824341  0.        ]]
Expected:
 [[ 2.02168703  2.065171    2.27889085  3.14359951  2.29808235  2.87598538
   2.86659694  2.6221087   2.16774297  1.90976059  2.36653852  1.97592008
   2.34592295  2.27534127  2.44412947  1.23849022  2.69751835]
 [ 4.71917295  3.59562612  4.3151598   5.43630695  4.20056152  5.53499889
   5.65616608  5.04787779  3.82859707  4.59694481  4.12847805  3.89860678
   4.47336483  3.91785812  4.7968049   2.65991545  4.78214121]
 [ 2.43614721  3.12989211  2.30481553  4.27535248  3.17299366  3.762995
   4.15671778  2.99355459  2.11401129  2.35693574  3.53377366  2.66181898
   3.1745944   3.07979393  3.13156199  2.08402967  3.62276983]
 [ 4.36639547  4.55807018  4.09901476  5.54268265  4.09746885  5.49603605
   6.38990116  4.74401188  3.63941002  4.20873356  4.69336367  3.90232325
   4.9646244   4.11170101  4.88260174  3.13462782  5.61465549]
 [ 3.40550709  3.07636905  3.22230554  3.57261395  2.26678753  3.85978389
   4.3623147   3.26847386  2.7409277   2.66984081  3.21282005  2.94217038
   3.47732043  2.84950304  3.57921672  2.19241643  3.90819788]
 [ 4.68567991  5.03827286  3.94421315  5.44579458  4.24991655  5.32651472
   5.27959442  4.13216209  3.09642649  4.24651718  3.81165695  3.99368358
   5.20291424  3.66256309  4.63330889  3.06304717  5.06901407]
 [ 4.83606148  4.53703308  4.07617044  5.86923981  4.60901976  5.63770866
   5.98607969  4.66500854  3.48019743  4.65999317  4.29154205  4.40282679
   5.13189602  3.717345    4.59855556  3.33982277  5.45600176]
 [ 3.4190526   3.38898587  3.19614863  3.5313549   3.15684724  3.67771173
   4.38613844  3.4811883   2.55236125  3.61976385  3.12968445  2.6806941
   3.37197614  2.45327282  3.52974749  1.71492565  4.02545738]
 [ 4.53097486  4.83442211  4.45824862  4.58408356  4.35346794  4.94701767
   5.86611652  4.44611692  3.36640453  5.0606246   3.4693253   4.31687927
   4.96380615  3.01555347  4.57871008  2.29341221  5.22190952]
 [ 4.40979195  4.47815323  4.08090687  5.27231836  4.62100506  5.50235748
   5.43416452  4.38100767  4.14543438  4.15530729  3.39996648  4.39833212
   4.95889616  3.65365219  5.03972816  2.29757214  4.22994041]
 [ 4.04086208  4.04245281  3.30945563  4.95125484  4.06590605  4.66654873
   5.61593056  4.43214178  3.40590024  4.38967323  4.39175653  3.6321063
   4.24751282  3.10210729  4.79838943  2.87512016  4.33296061]
 [ 2.46348906  2.72467518  2.94567895  3.38060355  2.75713468  3.37020802
   4.06091213  3.23161912  2.74860287  2.53268576  2.77263522  2.57962298
   3.17573023  2.38798404  3.23937249  1.76906884  3.7423017 ]
 [ 5.16138506  4.43933678  4.97576523  5.85149336  4.28584337  6.12269878
   5.5270505   5.09886312  4.09950209  4.30303669  3.87802458  4.22092581
   4.95487022  4.31058693  4.81296158  3.20069456  5.14942026]
 [ 3.38334274  3.07108474  3.40329838  4.50036812  3.57091737  3.77578664
   4.79880285  3.87321901  3.06855798  3.16386867  3.30529308  3.1403811
   3.53438783  2.29435444  4.12163019  2.88417149  3.87828064]
 [ 3.91181374  3.35070968  3.9205699   3.95058322  3.41767263  4.09496689
   4.80760288  4.00104856  3.2823925   4.35587502  2.7897501   3.67209196
   4.25138283  2.40446997  3.73570514  2.28175306  3.4714601 ]
 [ 5.36025333  4.89159203  5.19397593  5.36634684  4.53808641  5.89905882
   6.54890251  5.17789745  4.08057165  5.14592075  4.28564024  4.17069864
   5.49363518  4.55954647  4.97729206  3.05571866  5.63684607]]
Difference:
 [[ -1.44087672e-01  -7.45711327e-02  -1.59796715e-01  -2.15878010e-01
   -8.11948776e-02  -1.57658577e-01  -8.16349983e-02  -3.87153625e-02
   -6.28306866e-02  -7.34463930e-02  -1.21660233e-02  -1.30495191e-01
   -1.03111267e-01  -7.16094971e-02  -1.50927782e-01  -9.69523191e-02
   -2.69751835e+00]
 [ -2.89211273e-02  -1.49676800e-02  -3.20739746e-02  -4.33306694e-02
   -1.62973404e-02  -3.16448212e-02  -1.63855553e-02  -7.77101517e-03
   -1.26111507e-02  -1.47418976e-02  -2.44188309e-03  -2.61926651e-02
   -2.06961632e-02  -1.43733025e-02  -3.02939415e-02  -1.94599628e-02
   -4.78214121e+00]
 [ -2.29049444e-01  -1.18542433e-01  -2.54021406e-01  -3.43171120e-01
   -1.29071474e-01  -2.50622511e-01  -1.29771233e-01  -6.15439415e-02
   -9.98790264e-02  -1.16754293e-01  -1.93400383e-02  -2.07442045e-01
   -1.63911343e-01  -1.13834143e-01  -2.39922762e-01  -1.54120564e-01
   -3.62276983e+00]
 [ -2.16248512e-01  -1.11917496e-01  -2.39825249e-01  -3.23992729e-01
   -1.21858120e-01  -2.36616135e-01  -1.22519016e-01  -5.81045151e-02
   -9.42971706e-02  -1.10229492e-01  -1.82590485e-02  -1.95848942e-01
   -1.54750824e-01  -1.07472420e-01  -2.26514339e-01  -1.45507336e-01
   -5.61465549e+00]
 [ -1.69256926e-01  -8.75973701e-02  -1.87710285e-01  -2.53587961e-01
   -9.53779221e-02  -1.85198545e-01  -9.58948135e-02  -4.54781055e-02
   -7.38060474e-02  -8.62760544e-02  -1.42912865e-02  -1.53290272e-01
   -1.21122837e-01  -8.41181278e-02  -1.77291870e-01  -1.13888025e-01
   -3.90819788e+00]
 [ -3.71590137e-01  -1.92313194e-01  -4.12102699e-01  -5.56731701e-01
   -2.09394455e-01  -4.06588078e-01  -2.10529804e-01  -9.98435020e-02
   -1.62035227e-01  -1.89412117e-01  -3.13754082e-02  -3.36536407e-01
   -2.65915394e-01  -1.84674740e-01  -3.89229774e-01  -2.50031948e-01
   -5.06901407e+00]
 [ -4.43142891e-01  -2.29344368e-01  -4.91456509e-01  -6.63934708e-01
   -2.49715328e-01  -4.84879971e-01  -2.51069069e-01  -1.19069099e-01
   -1.93236351e-01  -2.25884914e-01  -3.74169350e-02  -4.01339054e-01
   -3.17119598e-01  -2.20235348e-01  -4.64179516e-01  -2.98177719e-01
   -5.45600176e+00]
 [ -5.97596169e-03  -3.09276581e-03  -6.62755966e-03  -8.95333290e-03
   -3.36742401e-03  -6.53886795e-03  -3.38554382e-03  -1.60574913e-03
   -2.60591507e-03  -3.04603577e-03  -5.04493713e-04  -5.41210175e-03
   -4.27651405e-03  -2.96998024e-03  -6.25967979e-03  -4.02104855e-03
   -4.02545738e+00]
 [ -3.40950966e-01  -1.76455975e-01  -3.78122807e-01  -5.10826588e-01
   -1.92129135e-01  -3.73063087e-01  -1.93170547e-01  -9.16109085e-02
   -1.48674726e-01  -1.73794270e-01  -2.87883282e-02  -3.08787346e-01
   -2.43989468e-01  -1.69447422e-01  -3.57136250e-01  -2.29415655e-01
   -5.22190952e+00]
 [ -4.07569885e-01  -2.10934162e-01  -4.52005148e-01  -6.10638142e-01
   -2.29669571e-01  -4.45957184e-01  -2.30914593e-01  -1.09510899e-01
   -1.77724361e-01  -2.07752466e-01  -3.44133377e-02  -3.69122028e-01
   -2.91663170e-01  -2.02556133e-01  -4.26918030e-01  -2.74241686e-01
   -4.22994041e+00]
 [ -2.41727829e-02  -1.25102997e-02  -2.68085003e-02  -3.62167358e-02
   -1.36218071e-02  -2.64496803e-02  -1.36957169e-02  -6.49499893e-03
   -1.05407238e-02  -1.23219490e-02  -2.04086304e-03  -2.18925476e-02
   -1.72986984e-02  -1.20136738e-02  -2.53205299e-02  -1.62651539e-02
   -4.33296061e+00]
 [ -1.86884403e-01  -9.67202187e-02  -2.07259417e-01  -2.79998064e-01
   -1.05311155e-01  -2.04486132e-01  -1.05881929e-01  -5.02145290e-02
   -8.14926624e-02  -9.52613354e-02  -1.57797337e-02  -1.69254780e-01
   -1.33737326e-01  -9.28788185e-02  -1.95756197e-01  -1.25748992e-01
   -3.74230170e+00]
 [ -2.33418941e-01  -1.20803833e-01  -2.58867264e-01  -3.49718094e-01
   -1.31533623e-01  -2.55403519e-01  -1.32246971e-01  -6.27179146e-02
   -1.01784468e-01  -1.18981838e-01  -1.97088718e-02  -2.11399555e-01
   -1.67037964e-01  -1.16005898e-01  -2.44499683e-01  -1.57060623e-01
   -5.14942026e+00]
 [ -3.92619371e-01  -2.03196526e-01  -4.35424566e-01  -5.88238478e-01
   -2.21244812e-01  -4.29598093e-01  -2.22444057e-01  -1.05493784e-01
   -1.71205282e-01  -2.00131416e-01  -3.31511497e-02  -3.55581760e-01
   -2.80964375e-01  -1.95125818e-01  -4.11257505e-01  -2.64181852e-01
   -3.87828064e+00]
 [ -5.55403233e-02  -2.87444592e-02  -6.15956783e-02  -8.32128525e-02
   -3.12974453e-02  -6.07714653e-02  -3.14669609e-02  -1.49233341e-02
   -2.42187977e-02  -2.83107758e-02  -4.68969345e-03  -5.03010750e-02
   -3.97453308e-02  -2.76026726e-02  -5.81769943e-02  -3.73713970e-02
   -3.47146010e+00]
 [ -2.04311848e-01  -1.05739594e-01  -2.26586819e-01  -3.06107998e-01
   -1.15131378e-01  -2.23554611e-01  -1.15755558e-01  -5.48968315e-02
   -8.90917778e-02  -1.04144573e-01  -1.72510147e-02  -1.85038090e-01
   -1.46208763e-01  -1.01539612e-01  -2.14010715e-01  -1.37475252e-01
   -5.63684607e+00]]

FAILED! Dimensions:  (17, 16, 16)  Method:  CudaSharedMemory
Result:
 [[ 3.30227423  4.89099312  3.92034888  2.60709834  3.85105705  4.15037203
   4.41726685  3.66875219  3.58428097  4.10865736  3.34785199  4.00686693
   4.32000303  4.44318295  4.8017664   3.36232758]
 [ 3.30227423  4.89099312  3.92034888  2.60709834  3.85105705  4.15037203
   4.41726685  3.66875219  3.58428097  4.10865736  3.34785199  4.00686693
   4.32000303  4.44318295  4.8017664   3.36232758]
 [ 4.03111362  6.40834713  4.28694534  2.98344803  3.51373148  4.65055466
   4.7136302   3.89387059  3.54939628  4.97856665  4.84248257  4.30255985
   4.25620127  4.72289085  4.96579075  4.92191458]
 [ 3.22605324  5.03697586  4.04654503  2.70118833  3.61870122  4.20716
   3.96331406  3.71772599  2.9197762   4.2106576   3.91092491  4.0614357
   4.45390463  4.6581974   4.56062365  3.49599075]
 [ 3.7163775   5.66243649  5.11820412  3.92561388  4.49847031  4.68010139
   4.5924921   3.48802018  4.01995325  4.21130991  5.05458021  4.73157501
   5.04546547  4.57345581  5.70092964  4.55771828]
 [ 4.61716843  6.73328638  4.95596075  3.16018987  3.70146322  4.78191566
   4.93505573  3.85189247  4.06204367  4.98546267  4.76615     4.20484734
   4.86995602  5.19574451  5.14390802  5.29400301]
 [ 3.17026711  5.428864    4.01438189  2.75002766  2.4996264   3.63758206
   3.99114347  3.16851068  3.07709169  3.77928948  3.34387279  3.26192689
   3.83205438  4.23971176  3.21694875  4.04981947]
 [ 3.24085712  5.00184965  4.03836012  3.30003548  3.49691629  4.30404711
   4.07673597  3.090132    3.89878726  4.56140041  4.09513903  3.92682886
   3.96475124  4.31688929  4.82183933  4.12281609]
 [ 4.05950689  5.35817242  4.07978249  3.21936035  4.27632952  5.04432726
   4.74135733  3.85045695  4.21782064  4.16723347  4.85987663  4.73358822
   4.80680704  4.56035233  5.20634937  4.54131508]
 [ 3.92752695  5.74825716  4.13805437  3.09527636  3.84104347  4.70907211
   4.49845028  3.80556798  4.13267756  4.64526033  4.62507963  4.4424572
   4.12070322  4.51052094  5.02843761  5.14158058]
 [ 3.277951    4.79533863  3.20737791  2.56345344  2.664572    3.29245567
   3.93997788  3.11071324  3.43043113  3.35600424  3.61669707  3.35048485
   3.69838381  3.53776622  3.57517815  3.93909645]
 [ 3.48973608  5.16856146  4.21337795  3.23323393  3.94277024  4.83134747
   4.17538404  3.70410228  3.54119706  4.68902969  4.35952377  3.97008443
   4.5278573   4.40960884  5.13229942  4.61329317]
 [ 3.87107635  5.57669592  3.7779901   2.83044791  4.25161219  5.13165808
   4.37898254  3.54812503  3.27001834  4.43083     4.46849775  4.27051735
   4.24626541  3.5886569   5.68534422  4.72202253]
 [ 3.60767102  5.27252293  4.27994061  2.85102677  3.94823766  4.76535559
   4.75239182  3.20144534  3.3109901   4.1822052   3.58279371  4.08380079
   4.73685074  4.2581315   5.05115891  3.91669726]
 [ 4.11228657  6.03158617  5.29228067  3.57452774  4.78711843  5.33420658
   4.18428183  3.9829607   3.89997101  4.24873257  4.91998625  4.47682047
   4.66860247  4.82996511  5.6970644   4.81539917]
 [ 3.91334915  5.17127371  4.53371763  3.12270498  4.25079918  4.94366312
   4.22105455  3.92470646  3.66184187  4.76625776  4.96988297  4.48544407
   4.63073063  4.19788408  5.41896963  4.91031742]
 [ 4.60834551  6.59171724  4.82005596  3.45683408  4.59307051  5.9462924
   4.99348831  4.35529089  4.09026289  5.12138844  5.32162476  4.76204681
   5.27538538  5.12624693  5.76183701  5.55316877]]
Expected:
 [[ 3.30227423  4.89099312  3.92034888  2.60709834  3.85105705  4.15037203
   4.41726685  3.66875219  3.58428097  4.10865736  3.34785199  4.00686693
   4.32000303  4.44318295  4.8017664   3.36232758]
 [ 4.03111362  6.40834713  4.28694534  2.98344803  3.51373148  4.65055466
   4.7136302   3.89387059  3.54939628  4.97856665  4.84248257  4.30255985
   4.25620127  4.72289085  4.96579075  4.92191458]
 [ 3.22605324  5.03697586  4.04654503  2.70118833  3.61870122  4.20716
   3.96331406  3.71772599  2.9197762   4.2106576   3.91092491  4.0614357
   4.45390463  4.6581974   4.56062365  3.49599075]
 [ 3.7163775   5.66243649  5.11820412  3.92561388  4.49847031  4.68010139
   4.5924921   3.48802018  4.01995325  4.21130991  5.05458021  4.73157501
   5.04546547  4.57345581  5.70092964  4.55771828]
 [ 4.61716843  6.73328638  4.95596075  3.16018987  3.70146322  4.78191566
   4.93505573  3.85189247  4.06204367  4.98546267  4.76615     4.20484734
   4.86995602  5.19574451  5.14390802  5.29400301]
 [ 3.17026711  5.428864    4.01438189  2.75002766  2.4996264   3.63758206
   3.99114347  3.16851068  3.07709169  3.77928948  3.34387279  3.26192689
   3.83205438  4.23971176  3.21694875  4.04981947]
 [ 3.24085712  5.00184965  4.03836012  3.30003548  3.49691629  4.30404711
   4.07673597  3.090132    3.89878726  4.56140041  4.09513903  3.92682886
   3.96475124  4.31688929  4.82183933  4.12281609]
 [ 4.05950689  5.35817242  4.07978249  3.21936035  4.27632952  5.04432726
   4.74135733  3.85045695  4.21782064  4.16723347  4.85987663  4.73358822
   4.80680704  4.56035233  5.20634937  4.54131508]
 [ 3.92752695  5.74825716  4.13805437  3.09527636  3.84104347  4.70907211
   4.49845028  3.80556798  4.13267756  4.64526033  4.62507963  4.4424572
   4.12070322  4.51052094  5.02843761  5.14158058]
 [ 3.277951    4.79533863  3.20737791  2.56345344  2.664572    3.29245567
   3.93997788  3.11071324  3.43043113  3.35600424  3.61669707  3.35048485
   3.69838381  3.53776622  3.57517815  3.93909645]
 [ 3.48973608  5.16856146  4.21337795  3.23323393  3.94277024  4.83134747
   4.17538404  3.70410228  3.54119706  4.68902969  4.35952377  3.97008443
   4.5278573   4.40960884  5.13229942  4.61329317]
 [ 3.87107635  5.57669592  3.7779901   2.83044791  4.25161219  5.13165808
   4.37898254  3.54812503  3.27001834  4.43083     4.46849775  4.27051735
   4.24626541  3.5886569   5.68534422  4.72202253]
 [ 3.60767102  5.27252293  4.27994061  2.85102677  3.94823766  4.76535559
   4.75239182  3.20144534  3.3109901   4.1822052   3.58279371  4.08380079
   4.73685074  4.2581315   5.05115891  3.91669726]
 [ 4.11228657  6.03158617  5.29228067  3.57452774  4.78711843  5.33420658
   4.18428183  3.9829607   3.89997101  4.24873257  4.91998625  4.47682047
   4.66860247  4.82996511  5.6970644   4.81539917]
 [ 3.91334915  5.17127371  4.53371763  3.12270498  4.25079918  4.94366312
   4.22105455  3.92470646  3.66184187  4.76625776  4.96988297  4.48544407
   4.63073063  4.19788408  5.41896963  4.91031742]
 [ 4.60834551  6.59171724  4.82005596  3.45683408  4.59307051  5.9462924
   4.99348831  4.35529089  4.09026289  5.12138844  5.32162476  4.76204681
   5.27538538  5.12624693  5.76183701  5.55316877]
 [ 4.39240456  6.23262978  4.63570738  3.66932344  4.54101849  5.70989704
   4.99269772  4.22821569  4.26651955  4.61371803  5.40119457  4.94493484
   4.94658852  5.27030516  5.70585775  4.68641996]]
Difference:
 [[  0.00000000e+00   0.00000000e+00   0.00000000e+00   0.00000000e+00
    0.00000000e+00   0.00000000e+00   0.00000000e+00   0.00000000e+00
    0.00000000e+00   0.00000000e+00   0.00000000e+00   0.00000000e+00
    0.00000000e+00   0.00000000e+00   0.00000000e+00   0.00000000e+00]
 [ -7.28839397e-01  -1.51735401e+00  -3.66596460e-01  -3.76349688e-01
    3.37325573e-01  -5.00182629e-01  -2.96363354e-01  -2.25118399e-01
    3.48846912e-02  -8.69909286e-01  -1.49463058e+00  -2.95692921e-01
    6.38017654e-02  -2.79707909e-01  -1.64024353e-01  -1.55958700e+00]
 [  8.05060387e-01   1.37137127e+00   2.40400314e-01   2.82259703e-01
   -1.04969740e-01   4.43394661e-01   7.50316143e-01   1.76144600e-01
    6.29620075e-01   7.67909050e-01   9.31557655e-01   2.41124153e-01
   -1.97703362e-01   6.46934509e-02   4.05167103e-01   1.42592382e+00]
 [ -4.90324259e-01  -6.25460625e-01  -1.07165909e+00  -1.22442555e+00
   -8.79769087e-01  -4.72941399e-01  -6.29178047e-01   2.29705811e-01
   -1.10017705e+00  -6.52313232e-04  -1.14365530e+00  -6.70139313e-01
   -5.91560841e-01   8.47415924e-02  -1.14030600e+00  -1.06172752e+00]
 [ -9.00790930e-01  -1.07084990e+00   1.62243366e-01   7.65424013e-01
    7.97007084e-01  -1.01814270e-01  -3.42563629e-01  -3.63872290e-01
   -4.20904160e-02  -7.74152756e-01   2.88430214e-01   5.26727676e-01
    1.75509453e-01  -6.22288704e-01   5.57021618e-01  -7.36284733e-01]
 [  1.44690132e+00   1.30442238e+00   9.41578865e-01   4.10162210e-01
    1.20183682e+00   1.14433360e+00   9.43912268e-01   6.83381796e-01
    9.84951973e-01   1.20617318e+00   1.42227721e+00   9.42920446e-01
    1.03790164e+00   9.56032753e-01   1.92695928e+00   1.24418354e+00]
 [ -7.05900192e-02   4.27014351e-01  -2.39782333e-02  -5.50007820e-01
   -9.97289896e-01  -6.66465044e-01  -8.55925083e-02   7.83786774e-02
   -8.21695566e-01  -7.82110929e-01  -7.51266241e-01  -6.64901972e-01
   -1.32696867e-01  -7.71775246e-02  -1.60489058e+00  -7.29966164e-02]
 [ -8.18649769e-01  -3.56322765e-01  -4.14223671e-02   8.06751251e-02
   -7.79413223e-01  -7.40280151e-01  -6.64621353e-01  -7.60324955e-01
   -3.19033384e-01   3.94166946e-01  -7.64737606e-01  -8.06759357e-01
   -8.42055798e-01  -2.43463039e-01  -3.84510040e-01  -4.18498993e-01]
 [  1.31979942e-01  -3.90084743e-01  -5.82718849e-02   1.24083996e-01
    4.35286045e-01   3.35255146e-01   2.42907047e-01   4.48889732e-02
    8.51430893e-02  -4.78026867e-01   2.34797001e-01   2.91131020e-01
    6.86103821e-01   4.98313904e-02   1.77911758e-01  -6.00265503e-01]
 [  6.49575949e-01   9.52918530e-01   9.30676460e-01   5.31822920e-01
    1.17647147e+00   1.41661644e+00   5.58472395e-01   6.94854736e-01
    7.02246428e-01   1.28925610e+00   1.00838256e+00   1.09197235e+00
    4.22319412e-01   9.72754717e-01   1.45325947e+00   1.20248413e+00]
 [ -2.11785078e-01  -3.73222828e-01  -1.00600004e+00  -6.69780493e-01
   -1.27819824e+00  -1.53889179e+00  -2.35406160e-01  -5.93389034e-01
   -1.10765934e-01  -1.33302546e+00  -7.42826700e-01  -6.19599581e-01
   -8.29473495e-01  -8.71842623e-01  -1.55712128e+00  -6.74196720e-01]
 [ -3.81340265e-01  -4.08134460e-01   4.35387850e-01   4.02786016e-01
   -3.08841944e-01  -3.00310612e-01  -2.03598499e-01   1.55977249e-01
    2.71178722e-01   2.58199692e-01  -1.08973980e-01  -3.00432920e-01
    2.81591892e-01   8.20951939e-01  -5.53044796e-01  -1.08729362e-01]
 [  2.63405323e-01   3.04172993e-01  -5.01950502e-01  -2.05788612e-02
    3.03374529e-01   3.66302490e-01  -3.73409271e-01   3.46679688e-01
   -4.09717560e-02   2.48624802e-01   8.85704041e-01   1.86716557e-01
   -4.90585327e-01  -6.69474602e-01   6.34185314e-01   8.05325270e-01]
 [ -5.04615545e-01  -7.59063244e-01  -1.01234007e+00  -7.23500967e-01
   -8.38880777e-01  -5.68850994e-01   5.68109989e-01  -7.81515360e-01
   -5.88980913e-01  -6.65273666e-02  -1.33719254e+00  -3.93019676e-01
    6.82482719e-02  -5.71833611e-01  -6.45905495e-01  -8.98701906e-01]
 [  1.98937416e-01   8.60312462e-01   7.58563042e-01   4.51822758e-01
    5.36319256e-01   3.90543461e-01  -3.67727280e-02   5.82542419e-02
    2.38129139e-01  -5.17525196e-01  -4.98967171e-02  -8.62360001e-03
    3.78718376e-02   6.32081032e-01   2.78094769e-01  -9.49182510e-02]
 [ -6.94996357e-01  -1.42044353e+00  -2.86338329e-01  -3.34129095e-01
   -3.42271328e-01  -1.00262928e+00  -7.72433758e-01  -4.30584431e-01
   -4.28421021e-01  -3.55130672e-01  -3.51741791e-01  -2.76602745e-01
   -6.44654751e-01  -9.28362846e-01  -3.42867374e-01  -6.42851353e-01]
 [  2.15940952e-01   3.59087467e-01   1.84348583e-01  -2.12489367e-01
    5.20520210e-02   2.36395359e-01   7.90596008e-04   1.27075195e-01
   -1.76256657e-01   5.07670403e-01  -7.95698166e-02  -1.82888031e-01
    3.28796864e-01  -1.44058228e-01   5.59792519e-02   8.66748810e-01]]

FAILED! Dimensions:  (17, 16, 17)  Method:  CudaSharedMemory
Result:
 [[ 3.21104121  2.98445249  4.52664948  4.50269032  5.10984182  4.50068808
   3.70444703  3.38129187  4.18859911  3.61447477  3.51982021  4.31953287
   4.07689333  3.29914665  3.80186248  3.10327387]
 [ 3.21104121  2.98445249  4.52664948  4.50269032  5.10984182  4.50068808
   3.70444703  3.38129187  4.18859911  3.61447477  3.51982021  4.31953287
   4.07689333  3.29914665  3.80186248  3.10327387]
 [ 3.21269226  2.83145404  3.91860294  4.38202763  4.61177444  4.44344902
   3.18647194  3.41455173  3.55822086  3.40732241  3.31078434  4.23942184
   3.62570477  3.2038753   3.14626813  3.16274381]
 [ 3.97336888  2.72746658  5.86253405  5.71071148  5.85255718  5.64635944
   4.04853153  3.79401326  3.73587942  4.13684607  3.89176059  4.77160549
   4.32622099  3.36373878  4.51374435  4.08437586]
 [ 4.21193552  2.64576578  5.17295361  4.7594552   4.81077051  4.30189419
   3.23838687  3.82415271  4.14651918  3.94260168  3.4852941   4.03555393
   4.924757    2.96490598  3.79721713  3.2176106 ]
 [ 3.19341898  2.25077271  5.04167414  4.92923164  5.28459644  5.13673115
   3.51726937  3.3728137   3.94309115  3.5572176   3.57476044  5.0724926
   4.00863171  4.01040936  3.51279163  3.74807382]
 [ 4.19079971  3.83365321  6.48958826  6.30266476  6.4086647   5.72360849
   4.68560171  3.93223548  5.32814741  4.91271019  3.73600101  5.43498516
   5.49737024  4.50701523  4.56226778  4.29200506]
 [ 3.46701002  3.20480347  3.75961828  4.5091958   4.36131191  4.56033945
   2.86449432  3.67695642  3.73648071  3.31815243  3.8474071   4.47469139
   3.73015642  3.48219919  3.6988647   3.19175601]
 [ 2.55306721  2.57219052  3.78785276  4.13258314  3.77519917  3.48210621
   3.07005429  2.70161653  2.75377798  3.31445885  2.29085827  3.42548323
   3.06834865  2.20235562  3.21815562  2.23081851]
 [ 3.66157746  2.64611721  4.37658405  4.26180649  4.21571159  3.862077
   2.63937044  3.81910491  3.8509562   3.58538294  3.20761251  4.04198885
   4.62326145  3.01029396  3.20307946  2.76181507]
 [ 4.07398891  3.59952641  5.55600166  5.6028018   5.98780775  5.77729273
   4.02997398  4.17878103  4.8725853   4.69823694  3.71053886  5.13503885
   4.8252697   3.61866951  4.35830259  3.74613404]
 [ 4.65476465  4.3885026   5.85935783  6.02275705  6.58960009  6.34613562
   4.69599056  4.24262142  4.92458773  4.8543644   4.92935038  5.67182636
   5.52870893  4.41872931  4.55722094  4.30966854]
 [ 4.41924334  3.5923562   5.15242434  5.39651537  5.3036809   4.97884512
   3.79054165  4.16743612  4.14633512  4.2233386   4.051157    4.76081133
   4.61684847  3.4746449   4.51597786  3.23942804]
 [ 3.54275656  2.75729156  3.76619077  4.19605064  4.88112402  4.05282593
   3.17759132  3.36494088  3.78318691  3.35932565  3.78252149  4.62989616
   4.48266935  3.14998746  2.86621261  2.54697561]
 [ 3.20599103  2.5990963   5.0839901   4.88296413  5.8156538   5.01675892
   4.02218246  2.85380554  3.15024424  3.94017196  3.01785159  4.4302206
   3.78572917  2.70491314  3.36141276  2.88717055]
 [ 3.8750329   3.57152843  5.65175343  5.50531006  5.71940947  5.30667353
   4.13822174  3.31163836  4.36182928  4.34576988  3.35321689  5.31396675
   4.63976669  3.96927333  3.5918889   3.40619707]
 [ 2.80711174  2.49508119  4.48048401  4.76899815  4.46378946  4.09462357
   3.27707839  2.49040127  3.46030211  3.3883667   2.68098712  3.88269997
   3.23287654  3.41175628  3.41978431  3.38815117]]
Expected:
 [[ 3.7919004   3.49809575  4.95049047  4.97767258  5.23478603  4.70011854
   4.41648054  4.09477568  4.27198982  4.09485054  3.91953444  4.63950872
   4.3245163   4.01966429  4.17768383  3.77221322]
 [ 3.90801406  3.44631457  4.42596483  4.95060873  4.76133966  4.6821785
   4.03881741  4.26863337  3.65804458  3.98236012  3.78926539  4.62245178
   3.92212391  4.06637621  3.59614778  3.96350265]
 [ 4.46785021  3.16472769  6.22334671  6.11506081  5.95892143  5.81613302
   4.65468121  4.40139723  3.80686951  4.54578686  4.23203468  5.04399872
   4.53702068  3.97711039  4.83367825  4.65383959]
 [ 4.68439436  3.06355262  5.51769686  5.14579582  4.91239738  4.46410656
   3.81754041  4.4044857   4.21434784  4.33332968  3.81041336  4.29581594
   5.12616825  3.55096006  4.10290241  3.76171207]
 [ 3.88988113  2.86664152  5.54986811  5.49874496  5.43440723  5.37585211
   4.37101269  4.2282958   4.04307842  4.13319826  4.05402613  5.45615053
   4.30553675  4.8743248   3.96340919  4.5501461 ]
 [ 4.86104822  4.42634201  6.97865486  6.85074282  6.55283689  5.95372963
   5.50721121  4.75551844  5.42437172  5.46701193  4.19722795  5.80420256
   5.78310061  5.33841419  4.99592495  5.06388855]
 [ 3.88635993  3.57562685  4.06560898  4.852108    4.4515152   4.70431757
   3.37854528  4.19205427  3.7966845   3.66495872  4.13597965  4.70569706
   3.9089272   4.00237513  3.9701879   3.67469501]
 [ 3.27254462  3.20841146  4.31284046  4.72091675  3.92996049  3.72912931
   3.95201039  3.58536887  2.85706973  3.90947342  2.78596187  3.82181931
   3.37506533  3.09482002  3.68366408  3.05939579]
 [ 4.38246584  3.28358555  4.90260124  4.85129356  4.37077618  4.10958433
   3.52305579  4.70459032  3.95445037  4.18156433  3.70368695  4.43910217
   4.93057966  3.90450835  3.66950083  3.59201717]
 [ 4.22225666  3.73063684  5.66418982  5.72404385  6.01970053  5.82819843
   4.21172476  4.36090231  4.89387131  4.82085562  3.81256843  5.21671486
   4.88847685  3.80258608  4.45423317  3.9168849 ]
 [ 5.09018326  4.77353573  6.17707396  6.37880945  6.68325996  6.49563074
   5.22973919  4.77745724  4.98709869  5.2144599   5.22898102  5.91168404
   5.7143302   4.95883751  4.8389411   4.81111336]
 [ 5.15721083  4.24492741  5.69090414  5.99996901  5.46241951  5.23221684
   4.69516325  5.07390022  4.25228119  4.83364487  4.55898428  5.16733313
   4.93144751  4.39004517  4.99344969  4.0892992 ]
 [ 3.57742786  2.78795075  3.7914896   4.22440195  4.88858175  4.06472969
   3.2200923   3.4075284   3.78816438  3.38799906  3.80638027  4.6489954
   4.49744987  3.19299483  2.88864517  2.58690429]
 [ 3.62269092  2.9675765   5.38804722  5.22370958  5.90528679  5.15982723
   4.53298521  3.36564875  3.21006775  4.2847867   3.30460095  4.65976667
   3.96337032  3.221802    3.6310215   3.36705804]
 [ 4.39913845  4.03498554  6.03418255  5.93388367  5.83214569  5.48661852
   4.78068542  3.95541048  4.43707228  4.77921009  3.71387672  5.60267925
   4.86319542  4.61939192  3.93099022  4.00977707]
 [ 3.11808562  2.77006984  4.70739508  5.02328873  4.53068066  4.20139265
   3.65827918  2.87237859  3.50494695  3.64554501  2.89498186  4.05400515
   3.36544633  3.79749918  3.62098742  3.74628067]
 [ 5.06223774  4.34645844  6.0684495   6.55300093  5.61792135  5.45739937
   4.69143343  5.48150206  4.81608248  5.37008619  4.12765503  5.62099123
   5.25497818  4.73937082  4.81397009  4.62280941]]
Difference:
 [[ -5.80859184e-01  -5.13643265e-01  -4.23841000e-01  -4.74982262e-01
   -1.24944210e-01  -1.99430466e-01  -7.12033510e-01  -7.13483810e-01
   -8.33907127e-02  -4.80375767e-01  -3.99714231e-01  -3.19975853e-01
   -2.47622967e-01  -7.20517635e-01  -3.75821352e-01  -6.68939352e-01]
 [ -6.96972847e-01  -4.61862087e-01   1.00684643e-01  -4.47918415e-01
    3.48502159e-01  -1.81490421e-01  -3.34370375e-01  -8.87341499e-01
    5.30554533e-01  -3.67885351e-01  -2.69445181e-01  -3.02918911e-01
    1.54769421e-01  -7.67229557e-01   2.05714703e-01  -8.60228777e-01]
 [ -1.25515795e+00  -3.33273649e-01  -2.30474377e+00  -1.73303318e+00
   -1.34714699e+00  -1.37268400e+00  -1.46820927e+00  -9.86845493e-01
   -2.48648643e-01  -1.13846445e+00  -9.21250343e-01  -8.04576874e-01
   -9.11315918e-01  -7.73235083e-01  -1.68741012e+00  -1.49109578e+00]
 [ -7.11025476e-01  -3.36086035e-01   3.44837189e-01   5.64915657e-01
    9.40159798e-01   1.18225288e+00   2.30991125e-01  -6.10472441e-01
   -4.78468418e-01  -1.96483612e-01   8.13472271e-02   4.75789547e-01
   -7.99947262e-01  -1.87221289e-01   4.10841942e-01   3.22663784e-01]
 [  3.22054386e-01  -2.20875740e-01  -3.76914501e-01  -7.39289761e-01
   -6.23636723e-01  -1.07395792e+00  -1.13262582e+00  -4.04143095e-01
    1.03440762e-01  -1.90596581e-01  -5.68732023e-01  -1.42059660e+00
    6.19220257e-01  -1.90941882e+00  -1.66192055e-01  -1.33253551e+00]
 [ -1.66762924e+00  -2.17556930e+00  -1.93698072e+00  -1.92151117e+00
   -1.26824045e+00  -8.16998482e-01  -1.98994184e+00  -1.38270473e+00
   -1.48128057e+00  -1.90979433e+00  -6.22467518e-01  -7.31709957e-01
   -1.77446890e+00  -1.32800484e+00  -1.48313332e+00  -1.31581473e+00]
 [  3.04439783e-01   2.58026361e-01   2.42397928e+00   1.45055676e+00
    1.95714951e+00   1.01929092e+00   1.30705643e+00  -2.59818792e-01
    1.53146291e+00   1.24775147e+00  -3.99978638e-01   7.29288101e-01
    1.58844304e+00   5.04640102e-01   5.92079878e-01   6.17310047e-01]
 [  1.94465399e-01  -3.60798836e-03  -5.53222179e-01  -2.11720943e-01
    4.31351423e-01   8.31210136e-01  -1.08751607e+00   9.15875435e-02
    8.79410982e-01  -5.91320992e-01   1.06144524e+00   6.52872086e-01
    3.55091095e-01   3.87379169e-01   1.52006149e-02   1.32360220e-01]
 [ -1.82939863e+00  -7.11395025e-01  -1.11474848e+00  -7.18710423e-01
   -5.95577002e-01  -6.27478123e-01  -4.53001499e-01  -2.00297379e+00
   -1.20067239e+00  -8.67105484e-01  -1.41282868e+00  -1.01361895e+00
   -1.86223102e+00  -1.70215273e+00  -4.51345205e-01  -1.36119866e+00]
 [ -5.60679197e-01  -1.08451962e+00  -1.28760576e+00  -1.46223736e+00
   -1.80398893e+00  -1.96612144e+00  -1.57235432e+00  -5.41797400e-01
   -1.04291511e+00  -1.23547268e+00  -6.04955912e-01  -1.17472601e+00
   -2.65215397e-01  -7.92292118e-01  -1.25115371e+00  -1.15506983e+00]
 [ -1.01619434e+00  -1.17400932e+00  -6.21072292e-01  -7.76007652e-01
   -6.95452213e-01  -7.18338013e-01  -1.19976521e+00  -5.98676205e-01
   -1.14513397e-01  -5.16222954e-01  -1.51844215e+00  -7.76645184e-01
   -8.89060497e-01  -1.34016800e+00  -4.80638504e-01  -1.06497931e+00]
 [ -5.02446175e-01   1.43575191e-01   1.68453693e-01   2.27880478e-02
    1.12718058e+00   1.11391878e+00   8.27312469e-04  -8.31278801e-01
    6.72306538e-01   2.07195282e-02   3.70366096e-01   5.04493237e-01
    5.97261429e-01   2.86841393e-02  -4.36228752e-01   2.20369339e-01]
 [  8.41815472e-01   8.04405451e-01   1.36093473e+00   1.17211342e+00
    4.15099144e-01   9.14115429e-01   5.70449352e-01   7.59907722e-01
    3.58170748e-01   8.35339546e-01   2.44776726e-01   1.11815929e-01
    1.19398594e-01   2.81650066e-01   1.62733269e+00   6.52523756e-01]
 [ -7.99343586e-02  -2.10284948e-01  -1.62185645e+00  -1.02765894e+00
   -1.02416277e+00  -1.10700130e+00  -1.35539389e+00  -7.07864761e-04
    5.73119164e-01  -9.25461054e-01   4.77920532e-01  -2.98705101e-02
    5.19299030e-01  -7.18145370e-02  -7.64808893e-01  -8.20082426e-01]
 [ -1.19314742e+00  -1.43588924e+00  -9.50192451e-01  -1.05091953e+00
   -1.64918900e-02  -4.69859600e-01  -7.58502960e-01  -1.10160494e+00
   -1.28682804e+00  -8.39038134e-01  -6.96025133e-01  -1.17245865e+00
   -1.07746625e+00  -1.91447878e+00  -5.69577456e-01  -1.12260652e+00]
 [  7.56947279e-01   8.01458597e-01   9.44358349e-01   4.82021332e-01
    1.18872881e+00   1.10528088e+00   4.79942560e-01   4.39259768e-01
    8.56882334e-01   7.00224876e-01   4.58235025e-01   1.25996161e+00
    1.27432036e+00   1.71774149e-01  -2.90985107e-02  -3.40083599e-01]
 [ -2.25512600e+00  -1.85137725e+00  -1.58796549e+00  -1.78400278e+00
   -1.15413189e+00  -1.36277580e+00  -1.41435504e+00  -2.99110079e+00
   -1.35578036e+00  -1.98171949e+00  -1.44666791e+00  -1.73829126e+00
   -2.02210164e+00  -1.32761455e+00  -1.39418578e+00  -1.23465824e+00]]

FAILED! Dimensions:  (17, 17, 16)  Method:  CudaSharedMemory
Result:
 [[ 3.7575295   4.25248241  2.9324553   3.58261657  4.09293079  4.76473713
   3.7470808   4.53638601  3.37189317  4.33781433  3.59629011  4.45786619
   4.44870424  3.63537073  4.90046597  4.28655815  3.7575295 ]
 [ 4.25248241  2.9324553   3.58261657  4.09293079  4.76473713  3.7470808
   4.53638601  3.37189317  4.33781433  3.59629011  4.45786619  4.44870424
   3.63537073  4.90046597  4.28655815  4.36276627  3.84243083]
 [ 4.17601776  3.597157    4.14758205  3.81737018  4.55928516  5.16089153
   4.2544241   3.38269472  5.30999613  3.9672842   4.85214233  4.81431961
   3.75491834  5.56443644  4.36276627  3.18905568  3.32233214]
 [ 3.62535334  2.80034375  3.96552706  3.37394476  4.92976332  3.76277375
   4.03904724  3.02581549  4.09627295  3.9738884   4.33219242  3.789083
   3.14675474  4.07412767  3.18905568  3.86086607  3.64167523]
 [ 4.36565447  3.93509865  3.73189712  3.75264692  5.32909346  4.27035856
   4.81354809  3.90650272  4.51732254  4.48739004  4.70592308  4.95393372
   3.23461342  5.2390542   3.86086607  3.26115465  4.05651045]
 [ 4.13184929  3.417835    4.2178483   4.18975544  5.39365721  4.7268219
   4.29451513  2.90264368  4.7038765   4.0567503   5.66759253  4.41952753
   3.83910036  5.19258118  3.26115465  3.4585371   3.83515501]
 [ 4.22691202  3.34017062  4.61679602  3.75351453  5.64019728  4.17910624
   5.01603031  3.28873801  4.98183918  4.12406778  5.08635283  3.98223567
   3.79236341  4.6014576   3.4585371   4.24421072  4.10343456]
 [ 4.20114994  3.29196692  3.52996778  3.75517726  5.14419365  4.46362877
   4.65732288  3.47931218  5.13289547  4.06676769  4.77575254  4.14306688
   3.58569694  4.61377907  4.24421072  4.35769081  3.94965267]
 [ 4.948843    3.11699963  4.09499359  3.23629951  4.99056768  4.73107576
   4.19934559  3.53840518  4.45681667  4.05204821  4.45804882  4.63898182
   3.10108066  4.86503649  4.35769081  3.3782351   4.20792723]
 [ 4.34017801  3.61142397  4.35455227  3.21163487  5.39552307  4.4895978
   4.6567421   3.2167697   5.04316044  4.1214118   5.81391191  4.65629053
   3.44972324  5.29068375  3.3782351   3.63201022  3.34319711]
 [ 4.00534964  2.65512729  3.61593294  3.24951243  3.76920795  3.18809462
   3.96165133  2.9898138   3.80474329  3.07995081  3.85921812  3.31079006
   2.73975992  4.33584547  3.63201022  2.89397478  3.66198611]
 [ 3.30678177  2.38956046  3.12008142  3.35322118  4.36641073  3.56673455
   3.58366656  2.8485229   3.44927073  3.46013498  4.00649929  3.72129297
   3.29989314  3.80494285  2.89397478  3.18806624  3.27793264]
 [ 3.24848509  3.25292635  3.95013833  3.67223525  4.30021429  4.42512941
   4.3176589   2.71966624  4.88236952  3.36472917  4.67290878  4.03879595
   3.83489728  4.97937727  3.18806624  3.70300174  3.45662737]
 [ 4.17195034  2.84328914  3.49087238  3.25891519  4.22387838  4.30178785
   4.026474    3.11836219  3.96997571  3.22489572  3.59968734  4.07189369
   3.09471345  4.48933697  3.70300174  3.29367208  2.75696516]
 [ 3.16336298  2.54362607  3.01456451  2.77118063  4.38800764  4.04215574
   3.30434871  2.92898917  3.75379062  3.55476546  3.37795901  3.92479634
   2.95715332  3.9016428   3.29367208  5.0153327   4.56318092]
 [ 5.23135328  3.72773838  4.04638624  4.32612705  5.43858433  5.00808525
   4.57992077  4.09712362  5.32634878  4.57456779  5.74014473  5.00093222
   4.01473331  5.96310568  5.0153327   3.72810006  3.68515158]
 [ 7.50812817  7.31564093  6.49129677  6.47194767  8.96209717  8.72806644
   7.907866    8.00269985  8.07122326  8.4614315   8.13836002  8.6739006
   7.76357079  7.95631838  8.62856579  4.28655815  3.7575295 ]]
Expected:
 [[ 3.7575295   4.25248241  2.9324553   3.58261657  4.09293079  4.76473713
   3.7470808   4.53638601  3.37189317  4.33781433  3.59629011  4.45786619
   4.44870424  3.63537073  4.90046597  4.28655815  4.12654591]
 [ 3.84243083  4.17601776  3.597157    4.14758205  3.81737018  4.55928516
   5.16089153  4.2544241   3.38269472  5.30999613  3.9672842   4.85214233
   4.81431961  3.75491834  5.56443644  4.36276627  4.90313625]
 [ 3.32233214  3.62535334  2.80034375  3.96552706  3.37394476  4.92976332
   3.76277375  4.03904724  3.02581549  4.09627295  3.9738884   4.33219242
   3.789083    3.14675474  4.07412767  3.18905568  3.9479053 ]
 [ 3.64167523  4.36565447  3.93509865  3.73189712  3.75264692  5.32909346
   4.27035856  4.81354809  3.90650272  4.51732254  4.48739004  4.70592308
   4.95393372  3.23461342  5.2390542   3.86086607  4.4320631 ]
 [ 4.05651045  4.13184929  3.417835    4.2178483   4.18975544  5.39365721
   4.7268219   4.29451513  2.90264368  4.7038765   4.0567503   5.66759253
   4.41952753  3.83910036  5.19258118  3.26115465  4.70820856]
 [ 3.83515501  4.22691202  3.34017062  4.61679602  3.75351453  5.64019728
   4.17910624  5.01603031  3.28873801  4.98183918  4.12406778  5.08635283
   3.98223567  3.79236341  4.6014576   3.4585371   4.33463144]
 [ 4.10343456  4.20114994  3.29196692  3.52996778  3.75517726  5.14419365
   4.46362877  4.65732288  3.47931218  5.13289547  4.06676769  4.77575254
   4.14306688  3.58569694  4.61377907  4.24421072  4.19895315]
 [ 3.94965267  4.948843    3.11699963  4.09499359  3.23629951  4.99056768
   4.73107576  4.19934559  3.53840518  4.45681667  4.05204821  4.45804882
   4.63898182  3.10108066  4.86503649  4.35769081  4.87933779]
 [ 4.20792723  4.34017801  3.61142397  4.35455227  3.21163487  5.39552307
   4.4895978   4.6567421   3.2167697   5.04316044  4.1214118   5.81391191
   4.65629053  3.44972324  5.29068375  3.3782351   4.14659595]
 [ 3.34319711  4.00534964  2.65512729  3.61593294  3.24951243  3.76920795
   3.18809462  3.96165133  2.9898138   3.80474329  3.07995081  3.85921812
   3.31079006  2.73975992  4.33584547  3.63201022  3.94944   ]
 [ 3.66198611  3.30678177  2.38956046  3.12008142  3.35322118  4.36641073
   3.56673455  3.58366656  2.8485229   3.44927073  3.46013498  4.00649929
   3.72129297  3.29989314  3.80494285  2.89397478  3.53628922]
 [ 3.27793264  3.24848509  3.25292635  3.95013833  3.67223525  4.30021429
   4.42512941  4.3176589   2.71966624  4.88236952  3.36472917  4.67290878
   4.03879595  3.83489728  4.97937727  3.18806624  4.09817839]
 [ 3.45662737  4.17195034  2.84328914  3.49087238  3.25891519  4.22387838
   4.30178785  4.026474    3.11836219  3.96997571  3.22489572  3.59968734
   4.07189369  3.09471345  4.48933697  3.70300174  4.5583005 ]
 [ 2.75696516  3.16336298  2.54362607  3.01456451  2.77118063  4.38800764
   4.04215574  3.30434871  2.92898917  3.75379062  3.55476546  3.37795901
   3.92479634  2.95715332  3.9016428   3.29367208  3.45880747]
 [ 4.56318092  5.23135328  3.72773838  4.04638624  4.32612705  5.43858433
   5.00808525  4.57992077  4.09712362  5.32634878  4.57456779  5.74014473
   5.00093222  4.01473331  5.96310568  5.0153327   5.23833609]
 [ 3.68515158  3.75059843  3.06315851  3.55884123  2.88933086  4.86916637
   3.96332908  4.1607852   3.46631384  4.69932985  4.1236167   4.54206991
   4.21603394  3.3148663   4.32094765  3.72810006  3.66695881]
 [ 3.64866972  4.42665434  3.0052979   3.62292647  3.49552703  4.86451006
   3.95923543  4.23874569  3.70181251  4.66949558  4.13269377  4.83986712
   4.13220453  3.27600765  4.4610095   4.28654623  4.18025827]]
Difference:
 [[  0.00000000e+00   0.00000000e+00   0.00000000e+00   0.00000000e+00
    0.00000000e+00   0.00000000e+00   0.00000000e+00   0.00000000e+00
    0.00000000e+00   0.00000000e+00   0.00000000e+00   0.00000000e+00
    0.00000000e+00   0.00000000e+00   0.00000000e+00   0.00000000e+00
   -3.69016409e-01]
 [  4.10051584e-01  -1.24356246e+00  -1.45404339e-02  -5.46512604e-02
    9.47366953e-01  -8.12204361e-01  -6.24505520e-01  -8.82530928e-01
    9.55119610e-01  -1.71370602e+00   4.90581989e-01  -4.03438091e-01
   -1.17894888e+00   1.14554763e+00  -1.27787828e+00   0.00000000e+00
   -1.06070542e+00]
 [  8.53685617e-01  -2.81963348e-02   1.34723830e+00  -1.48156881e-01
    1.18534040e+00   2.31128216e-01   4.91650343e-01  -6.56352520e-01
    2.28418064e+00  -1.28988743e-01   8.78253937e-01   4.82127190e-01
   -3.41646671e-02   2.41768169e+00   2.88638592e-01   0.00000000e+00
   -6.25573158e-01]
 [ -1.63218975e-02  -1.56531072e+00   3.04284096e-02  -3.57952356e-01
    1.17711639e+00  -1.56631970e+00  -2.31311321e-01  -1.78773260e+00
    1.89770222e-01  -5.43434143e-01  -1.55197620e-01  -9.16840076e-01
   -1.80717897e+00   8.39514256e-01  -2.04999852e+00   0.00000000e+00
   -7.90387869e-01]
 [  3.09144020e-01  -1.96750641e-01   3.14062119e-01  -4.65201378e-01
    1.13933802e+00  -1.12329865e+00   8.67261887e-02  -3.88012409e-01
    1.61467886e+00  -2.16486454e-01   6.49172783e-01  -7.13658810e-01
   -1.18491411e+00   1.39995384e+00  -1.33171511e+00   0.00000000e+00
   -6.51698112e-01]
 [  2.96694279e-01  -8.09077024e-01   8.77677679e-01  -4.27040577e-01
    1.64014268e+00  -9.13375378e-01   1.15408897e-01  -2.11338663e+00
    1.41513848e+00  -9.25088882e-01   1.54352474e+00  -6.66825294e-01
   -1.43135309e-01   1.40021777e+00  -1.34030294e+00   0.00000000e+00
   -4.99476433e-01]
 [  1.23477459e-01  -8.60979319e-01   1.32482910e+00   2.23546743e-01
    1.88502002e+00  -9.65087414e-01   5.52401543e-01  -1.36858487e+00
    1.50252700e+00  -1.00882769e+00   1.01958513e+00  -7.93516874e-01
   -3.50703478e-01   1.01576066e+00  -1.15524197e+00   0.00000000e+00
   -9.55185890e-02]
 [  2.51497269e-01  -1.65687609e+00   4.12968159e-01  -3.39816332e-01
    1.90789413e+00  -5.26938915e-01  -7.37528801e-02  -7.20033407e-01
    1.59449029e+00  -3.90048981e-01   7.23704338e-01  -3.14981937e-01
   -1.05328488e+00   1.51269841e+00  -6.20825768e-01   0.00000000e+00
   -9.29685116e-01]
 [  7.40915775e-01  -1.22317839e+00   4.83569622e-01  -1.11825275e+00
    1.77893281e+00  -6.64447308e-01  -2.90252209e-01  -1.11833692e+00
    1.24004698e+00  -9.91112232e-01   3.36637020e-01  -1.17493010e+00
   -1.55520988e+00   1.41531324e+00  -9.32992935e-01   0.00000000e+00
    6.13312721e-02]
 [  9.96980906e-01  -3.93925667e-01   1.69942498e+00  -4.04298067e-01
    2.14601064e+00   7.20389843e-01   1.46864748e+00  -7.44881630e-01
    2.05334663e+00   3.16668510e-01   2.73396111e+00   7.97072411e-01
    1.38933182e-01   2.55092382e+00  -9.57610369e-01   0.00000000e+00
   -6.06242895e-01]
 [  3.43363523e-01  -6.51654482e-01   1.22637248e+00   1.29431009e-01
    4.15986776e-01  -1.17831612e+00   3.94916773e-01  -5.93852758e-01
    9.56220388e-01  -3.69319916e-01   3.99083138e-01  -6.95709229e-01
   -9.81533051e-01   1.03595233e+00  -1.72932625e-01   0.00000000e+00
    1.25696898e-01]
 [  2.88491249e-02  -8.58924627e-01  -1.32844925e-01  -5.96917152e-01
    6.94175482e-01  -7.33479738e-01  -8.41462851e-01  -1.46913600e+00
    7.29604483e-01  -1.42223454e+00   6.41770124e-01  -9.51615810e-01
   -7.38902807e-01  -2.99544334e-02  -2.08540249e+00   0.00000000e+00
   -8.20245743e-01]
 [ -2.08142281e-01  -9.19023991e-01   1.10684919e+00   1.81362867e-01
    1.04129910e+00   2.01251030e-01   1.58710480e-02  -1.30680776e+00
    1.76400733e+00  -6.05246544e-01   1.44801307e+00   4.39108610e-01
   -2.36996412e-01   1.88466382e+00  -1.30127072e+00   0.00000000e+00
   -1.10167313e+00]
 [  1.41498518e+00  -3.20073843e-01   9.47246313e-01   2.44350672e-01
    1.45269775e+00  -8.62197876e-02  -1.56817436e-02  -1.85986519e-01
    1.04098654e+00  -5.28894901e-01   4.49218750e-02   6.93934679e-01
   -8.30082893e-01   1.53218365e+00  -1.98641062e-01   0.00000000e+00
   -7.01842308e-01]
 [ -1.39981794e+00  -2.68772721e+00  -7.13173866e-01  -1.27520561e+00
    6.18805885e-02  -1.39642859e+00  -1.70373654e+00  -1.65093160e+00
   -3.43333006e-01  -1.77158332e+00  -1.19660878e+00  -1.81534839e+00
   -2.04377890e+00  -1.13090515e-01  -2.66943359e+00   0.00000000e+00
   -6.75155163e-01]
 [  1.54620171e+00  -2.28600502e-02   9.83227730e-01   7.67285824e-01
    2.54925346e+00   1.38918877e-01   6.16591692e-01  -6.36615753e-02
    1.86003494e+00  -1.24762058e-01   1.61652803e+00   4.58862305e-01
   -2.01300621e-01   2.64823937e+00   6.94385052e-01   0.00000000e+00
    1.81927681e-02]
 [  3.85945845e+00   2.88898659e+00   3.48599887e+00   2.84902120e+00
    5.46656990e+00   3.86355639e+00   3.94863057e+00   3.76395416e+00
    4.36941051e+00   3.79193592e+00   4.00566626e+00   3.83403349e+00
    3.63136625e+00   4.68031073e+00   4.16755629e+00   1.19209290e-05
   -4.22728777e-01]]

FAILED! Dimensions:  (17, 17, 17)  Method:  CudaSharedMemory
Result:
 [[ 5.15381336  3.98292994  5.01748514  3.70289087  3.53321552  4.75474119
   3.76646948  3.84269333  4.23607779  5.42404461  3.94591999  3.49664879
   3.86865878  3.17450953  4.09022713  3.19143152  5.15381336]
 [ 3.98292994  5.01748514  3.70289087  3.53321552  4.75474119  3.76646948
   3.84269333  4.23607779  5.42404461  3.94591999  3.49664879  3.86865878
   3.17450953  4.09022713  3.19143152  3.44221497  4.66391325]
 [ 3.77923775  5.35588217  4.35013247  4.30566168  5.1479764   4.21300459
   4.13217306  5.01416016  5.40894222  4.29766846  3.29255509  4.39910412
   3.54708171  4.53699255  3.44221497  3.49546647  3.73364568]
 [ 3.08571649  4.22057152  2.88776731  3.75163531  4.37658024  3.41759658
   3.40885758  3.98225689  4.57692432  3.39990354  2.77267909  3.7444911
   3.12836242  3.3516984   3.49546647  3.00347924  3.29649067]
 [ 3.42851329  4.22016478  3.78689575  3.48271966  3.93542123  3.43292761
   3.16688728  3.19835758  4.15326738  3.5714643   3.38441944  3.62609863
   2.94892097  3.40525436  3.00347924  3.80727649  4.46773005]
 [ 3.86698246  5.3122592   3.91065764  4.35698175  5.18443346  4.30580044
   3.92592716  3.97433019  5.52314377  3.79371834  3.54881001  4.23942709
   3.29651427  3.78264737  3.80727649  3.66876769  3.84209061]
 [ 4.17337084  4.75437117  4.19604635  3.65663767  5.41359091  4.14700842
   4.19411182  3.97674251  5.22293329  3.75012922  3.37507153  4.20933247
   2.7519989   3.65818238  3.66876769  3.75352693  4.19417667]
 [ 4.37397909  5.21878529  4.13336611  4.95335293  5.53626871  4.60926294
   4.20427895  4.38424635  5.84040451  3.96104121  3.53929114  4.6917758
   3.74317932  4.33640528  3.75352693  3.15211582  5.23210335]
 [ 3.36871982  4.99391651  3.63428855  4.00449276  4.97337246  4.14791965
   3.91082692  4.32760239  5.52341175  3.72274423  3.13467097  3.92748666
   3.7549684   3.91811872  3.15211582  3.35521626  3.96690512]
 [ 3.45400047  4.75074005  3.89813924  3.73286295  5.22491407  3.97217536
   4.58457756  4.30998087  5.46672678  3.77280116  3.13526702  4.4576416
   3.06476974  3.92174697  3.35521626  3.24499989  4.43031359]
 [ 4.53727388  5.62320805  3.91067672  5.05478573  5.60188866  4.95690823
   4.528337    5.12849903  6.31939793  3.84958529  3.07814145  4.71903086
   3.74917483  4.68740463  3.24499989  3.81255651  3.89405656]
 [ 3.84001994  5.03741312  3.68529296  4.04279518  5.14650726  4.05245876
   4.25358438  4.64462137  5.17466784  3.80822062  3.48079252  4.79974937
   3.13597274  3.88097405  3.81255651  4.2781353   4.48949718]
 [ 4.22557592  4.88189459  4.18185377  3.95180821  5.38761044  4.17272234
   4.28382063  3.9241631   5.2174325   3.74498129  4.15973902  4.5882864
   3.41015792  4.14522266  4.2781353   3.52863646  3.34314442]
 [ 3.74772477  4.73007298  3.19531727  3.35819387  4.69094801  3.3259697
   3.38244557  3.71263075  4.94571924  2.64315748  2.82727003  3.46595263
   2.82845879  3.22560024  3.52863646  4.24622583  4.10414314]
 [ 3.55021667  4.94519424  3.39243555  3.1368413   5.07417059  3.01837158
   4.5021224   3.77617741  5.37869072  3.65652299  3.66478634  4.39589691
   3.45594215  3.62304568  4.24622583  3.0023284   3.72285986]
 [ 3.04237413  3.6891284   3.42914462  3.51693892  4.73967266  3.63131499
   4.33341503  3.75713348  4.54805517  4.26141214  2.99817467  4.31295633
   3.11881995  3.22148538  3.0023284   3.87347531  4.20571804]
 [ 3.5669651   4.41727448  3.15408659  3.17771268  4.85628319  3.32783246
   4.10669231  3.96005535  5.145051    3.43986392  3.40196943  4.13080072
   3.59720135  3.61271715  3.87347531  3.19143152  5.15381336]]
Expected:
 [[ 4.23735189  3.89737415  4.93828773  3.68871617  3.49296379  4.69808435
   3.742347    3.8279736   4.17779541  5.35542917  3.86230683  3.41328669
   3.83000922  3.15882635  4.03077841  3.14293122  3.31092286]
 [ 4.96464443  4.30115509  5.83901167  4.43660164  4.55120993  5.49360275
   4.36015987  4.22196817  5.36970139  5.82751799  4.80773449  3.80109072
   4.63487911  3.64275408  4.89964819  3.73808312  4.35439396]
 [ 3.78261852  3.17070842  4.29924679  2.90184855  3.79162169  4.43286419
   3.44156003  3.42348027  4.04015541  4.64508772  3.48296547  2.85549188
   3.78288603  3.14394212  3.41075516  3.54364729  2.73981071]
 [ 3.36135721  3.5410893   4.3243742   3.805547    3.53568363  4.00997162
   3.46466851  3.18625593  3.27504683  4.24355268  3.68148398  3.49410892
   3.67695451  2.96955729  3.48347807  3.06729698  3.05495453]
 [ 4.77667761  4.4031601   5.80858898  3.99948955  4.60923862  5.53950357
   4.45697641  4.0181756   4.33958578  5.95315599  4.31772041  4.07123995
   4.48164415  3.39480066  4.15521145  4.11122847  3.87728262]
 [ 4.3842392   5.11426735  5.62534237  4.35193062  4.0993042   6.03667593
   4.41229534  4.35599184  4.61770153  5.97752905  4.66966009  4.29184389
   4.63438082  2.924474    4.3119669   4.20214987  4.36119509]
 [ 4.62856483  5.12785769  5.91663742  4.25826597  5.30803251  6.03550577
   4.82181978  4.33398294  4.89780474  6.44501257  4.69780111  4.27384043
   5.0323391   3.88137221  4.86023998  4.18089104  4.61595201]
 [ 5.75546312  4.27700853  5.83470297  3.78477049  4.43181801  5.57486343
   4.40401268  4.06709671  4.94634819  6.25185585  4.61040783  4.01967144
   4.33780432  3.92146611  4.54924536  3.66701293  3.93802047]
 [ 4.01483917  3.53718996  4.82774687  3.91192174  3.77200127  5.28000402
   3.99563074  4.5988903   4.36665106  5.5334444   3.85410142  3.21632338
   4.49522209  3.08001924  3.97955132  3.40237522  3.83643723]
 [ 4.81221867  5.20006895  6.23674536  4.02048635  5.36661291  6.04080772
   5.14378405  4.64237022  5.58000946  6.85095692  4.49732971  3.72394252
   5.0184474   3.87067127  5.14794922  3.62072968  4.26261377]
 [ 4.02495384  4.06719112  5.24770164  3.72292995  4.14967299  5.29694557
   4.11650991  4.29266882  4.79937553  5.35685825  4.03023338  3.70213938
   4.90237379  3.1776154   4.03882456  3.94133711  3.72064424]
 [ 4.90655899  4.94938469  5.55191135  4.30177164  4.29234076  5.86693478
   4.37680101  4.40835094  4.41723728  5.79792452  4.45235395  4.86498976
   4.91526556  3.54283881  4.64816332  4.6884532   4.14106035]
 [ 3.75105095  4.45564461  5.3853817   3.312603    3.69125128  5.15974998
   3.52556849  3.50424242  4.19488096  5.51346827  3.33500218  3.51703906
   3.78575397  2.95822716  3.71750021  3.92994714  3.06835294]
 [ 4.23655224  3.78001237  5.15791178  3.43050718  3.24495411  5.22634697
   3.08316278  4.5416584   3.93271923  5.5629859   3.88110065  3.88869023
   4.49970675  3.49806595  3.78271985  4.37649393  2.52403712]
 [ 4.20062494  3.87153387  4.45666647  3.56651688  3.9070363   5.28876257
   3.86509752  4.47607088  4.32197523  5.21303844  5.07174349  3.8060751
   4.68752766  3.27081251  3.79762912  3.47236824  4.59934998]
 [ 4.52350807  4.11848831  4.92780972  3.24546099  3.43718958  5.22151566
   3.48333502  4.201581    4.33576488  5.58737087  3.97886348  3.9393518
   4.37995052  3.6983006   3.9959445   4.18612671  2.67020655]
 [ 4.88752222  5.39971972  6.939744    4.61350346  5.09974718  6.79434538
   4.54310274  5.4301939   6.24696255  7.28866625  5.71340656  4.78398752
   6.15965366  4.61773443  5.43503237  5.25379896  4.31311655]]
Difference:
 [[  9.16461468e-01   8.55557919e-02   7.91974068e-02   1.41746998e-02
    4.02517319e-02   5.66568375e-02   2.41224766e-02   1.47197247e-02
    5.82823753e-02   6.86154366e-02   8.36131573e-02   8.33621025e-02
    3.86495590e-02   1.56831741e-02   5.94487190e-02   4.85002995e-02
    1.84289050e+00]
 [ -9.81714487e-01   7.16330051e-01  -2.13612080e+00  -9.03386116e-01
    2.03531265e-01  -1.72713327e+00  -5.17466545e-01   1.41096115e-02
    5.43432236e-02  -1.88159800e+00  -1.31108570e+00   6.75680637e-02
   -1.46036959e+00   4.47473049e-01  -1.70821667e+00  -2.95868158e-01
    3.09519291e-01]
 [ -3.38077545e-03   2.18517375e+00   5.08856773e-02   1.40381312e+00
    1.35635471e+00  -2.19859600e-01   6.90613031e-01   1.59067988e+00
    1.36878681e+00  -3.47419262e-01  -1.90410376e-01   1.54361224e+00
   -2.35804319e-01   1.39305043e+00   3.14598083e-02  -4.81808186e-02
    9.93834972e-01]
 [ -2.75640726e-01   6.79482222e-01  -1.43660688e+00  -5.39116859e-02
    8.40896606e-01  -5.92375040e-01  -5.58109283e-02   7.96000957e-01
    1.30187750e+00  -8.43649149e-01  -9.08804893e-01   2.50382185e-01
   -5.48592091e-01   3.82141113e-01   1.19884014e-02  -6.38177395e-02
    2.41536140e-01]
 [ -1.34816432e+00  -1.82995319e-01  -2.02169323e+00  -5.16769886e-01
   -6.73817396e-01  -2.10657597e+00  -1.29008913e+00  -8.19818020e-01
   -1.86318398e-01  -2.38169169e+00  -9.33300972e-01  -4.45141315e-01
   -1.53272319e+00   1.04537010e-02  -1.15173221e+00  -3.03951979e-01
    5.90447426e-01]
 [ -5.17256737e-01   1.97991848e-01  -1.71468472e+00   5.05113602e-03
    1.08512926e+00  -1.73087549e+00  -4.86368179e-01  -3.81661654e-01
    9.05442238e-01  -2.18381071e+00  -1.12085009e+00  -5.24168015e-02
   -1.33786654e+00   8.58173370e-01  -5.04690409e-01  -5.33382177e-01
   -5.19104481e-01]
 [ -4.55193996e-01  -3.73486519e-01  -1.72059107e+00  -6.01628304e-01
    1.05558395e-01  -1.88849735e+00  -6.27707958e-01  -3.57240438e-01
    3.25128555e-01  -2.69488335e+00  -1.32272959e+00  -6.45079613e-02
   -2.28034019e+00  -2.23189831e-01  -1.19147229e+00  -4.27364111e-01
   -4.21775341e-01]
 [ -1.38148403e+00   9.41776752e-01  -1.70133686e+00   1.16858244e+00
    1.10445070e+00  -9.65600491e-01  -1.99733734e-01   3.17149639e-01
    8.94056320e-01  -2.29081464e+00  -1.07111669e+00   6.72104359e-01
   -5.94624996e-01   4.14939165e-01  -7.95718431e-01  -5.14897108e-01
    1.29408288e+00]
 [ -6.46119356e-01   1.45672655e+00  -1.19345832e+00   9.25710201e-02
    1.20137119e+00  -1.13208437e+00  -8.48038197e-02  -2.71287918e-01
    1.15676069e+00  -1.81070018e+00  -7.19430447e-01   7.11163282e-01
   -7.40253687e-01   8.38099480e-01  -8.27435493e-01  -4.71589565e-02
    1.30467892e-01]
 [ -1.35821819e+00  -4.49328899e-01  -2.33860612e+00  -2.87623405e-01
   -1.41698837e-01  -2.06863236e+00  -5.59206486e-01  -3.32389355e-01
   -1.13282681e-01  -3.07815576e+00  -1.36206269e+00   7.33699083e-01
   -1.95367765e+00   5.10756969e-02  -1.79273295e+00  -3.75729799e-01
    1.67699814e-01]
 [  5.12320042e-01   1.55601692e+00  -1.33702493e+00   1.33185577e+00
    1.45221567e+00  -3.40037346e-01   4.11827087e-01   8.35830212e-01
    1.52002239e+00  -1.50727296e+00  -9.52091932e-01   1.01689148e+00
   -1.15319896e+00   1.50978923e+00  -7.93824673e-01  -1.28780603e-01
    1.73412323e-01]
 [ -1.06653905e+00   8.80284309e-02  -1.86661839e+00  -2.58976460e-01
    8.54166508e-01  -1.81447601e+00  -1.23216629e-01   2.36270428e-01
    7.57430553e-01  -1.98970389e+00  -9.71561432e-01  -6.52403831e-02
   -1.77929282e+00   3.38135242e-01  -8.35606813e-01  -4.10317898e-01
    3.48436832e-01]
 [  4.74524975e-01   4.26249981e-01  -1.20352793e+00   6.39205217e-01
    1.69635916e+00  -9.87027645e-01   7.58252144e-01   4.19920683e-01
    1.02255154e+00  -1.76848698e+00   8.24736834e-01   1.07124734e+00
   -3.75596046e-01   1.18699551e+00   5.60635090e-01  -4.01310682e-01
    2.74791479e-01]
 [ -4.88827467e-01   9.50060606e-01  -1.96259451e+00  -7.23133087e-02
    1.44599390e+00  -1.90037727e+00   2.99282789e-01  -8.29027653e-01
    1.01300001e+00  -2.91982841e+00  -1.05383062e+00  -4.22737598e-01
   -1.67124796e+00  -2.72465706e-01  -2.54083395e-01  -1.30268097e-01
    1.58010602e+00]
 [ -6.50408268e-01   1.07366037e+00  -1.06423092e+00  -4.29675579e-01
    1.16713428e+00  -2.27039099e+00   6.37024879e-01  -6.99893475e-01
    1.05671549e+00  -1.55651546e+00  -1.40695715e+00   5.89821815e-01
   -1.23158550e+00   3.52233171e-01   4.48596716e-01  -4.70039845e-01
   -8.76490116e-01]
 [ -1.48113394e+00  -4.29359913e-01  -1.49866509e+00   2.71477938e-01
    1.30248308e+00  -1.59020066e+00   8.50080013e-01  -4.44447517e-01
    2.12290287e-01  -1.32595873e+00  -9.80688810e-01   3.73604536e-01
   -1.26113057e+00  -4.76815224e-01  -9.93616104e-01  -3.12651396e-01
    1.53551149e+00]
 [ -1.32055712e+00  -9.82445240e-01  -3.78565741e+00  -1.43579078e+00
   -2.43463993e-01  -3.46651292e+00  -4.36410427e-01  -1.47013855e+00
   -1.10191154e+00  -3.84880233e+00  -2.31143713e+00  -6.53186798e-01
   -2.56245232e+00  -1.00501728e+00  -1.56155705e+00  -2.06236744e+00
    8.40696812e-01]]

Method: CudaSharedMemory          , dims: (16, 16, 16)        , pass(1)/fail(0): 1,	 time (s): 0.003508329391479492

Method: CudaSharedMemory          , dims: (16, 16, 17)        , pass(1)/fail(0): 0,	 time (s): 0.003192424774169922

Method: CudaSharedMemory          , dims: (16, 17, 16)        , pass(1)/fail(0): 0,	 time (s): 0.001888275146484375

Method: CudaSharedMemory          , dims: (16, 17, 17)        , pass(1)/fail(0): 0,	 time (s): 0.0017790794372558594

Method: CudaSharedMemory          , dims: (17, 16, 16)        , pass(1)/fail(0): 0,	 time (s): 0.0019371509552001953

Method: CudaSharedMemory          , dims: (17, 16, 17)        , pass(1)/fail(0): 0,	 time (s): 0.0017833709716796875

Method: CudaSharedMemory          , dims: (17, 17, 16)        , pass(1)/fail(0): 0,	 time (s): 0.0018825531005859375

Method: CudaSharedMemory          , dims: (17, 17, 17)        , pass(1)/fail(0): 0,	 time (s): 0.0018129348754882812

