Device name: b'Tesla K80'
Compute capability: (3, 7)
Total global memory (GB): 11.173095703125
Free global memory (GB): 11.115966796875
Used global memory (GB): 0.05712890625
Max threads per block: 1024
Max block dimensions: x=1024, y=1024, z=64
Max grid dimensions: x=2147483647, y=65535, z=65535
Max shared memory per block (KB): 48.0
FAILED! Dimensions:  (2, 2, 2)  Method:  CudaSharedMemoryGeneral
Result:
 [[ 0.49814996  0.42660505]
 [ 0.73300719  0.59582663]]
Expected:
 [[ 0.49814996  0.73300713]
 [ 0.42660508  0.59582663]]

FAILED! Dimensions:  (2, 2, 3)  Method:  CudaSharedMemoryGeneral
Result:
 [[ 1.13334286  0.62541747]
 [ 0.6815533   0.92030668]]
Expected:
 [[ 1.13334286  0.68155324]
 [ 0.62541747  0.92030668]]

FAILED! Dimensions:  (2, 3, 2)  Method:  CudaSharedMemoryGeneral
Result:
 [[ 0.75310642  0.96408564  0.        ]
 [ 0.09044617  0.          0.        ]]
Expected:
 [[ 0.75310636  0.09044617  0.72422898]
 [ 0.96408564  0.11294499  0.7945776 ]]

FAILED! Dimensions:  (2, 3, 3)  Method:  CudaSharedMemoryGeneral
Result:
 [[ 0.88687706  1.20680785  0.        ]
 [ 0.57772857  0.14482489  0.50680321]]
Expected:
 [[ 0.88687706  0.57772857  0.29097122]
 [ 1.20680785  0.78688085  0.51146996]]

FAILED! Dimensions:  (3, 2, 2)  Method:  CudaSharedMemoryGeneral
Result:
 [[ 0.45804888  0.20267774]
 [ 0.3297582   0.20028763]
 [ 0.          0.        ]]
Expected:
 [[ 0.45804888  0.32975817]
 [ 0.20267774  0.20028763]
 [ 0.06693677  0.1590126 ]]

FAILED! Dimensions:  (3, 2, 3)  Method:  CudaSharedMemoryGeneral
Result:
 [[ 0.47651169  0.29781547]
 [ 1.10779762  0.80354488]
 [ 0.          0.        ]]
Expected:
 [[ 0.47651169  1.10779774]
 [ 0.29781547  0.80354488]
 [ 0.50135332  1.10994804]]

FAILED! Dimensions:  (3, 3, 2)  Method:  CudaSharedMemoryGeneral
Result:
 [[ 0.16579553  0.14267896  0.11602785]
 [ 0.98755556  0.          0.        ]
 [ 0.44425249  0.53306925  0.4270215 ]]
Expected:
 [[ 0.16579553  0.98755556  0.44425249]
 [ 0.14267895  1.08777952  0.53306925]
 [ 0.11602784  0.87437344  0.4270215 ]]

FAILED! Dimensions:  (3, 3, 3)  Method:  CudaSharedMemoryGeneral
Result:
 [[ 0.10382707  0.26526001  0.35312602]
 [ 0.49804541  0.          0.        ]
 [ 0.43144748  0.62355202  0.76404119]]
Expected:
 [[ 0.10382706  0.49804541  0.43144748]
 [ 0.26526001  0.63830853  0.62355202]
 [ 0.35312599  0.81625187  0.76404124]]

Method: CudaSharedMemoryGeneral   , dims: (2, 2, 2)           , pass(1)/fail(0): 0,	 time (s): 0.002117156982421875

Method: CudaSharedMemoryGeneral   , dims: (2, 2, 3)           , pass(1)/fail(0): 0,	 time (s): 0.001984834671020508

Method: CudaSharedMemoryGeneral   , dims: (2, 3, 2)           , pass(1)/fail(0): 0,	 time (s): 0.002081155776977539

Method: CudaSharedMemoryGeneral   , dims: (2, 3, 3)           , pass(1)/fail(0): 0,	 time (s): 0.0018968582153320312

Method: CudaSharedMemoryGeneral   , dims: (3, 2, 2)           , pass(1)/fail(0): 0,	 time (s): 0.002068042755126953

Method: CudaSharedMemoryGeneral   , dims: (3, 2, 3)           , pass(1)/fail(0): 0,	 time (s): 0.0019943714141845703

Method: CudaSharedMemoryGeneral   , dims: (3, 3, 2)           , pass(1)/fail(0): 0,	 time (s): 0.002763509750366211

Method: CudaSharedMemoryGeneral   , dims: (3, 3, 3)           , pass(1)/fail(0): 0,	 time (s): 0.002733945846557617

FAILED! Dimensions:  (5, 5, 5)  Method:  CudaSharedMemoryGeneral
Result:
 [[ 1.14753842  0.92989069  1.07122087  1.12733209  1.17893064]
 [ 0.          0.          0.          0.          0.        ]
 [ 0.89510989  1.22283673  1.1259377   1.31220472  1.37398863]
 [ 0.          0.          0.          0.          0.        ]
 [ 1.1097157   0.92552966  1.22402668  1.16450644  1.09068477]]
Expected:
 [[ 1.14753842  1.82524145  0.89510989  0.82189047  1.1097157 ]
 [ 0.92989069  2.11988997  1.22283673  1.01094258  0.9255296 ]
 [ 1.07122087  2.20012164  1.1259377   0.85833573  1.22402668]
 [ 1.12733209  1.91832888  1.31220472  0.94304234  1.16450644]
 [ 1.17893064  2.3055501   1.37398863  0.83823746  1.09068477]]

FAILED! Dimensions:  (5, 5, 7)  Method:  CudaSharedMemoryGeneral
Result:
 [[ 1.78138542  1.50549948  1.5158546   3.03842711  1.04199135]
 [ 1.2069      0.41439927  0.45509166  0.85132581  0.72396541]
 [ 1.62497807  1.82278883  1.63803089  2.51600003  1.48948336]
 [ 0.58409792  0.17233999  0.19542842  0.38256684  0.31679499]
 [ 2.31352687  1.55545616  1.10945714  2.5062747   1.52514815]]
Expected:
 [[ 1.78138542  2.23066092  1.62497795  1.7033416   2.31352711]
 [ 1.50549936  1.95122802  1.82278895  1.73555577  1.55545616]
 [ 1.51585472  1.66909182  1.63803089  1.76725185  1.10945714]
 [ 3.03842711  2.95386553  2.51600003  2.63194585  2.5062747 ]
 [ 1.04199135  1.41426623  1.48948336  1.4101969   1.52514815]]

FAILED! Dimensions:  (5, 7, 5)  Method:  CudaSharedMemoryGeneral
Result:
 [[ 0.92835951  1.19647062  1.3756777   1.00460947  1.01836574  0.          0.        ]
 [ 0.          0.          0.          0.          0.          0.          0.        ]
 [ 0.          0.          0.          0.          0.          0.          0.        ]
 [ 0.          0.          0.          0.          0.          0.          0.        ]
 [ 1.25500238  2.16070604  1.26228881  1.2030735   1.37918031  0.          0.        ]]
Expected:
 [[ 0.92835951  0.38755175  1.40117455  0.99739176  1.25500238  1.01209855
   0.94916576]
 [ 1.1964705   1.13128662  2.28837514  1.62473249  2.16070628  1.92116427
   1.11869955]
 [ 1.3756777   0.85021591  1.47105265  1.55539227  1.26228881  1.52756917
   0.94728154]
 [ 1.00460947  0.92760366  1.4170444   1.36123872  1.2030735   1.37743771
   0.75976324]
 [ 1.01836574  0.77708447  1.34942377  1.22736931  1.37918031  1.38578165
   0.89485431]]

FAILED! Dimensions:  (5, 7, 7)  Method:  CudaSharedMemoryGeneral
Result:
 [[ 1.89311421  1.97123539  2.70643997  2.6720705   2.07834172  0.          0.        ]
 [ 0.61285985  1.06601858  0.94697905  0.70710135  0.59020633  1.09672964
   0.43813339]
 [ 2.37974524  2.39321804  2.81413841  2.56276464  2.11130643  0.          0.        ]
 [ 0.24024345  0.56450665  0.42219523  0.41596597  0.41747546  0.50769085
   0.60956645]
 [ 0.72663563  0.62126935  0.86869544  0.61769956  0.49398997  1.00031078
   0.2746295 ]]
Expected:
 [[ 1.89311409  1.69350743  2.37974524  1.61890745  1.45036769  1.71993458
   2.31160378]
 [ 1.97123539  2.02710915  2.39321804  1.34207118  2.08857989  1.2513746
   2.13212967]
 [ 2.70643973  3.3910377   2.81413817  2.30615044  2.16853046  2.39874315
   3.30653572]
 [ 2.6720705   2.16202164  2.56276464  2.42268348  1.81347609  2.46671987
   2.99236107]
 [ 2.07834172  2.22281528  2.11130643  1.70111489  1.27895069  1.50298858
   2.28227448]]

FAILED! Dimensions:  (7, 5, 5)  Method:  CudaSharedMemoryGeneral
Result:
 [[ 0.26600242  0.29149812  0.60323101  0.74293768  0.66579336]
 [ 1.08867633  0.85047114  0.          0.          0.        ]
 [ 0.          0.          0.          0.          0.        ]
 [ 0.          0.          0.          0.          0.        ]
 [ 0.54103166  0.39095959  0.95815045  0.86670363  0.82090276]
 [ 1.6146872   1.22000432  0.          0.          0.        ]
 [ 0.          0.          0.          0.          0.        ]]
Expected:
 [[ 0.26600242  0.57145649  1.01216137  0.91494393  0.54103166]
 [ 0.29149812  0.97082567  0.26441783  0.88060182  0.39095959]
 [ 0.60323101  1.1587739   1.17693317  1.55853105  0.95815045]
 [ 0.74293768  0.93828666  0.80789316  1.10678577  0.86670363]
 [ 0.66579336  0.592776    0.75239694  0.89787936  0.82090282]
 [ 1.08867633  1.18893111  1.78570187  2.02152324  1.6146872 ]
 [ 0.85047114  1.39022064  0.83109462  1.86081123  1.22000432]]

FAILED! Dimensions:  (7, 5, 7)  Method:  CudaSharedMemoryGeneral
Result:
 [[ 0.6300149   2.2440567   1.39806557  1.75427043  1.66489112]
 [ 2.01381636  1.4459393   0.          0.          0.        ]
 [ 0.71786958  1.65723348  1.98842192  2.124295    2.58504534]
 [ 1.94263685  1.68114507  0.          0.          0.        ]
 [ 0.          0.          0.          0.          0.        ]
 [ 0.          0.          0.          0.          0.        ]
 [ 0.          0.          0.          0.          0.        ]]
Expected:
 [[ 0.6300149   0.93861151  0.71786958  0.7157352   0.87218952]
 [ 2.2440567   2.38896012  1.65723348  2.1774404   2.90329695]
 [ 1.39806557  2.24960518  1.98842204  1.52407217  2.0624702 ]
 [ 1.75427043  2.83341837  2.12429523  2.28386116  2.66088891]
 [ 1.66489124  2.77973127  2.58504534  1.83371937  2.31556988]
 [ 2.01381636  1.9447192   1.94263673  1.56379175  2.2123239 ]
 [ 1.4459393   2.42956161  1.68114495  1.59626293  1.95303035]]

FAILED! Dimensions:  (7, 7, 5)  Method:  CudaSharedMemoryGeneral
Result:
 [[ 0.70288777  1.35742402  1.32477808  1.46453393  1.27183843  0.63301581
   0.64675719]
 [ 0.          0.          0.          0.          0.          0.          0.        ]
 [ 0.63631773  1.48086429  0.94673568  1.10069251  1.11852789  0.47108224
   0.84201455]
 [ 0.          0.          0.          0.          0.          0.          0.        ]
 [ 0.50239992  1.66382265  1.60095584  1.13825107  1.14006686  0.38684848
   1.01234913]
 [ 0.          0.          0.          0.          0.          0.          0.        ]
 [ 0.          0.          0.          0.          0.          0.          0.        ]]
Expected:
 [[ 0.70288777  0.62533736  0.63631773  0.85931569  0.50239992  0.23039101
   0.44018111]
 [ 1.35742402  1.65045774  1.48086429  1.74180794  1.66382277  0.59713274
   1.32669497]
 [ 1.3247782   1.04431367  0.94673568  1.64661789  1.60095584  0.41346759
   0.919774  ]
 [ 1.46453393  1.05081236  1.10069251  1.43348551  1.13825107  0.4824321
   0.89681965]
 [ 1.27183843  1.1062988   1.11852789  1.34461319  1.14006698  0.45994672
   0.92223948]
 [ 0.63301581  0.44313362  0.47108221  0.71104211  0.38684851  0.18263745
   0.31651038]
 [ 0.64675713  1.01212668  0.84201455  1.09736466  1.01234913  0.30818832
   0.75634229]]

FAILED! Dimensions:  (7, 7, 7)  Method:  CudaSharedMemoryGeneral
Result:
 [[ 1.21250784  1.73773408  1.68287337  1.91570246  1.63599443  2.22053933
   1.26151657]
 [ 0.          0.          0.          0.          0.          0.          0.        ]
 [ 0.          0.          0.          0.          0.          0.          0.        ]
 [ 0.          0.          0.          0.          0.          0.          0.        ]
 [ 1.39614379  2.02697253  1.47594309  1.50480115  1.53930223  1.57848454
   0.98500818]
 [ 0.          0.          0.          0.          0.          0.          0.        ]
 [ 0.          0.          0.          0.          0.          0.          0.        ]]
Expected:
 [[ 1.21250796  1.46320987  1.22791398  1.65662086  1.39614391  1.19540644
   0.82549161]
 [ 1.73773408  2.02058935  1.47223866  2.58606362  2.02697229  1.73444331
   1.02062678]
 [ 1.68287349  1.80739057  1.07659829  2.25367236  1.47594309  1.40287995
   1.13510311]
 [ 1.91570258  2.03229165  0.90569568  2.14487338  1.50480115  1.80409408
   1.32768893]
 [ 1.63599443  2.02748036  1.25792265  2.0758698   1.53930223  1.96026146
   1.07393408]
 [ 2.22053933  2.24950433  1.61283565  2.44441295  1.57848465  1.79673588
   1.23277509]
 [ 1.26151657  1.15825832  0.9531424   1.28962374  0.98500812  0.86068767
   0.70399213]]

Method: CudaSharedMemoryGeneral   , dims: (5, 5, 5)           , pass(1)/fail(0): 0,	 time (s): 0.0022478103637695312

Method: CudaSharedMemoryGeneral   , dims: (5, 5, 7)           , pass(1)/fail(0): 0,	 time (s): 0.0021622180938720703

Method: CudaSharedMemoryGeneral   , dims: (5, 7, 5)           , pass(1)/fail(0): 0,	 time (s): 0.0019228458404541016

Method: CudaSharedMemoryGeneral   , dims: (5, 7, 7)           , pass(1)/fail(0): 0,	 time (s): 0.001912832260131836

Method: CudaSharedMemoryGeneral   , dims: (7, 5, 5)           , pass(1)/fail(0): 0,	 time (s): 0.0021233558654785156

Method: CudaSharedMemoryGeneral   , dims: (7, 5, 7)           , pass(1)/fail(0): 0,	 time (s): 0.0018794536590576172

Method: CudaSharedMemoryGeneral   , dims: (7, 7, 5)           , pass(1)/fail(0): 0,	 time (s): 0.001966714859008789

Method: CudaSharedMemoryGeneral   , dims: (7, 7, 7)           , pass(1)/fail(0): 0,	 time (s): 0.0019106864929199219

