Device name: b'Tesla V100-PCIE-32GB'
Compute capability: (7, 0)
Total global memory (GB): 31.7393798828125
Free global memory (GB): 31.4366455078125
Used global memory (GB): 0.302734375
Max threads per block: 1024
Max block dimensions: x=1024, y=1024, z=64
Max grid dimensions: x=2147483647, y=65535, z=65535
Max shared memory per block (KB): 48.0
Method: Numpy                     , dims: (4, 4, 4)           , pass(1)/fail(0): 1,	 time (s): 3.0994415283203125e-05
Method: JitNumpy                  , dims: (4, 4, 4)           , pass(1)/fail(0): 1,	 time (s): 2.09808349609375e-05
Method: CudaGlobalMemory          , dims: (4, 4, 4)           , pass(1)/fail(0): 1,	 time (s): 0.0051839351654052734
Method: CudaSharedMemorySquare    , dims: (4, 4, 4)           , pass(1)/fail(0): 0,	 time (s): 0.0037610530853271484
Method: CudaSharedMemoryGeneral   , dims: (4, 4, 4)           , pass(1)/fail(0): 1,	 time (s): 0.003702402114868164
Method: Numpy                     , dims: (8, 8, 8)           , pass(1)/fail(0): 1,	 time (s): 5.0067901611328125e-06
Method: JitNumpy                  , dims: (8, 8, 8)           , pass(1)/fail(0): 1,	 time (s): 5.9604644775390625e-06
Method: CudaGlobalMemory          , dims: (8, 8, 8)           , pass(1)/fail(0): 1,	 time (s): 0.0016231536865234375
Method: CudaSharedMemorySquare    , dims: (8, 8, 8)           , pass(1)/fail(0): 0,	 time (s): 0.001857757568359375
Method: CudaSharedMemoryGeneral   , dims: (8, 8, 8)           , pass(1)/fail(0): 1,	 time (s): 0.001729726791381836
Method: Numpy                     , dims: (16, 16, 16)        , pass(1)/fail(0): 1,	 time (s): 3.814697265625e-06
Method: JitNumpy                  , dims: (16, 16, 16)        , pass(1)/fail(0): 1,	 time (s): 3.5762786865234375e-06
Method: CudaGlobalMemory          , dims: (16, 16, 16)        , pass(1)/fail(0): 1,	 time (s): 0.0010585784912109375
Method: CudaSharedMemorySquare    , dims: (16, 16, 16)        , pass(1)/fail(0): 1,	 time (s): 0.0018618106842041016
Method: CudaSharedMemoryGeneral   , dims: (16, 16, 16)        , pass(1)/fail(0): 1,	 time (s): 0.001001119613647461
Method: Numpy                     , dims: (32, 32, 32)        , pass(1)/fail(0): 1,	 time (s): 4.76837158203125e-06
Method: JitNumpy                  , dims: (32, 32, 32)        , pass(1)/fail(0): 1,	 time (s): 4.291534423828125e-06
Method: CudaGlobalMemory          , dims: (32, 32, 32)        , pass(1)/fail(0): 1,	 time (s): 0.0013260841369628906
Method: CudaSharedMemorySquare    , dims: (32, 32, 32)        , pass(1)/fail(0): 1,	 time (s): 0.0011801719665527344
Method: CudaSharedMemoryGeneral   , dims: (32, 32, 32)        , pass(1)/fail(0): 1,	 time (s): 0.0010271072387695312
Method: Numpy                     , dims: (32, 32, 32)        , pass(1)/fail(0): 1,	 time (s): 4.0531158447265625e-06
Method: JitNumpy                  , dims: (32, 32, 32)        , pass(1)/fail(0): 1,	 time (s): 4.291534423828125e-06
Method: CudaGlobalMemory          , dims: (32, 32, 32)        , pass(1)/fail(0): 1,	 time (s): 0.0010776519775390625
Method: CudaSharedMemorySquare    , dims: (32, 32, 32)        , pass(1)/fail(0): 1,	 time (s): 0.0010118484497070312
Method: CudaSharedMemoryGeneral   , dims: (32, 32, 32)        , pass(1)/fail(0): 1,	 time (s): 0.0010449886322021484
Method: Numpy                     , dims: (32, 32, 4)         , pass(1)/fail(0): 1,	 time (s): 2.86102294921875e-06
Method: JitNumpy                  , dims: (32, 32, 4)         , pass(1)/fail(0): 1,	 time (s): 3.5762786865234375e-06
Method: CudaGlobalMemory          , dims: (32, 32, 4)         , pass(1)/fail(0): 0,	 time (s): 0.0010538101196289062
Method: CudaSharedMemorySquare    , dims: (32, 32, 4)         , pass(1)/fail(0): 0,	 time (s): 0.0010421276092529297
Method: CudaSharedMemoryGeneral   , dims: (32, 32, 4)         , pass(1)/fail(0): 0,	 time (s): 0.0012204647064208984
Method: Numpy                     , dims: (32, 4, 32)         , pass(1)/fail(0): 1,	 time (s): 3.337860107421875e-06
Method: JitNumpy                  , dims: (32, 4, 32)         , pass(1)/fail(0): 1,	 time (s): 3.5762786865234375e-06
Method: CudaGlobalMemory          , dims: (32, 4, 32)         , pass(1)/fail(0): 1,	 time (s): 0.001177072525024414
Method: CudaSharedMemorySquare    , dims: (32, 4, 32)         , pass(1)/fail(0): 0,	 time (s): 0.0009906291961669922
Method: CudaSharedMemoryGeneral   , dims: (32, 4, 32)         , pass(1)/fail(0): 1,	 time (s): 0.0009860992431640625
Method: Numpy                     , dims: (32, 4, 4)          , pass(1)/fail(0): 1,	 time (s): 2.86102294921875e-06
Method: JitNumpy                  , dims: (32, 4, 4)          , pass(1)/fail(0): 1,	 time (s): 3.5762786865234375e-06
Method: CudaGlobalMemory          , dims: (32, 4, 4)          , pass(1)/fail(0): 1,	 time (s): 0.0010945796966552734
Method: CudaSharedMemorySquare    , dims: (32, 4, 4)          , pass(1)/fail(0): 0,	 time (s): 0.0009903907775878906
Method: CudaSharedMemoryGeneral   , dims: (32, 4, 4)          , pass(1)/fail(0): 0,	 time (s): 0.0009849071502685547
Method: Numpy                     , dims: (4, 32, 32)         , pass(1)/fail(0): 1,	 time (s): 3.0994415283203125e-06
Method: JitNumpy                  , dims: (4, 32, 32)         , pass(1)/fail(0): 1,	 time (s): 3.5762786865234375e-06
Method: CudaGlobalMemory          , dims: (4, 32, 32)         , pass(1)/fail(0): 1,	 time (s): 0.0011131763458251953
Method: CudaSharedMemorySquare    , dims: (4, 32, 32)         , pass(1)/fail(0): 0,	 time (s): 0.0010564327239990234
Method: CudaSharedMemoryGeneral   , dims: (4, 32, 32)         , pass(1)/fail(0): 0,	 time (s): 0.0009953975677490234
Method: Numpy                     , dims: (4, 32, 4)          , pass(1)/fail(0): 1,	 time (s): 2.86102294921875e-06
Method: JitNumpy                  , dims: (4, 32, 4)          , pass(1)/fail(0): 1,	 time (s): 3.337860107421875e-06
Method: CudaGlobalMemory          , dims: (4, 32, 4)          , pass(1)/fail(0): 0,	 time (s): 0.0010657310485839844
Method: CudaSharedMemorySquare    , dims: (4, 32, 4)          , pass(1)/fail(0): 0,	 time (s): 0.0011816024780273438
Method: CudaSharedMemoryGeneral   , dims: (4, 32, 4)          , pass(1)/fail(0): 0,	 time (s): 0.0011067390441894531
Method: Numpy                     , dims: (4, 4, 32)          , pass(1)/fail(0): 1,	 time (s): 2.6226043701171875e-06
Method: JitNumpy                  , dims: (4, 4, 32)          , pass(1)/fail(0): 1,	 time (s): 3.337860107421875e-06
Method: CudaGlobalMemory          , dims: (4, 4, 32)          , pass(1)/fail(0): 1,	 time (s): 0.0010437965393066406
Method: CudaSharedMemorySquare    , dims: (4, 4, 32)          , pass(1)/fail(0): 0,	 time (s): 0.000985860824584961
Method: CudaSharedMemoryGeneral   , dims: (4, 4, 32)          , pass(1)/fail(0): 0,	 time (s): 0.0010485649108886719
Method: Numpy                     , dims: (4, 4, 4)           , pass(1)/fail(0): 1,	 time (s): 2.86102294921875e-06
Method: JitNumpy                  , dims: (4, 4, 4)           , pass(1)/fail(0): 1,	 time (s): 3.337860107421875e-06
Method: CudaGlobalMemory          , dims: (4, 4, 4)           , pass(1)/fail(0): 1,	 time (s): 0.001039266586303711
Method: CudaSharedMemorySquare    , dims: (4, 4, 4)           , pass(1)/fail(0): 0,	 time (s): 0.0010461807250976562
Method: CudaSharedMemoryGeneral   , dims: (4, 4, 4)           , pass(1)/fail(0): 1,	 time (s): 0.0010020732879638672
Method: Numpy                     , dims: (8, 8, 8)           , pass(1)/fail(0): 1,	 time (s): 2.86102294921875e-06
Method: JitNumpy                  , dims: (8, 8, 8)           , pass(1)/fail(0): 1,	 time (s): 3.5762786865234375e-06
Method: CudaGlobalMemory          , dims: (8, 8, 8)           , pass(1)/fail(0): 1,	 time (s): 0.0011706352233886719
Method: CudaSharedMemorySquare    , dims: (8, 8, 8)           , pass(1)/fail(0): 0,	 time (s): 0.00110626220703125
Method: CudaSharedMemoryGeneral   , dims: (8, 8, 8)           , pass(1)/fail(0): 1,	 time (s): 0.0009837150573730469
Method: Numpy                     , dims: (8, 8, 32)          , pass(1)/fail(0): 1,	 time (s): 3.0994415283203125e-06
Method: JitNumpy                  , dims: (8, 8, 32)          , pass(1)/fail(0): 1,	 time (s): 3.5762786865234375e-06
Method: CudaGlobalMemory          , dims: (8, 8, 32)          , pass(1)/fail(0): 1,	 time (s): 0.0010943412780761719
Method: CudaSharedMemorySquare    , dims: (8, 8, 32)          , pass(1)/fail(0): 0,	 time (s): 0.0010528564453125
Method: CudaSharedMemoryGeneral   , dims: (8, 8, 32)          , pass(1)/fail(0): 0,	 time (s): 0.001004934310913086
Method: Numpy                     , dims: (8, 32, 8)          , pass(1)/fail(0): 1,	 time (s): 3.0994415283203125e-06
Method: JitNumpy                  , dims: (8, 32, 8)          , pass(1)/fail(0): 1,	 time (s): 3.5762786865234375e-06
Method: CudaGlobalMemory          , dims: (8, 32, 8)          , pass(1)/fail(0): 0,	 time (s): 0.0010471343994140625
Method: CudaSharedMemorySquare    , dims: (8, 32, 8)          , pass(1)/fail(0): 0,	 time (s): 0.001020193099975586
Method: CudaSharedMemoryGeneral   , dims: (8, 32, 8)          , pass(1)/fail(0): 0,	 time (s): 0.001096487045288086
Method: Numpy                     , dims: (8, 32, 32)         , pass(1)/fail(0): 1,	 time (s): 3.337860107421875e-06
Method: JitNumpy                  , dims: (8, 32, 32)         , pass(1)/fail(0): 1,	 time (s): 3.5762786865234375e-06
Method: CudaGlobalMemory          , dims: (8, 32, 32)         , pass(1)/fail(0): 1,	 time (s): 0.0010578632354736328
Method: CudaSharedMemorySquare    , dims: (8, 32, 32)         , pass(1)/fail(0): 0,	 time (s): 0.0009965896606445312
Method: CudaSharedMemoryGeneral   , dims: (8, 32, 32)         , pass(1)/fail(0): 0,	 time (s): 0.0011801719665527344
Method: Numpy                     , dims: (32, 8, 8)          , pass(1)/fail(0): 1,	 time (s): 3.0994415283203125e-06
Method: JitNumpy                  , dims: (32, 8, 8)          , pass(1)/fail(0): 1,	 time (s): 3.5762786865234375e-06
Method: CudaGlobalMemory          , dims: (32, 8, 8)          , pass(1)/fail(0): 1,	 time (s): 0.0012164115905761719
Method: CudaSharedMemorySquare    , dims: (32, 8, 8)          , pass(1)/fail(0): 0,	 time (s): 0.000993490219116211
Method: CudaSharedMemoryGeneral   , dims: (32, 8, 8)          , pass(1)/fail(0): 0,	 time (s): 0.000993967056274414
Method: Numpy                     , dims: (32, 8, 32)         , pass(1)/fail(0): 1,	 time (s): 3.814697265625e-06
Method: JitNumpy                  , dims: (32, 8, 32)         , pass(1)/fail(0): 1,	 time (s): 3.814697265625e-06
Method: CudaGlobalMemory          , dims: (32, 8, 32)         , pass(1)/fail(0): 1,	 time (s): 0.0011053085327148438
Method: CudaSharedMemorySquare    , dims: (32, 8, 32)         , pass(1)/fail(0): 0,	 time (s): 0.0009996891021728516
Method: CudaSharedMemoryGeneral   , dims: (32, 8, 32)         , pass(1)/fail(0): 1,	 time (s): 0.0009961128234863281
Method: Numpy                     , dims: (32, 32, 8)         , pass(1)/fail(0): 1,	 time (s): 3.337860107421875e-06
Method: JitNumpy                  , dims: (32, 32, 8)         , pass(1)/fail(0): 1,	 time (s): 3.814697265625e-06
Method: CudaGlobalMemory          , dims: (32, 32, 8)         , pass(1)/fail(0): 0,	 time (s): 0.0011124610900878906
Method: CudaSharedMemorySquare    , dims: (32, 32, 8)         , pass(1)/fail(0): 0,	 time (s): 0.001070261001586914
Method: CudaSharedMemoryGeneral   , dims: (32, 32, 8)         , pass(1)/fail(0): 0,	 time (s): 0.0009992122650146484
Method: Numpy                     , dims: (32, 32, 32)        , pass(1)/fail(0): 1,	 time (s): 4.291534423828125e-06
Method: JitNumpy                  , dims: (32, 32, 32)        , pass(1)/fail(0): 1,	 time (s): 4.0531158447265625e-06
Method: CudaGlobalMemory          , dims: (32, 32, 32)        , pass(1)/fail(0): 1,	 time (s): 0.0011105537414550781
Method: CudaSharedMemorySquare    , dims: (32, 32, 32)        , pass(1)/fail(0): 1,	 time (s): 0.0011606216430664062
Method: CudaSharedMemoryGeneral   , dims: (32, 32, 32)        , pass(1)/fail(0): 1,	 time (s): 0.0011649131774902344
Method: Numpy                     , dims: (16, 16, 16)        , pass(1)/fail(0): 1,	 time (s): 3.0994415283203125e-06
Method: JitNumpy                  , dims: (16, 16, 16)        , pass(1)/fail(0): 1,	 time (s): 3.5762786865234375e-06
Method: CudaGlobalMemory          , dims: (16, 16, 16)        , pass(1)/fail(0): 1,	 time (s): 0.0010609626770019531
Method: CudaSharedMemorySquare    , dims: (16, 16, 16)        , pass(1)/fail(0): 1,	 time (s): 0.0010447502136230469
Method: CudaSharedMemoryGeneral   , dims: (16, 16, 16)        , pass(1)/fail(0): 1,	 time (s): 0.0010454654693603516
Method: Numpy                     , dims: (16, 16, 32)        , pass(1)/fail(0): 1,	 time (s): 3.337860107421875e-06
Method: JitNumpy                  , dims: (16, 16, 32)        , pass(1)/fail(0): 1,	 time (s): 3.814697265625e-06
Method: CudaGlobalMemory          , dims: (16, 16, 32)        , pass(1)/fail(0): 1,	 time (s): 0.0011527538299560547
Method: CudaSharedMemorySquare    , dims: (16, 16, 32)        , pass(1)/fail(0): 0,	 time (s): 0.001039266586303711
Method: CudaSharedMemoryGeneral   , dims: (16, 16, 32)        , pass(1)/fail(0): 0,	 time (s): 0.0009965896606445312
Method: Numpy                     , dims: (16, 32, 16)        , pass(1)/fail(0): 1,	 time (s): 3.0994415283203125e-06
Method: JitNumpy                  , dims: (16, 32, 16)        , pass(1)/fail(0): 1,	 time (s): 3.5762786865234375e-06
Method: CudaGlobalMemory          , dims: (16, 32, 16)        , pass(1)/fail(0): 0,	 time (s): 0.0011878013610839844
Method: CudaSharedMemorySquare    , dims: (16, 32, 16)        , pass(1)/fail(0): 0,	 time (s): 0.0011687278747558594
Method: CudaSharedMemoryGeneral   , dims: (16, 32, 16)        , pass(1)/fail(0): 0,	 time (s): 0.0010347366333007812
Method: Numpy                     , dims: (16, 32, 32)        , pass(1)/fail(0): 1,	 time (s): 3.5762786865234375e-06
Method: JitNumpy                  , dims: (16, 32, 32)        , pass(1)/fail(0): 1,	 time (s): 4.0531158447265625e-06
Method: CudaGlobalMemory          , dims: (16, 32, 32)        , pass(1)/fail(0): 1,	 time (s): 0.0010528564453125
Method: CudaSharedMemorySquare    , dims: (16, 32, 32)        , pass(1)/fail(0): 0,	 time (s): 0.0010449886322021484
Method: CudaSharedMemoryGeneral   , dims: (16, 32, 32)        , pass(1)/fail(0): 0,	 time (s): 0.0009987354278564453
Method: Numpy                     , dims: (32, 16, 16)        , pass(1)/fail(0): 1,	 time (s): 3.0994415283203125e-06
Method: JitNumpy                  , dims: (32, 16, 16)        , pass(1)/fail(0): 1,	 time (s): 3.5762786865234375e-06
Method: CudaGlobalMemory          , dims: (32, 16, 16)        , pass(1)/fail(0): 1,	 time (s): 0.0010519027709960938
Method: CudaSharedMemorySquare    , dims: (32, 16, 16)        , pass(1)/fail(0): 1,	 time (s): 0.0009958744049072266
Method: CudaSharedMemoryGeneral   , dims: (32, 16, 16)        , pass(1)/fail(0): 0,	 time (s): 0.0010457038879394531
Method: Numpy                     , dims: (32, 16, 32)        , pass(1)/fail(0): 1,	 time (s): 3.814697265625e-06
Method: JitNumpy                  , dims: (32, 16, 32)        , pass(1)/fail(0): 1,	 time (s): 3.814697265625e-06
Method: CudaGlobalMemory          , dims: (32, 16, 32)        , pass(1)/fail(0): 1,	 time (s): 0.0010573863983154297
Method: CudaSharedMemorySquare    , dims: (32, 16, 32)        , pass(1)/fail(0): 0,	 time (s): 0.0009970664978027344
Method: CudaSharedMemoryGeneral   , dims: (32, 16, 32)        , pass(1)/fail(0): 1,	 time (s): 0.0011391639709472656
Method: Numpy                     , dims: (32, 32, 16)        , pass(1)/fail(0): 1,	 time (s): 3.5762786865234375e-06
Method: JitNumpy                  , dims: (32, 32, 16)        , pass(1)/fail(0): 1,	 time (s): 3.814697265625e-06
Method: CudaGlobalMemory          , dims: (32, 32, 16)        , pass(1)/fail(0): 0,	 time (s): 0.0011684894561767578
Method: CudaSharedMemorySquare    , dims: (32, 32, 16)        , pass(1)/fail(0): 0,	 time (s): 0.0010941028594970703
Method: CudaSharedMemoryGeneral   , dims: (32, 32, 16)        , pass(1)/fail(0): 0,	 time (s): 0.001100778579711914
Method: Numpy                     , dims: (32, 32, 32)        , pass(1)/fail(0): 1,	 time (s): 4.5299530029296875e-06
Method: JitNumpy                  , dims: (32, 32, 32)        , pass(1)/fail(0): 1,	 time (s): 4.76837158203125e-06
Method: CudaGlobalMemory          , dims: (32, 32, 32)        , pass(1)/fail(0): 1,	 time (s): 0.0011229515075683594
Method: CudaSharedMemorySquare    , dims: (32, 32, 32)        , pass(1)/fail(0): 1,	 time (s): 0.0010116100311279297
Method: CudaSharedMemoryGeneral   , dims: (32, 32, 32)        , pass(1)/fail(0): 1,	 time (s): 0.0010030269622802734
Method: Numpy                     , dims: (32, 32, 32)        , pass(1)/fail(0): 1,	 time (s): 4.5299530029296875e-06
Method: JitNumpy                  , dims: (32, 32, 32)        , pass(1)/fail(0): 1,	 time (s): 3.814697265625e-06
Method: CudaGlobalMemory          , dims: (32, 32, 32)        , pass(1)/fail(0): 1,	 time (s): 0.0010688304901123047
Method: CudaSharedMemorySquare    , dims: (32, 32, 32)        , pass(1)/fail(0): 1,	 time (s): 0.0011386871337890625
Method: CudaSharedMemoryGeneral   , dims: (32, 32, 32)        , pass(1)/fail(0): 1,	 time (s): 0.0011391639709472656
Method: Numpy                     , dims: (8, 8, 8)           , pass(1)/fail(0): 1,	 time (s): 2.86102294921875e-06
Method: JitNumpy                  , dims: (8, 8, 8)           , pass(1)/fail(0): 1,	 time (s): 3.337860107421875e-06
Method: CudaGlobalMemory          , dims: (8, 8, 8)           , pass(1)/fail(0): 1,	 time (s): 0.0010485649108886719
Method: CudaSharedMemorySquare    , dims: (8, 8, 8)           , pass(1)/fail(0): 0,	 time (s): 0.000982522964477539
Method: CudaSharedMemoryGeneral   , dims: (8, 8, 8)           , pass(1)/fail(0): 1,	 time (s): 0.0009813308715820312
Method: Numpy                     , dims: (8, 8, 5)           , pass(1)/fail(0): 1,	 time (s): 2.6226043701171875e-06
Method: JitNumpy                  , dims: (8, 8, 5)           , pass(1)/fail(0): 1,	 time (s): 3.337860107421875e-06
Method: CudaGlobalMemory          , dims: (8, 8, 5)           , pass(1)/fail(0): 1,	 time (s): 0.0010793209075927734
Method: CudaSharedMemorySquare    , dims: (8, 8, 5)           , pass(1)/fail(0): 0,	 time (s): 0.0009903907775878906
Method: CudaSharedMemoryGeneral   , dims: (8, 8, 5)           , pass(1)/fail(0): 1,	 time (s): 0.0009846687316894531
Method: Numpy                     , dims: (8, 8, 7)           , pass(1)/fail(0): 1,	 time (s): 2.86102294921875e-06
Method: JitNumpy                  , dims: (8, 8, 7)           , pass(1)/fail(0): 1,	 time (s): 3.337860107421875e-06
Method: CudaGlobalMemory          , dims: (8, 8, 7)           , pass(1)/fail(0): 1,	 time (s): 0.001196146011352539
Method: CudaSharedMemorySquare    , dims: (8, 8, 7)           , pass(1)/fail(0): 0,	 time (s): 0.0011334419250488281
Method: CudaSharedMemoryGeneral   , dims: (8, 8, 7)           , pass(1)/fail(0): 1,	 time (s): 0.0010421276092529297
Method: Numpy                     , dims: (8, 5, 8)           , pass(1)/fail(0): 1,	 time (s): 3.0994415283203125e-06
Method: JitNumpy                  , dims: (8, 5, 8)           , pass(1)/fail(0): 1,	 time (s): 3.337860107421875e-06
Method: CudaGlobalMemory          , dims: (8, 5, 8)           , pass(1)/fail(0): 1,	 time (s): 0.001058340072631836
Method: CudaSharedMemorySquare    , dims: (8, 5, 8)           , pass(1)/fail(0): 0,	 time (s): 0.0010387897491455078
Method: CudaSharedMemoryGeneral   , dims: (8, 5, 8)           , pass(1)/fail(0): 1,	 time (s): 0.0009891986846923828
Method: Numpy                     , dims: (8, 5, 5)           , pass(1)/fail(0): 1,	 time (s): 2.86102294921875e-06
Method: JitNumpy                  , dims: (8, 5, 5)           , pass(1)/fail(0): 1,	 time (s): 3.5762786865234375e-06
Method: CudaGlobalMemory          , dims: (8, 5, 5)           , pass(1)/fail(0): 1,	 time (s): 0.0010313987731933594
Method: CudaSharedMemorySquare    , dims: (8, 5, 5)           , pass(1)/fail(0): 0,	 time (s): 0.0009839534759521484
Method: CudaSharedMemoryGeneral   , dims: (8, 5, 5)           , pass(1)/fail(0): 1,	 time (s): 0.0010406970977783203
Method: Numpy                     , dims: (8, 5, 7)           , pass(1)/fail(0): 1,	 time (s): 2.86102294921875e-06
Method: JitNumpy                  , dims: (8, 5, 7)           , pass(1)/fail(0): 1,	 time (s): 3.337860107421875e-06
Method: CudaGlobalMemory          , dims: (8, 5, 7)           , pass(1)/fail(0): 1,	 time (s): 0.0011012554168701172
Method: CudaSharedMemorySquare    , dims: (8, 5, 7)           , pass(1)/fail(0): 0,	 time (s): 0.0009987354278564453
Method: CudaSharedMemoryGeneral   , dims: (8, 5, 7)           , pass(1)/fail(0): 1,	 time (s): 0.0011272430419921875
Method: Numpy                     , dims: (8, 7, 8)           , pass(1)/fail(0): 1,	 time (s): 3.0994415283203125e-06
Method: JitNumpy                  , dims: (8, 7, 8)           , pass(1)/fail(0): 1,	 time (s): 3.337860107421875e-06
Method: CudaGlobalMemory          , dims: (8, 7, 8)           , pass(1)/fail(0): 1,	 time (s): 0.0012612342834472656
Method: CudaSharedMemorySquare    , dims: (8, 7, 8)           , pass(1)/fail(0): 0,	 time (s): 0.0010478496551513672
Method: CudaSharedMemoryGeneral   , dims: (8, 7, 8)           , pass(1)/fail(0): 1,	 time (s): 0.0010132789611816406
Method: Numpy                     , dims: (8, 7, 5)           , pass(1)/fail(0): 1,	 time (s): 2.86102294921875e-06
Method: JitNumpy                  , dims: (8, 7, 5)           , pass(1)/fail(0): 1,	 time (s): 3.337860107421875e-06
Method: CudaGlobalMemory          , dims: (8, 7, 5)           , pass(1)/fail(0): 1,	 time (s): 0.0011150836944580078
Method: CudaSharedMemorySquare    , dims: (8, 7, 5)           , pass(1)/fail(0): 0,	 time (s): 0.001035928726196289
Method: CudaSharedMemoryGeneral   , dims: (8, 7, 5)           , pass(1)/fail(0): 1,	 time (s): 0.0009839534759521484
Method: Numpy                     , dims: (8, 7, 7)           , pass(1)/fail(0): 1,	 time (s): 2.384185791015625e-06
Method: JitNumpy                  , dims: (8, 7, 7)           , pass(1)/fail(0): 1,	 time (s): 3.5762786865234375e-06
Method: CudaGlobalMemory          , dims: (8, 7, 7)           , pass(1)/fail(0): 1,	 time (s): 0.001041412353515625
Method: CudaSharedMemorySquare    , dims: (8, 7, 7)           , pass(1)/fail(0): 0,	 time (s): 0.0010399818420410156
Method: CudaSharedMemoryGeneral   , dims: (8, 7, 7)           , pass(1)/fail(0): 1,	 time (s): 0.0009913444519042969
Method: Numpy                     , dims: (5, 8, 8)           , pass(1)/fail(0): 1,	 time (s): 2.6226043701171875e-06
Method: JitNumpy                  , dims: (5, 8, 8)           , pass(1)/fail(0): 1,	 time (s): 3.337860107421875e-06
Method: CudaGlobalMemory          , dims: (5, 8, 8)           , pass(1)/fail(0): 1,	 time (s): 0.0010292530059814453
Method: CudaSharedMemorySquare    , dims: (5, 8, 8)           , pass(1)/fail(0): 1,	 time (s): 0.0011186599731445312
Method: CudaSharedMemoryGeneral   , dims: (5, 8, 8)           , pass(1)/fail(0): 1,	 time (s): 0.0011119842529296875
Method: Numpy                     , dims: (5, 8, 5)           , pass(1)/fail(0): 1,	 time (s): 2.384185791015625e-06
Method: JitNumpy                  , dims: (5, 8, 5)           , pass(1)/fail(0): 1,	 time (s): 3.337860107421875e-06
Method: CudaGlobalMemory          , dims: (5, 8, 5)           , pass(1)/fail(0): 1,	 time (s): 0.0010273456573486328
Method: CudaSharedMemorySquare    , dims: (5, 8, 5)           , pass(1)/fail(0): 1,	 time (s): 0.0009801387786865234
Method: CudaSharedMemoryGeneral   , dims: (5, 8, 5)           , pass(1)/fail(0): 1,	 time (s): 0.0010454654693603516
Method: Numpy                     , dims: (5, 8, 7)           , pass(1)/fail(0): 1,	 time (s): 2.6226043701171875e-06
Method: JitNumpy                  , dims: (5, 8, 7)           , pass(1)/fail(0): 1,	 time (s): 3.5762786865234375e-06
Method: CudaGlobalMemory          , dims: (5, 8, 7)           , pass(1)/fail(0): 1,	 time (s): 0.0010433197021484375
Method: CudaSharedMemorySquare    , dims: (5, 8, 7)           , pass(1)/fail(0): 1,	 time (s): 0.0009827613830566406
Method: CudaSharedMemoryGeneral   , dims: (5, 8, 7)           , pass(1)/fail(0): 1,	 time (s): 0.0009844303131103516
Method: Numpy                     , dims: (5, 5, 8)           , pass(1)/fail(0): 1,	 time (s): 2.86102294921875e-06
Method: JitNumpy                  , dims: (5, 5, 8)           , pass(1)/fail(0): 1,	 time (s): 3.337860107421875e-06
Method: CudaGlobalMemory          , dims: (5, 5, 8)           , pass(1)/fail(0): 1,	 time (s): 0.001146078109741211
Method: CudaSharedMemorySquare    , dims: (5, 5, 8)           , pass(1)/fail(0): 0,	 time (s): 0.0010325908660888672
Method: CudaSharedMemoryGeneral   , dims: (5, 5, 8)           , pass(1)/fail(0): 1,	 time (s): 0.0010287761688232422
Method: Numpy                     , dims: (5, 5, 5)           , pass(1)/fail(0): 1,	 time (s): 2.86102294921875e-06
Method: JitNumpy                  , dims: (5, 5, 5)           , pass(1)/fail(0): 1,	 time (s): 3.0994415283203125e-06
Method: CudaGlobalMemory          , dims: (5, 5, 5)           , pass(1)/fail(0): 1,	 time (s): 0.0011761188507080078
Method: CudaSharedMemorySquare    , dims: (5, 5, 5)           , pass(1)/fail(0): 0,	 time (s): 0.0011031627655029297
Method: CudaSharedMemoryGeneral   , dims: (5, 5, 5)           , pass(1)/fail(0): 1,	 time (s): 0.0009827613830566406
Method: Numpy                     , dims: (5, 5, 7)           , pass(1)/fail(0): 1,	 time (s): 2.6226043701171875e-06
Method: JitNumpy                  , dims: (5, 5, 7)           , pass(1)/fail(0): 1,	 time (s): 3.337860107421875e-06
Method: CudaGlobalMemory          , dims: (5, 5, 7)           , pass(1)/fail(0): 1,	 time (s): 0.0010328292846679688
Method: CudaSharedMemorySquare    , dims: (5, 5, 7)           , pass(1)/fail(0): 0,	 time (s): 0.001039743423461914
Method: CudaSharedMemoryGeneral   , dims: (5, 5, 7)           , pass(1)/fail(0): 1,	 time (s): 0.0010402202606201172
Method: Numpy                     , dims: (5, 7, 8)           , pass(1)/fail(0): 1,	 time (s): 2.86102294921875e-06
Method: JitNumpy                  , dims: (5, 7, 8)           , pass(1)/fail(0): 1,	 time (s): 1.3589859008789062e-05
Method: CudaGlobalMemory          , dims: (5, 7, 8)           , pass(1)/fail(0): 1,	 time (s): 0.0010352134704589844
Method: CudaSharedMemorySquare    , dims: (5, 7, 8)           , pass(1)/fail(0): 0,	 time (s): 0.0010280609130859375
Method: CudaSharedMemoryGeneral   , dims: (5, 7, 8)           , pass(1)/fail(0): 1,	 time (s): 0.0010917186737060547
Method: Numpy                     , dims: (5, 7, 5)           , pass(1)/fail(0): 1,	 time (s): 3.0994415283203125e-06
Method: JitNumpy                  , dims: (5, 7, 5)           , pass(1)/fail(0): 1,	 time (s): 3.337860107421875e-06
Method: CudaGlobalMemory          , dims: (5, 7, 5)           , pass(1)/fail(0): 1,	 time (s): 0.001020193099975586
Method: CudaSharedMemorySquare    , dims: (5, 7, 5)           , pass(1)/fail(0): 0,	 time (s): 0.0009887218475341797
Method: CudaSharedMemoryGeneral   , dims: (5, 7, 5)           , pass(1)/fail(0): 1,	 time (s): 0.0011234283447265625
Method: Numpy                     , dims: (5, 7, 7)           , pass(1)/fail(0): 1,	 time (s): 2.6226043701171875e-06
Method: JitNumpy                  , dims: (5, 7, 7)           , pass(1)/fail(0): 1,	 time (s): 3.337860107421875e-06
Method: CudaGlobalMemory          , dims: (5, 7, 7)           , pass(1)/fail(0): 1,	 time (s): 0.0011532306671142578
Method: CudaSharedMemorySquare    , dims: (5, 7, 7)           , pass(1)/fail(0): 0,	 time (s): 0.0009853839874267578
Method: CudaSharedMemoryGeneral   , dims: (5, 7, 7)           , pass(1)/fail(0): 1,	 time (s): 0.0009851455688476562
Method: Numpy                     , dims: (7, 8, 8)           , pass(1)/fail(0): 1,	 time (s): 2.86102294921875e-06
Method: JitNumpy                  , dims: (7, 8, 8)           , pass(1)/fail(0): 1,	 time (s): 3.5762786865234375e-06
Method: CudaGlobalMemory          , dims: (7, 8, 8)           , pass(1)/fail(0): 1,	 time (s): 0.0010824203491210938
Method: CudaSharedMemorySquare    , dims: (7, 8, 8)           , pass(1)/fail(0): 0,	 time (s): 0.0009839534759521484
Method: CudaSharedMemoryGeneral   , dims: (7, 8, 8)           , pass(1)/fail(0): 1,	 time (s): 0.0009810924530029297
Method: Numpy                     , dims: (7, 8, 5)           , pass(1)/fail(0): 1,	 time (s): 2.384185791015625e-06
Method: JitNumpy                  , dims: (7, 8, 5)           , pass(1)/fail(0): 1,	 time (s): 3.337860107421875e-06
Method: CudaGlobalMemory          , dims: (7, 8, 5)           , pass(1)/fail(0): 1,	 time (s): 0.0010764598846435547
Method: CudaSharedMemorySquare    , dims: (7, 8, 5)           , pass(1)/fail(0): 0,	 time (s): 0.0010521411895751953
Method: CudaSharedMemoryGeneral   , dims: (7, 8, 5)           , pass(1)/fail(0): 1,	 time (s): 0.0009779930114746094
Method: Numpy                     , dims: (7, 8, 7)           , pass(1)/fail(0): 1,	 time (s): 3.0994415283203125e-06
Method: JitNumpy                  , dims: (7, 8, 7)           , pass(1)/fail(0): 1,	 time (s): 3.5762786865234375e-06
Method: CudaGlobalMemory          , dims: (7, 8, 7)           , pass(1)/fail(0): 1,	 time (s): 0.0010962486267089844
Method: CudaSharedMemorySquare    , dims: (7, 8, 7)           , pass(1)/fail(0): 0,	 time (s): 0.0011250972747802734
Method: CudaSharedMemoryGeneral   , dims: (7, 8, 7)           , pass(1)/fail(0): 1,	 time (s): 0.0011105537414550781
Method: Numpy                     , dims: (7, 5, 8)           , pass(1)/fail(0): 1,	 time (s): 3.0994415283203125e-06
Method: JitNumpy                  , dims: (7, 5, 8)           , pass(1)/fail(0): 1,	 time (s): 3.5762786865234375e-06
Method: CudaGlobalMemory          , dims: (7, 5, 8)           , pass(1)/fail(0): 1,	 time (s): 0.0010743141174316406
Method: CudaSharedMemorySquare    , dims: (7, 5, 8)           , pass(1)/fail(0): 0,	 time (s): 0.000993967056274414
Method: CudaSharedMemoryGeneral   , dims: (7, 5, 8)           , pass(1)/fail(0): 1,	 time (s): 0.0010528564453125
Method: Numpy                     , dims: (7, 5, 5)           , pass(1)/fail(0): 1,	 time (s): 2.86102294921875e-06
Method: JitNumpy                  , dims: (7, 5, 5)           , pass(1)/fail(0): 1,	 time (s): 3.5762786865234375e-06
Method: CudaGlobalMemory          , dims: (7, 5, 5)           , pass(1)/fail(0): 1,	 time (s): 0.0010781288146972656
Method: CudaSharedMemorySquare    , dims: (7, 5, 5)           , pass(1)/fail(0): 0,	 time (s): 0.0010020732879638672
Method: CudaSharedMemoryGeneral   , dims: (7, 5, 5)           , pass(1)/fail(0): 1,	 time (s): 0.0010404586791992188
Method: Numpy                     , dims: (7, 5, 7)           , pass(1)/fail(0): 1,	 time (s): 2.6226043701171875e-06
Method: JitNumpy                  , dims: (7, 5, 7)           , pass(1)/fail(0): 1,	 time (s): 3.0994415283203125e-06
Method: CudaGlobalMemory          , dims: (7, 5, 7)           , pass(1)/fail(0): 1,	 time (s): 0.0010814666748046875
Method: CudaSharedMemorySquare    , dims: (7, 5, 7)           , pass(1)/fail(0): 0,	 time (s): 0.0010232925415039062
Method: CudaSharedMemoryGeneral   , dims: (7, 5, 7)           , pass(1)/fail(0): 1,	 time (s): 0.0010297298431396484
Method: Numpy                     , dims: (7, 7, 8)           , pass(1)/fail(0): 1,	 time (s): 2.6226043701171875e-06
Method: JitNumpy                  , dims: (7, 7, 8)           , pass(1)/fail(0): 1,	 time (s): 3.337860107421875e-06
Method: CudaGlobalMemory          , dims: (7, 7, 8)           , pass(1)/fail(0): 1,	 time (s): 0.0012216567993164062
Method: CudaSharedMemorySquare    , dims: (7, 7, 8)           , pass(1)/fail(0): 0,	 time (s): 0.0011758804321289062
Method: CudaSharedMemoryGeneral   , dims: (7, 7, 8)           , pass(1)/fail(0): 1,	 time (s): 0.0010368824005126953
Method: Numpy                     , dims: (7, 7, 5)           , pass(1)/fail(0): 1,	 time (s): 2.6226043701171875e-06
Method: JitNumpy                  , dims: (7, 7, 5)           , pass(1)/fail(0): 1,	 time (s): 3.5762786865234375e-06
Method: CudaGlobalMemory          , dims: (7, 7, 5)           , pass(1)/fail(0): 1,	 time (s): 0.001056671142578125
Method: CudaSharedMemorySquare    , dims: (7, 7, 5)           , pass(1)/fail(0): 0,	 time (s): 0.00104522705078125
Method: CudaSharedMemoryGeneral   , dims: (7, 7, 5)           , pass(1)/fail(0): 1,	 time (s): 0.0009911060333251953
Method: Numpy                     , dims: (7, 7, 7)           , pass(1)/fail(0): 1,	 time (s): 2.86102294921875e-06
Method: JitNumpy                  , dims: (7, 7, 7)           , pass(1)/fail(0): 1,	 time (s): 3.337860107421875e-06
Method: CudaGlobalMemory          , dims: (7, 7, 7)           , pass(1)/fail(0): 1,	 time (s): 0.0010433197021484375
Method: CudaSharedMemorySquare    , dims: (7, 7, 7)           , pass(1)/fail(0): 0,	 time (s): 0.0009918212890625
Method: CudaSharedMemoryGeneral   , dims: (7, 7, 7)           , pass(1)/fail(0): 1,	 time (s): 0.0010418891906738281
Method: Numpy                     , dims: (17, 17, 17)        , pass(1)/fail(0): 1,	 time (s): 3.337860107421875e-06
Method: JitNumpy                  , dims: (17, 17, 17)        , pass(1)/fail(0): 1,	 time (s): 3.5762786865234375e-06
Method: CudaGlobalMemory          , dims: (17, 17, 17)        , pass(1)/fail(0): 1,	 time (s): 0.0012335777282714844
Method: CudaSharedMemorySquare    , dims: (17, 17, 17)        , pass(1)/fail(0): 0,	 time (s): 0.0010557174682617188
Method: CudaSharedMemoryGeneral   , dims: (17, 17, 17)        , pass(1)/fail(0): 1,	 time (s): 0.0010302066802978516
Method: Numpy                     , dims: (17, 17, 31)        , pass(1)/fail(0): 1,	 time (s): 3.5762786865234375e-06
Method: JitNumpy                  , dims: (17, 17, 31)        , pass(1)/fail(0): 1,	 time (s): 3.5762786865234375e-06
Method: CudaGlobalMemory          , dims: (17, 17, 31)        , pass(1)/fail(0): 1,	 time (s): 0.0011141300201416016
Method: CudaSharedMemorySquare    , dims: (17, 17, 31)        , pass(1)/fail(0): 0,	 time (s): 0.001003265380859375
Method: CudaSharedMemoryGeneral   , dims: (17, 17, 31)        , pass(1)/fail(0): 1,	 time (s): 0.0010046958923339844
Method: Numpy                     , dims: (17, 17, 15)        , pass(1)/fail(0): 1,	 time (s): 3.337860107421875e-06
Method: JitNumpy                  , dims: (17, 17, 15)        , pass(1)/fail(0): 1,	 time (s): 3.5762786865234375e-06
Method: CudaGlobalMemory          , dims: (17, 17, 15)        , pass(1)/fail(0): 0,	 time (s): 0.001058816909790039
Method: CudaSharedMemorySquare    , dims: (17, 17, 15)        , pass(1)/fail(0): 0,	 time (s): 0.0011272430419921875
Method: CudaSharedMemoryGeneral   , dims: (17, 17, 15)        , pass(1)/fail(0): 0,	 time (s): 0.0010440349578857422
Method: Numpy                     , dims: (17, 31, 17)        , pass(1)/fail(0): 1,	 time (s): 3.337860107421875e-06
Method: JitNumpy                  , dims: (17, 31, 17)        , pass(1)/fail(0): 1,	 time (s): 3.814697265625e-06
Method: CudaGlobalMemory          , dims: (17, 31, 17)        , pass(1)/fail(0): 1,	 time (s): 0.0011088848114013672
Method: CudaSharedMemorySquare    , dims: (17, 31, 17)        , pass(1)/fail(0): 0,	 time (s): 0.0011439323425292969
Method: CudaSharedMemoryGeneral   , dims: (17, 31, 17)        , pass(1)/fail(0): 1,	 time (s): 0.001155853271484375
Method: Numpy                     , dims: (17, 31, 31)        , pass(1)/fail(0): 1,	 time (s): 3.5762786865234375e-06
Method: JitNumpy                  , dims: (17, 31, 31)        , pass(1)/fail(0): 1,	 time (s): 3.814697265625e-06
Method: CudaGlobalMemory          , dims: (17, 31, 31)        , pass(1)/fail(0): 1,	 time (s): 0.0011093616485595703
Method: CudaSharedMemorySquare    , dims: (17, 31, 31)        , pass(1)/fail(0): 0,	 time (s): 0.0010073184967041016
Method: CudaSharedMemoryGeneral   , dims: (17, 31, 31)        , pass(1)/fail(0): 1,	 time (s): 0.0011224746704101562
Method: Numpy                     , dims: (17, 31, 15)        , pass(1)/fail(0): 1,	 time (s): 3.337860107421875e-06
Method: JitNumpy                  , dims: (17, 31, 15)        , pass(1)/fail(0): 1,	 time (s): 4.0531158447265625e-06
Method: CudaGlobalMemory          , dims: (17, 31, 15)        , pass(1)/fail(0): 0,	 time (s): 0.0010945796966552734
Method: CudaSharedMemorySquare    , dims: (17, 31, 15)        , pass(1)/fail(0): 0,	 time (s): 0.0010027885437011719
Method: CudaSharedMemoryGeneral   , dims: (17, 31, 15)        , pass(1)/fail(0): 0,	 time (s): 0.0009982585906982422
Method: Numpy                     , dims: (17, 15, 17)        , pass(1)/fail(0): 1,	 time (s): 3.0994415283203125e-06
Method: JitNumpy                  , dims: (17, 15, 17)        , pass(1)/fail(0): 1,	 time (s): 3.814697265625e-06
Method: CudaGlobalMemory          , dims: (17, 15, 17)        , pass(1)/fail(0): 1,	 time (s): 0.0011250972747802734
Method: CudaSharedMemorySquare    , dims: (17, 15, 17)        , pass(1)/fail(0): 0,	 time (s): 0.0010018348693847656
Method: CudaSharedMemoryGeneral   , dims: (17, 15, 17)        , pass(1)/fail(0): 1,	 time (s): 0.0010139942169189453
Method: Numpy                     , dims: (17, 15, 31)        , pass(1)/fail(0): 1,	 time (s): 3.0994415283203125e-06
Method: JitNumpy                  , dims: (17, 15, 31)        , pass(1)/fail(0): 1,	 time (s): 3.5762786865234375e-06
Method: CudaGlobalMemory          , dims: (17, 15, 31)        , pass(1)/fail(0): 1,	 time (s): 0.0012116432189941406
Method: CudaSharedMemorySquare    , dims: (17, 15, 31)        , pass(1)/fail(0): 0,	 time (s): 0.0011248588562011719
Method: CudaSharedMemoryGeneral   , dims: (17, 15, 31)        , pass(1)/fail(0): 1,	 time (s): 0.0010037422180175781
Method: Numpy                     , dims: (17, 15, 15)        , pass(1)/fail(0): 1,	 time (s): 2.6226043701171875e-06
Method: JitNumpy                  , dims: (17, 15, 15)        , pass(1)/fail(0): 1,	 time (s): 3.5762786865234375e-06
Method: CudaGlobalMemory          , dims: (17, 15, 15)        , pass(1)/fail(0): 1,	 time (s): 0.0010824203491210938
Method: CudaSharedMemorySquare    , dims: (17, 15, 15)        , pass(1)/fail(0): 0,	 time (s): 0.0011181831359863281
Method: CudaSharedMemoryGeneral   , dims: (17, 15, 15)        , pass(1)/fail(0): 0,	 time (s): 0.0010492801666259766
Method: Numpy                     , dims: (31, 17, 17)        , pass(1)/fail(0): 1,	 time (s): 4.76837158203125e-06
Method: JitNumpy                  , dims: (31, 17, 17)        , pass(1)/fail(0): 1,	 time (s): 3.814697265625e-06
Method: CudaGlobalMemory          , dims: (31, 17, 17)        , pass(1)/fail(0): 1,	 time (s): 0.0010759830474853516
Method: CudaSharedMemorySquare    , dims: (31, 17, 17)        , pass(1)/fail(0): 0,	 time (s): 0.0010068416595458984
Method: CudaSharedMemoryGeneral   , dims: (31, 17, 17)        , pass(1)/fail(0): 1,	 time (s): 0.0010700225830078125
Method: Numpy                     , dims: (31, 17, 31)        , pass(1)/fail(0): 1,	 time (s): 1.9311904907226562e-05
Method: JitNumpy                  , dims: (31, 17, 31)        , pass(1)/fail(0): 1,	 time (s): 4.291534423828125e-06
Method: CudaGlobalMemory          , dims: (31, 17, 31)        , pass(1)/fail(0): 1,	 time (s): 0.0011262893676757812
Method: CudaSharedMemorySquare    , dims: (31, 17, 31)        , pass(1)/fail(0): 0,	 time (s): 0.001001596450805664
Method: CudaSharedMemoryGeneral   , dims: (31, 17, 31)        , pass(1)/fail(0): 1,	 time (s): 0.0011496543884277344
Method: Numpy                     , dims: (31, 17, 15)        , pass(1)/fail(0): 1,	 time (s): 3.5762786865234375e-06
Method: JitNumpy                  , dims: (31, 17, 15)        , pass(1)/fail(0): 1,	 time (s): 3.814697265625e-06
Method: CudaGlobalMemory          , dims: (31, 17, 15)        , pass(1)/fail(0): 0,	 time (s): 0.0012307167053222656
Method: CudaSharedMemorySquare    , dims: (31, 17, 15)        , pass(1)/fail(0): 0,	 time (s): 0.0010442733764648438
Method: CudaSharedMemoryGeneral   , dims: (31, 17, 15)        , pass(1)/fail(0): 0,	 time (s): 0.0010056495666503906
Method: Numpy                     , dims: (31, 31, 17)        , pass(1)/fail(0): 1,	 time (s): 3.814697265625e-06
Method: JitNumpy                  , dims: (31, 31, 17)        , pass(1)/fail(0): 1,	 time (s): 3.814697265625e-06
Method: CudaGlobalMemory          , dims: (31, 31, 17)        , pass(1)/fail(0): 1,	 time (s): 0.0011258125305175781
Method: CudaSharedMemorySquare    , dims: (31, 31, 17)        , pass(1)/fail(0): 0,	 time (s): 0.0010099411010742188
Method: CudaSharedMemoryGeneral   , dims: (31, 31, 17)        , pass(1)/fail(0): 1,	 time (s): 0.0010361671447753906
Method: Numpy                     , dims: (31, 31, 31)        , pass(1)/fail(0): 1,	 time (s): 1.3589859008789062e-05
Method: JitNumpy                  , dims: (31, 31, 31)        , pass(1)/fail(0): 1,	 time (s): 4.5299530029296875e-06
Method: CudaGlobalMemory          , dims: (31, 31, 31)        , pass(1)/fail(0): 1,	 time (s): 0.0011072158813476562
Method: CudaSharedMemorySquare    , dims: (31, 31, 31)        , pass(1)/fail(0): 0,	 time (s): 0.0010716915130615234
Method: CudaSharedMemoryGeneral   , dims: (31, 31, 31)        , pass(1)/fail(0): 1,	 time (s): 0.0010099411010742188
Method: Numpy                     , dims: (31, 31, 15)        , pass(1)/fail(0): 1,	 time (s): 3.5762786865234375e-06
Method: JitNumpy                  , dims: (31, 31, 15)        , pass(1)/fail(0): 1,	 time (s): 4.291534423828125e-06
Method: CudaGlobalMemory          , dims: (31, 31, 15)        , pass(1)/fail(0): 0,	 time (s): 0.0010597705841064453
Method: CudaSharedMemorySquare    , dims: (31, 31, 15)        , pass(1)/fail(0): 0,	 time (s): 0.0011410713195800781
Method: CudaSharedMemoryGeneral   , dims: (31, 31, 15)        , pass(1)/fail(0): 0,	 time (s): 0.0011296272277832031
Method: Numpy                     , dims: (31, 15, 17)        , pass(1)/fail(0): 1,	 time (s): 4.291534423828125e-06
Method: JitNumpy                  , dims: (31, 15, 17)        , pass(1)/fail(0): 1,	 time (s): 4.0531158447265625e-06
Method: CudaGlobalMemory          , dims: (31, 15, 17)        , pass(1)/fail(0): 1,	 time (s): 0.0011186599731445312
Method: CudaSharedMemorySquare    , dims: (31, 15, 17)        , pass(1)/fail(0): 0,	 time (s): 0.0010044574737548828
Method: CudaSharedMemoryGeneral   , dims: (31, 15, 17)        , pass(1)/fail(0): 1,	 time (s): 0.0010647773742675781
Method: Numpy                     , dims: (31, 15, 31)        , pass(1)/fail(0): 1,	 time (s): 3.5762786865234375e-06
Method: JitNumpy                  , dims: (31, 15, 31)        , pass(1)/fail(0): 1,	 time (s): 4.0531158447265625e-06
Method: CudaGlobalMemory          , dims: (31, 15, 31)        , pass(1)/fail(0): 1,	 time (s): 0.0011272430419921875
Method: CudaSharedMemorySquare    , dims: (31, 15, 31)        , pass(1)/fail(0): 0,	 time (s): 0.0010161399841308594
Method: CudaSharedMemoryGeneral   , dims: (31, 15, 31)        , pass(1)/fail(0): 1,	 time (s): 0.0010037422180175781
Method: Numpy                     , dims: (31, 15, 15)        , pass(1)/fail(0): 1,	 time (s): 3.0994415283203125e-06
Method: JitNumpy                  , dims: (31, 15, 15)        , pass(1)/fail(0): 1,	 time (s): 3.5762786865234375e-06
Method: CudaGlobalMemory          , dims: (31, 15, 15)        , pass(1)/fail(0): 1,	 time (s): 0.0011563301086425781
Method: CudaSharedMemorySquare    , dims: (31, 15, 15)        , pass(1)/fail(0): 0,	 time (s): 0.0010328292846679688
Method: CudaSharedMemoryGeneral   , dims: (31, 15, 15)        , pass(1)/fail(0): 0,	 time (s): 0.0010001659393310547
Method: Numpy                     , dims: (15, 17, 17)        , pass(1)/fail(0): 1,	 time (s): 3.814697265625e-06
Method: JitNumpy                  , dims: (15, 17, 17)        , pass(1)/fail(0): 1,	 time (s): 3.5762786865234375e-06
Method: CudaGlobalMemory          , dims: (15, 17, 17)        , pass(1)/fail(0): 1,	 time (s): 0.001215219497680664
Method: CudaSharedMemorySquare    , dims: (15, 17, 17)        , pass(1)/fail(0): 0,	 time (s): 0.0011568069458007812
Method: CudaSharedMemoryGeneral   , dims: (15, 17, 17)        , pass(1)/fail(0): 0,	 time (s): 0.0010442733764648438
Method: Numpy                     , dims: (15, 17, 31)        , pass(1)/fail(0): 1,	 time (s): 3.5762786865234375e-06
Method: JitNumpy                  , dims: (15, 17, 31)        , pass(1)/fail(0): 1,	 time (s): 3.814697265625e-06
Method: CudaGlobalMemory          , dims: (15, 17, 31)        , pass(1)/fail(0): 1,	 time (s): 0.0010921955108642578
Method: CudaSharedMemorySquare    , dims: (15, 17, 31)        , pass(1)/fail(0): 0,	 time (s): 0.0011250972747802734
Method: CudaSharedMemoryGeneral   , dims: (15, 17, 31)        , pass(1)/fail(0): 0,	 time (s): 0.0010459423065185547
Method: Numpy                     , dims: (15, 17, 15)        , pass(1)/fail(0): 1,	 time (s): 3.0994415283203125e-06
Method: JitNumpy                  , dims: (15, 17, 15)        , pass(1)/fail(0): 1,	 time (s): 3.337860107421875e-06
Method: CudaGlobalMemory          , dims: (15, 17, 15)        , pass(1)/fail(0): 0,	 time (s): 0.0010552406311035156
Method: CudaSharedMemorySquare    , dims: (15, 17, 15)        , pass(1)/fail(0): 0,	 time (s): 0.0010013580322265625
Method: CudaSharedMemoryGeneral   , dims: (15, 17, 15)        , pass(1)/fail(0): 0,	 time (s): 0.0010561943054199219
Method: Numpy                     , dims: (15, 31, 17)        , pass(1)/fail(0): 1,	 time (s): 3.337860107421875e-06
Method: JitNumpy                  , dims: (15, 31, 17)        , pass(1)/fail(0): 1,	 time (s): 3.337860107421875e-06
Method: CudaGlobalMemory          , dims: (15, 31, 17)        , pass(1)/fail(0): 1,	 time (s): 0.0010590553283691406
Method: CudaSharedMemorySquare    , dims: (15, 31, 17)        , pass(1)/fail(0): 0,	 time (s): 0.0009965896606445312
Method: CudaSharedMemoryGeneral   , dims: (15, 31, 17)        , pass(1)/fail(0): 0,	 time (s): 0.0011539459228515625
Method: Numpy                     , dims: (15, 31, 31)        , pass(1)/fail(0): 1,	 time (s): 3.5762786865234375e-06
Method: JitNumpy                  , dims: (15, 31, 31)        , pass(1)/fail(0): 1,	 time (s): 4.0531158447265625e-06
Method: CudaGlobalMemory          , dims: (15, 31, 31)        , pass(1)/fail(0): 1,	 time (s): 0.001176595687866211
Method: CudaSharedMemorySquare    , dims: (15, 31, 31)        , pass(1)/fail(0): 0,	 time (s): 0.0010123252868652344
Method: CudaSharedMemoryGeneral   , dims: (15, 31, 31)        , pass(1)/fail(0): 0,	 time (s): 0.0010058879852294922
Method: Numpy                     , dims: (15, 31, 15)        , pass(1)/fail(0): 1,	 time (s): 3.337860107421875e-06
Method: JitNumpy                  , dims: (15, 31, 15)        , pass(1)/fail(0): 1,	 time (s): 3.5762786865234375e-06
Method: CudaGlobalMemory          , dims: (15, 31, 15)        , pass(1)/fail(0): 0,	 time (s): 0.0011105537414550781
Method: CudaSharedMemorySquare    , dims: (15, 31, 15)        , pass(1)/fail(0): 0,	 time (s): 0.0010039806365966797
Method: CudaSharedMemoryGeneral   , dims: (15, 31, 15)        , pass(1)/fail(0): 0,	 time (s): 0.0010144710540771484
Method: Numpy                     , dims: (15, 15, 17)        , pass(1)/fail(0): 1,	 time (s): 3.0994415283203125e-06
Method: JitNumpy                  , dims: (15, 15, 17)        , pass(1)/fail(0): 1,	 time (s): 3.814697265625e-06
Method: CudaGlobalMemory          , dims: (15, 15, 17)        , pass(1)/fail(0): 1,	 time (s): 0.0011069774627685547
Method: CudaSharedMemorySquare    , dims: (15, 15, 17)        , pass(1)/fail(0): 0,	 time (s): 0.0011153221130371094
Method: CudaSharedMemoryGeneral   , dims: (15, 15, 17)        , pass(1)/fail(0): 0,	 time (s): 0.0010230541229248047
Method: Numpy                     , dims: (15, 15, 31)        , pass(1)/fail(0): 1,	 time (s): 3.0994415283203125e-06
Method: JitNumpy                  , dims: (15, 15, 31)        , pass(1)/fail(0): 1,	 time (s): 3.337860107421875e-06
Method: CudaGlobalMemory          , dims: (15, 15, 31)        , pass(1)/fail(0): 1,	 time (s): 0.0011303424835205078
Method: CudaSharedMemorySquare    , dims: (15, 15, 31)        , pass(1)/fail(0): 0,	 time (s): 0.0011599063873291016
Method: CudaSharedMemoryGeneral   , dims: (15, 15, 31)        , pass(1)/fail(0): 0,	 time (s): 0.00112152099609375
Method: Numpy                     , dims: (15, 15, 15)        , pass(1)/fail(0): 1,	 time (s): 3.0994415283203125e-06
Method: JitNumpy                  , dims: (15, 15, 15)        , pass(1)/fail(0): 1,	 time (s): 3.337860107421875e-06
Method: CudaGlobalMemory          , dims: (15, 15, 15)        , pass(1)/fail(0): 1,	 time (s): 0.0011065006256103516
Method: CudaSharedMemorySquare    , dims: (15, 15, 15)        , pass(1)/fail(0): 1,	 time (s): 0.0010304450988769531
Method: CudaSharedMemoryGeneral   , dims: (15, 15, 15)        , pass(1)/fail(0): 1,	 time (s): 0.0010478496551513672
