Device name: b'Tesla K80'
Compute capability: (3, 7)
Total global memory (GB): 11.173095703125
Free global memory (GB): 11.115966796875
Used global memory (GB): 0.05712890625
Max threads per block: 1024
Max block dimensions: x=1024, y=1024, z=64
Max grid dimensions: x=2147483647, y=65535, z=65535
Max shared memory per block (KB): 48.0
BPG:  (1, 1)  TPB:  (16, 16)
BPG:  (1, 1)  TPB:  (16, 16)
BPG:  (1, 1)  TPB:  (16, 16)
BPG:  (1, 1)  TPB:  (16, 16)
BPG:  (1, 2)  TPB:  (16, 16)
BPG:  (1, 2)  TPB:  (16, 16)
BPG:  (4, 2)  TPB:  (16, 16)
BPG:  (4, 2)  TPB:  (16, 16)
BPG:  (16, 32)  TPB:  (16, 16)
BPG:  (16, 32)  TPB:  (16, 16)
BPG:  (16, 16)  TPB:  (16, 16)
BPG:  (16, 16)  TPB:  (16, 16)
Method: Basic                     , dims: (4, 3, 4)           , pass(1)/fail(0): 1,	 time (s): 0.0002765655517578125
Method: CudaGlobalMemory          , dims: (4, 3, 4)           , pass(1)/fail(0): 1,	 time (s): 0.004374504089355469
Method: CudaSharedMemory          , dims: (4, 3, 4)           , pass(1)/fail(0): 1,	 time (s): 0.004132270812988281

Method: Basic                     , dims: (16, 20, 20)        , pass(1)/fail(0): 1,	 time (s): 0.004034519195556641
Method: CudaGlobalMemory          , dims: (16, 20, 20)        , pass(1)/fail(0): 1,	 time (s): 0.0020246505737304688
Method: CudaSharedMemory          , dims: (16, 20, 20)        , pass(1)/fail(0): 0,	 time (s): 0.001990079879760742

Method: Basic                     , dims: (64, 32, 32)        , pass(1)/fail(0): 1,	 time (s): 0.03287863731384277
Method: CudaGlobalMemory          , dims: (64, 32, 32)        , pass(1)/fail(0): 1,	 time (s): 0.0018355846405029297
Method: CudaSharedMemory          , dims: (64, 32, 32)        , pass(1)/fail(0): 0,	 time (s): 0.0018093585968017578

Method: Basic                     , dims: (256, 512, 256)     , pass(1)/fail(0): 1,	 time (s): 13.769696235656738
Method: CudaGlobalMemory          , dims: (256, 512, 256)     , pass(1)/fail(0): 1,	 time (s): 0.008387565612792969
Method: CudaSharedMemory          , dims: (256, 512, 256)     , pass(1)/fail(0): 0,	 time (s): 0.002597808837890625

Method: Basic                     , dims: (256, 256, 512)     , pass(1)/fail(0): 1,	 time (s): 13.840839147567749
Method: CudaGlobalMemory          , dims: (256, 256, 512)     , pass(1)/fail(0): 1,	 time (s): 0.009307622909545898
Method: CudaSharedMemory          , dims: (256, 256, 512)     , pass(1)/fail(0): 0,	 time (s): 0.002393484115600586

