Device name: b'Tesla K80'
Compute capability: (3, 7)
Total global memory (GB): 11.173095703125
Free global memory (GB): 11.115966796875
Used global memory (GB): 0.05712890625
Max threads per block: 1024
Max block dimensions: x=1024, y=1024, z=64
Max grid dimensions: x=2147483647, y=65535, z=65535
Max shared memory per block (KB): 48.0
BPG:  (1, 1)  TPB:  (16, 16)
Result:
 [[ 0.16665994]]
Expected:
 [[ 0.16665994]]

BPG:  (1, 1)  TPB:  (16, 16)
Result:
 [[ 0.86804187  1.53776968  0.64468473]
 [ 0.67611212  1.63062537  1.04411376]
 [ 0.50615859  0.91835588  0.22972672]]
Expected:
 [[ 0.86804187  1.53776968  0.64468473]
 [ 0.67611212  1.63062537  1.04411376]
 [ 0.50615859  0.91835594  0.22972672]]

BPG:  (1, 1)  TPB:  (16, 16)
Result:
 [[ 1.60819733  1.23753202  1.38518155]
 [ 1.24070942  0.84113431  1.26086056]
 [ 1.38465798  1.04673588  1.54983795]]
Expected:
 [[ 1.60819733  1.23753202  1.38518155]
 [ 1.24070942  0.84113437  1.26086068]
 [ 1.38465798  1.04673588  1.54983807]]

BPG:  (1, 1)  TPB:  (16, 16)
Result:
 [[ 0.9536311   0.23039074  0.5130825   1.57109165  0.86511433]
 [ 0.83045918  0.16881262  0.31869894  1.03766954  0.51343286]
 [ 0.63347864  0.12288538  0.33643556  0.96111149  0.4602285 ]]
Expected:
 [[ 0.9536311   0.23039074  0.5130825   1.57109177  0.86511433]
 [ 0.83045918  0.16881262  0.31869897  1.03766954  0.51343286]
 [ 0.63347864  0.12288539  0.33643553  0.96111149  0.46022853]]

BPG:  (1, 1)  TPB:  (16, 16)
Result:
 [[ 3.09739852  2.41693926  1.97177923  1.81906283  2.36347175]
 [ 2.48884916  2.06400824  1.45690739  1.3454119   1.95698559]
 [ 2.33961391  1.8472029   1.31393814  1.23252964  1.86841178]]
Expected:
 [[ 3.09739852  2.41693902  1.97177911  1.81906295  2.36347198]
 [ 2.48884916  2.06400824  1.45690739  1.3454119   1.95698571]
 [ 2.33961391  1.8472029   1.31393814  1.23252976  1.86841178]]

BPG:  (1, 1)  TPB:  (16, 16)
Result:
 [[ 0.45004705  0.81037164  0.86924136]
 [ 0.72679979  1.28625774  1.37494385]
 [ 0.91847265  1.66622853  1.6570462 ]
 [ 0.5358786   0.66487646  0.67462808]
 [ 0.21835971  0.71906126  0.71559393]]
Expected:
 [[ 0.45004705  0.81037164  0.8692413 ]
 [ 0.72679979  1.28625774  1.37494385]
 [ 0.91847271  1.66622853  1.6570462 ]
 [ 0.5358786   0.66487646  0.67462814]
 [ 0.21835971  0.71906126  0.71559393]]

BPG:  (1, 1)  TPB:  (16, 16)
Result:
 [[ 1.06190324  1.17315733  1.13679278]
 [ 2.26408553  2.0822866   2.37895274]
 [ 1.64115369  1.58564281  1.46234202]
 [ 1.16686642  1.08886623  1.2216239 ]
 [ 0.83192992  0.95029485  1.22669601]]
Expected:
 [[ 1.06190324  1.17315733  1.13679278]
 [ 2.26408577  2.0822866   2.37895274]
 [ 1.64115369  1.5856427   1.4623419 ]
 [ 1.16686642  1.08886623  1.2216239 ]
 [ 0.83192992  0.95029479  1.22669601]]

BPG:  (1, 1)  TPB:  (16, 16)
Result:
 [[ 1.21649361  2.05760336  1.77369606  1.53135347  1.35968065]
 [ 0.90628386  1.47715414  1.31043768  1.14104271  1.00521159]
 [ 0.6936847   1.24266493  1.08157718  0.91986865  0.81358051]
 [ 0.55746818  0.91334581  0.64453042  0.5671193   0.53674155]
 [ 0.78351855  1.37416923  0.99417782  0.85525042  0.8026458 ]]
Expected:
 [[ 1.21649349  2.05760336  1.77369606  1.53135347  1.35968065]
 [ 0.90628386  1.47715414  1.31043768  1.14104271  1.00521159]
 [ 0.6936847   1.24266505  1.08157718  0.91986865  0.81358051]
 [ 0.55746824  0.91334581  0.64453042  0.56711924  0.53674155]
 [ 0.78351849  1.37416923  0.99417782  0.85525042  0.80264574]]

BPG:  (1, 1)  TPB:  (16, 16)
Result:
 [[ 1.51015329  2.38061666  1.20107508  0.6790387   1.72243023]
 [ 1.68632948  2.4919796   1.51351106  0.88152975  1.91880083]
 [ 1.11158168  2.04940534  1.11148119  0.78593683  1.31889176]
 [ 0.59088087  1.18862748  0.54653728  0.36308423  0.82347345]
 [ 1.02201188  1.84965956  0.90250385  0.62718761  0.84602004]]
Expected:
 [[ 1.51015329  2.38061666  1.20107508  0.6790387   1.72243035]
 [ 1.68632948  2.4919796   1.51351106  0.88152969  1.91880095]
 [ 1.11158168  2.0494051   1.11148131  0.78593683  1.31889176]
 [ 0.59088087  1.18862736  0.54653728  0.36308423  0.82347345]
 [ 1.02201188  1.84965944  0.90250385  0.62718761  0.84602004]]

Method: CudaGlobalMemory          , dims: (3, 3, 3)           , pass(1)/fail(0): 1,	 time (s): 0.002242565155029297

Method: CudaGlobalMemory          , dims: (3, 3, 5)           , pass(1)/fail(0): 1,	 time (s): 0.0019266605377197266

Method: CudaGlobalMemory          , dims: (3, 5, 3)           , pass(1)/fail(0): 1,	 time (s): 0.002026796340942383

Method: CudaGlobalMemory          , dims: (3, 5, 5)           , pass(1)/fail(0): 1,	 time (s): 0.0019307136535644531

Method: CudaGlobalMemory          , dims: (5, 3, 3)           , pass(1)/fail(0): 1,	 time (s): 0.0019335746765136719

Method: CudaGlobalMemory          , dims: (5, 3, 5)           , pass(1)/fail(0): 1,	 time (s): 0.0019235610961914062

Method: CudaGlobalMemory          , dims: (5, 5, 3)           , pass(1)/fail(0): 1,	 time (s): 0.0020210742950439453

Method: CudaGlobalMemory          , dims: (5, 5, 5)           , pass(1)/fail(0): 1,	 time (s): 0.001962900161743164

BPG:  (1, 1)  TPB:  (16, 16)
Result:
 [[ 0.23762865]]
Expected:
 [[ 0.23762865]]

BPG:  (1, 1)  TPB:  (16, 16)
Result:
 [[ 0.3584376   0.13380049  0.33590651]
 [ 0.75119555  0.17575637  0.6962077 ]
 [ 1.28018963  0.40517354  1.03944552]]
Expected:
 [[ 0.3584376   0.13380051  0.33590651]
 [ 0.75119549  0.17575637  0.6962077 ]
 [ 1.28018963  0.40517354  1.0394454 ]]

BPG:  (1, 1)  TPB:  (16, 16)
Result:
 [[ 1.76091921  1.82566333  1.88487577]
 [ 1.79338706  2.20807528  1.82168531]
 [ 1.09740472  1.11546075  0.93390316]]
Expected:
 [[ 1.76091933  1.82566345  1.88487566]
 [ 1.79338694  2.20807528  1.82168531]
 [ 1.09740472  1.11546075  0.93390322]]

BPG:  (1, 1)  TPB:  (16, 16)
Result:
 [[ 0.35085931  0.42007449  0.97308385  0.57866204  0.44722348]
 [ 0.5829097   0.52834129  1.05708754  0.9209094   0.78875089]
 [ 0.34245858  0.43096167  0.95003015  0.6103636   0.49028683]]
Expected:
 [[ 0.35085934  0.42007449  0.97308385  0.57866204  0.44722348]
 [ 0.5829097   0.52834129  1.05708754  0.9209094   0.78875095]
 [ 0.34245858  0.43096167  0.95003015  0.61036354  0.49028683]]

BPG:  (1, 1)  TPB:  (16, 16)
Result:
 [[ 0.70101845  0.7427578   0.46045467  0.86668283  0.66990119]
 [ 1.70350754  1.18000698  0.92905313  1.78548121  1.11819613]
 [ 0.88440424  0.67227834  0.56498766  1.01658154  0.80220246]]
Expected:
 [[ 0.70101845  0.7427578   0.46045467  0.86668283  0.66990119]
 [ 1.70350754  1.18000698  0.92905313  1.7854811   1.11819613]
 [ 0.88440424  0.67227834  0.56498766  1.01658154  0.80220246]]

BPG:  (1, 1)  TPB:  (16, 16)
Result:
 [[ 0.4875876   1.18463016  0.8620252 ]
 [ 0.3431159   0.91929346  0.6418252 ]
 [ 0.67120409  1.16684222  1.04643929]
 [ 0.62450498  1.1817168   0.99067265]
 [ 0.5409658   0.99287516  0.88502413]]
Expected:
 [[ 0.4875876   1.18463027  0.8620252 ]
 [ 0.3431159   0.91929346  0.6418252 ]
 [ 0.67120415  1.16684222  1.04643929]
 [ 0.62450498  1.1817168   0.99067265]
 [ 0.54096574  0.99287516  0.88502419]]

BPG:  (1, 1)  TPB:  (16, 16)
Result:
 [[ 2.85421848  2.12586045  2.06163788]
 [ 1.94686472  1.78704333  1.55038607]
 [ 1.92834449  1.71729815  1.33377492]
 [ 2.13546586  1.75048029  1.64245903]
 [ 2.37031221  1.69072533  1.41813874]]
Expected:
 [[ 2.85421824  2.12586045  2.06163764]
 [ 1.94686472  1.78704333  1.55038595]
 [ 1.92834449  1.71729815  1.33377504]
 [ 2.13546586  1.75048029  1.64245915]
 [ 2.37031221  1.69072533  1.41813874]]

BPG:  (1, 1)  TPB:  (16, 16)
Result:
 [[ 0.74143833  1.11199033  1.01978171  1.31622553  1.40275586]
 [ 0.80811334  0.90635455  0.89866155  1.18023133  1.17868638]
 [ 0.9439913   1.09070611  1.14258778  1.51112747  1.80201006]
 [ 0.25994182  0.33966324  0.34148252  0.44804525  0.5383662 ]
 [ 0.36101753  0.29590759  0.36955026  0.50251687  0.64380306]]
Expected:
 [[ 0.74143833  1.11199033  1.01978171  1.31622553  1.40275586]
 [ 0.80811334  0.90635455  0.89866161  1.18023121  1.1786865 ]
 [ 0.9439913   1.09070611  1.14258778  1.51112747  1.80201018]
 [ 0.25994179  0.33966324  0.34148252  0.44804525  0.53836614]
 [ 0.3610175   0.29590759  0.36955026  0.50251681  0.64380306]]

BPG:  (1, 1)  TPB:  (16, 16)
Result:
 [[ 1.50380623  1.39230967  1.1349591   1.13128626  1.34465039]
 [ 2.07402897  1.74664831  1.19271076  1.6729964   1.83898711]
 [ 1.38035595  1.19817567  1.07620215  1.0836271   1.10897076]
 [ 1.27733839  0.90198612  1.1230582   0.63803577  0.94904155]
 [ 1.14790046  1.18805337  0.85093176  0.97893834  0.77009219]]
Expected:
 [[ 1.50380623  1.39230967  1.1349591   1.13128626  1.34465039]
 [ 2.07402897  1.74664819  1.19271076  1.6729964   1.83898723]
 [ 1.38035607  1.19817567  1.07620215  1.0836271   1.10897076]
 [ 1.27733839  0.90198612  1.1230582   0.63803577  0.9490416 ]
 [ 1.14790046  1.18805337  0.85093176  0.97893834  0.77009231]]

Method: CudaGlobalMemory          , dims: (3, 3, 3)           , pass(1)/fail(0): 1,	 time (s): 0.002249479293823242

Method: CudaGlobalMemory          , dims: (3, 3, 5)           , pass(1)/fail(0): 1,	 time (s): 0.0021991729736328125

Method: CudaGlobalMemory          , dims: (3, 5, 3)           , pass(1)/fail(0): 1,	 time (s): 0.0020198822021484375

Method: CudaGlobalMemory          , dims: (3, 5, 5)           , pass(1)/fail(0): 1,	 time (s): 0.002022981643676758

Method: CudaGlobalMemory          , dims: (5, 3, 3)           , pass(1)/fail(0): 1,	 time (s): 0.002004384994506836

Method: CudaGlobalMemory          , dims: (5, 3, 5)           , pass(1)/fail(0): 1,	 time (s): 0.0019245147705078125

Method: CudaGlobalMemory          , dims: (5, 5, 3)           , pass(1)/fail(0): 1,	 time (s): 0.0019164085388183594

Method: CudaGlobalMemory          , dims: (5, 5, 5)           , pass(1)/fail(0): 1,	 time (s): 0.0019383430480957031

BPG:  (1, 1)  TPB:  (16, 16)
Result:
 [[ 0.52277529]]
Expected:
 [[ 0.52277529]]

BPG:  (1, 1)  TPB:  (16, 16)

BPG:  (1, 1)  TPB:  (16, 16)

BPG:  (1, 1)  TPB:  (16, 16)

BPG:  (1, 1)  TPB:  (16, 16)

BPG:  (1, 1)  TPB:  (16, 16)

BPG:  (1, 1)  TPB:  (16, 16)

BPG:  (1, 1)  TPB:  (16, 16)

BPG:  (1, 1)  TPB:  (16, 16)

Method: CudaGlobalMemory          , dims: (16, 16, 16)        , pass(1)/fail(0): 1,	 time (s): 0.0019273757934570312

Method: CudaGlobalMemory          , dims: (16, 16, 15)        , pass(1)/fail(0): 1,	 time (s): 0.0019061565399169922

Method: CudaGlobalMemory          , dims: (16, 15, 16)        , pass(1)/fail(0): 1,	 time (s): 0.0021898746490478516

Method: CudaGlobalMemory          , dims: (16, 15, 15)        , pass(1)/fail(0): 1,	 time (s): 0.0021779537200927734

Method: CudaGlobalMemory          , dims: (15, 16, 16)        , pass(1)/fail(0): 1,	 time (s): 0.001924753189086914

Method: CudaGlobalMemory          , dims: (15, 16, 15)        , pass(1)/fail(0): 1,	 time (s): 0.001964569091796875

Method: CudaGlobalMemory          , dims: (15, 15, 16)        , pass(1)/fail(0): 1,	 time (s): 0.002039194107055664

Method: CudaGlobalMemory          , dims: (15, 15, 15)        , pass(1)/fail(0): 1,	 time (s): 0.0020253658294677734

BPG:  (1, 1)  TPB:  (16, 16)
Result:
 [[ 0.17571403]]
Expected:
 [[ 0.17571403]]

BPG:  (1, 1)  TPB:  (16, 16)

BPG:  (1, 1)  TPB:  (16, 16)

BPG:  (1, 1)  TPB:  (16, 16)

BPG:  (1, 1)  TPB:  (16, 16)

BPG:  (1, 1)  TPB:  (16, 16)

BPG:  (1, 1)  TPB:  (16, 16)

BPG:  (1, 1)  TPB:  (16, 16)

BPG:  (1, 1)  TPB:  (16, 16)

Method: CudaGlobalMemory          , dims: (16, 16, 16)        , pass(1)/fail(0): 1,	 time (s): 0.0019197463989257812

Method: CudaGlobalMemory          , dims: (16, 16, 15)        , pass(1)/fail(0): 1,	 time (s): 0.0019915103912353516

Method: CudaGlobalMemory          , dims: (16, 15, 16)        , pass(1)/fail(0): 1,	 time (s): 0.001932382583618164

Method: CudaGlobalMemory          , dims: (16, 15, 15)        , pass(1)/fail(0): 1,	 time (s): 0.0019240379333496094

Method: CudaGlobalMemory          , dims: (15, 16, 16)        , pass(1)/fail(0): 1,	 time (s): 0.0021889209747314453

Method: CudaGlobalMemory          , dims: (15, 16, 15)        , pass(1)/fail(0): 1,	 time (s): 0.0021958351135253906

Method: CudaGlobalMemory          , dims: (15, 15, 16)        , pass(1)/fail(0): 1,	 time (s): 0.0019216537475585938

Method: CudaGlobalMemory          , dims: (15, 15, 15)        , pass(1)/fail(0): 1,	 time (s): 0.001949310302734375

BPG:  (1, 1)  TPB:  (16, 16)
Result:
 [[ 0.33193821]]
Expected:
 [[ 0.33193821]]

BPG:  (1, 1)  TPB:  (16, 16)

BPG:  (1, 2)  TPB:  (16, 16)

BPG:  (1, 1)  TPB:  (16, 16)

BPG:  (1, 2)  TPB:  (16, 16)

BPG:  (2, 1)  TPB:  (16, 16)

BPG:  (2, 2)  TPB:  (16, 16)

BPG:  (2, 1)  TPB:  (16, 16)

BPG:  (2, 2)  TPB:  (16, 16)

Method: CudaGlobalMemory          , dims: (16, 16, 16)        , pass(1)/fail(0): 1,	 time (s): 0.0019237995147705078

Method: CudaGlobalMemory          , dims: (16, 16, 17)        , pass(1)/fail(0): 1,	 time (s): 0.0019025802612304688

Method: CudaGlobalMemory          , dims: (16, 17, 16)        , pass(1)/fail(0): 0,	 time (s): 0.001926422119140625

Method: CudaGlobalMemory          , dims: (16, 17, 17)        , pass(1)/fail(0): 1,	 time (s): 0.002150297164916992

Method: CudaGlobalMemory          , dims: (17, 16, 16)        , pass(1)/fail(0): 1,	 time (s): 0.0019466876983642578

Method: CudaGlobalMemory          , dims: (17, 16, 17)        , pass(1)/fail(0): 1,	 time (s): 0.0019261837005615234

Method: CudaGlobalMemory          , dims: (17, 17, 16)        , pass(1)/fail(0): 0,	 time (s): 0.002215147018432617

Method: CudaGlobalMemory          , dims: (17, 17, 17)        , pass(1)/fail(0): 1,	 time (s): 0.002190113067626953

BPG:  (1, 1)  TPB:  (16, 16)
Result:
 [[ 0.02531399]]
Expected:
 [[ 0.02531399]]

BPG:  (1, 1)  TPB:  (16, 16)

BPG:  (1, 2)  TPB:  (16, 16)

BPG:  (1, 1)  TPB:  (16, 16)

BPG:  (1, 2)  TPB:  (16, 16)

BPG:  (2, 1)  TPB:  (16, 16)

BPG:  (2, 2)  TPB:  (16, 16)

BPG:  (2, 1)  TPB:  (16, 16)

BPG:  (2, 2)  TPB:  (16, 16)

Method: CudaGlobalMemory          , dims: (16, 16, 16)        , pass(1)/fail(0): 1,	 time (s): 0.0019252300262451172

Method: CudaGlobalMemory          , dims: (16, 16, 17)        , pass(1)/fail(0): 1,	 time (s): 0.001997232437133789

Method: CudaGlobalMemory          , dims: (16, 17, 16)        , pass(1)/fail(0): 0,	 time (s): 0.0019419193267822266

Method: CudaGlobalMemory          , dims: (16, 17, 17)        , pass(1)/fail(0): 1,	 time (s): 0.0019223690032958984

Method: CudaGlobalMemory          , dims: (17, 16, 16)        , pass(1)/fail(0): 1,	 time (s): 0.0019106864929199219

Method: CudaGlobalMemory          , dims: (17, 16, 17)        , pass(1)/fail(0): 1,	 time (s): 0.0019953250885009766

Method: CudaGlobalMemory          , dims: (17, 17, 16)        , pass(1)/fail(0): 0,	 time (s): 0.0019237995147705078

Method: CudaGlobalMemory          , dims: (17, 17, 17)        , pass(1)/fail(0): 1,	 time (s): 0.0019412040710449219

BPG:  (1, 1)  TPB:  (16, 16)
Result:
 [[ 0.01248364]]
Expected:
 [[ 0.01248364]]

BPG:  (5, 5)  TPB:  (16, 16)

BPG:  (5, 7)  TPB:  (16, 16)

BPG:  (5, 4)  TPB:  (16, 16)

BPG:  (5, 5)  TPB:  (16, 16)

BPG:  (5, 7)  TPB:  (16, 16)

BPG:  (5, 4)  TPB:  (16, 16)

BPG:  (5, 5)  TPB:  (16, 16)

BPG:  (5, 7)  TPB:  (16, 16)

BPG:  (5, 4)  TPB:  (16, 16)

BPG:  (7, 5)  TPB:  (16, 16)

BPG:  (7, 7)  TPB:  (16, 16)

BPG:  (7, 4)  TPB:  (16, 16)

BPG:  (7, 5)  TPB:  (16, 16)

BPG:  (7, 7)  TPB:  (16, 16)

BPG:  (7, 4)  TPB:  (16, 16)

BPG:  (7, 5)  TPB:  (16, 16)

BPG:  (7, 7)  TPB:  (16, 16)

BPG:  (7, 4)  TPB:  (16, 16)

BPG:  (4, 5)  TPB:  (16, 16)

BPG:  (4, 7)  TPB:  (16, 16)

BPG:  (4, 4)  TPB:  (16, 16)

BPG:  (4, 5)  TPB:  (16, 16)

BPG:  (4, 7)  TPB:  (16, 16)

BPG:  (4, 4)  TPB:  (16, 16)

BPG:  (4, 5)  TPB:  (16, 16)

BPG:  (4, 7)  TPB:  (16, 16)

BPG:  (4, 4)  TPB:  (16, 16)

Method: CudaGlobalMemory          , dims: (73, 73, 73)        , pass(1)/fail(0): 1,	 time (s): 0.002259492874145508

Method: CudaGlobalMemory          , dims: (73, 73, 99)        , pass(1)/fail(0): 1,	 time (s): 0.0020322799682617188

Method: CudaGlobalMemory          , dims: (73, 73, 53)        , pass(1)/fail(0): 0,	 time (s): 0.0019779205322265625

Method: CudaGlobalMemory          , dims: (73, 99, 73)        , pass(1)/fail(0): 0,	 time (s): 0.002102375030517578

Method: CudaGlobalMemory          , dims: (73, 99, 99)        , pass(1)/fail(0): 1,	 time (s): 0.00209808349609375

Method: CudaGlobalMemory          , dims: (73, 99, 53)        , pass(1)/fail(0): 0,	 time (s): 0.00199127197265625

Method: CudaGlobalMemory          , dims: (73, 53, 73)        , pass(1)/fail(0): 1,	 time (s): 0.0020067691802978516

Method: CudaGlobalMemory          , dims: (73, 53, 99)        , pass(1)/fail(0): 1,	 time (s): 0.0021317005157470703

Method: CudaGlobalMemory          , dims: (73, 53, 53)        , pass(1)/fail(0): 1,	 time (s): 0.001981496810913086

Method: CudaGlobalMemory          , dims: (99, 73, 73)        , pass(1)/fail(0): 1,	 time (s): 0.0020532608032226562

Method: CudaGlobalMemory          , dims: (99, 73, 99)        , pass(1)/fail(0): 1,	 time (s): 0.0023822784423828125

Method: CudaGlobalMemory          , dims: (99, 73, 53)        , pass(1)/fail(0): 0,	 time (s): 0.002254962921142578

Method: CudaGlobalMemory          , dims: (99, 99, 73)        , pass(1)/fail(0): 0,	 time (s): 0.0020513534545898438

Method: CudaGlobalMemory          , dims: (99, 99, 99)        , pass(1)/fail(0): 1,	 time (s): 0.002147674560546875

Method: CudaGlobalMemory          , dims: (99, 99, 53)        , pass(1)/fail(0): 0,	 time (s): 0.0020864009857177734

Method: CudaGlobalMemory          , dims: (99, 53, 73)        , pass(1)/fail(0): 1,	 time (s): 0.002014636993408203

Method: CudaGlobalMemory          , dims: (99, 53, 99)        , pass(1)/fail(0): 1,	 time (s): 0.0020356178283691406

Method: CudaGlobalMemory          , dims: (99, 53, 53)        , pass(1)/fail(0): 1,	 time (s): 0.002002239227294922

Method: CudaGlobalMemory          , dims: (53, 73, 73)        , pass(1)/fail(0): 1,	 time (s): 0.0020868778228759766

Method: CudaGlobalMemory          , dims: (53, 73, 99)        , pass(1)/fail(0): 1,	 time (s): 0.002024412155151367

Method: CudaGlobalMemory          , dims: (53, 73, 53)        , pass(1)/fail(0): 0,	 time (s): 0.0019795894622802734

Method: CudaGlobalMemory          , dims: (53, 99, 73)        , pass(1)/fail(0): 0,	 time (s): 0.0023040771484375

Method: CudaGlobalMemory          , dims: (53, 99, 99)        , pass(1)/fail(0): 1,	 time (s): 0.002313852310180664

Method: CudaGlobalMemory          , dims: (53, 99, 53)        , pass(1)/fail(0): 0,	 time (s): 0.0019953250885009766

Method: CudaGlobalMemory          , dims: (53, 53, 73)        , pass(1)/fail(0): 1,	 time (s): 0.002012491226196289

Method: CudaGlobalMemory          , dims: (53, 53, 99)        , pass(1)/fail(0): 1,	 time (s): 0.002096414566040039

Method: CudaGlobalMemory          , dims: (53, 53, 53)        , pass(1)/fail(0): 1,	 time (s): 0.0019631385803222656

