Device name: b'NVIDIA GeForce RTX 2080 Ti'
Compute capability: (7, 5)
Total global memory (GB): 10.75341796875
Free global memory (GB): 10.5992431640625
Used global memory (GB): 0.1541748046875
Max threads per block: 1024
Max block dimensions: x=1024, y=1024, z=64
Max grid dimensions: x=2147483647, y=65535, z=65535
Max shared memory per block (KB): 48.0
BPG:  (1, 1)  TPB:  (16, 16)
BPG:  (1, 1)  TPB:  (16, 16)
BPG:  (1, 1)  TPB:  (16, 16)
BPG:  (1, 1)  TPB:  (16, 16)
BPG:  (1, 2)  TPB:  (16, 16)
BPG:  (1, 2)  TPB:  (16, 16)
FAILED! Dimensions:  (16, 20, 20)  Method:  CudaSharedMemory
Result:
 [[ 80.  80.  80.  80.  80.  80.  80.  80.  80.  80.  80.  80.  80.  80.
   80.  80.   0.   0.   0.   0.]
 [ 80.  80.  80.  80.  80.  80.  80.  80.  80.  80.  80.  80.  80.  80.
   80.  80.   0.   0.   0.   0.]
 [ 80.  80.  80.  80.  80.  80.  80.  80.  80.  80.  80.  80.  80.  80.
   80.  80.   0.   0.   0.   0.]
 [ 80.  80.  80.  80.  80.  80.  80.  80.  80.  80.  80.  80.  80.  80.
   80.  80.   0.   0.   0.   0.]
 [ 80.  80.  80.  80.  80.  80.  80.  80.  80.  80.  80.  80.  80.  80.
   80.  80.   0.   0.   0.   0.]
 [ 80.  80.  80.  80.  80.  80.  80.  80.  80.  80.  80.  80.  80.  80.
   80.  80.   0.   0.   0.   0.]
 [ 80.  80.  80.  80.  80.  80.  80.  80.  80.  80.  80.  80.  80.  80.
   80.  80.   0.   0.   0.   0.]
 [ 80.  80.  80.  80.  80.  80.  80.  80.  80.  80.  80.  80.  80.  80.
   80.  80.   0.   0.   0.   0.]
 [ 80.  80.  80.  80.  80.  80.  80.  80.  80.  80.  80.  80.  80.  80.
   80.  80.   0.   0.   0.   0.]
 [ 80.  80.  80.  80.  80.  80.  80.  80.  80.  80.  80.  80.  80.  80.
   80.  80.   0.   0.   0.   0.]
 [ 80.  80.  80.  80.  80.  80.  80.  80.  80.  80.  80.  80.  80.  80.
   80.  80.   0.   0.   0.   0.]
 [ 80.  80.  80.  80.  80.  80.  80.  80.  80.  80.  80.  80.  80.  80.
   80.  80.   0.   0.   0.   0.]
 [ 80.  80.  80.  80.  80.  80.  80.  80.  80.  80.  80.  80.  80.  80.
   80.  80.   0.   0.   0.   0.]
 [ 80.  80.  80.  80.  80.  80.  80.  80.  80.  80.  80.  80.  80.  80.
   80.  80.   0.   0.   0.   0.]
 [ 80.  80.  80.  80.  80.  80.  80.  80.  80.  80.  80.  80.  80.  80.
   80.  80.   0.   0.   0.   0.]
 [ 80.  80.  80.  80.  80.  80.  80.  80.  80.  80.  80.  80.  80.  80.
   80.  80.   0.   0.   0.   0.]]
Expected:
 [[ 100.  100.  100.  100.  100.  100.  100.  100.  100.  100.  100.  100.
   100.  100.  100.  100.  100.  100.  100.  100.]
 [ 100.  100.  100.  100.  100.  100.  100.  100.  100.  100.  100.  100.
   100.  100.  100.  100.  100.  100.  100.  100.]
 [ 100.  100.  100.  100.  100.  100.  100.  100.  100.  100.  100.  100.
   100.  100.  100.  100.  100.  100.  100.  100.]
 [ 100.  100.  100.  100.  100.  100.  100.  100.  100.  100.  100.  100.
   100.  100.  100.  100.  100.  100.  100.  100.]
 [ 100.  100.  100.  100.  100.  100.  100.  100.  100.  100.  100.  100.
   100.  100.  100.  100.  100.  100.  100.  100.]
 [ 100.  100.  100.  100.  100.  100.  100.  100.  100.  100.  100.  100.
   100.  100.  100.  100.  100.  100.  100.  100.]
 [ 100.  100.  100.  100.  100.  100.  100.  100.  100.  100.  100.  100.
   100.  100.  100.  100.  100.  100.  100.  100.]
 [ 100.  100.  100.  100.  100.  100.  100.  100.  100.  100.  100.  100.
   100.  100.  100.  100.  100.  100.  100.  100.]
 [ 100.  100.  100.  100.  100.  100.  100.  100.  100.  100.  100.  100.
   100.  100.  100.  100.  100.  100.  100.  100.]
 [ 100.  100.  100.  100.  100.  100.  100.  100.  100.  100.  100.  100.
   100.  100.  100.  100.  100.  100.  100.  100.]
 [ 100.  100.  100.  100.  100.  100.  100.  100.  100.  100.  100.  100.
   100.  100.  100.  100.  100.  100.  100.  100.]
 [ 100.  100.  100.  100.  100.  100.  100.  100.  100.  100.  100.  100.
   100.  100.  100.  100.  100.  100.  100.  100.]
 [ 100.  100.  100.  100.  100.  100.  100.  100.  100.  100.  100.  100.
   100.  100.  100.  100.  100.  100.  100.  100.]
 [ 100.  100.  100.  100.  100.  100.  100.  100.  100.  100.  100.  100.
   100.  100.  100.  100.  100.  100.  100.  100.]
 [ 100.  100.  100.  100.  100.  100.  100.  100.  100.  100.  100.  100.
   100.  100.  100.  100.  100.  100.  100.  100.]
 [ 100.  100.  100.  100.  100.  100.  100.  100.  100.  100.  100.  100.
   100.  100.  100.  100.  100.  100.  100.  100.]]
Difference:
 [[ -20.  -20.  -20.  -20.  -20.  -20.  -20.  -20.  -20.  -20.  -20.  -20.
   -20.  -20.  -20.  -20. -100. -100. -100. -100.]
 [ -20.  -20.  -20.  -20.  -20.  -20.  -20.  -20.  -20.  -20.  -20.  -20.
   -20.  -20.  -20.  -20. -100. -100. -100. -100.]
 [ -20.  -20.  -20.  -20.  -20.  -20.  -20.  -20.  -20.  -20.  -20.  -20.
   -20.  -20.  -20.  -20. -100. -100. -100. -100.]
 [ -20.  -20.  -20.  -20.  -20.  -20.  -20.  -20.  -20.  -20.  -20.  -20.
   -20.  -20.  -20.  -20. -100. -100. -100. -100.]
 [ -20.  -20.  -20.  -20.  -20.  -20.  -20.  -20.  -20.  -20.  -20.  -20.
   -20.  -20.  -20.  -20. -100. -100. -100. -100.]
 [ -20.  -20.  -20.  -20.  -20.  -20.  -20.  -20.  -20.  -20.  -20.  -20.
   -20.  -20.  -20.  -20. -100. -100. -100. -100.]
 [ -20.  -20.  -20.  -20.  -20.  -20.  -20.  -20.  -20.  -20.  -20.  -20.
   -20.  -20.  -20.  -20. -100. -100. -100. -100.]
 [ -20.  -20.  -20.  -20.  -20.  -20.  -20.  -20.  -20.  -20.  -20.  -20.
   -20.  -20.  -20.  -20. -100. -100. -100. -100.]
 [ -20.  -20.  -20.  -20.  -20.  -20.  -20.  -20.  -20.  -20.  -20.  -20.
   -20.  -20.  -20.  -20. -100. -100. -100. -100.]
 [ -20.  -20.  -20.  -20.  -20.  -20.  -20.  -20.  -20.  -20.  -20.  -20.
   -20.  -20.  -20.  -20. -100. -100. -100. -100.]
 [ -20.  -20.  -20.  -20.  -20.  -20.  -20.  -20.  -20.  -20.  -20.  -20.
   -20.  -20.  -20.  -20. -100. -100. -100. -100.]
 [ -20.  -20.  -20.  -20.  -20.  -20.  -20.  -20.  -20.  -20.  -20.  -20.
   -20.  -20.  -20.  -20. -100. -100. -100. -100.]
 [ -20.  -20.  -20.  -20.  -20.  -20.  -20.  -20.  -20.  -20.  -20.  -20.
   -20.  -20.  -20.  -20. -100. -100. -100. -100.]
 [ -20.  -20.  -20.  -20.  -20.  -20.  -20.  -20.  -20.  -20.  -20.  -20.
   -20.  -20.  -20.  -20. -100. -100. -100. -100.]
 [ -20.  -20.  -20.  -20.  -20.  -20.  -20.  -20.  -20.  -20.  -20.  -20.
   -20.  -20.  -20.  -20. -100. -100. -100. -100.]
 [ -20.  -20.  -20.  -20.  -20.  -20.  -20.  -20.  -20.  -20.  -20.  -20.
   -20.  -20.  -20.  -20. -100. -100. -100. -100.]]

Method: Basic                     , dims: (4, 3, 4)           , pass(1)/fail(0): 1,	 time (s): 0.0002579689025878906
Method: CudaGlobalMemory          , dims: (4, 3, 4)           , pass(1)/fail(0): 1,	 time (s): 0.0043354034423828125
Method: CudaSharedMemory          , dims: (4, 3, 4)           , pass(1)/fail(0): 1,	 time (s): 0.002142667770385742

Method: Basic                     , dims: (16, 20, 20)        , pass(1)/fail(0): 1,	 time (s): 0.0038988590240478516
Method: CudaGlobalMemory          , dims: (16, 20, 20)        , pass(1)/fail(0): 1,	 time (s): 0.0015239715576171875
Method: CudaSharedMemory          , dims: (16, 20, 20)        , pass(1)/fail(0): 0,	 time (s): 0.0013229846954345703

