Device name: b'Tesla V100-PCIE-32GB'
Compute capability: (7, 0)
Total global memory (GB): 31.7393798828125
Free global memory (GB): 31.4366455078125
Used global memory (GB): 0.302734375
Max threads per block: 1024
Max block dimensions: x=1024, y=1024, z=64
Max grid dimensions: x=2147483647, y=65535, z=65535
Max shared memory per block (KB): 48.0
Method: CudaGlobalMemory          , dims: (128, 128, 128)     , pass(1)/fail(0): 1,	 time (s): 0.005431652069091797
Method: CudaSharedMemorySquare    , dims: (128, 128, 128)     , pass(1)/fail(0): 1,	 time (s): 0.004934549331665039
Method: CudaSharedMemoryGeneral   , dims: (128, 128, 128)     , pass(1)/fail(0): 1,	 time (s): 0.004622220993041992
Method: CudaGlobalMemory          , dims: (128, 128, 256)     , pass(1)/fail(0): 1,	 time (s): 0.0032796859741210938
Method: CudaSharedMemorySquare    , dims: (128, 128, 256)     , pass(1)/fail(0): 0,	 time (s): 0.0033423900604248047
Method: CudaSharedMemoryGeneral   , dims: (128, 128, 256)     , pass(1)/fail(0): 0,	 time (s): 0.0023491382598876953
Method: CudaGlobalMemory          , dims: (128, 256, 128)     , pass(1)/fail(0): 0,	 time (s): 0.0022780895233154297
Method: CudaSharedMemorySquare    , dims: (128, 256, 128)     , pass(1)/fail(0): 0,	 time (s): 0.0025374889373779297
Method: CudaSharedMemoryGeneral   , dims: (128, 256, 128)     , pass(1)/fail(0): 0,	 time (s): 0.0021886825561523438
Method: CudaGlobalMemory          , dims: (128, 256, 256)     , pass(1)/fail(0): 1,	 time (s): 0.0017726421356201172
Method: CudaSharedMemorySquare    , dims: (128, 256, 256)     , pass(1)/fail(0): 0,	 time (s): 0.002640962600708008
Method: CudaSharedMemoryGeneral   , dims: (128, 256, 256)     , pass(1)/fail(0): 0,	 time (s): 0.0016989707946777344
Method: CudaGlobalMemory          , dims: (256, 128, 128)     , pass(1)/fail(0): 1,	 time (s): 0.0016613006591796875
Method: CudaSharedMemorySquare    , dims: (256, 128, 128)     , pass(1)/fail(0): 0,	 time (s): 0.0015997886657714844
Method: CudaSharedMemoryGeneral   , dims: (256, 128, 128)     , pass(1)/fail(0): 0,	 time (s): 0.0015478134155273438
Method: CudaGlobalMemory          , dims: (256, 128, 256)     , pass(1)/fail(0): 1,	 time (s): 0.0017824172973632812
Method: CudaSharedMemorySquare    , dims: (256, 128, 256)     , pass(1)/fail(0): 0,	 time (s): 0.0016536712646484375
Method: CudaSharedMemoryGeneral   , dims: (256, 128, 256)     , pass(1)/fail(0): 1,	 time (s): 0.0015976428985595703
Method: CudaGlobalMemory          , dims: (256, 256, 128)     , pass(1)/fail(0): 0,	 time (s): 0.0040645599365234375
Method: CudaSharedMemorySquare    , dims: (256, 256, 128)     , pass(1)/fail(0): 0,	 time (s): 0.003727436065673828
Method: CudaSharedMemoryGeneral   , dims: (256, 256, 128)     , pass(1)/fail(0): 0,	 time (s): 0.0031151771545410156
Method: CudaGlobalMemory          , dims: (256, 256, 256)     , pass(1)/fail(0): 1,	 time (s): 0.002254009246826172
Method: CudaSharedMemorySquare    , dims: (256, 256, 256)     , pass(1)/fail(0): 1,	 time (s): 0.002622365951538086
Method: CudaSharedMemoryGeneral   , dims: (256, 256, 256)     , pass(1)/fail(0): 1,	 time (s): 0.0021622180938720703
