Device name: b'Tesla K80'
Compute capability: (3, 7)
Total global memory (GB): 11.173095703125
Free global memory (GB): 11.115966796875
Used global memory (GB): 0.05712890625
Max threads per block: 1024
Max block dimensions: x=1024, y=1024, z=64
Max grid dimensions: x=2147483647, y=65535, z=65535
Max shared memory per block (KB): 48.0
BPG:  (1, 1)  TPB:  (16, 16)
BPG:  (1, 1)  TPB:  (16, 16)
BPG:  (2, 1)  TPB:  (16, 16)
BPG:  (2, 1)  TPB:  (16, 16)
BPG:  (1, 2)  TPB:  (16, 16)
BPG:  (1, 2)  TPB:  (16, 16)
FAILED! Dimensions:  (17, 16, 17)  Method:  CudaSharedMemory
Result:
 [[ 5.45618725  4.18289661  5.600595    5.22845125  4.52196503  4.16454887
   4.33095217  4.60365105  4.3124218   5.05569315  5.47905684  4.43715477
   4.98750925  4.19094992  4.88472795  4.40019274]
 [ 3.39838982  3.18340969  4.35496664  3.52751303  3.62905574  3.19075346
   2.90431929  2.83840203  2.70409417  4.0388999   3.61827826  2.26508999
   3.34986901  2.83432794  3.75030017  3.99926519]
 [ 2.81558681  2.8473413   3.50759578  2.65005565  2.7732687   2.77609015
   2.13586283  3.13533187  2.5101757   3.45133495  3.16097522  2.63897133
   2.88927937  2.4681766   2.51337433  3.40724945]
 [ 3.77432013  2.73316622  4.15181398  4.22325945  2.83424306  3.91829371
   3.68752861  3.60714436  2.70552754  4.1861558   4.24665117  2.8250134
   4.10861778  2.39933586  3.8129499   2.47217298]
 [ 3.67863488  3.2479341   4.25418091  4.06814384  3.29793191  3.92363334
   2.97816515  3.12046266  2.74020052  4.64632368  3.9967165   2.39531469
   3.82480311  2.23919868  3.5401125   4.10286427]
 [ 4.80890226  3.24239659  5.40968609  4.44798326  4.34254694  4.16806793
   3.85292602  3.97531319  3.01664591  5.01057768  4.8378377   4.2082572
   5.26762962  3.68170571  4.91404676  4.07243252]
 [ 3.41240788  2.33295321  4.56825399  4.19479227  3.51427603  3.49508762
   3.48946333  3.54716992  2.5555954   4.26432991  4.3482852   3.56689191
   4.46414757  2.42569017  3.93246222  3.25840521]
 [ 4.46767855  3.56606889  4.77223921  4.68149281  3.56433296  4.49275398
   4.24686766  4.60319185  3.27562237  4.85022974  4.69643593  3.51788306
   4.50240421  3.05771947  4.56464338  3.54645896]
 [ 4.67367792  3.45743108  5.78558493  5.09528112  4.09082317  4.25633097
   4.53689909  4.47839928  3.30700421  4.66527176  5.34407806  3.55718875
   5.27918196  3.53631043  4.8360877   3.43820715]
 [ 4.18630362  3.4689033   4.52996778  4.50403976  3.4726007   3.84316826
   3.95187259  3.98001528  3.23545551  3.92793036  4.88836288  3.28443742
   4.45538092  3.04929233  3.88170767  3.52465868]
 [ 4.37759542  3.45442748  5.23288345  4.07804823  4.51192665  4.15298605
   4.21049833  3.74934983  2.53126645  4.08934927  4.61305332  3.27115917
   4.92308807  3.52292442  4.76456499  3.81986284]
 [ 4.90975809  4.05711746  5.58315086  4.87985992  4.21618652  5.05806494
   4.58256054  3.6732471   3.64431095  4.85451794  4.41495514  3.31465697
   4.73014069  3.29331613  4.64239454  3.87545466]
 [ 5.74140167  4.93647194  5.96402359  5.83047104  4.38320303  4.90813303
   3.85082316  4.38858414  4.77418375  6.31082821  5.99119854  4.20164061
   5.63770437  3.98043203  4.6213274   4.97560549]
 [ 3.68940711  3.30807447  4.67337275  3.832901    3.98596144  3.69022179
   3.66155171  2.84461212  3.07170057  4.32520437  4.20331335  2.76389503
   4.10083628  2.79356933  3.87624693  3.71441126]
 [ 3.97285151  3.5866034   4.83156729  4.51390409  3.58427596  3.638731
   3.44281507  3.54147363  3.55401182  4.64494324  5.04214859  3.00061107
   4.3420949   2.96187973  3.63866949  4.24755764]
 [ 3.23212075  2.58286667  4.16271067  3.63046026  3.39500499  3.11705661
   2.9562223   4.13773727  2.55605102  3.86906672  3.93471503  3.35458851
   3.53783298  2.58345389  3.33635831  3.1093936 ]
 [ 4.29084349  3.83505201  4.82672977  4.18751144  3.52871227  3.55544114
   3.71750331  4.60593987  3.57296681  3.96612644  4.80068636  3.6021049
   4.27304459  3.49904823  3.8109107   3.42960477]]
Expected:
 [[ 5.62730217  4.48156261  5.86069393  5.37796688  4.53771353  4.42573833
   4.61393881  4.94624233  4.5817728   5.17824459  5.91895819  4.65816879
   5.13696575  4.2688489   4.91690874  4.5428586 ]
 [ 3.48438525  3.33350706  4.48568201  3.6026535   3.63697028  3.32201672
   3.04653692  3.01057434  2.83945894  4.10048914  3.83935475  2.37616277
   3.42497993  2.87347674  3.76647305  4.07096338]
 [ 2.85979557  2.9245038   3.57479429  2.68868399  2.77733731  2.84357023
   2.20897436  3.22384262  2.57976437  3.48299694  3.27462697  2.69607186
   2.92789245  2.48830223  2.52168846  3.44410825]
 [ 3.95902658  3.05555487  4.43257236  4.38465071  2.8512423   4.20022917
   3.99299288  3.97694731  2.9962728   4.31844139  4.72149372  3.06358242
   4.26994562  2.48342204  3.84768701  2.6261704 ]
 [ 3.89277983  3.62170482  4.57968664  4.25525761  3.31764054  4.25050354
   3.33231401  3.54920459  3.07728434  4.79969263  4.54723883  2.67190671
   4.0118432   2.33668661  3.58038592  4.28140593]
 [ 4.89972687  3.40092254  5.54774141  4.52734327  4.3509059   4.30670214
   4.00312948  4.15715361  3.15961194  5.07562542  5.07132864  4.32556677
   5.34695816  3.72305274  4.93112755  4.14815664]
 [ 3.5746367   2.61610913  4.81484604  4.33654308  3.52920651  3.74271321
   3.75775433  3.87197018  2.81095862  4.38051701  4.76534224  3.77642846
   4.60584259  2.49954367  3.96297193  3.39366221]
 [ 4.72852993  4.02136135  5.16873932  4.90941715  3.58834004  4.89091635
   4.67825842  5.12544489  3.68622613  5.03704929  5.36703062  3.85480118
   4.73023891  3.17647004  4.61370087  3.76394129]
 [ 4.76283789  3.61305213  5.92111063  5.17318678  4.09902906  4.39242458
   4.68435049  4.65690756  3.4473505   4.72912741  5.57329035  3.67234898
   5.35705709  3.57690001  4.85285568  3.51254368]
 [ 4.22109938  3.52963662  4.58285856  4.53444338  3.47580314  3.89628077
   4.00941753  4.04968071  3.29022765  3.95285106  4.9778161   3.32938027
   4.48577261  3.06513286  3.88825154  3.55366945]
 [ 4.41576624  3.52105117  5.29090405  4.1114006   4.51543951  4.21124983
   4.27362442  3.82577205  2.59135079  4.11668682  4.71118259  3.32046103
   4.95642757  3.54030132  4.77174377  3.85168743]
 [ 4.91087484  4.05906677  5.58484888  4.88083601  4.21628952  5.05976963
   4.58440781  3.67548347  3.64606905  4.85531807  4.41782665  3.31609964
   4.73111629  3.29382467  4.64260483  3.87638593]
 [ 6.00555182  5.39752245  6.3655386   6.06127787  4.40751362  5.31133127
   4.28766966  4.91744232  5.18998051  6.50001049  6.67027426  4.54281998
   5.8684206   4.10068464  4.67100525  5.19583845]
 [ 3.83803821  3.56749654  4.89929581  3.9627707   3.99964046  3.91709161
   3.90735483  3.14218783  3.30565953  4.43165255  4.58541298  2.95586848
   4.23065472  2.86123252  3.90419936  3.83833098]
 [ 4.29141426  4.14262581  5.31579065  4.7922554   3.61359453  4.12498426
   3.96964788  4.17927122  4.05545902  4.87309551  5.86110735  3.41207004
   4.62033653  3.10690308  3.6985805   4.51315641]
 [ 3.37407994  2.83064389  4.37849236  3.75450039  3.40807009  3.33374286
   3.19099188  4.42195559  2.77950811  3.97073698  4.29966307  3.53794479
   3.66182423  2.64807987  3.36305618  3.22775102]
 [ 4.51925898  4.23373079  5.17392731  4.3870945   3.54973412  3.90409398
   4.09525251  5.06325293  3.93251395  4.12971592  5.38789558  3.89712882
   4.47254896  3.60303259  3.85386801  3.62004423]]
Difference:
 [[ -1.71114922e-01  -2.98666000e-01  -2.60098934e-01  -1.49515629e-01
   -1.57485008e-02  -2.61189461e-01  -2.82986641e-01  -3.42591286e-01
   -2.69351006e-01  -1.22551441e-01  -4.39901352e-01  -2.21014023e-01
   -1.49456501e-01  -7.78989792e-02  -3.21807861e-02  -1.42665863e-01]
 [ -8.59954357e-02  -1.50097370e-01  -1.30715370e-01  -7.51404762e-02
   -7.91454315e-03  -1.31263256e-01  -1.42217636e-01  -1.72172308e-01
   -1.35364771e-01  -6.15892410e-02  -2.21076488e-01  -1.11072779e-01
   -7.51109123e-02  -3.91488075e-02  -1.61728859e-02  -7.16981888e-02]
 [ -4.42087650e-02  -7.71625042e-02  -6.71985149e-02  -3.86283398e-02
   -4.06861305e-03  -6.74800873e-02  -7.31115341e-02  -8.85107517e-02
   -6.95886612e-02  -3.16619873e-02  -1.13651752e-01  -5.71005344e-02
   -3.86130810e-02  -2.01256275e-02  -8.31413269e-03  -3.68587971e-02]
 [ -1.84706450e-01  -3.22388649e-01  -2.80758381e-01  -1.61391258e-01
   -1.69992447e-02  -2.81935453e-01  -3.05464268e-01  -3.69802952e-01
   -2.90745258e-01  -1.32285595e-01  -4.74842548e-01  -2.38569021e-01
   -1.61327839e-01  -8.40861797e-02  -3.47371101e-02  -1.53997421e-01]
 [ -2.14144945e-01  -3.73770714e-01  -3.25505733e-01  -1.87113762e-01
   -1.97086334e-02  -3.26870203e-01  -3.54148865e-01  -4.28741932e-01
   -3.37083817e-01  -1.53368950e-01  -5.50522327e-01  -2.76592016e-01
   -1.87040091e-01  -9.74879265e-02  -4.02734280e-02  -1.78541660e-01]
 [ -9.08246040e-02  -1.58525944e-01  -1.38055325e-01  -7.93600082e-02
   -8.35895538e-03  -1.38634205e-01  -1.50203466e-01  -1.81840420e-01
   -1.42966032e-01  -6.50477409e-02  -2.33490944e-01  -1.17309570e-01
   -7.93285370e-02  -4.13470268e-02  -1.70807838e-02  -7.57241249e-02]
 [ -1.62228823e-01  -2.83155918e-01  -2.46592045e-01  -1.41750813e-01
   -1.49304867e-02  -2.47625589e-01  -2.68290997e-01  -3.24800253e-01
   -2.55363226e-01  -1.16187096e-01  -4.17057037e-01  -2.09536552e-01
   -1.41695023e-01  -7.38534927e-02  -3.05097103e-02  -1.35257006e-01]
 [ -2.60851383e-01  -4.55292463e-01  -3.96500111e-01  -2.27924347e-01
   -2.40070820e-02  -3.98162365e-01  -4.31390762e-01  -5.22253036e-01
   -4.10603762e-01  -1.86819553e-01  -6.70594692e-01  -3.36918116e-01
   -2.27834702e-01  -1.18750572e-01  -4.90574837e-02  -2.17482328e-01]
 [ -8.91599655e-02  -1.55621052e-01  -1.35525703e-01  -7.79056549e-02
   -8.20589066e-03  -1.36093616e-01  -1.47451401e-01  -1.78508282e-01
   -1.40346289e-01  -6.38556480e-02  -2.29212284e-01  -1.15160227e-01
   -7.78751373e-02  -4.05895710e-02  -1.67679787e-02  -7.43365288e-02]
 [ -3.47957611e-02  -6.07333183e-02  -5.28907776e-02  -3.04036140e-02
   -3.20243835e-03  -5.31125069e-02  -5.75449467e-02  -6.96654320e-02
   -5.47721386e-02  -2.49207020e-02  -8.94532204e-02  -4.49428558e-02
   -3.03916931e-02  -1.58405304e-02  -6.54387474e-03  -2.90107727e-02]
 [ -3.81708145e-02  -6.66236877e-02  -5.80205917e-02  -3.33523750e-02
   -3.51285934e-03  -5.82637787e-02  -6.31260872e-02  -7.64222145e-02
   -6.00843430e-02  -2.73375511e-02  -9.81292725e-02  -4.93018627e-02
   -3.33395004e-02  -1.73768997e-02  -7.17878342e-03  -3.18245888e-02]
 [ -1.11675262e-03  -1.94931030e-03  -1.69801712e-03  -9.76085663e-04
   -1.02996826e-04  -1.70469284e-03  -1.84726715e-03  -2.23636627e-03
   -1.75809860e-03  -8.00132751e-04  -2.87151337e-03  -1.44267082e-03
   -9.75608826e-04  -5.08546829e-04  -2.10285187e-04  -9.31262970e-04]
 [ -2.64150143e-01  -4.61050510e-01  -4.01515007e-01  -2.30806828e-01
   -2.43105888e-02  -4.03198242e-01  -4.36846495e-01  -5.28858185e-01
   -4.15796757e-01  -1.89182281e-01  -6.79075718e-01  -3.41179371e-01
   -2.30716228e-01  -1.20252609e-01  -4.96778488e-02  -2.20232964e-01]
 [ -1.48631096e-01  -2.59422064e-01  -2.25923061e-01  -1.29869699e-01
   -1.36790276e-02  -2.26869822e-01  -2.45803118e-01  -2.97575712e-01
   -2.33958960e-01  -1.06448174e-01  -3.82099628e-01  -1.91973448e-01
   -1.29818439e-01  -6.76631927e-02  -2.79524326e-02  -1.23919725e-01]
 [ -3.18562746e-01  -5.56022406e-01  -4.84223366e-01  -2.78351307e-01
   -2.93185711e-02  -4.86253262e-01  -5.26832819e-01  -6.37797594e-01
   -5.01447201e-01  -2.28152275e-01  -8.18958759e-01  -4.11458969e-01
   -2.78241634e-01  -1.45023346e-01  -5.99110126e-02  -2.65598774e-01]
 [ -1.41959190e-01  -2.47777224e-01  -2.15781689e-01  -1.24040127e-01
   -1.30650997e-02  -2.16686249e-01  -2.34769583e-01  -2.84218311e-01
   -2.23457098e-01  -1.01670265e-01  -3.64948034e-01  -1.83356285e-01
   -1.23991251e-01  -6.46259785e-02  -2.66978741e-02  -1.18357420e-01]
 [ -2.28415489e-01  -3.98678780e-01  -3.47197533e-01  -1.99583054e-01
   -2.10218430e-02  -3.48652840e-01  -3.77749205e-01  -4.57313061e-01
   -3.59547138e-01  -1.63589478e-01  -5.87209225e-01  -2.95023918e-01
   -1.99504375e-01  -1.03984356e-01  -4.29573059e-02  -1.90439463e-01]]

BPG:  (2, 2)  TPB:  (16, 16)
BPG:  (2, 2)  TPB:  (16, 16)
BPG:  (1, 2)  TPB:  (16, 16)
BPG:  (1, 2)  TPB:  (16, 16)
BPG:  (2, 1)  TPB:  (16, 16)
BPG:  (2, 1)  TPB:  (16, 16)
BPG:  (1, 1)  TPB:  (16, 16)
BPG:  (1, 1)  TPB:  (16, 16)
FAILED! Dimensions:  (16, 16, 17)  Method:  CudaSharedMemory
Result:
 [[ 4.31936216  3.50569105  2.64713812  3.36666894  2.86247611  3.55534863
   3.68969011  3.67127061  3.92777872  2.76413488  2.34837866  3.5115993
   3.92819834  3.2509675   2.29637718  3.69489121]
 [ 3.46930504  3.85429001  3.36463523  3.34887719  3.03606844  3.66847777
   3.5963614   2.83849955  3.98084736  2.54744053  2.70192361  3.66169858
   4.05931759  3.07229495  3.8817637   3.17184997]
 [ 4.1727643   4.24806595  3.67014027  3.55111575  2.91364503  3.97445965
   5.06638432  4.34655905  4.64673805  3.74808335  2.61718082  4.07873344
   4.16525745  3.77109265  4.02967691  4.06298733]
 [ 4.00104332  3.64743567  3.63401341  3.53211689  4.08524275  3.24126339
   4.03347683  3.6949687   3.71559191  3.01116586  2.6417582   3.74046683
   4.24313498  3.26374078  2.77490377  3.70004725]
 [ 4.03486919  3.58643198  3.28426266  3.52044988  2.81911087  4.10555935
   4.17617655  3.65161395  4.29358006  3.15414047  2.49728513  3.790308
   3.98725581  3.49786329  3.42030001  3.56447315]
 [ 3.87301922  3.953722    2.82867002  3.4374845   2.41249442  3.9228754
   4.27927494  4.43064833  3.35828948  2.66858411  2.39448094  3.72994924
   3.7699008   3.80719042  3.52039933  3.41794538]
 [ 3.84516072  3.49527311  3.59479856  3.59237123  3.14362621  3.97374892
   3.9758122   3.11589766  4.10408783  2.86160374  2.78235793  4.13251781
   4.13558483  3.29929233  3.71718574  3.20180559]
 [ 3.85183597  3.19811225  3.19910645  3.57430863  3.34996367  4.22393608
   3.64994621  3.49567962  4.17089939  3.34479833  2.95349765  3.60872626
   4.82212162  3.18308544  3.1700933   4.04862547]
 [ 5.92712736  5.93571186  4.88291073  5.62001419  4.77945852  5.4908967
   6.37353992  5.4416647   6.04447985  4.53477049  4.05965281  5.76711702
   6.26390362  5.53797197  5.11373281  5.75137138]
 [ 4.97182226  4.59500599  4.33376646  3.99782348  4.40587616  4.97113848
   5.12042809  5.07302713  4.18178225  3.55950117  3.24096322  4.5998168
   5.10539579  4.25526905  3.7938211   4.06393242]
 [ 4.95155954  4.09226131  3.76159978  4.2344985   3.37892437  4.14502478
   4.40888882  3.97174931  3.95470452  3.21513557  3.5488317   4.22744274
   4.21096802  4.34268761  3.58877563  4.29944372]
 [ 4.10841751  4.02687454  4.22479677  4.04546022  3.72486925  4.7198844
   5.05194426  4.22310925  4.78423786  3.68942428  3.00297308  4.30159283
   4.72262907  4.11391211  4.51067448  4.43712711]
 [ 5.13825226  4.56798172  3.96672773  4.31999302  3.62571311  4.1193409
   5.32658291  4.72858381  4.49586678  3.65051913  2.94442534  4.55676079
   4.60270834  4.55653572  3.49979329  4.90973473]
 [ 3.32628584  3.8627615   3.31761098  3.43874216  2.97601914  3.29373932
   3.70087051  3.71612906  3.23382497  2.57394743  2.6945374   3.87813354
   3.92354202  3.12437153  3.4863081   3.45692086]
 [ 3.12307906  2.97390771  2.93576169  3.26629543  2.91173124  3.00647163
   3.32026577  3.53313088  3.50918484  2.2482686   1.75368071  3.35163903
   4.0429368   2.93815732  2.74420547  3.7216835 ]
 [ 4.062675    4.15411186  4.06109905  3.89586592  3.88224936  4.74046087
   4.74660635  4.88382912  4.10112953  3.29958081  3.26177382  4.30608463
   4.1273756   3.89944124  4.01680183  4.49533415]]
Expected:
 [[ 4.70829868  3.99246693  2.69633055  3.86598468  3.40045691  3.62768483
   3.9503603   3.92544413  3.95150018  3.21009326  2.83849549  4.10963964
   4.16801977  3.43322921  2.49228621  4.03642654]
 [ 3.50391126  3.8976016   3.36901212  3.39330459  3.08393621  3.67491412
   3.619555    2.86111498  3.98295808  2.58712029  2.74553251  3.71491027
   4.08065605  3.08851194  3.89919496  3.20223856]
 [ 4.35355854  4.47433996  3.69300699  3.78321862  3.16372108  4.00808477
   5.18755484  4.46470928  4.65776491  3.95538354  2.84500766  4.3567276
   4.27673626  3.85581541  4.12074375  4.2217474 ]
 [ 4.28251123  3.99970865  3.66961336  3.8934648   4.47457218  3.29361224
   4.22212029  3.87891054  3.73275876  3.33389974  2.99644899  4.17326021
   4.41669035  3.39564109  2.91668057  3.94721174]
 [ 4.58351994  4.27309847  3.35365582  4.22480583  3.57800961  4.20760012
   4.54388905  4.01016188  4.32704258  3.78322816  3.18866467  4.63392878
   4.32555771  3.75496936  3.69665766  4.0462575 ]
 [ 4.17092276  4.32656479  2.86634874  3.81993222  2.82455754  3.97828102
   4.47893381  4.62533092  3.37645888  3.01016307  2.76988292  4.18801451
   3.95359039  3.9467926   3.67045474  3.6795423 ]
 [ 3.96838164  3.64949083  3.61038351  3.75056195  3.31406665  3.99666619
   4.05839634  3.19642353  4.11160326  3.00288987  2.93763423  4.32198572
   4.21156359  3.35703564  3.77925277  3.310009  ]
 [ 4.25591326  3.70383739  3.25021386  4.09306192  3.90888715  4.29908848
   3.92076397  3.75974751  4.19554424  3.80811691  3.46269369  4.23004723
   5.07127857  3.37244225  3.37362885  4.40345621]
 [ 6.41895866  6.55126572  4.94511747  6.25142527  5.459764    5.5823698
   6.70317125  5.7630806   6.0744772   5.09870863  4.67943144  6.52337074
   6.56717014  5.76845169  5.36147022  6.18326092]
 [ 5.18283224  4.859097    4.36045504  4.26871777  4.69774723  5.01038313
   5.26184988  5.21092415  4.19465208  3.80144739  3.50686669  4.92427206
   5.23550606  4.35415173  3.90010786  4.24922609]
 [ 5.2746768   4.49666071  3.80246758  4.64931583  3.82586336  4.20511961
   4.62544632  4.18290949  3.97441173  3.58562493  3.95600653  4.7242775
   4.41020441  4.49410534  3.75153136  4.58318138]
 [ 4.48335838  4.4961338   4.27221918  4.52680779  4.2434907   4.78961754
   5.3032341   4.46813631  4.80710554  4.1193347   3.4754529   4.87811232
   4.95382023  4.28961515  4.69953394  4.7663722 ]
 [ 5.29044104  4.7584548   3.98597646  4.51537275  3.83622241  4.14764595
   5.42858171  4.8280406   4.50514889  3.82502031  3.13620567  4.79077101
   4.69654942  4.62785387  3.57645154  5.04337597]
 [ 3.68552899  4.31237411  3.36304784  3.89993739  3.47292757  3.36055303
   3.94163966  3.95089746  3.2557354   2.98585868  3.14723587  4.43051577
   4.14505386  3.29271841  3.66726041  3.77238154]
 [ 3.64166927  3.62295198  3.00135279  3.93206     3.62905002  3.10292149
   3.66783142  3.87203407  3.54081392  2.84288859  2.40717959  4.14903831
   4.36270332  3.18117666  3.00542164  4.17707109]
 [ 4.08609486  4.18342304  4.06406116  3.92593217  3.91464376  4.74481678
   4.7623024   4.89913416  4.10255814  3.32643414  3.29128623  4.34209538
   4.14181662  3.91041613  4.02859831  4.51589966]]
Difference:
 [[-0.38893652 -0.48677588 -0.04919243 -0.49931574 -0.53798079 -0.0723362
  -0.26067019 -0.25417352 -0.02372146 -0.44595838 -0.49011683 -0.59804034
  -0.23982143 -0.18226171 -0.19590902 -0.34153533]
 [-0.03460622 -0.0433116  -0.00437689 -0.04442739 -0.04786777 -0.00643635
  -0.0231936  -0.02261543 -0.00211072 -0.03967977 -0.0436089  -0.05321169
  -0.02133846 -0.01621699 -0.01743126 -0.03038859]
 [-0.18079424 -0.22627401 -0.02286673 -0.23210287 -0.25007606 -0.03362513
  -0.12117052 -0.11815023 -0.01102686 -0.20730019 -0.22782683 -0.27799416
  -0.11147881 -0.08472276 -0.09106684 -0.15876007]
 [-0.28146791 -0.35227299 -0.03559995 -0.36134791 -0.38932943 -0.05234885
  -0.18864346 -0.18394184 -0.01716685 -0.32273388 -0.35469079 -0.43279338
  -0.17355537 -0.13190031 -0.1417768  -0.24716449]
 [-0.54865074 -0.68666649 -0.06939316 -0.70435596 -0.75889874 -0.10204077
  -0.3677125  -0.35854793 -0.03346252 -0.62908769 -0.69137955 -0.84362078
  -0.3383019  -0.25710607 -0.27635765 -0.48178434]
 [-0.29790354 -0.37284279 -0.03767872 -0.38244772 -0.41206312 -0.05540562
  -0.19965887 -0.1946826  -0.0181694  -0.34157896 -0.37540197 -0.45806527
  -0.18368959 -0.13960218 -0.15005541 -0.26159692]
 [-0.12322092 -0.15421772 -0.01558495 -0.15819073 -0.17044044 -0.02291727
  -0.08258414 -0.08052588 -0.00751543 -0.14128613 -0.1552763  -0.18946791
  -0.07597876 -0.05774331 -0.06206703 -0.10820341]
 [-0.40407729 -0.50572515 -0.05110741 -0.51875329 -0.55892348 -0.0751524
  -0.27081776 -0.26406789 -0.02464485 -0.46331859 -0.50919604 -0.62132096
  -0.24915695 -0.1893568  -0.20353556 -0.35483074]
 [-0.4918313  -0.61555386 -0.06220675 -0.63141108 -0.68030548 -0.0914731
  -0.32963133 -0.3214159  -0.02999735 -0.56393814 -0.61977863 -0.75625372
  -0.30326653 -0.23047972 -0.24773741 -0.43188953]
 [-0.21100998 -0.26409101 -0.02668858 -0.27089429 -0.29187107 -0.03924465
  -0.14142179 -0.13789701 -0.01286983 -0.24194622 -0.26590347 -0.32445526
  -0.13011026 -0.09888268 -0.10628676 -0.18529367]
 [-0.32311726 -0.40439939 -0.04086781 -0.41481733 -0.44693899 -0.06009483
  -0.2165575  -0.21116018 -0.0197072  -0.37048936 -0.40717483 -0.49683475
  -0.19923639 -0.15141773 -0.16275573 -0.28373766]
 [-0.37494087 -0.46925926 -0.04742241 -0.48134756 -0.51862144 -0.06973314
  -0.25128984 -0.24502707 -0.02286768 -0.42991042 -0.47247982 -0.57651949
  -0.23119116 -0.17570305 -0.18885946 -0.32924509]
 [-0.15218878 -0.19047308 -0.01924872 -0.19537973 -0.2105093  -0.02830505
  -0.10199881 -0.09945679 -0.00928211 -0.17450118 -0.19178033 -0.23401022
  -0.09384108 -0.07131815 -0.07665825 -0.13364124]
 [-0.35924315 -0.44961262 -0.04543686 -0.46119523 -0.49690843 -0.06681371
  -0.24076915 -0.23476839 -0.02191043 -0.41191125 -0.45269847 -0.55238223
  -0.22151184 -0.16834688 -0.18095231 -0.31546068]
 [-0.51859021 -0.64904428 -0.0655911  -0.66576457 -0.71731877 -0.09644985
  -0.34756565 -0.33890319 -0.03162909 -0.59461999 -0.65349889 -0.79739928
  -0.31976652 -0.24301934 -0.26121616 -0.45538759]
 [-0.02341986 -0.02931118 -0.00296211 -0.03006625 -0.03239441 -0.00435591
  -0.01569605 -0.01530504 -0.0014286  -0.02685332 -0.02951241 -0.03601074
  -0.01444101 -0.01097488 -0.01179647 -0.02056551]]

Method: Basic                     , dims: (16, 17, 17)        , pass(1)/fail(0): 1,	 time (s): 0.0035707950592041016
Method: CudaGlobalMemory          , dims: (16, 17, 17)        , pass(1)/fail(0): 1,	 time (s): 0.0020978450775146484
Method: CudaSharedMemory          , dims: (16, 17, 17)        , pass(1)/fail(0): 1,	 time (s): 0.002062559127807617

Method: Basic                     , dims: (17, 16, 17)        , pass(1)/fail(0): 1,	 time (s): 0.003513336181640625
Method: CudaGlobalMemory          , dims: (17, 16, 17)        , pass(1)/fail(0): 1,	 time (s): 0.0019867420196533203
Method: CudaSharedMemory          , dims: (17, 16, 17)        , pass(1)/fail(0): 0,	 time (s): 0.0019314289093017578

Method: Basic                     , dims: (17, 17, 16)        , pass(1)/fail(0): 1,	 time (s): 0.003599405288696289
Method: CudaGlobalMemory          , dims: (17, 17, 16)        , pass(1)/fail(0): 1,	 time (s): 0.001940011978149414
Method: CudaSharedMemory          , dims: (17, 17, 16)        , pass(1)/fail(0): 1,	 time (s): 0.0020782947540283203

Method: Basic                     , dims: (17, 16, 16)        , pass(1)/fail(0): 1,	 time (s): 0.0034399032592773438
Method: CudaGlobalMemory          , dims: (17, 16, 16)        , pass(1)/fail(0): 1,	 time (s): 0.001996278762817383
Method: CudaSharedMemory          , dims: (17, 16, 16)        , pass(1)/fail(0): 1,	 time (s): 0.0019865036010742188

Method: Basic                     , dims: (16, 17, 16)        , pass(1)/fail(0): 1,	 time (s): 0.0033943653106689453
Method: CudaGlobalMemory          , dims: (16, 17, 16)        , pass(1)/fail(0): 1,	 time (s): 0.0023539066314697266
Method: CudaSharedMemory          , dims: (16, 17, 16)        , pass(1)/fail(0): 1,	 time (s): 0.0022363662719726562

Method: Basic                     , dims: (16, 16, 17)        , pass(1)/fail(0): 1,	 time (s): 0.003354787826538086
Method: CudaGlobalMemory          , dims: (16, 16, 17)        , pass(1)/fail(0): 1,	 time (s): 0.002109050750732422
Method: CudaSharedMemory          , dims: (16, 16, 17)        , pass(1)/fail(0): 0,	 time (s): 0.0019278526306152344

