Device name: b'Tesla K80'
Compute capability: (3, 7)
Total global memory (GB): 11.173095703125
Free global memory (GB): 11.115966796875
Used global memory (GB): 0.05712890625
Max threads per block: 1024
Max block dimensions: x=1024, y=1024, z=64
Max grid dimensions: x=2147483647, y=65535, z=65535
Max shared memory per block (KB): 48.0
Method: Basic                     , dims: (16, 32, 32)        , pass(1)/fail(0): 1,	 time (s): 0.01078486442565918
Method: CudaGlobalMemory          , dims: (16, 32, 32)        , pass(1)/fail(0): 1,	 time (s): 0.002069234848022461
Method: CudaSharedMemory          , dims: (16, 32, 32)        , pass(1)/fail(0): 1,	 time (s): 0.001980304718017578

Method: Basic                     , dims: (32, 32, 32)        , pass(1)/fail(0): 1,	 time (s): 0.021197795867919922
Method: CudaGlobalMemory          , dims: (32, 32, 32)        , pass(1)/fail(0): 1,	 time (s): 0.0019047260284423828
Method: CudaSharedMemory          , dims: (32, 32, 32)        , pass(1)/fail(0): 1,	 time (s): 0.001943349838256836

Method: Basic                     , dims: (48, 32, 32)        , pass(1)/fail(0): 1,	 time (s): 0.025699138641357422
Method: CudaGlobalMemory          , dims: (48, 32, 32)        , pass(1)/fail(0): 1,	 time (s): 0.0014946460723876953
Method: CudaSharedMemory          , dims: (48, 32, 32)        , pass(1)/fail(0): 1,	 time (s): 0.0015606880187988281

Method: Basic                     , dims: (64, 32, 32)        , pass(1)/fail(0): 1,	 time (s): 0.03250384330749512
Method: CudaGlobalMemory          , dims: (64, 32, 32)        , pass(1)/fail(0): 1,	 time (s): 0.0014786720275878906
Method: CudaSharedMemory          , dims: (64, 32, 32)        , pass(1)/fail(0): 1,	 time (s): 0.001451253890991211

Method: Basic                     , dims: (80, 32, 32)        , pass(1)/fail(0): 1,	 time (s): 0.040489912033081055
Method: CudaGlobalMemory          , dims: (80, 32, 32)        , pass(1)/fail(0): 1,	 time (s): 0.0017690658569335938
Method: CudaSharedMemory          , dims: (80, 32, 32)        , pass(1)/fail(0): 1,	 time (s): 0.0016674995422363281

Method: Basic                     , dims: (96, 32, 32)        , pass(1)/fail(0): 1,	 time (s): 0.04831814765930176
Method: CudaGlobalMemory          , dims: (96, 32, 32)        , pass(1)/fail(0): 1,	 time (s): 0.0015749931335449219
Method: CudaSharedMemory          , dims: (96, 32, 32)        , pass(1)/fail(0): 1,	 time (s): 0.001432657241821289

Method: Basic                     , dims: (112, 32, 32)       , pass(1)/fail(0): 1,	 time (s): 0.05629920959472656
Method: CudaGlobalMemory          , dims: (112, 32, 32)       , pass(1)/fail(0): 1,	 time (s): 0.0015687942504882812
Method: CudaSharedMemory          , dims: (112, 32, 32)       , pass(1)/fail(0): 1,	 time (s): 0.0014190673828125

Method: Basic                     , dims: (128, 32, 32)       , pass(1)/fail(0): 1,	 time (s): 0.06440186500549316
Method: CudaGlobalMemory          , dims: (128, 32, 32)       , pass(1)/fail(0): 1,	 time (s): 0.0014433860778808594
Method: CudaSharedMemory          , dims: (128, 32, 32)       , pass(1)/fail(0): 1,	 time (s): 0.0015001296997070312

Method: Basic                     , dims: (144, 32, 32)       , pass(1)/fail(0): 1,	 time (s): 0.07260632514953613
Method: CudaGlobalMemory          , dims: (144, 32, 32)       , pass(1)/fail(0): 1,	 time (s): 0.002233266830444336
Method: CudaSharedMemory          , dims: (144, 32, 32)       , pass(1)/fail(0): 1,	 time (s): 0.0014598369598388672

Method: Basic                     , dims: (160, 32, 32)       , pass(1)/fail(0): 1,	 time (s): 0.08017516136169434
Method: CudaGlobalMemory          , dims: (160, 32, 32)       , pass(1)/fail(0): 1,	 time (s): 0.0015406608581542969
Method: CudaSharedMemory          , dims: (160, 32, 32)       , pass(1)/fail(0): 1,	 time (s): 0.001688241958618164

Method: Basic                     , dims: (176, 32, 32)       , pass(1)/fail(0): 1,	 time (s): 0.08851861953735352
Method: CudaGlobalMemory          , dims: (176, 32, 32)       , pass(1)/fail(0): 1,	 time (s): 0.001691579818725586
Method: CudaSharedMemory          , dims: (176, 32, 32)       , pass(1)/fail(0): 1,	 time (s): 0.0014476776123046875

Method: Basic                     , dims: (192, 32, 32)       , pass(1)/fail(0): 1,	 time (s): 0.09691667556762695
Method: CudaGlobalMemory          , dims: (192, 32, 32)       , pass(1)/fail(0): 1,	 time (s): 0.001463174819946289
Method: CudaSharedMemory          , dims: (192, 32, 32)       , pass(1)/fail(0): 1,	 time (s): 0.0015368461608886719

Method: Basic                     , dims: (208, 32, 32)       , pass(1)/fail(0): 1,	 time (s): 0.10503959655761719
Method: CudaGlobalMemory          , dims: (208, 32, 32)       , pass(1)/fail(0): 1,	 time (s): 0.0014662742614746094
Method: CudaSharedMemory          , dims: (208, 32, 32)       , pass(1)/fail(0): 1,	 time (s): 0.0014519691467285156

Method: Basic                     , dims: (224, 32, 32)       , pass(1)/fail(0): 1,	 time (s): 0.11336874961853027
Method: CudaGlobalMemory          , dims: (224, 32, 32)       , pass(1)/fail(0): 1,	 time (s): 0.0014486312866210938
Method: CudaSharedMemory          , dims: (224, 32, 32)       , pass(1)/fail(0): 1,	 time (s): 0.0015604496002197266

Method: Basic                     , dims: (240, 32, 32)       , pass(1)/fail(0): 1,	 time (s): 0.120208740234375
Method: CudaGlobalMemory          , dims: (240, 32, 32)       , pass(1)/fail(0): 1,	 time (s): 0.0014657974243164062
Method: CudaSharedMemory          , dims: (240, 32, 32)       , pass(1)/fail(0): 1,	 time (s): 0.0014522075653076172

Method: Basic                     , dims: (256, 32, 32)       , pass(1)/fail(0): 1,	 time (s): 0.13008832931518555
Method: CudaGlobalMemory          , dims: (256, 32, 32)       , pass(1)/fail(0): 1,	 time (s): 0.0017161369323730469
Method: CudaSharedMemory          , dims: (256, 32, 32)       , pass(1)/fail(0): 1,	 time (s): 0.0016713142395019531

Total Fail Count: 0
Method: Basic                     , dims: (32, 16, 32)        , pass(1)/fail(0): 1,	 time (s): 0.008130550384521484
Method: CudaGlobalMemory          , dims: (32, 16, 32)        , pass(1)/fail(0): 1,	 time (s): 0.0015151500701904297
Method: CudaSharedMemory          , dims: (32, 16, 32)        , pass(1)/fail(0): 1,	 time (s): 0.00144195556640625

Method: Basic                     , dims: (32, 32, 32)        , pass(1)/fail(0): 1,	 time (s): 0.01605367660522461
Method: CudaGlobalMemory          , dims: (32, 32, 32)        , pass(1)/fail(0): 1,	 time (s): 0.0014374256134033203
Method: CudaSharedMemory          , dims: (32, 32, 32)        , pass(1)/fail(0): 1,	 time (s): 0.0014767646789550781

Method: Basic                     , dims: (32, 48, 32)        , pass(1)/fail(0): 1,	 time (s): 0.024326086044311523
Method: CudaGlobalMemory          , dims: (32, 48, 32)        , pass(1)/fail(0): 1,	 time (s): 0.0015189647674560547
Method: CudaSharedMemory          , dims: (32, 48, 32)        , pass(1)/fail(0): 1,	 time (s): 0.0014340877532958984

Method: Basic                     , dims: (32, 64, 32)        , pass(1)/fail(0): 1,	 time (s): 0.032030582427978516
Method: CudaGlobalMemory          , dims: (32, 64, 32)        , pass(1)/fail(0): 1,	 time (s): 0.0014262199401855469
Method: CudaSharedMemory          , dims: (32, 64, 32)        , pass(1)/fail(0): 1,	 time (s): 0.0016870498657226562

Method: Basic                     , dims: (32, 80, 32)        , pass(1)/fail(0): 1,	 time (s): 0.04023480415344238
Method: CudaGlobalMemory          , dims: (32, 80, 32)        , pass(1)/fail(0): 1,	 time (s): 0.0016608238220214844
Method: CudaSharedMemory          , dims: (32, 80, 32)        , pass(1)/fail(0): 1,	 time (s): 0.0014424324035644531

Method: Basic                     , dims: (32, 96, 32)        , pass(1)/fail(0): 1,	 time (s): 0.04819679260253906
Method: CudaGlobalMemory          , dims: (32, 96, 32)        , pass(1)/fail(0): 1,	 time (s): 0.0014829635620117188
Method: CudaSharedMemory          , dims: (32, 96, 32)        , pass(1)/fail(0): 1,	 time (s): 0.0014829635620117188

Method: Basic                     , dims: (32, 112, 32)       , pass(1)/fail(0): 1,	 time (s): 0.056513309478759766
Method: CudaGlobalMemory          , dims: (32, 112, 32)       , pass(1)/fail(0): 1,	 time (s): 0.001451730728149414
Method: CudaSharedMemory          , dims: (32, 112, 32)       , pass(1)/fail(0): 1,	 time (s): 0.001428365707397461

Method: Basic                     , dims: (32, 128, 32)       , pass(1)/fail(0): 1,	 time (s): 0.06402134895324707
Method: CudaGlobalMemory          , dims: (32, 128, 32)       , pass(1)/fail(0): 1,	 time (s): 0.0014715194702148438
Method: CudaSharedMemory          , dims: (32, 128, 32)       , pass(1)/fail(0): 1,	 time (s): 0.0015354156494140625

Method: Basic                     , dims: (32, 144, 32)       , pass(1)/fail(0): 1,	 time (s): 0.07268333435058594
Method: CudaGlobalMemory          , dims: (32, 144, 32)       , pass(1)/fail(0): 1,	 time (s): 0.0014917850494384766
Method: CudaSharedMemory          , dims: (32, 144, 32)       , pass(1)/fail(0): 1,	 time (s): 0.0014445781707763672

Method: Basic                     , dims: (32, 160, 32)       , pass(1)/fail(0): 1,	 time (s): 0.08052444458007812
Method: CudaGlobalMemory          , dims: (32, 160, 32)       , pass(1)/fail(0): 1,	 time (s): 0.0016934871673583984
Method: CudaSharedMemory          , dims: (32, 160, 32)       , pass(1)/fail(0): 1,	 time (s): 0.0016591548919677734

Method: Basic                     , dims: (32, 176, 32)       , pass(1)/fail(0): 1,	 time (s): 0.0883169174194336
Method: CudaGlobalMemory          , dims: (32, 176, 32)       , pass(1)/fail(0): 1,	 time (s): 0.0014929771423339844
Method: CudaSharedMemory          , dims: (32, 176, 32)       , pass(1)/fail(0): 1,	 time (s): 0.0014510154724121094

Method: Basic                     , dims: (32, 192, 32)       , pass(1)/fail(0): 1,	 time (s): 0.09611916542053223
Method: CudaGlobalMemory          , dims: (32, 192, 32)       , pass(1)/fail(0): 1,	 time (s): 0.001519918441772461
Method: CudaSharedMemory          , dims: (32, 192, 32)       , pass(1)/fail(0): 1,	 time (s): 0.001466989517211914

Method: Basic                     , dims: (32, 208, 32)       , pass(1)/fail(0): 1,	 time (s): 0.1043999195098877
Method: CudaGlobalMemory          , dims: (32, 208, 32)       , pass(1)/fail(0): 1,	 time (s): 0.0014536380767822266
Method: CudaSharedMemory          , dims: (32, 208, 32)       , pass(1)/fail(0): 1,	 time (s): 0.001430511474609375

Method: Basic                     , dims: (32, 224, 32)       , pass(1)/fail(0): 1,	 time (s): 0.11267685890197754
Method: CudaGlobalMemory          , dims: (32, 224, 32)       , pass(1)/fail(0): 1,	 time (s): 0.00153350830078125
Method: CudaSharedMemory          , dims: (32, 224, 32)       , pass(1)/fail(0): 1,	 time (s): 0.0014615058898925781

Method: Basic                     , dims: (32, 240, 32)       , pass(1)/fail(0): 1,	 time (s): 0.12040138244628906
Method: CudaGlobalMemory          , dims: (32, 240, 32)       , pass(1)/fail(0): 1,	 time (s): 0.0014858245849609375
Method: CudaSharedMemory          , dims: (32, 240, 32)       , pass(1)/fail(0): 1,	 time (s): 0.0016968250274658203

Method: Basic                     , dims: (32, 256, 32)       , pass(1)/fail(0): 1,	 time (s): 0.12867522239685059
Method: CudaGlobalMemory          , dims: (32, 256, 32)       , pass(1)/fail(0): 1,	 time (s): 0.001708984375
Method: CudaSharedMemory          , dims: (32, 256, 32)       , pass(1)/fail(0): 1,	 time (s): 0.0014655590057373047

Total Fail Count: 0
Method: Basic                     , dims: (32, 32, 16)        , pass(1)/fail(0): 1,	 time (s): 0.00968623161315918
Method: CudaGlobalMemory          , dims: (32, 32, 16)        , pass(1)/fail(0): 1,	 time (s): 0.0014295578002929688
Method: CudaSharedMemory          , dims: (32, 32, 16)        , pass(1)/fail(0): 1,	 time (s): 0.0014233589172363281

Method: Basic                     , dims: (32, 32, 32)        , pass(1)/fail(0): 1,	 time (s): 0.01604318618774414
Method: CudaGlobalMemory          , dims: (32, 32, 32)        , pass(1)/fail(0): 1,	 time (s): 0.0014767646789550781
Method: CudaSharedMemory          , dims: (32, 32, 32)        , pass(1)/fail(0): 1,	 time (s): 0.0014910697937011719

Method: Basic                     , dims: (32, 32, 48)        , pass(1)/fail(0): 1,	 time (s): 0.0226595401763916
Method: CudaGlobalMemory          , dims: (32, 32, 48)        , pass(1)/fail(0): 1,	 time (s): 0.0014331340789794922
Method: CudaSharedMemory          , dims: (32, 32, 48)        , pass(1)/fail(0): 1,	 time (s): 0.0014255046844482422

Method: Basic                     , dims: (32, 32, 64)        , pass(1)/fail(0): 1,	 time (s): 0.029151201248168945
Method: CudaGlobalMemory          , dims: (32, 32, 64)        , pass(1)/fail(0): 1,	 time (s): 0.0016808509826660156
Method: CudaSharedMemory          , dims: (32, 32, 64)        , pass(1)/fail(0): 1,	 time (s): 0.0016360282897949219

Method: Basic                     , dims: (32, 32, 80)        , pass(1)/fail(0): 1,	 time (s): 0.03556513786315918
Method: CudaGlobalMemory          , dims: (32, 32, 80)        , pass(1)/fail(0): 1,	 time (s): 0.0014328956604003906
Method: CudaSharedMemory          , dims: (32, 32, 80)        , pass(1)/fail(0): 1,	 time (s): 0.0014188289642333984

Method: Basic                     , dims: (32, 32, 96)        , pass(1)/fail(0): 1,	 time (s): 0.04216408729553223
Method: CudaGlobalMemory          , dims: (32, 32, 96)        , pass(1)/fail(0): 1,	 time (s): 0.0015628337860107422
Method: CudaSharedMemory          , dims: (32, 32, 96)        , pass(1)/fail(0): 1,	 time (s): 0.001417398452758789

Method: Basic                     , dims: (32, 32, 112)       , pass(1)/fail(0): 1,	 time (s): 0.048624515533447266
Method: CudaGlobalMemory          , dims: (32, 32, 112)       , pass(1)/fail(0): 1,	 time (s): 0.0014386177062988281
Method: CudaSharedMemory          , dims: (32, 32, 112)       , pass(1)/fail(0): 1,	 time (s): 0.0014238357543945312

Method: Basic                     , dims: (32, 32, 128)       , pass(1)/fail(0): 1,	 time (s): 0.05518078804016113
Method: CudaGlobalMemory          , dims: (32, 32, 128)       , pass(1)/fail(0): 1,	 time (s): 0.0015652179718017578
Method: CudaSharedMemory          , dims: (32, 32, 128)       , pass(1)/fail(0): 1,	 time (s): 0.0015044212341308594

Method: Basic                     , dims: (32, 32, 144)       , pass(1)/fail(0): 1,	 time (s): 0.06169009208679199
Method: CudaGlobalMemory          , dims: (32, 32, 144)       , pass(1)/fail(0): 1,	 time (s): 0.0014472007751464844
Method: CudaSharedMemory          , dims: (32, 32, 144)       , pass(1)/fail(0): 1,	 time (s): 0.0016787052154541016

Method: Basic                     , dims: (32, 32, 160)       , pass(1)/fail(0): 1,	 time (s): 0.0681772232055664
Method: CudaGlobalMemory          , dims: (32, 32, 160)       , pass(1)/fail(0): 1,	 time (s): 0.0017056465148925781
Method: CudaSharedMemory          , dims: (32, 32, 160)       , pass(1)/fail(0): 1,	 time (s): 0.0015537738800048828

Method: Basic                     , dims: (32, 32, 176)       , pass(1)/fail(0): 1,	 time (s): 0.07468032836914062
Method: CudaGlobalMemory          , dims: (32, 32, 176)       , pass(1)/fail(0): 1,	 time (s): 0.0014500617980957031
Method: CudaSharedMemory          , dims: (32, 32, 176)       , pass(1)/fail(0): 1,	 time (s): 0.0015790462493896484

Method: Basic                     , dims: (32, 32, 192)       , pass(1)/fail(0): 1,	 time (s): 0.08117890357971191
Method: CudaGlobalMemory          , dims: (32, 32, 192)       , pass(1)/fail(0): 1,	 time (s): 0.0014758110046386719
Method: CudaSharedMemory          , dims: (32, 32, 192)       , pass(1)/fail(0): 1,	 time (s): 0.0014874935150146484

Method: Basic                     , dims: (32, 32, 208)       , pass(1)/fail(0): 1,	 time (s): 0.08763265609741211
Method: CudaGlobalMemory          , dims: (32, 32, 208)       , pass(1)/fail(0): 1,	 time (s): 0.0014801025390625
Method: CudaSharedMemory          , dims: (32, 32, 208)       , pass(1)/fail(0): 1,	 time (s): 0.0016205310821533203

Method: Basic                     , dims: (32, 32, 224)       , pass(1)/fail(0): 1,	 time (s): 0.09428238868713379
Method: CudaGlobalMemory          , dims: (32, 32, 224)       , pass(1)/fail(0): 1,	 time (s): 0.00148773193359375
Method: CudaSharedMemory          , dims: (32, 32, 224)       , pass(1)/fail(0): 1,	 time (s): 0.0015892982482910156

Method: Basic                     , dims: (32, 32, 240)       , pass(1)/fail(0): 1,	 time (s): 0.10060858726501465
Method: CudaGlobalMemory          , dims: (32, 32, 240)       , pass(1)/fail(0): 1,	 time (s): 0.0017099380493164062
Method: CudaSharedMemory          , dims: (32, 32, 240)       , pass(1)/fail(0): 1,	 time (s): 0.0018312931060791016

Method: Basic                     , dims: (32, 32, 256)       , pass(1)/fail(0): 1,	 time (s): 0.10733985900878906
Method: CudaGlobalMemory          , dims: (32, 32, 256)       , pass(1)/fail(0): 1,	 time (s): 0.0014901161193847656
Method: CudaSharedMemory          , dims: (32, 32, 256)       , pass(1)/fail(0): 1,	 time (s): 0.001667022705078125

Total Fail Count: 0
