Device name: b'Tesla K80'
Compute capability: (3, 7)
Total global memory (GB): 11.173095703125
Free global memory (GB): 11.115966796875
Used global memory (GB): 0.05712890625
Max threads per block: 1024
Max block dimensions: x=1024, y=1024, z=64
Max grid dimensions: x=2147483647, y=65535, z=65535
Max shared memory per block (KB): 48.0
Method: CudaSharedMemory          , dims: (16, 32, 32)        , pass(1)/fail(0): 1,	 time (s): 0.0020978450775146484

Method: CudaSharedMemory          , dims: (32, 32, 32)        , pass(1)/fail(0): 1,	 time (s): 0.001936197280883789

Method: CudaSharedMemory          , dims: (48, 32, 32)        , pass(1)/fail(0): 1,	 time (s): 0.002045869827270508

Method: CudaSharedMemory          , dims: (64, 32, 32)        , pass(1)/fail(0): 1,	 time (s): 0.001961231231689453

Method: CudaSharedMemory          , dims: (80, 32, 32)        , pass(1)/fail(0): 1,	 time (s): 0.0019593238830566406

Method: CudaSharedMemory          , dims: (96, 32, 32)        , pass(1)/fail(0): 1,	 time (s): 0.0020744800567626953

Method: CudaSharedMemory          , dims: (112, 32, 32)       , pass(1)/fail(0): 1,	 time (s): 0.0020308494567871094

Method: CudaSharedMemory          , dims: (128, 32, 32)       , pass(1)/fail(0): 1,	 time (s): 0.001985788345336914

Method: CudaSharedMemory          , dims: (144, 32, 32)       , pass(1)/fail(0): 1,	 time (s): 0.0019218921661376953

Method: CudaSharedMemory          , dims: (160, 32, 32)       , pass(1)/fail(0): 1,	 time (s): 0.002321958541870117

Method: CudaSharedMemory          , dims: (176, 32, 32)       , pass(1)/fail(0): 1,	 time (s): 0.0022287368774414062

Method: CudaSharedMemory          , dims: (192, 32, 32)       , pass(1)/fail(0): 1,	 time (s): 0.0019364356994628906

Method: CudaSharedMemory          , dims: (208, 32, 32)       , pass(1)/fail(0): 1,	 time (s): 0.0019674301147460938

Method: CudaSharedMemory          , dims: (224, 32, 32)       , pass(1)/fail(0): 1,	 time (s): 0.002027750015258789

Method: CudaSharedMemory          , dims: (240, 32, 32)       , pass(1)/fail(0): 1,	 time (s): 0.0019488334655761719

Method: CudaSharedMemory          , dims: (256, 32, 32)       , pass(1)/fail(0): 1,	 time (s): 0.0019409656524658203

Method: CudaSharedMemory          , dims: (32, 16, 32)        , pass(1)/fail(0): 1,	 time (s): 0.002010822296142578

Method: CudaSharedMemory          , dims: (32, 32, 32)        , pass(1)/fail(0): 1,	 time (s): 0.002014636993408203

Method: CudaSharedMemory          , dims: (32, 48, 32)        , pass(1)/fail(0): 1,	 time (s): 0.002007722854614258

Method: CudaSharedMemory          , dims: (32, 64, 32)        , pass(1)/fail(0): 1,	 time (s): 0.0022110939025878906

Method: CudaSharedMemory          , dims: (32, 80, 32)        , pass(1)/fail(0): 1,	 time (s): 0.002171754837036133

Method: CudaSharedMemory          , dims: (32, 96, 32)        , pass(1)/fail(0): 1,	 time (s): 0.0019307136535644531

Method: CudaSharedMemory          , dims: (32, 112, 32)       , pass(1)/fail(0): 1,	 time (s): 0.0020134449005126953

Method: CudaSharedMemory          , dims: (32, 128, 32)       , pass(1)/fail(0): 1,	 time (s): 0.002057313919067383

Method: CudaSharedMemory          , dims: (32, 144, 32)       , pass(1)/fail(0): 1,	 time (s): 0.0019271373748779297

Method: CudaSharedMemory          , dims: (32, 160, 32)       , pass(1)/fail(0): 1,	 time (s): 0.0019237995147705078

Method: CudaSharedMemory          , dims: (32, 176, 32)       , pass(1)/fail(0): 1,	 time (s): 0.0019283294677734375

Method: CudaSharedMemory          , dims: (32, 192, 32)       , pass(1)/fail(0): 1,	 time (s): 0.0020601749420166016

Method: CudaSharedMemory          , dims: (32, 208, 32)       , pass(1)/fail(0): 1,	 time (s): 0.001992464065551758

Method: CudaSharedMemory          , dims: (32, 224, 32)       , pass(1)/fail(0): 1,	 time (s): 0.001957416534423828

Method: CudaSharedMemory          , dims: (32, 240, 32)       , pass(1)/fail(0): 1,	 time (s): 0.0022878646850585938

Method: CudaSharedMemory          , dims: (32, 256, 32)       , pass(1)/fail(0): 1,	 time (s): 0.0022766590118408203

Method: CudaSharedMemory          , dims: (32, 32, 16)        , pass(1)/fail(0): 1,	 time (s): 0.0019502639770507812

Method: CudaSharedMemory          , dims: (32, 32, 32)        , pass(1)/fail(0): 1,	 time (s): 0.0019958019256591797

Method: CudaSharedMemory          , dims: (32, 32, 48)        , pass(1)/fail(0): 1,	 time (s): 0.0020110607147216797

Method: CudaSharedMemory          , dims: (32, 32, 64)        , pass(1)/fail(0): 1,	 time (s): 0.0019106864929199219

Method: CudaSharedMemory          , dims: (32, 32, 80)        , pass(1)/fail(0): 1,	 time (s): 0.0019693374633789062

Method: CudaSharedMemory          , dims: (32, 32, 96)        , pass(1)/fail(0): 1,	 time (s): 0.0019888877868652344

Method: CudaSharedMemory          , dims: (32, 32, 112)       , pass(1)/fail(0): 1,	 time (s): 0.0019299983978271484

Method: CudaSharedMemory          , dims: (32, 32, 128)       , pass(1)/fail(0): 1,	 time (s): 0.001990079879760742

Method: CudaSharedMemory          , dims: (32, 32, 144)       , pass(1)/fail(0): 1,	 time (s): 0.002250194549560547

Method: CudaSharedMemory          , dims: (32, 32, 160)       , pass(1)/fail(0): 1,	 time (s): 0.002220630645751953

Method: CudaSharedMemory          , dims: (32, 32, 176)       , pass(1)/fail(0): 1,	 time (s): 0.002005338668823242

Method: CudaSharedMemory          , dims: (32, 32, 192)       , pass(1)/fail(0): 1,	 time (s): 0.00199127197265625

Method: CudaSharedMemory          , dims: (32, 32, 208)       , pass(1)/fail(0): 1,	 time (s): 0.002124786376953125

Method: CudaSharedMemory          , dims: (32, 32, 224)       , pass(1)/fail(0): 1,	 time (s): 0.0021097660064697266

Method: CudaSharedMemory          , dims: (32, 32, 240)       , pass(1)/fail(0): 1,	 time (s): 0.002119302749633789

Method: CudaSharedMemory          , dims: (32, 32, 256)       , pass(1)/fail(0): 1,	 time (s): 0.002109527587890625

