Device name: b'Tesla K80'
Compute capability: (3, 7)
Total global memory (GB): 11.173095703125
Free global memory (GB): 11.115966796875
Used global memory (GB): 0.05712890625
Max threads per block: 1024
Max block dimensions: x=1024, y=1024, z=64
Max grid dimensions: x=2147483647, y=65535, z=65535
Max shared memory per block (KB): 48.0
Method: CudaSharedMemory          , dims: (16, 16, 16)        , pass(1)/fail(0): 1,	 time (s): 0.002238035202026367

Method: CudaSharedMemory          , dims: (32, 16, 16)        , pass(1)/fail(0): 1,	 time (s): 0.0021164417266845703

Method: CudaSharedMemory          , dims: (48, 16, 16)        , pass(1)/fail(0): 1,	 time (s): 0.002164602279663086

Method: CudaSharedMemory          , dims: (64, 16, 16)        , pass(1)/fail(0): 1,	 time (s): 0.002043485641479492

Method: CudaSharedMemory          , dims: (80, 16, 16)        , pass(1)/fail(0): 1,	 time (s): 0.0020253658294677734

Method: CudaSharedMemory          , dims: (96, 16, 16)        , pass(1)/fail(0): 1,	 time (s): 0.0022547245025634766

Method: CudaSharedMemory          , dims: (112, 16, 16)       , pass(1)/fail(0): 1,	 time (s): 0.0021202564239501953

Method: CudaSharedMemory          , dims: (128, 16, 16)       , pass(1)/fail(0): 1,	 time (s): 0.002022266387939453

Method: CudaSharedMemory          , dims: (144, 16, 16)       , pass(1)/fail(0): 1,	 time (s): 0.0019829273223876953

Method: CudaSharedMemory          , dims: (160, 16, 16)       , pass(1)/fail(0): 1,	 time (s): 0.002381563186645508

Method: CudaSharedMemory          , dims: (176, 16, 16)       , pass(1)/fail(0): 1,	 time (s): 0.0023050308227539062

Method: CudaSharedMemory          , dims: (192, 16, 16)       , pass(1)/fail(0): 1,	 time (s): 0.0020020008087158203

Method: CudaSharedMemory          , dims: (208, 16, 16)       , pass(1)/fail(0): 1,	 time (s): 0.001971721649169922

Method: CudaSharedMemory          , dims: (224, 16, 16)       , pass(1)/fail(0): 1,	 time (s): 0.0020580291748046875

Method: CudaSharedMemory          , dims: (240, 16, 16)       , pass(1)/fail(0): 1,	 time (s): 0.0020101070404052734

Method: CudaSharedMemory          , dims: (256, 16, 16)       , pass(1)/fail(0): 1,	 time (s): 0.002020120620727539

Method: CudaSharedMemory          , dims: (16, 16, 16)        , pass(1)/fail(0): 1,	 time (s): 0.0020208358764648438

Method: CudaSharedMemory          , dims: (16, 32, 16)        , pass(1)/fail(0): 1,	 time (s): 0.0019521713256835938

Method: CudaSharedMemory          , dims: (16, 48, 16)        , pass(1)/fail(0): 1,	 time (s): 0.0020220279693603516

Method: CudaSharedMemory          , dims: (16, 64, 16)        , pass(1)/fail(0): 1,	 time (s): 0.002207040786743164

Method: CudaSharedMemory          , dims: (16, 80, 16)        , pass(1)/fail(0): 1,	 time (s): 0.002185344696044922

Method: CudaSharedMemory          , dims: (16, 96, 16)        , pass(1)/fail(0): 1,	 time (s): 0.0019350051879882812

Method: CudaSharedMemory          , dims: (16, 112, 16)       , pass(1)/fail(0): 1,	 time (s): 0.0019061565399169922

Method: CudaSharedMemory          , dims: (16, 128, 16)       , pass(1)/fail(0): 1,	 time (s): 0.0020055770874023438

Method: CudaSharedMemory          , dims: (16, 144, 16)       , pass(1)/fail(0): 1,	 time (s): 0.0019080638885498047

Method: CudaSharedMemory          , dims: (16, 160, 16)       , pass(1)/fail(0): 1,	 time (s): 0.0019011497497558594

Method: CudaSharedMemory          , dims: (16, 176, 16)       , pass(1)/fail(0): 1,	 time (s): 0.0019180774688720703

Method: CudaSharedMemory          , dims: (16, 192, 16)       , pass(1)/fail(0): 1,	 time (s): 0.0019922256469726562

Method: CudaSharedMemory          , dims: (16, 208, 16)       , pass(1)/fail(0): 1,	 time (s): 0.001903533935546875

Method: CudaSharedMemory          , dims: (16, 224, 16)       , pass(1)/fail(0): 1,	 time (s): 0.0018939971923828125

Method: CudaSharedMemory          , dims: (16, 240, 16)       , pass(1)/fail(0): 1,	 time (s): 0.0021708011627197266

Method: CudaSharedMemory          , dims: (16, 256, 16)       , pass(1)/fail(0): 1,	 time (s): 0.002167224884033203

Method: CudaSharedMemory          , dims: (16, 16, 16)        , pass(1)/fail(0): 1,	 time (s): 0.001886129379272461

Method: CudaSharedMemory          , dims: (16, 16, 32)        , pass(1)/fail(0): 0,	 time (s): 0.001967906951904297

Method: CudaSharedMemory          , dims: (16, 16, 48)        , pass(1)/fail(0): 0,	 time (s): 0.0019123554229736328

Method: CudaSharedMemory          , dims: (16, 16, 64)        , pass(1)/fail(0): 0,	 time (s): 0.0018944740295410156

Method: CudaSharedMemory          , dims: (16, 16, 80)        , pass(1)/fail(0): 0,	 time (s): 0.001893758773803711

Method: CudaSharedMemory          , dims: (16, 16, 96)        , pass(1)/fail(0): 0,	 time (s): 0.001965761184692383

Method: CudaSharedMemory          , dims: (16, 16, 112)       , pass(1)/fail(0): 0,	 time (s): 0.0019009113311767578

Method: CudaSharedMemory          , dims: (16, 16, 128)       , pass(1)/fail(0): 0,	 time (s): 0.001995563507080078

Method: CudaSharedMemory          , dims: (16, 16, 144)       , pass(1)/fail(0): 0,	 time (s): 0.002171754837036133

Method: CudaSharedMemory          , dims: (16, 16, 160)       , pass(1)/fail(0): 0,	 time (s): 0.002151966094970703

Method: CudaSharedMemory          , dims: (16, 16, 176)       , pass(1)/fail(0): 0,	 time (s): 0.0018990039825439453

Method: CudaSharedMemory          , dims: (16, 16, 192)       , pass(1)/fail(0): 0,	 time (s): 0.0019063949584960938

Method: CudaSharedMemory          , dims: (16, 16, 208)       , pass(1)/fail(0): 0,	 time (s): 0.001974344253540039

Method: CudaSharedMemory          , dims: (16, 16, 224)       , pass(1)/fail(0): 0,	 time (s): 0.0019068717956542969

Method: CudaSharedMemory          , dims: (16, 16, 240)       , pass(1)/fail(0): 0,	 time (s): 0.0019047260284423828

Method: CudaSharedMemory          , dims: (16, 16, 256)       , pass(1)/fail(0): 0,	 time (s): 0.0018982887268066406

