Device name: b'Tesla K80'
Compute capability: (3, 7)
Total global memory (GB): 11.173095703125
Free global memory (GB): 11.115966796875
Used global memory (GB): 0.05712890625
Max threads per block: 1024
Max block dimensions: x=1024, y=1024, z=64
Max grid dimensions: x=2147483647, y=65535, z=65535
Max shared memory per block (KB): 48.0
Method: CudaGlobalMemory          , dims: (2, 2, 2)           , pass(1)/fail(0): 1,	 time (s): 0.0016903877258300781
Method: CudaSharedMemorySquare    , dims: (2, 2, 2)           , pass(1)/fail(0): 1,	 time (s): 0.0013680458068847656
Method: CudaSharedMemoryGeneral   , dims: (2, 2, 2)           , pass(1)/fail(0): 1,	 time (s): 0.0014166831970214844

Method: CudaGlobalMemory          , dims: (2, 2, 3)           , pass(1)/fail(0): 1,	 time (s): 0.0014235973358154297
Method: CudaSharedMemorySquare    , dims: (2, 2, 3)           , pass(1)/fail(0): 1,	 time (s): 0.0014638900756835938
Method: CudaSharedMemoryGeneral   , dims: (2, 2, 3)           , pass(1)/fail(0): 1,	 time (s): 0.001371622085571289

Method: CudaGlobalMemory          , dims: (2, 3, 2)           , pass(1)/fail(0): 1,	 time (s): 0.0014832019805908203
Method: CudaSharedMemorySquare    , dims: (2, 3, 2)           , pass(1)/fail(0): 1,	 time (s): 0.0017402172088623047
Method: CudaSharedMemoryGeneral   , dims: (2, 3, 2)           , pass(1)/fail(0): 1,	 time (s): 0.0016553401947021484

Method: CudaGlobalMemory          , dims: (2, 3, 3)           , pass(1)/fail(0): 1,	 time (s): 0.0015139579772949219
Method: CudaSharedMemorySquare    , dims: (2, 3, 3)           , pass(1)/fail(0): 1,	 time (s): 0.0015110969543457031
Method: CudaSharedMemoryGeneral   , dims: (2, 3, 3)           , pass(1)/fail(0): 1,	 time (s): 0.0014858245849609375

Method: CudaGlobalMemory          , dims: (3, 2, 2)           , pass(1)/fail(0): 1,	 time (s): 0.0014986991882324219
Method: CudaSharedMemorySquare    , dims: (3, 2, 2)           , pass(1)/fail(0): 0,	 time (s): 0.0014147758483886719
Method: CudaSharedMemoryGeneral   , dims: (3, 2, 2)           , pass(1)/fail(0): 1,	 time (s): 0.00136566162109375

Method: CudaGlobalMemory          , dims: (3, 2, 3)           , pass(1)/fail(0): 1,	 time (s): 0.0015707015991210938
Method: CudaSharedMemorySquare    , dims: (3, 2, 3)           , pass(1)/fail(0): 1,	 time (s): 0.0013828277587890625
Method: CudaSharedMemoryGeneral   , dims: (3, 2, 3)           , pass(1)/fail(0): 1,	 time (s): 0.0014445781707763672

Method: CudaGlobalMemory          , dims: (3, 3, 2)           , pass(1)/fail(0): 1,	 time (s): 0.001916646957397461
Method: CudaSharedMemorySquare    , dims: (3, 3, 2)           , pass(1)/fail(0): 0,	 time (s): 0.0017306804656982422
Method: CudaSharedMemoryGeneral   , dims: (3, 3, 2)           , pass(1)/fail(0): 1,	 time (s): 0.001379251480102539

Method: CudaGlobalMemory          , dims: (3, 3, 3)           , pass(1)/fail(0): 1,	 time (s): 0.001508474349975586
Method: CudaSharedMemorySquare    , dims: (3, 3, 3)           , pass(1)/fail(0): 1,	 time (s): 0.0015418529510498047
Method: CudaSharedMemoryGeneral   , dims: (3, 3, 3)           , pass(1)/fail(0): 1,	 time (s): 0.0014407634735107422

Method: CudaGlobalMemory          , dims: (2, 2, 2)           , pass(1)/fail(0): 1,	 time (s): 0.0014467239379882812
Method: CudaSharedMemorySquare    , dims: (2, 2, 2)           , pass(1)/fail(0): 0,	 time (s): 0.0014662742614746094
Method: CudaSharedMemoryGeneral   , dims: (2, 2, 2)           , pass(1)/fail(0): 1,	 time (s): 0.0016410350799560547

Method: CudaGlobalMemory          , dims: (2, 2, 3)           , pass(1)/fail(0): 1,	 time (s): 0.0016961097717285156
Method: CudaSharedMemorySquare    , dims: (2, 2, 3)           , pass(1)/fail(0): 1,	 time (s): 0.0013709068298339844
Method: CudaSharedMemoryGeneral   , dims: (2, 2, 3)           , pass(1)/fail(0): 1,	 time (s): 0.0013697147369384766

Method: CudaGlobalMemory          , dims: (2, 3, 2)           , pass(1)/fail(0): 1,	 time (s): 0.001538991928100586
Method: CudaSharedMemorySquare    , dims: (2, 3, 2)           , pass(1)/fail(0): 0,	 time (s): 0.0013935565948486328
Method: CudaSharedMemoryGeneral   , dims: (2, 3, 2)           , pass(1)/fail(0): 1,	 time (s): 0.001417398452758789

Method: CudaGlobalMemory          , dims: (2, 3, 3)           , pass(1)/fail(0): 1,	 time (s): 0.001497507095336914
Method: CudaSharedMemorySquare    , dims: (2, 3, 3)           , pass(1)/fail(0): 0,	 time (s): 0.001451730728149414
Method: CudaSharedMemoryGeneral   , dims: (2, 3, 3)           , pass(1)/fail(0): 1,	 time (s): 0.0013916492462158203

Method: CudaGlobalMemory          , dims: (3, 2, 2)           , pass(1)/fail(0): 1,	 time (s): 0.0014958381652832031
Method: CudaSharedMemorySquare    , dims: (3, 2, 2)           , pass(1)/fail(0): 0,	 time (s): 0.0017330646514892578
Method: CudaSharedMemoryGeneral   , dims: (3, 2, 2)           , pass(1)/fail(0): 1,	 time (s): 0.0015952587127685547

Method: CudaGlobalMemory          , dims: (3, 2, 3)           , pass(1)/fail(0): 1,	 time (s): 0.0014684200286865234
Method: CudaSharedMemorySquare    , dims: (3, 2, 3)           , pass(1)/fail(0): 1,	 time (s): 0.001415252685546875
Method: CudaSharedMemoryGeneral   , dims: (3, 2, 3)           , pass(1)/fail(0): 1,	 time (s): 0.0015168190002441406

Method: CudaGlobalMemory          , dims: (3, 3, 2)           , pass(1)/fail(0): 1,	 time (s): 0.0014951229095458984
Method: CudaSharedMemorySquare    , dims: (3, 3, 2)           , pass(1)/fail(0): 1,	 time (s): 0.0014507770538330078
Method: CudaSharedMemoryGeneral   , dims: (3, 3, 2)           , pass(1)/fail(0): 1,	 time (s): 0.0014579296112060547

Method: CudaGlobalMemory          , dims: (3, 3, 3)           , pass(1)/fail(0): 1,	 time (s): 0.0015282630920410156
Method: CudaSharedMemorySquare    , dims: (3, 3, 3)           , pass(1)/fail(0): 0,	 time (s): 0.00142669677734375
Method: CudaSharedMemoryGeneral   , dims: (3, 3, 3)           , pass(1)/fail(0): 1,	 time (s): 0.001444101333618164

Method: CudaGlobalMemory          , dims: (16, 16, 16)        , pass(1)/fail(0): 1,	 time (s): 0.0014739036560058594
Method: CudaSharedMemorySquare    , dims: (16, 16, 16)        , pass(1)/fail(0): 1,	 time (s): 0.001466989517211914
Method: CudaSharedMemoryGeneral   , dims: (16, 16, 16)        , pass(1)/fail(0): 1,	 time (s): 0.0013773441314697266

Method: CudaGlobalMemory          , dims: (16, 16, 17)        , pass(1)/fail(0): 1,	 time (s): 0.001461029052734375
Method: CudaSharedMemorySquare    , dims: (16, 16, 17)        , pass(1)/fail(0): 0,	 time (s): 0.001383066177368164
Method: CudaSharedMemoryGeneral   , dims: (16, 16, 17)        , pass(1)/fail(0): 0,	 time (s): 0.00146484375

Method: CudaGlobalMemory          , dims: (16, 17, 16)        , pass(1)/fail(0): 1,	 time (s): 0.0015027523040771484
Method: CudaSharedMemorySquare    , dims: (16, 17, 16)        , pass(1)/fail(0): 0,	 time (s): 0.0014493465423583984
Method: CudaSharedMemoryGeneral   , dims: (16, 17, 16)        , pass(1)/fail(0): 0,	 time (s): 0.0016660690307617188

Method: CudaGlobalMemory          , dims: (16, 17, 17)        , pass(1)/fail(0): 1,	 time (s): 0.0016863346099853516
Method: CudaSharedMemorySquare    , dims: (16, 17, 17)        , pass(1)/fail(0): 0,	 time (s): 0.0013988018035888672
Method: CudaSharedMemoryGeneral   , dims: (16, 17, 17)        , pass(1)/fail(0): 0,	 time (s): 0.001434326171875

Method: CudaGlobalMemory          , dims: (17, 16, 16)        , pass(1)/fail(0): 1,	 time (s): 0.0015358924865722656
Method: CudaSharedMemorySquare    , dims: (17, 16, 16)        , pass(1)/fail(0): 1,	 time (s): 0.0014104843139648438
Method: CudaSharedMemoryGeneral   , dims: (17, 16, 16)        , pass(1)/fail(0): 0,	 time (s): 0.0014700889587402344

Method: CudaGlobalMemory          , dims: (17, 16, 17)        , pass(1)/fail(0): 1,	 time (s): 0.0015227794647216797
Method: CudaSharedMemorySquare    , dims: (17, 16, 17)        , pass(1)/fail(0): 0,	 time (s): 0.0015568733215332031
Method: CudaSharedMemoryGeneral   , dims: (17, 16, 17)        , pass(1)/fail(0): 0,	 time (s): 0.001421213150024414

Method: CudaGlobalMemory          , dims: (17, 17, 16)        , pass(1)/fail(0): 1,	 time (s): 0.001476287841796875
Method: CudaSharedMemorySquare    , dims: (17, 17, 16)        , pass(1)/fail(0): 0,	 time (s): 0.00164031982421875
Method: CudaSharedMemoryGeneral   , dims: (17, 17, 16)        , pass(1)/fail(0): 1,	 time (s): 0.0016188621520996094

Method: CudaGlobalMemory          , dims: (17, 17, 17)        , pass(1)/fail(0): 1,	 time (s): 0.001497507095336914
Method: CudaSharedMemorySquare    , dims: (17, 17, 17)        , pass(1)/fail(0): 0,	 time (s): 0.0013926029205322266
Method: CudaSharedMemoryGeneral   , dims: (17, 17, 17)        , pass(1)/fail(0): 1,	 time (s): 0.001499176025390625

Method: CudaGlobalMemory          , dims: (16, 16, 16)        , pass(1)/fail(0): 1,	 time (s): 0.0015761852264404297
Method: CudaSharedMemorySquare    , dims: (16, 16, 16)        , pass(1)/fail(0): 1,	 time (s): 0.001477956771850586
Method: CudaSharedMemoryGeneral   , dims: (16, 16, 16)        , pass(1)/fail(0): 1,	 time (s): 0.0014431476593017578

Method: CudaGlobalMemory          , dims: (16, 16, 17)        , pass(1)/fail(0): 1,	 time (s): 0.0017054080963134766
Method: CudaSharedMemorySquare    , dims: (16, 16, 17)        , pass(1)/fail(0): 0,	 time (s): 0.0016624927520751953
Method: CudaSharedMemoryGeneral   , dims: (16, 16, 17)        , pass(1)/fail(0): 0,	 time (s): 0.0013971328735351562

Method: CudaGlobalMemory          , dims: (16, 17, 16)        , pass(1)/fail(0): 1,	 time (s): 0.0015187263488769531
Method: CudaSharedMemorySquare    , dims: (16, 17, 16)        , pass(1)/fail(0): 1,	 time (s): 0.0014522075653076172
Method: CudaSharedMemoryGeneral   , dims: (16, 17, 16)        , pass(1)/fail(0): 0,	 time (s): 0.0014796257019042969

Method: CudaGlobalMemory          , dims: (16, 17, 17)        , pass(1)/fail(0): 1,	 time (s): 0.0015087127685546875
Method: CudaSharedMemorySquare    , dims: (16, 17, 17)        , pass(1)/fail(0): 0,	 time (s): 0.0014204978942871094
Method: CudaSharedMemoryGeneral   , dims: (16, 17, 17)        , pass(1)/fail(0): 0,	 time (s): 0.0015149116516113281

Method: CudaGlobalMemory          , dims: (17, 16, 16)        , pass(1)/fail(0): 1,	 time (s): 0.0014543533325195312
Method: CudaSharedMemorySquare    , dims: (17, 16, 16)        , pass(1)/fail(0): 1,	 time (s): 0.0014739036560058594
Method: CudaSharedMemoryGeneral   , dims: (17, 16, 16)        , pass(1)/fail(0): 0,	 time (s): 0.0017066001892089844

Method: CudaGlobalMemory          , dims: (17, 16, 17)        , pass(1)/fail(0): 1,	 time (s): 0.0016684532165527344
Method: CudaSharedMemorySquare    , dims: (17, 16, 17)        , pass(1)/fail(0): 1,	 time (s): 0.0014095306396484375
Method: CudaSharedMemoryGeneral   , dims: (17, 16, 17)        , pass(1)/fail(0): 0,	 time (s): 0.0014243125915527344

Method: CudaGlobalMemory          , dims: (17, 17, 16)        , pass(1)/fail(0): 1,	 time (s): 0.0015735626220703125
Method: CudaSharedMemorySquare    , dims: (17, 17, 16)        , pass(1)/fail(0): 0,	 time (s): 0.0014064311981201172
Method: CudaSharedMemoryGeneral   , dims: (17, 17, 16)        , pass(1)/fail(0): 1,	 time (s): 0.0013866424560546875

Method: CudaGlobalMemory          , dims: (17, 17, 17)        , pass(1)/fail(0): 1,	 time (s): 0.0014679431915283203
Method: CudaSharedMemorySquare    , dims: (17, 17, 17)        , pass(1)/fail(0): 0,	 time (s): 0.0014679431915283203
Method: CudaSharedMemoryGeneral   , dims: (17, 17, 17)        , pass(1)/fail(0): 1,	 time (s): 0.0014233589172363281

