Device name: b'Tesla K80'
Compute capability: (3, 7)
Total global memory (GB): 11.173095703125
Free global memory (GB): 11.115966796875
Used global memory (GB): 0.05712890625
Max threads per block: 1024
Max block dimensions: x=1024, y=1024, z=64
Max grid dimensions: x=2147483647, y=65535, z=65535
Max shared memory per block (KB): 48.0
FAILED! Dimensions:  (4, 3, 4)  Method:  CudaSharedMemory
Result:
 [[ 4.  4.  4.]
 [ 4.  0.  0.]
 [ 4.  4.  4.]
 [ 4.  0.  0.]]
Expected:
 [[ 4.  4.  4.]
 [ 4.  4.  4.]
 [ 4.  4.  4.]
 [ 4.  4.  4.]]
Difference:
 [[ 0.  0.  0.]
 [ 0. -4. -4.]
 [ 0.  0.  0.]
 [ 0. -4. -4.]]

FAILED! Dimensions:  (17, 16, 17)  Method:  CudaSharedMemory
Result:
 [[ 17.  17.  17.  17.  17.  17.  17.  17.  17.  17.  17.  17.  17.  17.
   17.  17.]
 [ 16.  16.  16.  16.  16.  16.  16.  16.  16.  16.  16.  16.  16.  16.
   16.  16.]
 [ 16.  16.  16.  16.  16.  16.  16.  16.  16.  16.  16.  16.  16.  16.
   16.  16.]
 [ 16.  16.  16.  16.  16.  16.  16.  16.  16.  16.  16.  16.  16.  16.
   16.  16.]
 [ 16.  16.  16.  16.  16.  16.  16.  16.  16.  16.  16.  16.  16.  16.
   16.  16.]
 [ 16.  16.  16.  16.  16.  16.  16.  16.  16.  16.  16.  16.  16.  16.
   16.  16.]
 [ 16.  16.  16.  16.  16.  16.  16.  16.  16.  16.  16.  16.  16.  16.
   16.  16.]
 [ 16.  16.  16.  16.  16.  16.  16.  16.  16.  16.  16.  16.  16.  16.
   16.  16.]
 [ 16.  16.  16.  16.  16.  16.  16.  16.  16.  16.  16.  16.  16.  16.
   16.  16.]
 [ 16.  16.  16.  16.  16.  16.  16.  16.  16.  16.  16.  16.  16.  16.
   16.  16.]
 [ 16.  16.  16.  16.  16.  16.  16.  16.  16.  16.  16.  16.  16.  16.
   16.  16.]
 [ 16.  16.  16.  16.  16.  16.  16.  16.  16.  16.  16.  16.  16.  16.
   16.  16.]
 [ 16.  16.  16.  16.  16.  16.  16.  16.  16.  16.  16.  16.  16.  16.
   16.  16.]
 [ 16.  16.  16.  16.  16.  16.  16.  16.  16.  16.  16.  16.  16.  16.
   16.  16.]
 [ 16.  16.  16.  16.  16.  16.  16.  16.  16.  16.  16.  16.  16.  16.
   16.  16.]
 [ 16.  16.  16.  16.  16.  16.  16.  16.  16.  16.  16.  16.  16.  16.
   16.  16.]
 [ 17.  17.  17.  17.  17.  17.  17.  17.  17.  17.  17.  17.  17.  17.
   17.  17.]]
Expected:
 [[ 17.  17.  17.  17.  17.  17.  17.  17.  17.  17.  17.  17.  17.  17.
   17.  17.]
 [ 17.  17.  17.  17.  17.  17.  17.  17.  17.  17.  17.  17.  17.  17.
   17.  17.]
 [ 17.  17.  17.  17.  17.  17.  17.  17.  17.  17.  17.  17.  17.  17.
   17.  17.]
 [ 17.  17.  17.  17.  17.  17.  17.  17.  17.  17.  17.  17.  17.  17.
   17.  17.]
 [ 17.  17.  17.  17.  17.  17.  17.  17.  17.  17.  17.  17.  17.  17.
   17.  17.]
 [ 17.  17.  17.  17.  17.  17.  17.  17.  17.  17.  17.  17.  17.  17.
   17.  17.]
 [ 17.  17.  17.  17.  17.  17.  17.  17.  17.  17.  17.  17.  17.  17.
   17.  17.]
 [ 17.  17.  17.  17.  17.  17.  17.  17.  17.  17.  17.  17.  17.  17.
   17.  17.]
 [ 17.  17.  17.  17.  17.  17.  17.  17.  17.  17.  17.  17.  17.  17.
   17.  17.]
 [ 17.  17.  17.  17.  17.  17.  17.  17.  17.  17.  17.  17.  17.  17.
   17.  17.]
 [ 17.  17.  17.  17.  17.  17.  17.  17.  17.  17.  17.  17.  17.  17.
   17.  17.]
 [ 17.  17.  17.  17.  17.  17.  17.  17.  17.  17.  17.  17.  17.  17.
   17.  17.]
 [ 17.  17.  17.  17.  17.  17.  17.  17.  17.  17.  17.  17.  17.  17.
   17.  17.]
 [ 17.  17.  17.  17.  17.  17.  17.  17.  17.  17.  17.  17.  17.  17.
   17.  17.]
 [ 17.  17.  17.  17.  17.  17.  17.  17.  17.  17.  17.  17.  17.  17.
   17.  17.]
 [ 17.  17.  17.  17.  17.  17.  17.  17.  17.  17.  17.  17.  17.  17.
   17.  17.]
 [ 17.  17.  17.  17.  17.  17.  17.  17.  17.  17.  17.  17.  17.  17.
   17.  17.]]
Difference:
 [[ 0.  0.  0.  0.  0.  0.  0.  0.  0.  0.  0.  0.  0.  0.  0.  0.]
 [-1. -1. -1. -1. -1. -1. -1. -1. -1. -1. -1. -1. -1. -1. -1. -1.]
 [-1. -1. -1. -1. -1. -1. -1. -1. -1. -1. -1. -1. -1. -1. -1. -1.]
 [-1. -1. -1. -1. -1. -1. -1. -1. -1. -1. -1. -1. -1. -1. -1. -1.]
 [-1. -1. -1. -1. -1. -1. -1. -1. -1. -1. -1. -1. -1. -1. -1. -1.]
 [-1. -1. -1. -1. -1. -1. -1. -1. -1. -1. -1. -1. -1. -1. -1. -1.]
 [-1. -1. -1. -1. -1. -1. -1. -1. -1. -1. -1. -1. -1. -1. -1. -1.]
 [-1. -1. -1. -1. -1. -1. -1. -1. -1. -1. -1. -1. -1. -1. -1. -1.]
 [-1. -1. -1. -1. -1. -1. -1. -1. -1. -1. -1. -1. -1. -1. -1. -1.]
 [-1. -1. -1. -1. -1. -1. -1. -1. -1. -1. -1. -1. -1. -1. -1. -1.]
 [-1. -1. -1. -1. -1. -1. -1. -1. -1. -1. -1. -1. -1. -1. -1. -1.]
 [-1. -1. -1. -1. -1. -1. -1. -1. -1. -1. -1. -1. -1. -1. -1. -1.]
 [-1. -1. -1. -1. -1. -1. -1. -1. -1. -1. -1. -1. -1. -1. -1. -1.]
 [-1. -1. -1. -1. -1. -1. -1. -1. -1. -1. -1. -1. -1. -1. -1. -1.]
 [-1. -1. -1. -1. -1. -1. -1. -1. -1. -1. -1. -1. -1. -1. -1. -1.]
 [-1. -1. -1. -1. -1. -1. -1. -1. -1. -1. -1. -1. -1. -1. -1. -1.]
 [ 0.  0.  0.  0.  0.  0.  0.  0.  0.  0.  0.  0.  0.  0.  0.  0.]]

Method: CudaSharedMemory          , dims: (4, 3, 4)           , pass(1)/fail(0): 0,	 time (s): 0.0019669532775878906

Method: CudaSharedMemory          , dims: (17, 16, 17)        , pass(1)/fail(0): 0,	 time (s): 0.0018465518951416016

