Device name: b'Tesla K80'
Compute capability: (3, 7)
Total global memory (GB): 11.173095703125
Free global memory (GB): 11.115966796875
Used global memory (GB): 0.05712890625
Max threads per block: 1024
Max block dimensions: x=1024, y=1024, z=64
Max grid dimensions: x=2147483647, y=65535, z=65535
Max shared memory per block (KB): 48.0
Method: CudaGlobalMemory          , dims: (2, 2, 2)           , pass(1)/fail(0): 1,	 time (s): 0.0020487308502197266
Method: CudaSharedMemoryGeneral   , dims: (2, 2, 2)           , pass(1)/fail(0): 1,	 time (s): 0.0019910335540771484

Method: CudaGlobalMemory          , dims: (2, 2, 3)           , pass(1)/fail(0): 1,	 time (s): 0.0019299983978271484
Method: CudaSharedMemoryGeneral   , dims: (2, 2, 3)           , pass(1)/fail(0): 1,	 time (s): 0.0018963813781738281

Method: CudaGlobalMemory          , dims: (2, 3, 2)           , pass(1)/fail(0): 1,	 time (s): 0.0019707679748535156
Method: CudaSharedMemoryGeneral   , dims: (2, 3, 2)           , pass(1)/fail(0): 1,	 time (s): 0.001981019973754883

Method: CudaGlobalMemory          , dims: (2, 3, 3)           , pass(1)/fail(0): 1,	 time (s): 0.0018532276153564453
Method: CudaSharedMemoryGeneral   , dims: (2, 3, 3)           , pass(1)/fail(0): 1,	 time (s): 0.0018353462219238281

Method: CudaGlobalMemory          , dims: (3, 2, 2)           , pass(1)/fail(0): 1,	 time (s): 0.002221345901489258
Method: CudaSharedMemoryGeneral   , dims: (3, 2, 2)           , pass(1)/fail(0): 1,	 time (s): 0.0021309852600097656

Method: CudaGlobalMemory          , dims: (3, 2, 3)           , pass(1)/fail(0): 1,	 time (s): 0.001974344253540039
Method: CudaSharedMemoryGeneral   , dims: (3, 2, 3)           , pass(1)/fail(0): 1,	 time (s): 0.0020537376403808594

Method: CudaGlobalMemory          , dims: (3, 3, 2)           , pass(1)/fail(0): 1,	 time (s): 0.001934051513671875
Method: CudaSharedMemoryGeneral   , dims: (3, 3, 2)           , pass(1)/fail(0): 1,	 time (s): 0.0018601417541503906

Method: CudaGlobalMemory          , dims: (3, 3, 3)           , pass(1)/fail(0): 1,	 time (s): 0.0018429756164550781
Method: CudaSharedMemoryGeneral   , dims: (3, 3, 3)           , pass(1)/fail(0): 1,	 time (s): 0.0018360614776611328

Method: CudaGlobalMemory          , dims: (2, 2, 2)           , pass(1)/fail(0): 1,	 time (s): 0.0019154548645019531
Method: CudaSharedMemoryGeneral   , dims: (2, 2, 2)           , pass(1)/fail(0): 1,	 time (s): 0.002112150192260742

Method: CudaGlobalMemory          , dims: (2, 2, 3)           , pass(1)/fail(0): 1,	 time (s): 0.002100229263305664
Method: CudaSharedMemoryGeneral   , dims: (2, 2, 3)           , pass(1)/fail(0): 1,	 time (s): 0.0019412040710449219

Method: CudaGlobalMemory          , dims: (2, 3, 2)           , pass(1)/fail(0): 1,	 time (s): 0.0018548965454101562
Method: CudaSharedMemoryGeneral   , dims: (2, 3, 2)           , pass(1)/fail(0): 1,	 time (s): 0.0019686222076416016

Method: CudaGlobalMemory          , dims: (2, 3, 3)           , pass(1)/fail(0): 1,	 time (s): 0.0019674301147460938
Method: CudaSharedMemoryGeneral   , dims: (2, 3, 3)           , pass(1)/fail(0): 1,	 time (s): 0.0018181800842285156

Method: CudaGlobalMemory          , dims: (3, 2, 2)           , pass(1)/fail(0): 1,	 time (s): 0.0018384456634521484
Method: CudaSharedMemoryGeneral   , dims: (3, 2, 2)           , pass(1)/fail(0): 1,	 time (s): 0.0020165443420410156

Method: CudaGlobalMemory          , dims: (3, 2, 3)           , pass(1)/fail(0): 1,	 time (s): 0.0019211769104003906
Method: CudaSharedMemoryGeneral   , dims: (3, 2, 3)           , pass(1)/fail(0): 1,	 time (s): 0.00189208984375

Method: CudaGlobalMemory          , dims: (3, 3, 2)           , pass(1)/fail(0): 1,	 time (s): 0.0021326541900634766
Method: CudaSharedMemoryGeneral   , dims: (3, 3, 2)           , pass(1)/fail(0): 1,	 time (s): 0.002100229263305664

Method: CudaGlobalMemory          , dims: (3, 3, 3)           , pass(1)/fail(0): 1,	 time (s): 0.0018641948699951172
Method: CudaSharedMemoryGeneral   , dims: (3, 3, 3)           , pass(1)/fail(0): 1,	 time (s): 0.0018258094787597656

FAILED! Dimensions:  (16, 16, 17)  Method:  CudaSharedMemoryGeneral
Result:
 [[ 4.19353628  5.8181119   5.56822395  6.16866398  5.2630105   4.40881586
   3.43660498  4.26097536  4.41738367  5.18826771  4.80850458  4.86353493
   4.69763088  5.59122086  3.62481475  4.40086794]
 [ 3.05745745  5.23245716  4.70568466  5.36002064  4.40782213  3.66387725
   2.64370751  2.43493485  3.99573588  4.43352222  4.48833132  3.95859075
   3.92576885  3.91355109  3.17768002  4.74982214]
 [ 3.25877428  4.46950102  4.58369493  4.87914562  5.26303101  3.51904798
   2.89767432  3.28644371  3.74322224  4.68358517  4.7163682   3.5433743
   3.69060755  4.14972115  3.86241031  4.33420324]
 [ 5.07251644  6.00046539  5.55403805  6.37611341  5.91232204  4.87904263
   3.91603184  3.99217606  4.14127159  5.7764349   5.51639986  4.92953587
   5.30729103  6.40712404  3.63387108  4.89156961]
 [ 4.68568993  6.07012033  5.7609973   6.14961386  6.06290054  4.82716703
   3.77355146  4.694098    4.96999741  6.07612181  5.99079275  5.13460588
   5.46540403  6.07479668  3.79362082  4.77240086]
 [ 4.33888674  5.66884041  4.45711565  5.10281181  4.58916187  4.39581299
   2.859447    3.47347713  4.04526091  5.32121325  4.42054892  4.75603867
   4.73389101  5.13346815  2.94313264  4.63717127]
 [ 3.59253168  4.79050112  4.4088254   5.07915354  4.92125845  3.86794233
   3.0381043   3.62786746  3.83305717  4.7093358   4.54142427  4.08629227
   3.96402931  4.78871059  3.49164844  3.53641129]
 [ 2.32027745  3.95670342  4.26003695  4.89368582  4.82633543  2.90027761
   2.92863727  3.10722113  3.56838822  3.76650929  3.87589049  2.90044188
   3.42774582  3.65381813  3.44176888  3.26999211]
 [ 3.28191853  4.13021278  3.81541157  4.26157999  4.5249629   2.81780791
   3.00608015  2.74181414  2.9968586   3.54897332  4.48241949  3.86385202
   4.00212717  4.30051708  2.85711908  3.66735458]
 [ 4.38219643  6.38077259  6.36037064  6.95336056  6.5464859   5.29794073
   4.44026232  4.2914381   5.61384058  6.86854362  6.69247961  5.27108622
   5.72726679  6.05264091  4.19158411  5.74045897]
 [ 3.30784273  4.42159986  3.94879985  4.65193748  4.66434622  3.38203025
   2.67455482  3.31499243  3.18667555  4.03314304  4.07792616  3.02098584
   3.27019596  4.62332106  3.34160376  3.72942996]
 [ 3.86248517  4.60232449  4.06919575  5.52062178  4.97866535  3.80002809
   3.34452558  3.53960371  3.33882689  4.3045001   4.30690908  4.20936632
   4.37925673  4.99209738  3.41639447  4.09070444]
 [ 3.44210577  4.36186409  4.1509943   4.74531841  4.57144642  3.09121871
   3.50213552  3.17906308  3.84163404  4.30499125  4.83035612  4.64307547
   4.96117783  4.59186459  2.67696643  4.24978256]
 [ 3.3276999   4.46210337  4.66092968  5.12655878  5.18005705  4.27367926
   3.505687    3.70012879  4.10305786  5.14224434  4.83751011  3.57781863
   4.53892517  4.73529005  2.90072322  3.59629202]
 [ 3.22290158  4.70727491  4.73408365  4.96769381  4.61736727  4.51449394
   3.54660082  3.33373976  4.04240656  5.35863829  4.50174999  4.27209711
   4.23300695  4.80890894  2.73043799  4.26810741]
 [ 4.17369127  5.60027266  4.89613533  5.34616899  5.06291628  4.74138784
   2.99436855  3.5599401   4.33475161  5.49770021  4.80066586  4.97566557
   4.66521597  4.94372034  3.05525517  3.97637343]]
Expected:
 [[ 4.68745327  6.45874643  5.96856117  6.66119432  5.47177887  5.00529003
   3.4762423   4.32073355  4.47554302  5.21645546  5.27799797  5.20325565
   4.90103102  5.7401228   4.08009243  4.82545757]
 [ 3.28569317  5.52849007  4.89067793  5.58761549  4.50429249  3.93950415
   2.66202354  2.46254873  4.02261114  4.44654751  4.70528078  4.11557341
   4.0197587   3.9823575   3.38806081  4.94602203]
 [ 3.6512208   4.97852325  4.9017868   5.27049017  5.42890978  3.99298239
   2.92916846  3.33392525  3.78943348  4.70598173  5.0894084   3.81330252
   3.85222101  4.26803255  4.2241559   4.67156506]
 [ 5.46457338  6.50898266  5.87181425  6.76706982  6.07803631  5.35250664
   3.94749475  4.03961039  4.18743706  5.79880953  5.88907003  5.19919634
   5.46874428  6.52531767  3.99525738  5.22859621]
 [ 5.27209711  6.83071995  6.23630142  6.734375    6.31076288  5.53533649
   3.82061124  4.7650466   5.03904772  6.10958767  6.54820299  5.53794193
   5.70689249  6.25158167  4.33415365  5.27649879]
 [ 4.57047892  5.96922684  4.64482927  5.33375406  4.6870513   4.67549324
   2.87803245  3.50149727  4.07253122  5.33443022  4.64068937  4.91532993
   4.82926321  5.20328665  3.15660739  4.8362565 ]
 [ 4.16787338  5.53674746  4.87516022  5.65288019  5.16444349  4.56274843
   3.08427596  3.69747734  3.90080452  4.74217033  5.08831596  4.48201752
   4.20096111  4.96215963  4.02198124  4.03099632]
 [ 2.90063334  4.70945358  4.73043633  5.47241259  5.07164001  3.60113931
   2.97521138  3.17743754  3.6367259   3.79962993  4.42754841  3.29961586
   3.66674232  3.82877874  3.97672343  3.76888776]
 [ 3.69523835  4.66630888  4.1504221   4.67373943  4.69966459  3.31694984
   3.03924942  2.79182124  3.0455277   3.57256126  4.87530088  4.14813709
   4.17233658  4.42512131  3.23810482  4.02265978]
 [ 4.91251755  7.06862497  6.79021502  7.48219252  6.77064133  5.93837786
   4.48282099  4.35560083  5.6762867   6.89880896  7.1965766   5.63584566
   5.94565821  6.21251726  4.68041801  6.19634247]
 [ 3.63834953  4.85028362  4.21668768  4.98151636  4.80404472  3.78116393
   2.70107841  3.35497999  3.22559333  4.05200481  4.39208984  3.24831152
   3.40630221  4.72295952  3.64625502  4.01354599]
 [ 3.87962174  4.62455177  4.08308554  5.53771019  4.98590851  3.82072306
   3.34590077  3.541677    3.34084487  4.3054781   4.32319832  4.22115326
   4.38631392  4.99726343  3.43219066  4.10543585]
 [ 3.69928312  4.695436    4.35944557  5.00177383  4.68015003  3.40179658
   3.52277422  3.21017861  3.87191701  4.31966829  5.07481623  4.81996441
   5.06708622  4.66939592  2.91402483  4.47086191]
 [ 3.67932844  4.91818285  4.94593716  5.47720051  5.32868338  4.69832039
   3.53390551  3.74267197  4.14446259  5.16231155  5.17175102  3.81967187
   4.68372965  4.84129572  3.22484398  3.89856505]
 [ 3.88364792  5.56429577  5.26964235  5.62658548  4.89665127  5.31243849
   3.5996263   3.4136827   4.12021065  5.39634657  5.12982321  4.72656441
   4.50510931  5.0081048   3.33949423  4.83610964]
 [ 4.34634972  5.82421923  5.03608131  5.51834297  5.13589525  4.94989729
   3.00822449  3.58082986  4.35508251  5.50755358  4.96478653  5.09442139
   4.73631859  4.99577188  3.21440649  4.12479687]]

FAILED! Dimensions:  (16, 17, 16)  Method:  CudaSharedMemoryGeneral
Result:
 [[ 3.12039137  3.20883822  4.14680195  4.15628242  1.86039174  4.06484795
   2.99668455  3.06889701  3.4603703   3.80053043  3.80412769  4.24010992
   4.54459858  4.00537443  3.53565264  3.17230129  0.        ]
 [ 2.83448911  3.43836021  3.94329977  3.40525746  2.35456276  3.59892392
   2.46008277  2.82461548  4.24144125  3.61687255  4.48103762  4.12915039
   4.31990147  4.08339691  3.87192941  3.33722425  0.        ]
 [ 3.25663686  4.33142662  4.04449844  3.8274076   2.72827172  4.15916872
   2.82347369  2.60808134  3.24566317  3.65418696  4.2138114   4.64236403
   4.60212946  4.79422712  3.21979761  3.95448136  0.        ]
 [ 4.14643478  3.78490162  4.91572523  3.1363647   2.95956993  3.76280093
   2.55213785  3.20031571  3.13293529  3.45511317  5.35917091  4.60822487
   5.37538576  4.23771429  3.37514043  3.53714871  0.        ]
 [ 2.54446864  3.23677301  4.00503874  3.81304336  3.79547834  4.13152122
   3.08047557  2.50189018  3.99190474  4.07292938  5.21075678  5.46134329
   5.45759058  4.35900164  3.54165125  4.46616602  0.        ]
 [ 3.91941118  4.48115778  5.10735464  4.51441813  2.92353654  4.98132277
   3.22184992  3.46407247  4.35598278  4.3285675   5.56675673  5.80280161
   5.96189308  5.45739365  4.29060221  4.05587673  0.        ]
 [ 2.4195137   2.91890764  4.23066807  3.58416128  2.4865942   3.66279221
   2.7166183   2.93809962  4.05529261  3.79436946  4.25425434  4.73274231
   4.63925838  3.69016242  3.50265026  3.53850436  0.        ]
 [ 3.12939405  3.19539285  4.48983097  3.45231509  2.47584248  4.00526857
   2.16215611  3.00007653  4.10748005  3.51732183  4.74606419  4.64279032
   5.10444355  4.28789234  3.90703344  3.81248236  0.        ]
 [ 2.90713382  3.95871592  3.81189156  3.50148416  3.39556217  3.72251415
   2.85646582  2.2617743   3.74279189  4.12964869  4.67727613  4.5841918
   4.39111805  3.98475623  3.50400376  3.91863537  0.        ]
 [ 2.75700235  3.46754575  4.18324804  3.72912431  3.20543671  3.83350062
   2.34674954  2.15505433  3.08255172  3.53893328  4.17793608  4.68863678
   4.46513748  4.9298439   3.25784183  3.63352466  0.        ]
 [ 2.7656424   3.88793492  4.32938242  4.2083559   2.67824793  4.33707285
   2.43516922  3.03672767  3.65431237  3.87170696  4.62303686  5.32433224
   5.09354496  5.35172606  3.66882133  3.482131    0.        ]
 [ 3.02997923  3.41892409  4.360672    3.24940586  2.98314571  3.40035224
   2.05239987  2.46527052  3.37866879  3.41462851  4.49407196  4.89522839
   4.85538578  4.20911598  3.330374    3.91430211  0.        ]
 [ 3.06210065  3.36225986  4.66521502  3.52151752  2.54646754  3.87371635
   2.43040967  2.95228744  3.35425568  3.66765475  4.42284346  4.23009682
   5.15398836  4.36481619  3.38677335  3.77618313  0.        ]
 [ 3.32508564  4.33195448  4.9980526   4.42349768  3.44837141  4.67750883
   3.67823744  2.88229871  3.62072134  4.57235336  5.4292345   6.02764225
   5.94260836  4.46523762  3.37014484  4.60460758  0.        ]
 [ 3.87098694  4.76459455  5.11702251  4.47702503  3.95083857  4.95699072
   3.55331826  3.35278988  4.37491131  4.73191595  5.90189171  6.08705425
   6.43945885  5.70808887  3.95868349  4.98933554  0.        ]
 [ 3.48528934  3.38163233  4.36947107  3.49278474  3.21057081  3.66091013
   2.2240684   2.92283797  3.9197557   3.65997267  4.61246347  4.50570869
   5.07838297  4.96258688  3.90048337  4.03658342  0.        ]]
Expected:
 [[ 3.12039137  3.20883822  4.14680195  4.15628242  1.86039174  4.06484795
   2.99668455  3.06889701  3.4603703   3.80053043  3.80412769  4.24010992
   4.54459858  4.00537443  3.53565264  3.17230129  3.59707665]
 [ 2.83448911  3.43836021  3.94329977  3.40525746  2.35456276  3.59892392
   2.46008277  2.82461548  4.24144125  3.61687255  4.48103762  4.12915039
   4.31990147  4.08339691  3.87192941  3.33722425  3.41672373]
 [ 3.25663686  4.33142662  4.04449844  3.8274076   2.72827172  4.15916872
   2.82347369  2.60808134  3.24566317  3.65418696  4.2138114   4.64236403
   4.60212946  4.79422712  3.21979761  3.95448136  3.15773392]
 [ 4.14643478  3.78490162  4.91572523  3.1363647   2.95956993  3.76280093
   2.55213785  3.20031571  3.13293529  3.45511317  5.35917091  4.60822487
   5.37538576  4.23771429  3.37514043  3.53714871  3.15956306]
 [ 2.54446864  3.23677301  4.00503874  3.81304336  3.79547834  4.13152122
   3.08047557  2.50189018  3.99190474  4.07292938  5.21075678  5.46134329
   5.45759058  4.35900164  3.54165125  4.46616602  3.74822044]
 [ 3.91941118  4.48115778  5.10735464  4.51441813  2.92353654  4.98132277
   3.22184992  3.46407247  4.35598278  4.3285675   5.56675673  5.80280161
   5.96189308  5.45739365  4.29060221  4.05587673  4.17454338]
 [ 2.4195137   2.91890764  4.23066807  3.58416128  2.4865942   3.66279221
   2.7166183   2.93809962  4.05529261  3.79436946  4.25425434  4.73274231
   4.63925838  3.69016242  3.50265026  3.53850436  3.47266197]
 [ 3.12939405  3.19539285  4.48983097  3.45231509  2.47584248  4.00526857
   2.16215611  3.00007653  4.10748005  3.51732183  4.74606419  4.64279032
   5.10444355  4.28789234  3.90703344  3.81248236  3.32932758]
 [ 2.90713382  3.95871592  3.81189156  3.50148416  3.39556217  3.72251415
   2.85646582  2.2617743   3.74279189  4.12964869  4.67727613  4.5841918
   4.39111805  3.98475623  3.50400376  3.91863537  3.39426804]
 [ 2.75700235  3.46754575  4.18324804  3.72912431  3.20543671  3.83350062
   2.34674954  2.15505433  3.08255172  3.53893328  4.17793608  4.68863678
   4.46513748  4.9298439   3.25784183  3.63352466  3.49488091]
 [ 2.7656424   3.88793492  4.32938242  4.2083559   2.67824793  4.33707285
   2.43516922  3.03672767  3.65431237  3.87170696  4.62303686  5.32433224
   5.09354496  5.35172606  3.66882133  3.482131    3.701015  ]
 [ 3.02997923  3.41892409  4.360672    3.24940586  2.98314571  3.40035224
   2.05239987  2.46527052  3.37866879  3.41462851  4.49407196  4.89522839
   4.85538578  4.20911598  3.330374    3.91430211  3.33477426]
 [ 3.06210065  3.36225986  4.66521502  3.52151752  2.54646754  3.87371635
   2.43040967  2.95228744  3.35425568  3.66765475  4.42284346  4.23009682
   5.15398836  4.36481619  3.38677335  3.77618313  3.21273851]
 [ 3.32508564  4.33195448  4.9980526   4.42349768  3.44837141  4.67750883
   3.67823744  2.88229871  3.62072134  4.57235336  5.4292345   6.02764225
   5.94260836  4.46523762  3.37014484  4.60460758  3.6486516 ]
 [ 3.87098694  4.76459455  5.11702251  4.47702503  3.95083857  4.95699072
   3.55331826  3.35278988  4.37491131  4.73191595  5.90189171  6.08705425
   6.43945885  5.70808887  3.95868349  4.98933554  4.10869646]
 [ 3.48528934  3.38163233  4.36947107  3.49278474  3.21057081  3.66091013
   2.2240684   2.92283797  3.9197557   3.65997267  4.61246347  4.50570869
   5.07838297  4.96258688  3.90048337  4.03658342  3.86565185]]

FAILED! Dimensions:  (16, 17, 17)  Method:  CudaSharedMemoryGeneral
Result:
 [[ 3.94988513  4.33346796  4.14251757  4.081007    3.20413661  4.66712713
   4.63940239  5.02043772  4.2100215   3.07813001  4.22372007  3.27073312
   3.78499579  3.20530534  5.00512695  3.64830732  0.        ]
 [ 5.57570457  4.97231007  4.76738405  4.5407114   3.83417869  5.36064386
   5.92348337  5.40969515  5.11500835  3.74198055  4.55968809  4.0951643
   3.80126381  4.42285204  5.70538092  4.57075977  0.        ]
 [ 4.64223862  4.10963154  4.29276514  4.1855402   3.57900786  3.64494777
   4.50963163  3.93763757  4.67051077  3.35678649  4.01105738  3.71168423
   2.86347604  3.71175456  4.04954386  4.38347387  0.        ]
 [ 4.24978304  4.91732311  4.28403902  4.00864172  3.2749548   5.34318542
   5.30715036  5.71460199  4.43310785  3.30011201  4.14921761  3.85229874
   3.86890292  4.22876549  5.6085639   3.96890378  0.        ]
 [ 4.97524548  4.26916313  4.06924009  4.29396248  3.22577071  4.28753805
   4.83256292  4.84669733  4.51589632  3.68453765  4.99299812  4.36638451
   3.5435307   4.13579512  4.67929029  4.65549755  0.        ]
 [ 3.781358    4.136971    3.87622356  3.35456443  2.79655409  4.36771011
   4.21525812  4.3462677   3.15413976  2.76862597  3.58090568  3.73471069
   3.07828665  3.38442564  4.29373598  2.91539431  0.        ]
 [ 4.11429644  4.27205849  3.63644695  3.91303706  2.75839472  4.55764437
   4.80119801  4.18580437  3.70070577  2.61912775  3.21690679  2.79869986
   2.91760445  3.058815    4.63267088  3.47026682  0.        ]
 [ 4.35212088  4.05876446  3.84169674  3.96887445  2.99580336  5.016541
   4.5645237   4.91467333  4.38115597  2.88009381  3.54922771  3.06071568
   3.60447812  3.39657283  4.98389196  3.28915167  0.        ]
 [ 4.23528528  4.43923521  3.61327577  4.28968906  2.71494818  4.48552418
   5.01335096  4.14940643  3.5930202   2.6762166   3.82387662  3.2875576
   2.98973632  3.33947182  4.42087555  3.92160416  0.        ]
 [ 5.79767227  5.69061804  5.09092426  5.2438736   4.01457357  5.43170357
   5.81112814  5.58121586  5.14728355  3.9621892   5.12937832  4.91065979
   4.02118015  4.74022484  5.53023148  5.09951973  0.        ]
 [ 4.30305195  3.64006495  4.37546301  3.97675347  3.44792557  3.6147933
   4.1120472   4.18444395  4.68577099  3.71279931  3.55965519  3.4651792
   3.1783669   3.37189913  4.02943945  4.10873938  0.        ]
 [ 4.75983095  4.45977259  4.66752481  4.4130621   3.62573171  4.66602135
   5.49227619  5.10420513  4.61626244  3.40506983  4.2102108   3.52272153
   3.23018456  3.74099612  4.84143734  3.81544447  0.        ]
 [ 4.40806961  4.6748786   4.39358997  4.28693056  3.07010508  4.5779686
   4.47216463  4.88386488  4.50012207  3.22697973  4.17214394  3.58495069
   3.88780642  3.11703753  5.18454313  3.7282691   0.        ]
 [ 4.95208359  4.57613564  4.39449883  4.18126774  3.37676072  4.41400862
   4.99447012  4.90232515  3.98144436  3.49792337  4.17355967  4.06319714
   2.87353706  3.89271712  4.29816389  3.94181776  0.        ]
 [ 4.7640028   4.68776178  4.23752069  4.64852476  3.54641128  5.34038353
   4.99691629  5.02652025  5.19415045  3.28288841  4.51502323  3.67352748
   4.394629    4.01539373  5.59260368  4.71618986  0.        ]
 [ 2.47582555  2.14933419  1.9555099   1.86047339  1.49737287  2.41491723
   2.42731094  2.96464324  2.39543414  1.93243432  2.44407773  2.29107332
   1.91348886  2.33672476  2.59911013  2.26050973  0.        ]]
Expected:
 [[ 4.14948893  4.33641815  4.15323496  4.33184004  3.47400212  4.71497059
   4.70223665  5.10676241  4.40201283  3.07912803  4.2854743   3.5319531
   3.87925267  3.3939755   5.0382967   3.75102711  4.29536295]
 [ 5.90081453  4.97711515  4.78484058  4.94926214  4.27372885  5.4385705
   6.02582645  5.55029869  5.42771864  3.74360585  4.66027212  4.52063274
   3.95478702  4.73015356  5.75940704  4.73806715  4.24769115]
 [ 5.03814077  4.11548281  4.31402254  4.68305206  4.11426973  3.73984265
   4.6342597   4.10885715  5.05131388  3.35876584  4.13354349  4.22979784
   3.05042863  4.0859704   4.11533403  4.58721209  3.76638484]
 [ 4.25458956  4.91739416  4.28429699  4.01468182  3.28145313  5.34433746
   5.30866337  5.71668053  4.43773079  3.30013609  4.15070486  3.85858893
   3.87117267  4.23330879  5.6093626   3.97137737  4.46387005]
 [ 5.07800627  4.27068186  4.07475758  4.42309713  3.36470389  4.31216908
   4.86491156  4.89113951  4.61473799  3.68505144  5.02479076  4.50086689
   3.59205627  4.23292685  4.69636679  4.70838022  3.91450119]
 [ 3.79698777  4.13720179  3.8770628   3.37420583  2.8176856   4.37145662
   4.22017813  4.35302734  3.16917348  2.76870418  3.58574128  3.75516534
   3.08566737  3.39919925  4.29633331  2.9234376   3.24028945]
 [ 4.14618778  4.2725296   3.63815928  3.95311332  2.80151176  4.56528854
   4.81123734  4.19959688  3.7313807   2.61928725  3.2267735   2.84043574
   2.93266416  3.08895946  4.63797045  3.4866786   3.38840723]
 [ 4.40230513  4.05950594  3.84439135  4.03193855  3.06365252  5.0285697
   4.58032131  4.93637705  4.42942619  2.88034463  3.56475401  3.12639117
   3.62817597  3.44400811  4.99223137  3.31497741  3.64383554]
 [ 4.4730649   4.4427495   3.62604308  4.58849573  3.0364275   4.54251814
   5.08820295  4.25224113  3.82173109  2.67740536  3.89744186  3.59873772
   3.1020205   3.56422663  4.46038914  4.04396963  3.74093986]
 [ 6.01120472  5.69377375  5.10238981  5.51220942  4.30327034  5.48288584
   5.87834692  5.67356443  5.35267162  3.96325684  5.19544172  5.19010735
   4.12201405  4.94206047  5.56571579  5.20940733  4.85426521]
 [ 4.77376842  3.64702177  4.40073776  4.56828117  4.08433676  3.7276206
   4.26022625  4.38801908  5.13853455  3.71515274  3.70528746  4.08120155
   3.40064812  3.81683111  4.1076622   4.35097837  3.77564597]
 [ 5.20072794  4.46628857  4.69119835  4.96711683  4.22182655  4.77170086
   5.63106823  5.2948842   5.04034376  3.40727401  4.34661722  4.09971905
   3.43838453  4.15774202  4.9147048   4.04233789  4.65813017]
 [ 4.57352257  4.67732382  4.40247393  4.49484777  3.29379869  4.61762667
   4.5242486   4.95542002  4.65926504  3.22780681  4.22333241  3.80147767
   3.96593666  3.27342772  5.21203756  3.8134141   3.92809486]
 [ 5.54593182  4.5849123   4.42638493  4.92752934  4.17964649  4.55634975
   5.18141079  5.15915251  4.55264378  3.5008924   4.35728693  4.84036064
   3.15396357  4.45403576  4.3968482   4.24742222  4.94656801]
 [ 5.22962809  4.6946435   4.26252222  5.23365402  4.17593908  5.4519906
   5.1434927   5.22789383  5.64201689  3.28521633  4.65908051  4.28288698
   4.61450624  4.455513    5.66998005  4.95580864  4.1746788 ]
 [ 2.90314221  2.15564966  1.97845423  2.39746261  2.07510734  2.51734185
   2.56182814  3.14944911  2.80645347  1.93457067  2.57628274  2.85029888
   2.1152761   2.7406342   2.67012072  2.48041439  2.73892117]]

FAILED! Dimensions:  (17, 16, 16)  Method:  CudaSharedMemoryGeneral
Result:
 [[ 3.68752861  3.09908319  4.8038044   3.95146251  5.52592754  4.34923363
   4.31356621  3.8138454   3.83040547  3.98653555  4.69928217  2.74442101
   5.92148352  3.68487573  4.59820318  4.52447367]
 [ 3.11947751  3.38585925  4.16661406  3.78773427  4.02332973  3.27999496
   3.98152041  3.58075476  4.50050879  3.8861084   4.27973366  3.8275094
   4.94366693  4.29752684  3.57059526  4.69602919]
 [ 2.81793261  2.99240613  4.07095194  3.47012305  4.62089252  4.62504005
   4.07296085  3.45730877  3.63678741  3.48589396  4.12503576  3.10343742
   4.83976126  2.97354221  3.89552593  4.13320303]
 [ 2.95108628  3.01676989  3.98982882  3.30855465  4.30546236  3.87988186
   3.83541155  3.15014291  3.76361871  4.03227806  4.04399252  2.89540625
   4.84996653  2.94090676  3.47624207  4.05219412]
 [ 3.85318017  4.08622789  4.45864058  4.46874809  5.06580496  4.55940294
   5.36682558  4.02181482  4.08251333  4.69255447  5.10131598  4.14501381
   6.08137608  4.14294195  4.5071311   4.81762362]
 [ 3.84146476  3.55796099  5.26275587  4.3624053   5.53042507  3.99833894
   4.89407349  3.69729781  4.06989717  3.68354845  4.18095207  3.74598074
   5.59761953  4.32042313  5.08185148  4.30939102]
 [ 2.54201913  2.47610545  3.9910183   3.44986916  4.24416399  3.2752912
   3.16017699  3.47064567  4.17302036  3.62851763  4.07355309  3.22849059
   4.72579718  3.2552619   3.12570286  3.94485736]
 [ 3.11534166  3.48966146  4.19873381  4.26830721  4.22395086  3.97983146
   3.42938757  3.64769483  4.16827965  3.79269886  4.20461226  3.32997179
   4.51809883  3.29899597  3.00771356  3.87283993]
 [ 3.8073523   4.29543352  4.79962444  4.63283443  5.71570301  4.89648056
   4.70063829  4.09100294  4.27268219  3.80649066  3.98007369  4.01379347
   5.51971245  3.20473719  4.49672985  4.08878708]
 [ 3.40685344  3.5753119   3.91211033  3.89353442  5.02221584  3.9076035
   3.89387321  3.40095305  3.60330582  3.52392817  3.77887225  3.60431552
   5.11463785  2.77619791  3.67842174  4.21840572]
 [ 3.26096582  4.51767015  3.61304855  3.85359502  4.47954512  4.0186305
   4.66389465  3.21552277  3.70126724  4.08577585  4.37051821  3.94870901
   5.24282694  3.45249557  3.80763483  4.80958223]
 [ 3.3294847   3.61011505  4.04581881  3.88271499  5.27900982  4.38789892
   4.78009701  3.83547592  3.93118095  4.00324059  4.17344332  3.70994043
   5.98131418  3.3216002   4.35242176  4.49989414]
 [ 4.03859377  4.77473927  5.86388397  5.15918493  6.58316994  5.33626223
   5.59668541  4.93736792  5.0286212   5.67484093  6.24055672  4.46587372
   7.37418222  4.3518343   5.22316265  5.92247438]
 [ 3.29276252  3.83845377  3.90561366  3.98573685  4.82118607  4.4167304
   4.56780863  3.48279357  3.85276508  3.87188816  4.41250086  3.47437286
   5.24916601  3.06903338  3.70181608  4.30071545]
 [ 3.78484082  4.82871962  4.79305506  4.79116821  5.72903919  4.67952967
   5.39950705  3.67592239  4.30491972  4.49653864  4.62112808  3.80441594
   6.28176498  4.22622204  4.53531885  5.16991186]
 [ 4.41370058  4.51740742  4.99117994  4.88214922  6.40168238  4.54489374
   4.89763165  4.29793358  4.4785881   4.73192072  5.00327921  4.01997662
   6.55910063  3.72295213  4.79785538  4.736485  ]
 [ 0.          0.          0.          0.          0.          0.          0.
   0.          0.          0.          0.          0.          0.          0.
   0.          0.        ]]
Expected:
 [[ 3.68752861  3.09908319  4.8038044   3.95146251  5.52592754  4.34923363
   4.31356621  3.8138454   3.83040547  3.98653555  4.69928217  2.74442101
   5.92148352  3.68487573  4.59820318  4.52447367]
 [ 3.11947751  3.38585925  4.16661406  3.78773427  4.02332973  3.27999496
   3.98152041  3.58075476  4.50050879  3.8861084   4.27973366  3.8275094
   4.94366693  4.29752684  3.57059526  4.69602919]
 [ 2.81793261  2.99240613  4.07095194  3.47012305  4.62089252  4.62504005
   4.07296085  3.45730877  3.63678741  3.48589396  4.12503576  3.10343742
   4.83976126  2.97354221  3.89552593  4.13320303]
 [ 2.95108628  3.01676989  3.98982882  3.30855465  4.30546236  3.87988186
   3.83541155  3.15014291  3.76361871  4.03227806  4.04399252  2.89540625
   4.84996653  2.94090676  3.47624207  4.05219412]
 [ 3.85318017  4.08622789  4.45864058  4.46874809  5.06580496  4.55940294
   5.36682558  4.02181482  4.08251333  4.69255447  5.10131598  4.14501381
   6.08137608  4.14294195  4.5071311   4.81762362]
 [ 3.84146476  3.55796099  5.26275587  4.3624053   5.53042507  3.99833894
   4.89407349  3.69729781  4.06989717  3.68354845  4.18095207  3.74598074
   5.59761953  4.32042313  5.08185148  4.30939102]
 [ 2.54201913  2.47610545  3.9910183   3.44986916  4.24416399  3.2752912
   3.16017699  3.47064567  4.17302036  3.62851763  4.07355309  3.22849059
   4.72579718  3.2552619   3.12570286  3.94485736]
 [ 3.11534166  3.48966146  4.19873381  4.26830721  4.22395086  3.97983146
   3.42938757  3.64769483  4.16827965  3.79269886  4.20461226  3.32997179
   4.51809883  3.29899597  3.00771356  3.87283993]
 [ 3.8073523   4.29543352  4.79962444  4.63283443  5.71570301  4.89648056
   4.70063829  4.09100294  4.27268219  3.80649066  3.98007369  4.01379347
   5.51971245  3.20473719  4.49672985  4.08878708]
 [ 3.40685344  3.5753119   3.91211033  3.89353442  5.02221584  3.9076035
   3.89387321  3.40095305  3.60330582  3.52392817  3.77887225  3.60431552
   5.11463785  2.77619791  3.67842174  4.21840572]
 [ 3.26096582  4.51767015  3.61304855  3.85359502  4.47954512  4.0186305
   4.66389465  3.21552277  3.70126724  4.08577585  4.37051821  3.94870901
   5.24282694  3.45249557  3.80763483  4.80958223]
 [ 3.3294847   3.61011505  4.04581881  3.88271499  5.27900982  4.38789892
   4.78009701  3.83547592  3.93118095  4.00324059  4.17344332  3.70994043
   5.98131418  3.3216002   4.35242176  4.49989414]
 [ 4.03859377  4.77473927  5.86388397  5.15918493  6.58316994  5.33626223
   5.59668541  4.93736792  5.0286212   5.67484093  6.24055672  4.46587372
   7.37418222  4.3518343   5.22316265  5.92247438]
 [ 3.29276252  3.83845377  3.90561366  3.98573685  4.82118607  4.4167304
   4.56780863  3.48279357  3.85276508  3.87188816  4.41250086  3.47437286
   5.24916601  3.06903338  3.70181608  4.30071545]
 [ 3.78484082  4.82871962  4.79305506  4.79116821  5.72903919  4.67952967
   5.39950705  3.67592239  4.30491972  4.49653864  4.62112808  3.80441594
   6.28176498  4.22622204  4.53531885  5.16991186]
 [ 4.41370058  4.51740742  4.99117994  4.88214922  6.40168238  4.54489374
   4.89763165  4.29793358  4.4785881   4.73192072  5.00327921  4.01997662
   6.55910063  3.72295213  4.79785538  4.736485  ]
 [ 3.00397444  3.3891089   4.2322402   4.20054817  5.04385042  3.99705458
   4.7649188   3.3978579   4.18824005  4.15932941  4.60924053  3.9334197
   5.54053116  4.18898153  4.0705018   4.34635639]]

FAILED! Dimensions:  (17, 16, 17)  Method:  CudaSharedMemoryGeneral
Result:
 [[ 2.79528427  4.49908447  5.13160229  4.32618761  5.05365133  4.05360985
   4.84569263  4.43359041  3.7711854   4.32985592  4.83136702  3.51217532
   2.54240656  4.15782833  4.64051247  3.92301226]
 [ 4.28600788  5.29242229  6.82439947  5.07731056  6.48071051  6.52309608
   6.45346308  5.6637826   5.82430553  5.74774504  6.32301807  3.99919033
   3.93249536  6.13342428  5.62040615  4.26696348]
 [ 2.61519051  3.99203515  4.08633566  3.59806561  4.18028021  3.8267405
   3.98316503  3.22741342  2.91259718  3.50424671  3.70666265  2.66880774
   2.56788278  4.04676151  3.97167206  2.80563831]
 [ 2.76442981  3.50913668  5.10386276  4.17785549  4.67720175  4.79061794
   5.01367474  4.88613701  4.54732132  4.42225313  4.58926582  2.76856089
   3.03608227  4.9282918   3.77237296  4.12170315]
 [ 3.11272073  4.61903048  5.75047493  4.54047012  5.42178774  5.03290462
   5.71824598  5.12940073  5.25270081  4.75810862  5.69416046  3.37522721
   3.17566681  5.01434374  4.88797998  4.10854578]
 [ 2.92155981  4.43225622  4.75742102  3.60035086  4.42460394  4.30843782
   4.54483223  4.26795149  4.70995522  3.73105955  5.49939537  3.54942775
   2.70177317  3.97713804  4.49760199  3.35683703]
 [ 3.1039865   5.43526554  6.07818556  5.10760975  5.46418953  4.73396492
   6.76554537  4.55992413  5.27145624  5.05979776  5.16950321  3.72793627
   3.36256289  5.69526529  4.30801392  5.19495821]
 [ 3.09288645  3.95577312  5.68759727  5.22566605  6.01330042  5.50134134
   5.83624458  5.66041899  5.41856241  4.72208214  5.85773468  3.93763924
   3.26315117  5.79442167  4.24733067  4.21944809]
 [ 2.87520075  4.01287842  5.17700958  4.36153221  4.96666908  5.17982101
   4.83648396  4.60258055  4.25540161  4.38670874  4.73495436  2.88355088
   2.85544205  4.72447252  4.39948368  3.04758406]
 [ 2.31234598  4.58189678  5.90542698  5.63286638  5.17805862  5.05204391
   5.91335726  5.35468245  5.09305668  4.96819687  4.95040035  3.83883142
   2.75928998  4.95814466  3.83730173  4.85956526]
 [ 2.83241391  3.9656527   5.36984491  4.15246534  4.26601505  4.42930222
   4.78056288  4.63960791  4.74883795  4.15140772  4.59360743  3.22568274
   2.22259569  3.93678951  3.23857212  3.75484896]
 [ 3.63124895  4.8113203   6.20841646  5.02552843  5.83036804  5.41691732
   5.39748144  4.85107803  4.36825657  5.04421043  5.04808807  3.80111861
   3.03477859  5.35507011  4.56861019  4.58128023]
 [ 3.29723716  5.15764093  6.63769817  5.56956577  6.0811367   5.34429693
   6.84818602  5.13261318  5.7170763   5.18749189  5.84611511  3.51223254
   3.10110092  6.18020535  4.71878195  4.72750425]
 [ 3.13176394  4.00943279  5.35017443  3.87110424  5.6628046   5.03051376
   5.79743767  4.28078747  5.41960812  4.11286974  5.34219408  3.28158379
   2.98914456  5.81871223  4.83320284  3.86172009]
 [ 3.01562095  3.8807857   4.94898367  3.69610167  4.64690161  3.62647796
   4.65353489  3.96065521  3.96147084  4.25737715  4.21370602  2.70645022
   2.72749758  3.9394083   3.83671665  3.50020337]
 [ 3.47443032  3.84454894  5.369699    4.50531244  5.8258996   4.6762619
   4.81551123  4.80147266  4.27545929  4.48087215  4.88680553  3.09925771
   3.13586259  5.10451889  4.48072577  4.03234768]
 [ 0.          0.          0.          0.          0.          0.          0.
   0.          0.          0.          0.          0.          0.          0.
   0.          0.        ]]
Expected:
 [[ 2.79528427  4.49908447  5.13160229  4.32618761  5.05365133  4.05360985
   4.84569263  4.43359041  3.7711854   4.32985592  4.83136702  3.51217532
   2.54240656  4.15782833  4.64051247  3.92301226]
 [ 4.28600788  5.29242229  6.82439947  5.07731056  6.48071051  6.52309608
   6.45346308  5.6637826   5.82430553  5.74774504  6.32301807  3.99919033
   3.93249536  6.13342428  5.62040615  4.26696348]
 [ 2.61519051  3.99203515  4.08633566  3.59806561  4.18028021  3.8267405
   3.98316503  3.22741342  2.91259718  3.50424671  3.70666265  2.66880774
   2.56788278  4.04676151  3.97167206  2.80563831]
 [ 2.76442981  3.50913668  5.10386276  4.17785549  4.67720175  4.79061794
   5.01367474  4.88613701  4.54732132  4.42225313  4.58926582  2.76856089
   3.03608227  4.9282918   3.77237296  4.12170315]
 [ 3.11272073  4.61903048  5.75047493  4.54047012  5.42178774  5.03290462
   5.71824598  5.12940073  5.25270081  4.75810862  5.69416046  3.37522721
   3.17566681  5.01434374  4.88797998  4.10854578]
 [ 2.92155981  4.43225622  4.75742102  3.60035086  4.42460394  4.30843782
   4.54483223  4.26795149  4.70995522  3.73105955  5.49939537  3.54942775
   2.70177317  3.97713804  4.49760199  3.35683703]
 [ 3.1039865   5.43526554  6.07818556  5.10760975  5.46418953  4.73396492
   6.76554537  4.55992413  5.27145624  5.05979776  5.16950321  3.72793627
   3.36256289  5.69526529  4.30801392  5.19495821]
 [ 3.09288645  3.95577312  5.68759727  5.22566605  6.01330042  5.50134134
   5.83624458  5.66041899  5.41856241  4.72208214  5.85773468  3.93763924
   3.26315117  5.79442167  4.24733067  4.21944809]
 [ 2.87520075  4.01287842  5.17700958  4.36153221  4.96666908  5.17982101
   4.83648396  4.60258055  4.25540161  4.38670874  4.73495436  2.88355088
   2.85544205  4.72447252  4.39948368  3.04758406]
 [ 2.31234598  4.58189678  5.90542698  5.63286638  5.17805862  5.05204391
   5.91335726  5.35468245  5.09305668  4.96819687  4.95040035  3.83883142
   2.75928998  4.95814466  3.83730173  4.85956526]
 [ 2.83241391  3.9656527   5.36984491  4.15246534  4.26601505  4.42930222
   4.78056288  4.63960791  4.74883795  4.15140772  4.59360743  3.22568274
   2.22259569  3.93678951  3.23857212  3.75484896]
 [ 3.63124895  4.8113203   6.20841646  5.02552843  5.83036804  5.41691732
   5.39748144  4.85107803  4.36825657  5.04421043  5.04808807  3.80111861
   3.03477859  5.35507011  4.56861019  4.58128023]
 [ 3.29723716  5.15764093  6.63769817  5.56956577  6.0811367   5.34429693
   6.84818602  5.13261318  5.7170763   5.18749189  5.84611511  3.51223254
   3.10110092  6.18020535  4.71878195  4.72750425]
 [ 3.13176394  4.00943279  5.35017443  3.87110424  5.6628046   5.03051376
   5.79743767  4.28078747  5.41960812  4.11286974  5.34219408  3.28158379
   2.98914456  5.81871223  4.83320284  3.86172009]
 [ 3.01562095  3.8807857   4.94898367  3.69610167  4.64690161  3.62647796
   4.65353489  3.96065521  3.96147084  4.25737715  4.21370602  2.70645022
   2.72749758  3.9394083   3.83671665  3.50020337]
 [ 3.47443032  3.84454894  5.369699    4.50531244  5.8258996   4.6762619
   4.81551123  4.80147266  4.27545929  4.48087215  4.88680553  3.09925771
   3.13586259  5.10451889  4.48072577  4.03234768]
 [ 3.99738884  4.47849798  5.56125641  3.94927645  5.54322815  5.01473331
   4.54328299  4.64250898  4.74674177  4.16435432  5.77408743  3.95225716
   2.66904068  4.78152466  4.56833744  3.64900279]]

Method: CudaGlobalMemory          , dims: (16, 16, 16)        , pass(1)/fail(0): 1,	 time (s): 0.0019373893737792969
Method: CudaSharedMemoryGeneral   , dims: (16, 16, 16)        , pass(1)/fail(0): 1,	 time (s): 0.0018835067749023438

Method: CudaGlobalMemory          , dims: (16, 16, 17)        , pass(1)/fail(0): 1,	 time (s): 0.002099752426147461
Method: CudaSharedMemoryGeneral   , dims: (16, 16, 17)        , pass(1)/fail(0): 0,	 time (s): 0.0018627643585205078

Method: CudaGlobalMemory          , dims: (16, 17, 16)        , pass(1)/fail(0): 1,	 time (s): 0.0018901824951171875
Method: CudaSharedMemoryGeneral   , dims: (16, 17, 16)        , pass(1)/fail(0): 0,	 time (s): 0.002122640609741211

Method: CudaGlobalMemory          , dims: (16, 17, 17)        , pass(1)/fail(0): 1,	 time (s): 0.002178668975830078
Method: CudaSharedMemoryGeneral   , dims: (16, 17, 17)        , pass(1)/fail(0): 0,	 time (s): 0.0018489360809326172

Method: CudaGlobalMemory          , dims: (17, 16, 16)        , pass(1)/fail(0): 1,	 time (s): 0.0018894672393798828
Method: CudaSharedMemoryGeneral   , dims: (17, 16, 16)        , pass(1)/fail(0): 0,	 time (s): 0.001928567886352539

Method: CudaGlobalMemory          , dims: (17, 16, 17)        , pass(1)/fail(0): 1,	 time (s): 0.0019004344940185547
Method: CudaSharedMemoryGeneral   , dims: (17, 16, 17)        , pass(1)/fail(0): 0,	 time (s): 0.0018625259399414062

Method: CudaGlobalMemory          , dims: (17, 17, 16)        , pass(1)/fail(0): 1,	 time (s): 0.0018880367279052734
Method: CudaSharedMemoryGeneral   , dims: (17, 17, 16)        , pass(1)/fail(0): 1,	 time (s): 0.001936197280883789

Method: CudaGlobalMemory          , dims: (17, 17, 17)        , pass(1)/fail(0): 1,	 time (s): 0.001855611801147461
Method: CudaSharedMemoryGeneral   , dims: (17, 17, 17)        , pass(1)/fail(0): 1,	 time (s): 0.001847982406616211

FAILED! Dimensions:  (16, 16, 17)  Method:  CudaSharedMemoryGeneral
Result:
 [[ 2.25804591  3.5025537   4.1862216   3.23895407  3.80190182  3.18301892
   3.55177832  3.12492442  3.72088099  3.82852459  3.84020305  3.44872999
   4.15875673  3.0578227   3.94702411  4.58888674]
 [ 2.47843623  3.1063683   3.77904749  2.81437731  3.41237807  2.8047359
   2.88556838  2.4178102   4.0330801   3.25666165  3.40755987  3.41974378
   3.64229155  2.55088949  3.72887063  4.30306625]
 [ 3.21340418  3.79102421  3.95183563  4.01105595  4.01174021  4.46250677
   4.75590897  4.0707078   5.14342022  4.30327272  4.91254711  3.74306393
   5.06836367  3.37913752  4.41486263  5.44236851]
 [ 2.69340801  4.43910265  4.58087635  4.06252432  3.960531    3.72490954
   3.55788183  3.85118818  5.16018915  4.87476826  4.54361629  4.38237
   4.38468933  4.04426575  4.58066511  5.83525848]
 [ 2.44960332  3.45459676  3.86574006  4.08261728  4.01093912  4.39019346
   3.73359346  3.92622209  4.54350662  5.10299397  4.0090127   3.778615
   4.27623081  3.75271797  4.44873857  5.40566397]
 [ 2.84686756  3.43264198  3.73241067  3.53069973  3.547894    3.68705869
   3.72182727  3.70454192  4.50139713  4.19508791  4.01628542  3.5252533
   3.99567342  3.46322989  4.06475449  4.6403451 ]
 [ 3.26141429  3.75202823  3.98264003  4.16381454  3.83363032  3.84854937
   3.5039196   3.81753683  4.14275217  4.87551069  3.8196795   3.81546092
   4.27186871  3.71068406  4.03840303  5.46417999]
 [ 2.76158953  4.17741966  4.38707685  4.39318609  4.29766846  4.15268326
   4.24652481  3.95965528  4.72447252  5.10177946  4.34158325  3.81623316
   4.33432531  3.66299224  4.36576033  5.91313982]
 [ 2.74163795  3.58172894  4.27260971  3.92895961  4.33698797  4.01781464
   3.99332023  3.69857574  4.05727768  4.8327899   4.19090891  3.4123044
   4.12910175  3.51674724  3.79196072  4.962533  ]
 [ 2.60817981  3.59766793  3.71600199  3.89253712  3.81412625  3.57974315
   2.75123501  3.64222431  3.8655622   3.70818472  4.01417017  3.55903482
   4.46973038  3.5758419   3.59917498  5.03951931]
 [ 2.75789976  3.93852448  3.74116397  4.23489237  4.41969728  4.21184444
   3.5283525   4.12687492  4.76029158  5.11143351  3.75838709  4.25211668
   4.04850054  3.63837194  4.26694298  5.55057907]
 [ 2.40451598  2.85821009  3.34266376  3.26129961  2.97394776  3.71032953
   3.48571682  3.19816208  4.15395403  4.71461201  3.6238246   3.02096963
   3.43056655  3.38311529  4.11143112  4.44866037]
 [ 3.67753863  4.35777903  4.42900133  4.69358778  4.16174984  4.90233421
   4.54625988  4.63712454  5.48838758  4.7013483   5.16953659  4.3408637
   5.47879791  3.8877306   4.894135    6.520751  ]
 [ 2.21489549  3.76790547  3.72255945  3.57605648  4.13031387  3.72605395
   3.4137435   3.72262573  4.0871911   4.59202862  3.52256942  3.62239218
   3.64112496  3.24777317  3.63360834  4.49595261]
 [ 2.89669561  3.71051073  4.15844154  3.65635562  3.58154273  3.94891644
   3.88510585  3.99892497  4.43090963  4.88836861  4.38742542  3.77429318
   4.08367825  3.69895244  4.59957457  5.47221041]
 [ 2.68808961  4.34062576  4.37158108  3.84719014  4.59023476  4.33288527
   4.16323519  3.9597826   4.92078876  4.31945658  4.75882626  4.11554146
   4.08609486  3.25945783  4.51581192  5.55941296]]
Expected:
 [[ 2.4112916   3.65035415  4.22165298  3.32216978  3.95849371  3.28370428
   3.71733093  3.13163257  3.85108304  3.88617015  4.01097012  3.60455155
   4.31433296  3.16010618  3.99486351  4.76645279]
 [ 2.78405571  3.40112829  3.8497088   2.98033524  3.72467113  3.00553346
   3.21573138  2.43118834  4.29274321  3.37162495  3.74812245  3.73050022
   3.95255876  2.75487423  3.82427716  4.65718842]
 [ 3.92882442  4.48102331  4.11724567  4.39954472  4.74278259  4.93255091
   5.52878332  4.10202456  5.75126219  4.57238865  5.70976543  4.47050953
   5.79466343  3.85664272  4.63819885  6.27132797]
 [ 3.46992874  5.18803167  4.76041317  4.48419189  4.75400829  4.23509789
   4.3967638   3.88517976  5.8199439   5.16686821  5.40892124  5.17194319
   5.17301893  4.56255245  4.82307529  6.73501539]
 [ 3.15244627  4.13246584  4.02824211  4.46427631  4.72912979  4.85197449
   4.49288034  3.95698833  5.14066267  5.36737871  4.79221582  4.49327183
   4.98976231  4.22182894  4.66814852  6.22005033]
 [ 3.14293337  3.71818781  3.80086303  3.69146991  3.85042477  3.8815794
   4.04166937  3.71750188  4.75294352  4.30645752  4.34620237  3.82629561
   4.29624176  3.66083837  4.15717888  4.98339748]
 [ 3.95094132  4.41705465  4.14206314  4.53824282  4.53821421  4.30158138
   4.24882126  3.84772038  4.7285943   5.13488626  4.58804417  4.5165782
   4.97188187  4.17090702  4.25365591  6.26313734]
 [ 3.40287733  4.79592085  4.53534698  4.74141932  4.95295954  4.57402134
   4.93931341  3.98772717  5.26932907  5.34300947  5.05619335  4.46829987
   4.98536539  4.0910182   4.56595421  6.65620184]
 [ 3.03387475  3.86358166  4.34017658  4.0876503   4.63560629  4.20981979
   4.30902576  3.71136808  4.3055706   4.94271898  4.51655865  3.70945334
   4.42578268  3.71179986  3.88318968  5.30114841]
 [ 3.04382658  4.01783514  3.81672645  4.12910271  4.25928593  3.86597109
   3.2218678   3.66129446  4.23570013  3.87205958  4.49962664  4.00200415
   4.91200209  3.86661315  3.73517275  5.54430437]
 [ 2.96150851  4.13489866  3.78823972  4.34545612  4.62775183  4.3456192
   3.74831271  4.13578749  4.93328333  5.18802404  3.98527551  4.45914793
   4.25520563  3.77427006  4.33050442  5.78650093]
 [ 3.22952366  3.65390277  3.53341103  3.70929646  3.81697035  4.25237465
   4.37697935  3.23427606  4.85490465  5.02495098  4.54315996  3.85984445
   4.26812029  3.93376446  4.36897755  5.40459919]
 [ 4.23171139  4.89226055  4.55712986  4.99451542  4.72802353  5.2664361
   5.14493704  4.66138315  5.95922899  4.90980864  5.78707123  4.90435123
   6.04139805  4.25761175  5.06713343  7.16287279]
 [ 2.79509854  4.32749224  3.85670638  3.89111924  4.72318649  4.10725832
   4.04054165  3.74802351  4.5801487   4.8102808   4.1691103   4.21234751
   4.23015165  3.63502812  3.81473303  5.16823578]
 [ 2.91497016  3.72813606  4.1626668   3.66627908  3.60021639  3.96092319
   3.9048481   3.99972486  4.44643641  4.89524269  4.40778923  3.79287505
   4.10223055  3.71114969  4.60527945  5.49338531]
 [ 3.00978351  4.65088892  4.44595909  4.02187681  4.91895342  4.54424429
   4.51076365  3.97386456  5.19410944  4.4404664   5.11730146  4.44264269
   4.4126811   3.47417164  4.61623669  5.93216085]]

FAILED! Dimensions:  (16, 17, 16)  Method:  CudaSharedMemoryGeneral
Result:
 [[ 4.44350958  4.51717806  2.95679808  4.38173866  3.49822164  3.09306645
   3.46273088  4.28809929  4.62059021  3.8236196   2.926579    4.29882669
   2.85917783  4.23913336  3.26097059  4.6704669   0.        ]
 [ 4.35723495  3.65477633  2.83708644  3.62351704  3.10626626  3.0283637
   3.5727191   3.89978886  3.87745333  3.47199249  2.93942857  3.4517169
   2.67811966  3.41921639  3.345222    4.21209192  0.        ]
 [ 5.62171888  4.38601589  4.8080368   5.54682875  5.7133193   4.15275764
   4.30661726  4.22697639  5.0121336   4.18340254  4.10607767  3.97610402
   3.79394054  3.87280655  3.78653073  6.20266008  0.        ]
 [ 5.87806416  4.87277317  4.05319405  4.5278492   4.07645607  3.83470225
   4.0175333   4.81870556  4.48289824  4.59467554  3.86840153  3.98982882
   3.2917788   3.97296166  4.61338758  5.09596395  0.        ]
 [ 4.37483788  3.97881794  3.56243587  4.6916604   4.59425259  3.71030283
   4.41830349  3.56339455  4.76891994  4.29540825  3.14455247  3.68886685
   3.56718493  4.05979061  2.92525721  5.08925772  0.        ]
 [ 4.94850016  4.489676    3.50719953  4.82954693  4.8165307   3.68194294
   3.50400209  3.32372093  4.68574715  3.36236238  3.44334769  3.62943363
   3.2042098   3.89574456  3.13016343  4.81785822  0.        ]
 [ 3.04847789  2.57863069  2.68938303  3.52546525  3.06979942  2.09594798
   3.14852953  2.70977783  3.48669958  2.31471086  2.49756646  2.78659129
   2.21785736  3.02351642  2.29893947  3.48170233  0.        ]
 [ 5.20272541  4.65728951  3.70278668  5.15358925  4.41104317  3.69850945
   4.30268908  4.62959576  4.81674337  3.76308274  3.57420754  4.08924818
   3.75196171  4.66311121  3.8038857   5.48840189  0.        ]
 [ 4.25232029  3.72263265  3.22203898  4.0953927   3.57857442  3.4454689
   3.36961722  3.51875019  3.76968217  3.42223525  3.15048909  3.41036201
   2.86195803  3.60145307  3.38707519  3.89428878  0.        ]
 [ 5.00386953  3.85131574  2.76423144  4.7501626   4.37501097  3.32371688
   4.3034296   3.01309657  5.08133173  3.43227577  3.49502635  3.62473273
   3.53676891  3.97285938  3.5586617   4.45146799  0.        ]
 [ 3.15559816  2.91208577  1.88341951  3.09684253  2.68457127  2.40966606
   2.30817676  1.91484976  2.89112234  2.66478491  1.87326014  2.08377647
   2.1472609   2.53015733  2.03952074  2.52517629  0.        ]
 [ 4.71370792  4.15745115  2.84343696  3.98985696  3.8297236   3.3904953
   2.86570334  2.88571119  4.4191308   3.1394701   3.49783707  3.7936008
   2.56042624  3.56629276  3.47972918  3.68910623  0.        ]
 [ 4.91882038  3.91872072  4.37939405  4.65865946  4.58673239  3.55384946
   3.59741592  3.20910835  4.10840845  3.9067347   3.01267314  3.63437581
   2.67146206  3.35913372  3.13204336  5.15932703  0.        ]
 [ 5.93155003  4.61025906  4.93697119  5.48779535  5.67071819  4.45483017
   4.54194975  4.27738476  5.27655888  4.7669158   4.2263279   4.29592705
   4.04728651  4.16305256  3.89490533  5.87755775  0.        ]
 [ 4.9685235   4.0840826   3.12742472  4.31193495  4.61982441  3.60187411
   4.26760054  3.86825609  5.41055965  3.94304919  4.01491642  3.1340456
   3.43694234  3.8326304   3.60086155  4.6981492   0.        ]
 [ 3.91194344  3.33673239  2.75104785  3.24004674  3.40985823  2.75219536
   2.3064301   3.0605557   3.56993318  2.60966945  2.86380601  2.7201488
   2.32719231  2.85453868  2.64796877  3.7135601   0.        ]]
Expected:
 [[ 4.44350958  4.51717806  2.95679808  4.38173866  3.49822164  3.09306645
   3.46273088  4.28809929  4.62059021  3.8236196   2.926579    4.29882669
   2.85917783  4.23913336  3.26097059  4.6704669   3.79699278]
 [ 4.35723495  3.65477633  2.83708644  3.62351704  3.10626626  3.0283637
   3.5727191   3.89978886  3.87745333  3.47199249  2.93942857  3.4517169
   2.67811966  3.41921639  3.345222    4.21209192  2.99788094]
 [ 5.62171888  4.38601589  4.8080368   5.54682875  5.7133193   4.15275764
   4.30661726  4.22697639  5.0121336   4.18340254  4.10607767  3.97610402
   3.79394054  3.87280655  3.78653073  6.20266008  5.05684519]
 [ 5.87806416  4.87277317  4.05319405  4.5278492   4.07645607  3.83470225
   4.0175333   4.81870556  4.48289824  4.59467554  3.86840153  3.98982882
   3.2917788   3.97296166  4.61338758  5.09596395  4.14370584]
 [ 4.37483788  3.97881794  3.56243587  4.6916604   4.59425259  3.71030283
   4.41830349  3.56339455  4.76891994  4.29540825  3.14455247  3.68886685
   3.56718493  4.05979061  2.92525721  5.08925772  4.38212967]
 [ 4.94850016  4.489676    3.50719953  4.82954693  4.8165307   3.68194294
   3.50400209  3.32372093  4.68574715  3.36236238  3.44334769  3.62943363
   3.2042098   3.89574456  3.13016343  4.81785822  3.83067513]
 [ 3.04847789  2.57863069  2.68938303  3.52546525  3.06979942  2.09594798
   3.14852953  2.70977783  3.48669958  2.31471086  2.49756646  2.78659129
   2.21785736  3.02351642  2.29893947  3.48170233  3.43407083]
 [ 5.20272541  4.65728951  3.70278668  5.15358925  4.41104317  3.69850945
   4.30268908  4.62959576  4.81674337  3.76308274  3.57420754  4.08924818
   3.75196171  4.66311121  3.8038857   5.48840189  4.42298317]
 [ 4.25232029  3.72263265  3.22203898  4.0953927   3.57857442  3.4454689
   3.36961722  3.51875019  3.76968217  3.42223525  3.15048909  3.41036201
   2.86195803  3.60145307  3.38707519  3.89428878  3.70280218]
 [ 5.00386953  3.85131574  2.76423144  4.7501626   4.37501097  3.32371688
   4.3034296   3.01309657  5.08133173  3.43227577  3.49502635  3.62473273
   3.53676891  3.97285938  3.5586617   4.45146799  4.01345825]
 [ 3.15559816  2.91208577  1.88341951  3.09684253  2.68457127  2.40966606
   2.30817676  1.91484976  2.89112234  2.66478491  1.87326014  2.08377647
   2.1472609   2.53015733  2.03952074  2.52517629  2.94173717]
 [ 4.71370792  4.15745115  2.84343696  3.98985696  3.8297236   3.3904953
   2.86570334  2.88571119  4.4191308   3.1394701   3.49783707  3.7936008
   2.56042624  3.56629276  3.47972918  3.68910623  3.16554236]
 [ 4.91882038  3.91872072  4.37939405  4.65865946  4.58673239  3.55384946
   3.59741592  3.20910835  4.10840845  3.9067347   3.01267314  3.63437581
   2.67146206  3.35913372  3.13204336  5.15932703  4.30286789]
 [ 5.93155003  4.61025906  4.93697119  5.48779535  5.67071819  4.45483017
   4.54194975  4.27738476  5.27655888  4.7669158   4.2263279   4.29592705
   4.04728651  4.16305256  3.89490533  5.87755775  5.22962856]
 [ 4.9685235   4.0840826   3.12742472  4.31193495  4.61982441  3.60187411
   4.26760054  3.86825609  5.41055965  3.94304919  4.01491642  3.1340456
   3.43694234  3.8326304   3.60086155  4.6981492   4.37632465]
 [ 3.91194344  3.33673239  2.75104785  3.24004674  3.40985823  2.75219536
   2.3064301   3.0605557   3.56993318  2.60966945  2.86380601  2.7201488
   2.32719231  2.85453868  2.64796877  3.7135601   3.03152108]]

FAILED! Dimensions:  (16, 17, 17)  Method:  CudaSharedMemoryGeneral
Result:
 [[ 3.52176166  3.90800834  5.25142384  4.61800957  4.14131117  3.77576923
   4.94391012  3.77860498  4.88344765  5.65861654  5.51009941  5.24391556
   4.53359127  5.07168245  2.63743091  4.60846901  0.        ]
 [ 4.07372332  3.64119458  6.05183029  5.27927542  4.04779387  4.12704563
   4.55565643  4.02082539  6.02166748  5.93258142  5.43720388  5.7147398
   4.86291313  4.78171825  2.97579932  5.11256123  0.        ]
 [ 4.55118513  4.30796766  6.22036028  5.29891443  3.88106227  4.92117119
   5.6430521   5.04138184  6.1748085   5.88360548  5.66547966  6.16041756
   5.16804409  4.87616014  3.13820124  5.69230604  0.        ]
 [ 3.68333197  3.60056019  4.40730762  4.19810772  3.41942501  4.35699797
   4.39978933  4.13106346  4.83134556  4.34237576  5.1819663   5.28992748
   4.46844912  3.85083008  2.73443007  4.03523111  0.        ]
 [ 3.62135434  4.00814295  4.73357582  4.47743464  3.68932271  4.33241224
   4.73024368  3.9179821   5.07535267  4.64681816  5.95213795  5.33894444
   4.63783503  4.400424    3.18110418  4.98735523  0.        ]
 [ 3.11986041  2.7655232   4.39221573  3.4929111   2.74959683  2.92322946
   3.42833161  3.9559195   4.70556259  4.92575121  4.56145763  4.51310444
   3.75964379  3.93614364  2.22550654  4.05992889  0.        ]
 [ 3.46939063  4.271492    4.87585258  4.58096218  3.23052311  3.47390032
   4.25075436  3.05786037  4.54515934  4.28500366  5.23437309  4.58287764
   4.04397106  4.17034245  2.25329852  5.10292149  0.        ]
 [ 3.11534429  3.13283682  4.12150192  3.41818976  2.61722326  3.12283111
   3.70732665  3.79121947  4.56572485  4.40927029  4.42128658  4.48668289
   3.80923438  3.55508947  2.62873864  4.48517847  0.        ]
 [ 3.73894405  4.25316095  5.4758935   4.9275136   4.02140951  4.63256502
   5.53452301  4.03341103  5.33043146  5.09281111  6.04471397  5.38883257
   5.04375267  4.77463102  2.77158427  5.01139545  0.        ]
 [ 3.19997025  3.63430429  5.03999996  4.05370331  3.71198082  4.03498697
   4.52962351  4.32177544  4.72395897  4.85119629  5.43843269  5.07806921
   4.05014181  4.14071512  2.75719929  4.64482641  0.        ]
 [ 3.45746493  2.94320607  4.4500823   3.64377499  2.71083593  3.33622122
   3.43512988  3.42338538  4.81993198  4.30372047  4.53605509  4.7934823
   3.99110031  3.32249784  2.34150982  3.83094358  0.        ]
 [ 3.54295349  4.19127941  4.98451519  3.95898461  3.44778728  3.36264038
   4.34330893  4.16805935  5.2159009   4.92217112  5.08029461  5.161973
   4.10524988  4.73396969  2.50083852  5.03427505  0.        ]
 [ 4.34062624  4.58762169  6.60817766  5.76133823  3.77343321  4.47894764
   5.78985929  4.04701185  5.97611856  6.20796442  6.29936457  6.0383563
   5.27684402  4.90402555  2.94348145  5.8780117   0.        ]
 [ 3.6769557   2.99907494  4.97918081  3.98508883  3.16329908  3.82221031
   4.12247419  3.615206    4.92235184  4.75877666  4.55157185  5.00476789
   4.27058172  3.65847802  2.33834505  3.92598248  0.        ]
 [ 3.45165229  4.23062897  4.36318398  4.0405159   3.68474269  3.15206409
   3.94360948  3.18156385  4.50860596  4.10773945  4.95325518  4.60029459
   4.09161854  4.54058933  2.26209664  4.52397585  0.        ]
 [ 2.15572691  2.66739941  3.27830482  3.0177846   2.78458333  3.2370882
   4.03274393  3.38231325  3.59182286  3.46844387  3.86264062  3.77531052
   3.0454421   3.55453444  2.42173958  3.3457911   0.        ]]
Expected:
 [[ 3.94948864  4.44966364  5.40072489  4.74829006  4.58312607  3.84226847
   5.26504946  3.98533607  5.31640053  5.92604542  5.67108774  5.54104948
   4.57956266  5.44727898  2.88037539  4.72663641  4.28574276]
 [ 4.09414673  3.66705799  6.05895948  5.28549623  4.06889009  4.13022089
   4.57099056  4.03069639  6.04234076  5.94535065  5.44489098  5.72892761
   4.86510801  4.79965258  2.98739958  5.11820364  4.17997074]
 [ 5.17804956  5.10180235  6.43917131  5.48985004  4.52857351  5.0186305
   6.11370516  5.34436083  6.80933237  6.27554131  5.90141964  6.59588861
   5.2354188   5.42662382  3.49425364  5.86548901  5.36513758]
 [ 3.71159863  3.63635588  4.41717434  4.20671749  3.4486227   4.3613925
   4.42101192  4.14472532  4.8599577   4.36004877  5.1926055   5.30956364
   4.47148705  3.8756516   2.75048518  4.04304028  3.43501401]
 [ 4.12495279  4.64587879  4.90936041  4.63082504  4.20950794  4.41070747
   5.10834789  4.16138363  5.58510447  4.96168423  6.1416831   5.6887846
   4.69196129  4.84264517  3.46714282  5.12648392  4.33842754]
 [ 3.43239045  3.16129804  4.50130653  3.58810401  3.07242036  2.97181892
   3.66298056  4.10697317  5.02191114  5.12115526  4.67908812  4.73021317
   3.79323411  4.21058321  2.40302038  4.14627123  3.67801285]
 [ 3.67457366  4.53132725  4.94747305  4.64345837  3.44246411  3.50580049
   4.40480661  3.15703034  4.7528491   4.4132905   5.31160021  4.72541428
   4.06602383  4.35051823  2.36984038  5.15960693  4.02802849]
 [ 3.4998095   3.61970758  4.25570202  3.53529334  3.01435137  3.18260455
   3.99598503  3.97704101  4.95488787  4.64965057  4.56599188  4.75376368
   3.85055637  3.8926971   2.84711099  4.59139442  3.94300532]
 [ 3.82645917  4.36398649  5.50644112  4.95416975  4.11180687  4.64617109
   5.60022974  4.07570934  5.41901588  5.14752817  6.07765293  5.4496274
   5.05315876  4.85148001  2.82129192  5.03557301  4.45363426]
 [ 3.30309653  3.76489902  5.07599688  4.08511448  3.81850362  4.05102015
   4.60705137  4.37161875  4.8283453   4.91567421  5.47724724  5.14970922
   4.06122589  4.2312727   2.81577396  4.67331696  3.88588476]
 [ 3.83803439  3.42514348  4.58292246  3.75969195  3.10394001  3.39538884
   3.72086334  3.60732412  5.20515156  4.54166508  4.67929411  5.05785704
   4.0320034   3.65668464  2.5576694   3.93608308  3.51257062]
 [ 3.56378484  4.21765947  4.99178648  3.96532965  3.4693048   3.36587906
   4.35894918  4.17812777  5.23698711  4.93519545  5.08813524  5.17644405
   4.10748863  4.75226212  2.51267052  5.04003     4.30653906]
 [ 4.56019068  4.86566925  6.68481827  5.82821512  4.00022936  4.51308346
   5.95470953  4.15313292  6.19836569  6.34524345  6.38200474  6.19088364
   5.3004427   5.09683037  3.06819177  5.93867064  4.730124  ]
 [ 4.10669708  3.54328108  5.12918472  4.11598301  3.60719442  3.88902283
   4.44512606  3.82291055  5.35734367  5.02746487  4.71331835  5.30330086
   4.3167696   4.03584337  2.58243346  4.04470634  3.7854085 ]
 [ 3.77658987  4.64211607  4.47660542  4.13948822  4.0203824   3.2025826
   4.18757439  3.33861423  4.83751392  4.31090069  5.07555532  4.82602262
   4.12654257  4.8259244   2.44665766  4.61374617  4.33304262]
 [ 2.86493063  3.56550527  3.52585721  3.2337997   3.51714563  3.34734917
   4.56521749  3.72508907  4.30969191  3.91186094  4.12957144  4.26798105
   3.12166643  4.17730236  2.82455993  3.54172206  3.78245687]]

FAILED! Dimensions:  (17, 16, 16)  Method:  CudaSharedMemoryGeneral
Result:
 [[ 4.75746298  4.31534672  2.98940468  3.15668869  3.33563733  3.45479822
   2.88344026  3.40010357  4.1760664   3.32722497  3.55800152  2.57180786
   4.10986423  3.62091327  2.37862277  2.59873533]
 [ 4.65397501  4.01870012  3.07436466  3.63719606  2.46082568  3.31160474
   2.68276978  3.13605833  3.15056705  3.08737683  3.33540559  3.04703069
   3.99406075  3.15277886  2.62615466  3.02856398]
 [ 5.26731396  4.45235872  3.17430592  3.55127001  3.91156554  3.00514722
   3.71036553  3.13966584  4.70125675  3.46768808  3.50546074  3.20018506
   4.08684254  4.11517715  2.72895479  2.64419818]
 [ 6.10372448  4.88005972  3.4111526   3.86782074  3.28340888  3.40995264
   3.1487453   3.83461356  4.17332077  3.58136225  4.20159769  3.46387315
   4.41267824  3.94156098  3.19293332  3.36383533]
 [ 4.73779011  4.85536861  3.66192579  3.87094402  3.69670153  3.43599629
   2.97906828  3.57290435  3.87239766  4.41492414  3.76868367  3.75864077
   4.20722818  4.18712568  2.88601494  3.15320706]
 [ 5.25054073  5.27076149  3.9637537   3.77739215  3.5511272   4.19169807
   2.47400594  4.1892128   3.29115939  4.06845808  4.11498117  3.41830325
   4.85654974  4.44656324  3.60686064  3.56978893]
 [ 5.97724962  5.11958075  3.39804101  3.52853465  4.16566086  3.71256208
   3.68952608  3.60035849  4.4976244   3.88966918  5.12845516  3.47224283
   5.31213188  5.56700468  3.83992887  3.99653769]
 [ 5.2990036   4.81186771  3.18786573  3.26775336  3.46121955  3.64420247
   3.00448608  3.41036296  3.75612068  3.72348666  4.47335052  3.27374649
   4.88107681  4.63403082  3.5519073   3.74802327]
 [ 5.65633821  5.06928921  3.66562653  3.19673371  4.04297495  3.31799722
   3.55612898  3.44317341  4.97347403  3.68223763  5.35335779  3.79656506
   5.34227657  5.01193905  3.41091919  3.94587231]
 [ 4.97695971  4.7244854   3.16680074  3.28479123  3.47862554  3.20220423
   1.99495864  3.29953146  3.25545216  3.73013353  3.10304523  3.34623647
   4.89434099  3.80576777  3.88371801  3.24657035]
 [ 4.27144051  3.99926972  3.34827685  2.98029447  2.99761319  2.59667492
   2.75016379  3.03547215  3.16161919  3.06656265  3.18530917  3.29076171
   4.01157236  3.88343     3.30690503  3.03674293]
 [ 6.01135254  5.80974436  3.96769118  3.09268522  3.94357967  4.26396418
   3.21246886  4.10483503  4.88821268  3.77360892  5.48414946  3.37420344
   5.37024593  5.80345249  3.73096275  4.04404402]
 [ 5.26542521  4.04293633  2.99075007  3.71066236  3.60519457  3.59848785
   3.55120468  3.07288885  3.88183951  3.81834316  3.39814949  3.81164694
   4.71724844  4.1068387   3.35845375  3.29714108]
 [ 5.19671345  4.67504311  3.67529655  3.53981137  3.29631186  4.05987072
   2.85905242  3.38786888  4.02502823  3.51322556  3.87635183  3.77806139
   5.05941296  3.94122529  2.82276845  3.52591038]
 [ 5.49998474  4.78838301  2.99100542  4.14352608  3.04938602  4.06353521
   2.50830197  3.52649975  3.26985812  3.3036046   3.65178704  2.64334989
   4.12940359  4.21245384  3.43181372  2.81802416]
 [ 4.82938623  3.97321296  3.14569068  3.59100127  3.45286942  3.2144022
   3.40987563  3.21083307  3.65436411  3.48433685  3.52455592  3.02202535
   4.29341459  3.96419978  2.54004836  3.12522078]
 [ 0.          0.          0.          0.          0.          0.          0.
   0.          0.          0.          0.          0.          0.          0.
   0.          0.        ]]
Expected:
 [[ 4.75746298  4.31534672  2.98940468  3.15668869  3.33563733  3.45479822
   2.88344026  3.40010357  4.1760664   3.32722497  3.55800152  2.57180786
   4.10986423  3.62091327  2.37862277  2.59873533]
 [ 4.65397501  4.01870012  3.07436466  3.63719606  2.46082568  3.31160474
   2.68276978  3.13605833  3.15056705  3.08737683  3.33540559  3.04703069
   3.99406075  3.15277886  2.62615466  3.02856398]
 [ 5.26731396  4.45235872  3.17430592  3.55127001  3.91156554  3.00514722
   3.71036553  3.13966584  4.70125675  3.46768808  3.50546074  3.20018506
   4.08684254  4.11517715  2.72895479  2.64419818]
 [ 6.10372448  4.88005972  3.4111526   3.86782074  3.28340888  3.40995264
   3.1487453   3.83461356  4.17332077  3.58136225  4.20159769  3.46387315
   4.41267824  3.94156098  3.19293332  3.36383533]
 [ 4.73779011  4.85536861  3.66192579  3.87094402  3.69670153  3.43599629
   2.97906828  3.57290435  3.87239766  4.41492414  3.76868367  3.75864077
   4.20722818  4.18712568  2.88601494  3.15320706]
 [ 5.25054073  5.27076149  3.9637537   3.77739215  3.5511272   4.19169807
   2.47400594  4.1892128   3.29115939  4.06845808  4.11498117  3.41830325
   4.85654974  4.44656324  3.60686064  3.56978893]
 [ 5.97724962  5.11958075  3.39804101  3.52853465  4.16566086  3.71256208
   3.68952608  3.60035849  4.4976244   3.88966918  5.12845516  3.47224283
   5.31213188  5.56700468  3.83992887  3.99653769]
 [ 5.2990036   4.81186771  3.18786573  3.26775336  3.46121955  3.64420247
   3.00448608  3.41036296  3.75612068  3.72348666  4.47335052  3.27374649
   4.88107681  4.63403082  3.5519073   3.74802327]
 [ 5.65633821  5.06928921  3.66562653  3.19673371  4.04297495  3.31799722
   3.55612898  3.44317341  4.97347403  3.68223763  5.35335779  3.79656506
   5.34227657  5.01193905  3.41091919  3.94587231]
 [ 4.97695971  4.7244854   3.16680074  3.28479123  3.47862554  3.20220423
   1.99495864  3.29953146  3.25545216  3.73013353  3.10304523  3.34623647
   4.89434099  3.80576777  3.88371801  3.24657035]
 [ 4.27144051  3.99926972  3.34827685  2.98029447  2.99761319  2.59667492
   2.75016379  3.03547215  3.16161919  3.06656265  3.18530917  3.29076171
   4.01157236  3.88343     3.30690503  3.03674293]
 [ 6.01135254  5.80974436  3.96769118  3.09268522  3.94357967  4.26396418
   3.21246886  4.10483503  4.88821268  3.77360892  5.48414946  3.37420344
   5.37024593  5.80345249  3.73096275  4.04404402]
 [ 5.26542521  4.04293633  2.99075007  3.71066236  3.60519457  3.59848785
   3.55120468  3.07288885  3.88183951  3.81834316  3.39814949  3.81164694
   4.71724844  4.1068387   3.35845375  3.29714108]
 [ 5.19671345  4.67504311  3.67529655  3.53981137  3.29631186  4.05987072
   2.85905242  3.38786888  4.02502823  3.51322556  3.87635183  3.77806139
   5.05941296  3.94122529  2.82276845  3.52591038]
 [ 5.49998474  4.78838301  2.99100542  4.14352608  3.04938602  4.06353521
   2.50830197  3.52649975  3.26985812  3.3036046   3.65178704  2.64334989
   4.12940359  4.21245384  3.43181372  2.81802416]
 [ 4.82938623  3.97321296  3.14569068  3.59100127  3.45286942  3.2144022
   3.40987563  3.21083307  3.65436411  3.48433685  3.52455592  3.02202535
   4.29341459  3.96419978  2.54004836  3.12522078]
 [ 4.47344685  4.63826609  2.71846843  3.49650502  2.9929378   2.99054337
   2.46239281  3.00288653  3.62483668  3.23952174  3.34399295  2.97054434
   3.94698477  3.28616881  3.05615187  2.48112202]]

FAILED! Dimensions:  (17, 16, 17)  Method:  CudaSharedMemoryGeneral
Result:
 [[ 2.80858827  5.16080284  2.37574625  2.12239552  3.33183551  3.82619429
   2.75659561  3.52314496  3.88458347  4.21105719  2.96722579  3.32416129
   4.339221    3.23868895  4.29279375  4.14773417]
 [ 2.82839084  4.19804335  2.62444234  1.83047366  3.05055332  2.97654724
   2.40041661  2.70682335  3.47332287  3.44142652  2.27987266  2.87311506
   3.61353087  3.58907604  3.66696835  3.79249668]
 [ 3.30975699  4.98728848  3.91579652  3.24629974  4.22681332  4.17286682
   2.38767791  3.14761424  4.97445488  5.23123074  3.00764012  4.18985653
   5.25160933  4.21999931  4.36432219  3.78379512]
 [ 4.23438644  6.905581    4.05799866  3.62398458  5.0912981   5.68634319
   3.72092795  5.17274237  5.67109251  6.45111513  3.91125727  4.50184488
   5.93535805  5.6156311   5.83895636  4.92523241]
 [ 3.51128364  4.70685625  3.88024807  2.85832357  4.06932783  3.95459485
   2.97809935  3.19540763  4.87417936  4.47864199  3.0338695   4.02591038
   4.88500595  3.99130297  4.13626432  4.11423874]
 [ 5.74664164  7.46308327  5.60130882  4.69091034  6.60854387  6.15563011
   4.68456745  5.08305693  7.35129881  7.26579809  4.2147274   6.23463106
   7.94920778  6.04024982  6.46325302  5.96138287]
 [ 5.61969471  7.61794043  4.69691277  4.44942331  5.55277109  5.55443382
   4.18971157  5.22137833  6.99364662  6.33887863  4.97571182  5.77404833
   6.79593754  6.53078699  6.4122839   5.93010044]
 [ 5.1151576   6.412673    5.05018854  3.8216579   5.33061838  4.61649084
   4.26809931  3.89008307  6.4027338   5.73641396  4.10922194  5.11785316
   6.80177212  5.0003109   5.75521708  5.63659906]
 [ 4.82944012  6.55781507  4.43884945  3.70381045  4.98300028  4.56138182
   4.23005009  4.9824276   6.06498766  5.91423893  4.75865555  4.69471931
   5.79227161  5.49273539  6.04447365  4.8208313 ]
 [ 3.26932502  4.61965609  2.87838054  2.51406026  3.32303882  3.25497699
   2.38382149  2.83055902  4.2398386   4.00334692  2.73936248  3.55209494
   4.39500332  3.28274012  3.44518375  3.44158769]
 [ 4.59868908  6.60881948  5.07813597  3.67989445  5.42481089  4.7259202
   3.74340153  4.3685813   6.00464773  5.90930653  3.85929084  5.21088648
   6.29956532  5.31729174  5.51668406  5.37084246]
 [ 5.09284687  6.70065355  3.37346268  3.26862693  4.67152405  4.68498373
   3.23489213  4.83634663  5.70899534  5.47358418  3.77692795  5.38070488
   5.89340115  5.59544897  5.57894373  5.72777891]
 [ 4.27178574  7.07136488  5.03336382  4.24404907  5.28435564  5.64494896
   3.87953877  4.71021795  6.17246389  6.61560488  4.16296053  5.43680239
   6.10169601  5.56970263  6.10803318  5.7797308 ]
 [ 3.75903559  5.30554295  3.13252282  3.09734464  3.33706665  4.69359779
   3.08931088  3.45689082  4.6117053   4.66658115  3.23976421  3.74585271
   4.60765457  4.9454751   4.78679085  4.31583738]
 [ 3.82591152  5.764328    3.82319427  3.45383573  4.08315086  4.27931023
   2.91329074  3.57438827  4.71109247  4.95314503  3.76376843  3.85410333
   5.01290321  4.56154537  4.85003471  4.48715353]
 [ 3.46784687  5.27805042  4.2766943   3.03522897  5.30328083  4.15233946
   3.16918707  3.98351574  5.10996056  4.62050295  3.49935651  4.42370892
   5.61730194  3.79878998  4.41969824  4.21533155]
 [ 0.          0.          0.          0.          0.          0.          0.
   0.          0.          0.          0.          0.          0.          0.
   0.          0.        ]]
Expected:
 [[ 2.80858827  5.16080284  2.37574625  2.12239552  3.33183551  3.82619429
   2.75659561  3.52314496  3.88458347  4.21105719  2.96722579  3.32416129
   4.339221    3.23868895  4.29279375  4.14773417]
 [ 2.82839084  4.19804335  2.62444234  1.83047366  3.05055332  2.97654724
   2.40041661  2.70682335  3.47332287  3.44142652  2.27987266  2.87311506
   3.61353087  3.58907604  3.66696835  3.79249668]
 [ 3.30975699  4.98728848  3.91579652  3.24629974  4.22681332  4.17286682
   2.38767791  3.14761424  4.97445488  5.23123074  3.00764012  4.18985653
   5.25160933  4.21999931  4.36432219  3.78379512]
 [ 4.23438644  6.905581    4.05799866  3.62398458  5.0912981   5.68634319
   3.72092795  5.17274237  5.67109251  6.45111513  3.91125727  4.50184488
   5.93535805  5.6156311   5.83895636  4.92523241]
 [ 3.51128364  4.70685625  3.88024807  2.85832357  4.06932783  3.95459485
   2.97809935  3.19540763  4.87417936  4.47864199  3.0338695   4.02591038
   4.88500595  3.99130297  4.13626432  4.11423874]
 [ 5.74664164  7.46308327  5.60130882  4.69091034  6.60854387  6.15563011
   4.68456745  5.08305693  7.35129881  7.26579809  4.2147274   6.23463106
   7.94920778  6.04024982  6.46325302  5.96138287]
 [ 5.61969471  7.61794043  4.69691277  4.44942331  5.55277109  5.55443382
   4.18971157  5.22137833  6.99364662  6.33887863  4.97571182  5.77404833
   6.79593754  6.53078699  6.4122839   5.93010044]
 [ 5.1151576   6.412673    5.05018854  3.8216579   5.33061838  4.61649084
   4.26809931  3.89008307  6.4027338   5.73641396  4.10922194  5.11785316
   6.80177212  5.0003109   5.75521708  5.63659906]
 [ 4.82944012  6.55781507  4.43884945  3.70381045  4.98300028  4.56138182
   4.23005009  4.9824276   6.06498766  5.91423893  4.75865555  4.69471931
   5.79227161  5.49273539  6.04447365  4.8208313 ]
 [ 3.26932502  4.61965609  2.87838054  2.51406026  3.32303882  3.25497699
   2.38382149  2.83055902  4.2398386   4.00334692  2.73936248  3.55209494
   4.39500332  3.28274012  3.44518375  3.44158769]
 [ 4.59868908  6.60881948  5.07813597  3.67989445  5.42481089  4.7259202
   3.74340153  4.3685813   6.00464773  5.90930653  3.85929084  5.21088648
   6.29956532  5.31729174  5.51668406  5.37084246]
 [ 5.09284687  6.70065355  3.37346268  3.26862693  4.67152405  4.68498373
   3.23489213  4.83634663  5.70899534  5.47358418  3.77692795  5.38070488
   5.89340115  5.59544897  5.57894373  5.72777891]
 [ 4.27178574  7.07136488  5.03336382  4.24404907  5.28435564  5.64494896
   3.87953877  4.71021795  6.17246389  6.61560488  4.16296053  5.43680239
   6.10169601  5.56970263  6.10803318  5.7797308 ]
 [ 3.75903559  5.30554295  3.13252282  3.09734464  3.33706665  4.69359779
   3.08931088  3.45689082  4.6117053   4.66658115  3.23976421  3.74585271
   4.60765457  4.9454751   4.78679085  4.31583738]
 [ 3.82591152  5.764328    3.82319427  3.45383573  4.08315086  4.27931023
   2.91329074  3.57438827  4.71109247  4.95314503  3.76376843  3.85410333
   5.01290321  4.56154537  4.85003471  4.48715353]
 [ 3.46784687  5.27805042  4.2766943   3.03522897  5.30328083  4.15233946
   3.16918707  3.98351574  5.10996056  4.62050295  3.49935651  4.42370892
   5.61730194  3.79878998  4.41969824  4.21533155]
 [ 4.2093482   5.80404949  4.09516573  3.53808165  4.79984856  4.57737112
   3.42904353  3.69249105  5.6577363   4.88181114  3.71677327  4.85903215
   5.79770422  4.46650314  4.74304485  4.69278002]]

Method: CudaGlobalMemory          , dims: (16, 16, 16)        , pass(1)/fail(0): 1,	 time (s): 0.0018572807312011719
Method: CudaSharedMemoryGeneral   , dims: (16, 16, 16)        , pass(1)/fail(0): 1,	 time (s): 0.00183868408203125

Method: CudaGlobalMemory          , dims: (16, 16, 17)        , pass(1)/fail(0): 1,	 time (s): 0.0019307136535644531
Method: CudaSharedMemoryGeneral   , dims: (16, 16, 17)        , pass(1)/fail(0): 0,	 time (s): 0.0018546581268310547

Method: CudaGlobalMemory          , dims: (16, 17, 16)        , pass(1)/fail(0): 1,	 time (s): 0.001964092254638672
Method: CudaSharedMemoryGeneral   , dims: (16, 17, 16)        , pass(1)/fail(0): 0,	 time (s): 0.0019040107727050781

Method: CudaGlobalMemory          , dims: (16, 17, 17)        , pass(1)/fail(0): 1,	 time (s): 0.0020117759704589844
Method: CudaSharedMemoryGeneral   , dims: (16, 17, 17)        , pass(1)/fail(0): 0,	 time (s): 0.0018682479858398438

Method: CudaGlobalMemory          , dims: (17, 16, 16)        , pass(1)/fail(0): 1,	 time (s): 0.001628875732421875
Method: CudaSharedMemoryGeneral   , dims: (17, 16, 16)        , pass(1)/fail(0): 0,	 time (s): 0.0017502307891845703

Method: CudaGlobalMemory          , dims: (17, 16, 17)        , pass(1)/fail(0): 1,	 time (s): 0.0017685890197753906
Method: CudaSharedMemoryGeneral   , dims: (17, 16, 17)        , pass(1)/fail(0): 0,	 time (s): 0.0015056133270263672

Method: CudaGlobalMemory          , dims: (17, 17, 16)        , pass(1)/fail(0): 1,	 time (s): 0.0015714168548583984
Method: CudaSharedMemoryGeneral   , dims: (17, 17, 16)        , pass(1)/fail(0): 1,	 time (s): 0.0015530586242675781

Method: CudaGlobalMemory          , dims: (17, 17, 17)        , pass(1)/fail(0): 1,	 time (s): 0.0015184879302978516
Method: CudaSharedMemoryGeneral   , dims: (17, 17, 17)        , pass(1)/fail(0): 1,	 time (s): 0.0014834403991699219

Method: CudaGlobalMemory          , dims: (32, 32, 32)        , pass(1)/fail(0): 1,	 time (s): 0.001499176025390625
Method: CudaSharedMemoryGeneral   , dims: (32, 32, 32)        , pass(1)/fail(0): 1,	 time (s): 0.0015180110931396484

Method: CudaGlobalMemory          , dims: (32, 32, 31)        , pass(1)/fail(0): 1,	 time (s): 0.0017316341400146484
Method: CudaSharedMemoryGeneral   , dims: (32, 32, 31)        , pass(1)/fail(0): 1,	 time (s): 0.0016613006591796875

Method: CudaGlobalMemory          , dims: (32, 31, 32)        , pass(1)/fail(0): 1,	 time (s): 0.0015006065368652344
Method: CudaSharedMemoryGeneral   , dims: (32, 31, 32)        , pass(1)/fail(0): 1,	 time (s): 0.001455068588256836

Method: CudaGlobalMemory          , dims: (32, 31, 31)        , pass(1)/fail(0): 1,	 time (s): 0.0015499591827392578
Method: CudaSharedMemoryGeneral   , dims: (32, 31, 31)        , pass(1)/fail(0): 1,	 time (s): 0.00144195556640625

Method: CudaGlobalMemory          , dims: (31, 32, 32)        , pass(1)/fail(0): 1,	 time (s): 0.0015110969543457031
Method: CudaSharedMemoryGeneral   , dims: (31, 32, 32)        , pass(1)/fail(0): 1,	 time (s): 0.0015964508056640625

Method: CudaGlobalMemory          , dims: (31, 32, 31)        , pass(1)/fail(0): 1,	 time (s): 0.0015912055969238281
Method: CudaSharedMemoryGeneral   , dims: (31, 32, 31)        , pass(1)/fail(0): 1,	 time (s): 0.001493215560913086

Method: CudaGlobalMemory          , dims: (31, 31, 32)        , pass(1)/fail(0): 1,	 time (s): 0.00150299072265625
Method: CudaSharedMemoryGeneral   , dims: (31, 31, 32)        , pass(1)/fail(0): 1,	 time (s): 0.001653909683227539

Method: CudaGlobalMemory          , dims: (31, 31, 31)        , pass(1)/fail(0): 1,	 time (s): 0.001760721206665039
Method: CudaSharedMemoryGeneral   , dims: (31, 31, 31)        , pass(1)/fail(0): 1,	 time (s): 0.0014526844024658203

