Device name: b'NVIDIA A100-PCIE-40GB'
Compute capability: (8, 0)
Total global memory (GB): 39.39385986328125
Free global memory (GB): 38.98077392578125
Used global memory (GB): 0.4130859375
Max threads per block: 1024
Max block dimensions: x=1024, y=1024, z=64
Max grid dimensions: x=2147483647, y=65535, z=65535
Max shared memory per block (KB): 48.0
FAILED! Dimensions:  (16, 16, 17)  Method:  CudaSharedMemory
Result:
 [[ 3.82205749  3.34151125  4.1711092   2.13550043  4.02141142  3.42352533
   4.56236553  2.73395944  4.73855686  3.13821602  3.10215282  2.34750462
   4.12029505  4.29198837  3.80812812  3.0860095 ]
 [ 4.29572868  3.95697904  4.73859406  2.29237199  4.31074715  3.34888124
   5.08951855  3.99123073  5.6199007   3.68979716  3.75727177  3.2587719
   4.82051468  3.97713685  4.65574694  3.58431721]
 [ 5.09050846  4.59571171  4.89670992  3.01052642  4.1021843   3.63270569
   5.69955015  4.51079273  5.97311354  3.99910331  4.45346785  3.29900312
   5.67348909  4.80745506  5.10567045  3.3198173 ]
 [ 4.90961742  3.54957986  4.71112537  2.45078778  3.9370048   4.24452591
   5.55477858  3.76328254  5.76443243  3.74551558  4.33085775  3.72378778
   4.7009263   5.41326523  4.091043    3.15140367]
 [ 3.67628527  3.32660484  3.35494685  2.03536105  3.48404956  2.88449621
   3.46898222  2.99446535  4.25714016  2.34182692  2.89855933  2.23823953
   3.85242248  3.67878413  3.46683431  2.97316766]
 [ 3.83469796  3.99399352  3.87718511  2.6028378   4.20728588  3.00403619
   4.6403966   3.78435493  5.38560247  3.93720245  3.90592694  3.29348278
   3.58946252  3.95418549  2.8348248   2.72917843]
 [ 4.21914577  4.13167238  4.36667824  2.98515701  4.36702013  3.36432815
   4.34147024  4.49015331  5.7812171   2.87374043  3.93276453  2.73583364
   4.14514351  3.87850595  4.54678774  3.76611209]
 [ 4.97605371  5.29111719  4.67324734  3.28940654  5.33720303  3.96322989
   4.51345968  4.29139233  6.0723505   3.57917547  4.54811621  2.93721628
   4.690516    4.80225039  4.88462591  3.97189021]
 [ 4.47511673  3.79904437  4.21678591  2.70709395  4.0337224   3.34907317
   4.48493385  3.7141366   5.29617071  3.30959678  3.61647868  2.98265457
   4.02611351  4.18253422  4.09374189  3.18340945]
 [ 5.04405737  4.88829136  4.52605724  2.62961984  4.64716578  4.03595352
   5.45119429  4.81615925  6.07151318  3.77395368  4.75136757  3.63101912
   5.53854227  4.74124432  5.12533379  3.89404535]
 [ 3.04590487  3.56837273  3.32401204  2.60043478  3.70450091  2.5244813
   3.92269516  3.3089807   4.49853039  2.63881707  2.98577952  2.118294
   3.5556767   3.27808785  3.06887341  3.09447765]
 [ 4.36819458  4.1518321   4.17174864  3.22129488  4.65169811  3.63052607
   4.47981977  3.83206415  5.67654324  3.2008059   3.48066545  2.64840055
   4.42425728  4.88893318  4.08907557  3.80480528]
 [ 4.86032677  4.15746927  4.70569468  3.4195559   3.91099668  3.91260266
   5.49590921  4.41064405  5.90371466  3.78585863  4.8004756   3.31619596
   4.74223089  5.11818123  4.5162921   3.29490161]
 [ 4.13433552  4.01733685  4.19592285  2.62255001  3.88193607  2.87896276
   3.93685055  4.14126301  5.27169466  3.4611063   3.74283147  3.13563061
   4.26347542  3.46987462  4.31727028  3.10155201]
 [ 4.16971684  4.04094028  3.57111573  2.09316468  3.60557008  3.56019759
   3.78276348  3.78502822  4.59591913  2.70945525  4.11214542  2.56880355
   4.79597139  4.25626469  4.45087004  3.09127688]
 [ 3.04982328  2.80075383  3.28253675  2.11292076  2.59555697  2.43848562
   3.40339422  2.15255737  3.30986547  2.43177104  2.66348433  1.44048297
   3.51932549  3.36835265  3.10691237  1.98084116]]
Expected:
 [[ 4.37323809  3.51295757  4.20330286  2.32300615  4.5199461   3.44422865
   5.02810907  2.91865611  5.19258595  3.31842399  3.40146613  2.92127299
   4.33211184  4.77634954  4.27375412  3.12471199]
 [ 5.09693336  4.20619631  4.78539085  2.56493306  5.03542471  3.37897587
   5.76653099  4.25970888  6.27988434  3.95175028  4.19235849  4.09281063
   5.12841463  4.68121195  5.3325882   3.64057565]
 [ 5.89660358  4.84644985  4.94379234  3.28475118  4.83128548  3.66298389
   6.38069487  4.78090954  6.63712549  4.26265526  4.89121008  4.13813305
   5.98326826  5.51582766  5.78664303  3.37641907]
 [ 5.40152788  3.70258999  4.7398572   2.61813021  4.38193035  4.26300287
   5.97043943  3.92811823  6.16963816  3.90634513  4.59798479  4.23585701
   4.88996553  5.84554148  4.50659895  3.18594432]
 [ 4.09329653  3.45631742  3.37930369  2.17722392  3.86123013  2.90015984
   3.82135391  3.13420296  4.60064888  2.47816849  3.12501335  2.67234039
   4.01267815  4.04524136  3.81911707  3.00244904]
 [ 4.65811539  4.25012016  3.92527938  2.88295555  4.9520545   3.03496504
   5.33617878  4.06027651  6.0638833   4.20641804  4.35307598  4.15064478
   3.90589881  4.67778063  3.53043103  2.7869966 ]
 [ 4.66710615  4.27101183  4.39284277  3.13754845  4.77219391  3.3811543
   4.71999359  4.64026165  6.15021944  3.02020073  4.17602539  3.20215201
   4.31729317  4.27216053  4.92521572  3.79756665]
 [ 5.64730597  5.49991226  4.71245384  3.51775932  5.94434071  3.98844337
   5.0806632   4.51632452  6.62528706  3.79864073  4.91263342  3.63597727
   4.94847584  5.39212704  5.45168638  4.0190239 ]
 [ 4.72432041  3.87655997  4.23134136  2.79187036  4.25912333  3.35843372
   4.69550943  3.79764295  5.50144958  3.3910737   3.7518065   3.24207091
   4.12188148  4.40152693  4.30426407  3.20090795]
 [ 5.2952261   4.96641827  4.54072762  2.71506476  4.87434435  4.04538774
   5.66343021  4.90032434  6.27841091  3.85607314  4.88776255  3.89248109
   5.63506556  4.96196413  5.33751631  3.91168165]
 [ 3.94484639  3.84799123  3.37651753  2.90624499  4.51758003  2.55824709
   4.68229437  3.6102097   5.23902369  2.93272519  3.47394109  3.054075
   3.9011364   4.06805134  3.82828093  3.15759897]
 [ 4.83153677  4.29595613  4.19881153  3.37891889  5.07078457  3.64792991
   4.87134075  3.98732686  6.05821657  3.35229516  3.73227906  3.13073111
   4.60231781  5.29610491  4.48049784  3.83733988]
 [ 5.05927658  4.2193532   4.7173152   3.4872365   4.09094381  3.92007565
   5.66402054  4.47731066  6.06759739  3.85090518  4.90851355  3.52329898
   4.81868649  5.29301262  4.68436098  3.30887127]
 [ 4.47496319  4.12329006  4.21581841  2.73842788  4.19002867  2.89175725
   4.22467852  4.25540495  5.55228281  3.57247424  3.92780614  3.49021769
   4.39437723  3.76920819  4.60502577  3.12546992]
 [ 4.9383831   4.28003645  3.6160121   2.3546567   4.30081701  3.58907008
   4.43228102  4.04260302  5.22909927  2.96076989  4.52956247  3.36897039
   5.09136677  4.93174601  5.10022354  3.14525056]
 [ 3.30874157  2.88129115  3.29765964  2.20100188  2.82974482  2.44821095
   3.62217832  2.23931909  3.52314663  2.51642418  2.8040874   1.71001208
   3.61882687  3.59588242  3.32564139  1.99902177]]
Difference:
 [[-0.5511806  -0.17144632 -0.03219366 -0.18750572 -0.49853468 -0.02070332
  -0.46574354 -0.18469667 -0.45402908 -0.18020797 -0.29931331 -0.57376838
  -0.21181679 -0.48436117 -0.465626   -0.03870249]
 [-0.80120468 -0.24921727 -0.0467968  -0.27256107 -0.72467756 -0.03009462
  -0.67701244 -0.26847816 -0.65998363 -0.26195312 -0.43508673 -0.83403873
  -0.30789995 -0.7040751  -0.67684126 -0.05625844]
 [-0.80609512 -0.25073814 -0.04708242 -0.27422476 -0.72910118 -0.03027821
  -0.68114471 -0.27011681 -0.66401196 -0.26355195 -0.43774223 -0.83912992
  -0.30977917 -0.70837259 -0.68097258 -0.05660176]
 [-0.49191046 -0.15301013 -0.02873182 -0.16734242 -0.44492555 -0.01847696
  -0.41566086 -0.16483569 -0.40520573 -0.16082954 -0.26712704 -0.51206923
  -0.18903923 -0.43227625 -0.41555595 -0.03454065]
 [-0.41701126 -0.12971258 -0.02435684 -0.14186287 -0.37718058 -0.01566362
  -0.35237169 -0.13973761 -0.34350872 -0.13634157 -0.22645402 -0.43410087
  -0.16025567 -0.36645722 -0.35228276 -0.02928138]
 [-0.82341743 -0.25612664 -0.04809427 -0.28011775 -0.74476862 -0.03092885
  -0.69578218 -0.27592158 -0.67828083 -0.26921558 -0.44714904 -0.857162
  -0.31643629 -0.72359514 -0.69560623 -0.05781817]
 [-0.44796038 -0.13933945 -0.02616453 -0.15239143 -0.40517378 -0.01682615
  -0.37852335 -0.15010834 -0.36900234 -0.14646029 -0.24326086 -0.46631837
  -0.17214966 -0.39365458 -0.37842798 -0.03145456]
 [-0.67125225 -0.20879507 -0.0392065  -0.22835279 -0.60713768 -0.02521348
  -0.56720352 -0.22493219 -0.55293655 -0.21946526 -0.36451721 -0.69876099
  -0.25795984 -0.58987665 -0.56706047 -0.04713368]
 [-0.24920368 -0.0775156  -0.01455545 -0.0847764  -0.22540092 -0.00936055
  -0.21057558 -0.08350635 -0.20527887 -0.08147693 -0.13532782 -0.25941634
  -0.09576797 -0.21899271 -0.21052217 -0.01749849]
 [-0.25116873 -0.07812691 -0.01467037 -0.08544493 -0.22717857 -0.00943422
  -0.21223593 -0.0841651  -0.20689774 -0.08211946 -0.13639498 -0.26146197
  -0.09652328 -0.22071981 -0.21218252 -0.0176363 ]
 [-0.89894152 -0.2796185  -0.05250549 -0.30581021 -0.81307912 -0.03376579
  -0.75959921 -0.301229   -0.7404933  -0.29390812 -0.48816156 -0.935781
  -0.3454597  -0.78996348 -0.75940752 -0.06312132]
 [-0.46334219 -0.14412403 -0.02706289 -0.15762401 -0.41908646 -0.01740384
  -0.39152098 -0.15526271 -0.38167334 -0.15148926 -0.25161362 -0.48233056
  -0.17806053 -0.40717173 -0.39142227 -0.0325346 ]
 [-0.19894981 -0.06188393 -0.01162052 -0.0676806  -0.17994714 -0.00747299
  -0.16811132 -0.0666666  -0.16388273 -0.06504655 -0.10803795 -0.20710301
  -0.07645559 -0.17483139 -0.16806889 -0.01396966]
 [-0.34062767 -0.10595322 -0.01989555 -0.11587787 -0.30809259 -0.01279449
  -0.28782797 -0.11414194 -0.28058815 -0.11136794 -0.18497467 -0.35458708
  -0.13090181 -0.29933357 -0.28775549 -0.02391791]
 [-0.76866627 -0.23909616 -0.04489636 -0.26149201 -0.69524693 -0.02887249
  -0.64951754 -0.2575748  -0.63318014 -0.25131464 -0.41741705 -0.80016685
  -0.29539537 -0.67548132 -0.6493535  -0.05397367]
 [-0.25891829 -0.08053732 -0.01512289 -0.08808112 -0.23418784 -0.00972533
  -0.21878409 -0.08676171 -0.21328115 -0.08465314 -0.14060307 -0.2695291
  -0.09950137 -0.22752976 -0.21872902 -0.01818061]]

FAILED! Dimensions:  (16, 17, 16)  Method:  CudaSharedMemory
Result:
 [[ 4.56343508  4.21560144  5.25741625  4.33028126  3.78527236  3.63339877
   5.5303731   4.97102261  4.01877689  3.68369293  3.63091183  4.80798912
   4.76727915  5.11173916  4.36561871  5.18710947  0.        ]
 [ 3.98359394  3.4481256   5.70140314  4.48467064  4.1417942   3.93148398
   4.91685915  4.8949852   3.65601516  3.04570341  3.49099326  5.38662243
   4.60958147  4.84357882  3.45418215  3.7715075   0.        ]
 [ 3.88698459  3.78180742  5.60301876  4.65586424  4.17844343  4.24323702
   5.54052734  5.31898022  4.1768012   3.6424005   3.93542147  5.07238102
   5.15011644  5.03581095  4.26695251  4.46466208  0.        ]
 [ 3.40453434  3.38895416  4.67758942  4.02895164  3.82451677  3.81863451
   3.57861972  4.67020845  3.6511035   2.1197176   3.07470155  5.10685587
   3.76946473  3.95002341  3.14266062  3.37277555  0.        ]
 [ 4.21745348  3.61031008  4.53571415  4.06492901  3.77436495  2.7220583
   4.33444118  4.38207912  4.13605213  3.28318119  3.72267962  4.28529167
   3.88041449  3.77480888  3.94789219  4.82006788  0.        ]
 [ 3.51146746  3.08811593  3.51918054  3.2968812   2.6333704   2.73651147
   4.12701178  3.76639056  3.38196874  2.97558618  2.88281298  3.5791111
   3.21701741  3.61091161  2.74808121  3.58811998  0.        ]
 [ 4.38355827  3.76441383  5.63595057  4.99324083  4.92480659  3.36678505
   4.56855059  5.1871686   4.15830278  2.44754934  3.52247477  5.87341309
   4.99938202  3.90510774  3.68243241  4.57311773  0.        ]
 [ 4.72079754  4.61518574  6.43058205  4.92034054  4.64259243  4.12161398
   5.89896965  6.26484537  4.55697155  3.66299129  3.79546928  5.78865576
   5.29497623  5.45935822  4.36437511  5.48505211  0.        ]
 [ 3.35534024  3.61297131  3.38050032  3.28720713  3.62211895  2.50536847
   3.31271052  3.6213758   3.11020827  2.21613932  2.63050056  3.63447261
   3.64469314  3.12814403  3.58239245  4.08125734  0.        ]
 [ 5.00205278  4.32713699  5.46418715  5.20200396  4.72852135  3.70376968
   5.14740944  4.93012285  4.21965933  3.25008202  4.14367723  5.85226107
   5.33136988  5.04022694  4.21096373  5.6008625   0.        ]
 [ 3.96130157  3.63821578  4.62017965  4.09019899  4.20101833  3.22924924
   4.05251122  4.85341263  3.85353374  2.59172297  3.92059302  4.30910063
   3.61602592  4.66707611  3.7357738   4.48861265  0.        ]
 [ 4.89098358  4.48406124  6.00541544  5.36044025  5.16634941  4.10848331
   5.01471567  5.58624411  4.42136097  2.74541259  4.0219202   6.47912931
   5.47370291  5.18555403  3.68645763  5.20977306  0.        ]
 [ 4.23238754  4.54095411  5.73682928  4.83285046  4.6068573   3.90984511
   5.14453316  5.32909822  4.34167862  3.44689322  3.85279727  5.35000086
   4.58010483  4.66319132  4.19664431  4.80680895  0.        ]
 [ 4.683496    4.12708759  4.73120403  4.4163475   4.44402647  4.16977501
   4.65380764  5.25684118  4.44225025  3.30048394  3.91687107  5.18520117
   4.44120026  5.06627703  4.1639142   4.56278896  0.        ]
 [ 3.15457487  2.75270462  3.99270201  3.77363515  3.16599298  2.97190404
   3.91034794  4.19075346  3.78457451  2.39370084  3.23915982  3.89098835
   2.94092011  3.42151666  2.42393756  2.97003031  0.        ]
 [ 3.58635306  3.9646318   3.9162178   3.7607739   3.38972569  2.37631488
   3.59432745  3.69373178  3.27256012  2.07290626  2.90952134  4.16308308
   3.14256787  3.41300774  2.50887203  4.04568195  0.        ]]
Expected:
 [[ 4.56343508  4.21560144  5.25741625  4.33028126  3.78527236  3.63339877
   5.5303731   4.97102261  4.01877689  3.68369293  3.63091183  4.80798912
   4.76727915  5.11173916  4.36561871  5.18710947  3.5794301 ]
 [ 3.98359394  3.4481256   5.70140314  4.48467064  4.1417942   3.93148398
   4.91685915  4.8949852   3.65601516  3.04570341  3.49099326  5.38662243
   4.60958147  4.84357882  3.45418215  3.7715075   3.42086029]
 [ 3.88698459  3.78180742  5.60301876  4.65586424  4.17844343  4.24323702
   5.54052734  5.31898022  4.1768012   3.6424005   3.93542147  5.07238102
   5.15011644  5.03581095  4.26695251  4.46466208  3.40573764]
 [ 3.40453434  3.38895416  4.67758942  4.02895164  3.82451677  3.81863451
   3.57861972  4.67020845  3.6511035   2.1197176   3.07470155  5.10685587
   3.76946473  3.95002341  3.14266062  3.37277555  3.53297567]
 [ 4.21745348  3.61031008  4.53571415  4.06492901  3.77436495  2.7220583
   4.33444118  4.38207912  4.13605213  3.28318119  3.72267962  4.28529167
   3.88041449  3.77480888  3.94789219  4.82006788  3.39807105]
 [ 3.51146746  3.08811593  3.51918054  3.2968812   2.6333704   2.73651147
   4.12701178  3.76639056  3.38196874  2.97558618  2.88281298  3.5791111
   3.21701741  3.61091161  2.74808121  3.58811998  2.60966229]
 [ 4.38355827  3.76441383  5.63595057  4.99324083  4.92480659  3.36678505
   4.56855059  5.1871686   4.15830278  2.44754934  3.52247477  5.87341309
   4.99938202  3.90510774  3.68243241  4.57311773  3.81064701]
 [ 4.72079754  4.61518574  6.43058205  4.92034054  4.64259243  4.12161398
   5.89896965  6.26484537  4.55697155  3.66299129  3.79546928  5.78865576
   5.29497623  5.45935822  4.36437511  5.48505211  4.38409996]
 [ 3.35534024  3.61297131  3.38050032  3.28720713  3.62211895  2.50536847
   3.31271052  3.6213758   3.11020827  2.21613932  2.63050056  3.63447261
   3.64469314  3.12814403  3.58239245  4.08125734  2.34322214]
 [ 5.00205278  4.32713699  5.46418715  5.20200396  4.72852135  3.70376968
   5.14740944  4.93012285  4.21965933  3.25008202  4.14367723  5.85226107
   5.33136988  5.04022694  4.21096373  5.6008625   3.84198165]
 [ 3.96130157  3.63821578  4.62017965  4.09019899  4.20101833  3.22924924
   4.05251122  4.85341263  3.85353374  2.59172297  3.92059302  4.30910063
   3.61602592  4.66707611  3.7357738   4.48861265  3.78833008]
 [ 4.89098358  4.48406124  6.00541544  5.36044025  5.16634941  4.10848331
   5.01471567  5.58624411  4.42136097  2.74541259  4.0219202   6.47912931
   5.47370291  5.18555403  3.68645763  5.20977306  4.23127508]
 [ 4.23238754  4.54095411  5.73682928  4.83285046  4.6068573   3.90984511
   5.14453316  5.32909822  4.34167862  3.44689322  3.85279727  5.35000086
   4.58010483  4.66319132  4.19664431  4.80680895  3.92112207]
 [ 4.683496    4.12708759  4.73120403  4.4163475   4.44402647  4.16977501
   4.65380764  5.25684118  4.44225025  3.30048394  3.91687107  5.18520117
   4.44120026  5.06627703  4.1639142   4.56278896  3.20338488]
 [ 3.15457487  2.75270462  3.99270201  3.77363515  3.16599298  2.97190404
   3.91034794  4.19075346  3.78457451  2.39370084  3.23915982  3.89098835
   2.94092011  3.42151666  2.42393756  2.97003031  3.00555682]
 [ 3.58635306  3.9646318   3.9162178   3.7607739   3.38972569  2.37631488
   3.59432745  3.69373178  3.27256012  2.07290626  2.90952134  4.16308308
   3.14256787  3.41300774  2.50887203  4.04568195  3.22458148]]
Difference:
 [[ 0.          0.          0.          0.          0.          0.          0.
   0.          0.          0.          0.          0.          0.          0.
   0.          0.         -3.5794301 ]
 [ 0.          0.          0.          0.          0.          0.          0.
   0.          0.          0.          0.          0.          0.          0.
   0.          0.         -3.42086029]
 [ 0.          0.          0.          0.          0.          0.          0.
   0.          0.          0.          0.          0.          0.          0.
   0.          0.         -3.40573764]
 [ 0.          0.          0.          0.          0.          0.          0.
   0.          0.          0.          0.          0.          0.          0.
   0.          0.         -3.53297567]
 [ 0.          0.          0.          0.          0.          0.          0.
   0.          0.          0.          0.          0.          0.          0.
   0.          0.         -3.39807105]
 [ 0.          0.          0.          0.          0.          0.          0.
   0.          0.          0.          0.          0.          0.          0.
   0.          0.         -2.60966229]
 [ 0.          0.          0.          0.          0.          0.          0.
   0.          0.          0.          0.          0.          0.          0.
   0.          0.         -3.81064701]
 [ 0.          0.          0.          0.          0.          0.          0.
   0.          0.          0.          0.          0.          0.          0.
   0.          0.         -4.38409996]
 [ 0.          0.          0.          0.          0.          0.          0.
   0.          0.          0.          0.          0.          0.          0.
   0.          0.         -2.34322214]
 [ 0.          0.          0.          0.          0.          0.          0.
   0.          0.          0.          0.          0.          0.          0.
   0.          0.         -3.84198165]
 [ 0.          0.          0.          0.          0.          0.          0.
   0.          0.          0.          0.          0.          0.          0.
   0.          0.         -3.78833008]
 [ 0.          0.          0.          0.          0.          0.          0.
   0.          0.          0.          0.          0.          0.          0.
   0.          0.         -4.23127508]
 [ 0.          0.          0.          0.          0.          0.          0.
   0.          0.          0.          0.          0.          0.          0.
   0.          0.         -3.92112207]
 [ 0.          0.          0.          0.          0.          0.          0.
   0.          0.          0.          0.          0.          0.          0.
   0.          0.         -3.20338488]
 [ 0.          0.          0.          0.          0.          0.          0.
   0.          0.          0.          0.          0.          0.          0.
   0.          0.         -3.00555682]
 [ 0.          0.          0.          0.          0.          0.          0.
   0.          0.          0.          0.          0.          0.          0.
   0.          0.         -3.22458148]]

FAILED! Dimensions:  (16, 17, 17)  Method:  CudaSharedMemory
Result:
 [[ 4.19236612  4.02775908  5.15102339  4.13616085  3.48928142  3.97911525
   3.51698875  4.91414595  5.6499896   2.4676764   4.51289797  3.67157435
   2.79264808  4.093328    3.77751875  4.7074275   0.        ]
 [ 3.96244812  3.82233977  2.6698463   2.85086155  3.76949549  3.58821321
   2.94209862  4.087327    4.54752779  2.80687284  3.85345268  3.30267167
   3.05565667  3.48001122  3.10342598  4.23927498  0.        ]
 [ 4.71264791  4.81413364  4.11828613  3.89416528  4.26052666  4.19475746
   3.07241488  5.08566666  5.96161509  2.71062279  5.02252007  3.79570127
   3.31318569  4.6230092   3.77734232  5.15687895  0.        ]
 [ 5.17450809  4.76904392  5.39704227  4.96190834  3.98360515  4.78341293
   3.73029304  5.86694574  5.78470659  3.37678981  5.24810648  4.72912455
   4.02753639  5.00409842  4.56713104  5.93909168  0.        ]
 [ 4.33636618  4.95206356  5.13168812  3.98176312  3.91764712  4.13272858
   3.3599658   5.37188673  5.64105558  3.48848915  4.26500273  4.2813077
   3.68914771  5.24583387  4.38387966  5.60917997  0.        ]
 [ 4.35386992  4.16666555  4.0574584   3.55232716  3.72135854  3.73306036
   3.05847907  5.67910194  4.60244131  2.93069458  4.78361273  3.93085361
   4.10871601  4.45057631  3.54526162  5.45569038  0.        ]
 [ 3.42495847  4.52348042  3.92693138  3.01725602  3.29994702  2.57464051
   2.58327031  4.62182856  4.44766712  2.9740653   3.87149882  3.42572308
   2.9068408   4.46848249  3.6255486   4.46510839  0.        ]
 [ 3.79351234  3.88300467  3.23552465  3.12555623  3.41688967  3.16383839
   2.91067243  4.31462765  4.55903959  3.0236001   4.48948717  3.18017006
   3.0427115   3.57645369  2.9810617   4.47695065  0.        ]
 [ 3.28410387  3.21664286  3.25551701  3.11663246  2.58768368  2.02977824
   2.24621248  3.91833973  3.87191868  2.50611567  3.50893927  3.23749352
   3.34552217  3.70657897  2.85272646  3.84842134  0.        ]
 [ 4.5236907   4.99259806  4.65467691  4.13626146  3.94837308  4.19462776
   3.50131965  5.22452784  5.38790369  3.53619576  4.71663618  4.24842787
   3.63178301  4.53812933  4.41452503  4.97578907  0.        ]
 [ 4.30612612  4.43071175  4.10312319  3.77215981  3.50914145  3.65279961
   2.88717818  4.95098829  4.77862453  3.29573441  4.37005615  3.63672709
   3.42688918  4.5788846   3.50554705  4.96967793  0.        ]
 [ 3.81271863  4.04912663  4.22001553  3.78438973  3.05931497  4.02527618
   3.00751042  4.94049931  4.81014156  3.13318324  5.14546776  3.76628399
   4.02218485  4.06932974  3.64475846  4.63768435  0.        ]
 [ 4.46488094  4.84609461  4.83993149  4.27552366  4.08322382  4.04942989
   3.8732295   5.73543215  5.80680037  3.82656169  5.62935352  4.32738829
   4.18892717  4.92013741  4.21872997  5.40712023  0.        ]
 [ 2.71059704  2.21705818  2.19207931  2.35735583  1.96186554  2.46036887
   1.87650323  2.47025228  3.40853739  1.92454171  2.601753    2.139498
   1.90046048  2.62938309  1.93183172  2.64383149  0.        ]
 [ 2.00080657  2.83834314  2.51740599  2.26121092  1.99489176  2.01109052
   1.61975408  2.9265554   2.93727875  2.06873107  3.35911131  2.21208167
   2.7151444   2.58308625  2.28279018  2.69774151  0.        ]
 [ 4.07801962  4.14588785  4.233706    3.77731562  3.27142215  3.38702106
   2.65000057  4.71464491  3.86162901  2.79186654  3.51500964  3.36918998
   3.58800364  4.07017374  3.17573071  4.45074368  0.        ]]
Expected:
 [[ 4.22538757  4.02827024  5.19695139  4.14473248  3.55179358  4.04679489
   3.5902493   4.96658993  5.66479349  2.54764152  4.51397896  3.70543909
   2.84623384  4.14864349  3.80647254  4.76890516  3.48836637]
 [ 4.14920568  3.82523203  2.92959952  2.89933872  4.12304211  3.97098494
   3.35643506  4.38393164  4.63125324  3.25912714  3.85956645  3.49419856
   3.35871935  3.79285502  3.26717854  4.58697128  2.55309367]
 [ 5.09377575  4.82003593  4.64838076  3.99309564  4.98203087  4.97590351
   3.91797709  5.69096661  6.13247824  3.63356614  5.03499651  4.18656254
   3.93166471  5.26144886  4.11152267  5.86644506  3.65421844]
 [ 5.52546072  4.77447891  5.8851676   5.05300617  4.64798546  5.5027132
   4.50890923  6.42432213  5.94204235  4.22666073  5.25959539  5.0890398
   4.59704828  5.59199095  4.87485313  6.59247875  4.27103567]
 [ 4.71596146  4.95794201  5.65965176  4.08029556  4.63625097  4.91073465
   4.20212889  5.97475338  5.81123209  4.40772247  4.2774291   4.67059755
   4.3051405   5.88170719  4.71671629  6.31589365  3.23847795]
 [ 4.59632111  4.17042017  4.39467335  3.61526084  4.18033743  4.22997952
   3.59637594  6.06415796  4.71113443  3.51781702  4.79154968  4.17949629
   4.50215626  4.85671425  3.75784731  5.90707445  2.69811916]
 [ 3.48124886  4.52435207  4.00522327  3.0318675   3.40650916  2.6900115
   2.70815516  4.71122789  4.47290277  3.11037898  3.87334156  3.48345113
   2.99818683  4.56277657  3.67490506  4.56990719  2.33881164]
 [ 3.84519863  3.88380504  3.3074131   3.13897252  3.51473594  3.26977301
   3.0253427   4.39671516  4.58221102  3.14876437  4.49117899  3.23317647
   3.1265862   3.66303539  3.02638125  4.57317781  2.76761436]
 [ 3.62197351  3.22187519  3.72544575  3.20433426  3.22729731  2.72226405
   2.99580312  4.45493793  4.02338886  3.32430482  3.51999974  3.58399177
   3.89380383  4.27255583  3.14897704  4.47745132  2.03467131]
 [ 4.53022337  4.99269915  4.66376305  4.1379571   3.96073985  4.20801687
   3.51581264  5.23490286  5.39083242  3.55201507  4.7168498   4.25512743
   3.64238381  4.54907227  4.4202528   4.98795128  3.28441501]
 [ 4.52481174  4.43409824  4.40728378  3.82892466  3.92313027  4.10100985
   3.37234974  5.29830074  4.87666368  3.82530618  4.37721491  3.86099768
   3.78176355  4.94521236  3.69729471  5.37681675  3.09939957]
 [ 4.0072403   4.05213881  4.49056721  3.83488226  3.42755938  4.42396069
   3.43907189  5.24943495  4.89734745  3.60423899  5.15183544  3.96577334
   4.33784676  4.39517927  3.81531882  4.99983549  3.28157187]
 [ 4.68754721  4.84954309  5.14962864  4.33332157  4.50474834  4.50579929
   4.36723232  6.08906651  5.90662384  4.3657732   5.63664293  4.55574131
   4.5502615   5.29313326  4.41396809  5.82167006  3.45839381]
 [ 2.95736504  2.22087979  2.53529859  2.42141008  2.42901635  2.96613598
   2.42397761  2.8621645   3.51916599  2.52211785  2.60983109  2.39256787
   2.3009057   3.04275227  2.14820266  3.10325265  2.11475849]
 [ 2.37487578  2.844136    3.03768349  2.35830903  2.70303416  2.77777004
   2.44965672  3.52064538  3.10497785  2.97458196  3.37135673  2.59570408
   3.32216954  3.20970249  2.61078143  3.39416647  1.94594622]
 [ 4.28096724  4.14903069  4.51597738  3.82999539  3.65561819  3.80297589
   3.10025644  5.03696299  3.95261264  3.28332734  3.52165341  3.57732081
   3.91733932  4.41013861  3.35367918  4.82858229  2.85735559]]
Difference:
 [[ -3.30214500e-02  -5.11169434e-04  -4.59280014e-02  -8.57162476e-03
   -6.25121593e-02  -6.76796436e-02  -7.32605457e-02  -5.24439812e-02
   -1.48038864e-02  -7.99651146e-02  -1.08098984e-03  -3.38647366e-02
   -5.35857677e-02  -5.53154945e-02  -2.89537907e-02  -6.14776611e-02
   -3.48836637e+00]
 [ -1.86757565e-01  -2.89225578e-03  -2.59753227e-01  -4.84771729e-02
   -3.53546619e-01  -3.82771730e-01  -4.14336443e-01  -2.96604633e-01
   -8.37254524e-02  -4.52254295e-01  -6.11376762e-03  -1.91526890e-01
   -3.03062677e-01  -3.12843800e-01  -1.63752556e-01  -3.47696304e-01
   -2.55309367e+00]
 [ -3.81127834e-01  -5.90229034e-03  -5.30094624e-01  -9.89303589e-02
   -7.21504211e-01  -7.81146049e-01  -8.45562220e-01  -6.05299950e-01
   -1.70863152e-01  -9.22943354e-01  -1.24764442e-02  -3.90861273e-01
   -6.18479013e-01  -6.38439655e-01  -3.34180355e-01  -7.09566116e-01
   -3.65421844e+00]
 [ -3.50952625e-01  -5.43498993e-03  -4.88125324e-01  -9.10978317e-02
   -6.64380312e-01  -7.19300270e-01  -7.78616190e-01  -5.57376385e-01
   -1.57335758e-01  -8.49870920e-01  -1.14889145e-02  -3.59915257e-01
   -5.69511890e-01  -5.87892532e-01  -3.07722092e-01  -6.53387070e-01
   -4.27103567e+00]
 [ -3.79595280e-01  -5.87844849e-03  -5.27963638e-01  -9.85324383e-02
   -7.18603849e-01  -7.78006077e-01  -8.42163086e-01  -6.02866650e-01
   -1.70176506e-01  -9.19233322e-01  -1.24263763e-02  -3.89289856e-01
   -6.15992785e-01  -6.35873318e-01  -3.32836628e-01  -7.06713676e-01
   -3.23847795e+00]
 [ -2.42451191e-01  -3.75461578e-03  -3.37214947e-01  -6.29336834e-02
   -4.58978891e-01  -4.96919155e-01  -5.37896872e-01  -3.85056019e-01
   -1.08693123e-01  -5.87122440e-01  -7.93695450e-03  -2.48642683e-01
   -3.93440247e-01  -4.06137943e-01  -2.12585688e-01  -4.51384068e-01
   -2.69811916e+00]
 [ -5.62903881e-02  -8.71658325e-04  -7.82918930e-02  -1.46114826e-02
   -1.06562138e-01  -1.15370989e-01  -1.24884844e-01  -8.93993378e-02
   -2.52356529e-02  -1.36313677e-01  -1.84273720e-03  -5.77280521e-02
   -9.13460255e-02  -9.42940712e-02  -4.93564606e-02  -1.04798794e-01
   -2.33881164e+00]
 [ -5.16862869e-02  -8.00371170e-04  -7.18884468e-02  -1.34162903e-02
   -9.78462696e-02  -1.05934620e-01  -1.14670277e-01  -8.20875168e-02
   -2.31714249e-02  -1.25164270e-01  -1.69181824e-03  -5.30064106e-02
   -8.38747025e-02  -8.65817070e-02  -4.53195572e-02  -9.62271690e-02
   -2.76761436e+00]
 [ -3.37869644e-01  -5.23233414e-03  -4.69928741e-01  -8.77017975e-02
   -6.39613628e-01  -6.92485809e-01  -7.49590635e-01  -5.36598206e-01
   -1.51470184e-01  -8.18189144e-01  -1.10604763e-02  -3.46498251e-01
   -5.48281670e-01  -5.65976858e-01  -2.96250582e-01  -6.29029989e-01
   -2.03467131e+00]
 [ -6.53266907e-03  -1.01089478e-04  -9.08613205e-03  -1.69563293e-03
   -1.23667717e-02  -1.33891106e-02  -1.44929886e-02  -1.03750229e-02
   -2.92873383e-03  -1.58193111e-02  -2.13623047e-04  -6.69956207e-03
   -1.06008053e-02  -1.09429359e-02  -5.72776794e-03  -1.21622086e-02
   -3.28441501e+00]
 [ -2.18685627e-01  -3.38649750e-03  -3.04160595e-01  -5.67648411e-02
   -4.13988829e-01  -4.48210239e-01  -4.85171556e-01  -3.47312450e-01
   -9.80391502e-02  -5.29571772e-01  -7.15875626e-03  -2.24270582e-01
   -3.54874372e-01  -3.66327763e-01  -1.91747665e-01  -4.07138824e-01
   -3.09939957e+00]
 [ -1.94521666e-01  -3.01218033e-03  -2.70551682e-01  -5.04925251e-02
   -3.68244410e-01  -3.98684502e-01  -4.31561470e-01  -3.08935642e-01
   -8.72058868e-02  -4.71055746e-01  -6.36768341e-03  -1.99489355e-01
   -3.15661907e-01  -3.25849533e-01  -1.70560360e-01  -3.62151146e-01
   -3.28157187e+00]
 [ -2.22666264e-01  -3.44848633e-03  -3.09697151e-01  -5.77979088e-02
   -4.21524525e-01  -4.56369400e-01  -4.94002819e-01  -3.53634357e-01
   -9.98234749e-02  -5.39211512e-01  -7.28940964e-03  -2.28353024e-01
   -3.61334324e-01  -3.72995853e-01  -1.95238113e-01  -4.14549828e-01
   -3.45839381e+00]
 [ -2.46767998e-01  -3.82161140e-03  -3.43219280e-01  -6.40542507e-02
   -4.67150807e-01  -5.05767107e-01  -5.47474384e-01  -3.91912222e-01
   -1.10628605e-01  -5.97576141e-01  -8.07809830e-03  -2.53069878e-01
   -4.00445223e-01  -4.13369179e-01  -2.16370940e-01  -4.59421158e-01
   -2.11475849e+00]
 [ -3.74069214e-01  -5.79285622e-03  -5.20277500e-01  -9.70981121e-02
   -7.08142400e-01  -7.66679525e-01  -8.29902649e-01  -5.94089985e-01
   -1.67699099e-01  -9.05850887e-01  -1.22454166e-02  -3.83622408e-01
   -6.07025146e-01  -6.26616240e-01  -3.27991247e-01  -6.96424961e-01
   -1.94594622e+00]
 [ -2.02947617e-01  -3.14283371e-03  -2.82271385e-01  -5.26797771e-02
   -3.84196043e-01  -4.15954828e-01  -4.50255871e-01  -3.22318077e-01
   -9.09836292e-02  -4.91460800e-01  -6.64377213e-03  -2.08130836e-01
   -3.29335690e-01  -3.39964867e-01  -1.77948475e-01  -3.77838612e-01
   -2.85735559e+00]]

FAILED! Dimensions:  (17, 16, 16)  Method:  CudaSharedMemory
Result:
 [[ 3.60483217  3.61360979  3.59795618  4.7096467   3.59413481  3.74615335
   3.71415806  4.8292551   3.06030965  4.19515228  4.50573778  4.16762686
   4.44275236  3.73782301  3.55219412  4.22923422]
 [ 0.          0.          0.          0.          0.          0.          0.
   0.          0.          0.          0.          0.          0.          0.
   0.          0.        ]
 [ 0.          0.          0.          0.          0.          0.          0.
   0.          0.          0.          0.          0.          0.          0.
   0.          0.        ]
 [ 0.          0.          0.          0.          0.          0.          0.
   0.          0.          0.          0.          0.          0.          0.
   0.          0.        ]
 [ 0.          0.          0.          0.          0.          0.          0.
   0.          0.          0.          0.          0.          0.          0.
   0.          0.        ]
 [ 0.          0.          0.          0.          0.          0.          0.
   0.          0.          0.          0.          0.          0.          0.
   0.          0.        ]
 [ 0.          0.          0.          0.          0.          0.          0.
   0.          0.          0.          0.          0.          0.          0.
   0.          0.        ]
 [ 0.          0.          0.          0.          0.          0.          0.
   0.          0.          0.          0.          0.          0.          0.
   0.          0.        ]
 [ 0.          0.          0.          0.          0.          0.          0.
   0.          0.          0.          0.          0.          0.          0.
   0.          0.        ]
 [ 0.          0.          0.          0.          0.          0.          0.
   0.          0.          0.          0.          0.          0.          0.
   0.          0.        ]
 [ 0.          0.          0.          0.          0.          0.          0.
   0.          0.          0.          0.          0.          0.          0.
   0.          0.        ]
 [ 0.          0.          0.          0.          0.          0.          0.
   0.          0.          0.          0.          0.          0.          0.
   0.          0.        ]
 [ 0.          0.          0.          0.          0.          0.          0.
   0.          0.          0.          0.          0.          0.          0.
   0.          0.        ]
 [ 0.          0.          0.          0.          0.          0.          0.
   0.          0.          0.          0.          0.          0.          0.
   0.          0.        ]
 [ 0.          0.          0.          0.          0.          0.          0.
   0.          0.          0.          0.          0.          0.          0.
   0.          0.        ]
 [ 0.          0.          0.          0.          0.          0.          0.
   0.          0.          0.          0.          0.          0.          0.
   0.          0.        ]
 [ 0.          0.          0.          0.          0.          0.          0.
   0.          0.          0.          0.          0.          0.          0.
   0.          0.        ]]
Expected:
 [[ 3.60483217  3.61360979  3.59795618  4.7096467   3.59413481  3.74615335
   3.71415806  4.8292551   3.06030965  4.19515228  4.50573778  4.16762686
   4.44275236  3.73782301  3.55219412  4.22923422]
 [ 4.79231358  4.71891165  4.16594648  5.6064496   4.2313242   4.36993599
   4.80509758  6.30595684  3.3140204   5.63729525  4.77463388  4.70748568
   5.02173901  4.14024019  4.04589272  4.82418013]
 [ 2.97160125  3.77119422  3.55297399  3.96559334  2.54300761  3.62246776
   3.30146003  4.08602524  2.92296481  3.67237973  3.6867466   4.06649017
   4.30283308  3.33554053  3.61892176  3.96066809]
 [ 4.72626257  5.18749523  4.55681753  6.01285839  4.02539825  5.13589621
   4.64086866  5.76452208  3.45918369  5.78776646  5.44390059  5.434165
   5.19966221  4.84605408  4.621418    5.74294901]
 [ 3.47430277  3.47135139  3.10148883  4.0738883   2.80306053  3.69047642
   3.2277379   4.85085487  2.67738867  3.80497599  3.3018105   3.37007928
   4.25974798  3.12533283  2.86712289  3.499125  ]
 [ 4.59008932  4.0367651   5.12148476  5.42135763  3.67411113  4.89155769
   3.29968357  5.74201298  3.67700529  5.03492212  5.22885799  5.67479563
   5.22502422  4.93414783  3.93099523  5.10558987]
 [ 5.43498468  4.58411074  5.30652714  6.57500362  4.78536749  5.78226185
   4.9916048   5.94764709  3.65652037  5.46612501  5.36313629  5.70920372
   6.35477734  4.92890835  5.20734692  6.26169491]
 [ 4.78492975  4.13945913  4.52023554  5.869133    3.73941994  4.83394527
   3.92792487  5.32025766  3.80972362  4.44646311  5.13335562  5.19380569
   5.58442783  4.78062582  3.98287559  4.94401455]
 [ 4.06387424  3.38336873  3.95494652  5.29816246  3.45627475  4.59017658
   3.70263767  4.84048939  2.45014381  4.23962736  4.11105394  4.38202047
   5.00182152  3.65333772  3.7746675   5.01010942]
 [ 3.22138858  3.65943241  3.06820536  4.41113329  3.41483736  4.69588041
   3.22439361  4.17628908  2.48793173  3.83127546  3.91144824  3.75653934
   4.22681952  3.2249248   3.25234675  4.7929163 ]
 [ 5.05563974  5.63535261  5.06446362  7.17812014  4.83985567  6.24357462
   5.54276752  6.42072344  4.03283882  5.90362597  6.30577564  6.06775141
   6.66128159  4.97458124  5.27008963  6.91338825]
 [ 4.55289841  3.7603898   4.17310667  5.6530714   4.19737434  4.83329725
   4.55027056  5.34886694  2.97347069  4.51264572  4.14599276  4.40464497
   5.22113514  3.81834388  4.13013744  5.12643147]
 [ 3.89888334  2.92712641  3.54324222  4.26447964  3.83680868  3.96452975
   3.53144121  4.51877499  2.24958134  4.10345793  3.86460376  3.82780313
   3.80184102  3.30381513  3.68358397  4.51819181]
 [ 4.66248512  4.65921354  4.15520668  6.03776836  4.24035215  4.99093008
   4.76268101  5.65597439  3.78576636  5.06838083  5.19394732  4.89431953
   5.47625875  4.88364792  4.0585022   5.18818903]
 [ 4.36049366  4.55057335  4.87385511  5.67519951  3.32027221  4.57717514
   3.53296161  5.40794802  3.96486545  4.91254568  5.30729914  6.02251816
   5.53798771  4.73899174  4.22068024  5.19107294]
 [ 4.64601517  3.80030966  4.1663866   5.87206697  4.0383935   4.56553125
   4.43274307  5.10994196  2.94273973  4.72245407  4.14127541  4.64173794
   5.22594595  4.19100523  3.38668418  4.7778821 ]
 [ 4.19165802  3.58845329  3.66217494  5.29661465  3.55365348  4.94205618
   4.05140114  4.2065053   2.40972281  4.07386398  4.19861603  4.45063639
   4.63756227  3.86460996  3.84301567  5.21472168]]
Difference:
 [[ 0.          0.          0.          0.          0.          0.          0.
   0.          0.          0.          0.          0.          0.          0.
   0.          0.        ]
 [-4.79231358 -4.71891165 -4.16594648 -5.6064496  -4.2313242  -4.36993599
  -4.80509758 -6.30595684 -3.3140204  -5.63729525 -4.77463388 -4.70748568
  -5.02173901 -4.14024019 -4.04589272 -4.82418013]
 [-2.97160125 -3.77119422 -3.55297399 -3.96559334 -2.54300761 -3.62246776
  -3.30146003 -4.08602524 -2.92296481 -3.67237973 -3.6867466  -4.06649017
  -4.30283308 -3.33554053 -3.61892176 -3.96066809]
 [-4.72626257 -5.18749523 -4.55681753 -6.01285839 -4.02539825 -5.13589621
  -4.64086866 -5.76452208 -3.45918369 -5.78776646 -5.44390059 -5.434165
  -5.19966221 -4.84605408 -4.621418   -5.74294901]
 [-3.47430277 -3.47135139 -3.10148883 -4.0738883  -2.80306053 -3.69047642
  -3.2277379  -4.85085487 -2.67738867 -3.80497599 -3.3018105  -3.37007928
  -4.25974798 -3.12533283 -2.86712289 -3.499125  ]
 [-4.59008932 -4.0367651  -5.12148476 -5.42135763 -3.67411113 -4.89155769
  -3.29968357 -5.74201298 -3.67700529 -5.03492212 -5.22885799 -5.67479563
  -5.22502422 -4.93414783 -3.93099523 -5.10558987]
 [-5.43498468 -4.58411074 -5.30652714 -6.57500362 -4.78536749 -5.78226185
  -4.9916048  -5.94764709 -3.65652037 -5.46612501 -5.36313629 -5.70920372
  -6.35477734 -4.92890835 -5.20734692 -6.26169491]
 [-4.78492975 -4.13945913 -4.52023554 -5.869133   -3.73941994 -4.83394527
  -3.92792487 -5.32025766 -3.80972362 -4.44646311 -5.13335562 -5.19380569
  -5.58442783 -4.78062582 -3.98287559 -4.94401455]
 [-4.06387424 -3.38336873 -3.95494652 -5.29816246 -3.45627475 -4.59017658
  -3.70263767 -4.84048939 -2.45014381 -4.23962736 -4.11105394 -4.38202047
  -5.00182152 -3.65333772 -3.7746675  -5.01010942]
 [-3.22138858 -3.65943241 -3.06820536 -4.41113329 -3.41483736 -4.69588041
  -3.22439361 -4.17628908 -2.48793173 -3.83127546 -3.91144824 -3.75653934
  -4.22681952 -3.2249248  -3.25234675 -4.7929163 ]
 [-5.05563974 -5.63535261 -5.06446362 -7.17812014 -4.83985567 -6.24357462
  -5.54276752 -6.42072344 -4.03283882 -5.90362597 -6.30577564 -6.06775141
  -6.66128159 -4.97458124 -5.27008963 -6.91338825]
 [-4.55289841 -3.7603898  -4.17310667 -5.6530714  -4.19737434 -4.83329725
  -4.55027056 -5.34886694 -2.97347069 -4.51264572 -4.14599276 -4.40464497
  -5.22113514 -3.81834388 -4.13013744 -5.12643147]
 [-3.89888334 -2.92712641 -3.54324222 -4.26447964 -3.83680868 -3.96452975
  -3.53144121 -4.51877499 -2.24958134 -4.10345793 -3.86460376 -3.82780313
  -3.80184102 -3.30381513 -3.68358397 -4.51819181]
 [-4.66248512 -4.65921354 -4.15520668 -6.03776836 -4.24035215 -4.99093008
  -4.76268101 -5.65597439 -3.78576636 -5.06838083 -5.19394732 -4.89431953
  -5.47625875 -4.88364792 -4.0585022  -5.18818903]
 [-4.36049366 -4.55057335 -4.87385511 -5.67519951 -3.32027221 -4.57717514
  -3.53296161 -5.40794802 -3.96486545 -4.91254568 -5.30729914 -6.02251816
  -5.53798771 -4.73899174 -4.22068024 -5.19107294]
 [-4.64601517 -3.80030966 -4.1663866  -5.87206697 -4.0383935  -4.56553125
  -4.43274307 -5.10994196 -2.94273973 -4.72245407 -4.14127541 -4.64173794
  -5.22594595 -4.19100523 -3.38668418 -4.7778821 ]
 [-4.19165802 -3.58845329 -3.66217494 -5.29661465 -3.55365348 -4.94205618
  -4.05140114 -4.2065053  -2.40972281 -4.07386398 -4.19861603 -4.45063639
  -4.63756227 -3.86460996 -3.84301567 -5.21472168]]

FAILED! Dimensions:  (17, 16, 17)  Method:  CudaSharedMemory
Result:
 [[ 3.15896702  4.04945183  5.06029224  4.01002407  4.13006926  2.74136019
   3.66959119  4.21020651  3.02625608  4.45343447  3.95767617  3.90591049
   4.04900789  3.82923508  4.39875221  3.80928111]
 [ 0.          0.          0.          0.          0.          0.          0.
   0.          0.          0.          0.          0.          0.          0.
   0.          0.        ]
 [ 0.          0.          0.          0.          0.          0.          0.
   0.          0.          0.          0.          0.          0.          0.
   0.          0.        ]
 [ 0.          0.          0.          0.          0.          0.          0.
   0.          0.          0.          0.          0.          0.          0.
   0.          0.        ]
 [ 0.          0.          0.          0.          0.          0.          0.
   0.          0.          0.          0.          0.          0.          0.
   0.          0.        ]
 [ 0.          0.          0.          0.          0.          0.          0.
   0.          0.          0.          0.          0.          0.          0.
   0.          0.        ]
 [ 0.          0.          0.          0.          0.          0.          0.
   0.          0.          0.          0.          0.          0.          0.
   0.          0.        ]
 [ 0.          0.          0.          0.          0.          0.          0.
   0.          0.          0.          0.          0.          0.          0.
   0.          0.        ]
 [ 0.          0.          0.          0.          0.          0.          0.
   0.          0.          0.          0.          0.          0.          0.
   0.          0.        ]
 [ 0.          0.          0.          0.          0.          0.          0.
   0.          0.          0.          0.          0.          0.          0.
   0.          0.        ]
 [ 0.          0.          0.          0.          0.          0.          0.
   0.          0.          0.          0.          0.          0.          0.
   0.          0.        ]
 [ 0.          0.          0.          0.          0.          0.          0.
   0.          0.          0.          0.          0.          0.          0.
   0.          0.        ]
 [ 0.          0.          0.          0.          0.          0.          0.
   0.          0.          0.          0.          0.          0.          0.
   0.          0.        ]
 [ 0.          0.          0.          0.          0.          0.          0.
   0.          0.          0.          0.          0.          0.          0.
   0.          0.        ]
 [ 0.          0.          0.          0.          0.          0.          0.
   0.          0.          0.          0.          0.          0.          0.
   0.          0.        ]
 [ 0.          0.          0.          0.          0.          0.          0.
   0.          0.          0.          0.          0.          0.          0.
   0.          0.        ]
 [ 0.          0.          0.          0.          0.          0.          0.
   0.          0.          0.          0.          0.          0.          0.
   0.          0.        ]]
Expected:
 [[ 3.17207718  4.40612888  5.30458403  4.03162289  4.38974428  2.78873134
   3.75011158  4.30825806  3.23747516  4.64864922  4.02047634  4.1199398
   4.17899656  3.90347314  4.57924509  3.94638205]
 [ 3.58646464  5.00240564  4.07674885  3.71991038  4.29904413  3.42320156
   4.10926104  4.71317005  3.55824447  4.9905591   4.10141325  4.42605257
   4.14853096  3.56375885  4.57083035  3.68300247]
 [ 3.34750462  5.67199564  4.63736868  3.00960374  5.03023148  3.95045328
   3.5723877   4.42613363  3.82986784  6.06331778  4.61419821  4.4280386
   4.57453251  4.0785656   5.20628214  4.4927063 ]
 [ 4.16713047  5.66004753  4.86833     3.57586288  5.13374662  4.50181866
   4.09688854  4.47576237  4.09701538  5.80807447  4.25904036  4.89689255
   5.1427269   3.97133756  4.99432802  4.47455406]
 [ 3.36065459  5.29129839  4.26779318  2.3528111   3.59486365  3.57909775
   3.60510397  3.79616833  3.066751    4.30103493  3.54870105  3.9748888
   3.39835072  3.76791334  3.76492238  3.92845297]
 [ 2.85409284  3.75667953  3.43010736  2.99401975  4.2603569   2.68557596
   3.19028854  3.43140674  2.61921167  4.25230885  3.40001035  3.49678421
   3.63630533  2.74852991  3.92309761  3.36880803]
 [ 4.01246166  5.75852633  5.2075839   3.3024199   4.75190926  3.59470153
   4.21257448  4.87729883  3.69370556  5.67632675  4.2516613   5.06751728
   4.25326252  3.93535924  4.67316914  4.55995798]
 [ 2.70265746  4.70345783  4.58136749  3.33068967  3.66607428  3.17177176
   3.72717333  4.16424036  3.43213511  5.08056355  3.83145094  3.96198463
   3.68005347  4.12750292  4.89789152  3.72183061]
 [ 3.42743778  5.15320683  4.72969675  2.7688427   4.93234158  3.17612004
   3.24757457  3.93020248  3.24862075  4.6569314   3.79365611  4.02830553
   4.35470438  3.84301519  4.34807396  4.69581938]
 [ 3.32628441  5.90037727  4.95316887  3.69714117  5.03789282  3.93276405
   4.44141722  5.1965518   3.96991777  5.74472618  4.60550213  4.93548346
   4.17000198  4.46556997  5.15808678  4.42622757]
 [ 3.20962024  4.84322786  4.03941774  3.10297203  4.45966721  3.27723193
   3.73413754  4.47348118  3.52887177  4.99274397  3.17897272  4.09145212
   4.05218601  2.96691775  4.15161848  3.32731175]
 [ 3.55316019  6.03461552  4.81170559  3.41613626  5.11444187  4.24484444
   3.69780684  4.57025766  4.17863131  6.16184092  4.1497016   4.64673042
   4.86567068  4.21765423  5.52909279  4.86015272]
 [ 3.99946666  6.35183477  4.88395214  3.41465688  5.50971937  3.55314684
   3.89852476  5.31794882  4.48880339  5.98780632  4.34510183  4.42993212
   5.39763451  3.89853907  5.29670286  4.13182449]
 [ 3.44637561  5.49029112  4.45057487  2.86336565  4.83373356  3.58968687
   3.70872951  3.93223858  3.53359103  5.38722372  4.74455214  4.44698906
   4.57110405  4.1525507   4.94743633  4.32888651]
 [ 3.37397981  5.83563375  4.26364708  3.64329576  4.47773695  4.03377295
   4.49971247  5.49498844  4.08240271  5.86069727  4.40653324  4.8038044
   4.33104801  4.42141104  4.53721285  3.95635891]
 [ 2.05952191  4.1537528   3.63819432  2.2219317   3.65387201  2.53198791
   2.4782815   3.41081858  2.72822142  3.90644646  3.02077699  2.73698807
   3.90244126  2.98644853  3.70486307  3.20524383]
 [ 3.97740579  6.3763237   5.46665287  3.88132429  5.37335825  3.76087236
   5.36866617  5.26885796  4.19932652  5.68310738  4.74842167  5.47262716
   5.16390467  4.16237783  5.49773741  4.5504837 ]]
Difference:
 [[-0.01311016 -0.35667706 -0.24429178 -0.02159882 -0.25967503 -0.04737115
  -0.08052039 -0.09805155 -0.21121907 -0.19521475 -0.06280017 -0.21402931
  -0.12998867 -0.07423806 -0.18049288 -0.13710093]
 [-3.58646464 -5.00240564 -4.07674885 -3.71991038 -4.29904413 -3.42320156
  -4.10926104 -4.71317005 -3.55824447 -4.9905591  -4.10141325 -4.42605257
  -4.14853096 -3.56375885 -4.57083035 -3.68300247]
 [-3.34750462 -5.67199564 -4.63736868 -3.00960374 -5.03023148 -3.95045328
  -3.5723877  -4.42613363 -3.82986784 -6.06331778 -4.61419821 -4.4280386
  -4.57453251 -4.0785656  -5.20628214 -4.4927063 ]
 [-4.16713047 -5.66004753 -4.86833    -3.57586288 -5.13374662 -4.50181866
  -4.09688854 -4.47576237 -4.09701538 -5.80807447 -4.25904036 -4.89689255
  -5.1427269  -3.97133756 -4.99432802 -4.47455406]
 [-3.36065459 -5.29129839 -4.26779318 -2.3528111  -3.59486365 -3.57909775
  -3.60510397 -3.79616833 -3.066751   -4.30103493 -3.54870105 -3.9748888
  -3.39835072 -3.76791334 -3.76492238 -3.92845297]
 [-2.85409284 -3.75667953 -3.43010736 -2.99401975 -4.2603569  -2.68557596
  -3.19028854 -3.43140674 -2.61921167 -4.25230885 -3.40001035 -3.49678421
  -3.63630533 -2.74852991 -3.92309761 -3.36880803]
 [-4.01246166 -5.75852633 -5.2075839  -3.3024199  -4.75190926 -3.59470153
  -4.21257448 -4.87729883 -3.69370556 -5.67632675 -4.2516613  -5.06751728
  -4.25326252 -3.93535924 -4.67316914 -4.55995798]
 [-2.70265746 -4.70345783 -4.58136749 -3.33068967 -3.66607428 -3.17177176
  -3.72717333 -4.16424036 -3.43213511 -5.08056355 -3.83145094 -3.96198463
  -3.68005347 -4.12750292 -4.89789152 -3.72183061]
 [-3.42743778 -5.15320683 -4.72969675 -2.7688427  -4.93234158 -3.17612004
  -3.24757457 -3.93020248 -3.24862075 -4.6569314  -3.79365611 -4.02830553
  -4.35470438 -3.84301519 -4.34807396 -4.69581938]
 [-3.32628441 -5.90037727 -4.95316887 -3.69714117 -5.03789282 -3.93276405
  -4.44141722 -5.1965518  -3.96991777 -5.74472618 -4.60550213 -4.93548346
  -4.17000198 -4.46556997 -5.15808678 -4.42622757]
 [-3.20962024 -4.84322786 -4.03941774 -3.10297203 -4.45966721 -3.27723193
  -3.73413754 -4.47348118 -3.52887177 -4.99274397 -3.17897272 -4.09145212
  -4.05218601 -2.96691775 -4.15161848 -3.32731175]
 [-3.55316019 -6.03461552 -4.81170559 -3.41613626 -5.11444187 -4.24484444
  -3.69780684 -4.57025766 -4.17863131 -6.16184092 -4.1497016  -4.64673042
  -4.86567068 -4.21765423 -5.52909279 -4.86015272]
 [-3.99946666 -6.35183477 -4.88395214 -3.41465688 -5.50971937 -3.55314684
  -3.89852476 -5.31794882 -4.48880339 -5.98780632 -4.34510183 -4.42993212
  -5.39763451 -3.89853907 -5.29670286 -4.13182449]
 [-3.44637561 -5.49029112 -4.45057487 -2.86336565 -4.83373356 -3.58968687
  -3.70872951 -3.93223858 -3.53359103 -5.38722372 -4.74455214 -4.44698906
  -4.57110405 -4.1525507  -4.94743633 -4.32888651]
 [-3.37397981 -5.83563375 -4.26364708 -3.64329576 -4.47773695 -4.03377295
  -4.49971247 -5.49498844 -4.08240271 -5.86069727 -4.40653324 -4.8038044
  -4.33104801 -4.42141104 -4.53721285 -3.95635891]
 [-2.05952191 -4.1537528  -3.63819432 -2.2219317  -3.65387201 -2.53198791
  -2.4782815  -3.41081858 -2.72822142 -3.90644646 -3.02077699 -2.73698807
  -3.90244126 -2.98644853 -3.70486307 -3.20524383]
 [-3.97740579 -6.3763237  -5.46665287 -3.88132429 -5.37335825 -3.76087236
  -5.36866617 -5.26885796 -4.19932652 -5.68310738 -4.74842167 -5.47262716
  -5.16390467 -4.16237783 -5.49773741 -4.5504837 ]]

FAILED! Dimensions:  (17, 17, 16)  Method:  CudaSharedMemory
Result:
 [[ 5.01199532  3.15891075  4.93083715  4.93806553  4.06572819  4.41955328
   4.89421701  5.04006004  4.85095167  5.44691515  5.78183603  4.52408981
   4.72962666  4.19341946  3.8429029   4.98118019  0.        ]
 [ 0.          0.          0.          0.          0.          0.          0.
   0.          0.          0.          0.          0.          0.          0.
   0.          3.78265429  0.        ]
 [ 0.          0.          0.          0.          0.          0.          0.
   0.          0.          0.          0.          0.          0.          0.
   0.          4.22085142  0.        ]
 [ 0.          0.          0.          0.          0.          0.          0.
   0.          0.          0.          0.          0.          0.          0.
   0.          3.27624202  0.        ]
 [ 0.          0.          0.          0.          0.          0.          0.
   0.          0.          0.          0.          0.          0.          0.
   0.          4.16982651  0.        ]
 [ 0.          0.          0.          0.          0.          0.          0.
   0.          0.          0.          0.          0.          0.          0.
   0.          3.78864884  0.        ]
 [ 0.          0.          0.          0.          0.          0.          0.
   0.          0.          0.          0.          0.          0.          0.
   0.          4.78395319  0.        ]
 [ 0.          0.          0.          0.          0.          0.          0.
   0.          0.          0.          0.          0.          0.          0.
   0.          4.73177862  0.        ]
 [ 0.          0.          0.          0.          0.          0.          0.
   0.          0.          0.          0.          0.          0.          0.
   0.          3.82268834  0.        ]
 [ 0.          0.          0.          0.          0.          0.          0.
   0.          0.          0.          0.          0.          0.          0.
   0.          3.21776485  0.        ]
 [ 0.          0.          0.          0.          0.          0.          0.
   0.          0.          0.          0.          0.          0.          0.
   0.          3.108109    0.        ]
 [ 0.          0.          0.          0.          0.          0.          0.
   0.          0.          0.          0.          0.          0.          0.
   0.          4.15163803  0.        ]
 [ 0.          0.          0.          0.          0.          0.          0.
   0.          0.          0.          0.          0.          0.          0.
   0.          4.72451067  0.        ]
 [ 0.          0.          0.          0.          0.          0.          0.
   0.          0.          0.          0.          0.          0.          0.
   0.          3.99819565  0.        ]
 [ 0.          0.          0.          0.          0.          0.          0.
   0.          0.          0.          0.          0.          0.          0.
   0.          3.18294096  0.        ]
 [ 0.          0.          0.          0.          0.          0.          0.
   0.          0.          0.          0.          0.          0.          0.
   0.          4.15068817  0.        ]
 [ 0.          0.          0.          0.          0.          0.          0.
   0.          0.          0.          0.          0.          0.          0.
   0.          0.          0.        ]]
Expected:
 [[ 5.01199532  3.15891075  4.93083715  4.93806553  4.06572819  4.41955328
   4.89421701  5.04006004  4.85095167  5.44691515  5.78183603  4.52408981
   4.72962666  4.19341946  3.8429029   4.98118019  5.10261679]
 [ 4.2297368   2.45746088  4.4592185   4.34149361  3.91140223  4.63715315
   3.06129026  4.28205109  4.24550915  5.06087446  4.74911928  3.49328399
   3.81924987  2.81814551  3.36188889  3.78265429  4.49113369]
 [ 5.45097351  3.19569016  5.14816475  4.74645662  4.30709314  4.22534084
   3.9763279   4.62984896  4.93973017  6.1649704   5.28290176  4.27692652
   4.5402627   3.44591212  3.7064352   4.22085142  4.60340166]
 [ 4.09858561  2.11176562  4.19360685  3.61018729  3.73585558  4.43686342
   3.55918694  4.50784445  3.8262465   4.6397419   4.14819145  4.01947165
   3.38887334  2.87448549  3.08148599  3.27624202  3.71650219]
 [ 4.5427413   2.56150413  4.76275015  3.94811249  3.64575839  3.74778032
   3.91121626  3.99652219  4.49466896  4.7333045   4.88660288  3.88365054
   4.33104849  3.43890023  4.11424732  4.16982651  4.2220149 ]
 [ 5.31323528  2.36946034  5.55300713  4.4112134   4.69946337  4.5917244
   4.54043865  4.46118498  4.44630241  5.06363058  5.3501606   3.62656164
   4.34440327  3.03106141  3.53263688  3.78864884  4.84106255]
 [ 5.61496973  2.85587597  6.02016163  5.01657057  4.80749178  5.24496508
   4.23958445  4.7410593   4.78144121  5.61383152  5.80424738  3.98071265
   5.01874256  3.55907845  4.30426264  4.78395319  5.29640007]
 [ 4.74830198  2.88134503  5.04240799  4.56027651  3.70259857  3.97724986
   4.41546059  3.70096254  4.33578396  4.6439991   5.37877655  3.24817324
   4.66651249  3.60532975  3.95601487  4.73177862  4.94582176]
 [ 3.81071424  2.62433791  4.17588568  3.66069627  3.13151097  3.21066093
   3.52694583  3.70327926  3.61648178  4.49843502  4.24176931  3.43795466
   3.98664522  3.1892767   2.92614555  3.82268834  3.89811516]
 [ 3.84796953  2.42679691  3.85704684  3.51917362  3.68406367  3.29431343
   3.62010407  3.68488669  3.97659016  4.27917576  4.46319628  3.23282576
   3.09627271  3.46065187  2.94069147  3.21776485  4.01669979]
 [ 3.11301136  2.02088046  3.22113252  3.02473807  3.2491827   2.60538673
   3.09044933  3.21116471  2.89865136  3.54885578  3.36617613  3.15756369
   2.65629816  3.22883272  2.41729093  3.108109    2.78449702]
 [ 4.71998358  2.38010502  4.85021448  4.59203243  4.01877737  3.89969206
   4.22410917  4.32019854  3.84732318  4.86161709  5.18877983  3.34742117
   4.33346939  2.90690923  3.57368636  4.15163803  4.37075281]
 [ 5.53128624  3.18714285  5.43702602  5.32035589  5.18187475  4.9367404
   4.66798878  5.10933638  5.14685631  6.14163733  6.08499575  4.66245317
   4.88085842  4.331738    4.39662504  4.72451067  5.0986867 ]
 [ 4.97791767  3.04243731  5.10822201  5.29133987  3.8920958   5.37033987
   4.34377527  4.75828218  5.0536375   5.77435541  5.96319103  4.10878086
   5.05645227  3.62520456  3.90077758  3.99819565  5.53247023]
 [ 3.89300799  2.18917346  3.87450099  4.36167765  3.07929873  3.71414113
   3.30411243  3.68477845  3.30160046  4.27577829  4.48055792  2.85024834
   4.26038456  2.37854624  3.40126419  3.18294096  3.65798402]
 [ 4.57654285  2.64015007  4.81854916  4.35977697  4.60434103  5.05229998
   3.67026687  5.2195673   4.63301754  5.3775959   4.95128727  4.73694658
   3.96501112  3.64831638  3.93268466  4.15068817  4.19334936]
 [ 4.24067497  2.7150948   4.70232582  4.66190577  3.58341765  4.18875265
   3.57000351  4.38297653  4.41765881  5.08731413  5.36331749  3.61526227
   4.41489124  3.68709922  3.6698916   4.4064126   5.13163853]]
Difference:
 [[ 0.          0.          0.          0.          0.          0.          0.
   0.          0.          0.          0.          0.          0.          0.
   0.          0.         -5.10261679]
 [-4.2297368  -2.45746088 -4.4592185  -4.34149361 -3.91140223 -4.63715315
  -3.06129026 -4.28205109 -4.24550915 -5.06087446 -4.74911928 -3.49328399
  -3.81924987 -2.81814551 -3.36188889  0.         -4.49113369]
 [-5.45097351 -3.19569016 -5.14816475 -4.74645662 -4.30709314 -4.22534084
  -3.9763279  -4.62984896 -4.93973017 -6.1649704  -5.28290176 -4.27692652
  -4.5402627  -3.44591212 -3.7064352   0.         -4.60340166]
 [-4.09858561 -2.11176562 -4.19360685 -3.61018729 -3.73585558 -4.43686342
  -3.55918694 -4.50784445 -3.8262465  -4.6397419  -4.14819145 -4.01947165
  -3.38887334 -2.87448549 -3.08148599  0.         -3.71650219]
 [-4.5427413  -2.56150413 -4.76275015 -3.94811249 -3.64575839 -3.74778032
  -3.91121626 -3.99652219 -4.49466896 -4.7333045  -4.88660288 -3.88365054
  -4.33104849 -3.43890023 -4.11424732  0.         -4.2220149 ]
 [-5.31323528 -2.36946034 -5.55300713 -4.4112134  -4.69946337 -4.5917244
  -4.54043865 -4.46118498 -4.44630241 -5.06363058 -5.3501606  -3.62656164
  -4.34440327 -3.03106141 -3.53263688  0.         -4.84106255]
 [-5.61496973 -2.85587597 -6.02016163 -5.01657057 -4.80749178 -5.24496508
  -4.23958445 -4.7410593  -4.78144121 -5.61383152 -5.80424738 -3.98071265
  -5.01874256 -3.55907845 -4.30426264  0.         -5.29640007]
 [-4.74830198 -2.88134503 -5.04240799 -4.56027651 -3.70259857 -3.97724986
  -4.41546059 -3.70096254 -4.33578396 -4.6439991  -5.37877655 -3.24817324
  -4.66651249 -3.60532975 -3.95601487  0.         -4.94582176]
 [-3.81071424 -2.62433791 -4.17588568 -3.66069627 -3.13151097 -3.21066093
  -3.52694583 -3.70327926 -3.61648178 -4.49843502 -4.24176931 -3.43795466
  -3.98664522 -3.1892767  -2.92614555  0.         -3.89811516]
 [-3.84796953 -2.42679691 -3.85704684 -3.51917362 -3.68406367 -3.29431343
  -3.62010407 -3.68488669 -3.97659016 -4.27917576 -4.46319628 -3.23282576
  -3.09627271 -3.46065187 -2.94069147  0.         -4.01669979]
 [-3.11301136 -2.02088046 -3.22113252 -3.02473807 -3.2491827  -2.60538673
  -3.09044933 -3.21116471 -2.89865136 -3.54885578 -3.36617613 -3.15756369
  -2.65629816 -3.22883272 -2.41729093  0.         -2.78449702]
 [-4.71998358 -2.38010502 -4.85021448 -4.59203243 -4.01877737 -3.89969206
  -4.22410917 -4.32019854 -3.84732318 -4.86161709 -5.18877983 -3.34742117
  -4.33346939 -2.90690923 -3.57368636  0.         -4.37075281]
 [-5.53128624 -3.18714285 -5.43702602 -5.32035589 -5.18187475 -4.9367404
  -4.66798878 -5.10933638 -5.14685631 -6.14163733 -6.08499575 -4.66245317
  -4.88085842 -4.331738   -4.39662504  0.         -5.0986867 ]
 [-4.97791767 -3.04243731 -5.10822201 -5.29133987 -3.8920958  -5.37033987
  -4.34377527 -4.75828218 -5.0536375  -5.77435541 -5.96319103 -4.10878086
  -5.05645227 -3.62520456 -3.90077758  0.         -5.53247023]
 [-3.89300799 -2.18917346 -3.87450099 -4.36167765 -3.07929873 -3.71414113
  -3.30411243 -3.68477845 -3.30160046 -4.27577829 -4.48055792 -2.85024834
  -4.26038456 -2.37854624 -3.40126419  0.         -3.65798402]
 [-4.57654285 -2.64015007 -4.81854916 -4.35977697 -4.60434103 -5.05229998
  -3.67026687 -5.2195673  -4.63301754 -5.3775959  -4.95128727 -4.73694658
  -3.96501112 -3.64831638 -3.93268466  0.         -4.19334936]
 [-4.24067497 -2.7150948  -4.70232582 -4.66190577 -3.58341765 -4.18875265
  -3.57000351 -4.38297653 -4.41765881 -5.08731413 -5.36331749 -3.61526227
  -4.41489124 -3.68709922 -3.6698916  -4.4064126  -5.13163853]]

FAILED! Dimensions:  (17, 17, 17)  Method:  CudaSharedMemory
Result:
 [[ 5.8873105   5.60360765  6.96839428  5.67354155  5.55816269  6.57275629
   5.5278182   4.82661295  5.87590933  6.50388575  4.82286787  6.84657955
   5.95531702  5.04226685  4.0567894   6.27077246  0.60514569]
 [ 0.          0.          0.          0.          0.          0.          0.
   0.          0.          0.          0.          0.          0.          0.
   0.          4.59280205  0.38275874]
 [ 0.          0.          0.          0.          0.          0.          0.
   0.          0.          0.          0.          0.          0.          0.
   0.          3.80697012  0.33084932]
 [ 0.          0.          0.          0.          0.          0.          0.
   0.          0.          0.          0.          0.          0.          0.
   0.          4.28456211  0.76498938]
 [ 0.          0.          0.          0.          0.          0.          0.
   0.          0.          0.          0.          0.          0.          0.
   0.          4.03891039  0.05667591]
 [ 0.          0.          0.          0.          0.          0.          0.
   0.          0.          0.          0.          0.          0.          0.
   0.          3.28965712  0.81623739]
 [ 0.          0.          0.          0.          0.          0.          0.
   0.          0.          0.          0.          0.          0.          0.
   0.          5.01016903  0.5681954 ]
 [ 0.          0.          0.          0.          0.          0.          0.
   0.          0.          0.          0.          0.          0.          0.
   0.          3.9776125   0.6203506 ]
 [ 0.          0.          0.          0.          0.          0.          0.
   0.          0.          0.          0.          0.          0.          0.
   0.          5.43791294  0.16657788]
 [ 0.          0.          0.          0.          0.          0.          0.
   0.          0.          0.          0.          0.          0.          0.
   0.          5.41947746  0.55691653]
 [ 0.          0.          0.          0.          0.          0.          0.
   0.          0.          0.          0.          0.          0.          0.
   0.          3.41422319  0.22005415]
 [ 0.          0.          0.          0.          0.          0.          0.
   0.          0.          0.          0.          0.          0.          0.
   0.          4.60422945  0.29100436]
 [ 0.          0.          0.          0.          0.          0.          0.
   0.          0.          0.          0.          0.          0.          0.
   0.          4.00463295  0.81354302]
 [ 0.          0.          0.          0.          0.          0.          0.
   0.          0.          0.          0.          0.          0.          0.
   0.          4.26971579  0.50519925]
 [ 0.          0.          0.          0.          0.          0.          0.
   0.          0.          0.          0.          0.          0.          0.
   0.          5.94797802  0.25635552]
 [ 0.          0.          0.          0.          0.          0.          0.
   0.          0.          0.          0.          0.          0.          0.
   0.          4.24861097  0.04281851]
 [ 0.21749489  0.50657719  0.06233378  0.63085783  0.34175423  0.58213663
   0.43137738  0.15000537  0.05767417  0.19955835  0.61863959  0.54994524
   0.13632502  0.37013382  0.02465523  0.04127518  0.02775528]]
Expected:
 [[ 6.10524845  6.11121702  7.03085518  6.30568504  5.90061331  7.15607929
   5.9600749   4.97692394  5.93370104  6.70385075  5.4427681   7.39764547
   6.0919199   5.41315508  4.08149481  6.31213188  6.22058392]
 [ 4.10542583  3.29073501  4.41205359  4.47477007  3.56395459  4.55494308
   3.78338003  3.4463098   3.72872639  4.32153988  3.77831316  4.63110161
   3.88198566  3.79902577  3.41241264  4.61896229  5.06604671]
 [ 4.06299543  4.54132462  4.62527704  4.53605747  3.93227196  4.66510487
   3.60237384  3.03831124  4.17813301  5.34256697  4.62392139  4.14170265
   3.87763047  3.52369642  3.08108377  3.82958245  4.26190662]
 [ 4.50254393  5.0903182   5.32931805  5.5455904   4.10644054  5.83482456
   4.23642159  3.78615332  4.23016357  5.46121502  4.98574638  4.97114849
   4.80965805  3.52451658  2.63737178  4.33684587  4.82197237]
 [ 4.14656258  3.38491464  4.89365244  3.92313814  3.12081742  4.55198288
   3.63195467  3.271842    3.89332771  4.02524567  3.33458972  4.60257006
   3.87618256  2.76606178  2.88339353  4.04278374  4.26420927]
 [ 3.61081171  3.33786297  3.84145808  4.32992029  2.83921599  4.30865335
   3.16615844  2.47327852  3.59766603  3.23883271  3.5176599   4.03874254
   2.94427109  2.51831794  3.21744919  3.34544373  3.49950528]
 [ 4.69533396  4.53835011  4.81320333  4.49795628  4.7716136   5.32190418
   4.22385979  3.69814014  4.75858402  5.54354     4.369874    5.82662678
   4.51580238  4.05254364  3.45516014  5.04900312  4.69423008]
 [ 4.05428696  3.97638655  4.68078232  3.57744884  3.87640095  5.1294446
   3.80265188  3.22682428  4.03405333  4.31280518  3.77021551  4.98404455
   3.51442194  3.36715221  2.69513822  4.02001095  4.38736057]
 [ 5.04931879  4.4598217   5.54282284  5.30785227  4.79341793  5.53048182
   4.30970144  4.55917549  5.28554392  5.68448114  4.36174297  4.94267654
   4.80614662  4.52470732  4.42498827  5.4492979   5.15392876]
 [ 5.70255423  4.66338062  5.4804306   6.02805567  4.74163961  5.85248899
   4.63503218  3.94749689  4.93387938  5.95541477  4.56124926  5.43725252
   4.72308397  4.15021181  4.05093241  5.45754051  4.58802366]
 [ 3.0818646   3.34330153  4.07305861  4.03426361  3.04908347  3.72009945
   3.34319139  2.47512841  2.92106676  3.781775    3.43813705  4.06961775
   3.67348957  3.30110168  2.73553395  3.42926311  3.87628675]
 [ 4.61011171  4.58946753  5.25942087  4.75130939  4.83308506  5.08433771
   4.26580286  3.3932972   4.19196177  5.39682293  4.12823963  5.34862423
   4.27580166  4.59292173  3.13944268  4.62411833  4.61513615]
 [ 4.21426773  4.02655363  4.25854874  4.62642908  4.15748072  4.45630455
   3.84037232  2.99180627  4.16532278  4.07290697  3.84153318  5.17818642
   3.39655304  3.10832953  2.95368147  4.0602355   3.83649039]
 [ 4.05131578  4.77332735  4.9754858   5.06884909  3.8071599   5.27377653
   3.81758523  3.50939059  4.604743    4.97257853  4.31649351  4.57545567
   4.50296879  3.07738972  3.36154032  4.30424404  4.31075382]
 [ 5.27290916  5.62447023  6.22903538  5.87541151  5.01486778  6.25077629
   4.92333174  4.55806875  5.87384796  6.25990391  5.38810158  6.57401323
   6.23588276  4.52818441  4.42023706  5.96549892  5.79432058]
 [ 4.11408043  3.52056694  4.45228767  3.59486341  3.48212862  3.88103724
   3.41966963  2.96734571  3.94489789  4.27393627  3.51543689  4.31313276
   3.56995797  2.70789266  2.8550303   4.25153732  3.99308276]
 [ 4.61440945  4.20426846  5.04214239  4.61188555  4.00278378  4.77335167
   4.28173733  3.48983812  4.96986151  4.95589304  3.80058241  5.24368191
   4.56330299  3.68355107  4.18643522  4.80951738  4.04144907]]
Difference:
 [[ -2.17937946e-01  -5.07609367e-01  -6.24608994e-02  -6.32143497e-01
   -3.42450619e-01  -5.83323002e-01  -4.32256699e-01  -1.50310993e-01
   -5.77917099e-02  -1.99965000e-01  -6.19900227e-01  -5.51065922e-01
   -1.36602879e-01  -3.70888233e-01  -2.47054100e-02  -4.13594246e-02
   -5.61543846e+00]
 [ -4.10542583e+00  -3.29073501e+00  -4.41205359e+00  -4.47477007e+00
   -3.56395459e+00  -4.55494308e+00  -3.78338003e+00  -3.44630980e+00
   -3.72872639e+00  -4.32153988e+00  -3.77831316e+00  -4.63110161e+00
   -3.88198566e+00  -3.79902577e+00  -3.41241264e+00  -2.61602402e-02
   -4.68328810e+00]
 [ -4.06299543e+00  -4.54132462e+00  -4.62527704e+00  -4.53605747e+00
   -3.93227196e+00  -4.66510487e+00  -3.60237384e+00  -3.03831124e+00
   -4.17813301e+00  -5.34256697e+00  -4.62392139e+00  -4.14170265e+00
   -3.87763047e+00  -3.52369642e+00  -3.08108377e+00  -2.26123333e-02
   -3.93105721e+00]
 [ -4.50254393e+00  -5.09031820e+00  -5.32931805e+00  -5.54559040e+00
   -4.10644054e+00  -5.83482456e+00  -4.23642159e+00  -3.78615332e+00
   -4.23016357e+00  -5.46121502e+00  -4.98574638e+00  -4.97114849e+00
   -4.80965805e+00  -3.52451658e+00  -2.63737178e+00  -5.22837639e-02
   -4.05698299e+00]
 [ -4.14656258e+00  -3.38491464e+00  -4.89365244e+00  -3.92313814e+00
   -3.12081742e+00  -4.55198288e+00  -3.63195467e+00  -3.27184200e+00
   -3.89332771e+00  -4.02524567e+00  -3.33458972e+00  -4.60257006e+00
   -3.87618256e+00  -2.76606178e+00  -2.88339353e+00  -3.87334824e-03
   -4.20753336e+00]
 [ -3.61081171e+00  -3.33786297e+00  -3.84145808e+00  -4.32992029e+00
   -2.83921599e+00  -4.30865335e+00  -3.16615844e+00  -2.47327852e+00
   -3.59766603e+00  -3.23883271e+00  -3.51765990e+00  -4.03874254e+00
   -2.94427109e+00  -2.51831794e+00  -3.21744919e+00  -5.57866096e-02
   -2.68326783e+00]
 [ -4.69533396e+00  -4.53835011e+00  -4.81320333e+00  -4.49795628e+00
   -4.77161360e+00  -5.32190418e+00  -4.22385979e+00  -3.69814014e+00
   -4.75858402e+00  -5.54354000e+00  -4.36987400e+00  -5.82662678e+00
   -4.51580238e+00  -4.05254364e+00  -3.45516014e+00  -3.88340950e-02
   -4.12603474e+00]
 [ -4.05428696e+00  -3.97638655e+00  -4.68078232e+00  -3.57744884e+00
   -3.87640095e+00  -5.12944460e+00  -3.80265188e+00  -3.22682428e+00
   -4.03405333e+00  -4.31280518e+00  -3.77021551e+00  -4.98404455e+00
   -3.51442194e+00  -3.36715221e+00  -2.69513822e+00  -4.23984528e-02
   -3.76700997e+00]
 [ -5.04931879e+00  -4.45982170e+00  -5.54282284e+00  -5.30785227e+00
   -4.79341793e+00  -5.53048182e+00  -4.30970144e+00  -4.55917549e+00
   -5.28554392e+00  -5.68448114e+00  -4.36174297e+00  -4.94267654e+00
   -4.80614662e+00  -4.52470732e+00  -4.42498827e+00  -1.13849640e-02
   -4.98735094e+00]
 [ -5.70255423e+00  -4.66338062e+00  -5.48043060e+00  -6.02805567e+00
   -4.74163961e+00  -5.85248899e+00  -4.63503218e+00  -3.94749689e+00
   -4.93387938e+00  -5.95541477e+00  -4.56124926e+00  -5.43725252e+00
   -4.72308397e+00  -4.15021181e+00  -4.05093241e+00  -3.80630493e-02
   -4.03110695e+00]
 [ -3.08186460e+00  -3.34330153e+00  -4.07305861e+00  -4.03426361e+00
   -3.04908347e+00  -3.72009945e+00  -3.34319139e+00  -2.47512841e+00
   -2.92106676e+00  -3.78177500e+00  -3.43813705e+00  -4.06961775e+00
   -3.67348957e+00  -3.30110168e+00  -2.73553395e+00  -1.50399208e-02
   -3.65623260e+00]
 [ -4.61011171e+00  -4.58946753e+00  -5.25942087e+00  -4.75130939e+00
   -4.83308506e+00  -5.08433771e+00  -4.26580286e+00  -3.39329720e+00
   -4.19196177e+00  -5.39682293e+00  -4.12823963e+00  -5.34862423e+00
   -4.27580166e+00  -4.59292173e+00  -3.13944268e+00  -1.98888779e-02
   -4.32413197e+00]
 [ -4.21426773e+00  -4.02655363e+00  -4.25854874e+00  -4.62642908e+00
   -4.15748072e+00  -4.45630455e+00  -3.84037232e+00  -2.99180627e+00
   -4.16532278e+00  -4.07290697e+00  -3.84153318e+00  -5.17818642e+00
   -3.39655304e+00  -3.10832953e+00  -2.95368147e+00  -5.56025505e-02
   -3.02294731e+00]
 [ -4.05131578e+00  -4.77332735e+00  -4.97548580e+00  -5.06884909e+00
   -3.80715990e+00  -5.27377653e+00  -3.81758523e+00  -3.50939059e+00
   -4.60474300e+00  -4.97257853e+00  -4.31649351e+00  -4.57545567e+00
   -4.50296879e+00  -3.07738972e+00  -3.36154032e+00  -3.45282555e-02
   -3.80555463e+00]
 [ -5.27290916e+00  -5.62447023e+00  -6.22903538e+00  -5.87541151e+00
   -5.01486778e+00  -6.25077629e+00  -4.92333174e+00  -4.55806875e+00
   -5.87384796e+00  -6.25990391e+00  -5.38810158e+00  -6.57401323e+00
   -6.23588276e+00  -4.52818441e+00  -4.42023706e+00  -1.75209045e-02
   -5.53796482e+00]
 [ -4.11408043e+00  -3.52056694e+00  -4.45228767e+00  -3.59486341e+00
   -3.48212862e+00  -3.88103724e+00  -3.41966963e+00  -2.96734571e+00
   -3.94489789e+00  -4.27393627e+00  -3.51543689e+00  -4.31313276e+00
   -3.56995797e+00  -2.70789266e+00  -2.85503030e+00  -2.92634964e-03
   -3.95026422e+00]
 [ -4.39691448e+00  -3.69769120e+00  -4.97980881e+00  -3.98102760e+00
   -3.66102958e+00  -4.19121504e+00  -3.85035992e+00  -3.33983278e+00
   -4.91218710e+00  -4.75633478e+00  -3.18194294e+00  -4.69373655e+00
   -4.42697811e+00  -3.31341720e+00  -4.16177988e+00  -4.76824236e+00
   -4.01369381e+00]]

Method: CudaSharedMemory          , dims: (16, 16, 16)        , pass(1)/fail(0): 1,	 time (s): 0.003531217575073242

Method: CudaSharedMemory          , dims: (16, 16, 17)        , pass(1)/fail(0): 0,	 time (s): 0.0009970664978027344

Method: CudaSharedMemory          , dims: (16, 17, 16)        , pass(1)/fail(0): 0,	 time (s): 0.0011303424835205078

Method: CudaSharedMemory          , dims: (16, 17, 17)        , pass(1)/fail(0): 0,	 time (s): 0.0010035037994384766

Method: CudaSharedMemory          , dims: (17, 16, 16)        , pass(1)/fail(0): 0,	 time (s): 0.001123189926147461

Method: CudaSharedMemory          , dims: (17, 16, 17)        , pass(1)/fail(0): 0,	 time (s): 0.0010254383087158203

Method: CudaSharedMemory          , dims: (17, 17, 16)        , pass(1)/fail(0): 0,	 time (s): 0.0010383129119873047

Method: CudaSharedMemory          , dims: (17, 17, 17)        , pass(1)/fail(0): 0,	 time (s): 0.0010144710540771484

