Device name: b'Tesla K80'
Compute capability: (3, 7)
Total global memory (GB): 11.173095703125
Free global memory (GB): 11.115966796875
Used global memory (GB): 0.05712890625
Max threads per block: 1024
Max block dimensions: x=1024, y=1024, z=64
Max grid dimensions: x=2147483647, y=65535, z=65535
Max shared memory per block (KB): 48.0
BPG:  (1, 1)  TPB:  (16, 16)
BPG:  (1, 1)  TPB:  (16, 16)
BPG:  (2, 1)  TPB:  (16, 16)
BPG:  (2, 1)  TPB:  (16, 16)
BPG:  (1, 2)  TPB:  (16, 16)
BPG:  (1, 2)  TPB:  (16, 16)
FAILED! Dimensions:  (17, 16, 17)  Method:  CudaSharedMemory
Result:
 [[ 80.  80.  80.  80.  80.  80.  80.  80.  80.  80.  80.  80.  80.  80.
   80.  80.]
 [ 80.  80.  80.  80.  80.  80.  80.  80.  80.  80.  80.  80.  80.  80.
   80.  80.]
 [ 80.  80.  80.  80.  80.  80.  80.  80.  80.  80.  80.  80.  80.  80.
   80.  80.]
 [ 80.  80.  80.  80.  80.  80.  80.  80.  80.  80.  80.  80.  80.  80.
   80.  80.]
 [ 80.  80.  80.  80.  80.  80.  80.  80.  80.  80.  80.  80.  80.  80.
   80.  80.]
 [ 80.  80.  80.  80.  80.  80.  80.  80.  80.  80.  80.  80.  80.  80.
   80.  80.]
 [ 80.  80.  80.  80.  80.  80.  80.  80.  80.  80.  80.  80.  80.  80.
   80.  80.]
 [ 80.  80.  80.  80.  80.  80.  80.  80.  80.  80.  80.  80.  80.  80.
   80.  80.]
 [ 80.  80.  80.  80.  80.  80.  80.  80.  80.  80.  80.  80.  80.  80.
   80.  80.]
 [ 80.  80.  80.  80.  80.  80.  80.  80.  80.  80.  80.  80.  80.  80.
   80.  80.]
 [ 80.  80.  80.  80.  80.  80.  80.  80.  80.  80.  80.  80.  80.  80.
   80.  80.]
 [ 80.  80.  80.  80.  80.  80.  80.  80.  80.  80.  80.  80.  80.  80.
   80.  80.]
 [ 80.  80.  80.  80.  80.  80.  80.  80.  80.  80.  80.  80.  80.  80.
   80.  80.]
 [ 80.  80.  80.  80.  80.  80.  80.  80.  80.  80.  80.  80.  80.  80.
   80.  80.]
 [ 80.  80.  80.  80.  80.  80.  80.  80.  80.  80.  80.  80.  80.  80.
   80.  80.]
 [ 80.  80.  80.  80.  80.  80.  80.  80.  80.  80.  80.  80.  80.  80.
   80.  80.]
 [ 80.  80.  80.  80.  80.  80.  80.  80.  80.  80.  80.  80.  80.  80.
   80.  80.]]
Expected:
 [[ 85.  85.  85.  85.  85.  85.  85.  85.  85.  85.  85.  85.  85.  85.
   85.  85.]
 [ 85.  85.  85.  85.  85.  85.  85.  85.  85.  85.  85.  85.  85.  85.
   85.  85.]
 [ 85.  85.  85.  85.  85.  85.  85.  85.  85.  85.  85.  85.  85.  85.
   85.  85.]
 [ 85.  85.  85.  85.  85.  85.  85.  85.  85.  85.  85.  85.  85.  85.
   85.  85.]
 [ 85.  85.  85.  85.  85.  85.  85.  85.  85.  85.  85.  85.  85.  85.
   85.  85.]
 [ 85.  85.  85.  85.  85.  85.  85.  85.  85.  85.  85.  85.  85.  85.
   85.  85.]
 [ 85.  85.  85.  85.  85.  85.  85.  85.  85.  85.  85.  85.  85.  85.
   85.  85.]
 [ 85.  85.  85.  85.  85.  85.  85.  85.  85.  85.  85.  85.  85.  85.
   85.  85.]
 [ 85.  85.  85.  85.  85.  85.  85.  85.  85.  85.  85.  85.  85.  85.
   85.  85.]
 [ 85.  85.  85.  85.  85.  85.  85.  85.  85.  85.  85.  85.  85.  85.
   85.  85.]
 [ 85.  85.  85.  85.  85.  85.  85.  85.  85.  85.  85.  85.  85.  85.
   85.  85.]
 [ 85.  85.  85.  85.  85.  85.  85.  85.  85.  85.  85.  85.  85.  85.
   85.  85.]
 [ 85.  85.  85.  85.  85.  85.  85.  85.  85.  85.  85.  85.  85.  85.
   85.  85.]
 [ 85.  85.  85.  85.  85.  85.  85.  85.  85.  85.  85.  85.  85.  85.
   85.  85.]
 [ 85.  85.  85.  85.  85.  85.  85.  85.  85.  85.  85.  85.  85.  85.
   85.  85.]
 [ 85.  85.  85.  85.  85.  85.  85.  85.  85.  85.  85.  85.  85.  85.
   85.  85.]
 [ 85.  85.  85.  85.  85.  85.  85.  85.  85.  85.  85.  85.  85.  85.
   85.  85.]]
Difference:
 [[-5. -5. -5. -5. -5. -5. -5. -5. -5. -5. -5. -5. -5. -5. -5. -5.]
 [-5. -5. -5. -5. -5. -5. -5. -5. -5. -5. -5. -5. -5. -5. -5. -5.]
 [-5. -5. -5. -5. -5. -5. -5. -5. -5. -5. -5. -5. -5. -5. -5. -5.]
 [-5. -5. -5. -5. -5. -5. -5. -5. -5. -5. -5. -5. -5. -5. -5. -5.]
 [-5. -5. -5. -5. -5. -5. -5. -5. -5. -5. -5. -5. -5. -5. -5. -5.]
 [-5. -5. -5. -5. -5. -5. -5. -5. -5. -5. -5. -5. -5. -5. -5. -5.]
 [-5. -5. -5. -5. -5. -5. -5. -5. -5. -5. -5. -5. -5. -5. -5. -5.]
 [-5. -5. -5. -5. -5. -5. -5. -5. -5. -5. -5. -5. -5. -5. -5. -5.]
 [-5. -5. -5. -5. -5. -5. -5. -5. -5. -5. -5. -5. -5. -5. -5. -5.]
 [-5. -5. -5. -5. -5. -5. -5. -5. -5. -5. -5. -5. -5. -5. -5. -5.]
 [-5. -5. -5. -5. -5. -5. -5. -5. -5. -5. -5. -5. -5. -5. -5. -5.]
 [-5. -5. -5. -5. -5. -5. -5. -5. -5. -5. -5. -5. -5. -5. -5. -5.]
 [-5. -5. -5. -5. -5. -5. -5. -5. -5. -5. -5. -5. -5. -5. -5. -5.]
 [-5. -5. -5. -5. -5. -5. -5. -5. -5. -5. -5. -5. -5. -5. -5. -5.]
 [-5. -5. -5. -5. -5. -5. -5. -5. -5. -5. -5. -5. -5. -5. -5. -5.]
 [-5. -5. -5. -5. -5. -5. -5. -5. -5. -5. -5. -5. -5. -5. -5. -5.]
 [-5. -5. -5. -5. -5. -5. -5. -5. -5. -5. -5. -5. -5. -5. -5. -5.]]

BPG:  (2, 2)  TPB:  (16, 16)
BPG:  (2, 2)  TPB:  (16, 16)
BPG:  (1, 2)  TPB:  (16, 16)
BPG:  (1, 2)  TPB:  (16, 16)
BPG:  (2, 1)  TPB:  (16, 16)
BPG:  (2, 1)  TPB:  (16, 16)
BPG:  (1, 1)  TPB:  (16, 16)
BPG:  (1, 1)  TPB:  (16, 16)
FAILED! Dimensions:  (16, 16, 17)  Method:  CudaSharedMemory
Result:
 [[ 80.  80.  80.  80.  80.  80.  80.  80.  80.  80.  80.  80.  80.  80.
   80.  80.]
 [ 80.  80.  80.  80.  80.  80.  80.  80.  80.  80.  80.  80.  80.  80.
   80.  80.]
 [ 80.  80.  80.  80.  80.  80.  80.  80.  80.  80.  80.  80.  80.  80.
   80.  80.]
 [ 80.  80.  80.  80.  80.  80.  80.  80.  80.  80.  80.  80.  80.  80.
   80.  80.]
 [ 80.  80.  80.  80.  80.  80.  80.  80.  80.  80.  80.  80.  80.  80.
   80.  80.]
 [ 80.  80.  80.  80.  80.  80.  80.  80.  80.  80.  80.  80.  80.  80.
   80.  80.]
 [ 80.  80.  80.  80.  80.  80.  80.  80.  80.  80.  80.  80.  80.  80.
   80.  80.]
 [ 80.  80.  80.  80.  80.  80.  80.  80.  80.  80.  80.  80.  80.  80.
   80.  80.]
 [ 80.  80.  80.  80.  80.  80.  80.  80.  80.  80.  80.  80.  80.  80.
   80.  80.]
 [ 80.  80.  80.  80.  80.  80.  80.  80.  80.  80.  80.  80.  80.  80.
   80.  80.]
 [ 80.  80.  80.  80.  80.  80.  80.  80.  80.  80.  80.  80.  80.  80.
   80.  80.]
 [ 80.  80.  80.  80.  80.  80.  80.  80.  80.  80.  80.  80.  80.  80.
   80.  80.]
 [ 80.  80.  80.  80.  80.  80.  80.  80.  80.  80.  80.  80.  80.  80.
   80.  80.]
 [ 80.  80.  80.  80.  80.  80.  80.  80.  80.  80.  80.  80.  80.  80.
   80.  80.]
 [ 80.  80.  80.  80.  80.  80.  80.  80.  80.  80.  80.  80.  80.  80.
   80.  80.]
 [ 80.  80.  80.  80.  80.  80.  80.  80.  80.  80.  80.  80.  80.  80.
   80.  80.]]
Expected:
 [[ 85.  85.  85.  85.  85.  85.  85.  85.  85.  85.  85.  85.  85.  85.
   85.  85.]
 [ 85.  85.  85.  85.  85.  85.  85.  85.  85.  85.  85.  85.  85.  85.
   85.  85.]
 [ 85.  85.  85.  85.  85.  85.  85.  85.  85.  85.  85.  85.  85.  85.
   85.  85.]
 [ 85.  85.  85.  85.  85.  85.  85.  85.  85.  85.  85.  85.  85.  85.
   85.  85.]
 [ 85.  85.  85.  85.  85.  85.  85.  85.  85.  85.  85.  85.  85.  85.
   85.  85.]
 [ 85.  85.  85.  85.  85.  85.  85.  85.  85.  85.  85.  85.  85.  85.
   85.  85.]
 [ 85.  85.  85.  85.  85.  85.  85.  85.  85.  85.  85.  85.  85.  85.
   85.  85.]
 [ 85.  85.  85.  85.  85.  85.  85.  85.  85.  85.  85.  85.  85.  85.
   85.  85.]
 [ 85.  85.  85.  85.  85.  85.  85.  85.  85.  85.  85.  85.  85.  85.
   85.  85.]
 [ 85.  85.  85.  85.  85.  85.  85.  85.  85.  85.  85.  85.  85.  85.
   85.  85.]
 [ 85.  85.  85.  85.  85.  85.  85.  85.  85.  85.  85.  85.  85.  85.
   85.  85.]
 [ 85.  85.  85.  85.  85.  85.  85.  85.  85.  85.  85.  85.  85.  85.
   85.  85.]
 [ 85.  85.  85.  85.  85.  85.  85.  85.  85.  85.  85.  85.  85.  85.
   85.  85.]
 [ 85.  85.  85.  85.  85.  85.  85.  85.  85.  85.  85.  85.  85.  85.
   85.  85.]
 [ 85.  85.  85.  85.  85.  85.  85.  85.  85.  85.  85.  85.  85.  85.
   85.  85.]
 [ 85.  85.  85.  85.  85.  85.  85.  85.  85.  85.  85.  85.  85.  85.
   85.  85.]]
Difference:
 [[-5. -5. -5. -5. -5. -5. -5. -5. -5. -5. -5. -5. -5. -5. -5. -5.]
 [-5. -5. -5. -5. -5. -5. -5. -5. -5. -5. -5. -5. -5. -5. -5. -5.]
 [-5. -5. -5. -5. -5. -5. -5. -5. -5. -5. -5. -5. -5. -5. -5. -5.]
 [-5. -5. -5. -5. -5. -5. -5. -5. -5. -5. -5. -5. -5. -5. -5. -5.]
 [-5. -5. -5. -5. -5. -5. -5. -5. -5. -5. -5. -5. -5. -5. -5. -5.]
 [-5. -5. -5. -5. -5. -5. -5. -5. -5. -5. -5. -5. -5. -5. -5. -5.]
 [-5. -5. -5. -5. -5. -5. -5. -5. -5. -5. -5. -5. -5. -5. -5. -5.]
 [-5. -5. -5. -5. -5. -5. -5. -5. -5. -5. -5. -5. -5. -5. -5. -5.]
 [-5. -5. -5. -5. -5. -5. -5. -5. -5. -5. -5. -5. -5. -5. -5. -5.]
 [-5. -5. -5. -5. -5. -5. -5. -5. -5. -5. -5. -5. -5. -5. -5. -5.]
 [-5. -5. -5. -5. -5. -5. -5. -5. -5. -5. -5. -5. -5. -5. -5. -5.]
 [-5. -5. -5. -5. -5. -5. -5. -5. -5. -5. -5. -5. -5. -5. -5. -5.]
 [-5. -5. -5. -5. -5. -5. -5. -5. -5. -5. -5. -5. -5. -5. -5. -5.]
 [-5. -5. -5. -5. -5. -5. -5. -5. -5. -5. -5. -5. -5. -5. -5. -5.]
 [-5. -5. -5. -5. -5. -5. -5. -5. -5. -5. -5. -5. -5. -5. -5. -5.]
 [-5. -5. -5. -5. -5. -5. -5. -5. -5. -5. -5. -5. -5. -5. -5. -5.]]

Method: Basic                     , dims: (16, 17, 17)        , pass(1)/fail(0): 1,	 time (s): 0.0025968551635742188
Method: CudaGlobalMemory          , dims: (16, 17, 17)        , pass(1)/fail(0): 1,	 time (s): 0.001607656478881836
Method: CudaSharedMemory          , dims: (16, 17, 17)        , pass(1)/fail(0): 1,	 time (s): 0.001520395278930664

Method: Basic                     , dims: (17, 16, 17)        , pass(1)/fail(0): 1,	 time (s): 0.0025649070739746094
Method: CudaGlobalMemory          , dims: (17, 16, 17)        , pass(1)/fail(0): 1,	 time (s): 0.0015163421630859375
Method: CudaSharedMemory          , dims: (17, 16, 17)        , pass(1)/fail(0): 0,	 time (s): 0.0015032291412353516

Method: Basic                     , dims: (17, 17, 16)        , pass(1)/fail(0): 1,	 time (s): 0.0025849342346191406
Method: CudaGlobalMemory          , dims: (17, 17, 16)        , pass(1)/fail(0): 1,	 time (s): 0.0014314651489257812
Method: CudaSharedMemory          , dims: (17, 17, 16)        , pass(1)/fail(0): 1,	 time (s): 0.0015261173248291016

Method: Basic                     , dims: (17, 16, 16)        , pass(1)/fail(0): 1,	 time (s): 0.002431154251098633
Method: CudaGlobalMemory          , dims: (17, 16, 16)        , pass(1)/fail(0): 1,	 time (s): 0.0014271736145019531
Method: CudaSharedMemory          , dims: (17, 16, 16)        , pass(1)/fail(0): 1,	 time (s): 0.0014224052429199219

Method: Basic                     , dims: (16, 17, 16)        , pass(1)/fail(0): 1,	 time (s): 0.002423524856567383
Method: CudaGlobalMemory          , dims: (16, 17, 16)        , pass(1)/fail(0): 1,	 time (s): 0.0018088817596435547
Method: CudaSharedMemory          , dims: (16, 17, 16)        , pass(1)/fail(0): 1,	 time (s): 0.0017142295837402344

Method: Basic                     , dims: (16, 16, 17)        , pass(1)/fail(0): 1,	 time (s): 0.002374410629272461
Method: CudaGlobalMemory          , dims: (16, 16, 17)        , pass(1)/fail(0): 1,	 time (s): 0.0017232894897460938
Method: CudaSharedMemory          , dims: (16, 16, 17)        , pass(1)/fail(0): 0,	 time (s): 0.0014696121215820312

