Device name: b'Tesla K80'
Compute capability: (3, 7)
Total global memory (GB): 11.173095703125
Free global memory (GB): 11.115966796875
Used global memory (GB): 0.05712890625
Max threads per block: 1024
Max block dimensions: x=1024, y=1024, z=64
Max grid dimensions: x=2147483647, y=65535, z=65535
Max shared memory per block (KB): 48.0
Method: CudaSharedMemory          , dims: (2, 2, 2)           , pass(1)/fail(0): 1,	 time (s): 0.0022177696228027344

Method: CudaSharedMemory          , dims: (2, 2, 3)           , pass(1)/fail(0): 1,	 time (s): 0.0021088123321533203

Method: CudaSharedMemory          , dims: (2, 3, 2)           , pass(1)/fail(0): 1,	 time (s): 0.001978635787963867

Method: CudaSharedMemory          , dims: (2, 3, 3)           , pass(1)/fail(0): 1,	 time (s): 0.001939535140991211

Method: CudaSharedMemory          , dims: (3, 2, 2)           , pass(1)/fail(0): 1,	 time (s): 0.0018773078918457031

Method: CudaSharedMemory          , dims: (3, 2, 3)           , pass(1)/fail(0): 1,	 time (s): 0.002036571502685547

Method: CudaSharedMemory          , dims: (3, 3, 2)           , pass(1)/fail(0): 1,	 time (s): 0.002063274383544922

Method: CudaSharedMemory          , dims: (3, 3, 3)           , pass(1)/fail(0): 1,	 time (s): 0.001901865005493164

Method: CudaSharedMemory          , dims: (5, 5, 5)           , pass(1)/fail(0): 1,	 time (s): 0.002267599105834961

Method: CudaSharedMemory          , dims: (5, 5, 7)           , pass(1)/fail(0): 1,	 time (s): 0.0021543502807617188

Method: CudaSharedMemory          , dims: (5, 7, 5)           , pass(1)/fail(0): 1,	 time (s): 0.0018701553344726562

Method: CudaSharedMemory          , dims: (5, 7, 7)           , pass(1)/fail(0): 1,	 time (s): 0.0018818378448486328

Method: CudaSharedMemory          , dims: (7, 5, 5)           , pass(1)/fail(0): 1,	 time (s): 0.0019686222076416016

Method: CudaSharedMemory          , dims: (7, 5, 7)           , pass(1)/fail(0): 1,	 time (s): 0.0018658638000488281

Method: CudaSharedMemory          , dims: (7, 7, 5)           , pass(1)/fail(0): 1,	 time (s): 0.001865386962890625

Method: CudaSharedMemory          , dims: (7, 7, 7)           , pass(1)/fail(0): 1,	 time (s): 0.0018761157989501953

FAILED! Dimensions:  (128, 128, 128)  Method:  CudaSharedMemory
Result:
 [[ 242.89620972  255.72067261  271.36514282 ...,  247.56121826
   250.55471802  253.21942139]
 [ 227.79342651  237.91639709  253.0604248  ...,  233.51750183
   235.15470886  238.77531433]
 [ 233.66238403  241.03959656  251.46014404 ...,  236.08955383  235.5953064
   239.13777161]
 ..., 
 [ 234.92253113  246.99028015  256.10394287 ...,  239.30647278
   243.02372742  242.92807007]
 [ 245.50782776  252.80415344  272.15103149 ...,  249.76098633
   252.13340759  252.88931274]
 [ 264.9519043   268.80871582  286.09008789 ...,  258.95394897
   262.56936646  260.3034668 ]]
Expected:
 [[ 31.56643295  32.83086777  35.90626144 ...,  30.11252975  32.19960785
   32.7793045 ]
 [ 29.22853661  28.18040085  30.70702171 ...,  28.38254929  30.1300087
   30.59685135]
 [ 28.90208054  30.94502449  30.83686256 ...,  29.09232712  27.36024475
   29.73604774]
 ..., 
 [ 30.75605774  30.53510857  31.94600296 ...,  30.89282799  30.43240547
   30.42339706]
 [ 32.42046738  30.50384331  33.8876152  ...,  31.78330612  33.20854187
   31.90474319]
 [ 34.56980896  32.81290436  37.34653854 ...,  33.19434738  32.35474396
   33.45956802]]

FAILED! Dimensions:  (128, 128, 256)  Method:  CudaSharedMemory
Result:
 [[ 262.76528931  261.44711304  224.05899048 ...,  257.40795898
   262.41601562  254.62237549]
 [ 277.6907959   270.16809082  235.45510864 ...,  264.7571106   273.08016968
   268.8046875 ]
 [ 263.66116333  256.7036438   223.03091431 ...,  254.43400574
   263.20730591  254.86289978]
 ..., 
 [ 251.21199036  248.25959778  217.27404785 ...,  247.1413269   249.70762634
   242.55873108]
 [ 266.12414551  259.00469971  226.51228333 ...,  259.00726318
   264.29824829  256.16348267]
 [ 257.27505493  254.92494202  218.11817932 ...,  250.65777588
   256.03146362  246.51623535]]
Expected:
 [[ 64.99569702  64.21112823  60.54765701 ...,  64.21470642  64.20787048
   59.10018921]
 [ 66.1416626   67.26810455  61.11571503 ...,  66.97921753  66.59358215
   65.48071289]
 [ 68.01977539  65.33957672  60.78816223 ...,  67.28288269  69.34390259
   64.84671021]
 ..., 
 [ 66.3734436   65.54216003  62.47233963 ...,  64.25883484  63.87905502
   62.16072845]
 [ 67.51153564  64.88315582  62.88278198 ...,  66.0289917   63.79181671
   61.49747467]
 [ 64.48020935  60.92808914  59.31890488 ...,  62.7692337   59.84959793
   57.84249878]]

FAILED! Dimensions:  (128, 256, 128)  Method:  CudaSharedMemory
Result:
 [[ 530.71917725  499.05859375  525.61120605 ...,    0.            0.            0.        ]
 [ 512.48022461  487.64987183  511.87640381 ...,    0.            0.            0.        ]
 [ 530.94641113  518.19952393  534.8951416  ...,    0.            0.            0.        ]
 ..., 
 [ 472.47424316  463.55593872  465.14334106 ...,    0.            0.            0.        ]
 [ 538.18029785  511.37042236  539.80487061 ...,    0.            0.            0.        ]
 [ 511.48574829  480.95986938  498.81350708 ...,    0.            0.            0.        ]]
Expected:
 [[ 32.10813141  31.79545593  32.67886353 ...,  32.05975723  33.39944077
   33.51557922]
 [ 30.77463341  31.03958321  30.5849247  ...,  31.61617661  34.31657028
   33.43758774]
 [ 31.53524971  33.72494125  34.13960648 ...,  32.70641327  33.11419678
   32.60091019]
 ..., 
 [ 29.23874855  28.66605186  27.50899124 ...,  28.81239891  31.59967422
   28.27348709]
 [ 34.01313019  34.03892517  32.3182106  ...,  33.34314728  34.66371155
   33.28326035]
 [ 30.79839134  31.10798645  30.17081451 ...,  30.00078011  33.71008301
   30.84795952]]

FAILED! Dimensions:  (128, 256, 256)  Method:  CudaSharedMemory
Result:
 [[ 562.79876709  540.36608887  547.13726807 ...,    0.            0.            0.        ]
 [ 499.203125    480.10153198  484.69650269 ...,    0.            0.            0.        ]
 [ 505.70797729  497.46600342  502.19934082 ...,    0.            0.            0.        ]
 ..., 
 [ 523.45013428  503.54550171  512.40997314 ...,    0.            0.            0.        ]
 [ 533.35333252  521.60510254  520.62030029 ...,    0.            0.            0.        ]
 [ 443.30548096  437.15280151  436.81750488 ...,    0.            0.            0.        ]]
Expected:
 [[ 71.31933594  66.74126434  69.76035309 ...,  64.82234192  65.75684357
   67.93538666]
 [ 65.97290802  61.26964188  64.41549683 ...,  60.65205765  63.04473114
   62.67478561]
 [ 65.7816391   63.30498505  63.03005219 ...,  65.22202301  65.73674011
   63.64666367]
 ..., 
 [ 68.04000092  64.5723877   65.80831146 ...,  66.47251892  64.75112915
   65.25434113]
 [ 70.77631378  65.71599579  66.46736908 ...,  65.18200684  64.3799057
   67.91333008]
 [ 57.59329987  58.1015358   58.42217636 ...,  54.85433578  55.66053772
   58.2080307 ]]

FAILED! Dimensions:  (256, 128, 128)  Method:  CudaSharedMemory
Result:
 [[ 580.70593262  522.58563232  525.70025635 ...,  521.61486816
   610.38299561  566.49139404]
 [ 520.78198242  470.8661499   469.1206665  ...,  489.10165405  555.4888916
   518.32452393]
 [ 462.61083984  420.59259033  421.85974121 ...,  440.17016602  507.8973999
   452.82330322]
 ..., 
 [   0.            0.            0.         ...,    0.            0.            0.        ]
 [   0.            0.            0.         ...,    0.            0.            0.        ]
 [   0.            0.            0.         ...,    0.            0.            0.        ]]
Expected:
 [[ 32.37879181  28.00718307  29.14328766 ...,  29.47689438  34.93859482
   30.62886429]
 [ 32.17785645  29.12676239  29.21858215 ...,  28.99048233  35.84109497
   31.73705292]
 [ 34.49330902  29.93059349  30.1090126  ...,  31.76854324  36.97250366
   33.66382599]
 ..., 
 [ 33.5977478   31.24070549  33.00528717 ...,  31.41300583  36.42161179
   35.13092804]
 [ 34.02381134  29.66197205  30.02008629 ...,  29.94835663  35.86926651
   32.78820419]
 [ 31.36134911  29.76599503  27.90704536 ...,  29.6331749   32.86569214
   32.08885574]]

FAILED! Dimensions:  (256, 128, 256)  Method:  CudaSharedMemory
Result:
 [[ 544.97064209  520.69195557  560.76715088 ...,  534.80950928
   556.36169434  534.93280029]
 [ 500.37698364  475.04602051  511.18093872 ...,  489.69067383
   503.93579102  491.20928955]
 [ 539.99938965  517.61053467  555.0592041  ...,  527.20904541
   554.81079102  535.45770264]
 ..., 
 [   0.            0.            0.         ...,    0.            0.            0.        ]
 [   0.            0.            0.         ...,    0.            0.            0.        ]
 [   0.            0.            0.         ...,    0.            0.            0.        ]]
Expected:
 [[ 68.20630646  65.70381165  68.34025574 ...,  68.98320007  71.76577759
   68.89987183]
 [ 63.02589035  61.34076309  65.48987579 ...,  61.56763458  66.90184021
   67.66105652]
 [ 65.58786774  67.70901489  68.50008392 ...,  65.6569519   70.78561401
   70.01448059]
 ..., 
 [ 62.36005783  62.7603569   64.89936829 ...,  63.83137512  69.20329285
   68.39094543]
 [ 60.28829956  64.93318939  62.2372551  ...,  64.38905334  64.79232788
   64.52322388]
 [ 64.44730377  63.60052109  67.98390198 ...,  64.92589569  72.3480835
   68.25997925]]

FAILED! Dimensions:  (256, 256, 128)  Method:  CudaSharedMemory
Result:
 [[ 1103.03393555   972.50634766  1055.75561523 ...,  1043.55834961
   1013.64978027  1002.85247803]
 [ 1108.97814941   996.5960083   1091.39282227 ...,  1068.99304199
   1000.08337402   955.05938721]
 [ 1062.44592285  1020.331604     964.36584473 ...,  1008.64624023
    966.83111572   902.90130615]
 ..., 
 [ 1135.55944824  1066.76403809  1114.59008789 ...,  1202.78295898
   1063.00073242  1108.10437012]
 [  936.7833252    900.3637085    917.79949951 ...,   962.94250488
    932.10339355   891.73431396]
 [  961.79290771   966.68621826   924.50640869 ...,   917.6640625
    922.12414551   852.11462402]]
Expected:
 [[ 34.83540344  31.74634171  33.84454727 ...,  32.68350601  36.11182022
   32.10427856]
 [ 35.13037109  33.41165924  36.09754562 ...,  32.52577209  34.60518265
   32.59118652]
 [ 30.34674263  29.50086403  30.06103897 ...,  27.28615761  30.83647919
   28.25244141]
 ..., 
 [ 36.17539215  32.46129608  34.18822479 ...,  35.4412117   35.39809036
   34.7464447 ]
 [ 31.21726799  29.6921463   29.4688282  ...,  30.39307976  30.81513405
   30.73921394]
 [ 32.12304688  30.7715435   31.8970623  ...,  29.65492821  30.9025116
   29.8134594 ]]

FAILED! Dimensions:  (256, 256, 256)  Method:  CudaSharedMemory
Result:
 [[ 1016.54016113  1054.74462891  1023.20703125 ...,   984.71264648
    983.8482666   1039.0949707 ]
 [ 1083.40966797  1099.11206055  1069.35217285 ...,  1036.27392578
   1026.88134766  1090.30639648]
 [ 1036.99951172  1070.87854004  1034.90246582 ...,   990.79119873
    988.32012939  1055.52416992]
 ..., 
 [ 1053.26367188  1072.51464844  1043.46582031 ...,  1013.31097412
   1001.63848877  1064.90661621]
 [ 1048.84729004  1067.49780273  1042.65466309 ...,  1002.33239746
    999.23590088  1057.5246582 ]
 [ 1076.82043457  1080.6776123   1057.52050781 ...,  1016.40777588
   1004.28570557  1070.28869629]]
Expected:
 [[ 61.49324036  64.89989471  61.33047485 ...,  62.53694534  62.73299026
   66.93947601]
 [ 66.68403625  65.60650635  67.64591217 ...,  65.24796295  66.27042389
   70.25960541]
 [ 66.50528717  68.19091797  62.12020493 ...,  62.02605438  59.95874405
   63.3400116 ]
 ..., 
 [ 67.66368103  64.88910675  64.59159851 ...,  63.87491989  61.91656113
   67.86061859]
 [ 64.11958313  68.16007233  65.04051208 ...,  63.83730698  62.12809372
   67.95122528]
 [ 69.59476471  67.88485718  65.96799469 ...,  67.06305695  62.54096222
   68.75697327]]

Method: CudaSharedMemory          , dims: (128, 128, 128)     , pass(1)/fail(0): 0,	 time (s): 0.002185344696044922

Method: CudaSharedMemory          , dims: (128, 128, 256)     , pass(1)/fail(0): 0,	 time (s): 0.0029883384704589844

Method: CudaSharedMemory          , dims: (128, 256, 128)     , pass(1)/fail(0): 0,	 time (s): 0.003336668014526367

Method: CudaSharedMemory          , dims: (128, 256, 256)     , pass(1)/fail(0): 0,	 time (s): 0.0033562183380126953

Method: CudaSharedMemory          , dims: (256, 128, 128)     , pass(1)/fail(0): 0,	 time (s): 0.0031518936157226562

Method: CudaSharedMemory          , dims: (256, 128, 256)     , pass(1)/fail(0): 0,	 time (s): 0.003367185592651367

Method: CudaSharedMemory          , dims: (256, 256, 128)     , pass(1)/fail(0): 0,	 time (s): 0.0059282779693603516

Method: CudaSharedMemory          , dims: (256, 256, 256)     , pass(1)/fail(0): 0,	 time (s): 0.006541013717651367

FAILED! Dimensions:  (888, 888, 888)  Method:  CudaSharedMemory
Result:
 [[ 12422.18164062  12488.40820312  12688.30859375 ...,  12460.16503906
   12644.9296875   12951.37207031]
 [ 12495.14160156  12568.32128906  12778.17089844 ...,  12472.546875
   12763.46679688  12974.96289062]
 [ 12319.54492188  12394.40722656  12596.7421875  ...,  12297.88085938
   12512.34082031  12783.77050781]
 ..., 
 [ 11930.30175781  12016.26367188  12176.69140625 ...,  11941.13183594
   12153.25683594  12404.34472656]
 [ 12201.78515625  12241.25097656  12457.12988281 ...,  12229.87109375
   12378.01855469  12666.89453125]
 [ 11979.97265625  12045.95117188  12249.3125     ...,  12027.09082031
   12164.40527344  12470.78027344]]
Expected:
 [[ 220.98760986  222.50131226  224.90943909 ...,  221.68557739
   222.39076233  227.79284668]
 [ 219.28674316  222.46539307  222.78709412 ...,  218.80340576
   227.12200928  228.6137085 ]
 [ 217.70999146  219.38685608  221.41751099 ...,  220.17726135
   223.69833374  225.07443237]
 ..., 
 [ 209.41972351  210.77732849  213.04048157 ...,  214.47991943
   220.10101318  221.38560486]
 [ 217.2565918   218.87579346  217.43362427 ...,  214.58573914
   219.60534668  227.29708862]
 [ 214.55033875  214.35427856  213.43087769 ...,  214.24533081
   217.70277405  221.45025635]]

FAILED! Dimensions:  (888, 888, 777)  Method:  CudaSharedMemory
Result:
 [[ 12506.19335938  12777.38476562  12742.75488281 ...,  13001.13964844
   12995.89550781  13253.29785156]
 [ 11900.23925781  12240.77832031  12128.59277344 ...,  12402.45507812
   12366.90722656  12688.83691406]
 [ 12002.97070312  12225.18164062  12251.72265625 ...,  12528.82324219
   12504.08789062  12691.46289062]
 ..., 
 [ 11863.03515625  12081.03222656  12054.84472656 ...,  12293.71484375
   12253.91699219  12485.38085938]
 [ 12781.23828125  13133.26074219  13068.87792969 ...,  13369.15234375
   13321.75585938  13568.70214844]
 [ 12242.1640625   12691.6171875   12624.45800781 ...,  12792.328125
   12793.25195312  13037.37792969]]
Expected:
 [[ 193.44494629  200.04400635  194.59837341 ...,  191.06196594
   193.78588867  204.62750244]
 [ 191.95344543  195.72763062  197.5692749  ...,  188.77075195
   191.73501587  201.12271118]
 [ 187.27363586  191.71308899  192.70219421 ...,  191.26976013
   188.73127747  196.88023376]
 ..., 
 [ 188.35505676  187.77799988  193.71783447 ...,  187.99281311
   190.25256348  200.49636841]
 [ 201.6973877   209.33857727  203.64346313 ...,  199.27416992
   201.67825317  210.41162109]
 [ 187.71409607  195.61569214  195.9105072  ...,  187.64439392
   196.03022766  198.68467712]]

FAILED! Dimensions:  (888, 888, 999)  Method:  CudaSharedMemory
Result:
 [[ 12756.42480469  12508.60742188  12433.25585938 ...,  12132.13867188
   12395.65039062  12485.66015625]
 [ 12464.984375    12233.3125      12111.6015625  ...,  11833.08496094
   12007.49121094  12158.89160156]
 [ 12890.01757812  12615.63769531  12551.45605469 ...,  12209.58496094
   12493.78125     12569.734375  ]
 ..., 
 [ 12702.15625     12460.68847656  12371.55175781 ...,  12046.72070312
   12282.50488281  12368.05175781]
 [ 12997.11425781  12753.0078125   12635.09765625 ...,  12316.78320312
   12553.11621094  12672.78710938]
 [ 12849.3125      12634.49707031  12511.81054688 ...,  12203.078125
   12415.65234375  12531.2734375 ]]
Expected:
 [[ 255.96720886  252.0748291   247.76266479 ...,  250.36268616
   249.22200012  247.11212158]
 [ 250.67427063  241.93510437  243.28971863 ...,  242.25036621
   236.68710327  242.26698303]
 [ 261.16455078  251.98365784  249.26089478 ...,  243.86988831
   249.46307373  247.08190918]
 ..., 
 [ 252.02967834  250.75921631  252.39665222 ...,  246.03933716  245.5335083
   250.3152771 ]
 [ 263.42700195  256.38873291  256.81460571 ...,  246.04119873
   253.14839172  251.92729187]
 [ 260.45080566  250.19563293  249.85461426 ...,  248.53659058
   250.08430481  251.76870728]]

FAILED! Dimensions:  (888, 777, 888)  Method:  CudaSharedMemory
Result:
 [[ 10621.21386719  11150.29980469  10718.84960938 ...,  11318.57421875
   11098.3359375   11002.59667969]
 [ 10697.11816406  11219.671875    10787.94921875 ...,  11391.859375
   11175.19824219  11108.8125    ]
 [ 10633.77050781  11110.78515625  10694.47949219 ...,  11277.85546875
   11066.0703125   11004.2578125 ]
 ..., 
 [     0.              0.              0.         ...,      0.              0.
       0.        ]
 [     0.              0.              0.         ...,      0.              0.
       0.        ]
 [     0.              0.              0.         ...,      0.              0.
       0.        ]]
Expected:
 [[ 212.27044678  229.08334351  216.88822937 ...,  226.671875    220.80192566
   222.90711975]
 [ 219.43954468  227.7588501   217.85968018 ...,  230.81808472
   224.53126526  230.04043579]
 [ 214.46188354  220.94386292  217.13269043 ...,  222.82402039
   222.68936157  225.85357666]
 ..., 
 [ 215.35040283  222.22798157  215.40014648 ...,  224.3759613   223.13220215
   221.46078491]
 [ 224.08837891  237.38627625  227.2774353  ...,  235.66452026
   235.18084717  236.92289734]
 [ 222.02488708  232.1640625   222.59803772 ...,  232.28112793
   229.75796509  229.35656738]]

FAILED! Dimensions:  (888, 777, 777)  Method:  CudaSharedMemory
Result:
 [[ 11166.13769531  11191.44238281  11022.95605469 ...,  11594.5625
   11307.421875    11252.5703125 ]
 [ 11070.53710938  11050.65234375  10888.55664062 ...,  11482.65527344
   11173.78320312  11188.52539062]
 [ 10704.6171875   10707.72558594  10552.35742188 ...,  11168.52929688
   10804.11914062  10845.82910156]
 ..., 
 [     0.              0.              0.         ...,      0.              0.
       0.        ]
 [     0.              0.              0.         ...,      0.              0.
       0.        ]
 [     0.              0.              0.         ...,      0.              0.
       0.        ]]
Expected:
 [[ 194.16329956  197.06784058  193.11720276 ...,  197.26501465
   194.35664368  196.98216248]
 [ 189.63951111  190.44866943  187.27059937 ...,  197.13154602
   191.89854431  192.25802612]
 [ 190.70159912  193.52648926  189.53128052 ...,  197.00849915
   192.55670166  191.0861969 ]
 ..., 
 [ 197.34411621  193.00306702  189.85910034 ...,  199.54820251
   195.12698364  199.33378601]
 [ 195.32354736  193.95565796  196.14878845 ...,  205.54144287
   196.44171143  198.49169922]
 [ 185.76617432  189.60153198  185.41902161 ...,  196.05787659
   190.98228455  191.15916443]]

FAILED! Dimensions:  (888, 777, 999)  Method:  CudaSharedMemory
Result:
 [[ 11112.6796875   11138.35742188  11199.2734375  ...,  11146.36328125
   10648.0078125   10931.89941406]
 [ 11148.0546875   11104.54199219  11192.68945312 ...,  11109.43457031
   10610.0234375   10919.97167969]
 [ 11018.96484375  10977.15527344  11077.44433594 ...,  10995.73242188
   10518.08496094  10788.10839844]
 ..., 
 [     0.              0.              0.         ...,      0.              0.
       0.        ]
 [     0.              0.              0.         ...,      0.              0.
       0.        ]
 [     0.              0.              0.         ...,      0.              0.
       0.        ]]
Expected:
 [[ 254.51045227  256.3465271   255.65014648 ...,  255.38458252  248.715271
   249.59753418]
 [ 251.96749878  255.89793396  258.37713623 ...,  252.03865051
   246.88467407  247.31414795]
 [ 248.53904724  248.82548523  252.74942017 ...,  246.97259521
   244.18222046  248.23085022]
 ..., 
 [ 242.55102539  245.61329651  244.09698486 ...,  238.43464661
   236.13070679  236.88059998]
 [ 246.63612366  254.31283569  249.87234497 ...,  245.31263733
   240.76678467  243.11740112]
 [ 248.85169983  251.10334778  251.18257141 ...,  248.73043823
   238.81759644  246.41996765]]

FAILED! Dimensions:  (888, 999, 888)  Method:  CudaSharedMemory
Result:
 [[ 14528.26855469  14545.72167969  14729.47949219 ...,      0.              0.
       0.        ]
 [ 13914.51953125  13926.98730469  14166.22265625 ...,      0.              0.
       0.        ]
 [ 14573.56347656  14634.14550781  14766.42089844 ...,      0.              0.
       0.        ]
 ..., 
 [ 14125.10058594  14191.31738281  14304.609375   ...,      0.              0.
       0.        ]
 [ 13940.19238281  14009.1171875   14160.07617188 ...,      0.              0.
       0.        ]
 [ 14054.80078125  14131.43066406  14252.00195312 ...,      0.              0.
       0.        ]]
Expected:
 [[ 225.3999176   230.87086487  228.55044556 ...,  230.85778809  229.2565918
   230.50749207]
 [ 217.93730164  220.95135498  222.69628906 ...,  218.74855042
   217.60775757  220.81561279]
 [ 227.93312073  237.69030762  233.08197021 ...,  233.89123535
   236.21585083  230.67552185]
 ..., 
 [ 222.28300476  221.93811035  232.57492065 ...,  224.86236572
   219.28598022  221.26123047]
 [ 218.05709839  223.74673462  223.95199585 ...,  223.43777466
   221.12530518  219.21374512]
 [ 219.11306763  221.84086609  223.97219849 ...,  218.36262512
   222.91778564  223.8381958 ]]

FAILED! Dimensions:  (888, 999, 777)  Method:  CudaSharedMemory
Result:
 [[ 13097.42382812  13861.12011719  14113.84472656 ...,      0.              0.
       0.        ]
 [ 13210.0078125   14061.40917969  14242.02441406 ...,      0.              0.
       0.        ]
 [ 13433.48144531  14265.62597656  14441.65332031 ...,      0.              0.
       0.        ]
 ..., 
 [ 13730.79882812  14446.76660156  14623.35351562 ...,      0.              0.
       0.        ]
 [ 13338.72363281  14063.16601562  14429.66699219 ...,      0.              0.
       0.        ]
 [ 13090.87304688  13998.01757812  14180.59765625 ...,      0.              0.
       0.        ]]
Expected:
 [[ 202.28520203  193.77079773  192.87484741 ...,  198.0188446   195.95899963
   188.08894348]
 [ 197.66931152  190.4201355   187.68318176 ...,  187.8866272   190.16505432
   180.31324768]
 [ 198.52232361  200.84355164  188.39080811 ...,  195.17527771  192.5843811
   187.53204346]
 ..., 
 [ 200.98020935  197.50094604  191.52857971 ...,  198.79962158
   204.26928711  195.14335632]
 [ 201.44125366  200.82228088  195.20198059 ...,  191.94410706
   194.37963867  190.82952881]
 [ 202.83831787  194.43092346  190.3531189  ...,  193.79020691  192.4261322
   186.74571228]]

FAILED! Dimensions:  (888, 999, 999)  Method:  CudaSharedMemory
Result:
 [[ 14577.03515625  14382.93457031  14307.79394531 ...,      0.              0.
       0.        ]
 [ 14495.96386719  14306.11328125  14239.984375   ...,      0.              0.
       0.        ]
 [ 14412.5390625   14246.19628906  14172.74804688 ...,      0.              0.
       0.        ]
 ..., 
 [ 14369.30371094  14152.38574219  14092.328125   ...,      0.              0.
       0.        ]
 [ 14052.30175781  13883.82714844  13787.21777344 ...,      0.              0.
       0.        ]
 [ 13952.52539062  13739.03417969  13651.37207031 ...,      0.              0.
       0.        ]]
Expected:
 [[ 254.23765564  247.52838135  255.01490784 ...,  248.96817017
   250.79418945  257.42453003]
 [ 257.46203613  251.14089966  246.41816711 ...,  248.14787292
   257.09121704  264.17153931]
 [ 252.9021759   247.94190979  249.70521545 ...,  248.90740967
   258.99215698  259.01638794]
 ..., 
 [ 252.12625122  248.18197632  251.30969238 ...,  249.22077942
   256.44778442  256.7315979 ]
 [ 250.79579163  246.31800842  243.04771423 ...,  243.76651001
   245.40661621  251.59980774]
 [ 246.6796875   240.69503784  242.04455566 ...,  241.95632935
   247.67301941  249.84663391]]

FAILED! Dimensions:  (777, 888, 888)  Method:  CudaSharedMemory
Result:
 [[ 11933.984375    11212.80859375  11331.46289062 ...,      0.              0.
       0.        ]
 [ 11400.42578125  10718.19726562  10825.45507812 ...,      0.              0.
       0.        ]
 [ 11544.39941406  10800.55273438  10923.13183594 ...,      0.              0.
       0.        ]
 ..., 
 [ 11310.82617188  10593.83007812  10710.390625   ...,      0.              0.
       0.        ]
 [ 11651.3203125   10942.41796875  11037.90332031 ...,      0.              0.
       0.        ]
 [ 11509.70898438  10785.54394531  10889.20410156 ...,      0.              0.
       0.        ]]
Expected:
 [[ 239.23362732  229.04473877  229.97888184 ...,  227.65234375
   230.11778259  231.98339844]
 [ 226.32427979  212.6728363   208.35461426 ...,  208.57427979
   221.53433228  217.98919678]
 [ 239.29745483  218.42738342  224.39080811 ...,  222.98413086
   227.82467651  226.811203  ]
 ..., 
 [ 231.35658264  214.32519531  212.14067078 ...,  216.49465942
   215.29949951  219.08224487]
 [ 235.85263062  219.16387939  220.03811646 ...,  217.35456848  223.8818512
   226.11305237]
 [ 231.92695618  217.87442017  219.99723816 ...,  220.45407104  222.3074646
   226.6449585 ]]

FAILED! Dimensions:  (777, 888, 777)  Method:  CudaSharedMemory
Result:
 [[  9884.53222656  10793.79296875  10562.44433594 ...,      0.              0.
       0.        ]
 [ 10052.99707031  10995.08984375  10803.9140625  ...,      0.              0.
       0.        ]
 [ 10070.52929688  11009.09960938  10718.984375   ...,      0.              0.
       0.        ]
 ..., 
 [  9889.91308594  10814.45214844  10558.65625    ...,      0.              0.
       0.        ]
 [  9841.16992188  10802.02050781  10545.25585938 ...,      0.              0.
       0.        ]
 [ 10456.68164062  11498.20507812  11224.2265625  ...,      0.              0.
       0.        ]]
Expected:
 [[ 184.53114319  196.1214447   192.48881531 ...,  198.12646484
   191.41426086  189.1900177 ]
 [ 185.0475769   196.68809509  198.73545837 ...,  205.34991455
   193.50280762  193.44723511]
 [ 187.13754272  196.76220703  194.78581238 ...,  205.68257141
   192.59919739  195.51734924]
 ..., 
 [ 183.345047    193.46676636  190.65045166 ...,  199.96470642
   190.33111572  194.14945984]
 [ 181.97331238  193.37612915  192.47212219 ...,  198.45629883  190.400177
   189.49317932]
 [ 189.44482422  201.90235901  209.40156555 ...,  214.6655426   195.46034241
   200.4798584 ]]

FAILED! Dimensions:  (777, 888, 999)  Method:  CudaSharedMemory
Result:
 [[ 10562.34472656  11211.80175781  10531.36035156 ...,      0.              0.
       0.        ]
 [ 10700.33300781  11419.6171875   10713.73925781 ...,      0.              0.
       0.        ]
 [ 10791.86523438  11450.20410156  10744.17480469 ...,      0.              0.
       0.        ]
 ..., 
 [ 10523.92382812  11192.04394531  10510.29101562 ...,      0.              0.
       0.        ]
 [ 10666.72167969  11351.96582031  10626.45214844 ...,      0.              0.
       0.        ]
 [ 10794.86425781  11489.32421875  10773.61035156 ...,      0.              0.
       0.        ]]
Expected:
 [[ 238.65480042  256.16812134  242.05821228 ...,  248.26768494
   246.99760437  239.28292847]
 [ 246.40292358  257.92626953  241.16288757 ...,  256.84008789
   245.82695007  242.70117188]
 [ 241.10276794  259.7756958   240.27174377 ...,  252.61177063
   245.85421753  245.67855835]
 ..., 
 [ 241.59963989  254.10739136  238.56384277 ...,  250.19467163
   244.47930908  244.13464355]
 [ 240.3296814   258.2104187   240.97621155 ...,  248.0302887   242.45428467
   246.62600708]
 [ 238.32737732  256.22012329  245.00976562 ...,  244.26663208
   244.60784912  239.52378845]]

FAILED! Dimensions:  (777, 777, 888)  Method:  CudaSharedMemory
Result:
 [[  9714.72851562   9750.94238281  10094.49707031 ...,  10302.60839844
   10290.67675781  10028.43359375]
 [  9241.0625       9267.73828125   9577.24511719 ...,   9763.89941406
    9753.96191406   9577.20507812]
 [  9202.61621094   9265.48242188   9572.14941406 ...,   9695.57617188
    9742.70410156   9504.22949219]
 ..., 
 [  9584.2109375    9614.13769531   9964.83984375 ...,  10146.64746094
   10091.29785156   9854.14160156]
 [  9361.15136719   9380.70996094   9743.21679688 ...,   9946.30664062
    9890.34765625   9635.84472656]
 [  9636.35253906   9743.84570312  10065.76757812 ...,  10222.30273438
   10220.31347656   9968.24902344]]
Expected:
 [[ 217.29396057  223.04620361  232.53552246 ...,  240.15072632
   238.28974915  224.44692993]
 [ 211.34883118  218.2620697   221.13349915 ...,  231.33964539
   231.19801331  221.89315796]
 [ 211.96556091  218.0411377   221.69714355 ...,  227.9617157   227.2048645
   218.42178345]
 ..., 
 [ 220.23583984  219.57339478  232.23953247 ...,  233.95805359
   232.31924438  225.45558167]
 [ 215.71864319  217.05641174  226.60868835 ...,  228.43029785
   225.26339722  221.58676147]
 [ 223.64477539  229.44430542  235.01759338 ...,  242.16355896
   236.22314453  229.88043213]]

FAILED! Dimensions:  (777, 777, 777)  Method:  CudaSharedMemory
Result:
 [[  9696.40429688   9257.02050781   9549.13671875 ...,   9844.953125
    9404.95410156   9546.91601562]
 [  9557.578125     9068.19042969   9349.05664062 ...,   9657.91503906
    9186.70117188   9367.09960938]
 [ 10008.62011719   9519.10253906   9796.7578125  ...,  10082.453125
    9640.40332031   9805.35546875]
 ..., 
 [  9467.546875     9037.6171875    9322.20507812 ...,   9601.03808594
    9198.81640625   9309.046875  ]
 [  9963.51953125   9463.54296875   9775.78027344 ...,  10064.13769531
    9604.77734375   9782.71875   ]
 [  9676.93652344   9179.81542969   9515.46191406 ...,   9805.03613281
    9356.03417969   9508.72558594]]
Expected:
 [[ 195.47277832  190.17774963  194.03712463 ...,  199.71330261
   191.54026794  192.27389526]
 [ 194.42488098  184.89767456  195.85456848 ...,  196.87397766
   186.90504456  192.89193726]
 [ 202.26231384  187.6882019   196.56838989 ...,  198.58476257
   197.50753784  196.49154663]
 ..., 
 [ 190.09558105  186.88117981  188.59146118 ...,  196.85105896
   188.82063293  186.31736755]
 [ 197.77557373  188.70252991  200.55258179 ...,  205.11088562
   193.17486572  198.08433533]
 [ 192.6686554   185.77177429  195.29176331 ...,  202.87080383
   189.24040222  191.61901855]]

FAILED! Dimensions:  (777, 777, 999)  Method:  CudaSharedMemory
Result:
 [[  9307.66210938   8950.31054688   9231.8359375  ...,   9317.06738281
    9418.66992188   9471.50292969]
 [  9321.27734375   8951.27832031   9269.34765625 ...,   9314.21679688
    9420.04980469   9465.59179688]
 [  9658.95410156   9273.79785156   9573.64355469 ...,   9664.33105469
    9734.92871094   9833.12109375]
 ..., 
 [  9672.89355469   9287.73632812   9581.83886719 ...,   9663.52246094
    9744.66503906   9823.89160156]
 [  9632.11816406   9271.8125       9587.31933594 ...,   9661.17578125
    9781.13183594   9865.31738281]
 [ 10148.69824219   9757.63671875  10088.83105469 ...,  10182.54785156
   10281.49804688  10324.03515625]]
Expected:
 [[ 244.91543579  226.90586853  237.03353882 ...,  240.38661194
   241.59469604  243.52043152]
 [ 242.58189392  238.4445343   244.6789093  ...,  242.70944214
   239.41143799  245.61341858]
 [ 248.9291687   244.37864685  249.18125916 ...,  250.60131836
   257.62252808  249.1391449 ]
 ..., 
 [ 256.55197144  243.20097351  252.04666138 ...,  252.13821411
   257.99761963  254.01887512]
 [ 255.1783905   246.55857849  256.1673584  ...,  250.47142029
   252.87365723  250.73171997]
 [ 264.08514404  251.02114868  257.68289185 ...,  259.21603394
   267.33602905  265.33636475]]

FAILED! Dimensions:  (777, 999, 888)  Method:  CudaSharedMemory
Result:
 [[ 11897.44042969  11701.43164062  12468.04101562 ...,      0.              0.
       0.        ]
 [ 12481.078125    12322.37402344  13178.04882812 ...,      0.              0.
       0.        ]
 [ 12662.35546875  12383.48730469  13294.5078125  ...,      0.              0.
       0.        ]
 ..., 
 [ 12369.34765625  12133.26074219  13020.10546875 ...,      0.              0.
       0.        ]
 [ 12086.23730469  11895.71582031  12786.81738281 ...,      0.              0.
       0.        ]
 [ 12190.25585938  12007.84570312  12830.96972656 ...,      0.              0.
       0.        ]]
Expected:
 [[ 212.54675293  215.88301086  211.9828949  ...,  212.69770813
   205.60968018  214.31614685]
 [ 222.14537048  226.99873352  229.71780396 ...,  231.57228088
   224.20475769  230.61901855]
 [ 221.45947266  224.68328857  229.48141479 ...,  232.97988892
   219.33561707  229.94451904]
 ..., 
 [ 218.60769653  222.38259888  227.31761169 ...,  228.75622559
   218.86932373  226.82705688]
 [ 212.65881348  216.52838135  226.91177368 ...,  224.26785278
   219.00183105  223.70121765]
 [ 216.8817749   220.25352478  224.95449829 ...,  224.04711914
   211.74182129  217.45524597]]

FAILED! Dimensions:  (777, 999, 777)  Method:  CudaSharedMemory
Result:
 [[ 12313.89355469  13028.01074219  12719.69140625 ...,      0.              0.
       0.        ]
 [ 12344.05859375  12986.75        12772.66308594 ...,      0.              0.
       0.        ]
 [ 12031.65917969  12640.89746094  12373.30664062 ...,      0.              0.
       0.        ]
 ..., 
 [ 11962.33300781  12691.36230469  12237.56347656 ...,      0.              0.
       0.        ]
 [ 11924.5703125   12585.33105469  12266.10351562 ...,      0.              0.
       0.        ]
 [ 12073.48828125  12729.96582031  12382.89648438 ...,      0.              0.
       0.        ]]
Expected:
 [[ 192.58473206  204.45797729  199.13517761 ...,  198.03294373
   200.82739258  198.90921021]
 [ 192.47509766  200.79811096  199.3321991  ...,  196.67411804
   198.88201904  195.59289551]
 [ 191.21487427  201.56300354  200.79019165 ...,  191.17654419
   191.31234741  190.17114258]
 ..., 
 [ 187.03096008  197.40986633  197.10466003 ...,  184.94747925
   191.93505859  190.96418762]
 [ 188.30819702  192.25119019  191.77906799 ...,  189.7971344   191.36364746
   186.11973572]
 [ 183.29249573  197.9980011   200.79771423 ...,  192.26617432
   195.57444763  191.26400757]]

FAILED! Dimensions:  (777, 999, 999)  Method:  CudaSharedMemory
Result:
 [[ 12676.72070312  12776.50488281  12870.72265625 ...,      0.              0.
       0.        ]
 [ 12127.07519531  12268.04492188  12386.65917969 ...,      0.              0.
       0.        ]
 [ 12174.25683594  12251.91992188  12405.60351562 ...,      0.              0.
       0.        ]
 ..., 
 [ 12235.84863281  12280.30664062  12439.36621094 ...,      0.              0.
       0.        ]
 [ 12109.09082031  12208.94238281  12312.56738281 ...,      0.              0.
       0.        ]
 [ 12818.51464844  12936.20898438  13092.53320312 ...,      0.              0.
       0.        ]]
Expected:
 [[ 259.99298096  256.43984985  263.00765991 ...,  260.63684082
   256.39425659  259.95928955]
 [ 250.17881775  251.04350281  252.10183716 ...,  247.58700562
   251.17286682  252.6055603 ]
 [ 242.51623535  241.71035767  247.74029541 ...,  246.42266846
   239.16592407  251.30075073]
 ..., 
 [ 246.81370544  249.89320374  252.81074524 ...,  248.70787048
   245.97354126  253.31069946]
 [ 246.95407104  253.56558228  249.98242188 ...,  248.59524536
   241.00392151  251.13075256]
 [ 258.67428589  253.48147583  264.93414307 ...,  255.25105286
   253.64407349  254.16210938]]

FAILED! Dimensions:  (999, 888, 888)  Method:  CudaSharedMemory
Result:
 [[ 13404.30566406  13538.07324219  13910.20605469 ...,  13825.20117188
   13711.75488281  13729.62207031]
 [ 12946.67089844  13070.31933594  13317.40820312 ...,  13375.83203125
   13179.47753906  13224.37695312]
 [ 14051.84375     14106.40527344  14504.14257812 ...,  14465.63867188
   14267.07910156  14382.02441406]
 ..., 
 [     0.              0.              0.         ...,      0.              0.
       0.        ]
 [     0.              0.              0.         ...,      0.              0.
       0.        ]
 [     0.              0.              0.         ...,      0.              0.
       0.        ]]
Expected:
 [[ 211.31916809  212.62478638  213.80531311 ...,  216.50442505
   222.08865356  219.12159729]
 [ 208.88955688  215.40338135  216.62518311 ...,  223.93757629
   212.56817627  211.78509521]
 [ 219.29963684  221.77789307  230.63473511 ...,  226.17816162
   224.89239502  219.9432373 ]
 ..., 
 [ 214.82337952  214.83834839  223.72917175 ...,  220.87281799
   213.20082092  218.69737244]
 [ 219.73171997  222.78562927  224.2726593  ...,  225.44477844
   217.12280273  223.73959351]
 [ 223.4961853   222.88208008  227.4768219  ...,  223.08840942
   229.31394958  226.19398499]]

FAILED! Dimensions:  (999, 888, 777)  Method:  CudaSharedMemory
Result:
 [[ 13228.08203125  13241.53125     13001.12890625 ...,  12910.21875
   13378.38183594  12968.67089844]
 [ 14241.55664062  14025.19335938  13804.62695312 ...,  13608.10449219
   14184.44335938  13776.31640625]
 [ 14833.5703125   14794.62597656  14514.1171875  ...,  14349.90527344
   14915.37011719  14565.04882812]
 ..., 
 [     0.              0.              0.         ...,      0.              0.
       0.        ]
 [     0.              0.              0.         ...,      0.              0.
       0.        ]
 [     0.              0.              0.         ...,      0.              0.
       0.        ]]
Expected:
 [[ 191.57878113  190.8928833   183.73841858 ...,  184.07987976
   186.54866028  192.36312866]
 [ 191.9099884   190.12995911  189.75021362 ...,  182.67984009
   190.80134583  192.78125   ]
 [ 198.12033081  200.83538818  197.02770996 ...,  191.22398376
   203.22976685  200.9697876 ]
 ..., 
 [ 190.05319214  190.47575378  187.83079529 ...,  185.9535675   187.62440491
   191.58839417]
 [ 191.33880615  187.12937927  194.15386963 ...,  189.33163452
   194.10400391  194.58503723]
 [ 189.22607422  189.76350403  191.26937866 ...,  184.68739319
   193.13781738  197.47497559]]

FAILED! Dimensions:  (999, 888, 999)  Method:  CudaSharedMemory
Result:
 [[ 14182.80957031  14265.85742188  14664.45996094 ...,  13777.99023438
   14083.85644531  14171.48925781]
 [ 14037.41308594  14109.36914062  14494.82617188 ...,  13643.328125
   13940.70898438  14050.52832031]
 [ 14079.87109375  14086.82910156  14542.72363281 ...,  13666.36621094
   13903.04492188  14039.75585938]
 ..., 
 [     0.              0.              0.         ...,      0.              0.
       0.        ]
 [     0.              0.              0.         ...,      0.              0.
       0.        ]
 [     0.              0.              0.         ...,      0.              0.
       0.        ]]
Expected:
 [[ 255.86161804  250.57827759  259.70996094 ...,  249.6578064   247.66246033
   250.57763672]
 [ 251.71405029  258.51303101  250.95098877 ...,  244.99154663
   247.25296021  247.84312439]
 [ 251.47988892  250.77804565  249.64381409 ...,  246.4210968   244.91702271
   239.85083008]
 ..., 
 [ 258.09329224  262.80993652  265.77575684 ...,  255.18144226
   264.32037354  254.5856781 ]
 [ 247.53529358  249.02172852  255.16564941 ...,  241.77403259
   246.26329041  245.4956665 ]
 [ 253.57693481  253.98751831  259.02084351 ...,  251.32421875
   254.50892639  246.51242065]]

FAILED! Dimensions:  (999, 777, 888)  Method:  CudaSharedMemory
Result:
 [[ 11869.13867188  11971.37011719  11668.5078125  ...,  11160.26269531
   12014.91601562  11489.05175781]
 [ 12804.40625     12815.07617188  12547.75976562 ...,  12031.06152344
   12896.02636719  12366.90136719]
 [ 13056.34765625  13112.26269531  12659.29296875 ...,  12286.81835938
   13190.59179688  12600.12011719]
 ..., 
 [     0.              0.              0.         ...,      0.              0.
       0.        ]
 [     0.              0.              0.         ...,      0.              0.
       0.        ]
 [     0.              0.              0.         ...,      0.              0.
       0.        ]]
Expected:
 [[ 215.51405334  221.75270081  216.41415405 ...,  202.69599915
   224.99833679  215.74845886]
 [ 228.64213562  228.72161865  221.94212341 ...,  220.15158081
   227.39994812  223.83720398]
 [ 228.21107483  227.71043396  221.62988281 ...,  213.30914307
   235.08114624  219.52339172]
 ..., 
 [ 229.32850647  230.152771    226.18618774 ...,  214.44282532
   229.86302185  221.69396973]
 [ 235.02232361  239.87472534  233.44804382 ...,  225.15316772
   235.88227844  230.35624695]
 [ 226.20761108  226.01089478  222.18005371 ...,  216.48242188
   227.81059265  222.15846252]]

FAILED! Dimensions:  (999, 777, 777)  Method:  CudaSharedMemory
Result:
 [[ 12176.46972656  11791.92382812  12056.45800781 ...,  11697.04980469
   11826.8984375   11973.16796875]
 [ 12962.68066406  12636.99902344  12923.40234375 ...,  12505.17675781
   12692.42382812  12848.15429688]
 [ 12220.46875     11804.0546875   12121.26464844 ...,  11678.06835938
   11773.66113281  11959.55175781]
 ..., 
 [     0.              0.              0.         ...,      0.              0.
       0.        ]
 [     0.              0.              0.         ...,      0.              0.
       0.        ]
 [     0.              0.              0.         ...,      0.              0.
       0.        ]]
Expected:
 [[ 198.53807068  194.46965027  197.15518188 ...,  193.14712524
   198.28138733  197.94650269]
 [ 197.16564941  192.38816833  195.50654602 ...,  188.86062622
   190.71165466  195.4364624 ]
 [ 196.98071289  185.89096069  186.02537537 ...,  184.00926208
   186.88496399  187.85632324]
 ..., 
 [ 196.2394104   189.75708008  194.95169067 ...,  187.66870117
   190.40560913  194.10749817]
 [ 199.87591553  190.48576355  190.98774719 ...,  189.51179504  184.5900116
   193.24655151]
 [ 195.65350342  190.02592468  196.97122192 ...,  187.54069519
   189.47262573  193.86660767]]

FAILED! Dimensions:  (999, 777, 999)  Method:  CudaSharedMemory
Result:
 [[ 12209.48242188  11656.38574219  12297.04394531 ...,  12300.67382812
   12436.5         12345.69238281]
 [ 12046.1171875   11515.89648438  12136.91601562 ...,  12157.83398438
   12280.25390625  12179.21875   ]
 [ 12607.36816406  12045.01171875  12709.453125   ...,  12710.3671875
   12852.53613281  12769.44921875]
 ..., 
 [     0.              0.              0.         ...,      0.              0.
       0.        ]
 [     0.              0.              0.         ...,      0.              0.
       0.        ]
 [     0.              0.              0.         ...,      0.              0.
       0.        ]]
Expected:
 [[ 247.2041626   240.43421936  244.56732178 ...,  252.71914673
   249.76553345  256.90249634]
 [ 241.11938477  236.72259521  247.72633362 ...,  242.09822083
   245.65180969  243.35237122]
 [ 257.88525391  243.17753601  256.30072021 ...,  260.38085938
   255.99308777  257.02819824]
 ..., 
 [ 243.07974243  241.7706604   248.22994995 ...,  251.75254822
   251.58128357  246.09843445]
 [ 250.86886597  242.79855347  252.38418579 ...,  252.53041077
   257.21456909  252.38601685]
 [ 251.43330383  244.63536072  256.4887085  ...,  258.13775635  257.3069458
   254.84753418]]

FAILED! Dimensions:  (999, 999, 888)  Method:  CudaSharedMemory
Result:
 [[ 16272.47460938  15875.05175781  15715.40234375 ...,  15819.10644531
   15388.68261719  16396.97265625]
 [ 15944.87695312  15564.27246094  15413.12109375 ...,  15606.70800781
   15168.95410156  16067.734375  ]
 [ 16018.6953125   15482.1328125   15414.1953125  ...,  15553.74511719
   15111.09277344  16077.12792969]
 ..., 
 [ 16347.0546875   15827.47949219  15683.61230469 ...,  15812.76464844
   15421.453125    16368.53613281]
 [ 16277.97070312  15834.99414062  15666.59570312 ...,  15876.9375
   15504.56835938  16383.66308594]
 [ 16384.10351562  15973.04980469  15717.90527344 ...,  15922.07714844
   15497.25878906  16461.546875  ]]
Expected:
 [[ 225.04714966  220.54421997  220.11068726 ...,  212.53646851
   213.63514709  225.68554688]
 [ 219.37147522  220.62298584  223.07627869 ...,  214.98457336
   213.93885803  228.12309265]
 [ 220.30471802  209.81643677  214.10823059 ...,  211.34591675
   208.90393066  222.49969482]
 ..., 
 [ 226.72221375  221.11427307  222.78237915 ...,  218.99984741
   223.66061401  229.81993103]
 [ 228.46235657  222.39602661  226.07476807 ...,  223.70803833
   216.92457581  231.47496033]
 [ 223.61561584  216.85403442  217.25619507 ...,  216.72250366
   210.50691223  221.59014893]]

FAILED! Dimensions:  (999, 999, 777)  Method:  CudaSharedMemory
Result:
 [[ 16149.25097656  16840.953125    15861.13476562 ...,  15991.64355469
   16282.08203125  16864.67382812]
 [ 16620.17382812  17285.20507812  16012.31054688 ...,  16106.77441406
   16618.3125      17075.7578125 ]
 [ 15212.32910156  15634.93359375  14509.47265625 ...,  14575.31152344
   14984.27539062  15607.95019531]
 ..., 
 [ 15120.796875    15587.39746094  14860.65722656 ...,  14734.35058594
   14990.5078125   15487.29589844]
 [ 15467.70800781  15871.10644531  14844.43066406 ...,  14946.4375
   15271.54199219  15812.07226562]
 [ 15612.5859375   15960.95605469  14805.30078125 ...,  14903.03027344
   15315.47167969  15769.16308594]]
Expected:
 [[ 190.41706848  200.92581177  188.64422607 ...,  203.04792786
   193.85969543  196.41848755]
 [ 195.17733765  206.6098938   190.40667725 ...,  197.13371277
   191.27180481  202.9349823 ]
 [ 187.18154907  195.73434448  185.97267151 ...,  188.29328918
   182.05726624  192.76506042]
 ..., 
 [ 192.98344421  202.81544495  189.86882019 ...,  190.73847961
   184.33213806  196.55854797]
 [ 195.65333557  198.54133606  192.2276001  ...,  190.99624634
   188.12631226  197.94139099]
 [ 190.17370605  198.34536743  187.53463745 ...,  194.12269592
   190.79341125  195.03422546]]

FAILED! Dimensions:  (999, 999, 999)  Method:  CudaSharedMemory
Result:
 [[ 16860.54101562  16896.21679688  16554.73242188 ...,  16857.15429688
   16276.04492188  16769.44726562]
 [ 16067.79882812  16095.04101562  15754.94140625 ...,  16063.09472656
   15509.07421875  16006.40722656]
 [ 16376.02148438  16381.27539062  16040.90722656 ...,  16357.42480469
   15770.98828125  16289.19140625]
 ..., 
 [ 16096.83789062  16146.39550781  15794.97363281 ...,  16092.58007812
   15546.58203125  16001.40429688]
 [ 16693.61523438  16717.57617188  16356.04003906 ...,  16714.20117188
   16136.48925781  16642.8203125 ]
 [ 16305.60839844  16337.36328125  15974.42871094 ...,  16308.49316406
   15749.36914062  16248.40234375]]
Expected:
 [[ 259.484375    261.63687134  261.3192749  ...,  263.00131226
   254.96359253  261.97372437]
 [ 254.27589417  248.86180115  249.17785645 ...,  248.49272156
   243.96316528  251.58634949]
 [ 258.50476074  256.78918457  253.18806458 ...,  258.91744995
   250.56661987  252.81163025]
 ..., 
 [ 251.25822449  257.76785278  252.30551147 ...,  252.60420227
   245.43280029  254.33700562]
 [ 263.5927124   260.17025757  258.47445679 ...,  260.77258301
   257.35134888  262.96957397]
 [ 255.32347107  251.34054565  247.74725342 ...,  258.08843994
   247.57945251  249.53923035]]

Method: CudaSharedMemory          , dims: (888, 888, 888)     , pass(1)/fail(0): 0,	 time (s): 0.5092828273773193

Method: CudaSharedMemory          , dims: (888, 888, 777)     , pass(1)/fail(0): 0,	 time (s): 0.38286280632019043

Method: CudaSharedMemory          , dims: (888, 888, 999)     , pass(1)/fail(0): 0,	 time (s): 0.3758072853088379

Method: CudaSharedMemory          , dims: (888, 777, 888)     , pass(1)/fail(0): 0,	 time (s): 0.2847747802734375

Method: CudaSharedMemory          , dims: (888, 777, 777)     , pass(1)/fail(0): 0,	 time (s): 0.28565549850463867

Method: CudaSharedMemory          , dims: (888, 777, 999)     , pass(1)/fail(0): 0,	 time (s): 0.29050302505493164

Method: CudaSharedMemory          , dims: (888, 999, 888)     , pass(1)/fail(0): 0,	 time (s): 0.4584674835205078

Method: CudaSharedMemory          , dims: (888, 999, 777)     , pass(1)/fail(0): 0,	 time (s): 0.44940972328186035

Method: CudaSharedMemory          , dims: (888, 999, 999)     , pass(1)/fail(0): 0,	 time (s): 0.4768404960632324

Method: CudaSharedMemory          , dims: (777, 888, 888)     , pass(1)/fail(0): 0,	 time (s): 0.27752089500427246

Method: CudaSharedMemory          , dims: (777, 888, 777)     , pass(1)/fail(0): 0,	 time (s): 0.2790489196777344

Method: CudaSharedMemory          , dims: (777, 888, 999)     , pass(1)/fail(0): 0,	 time (s): 0.2830393314361572

Method: CudaSharedMemory          , dims: (777, 777, 888)     , pass(1)/fail(0): 0,	 time (s): 0.22569918632507324

Method: CudaSharedMemory          , dims: (777, 777, 777)     , pass(1)/fail(0): 0,	 time (s): 0.22559189796447754

Method: CudaSharedMemory          , dims: (777, 777, 999)     , pass(1)/fail(0): 0,	 time (s): 0.22620153427124023

Method: CudaSharedMemory          , dims: (777, 999, 888)     , pass(1)/fail(0): 0,	 time (s): 0.3491783142089844

Method: CudaSharedMemory          , dims: (777, 999, 777)     , pass(1)/fail(0): 0,	 time (s): 0.3448910713195801

Method: CudaSharedMemory          , dims: (777, 999, 999)     , pass(1)/fail(0): 0,	 time (s): 0.3555490970611572

Method: CudaSharedMemory          , dims: (999, 888, 888)     , pass(1)/fail(0): 0,	 time (s): 0.4532613754272461

Method: CudaSharedMemory          , dims: (999, 888, 777)     , pass(1)/fail(0): 0,	 time (s): 0.4482431411743164

Method: CudaSharedMemory          , dims: (999, 888, 999)     , pass(1)/fail(0): 0,	 time (s): 0.47075700759887695

Method: CudaSharedMemory          , dims: (999, 777, 888)     , pass(1)/fail(0): 0,	 time (s): 0.34842920303344727

Method: CudaSharedMemory          , dims: (999, 777, 777)     , pass(1)/fail(0): 0,	 time (s): 0.3461153507232666

Method: CudaSharedMemory          , dims: (999, 777, 999)     , pass(1)/fail(0): 0,	 time (s): 0.3641622066497803

Method: CudaSharedMemory          , dims: (999, 999, 888)     , pass(1)/fail(0): 0,	 time (s): 0.5811450481414795

Method: CudaSharedMemory          , dims: (999, 999, 777)     , pass(1)/fail(0): 0,	 time (s): 0.5709424018859863

Method: CudaSharedMemory          , dims: (999, 999, 999)     , pass(1)/fail(0): 0,	 time (s): 0.6139695644378662

