Device name: b'NVIDIA A100-PCIE-40GB'
Compute capability: (8, 0)
Total global memory (GB): 39.39385986328125
Free global memory (GB): 38.98077392578125
Used global memory (GB): 0.4130859375
Max threads per block: 1024
Max block dimensions: x=1024, y=1024, z=64
Max grid dimensions: x=2147483647, y=65535, z=65535
Max shared memory per block (KB): 48.0
BPG:  (1, 1)  TPB:  (16, 16)
BPG:  (1, 1)  TPB:  (16, 16)
BPG:  (1, 1)  TPB:  (16, 16)
BPG:  (1, 1)  TPB:  (16, 16)
BPG:  (2, 1)  TPB:  (16, 16)
BPG:  (2, 1)  TPB:  (16, 16)
FAILED! Dimensions:  (17, 16, 17)  Method:  CudaSharedMemory
Result:
 [[ 80.  80.  80.  80.  80.  80.  80.  80.  80.  80.  80.  80.  80.  80.
   80.  80.]
 [ 80.  80.  80.  80.  80.  80.  80.  80.  80.  80.  80.  80.  80.  80.
   80.  80.]
 [ 80.  80.  80.  80.  80.  80.  80.  80.  80.  80.  80.  80.  80.  80.
   80.  80.]
 [ 80.  80.  80.  80.  80.  80.  80.  80.  80.  80.  80.  80.  80.  80.
   80.  80.]
 [ 80.  80.  80.  80.  80.  80.  80.  80.  80.  80.  80.  80.  80.  80.
   80.  80.]
 [ 80.  80.  80.  80.  80.  80.  80.  80.  80.  80.  80.  80.  80.  80.
   80.  80.]
 [ 80.  80.  80.  80.  80.  80.  80.  80.  80.  80.  80.  80.  80.  80.
   80.  80.]
 [ 80.  80.  80.  80.  80.  80.  80.  80.  80.  80.  80.  80.  80.  80.
   80.  80.]
 [ 80.  80.  80.  80.  80.  80.  80.  80.  80.  80.  80.  80.  80.  80.
   80.  80.]
 [ 80.  80.  80.  80.  80.  80.  80.  80.  80.  80.  80.  80.  80.  80.
   80.  80.]
 [ 80.  80.  80.  80.  80.  80.  80.  80.  80.  80.  80.  80.  80.  80.
   80.  80.]
 [ 80.  80.  80.  80.  80.  80.  80.  80.  80.  80.  80.  80.  80.  80.
   80.  80.]
 [ 80.  80.  80.  80.  80.  80.  80.  80.  80.  80.  80.  80.  80.  80.
   80.  80.]
 [ 80.  80.  80.  80.  80.  80.  80.  80.  80.  80.  80.  80.  80.  80.
   80.  80.]
 [ 80.  80.  80.  80.  80.  80.  80.  80.  80.  80.  80.  80.  80.  80.
   80.  80.]
 [ 80.  80.  80.  80.  80.  80.  80.  80.  80.  80.  80.  80.  80.  80.
   80.  80.]
 [  0.   0.   0.   0.   0.   0.   0.   0.   0.   0.   0.   0.   0.   0.
    0.   0.]]
Expected:
 [[ 85.  85.  85.  85.  85.  85.  85.  85.  85.  85.  85.  85.  85.  85.
   85.  85.]
 [ 85.  85.  85.  85.  85.  85.  85.  85.  85.  85.  85.  85.  85.  85.
   85.  85.]
 [ 85.  85.  85.  85.  85.  85.  85.  85.  85.  85.  85.  85.  85.  85.
   85.  85.]
 [ 85.  85.  85.  85.  85.  85.  85.  85.  85.  85.  85.  85.  85.  85.
   85.  85.]
 [ 85.  85.  85.  85.  85.  85.  85.  85.  85.  85.  85.  85.  85.  85.
   85.  85.]
 [ 85.  85.  85.  85.  85.  85.  85.  85.  85.  85.  85.  85.  85.  85.
   85.  85.]
 [ 85.  85.  85.  85.  85.  85.  85.  85.  85.  85.  85.  85.  85.  85.
   85.  85.]
 [ 85.  85.  85.  85.  85.  85.  85.  85.  85.  85.  85.  85.  85.  85.
   85.  85.]
 [ 85.  85.  85.  85.  85.  85.  85.  85.  85.  85.  85.  85.  85.  85.
   85.  85.]
 [ 85.  85.  85.  85.  85.  85.  85.  85.  85.  85.  85.  85.  85.  85.
   85.  85.]
 [ 85.  85.  85.  85.  85.  85.  85.  85.  85.  85.  85.  85.  85.  85.
   85.  85.]
 [ 85.  85.  85.  85.  85.  85.  85.  85.  85.  85.  85.  85.  85.  85.
   85.  85.]
 [ 85.  85.  85.  85.  85.  85.  85.  85.  85.  85.  85.  85.  85.  85.
   85.  85.]
 [ 85.  85.  85.  85.  85.  85.  85.  85.  85.  85.  85.  85.  85.  85.
   85.  85.]
 [ 85.  85.  85.  85.  85.  85.  85.  85.  85.  85.  85.  85.  85.  85.
   85.  85.]
 [ 85.  85.  85.  85.  85.  85.  85.  85.  85.  85.  85.  85.  85.  85.
   85.  85.]
 [ 85.  85.  85.  85.  85.  85.  85.  85.  85.  85.  85.  85.  85.  85.
   85.  85.]]
Difference:
 [[ -5.  -5.  -5.  -5.  -5.  -5.  -5.  -5.  -5.  -5.  -5.  -5.  -5.  -5.
   -5.  -5.]
 [ -5.  -5.  -5.  -5.  -5.  -5.  -5.  -5.  -5.  -5.  -5.  -5.  -5.  -5.
   -5.  -5.]
 [ -5.  -5.  -5.  -5.  -5.  -5.  -5.  -5.  -5.  -5.  -5.  -5.  -5.  -5.
   -5.  -5.]
 [ -5.  -5.  -5.  -5.  -5.  -5.  -5.  -5.  -5.  -5.  -5.  -5.  -5.  -5.
   -5.  -5.]
 [ -5.  -5.  -5.  -5.  -5.  -5.  -5.  -5.  -5.  -5.  -5.  -5.  -5.  -5.
   -5.  -5.]
 [ -5.  -5.  -5.  -5.  -5.  -5.  -5.  -5.  -5.  -5.  -5.  -5.  -5.  -5.
   -5.  -5.]
 [ -5.  -5.  -5.  -5.  -5.  -5.  -5.  -5.  -5.  -5.  -5.  -5.  -5.  -5.
   -5.  -5.]
 [ -5.  -5.  -5.  -5.  -5.  -5.  -5.  -5.  -5.  -5.  -5.  -5.  -5.  -5.
   -5.  -5.]
 [ -5.  -5.  -5.  -5.  -5.  -5.  -5.  -5.  -5.  -5.  -5.  -5.  -5.  -5.
   -5.  -5.]
 [ -5.  -5.  -5.  -5.  -5.  -5.  -5.  -5.  -5.  -5.  -5.  -5.  -5.  -5.
   -5.  -5.]
 [ -5.  -5.  -5.  -5.  -5.  -5.  -5.  -5.  -5.  -5.  -5.  -5.  -5.  -5.
   -5.  -5.]
 [ -5.  -5.  -5.  -5.  -5.  -5.  -5.  -5.  -5.  -5.  -5.  -5.  -5.  -5.
   -5.  -5.]
 [ -5.  -5.  -5.  -5.  -5.  -5.  -5.  -5.  -5.  -5.  -5.  -5.  -5.  -5.
   -5.  -5.]
 [ -5.  -5.  -5.  -5.  -5.  -5.  -5.  -5.  -5.  -5.  -5.  -5.  -5.  -5.
   -5.  -5.]
 [ -5.  -5.  -5.  -5.  -5.  -5.  -5.  -5.  -5.  -5.  -5.  -5.  -5.  -5.
   -5.  -5.]
 [ -5.  -5.  -5.  -5.  -5.  -5.  -5.  -5.  -5.  -5.  -5.  -5.  -5.  -5.
   -5.  -5.]
 [-85. -85. -85. -85. -85. -85. -85. -85. -85. -85. -85. -85. -85. -85.
  -85. -85.]]

Method: Basic                     , dims: (4, 3, 4)           , pass(1)/fail(0): 1,	 time (s): 7.009506225585938e-05
Method: CudaGlobalMemory          , dims: (4, 3, 4)           , pass(1)/fail(0): 1,	 time (s): 0.0012030601501464844
Method: CudaSharedMemory          , dims: (4, 3, 4)           , pass(1)/fail(0): 1,	 time (s): 0.0010166168212890625

Method: Basic                     , dims: (17, 16, 17)        , pass(1)/fail(0): 1,	 time (s): 0.0019271373748779297
Method: CudaGlobalMemory          , dims: (17, 16, 17)        , pass(1)/fail(0): 1,	 time (s): 0.0009398460388183594
Method: CudaSharedMemory          , dims: (17, 16, 17)        , pass(1)/fail(0): 0,	 time (s): 0.0009126663208007812

