Device name: b'Tesla K80'
Compute capability: (3, 7)
Total global memory (GB): 11.173095703125
Free global memory (GB): 11.115966796875
Used global memory (GB): 0.05712890625
Max threads per block: 1024
Max block dimensions: x=1024, y=1024, z=64
Max grid dimensions: x=2147483647, y=65535, z=65535
Max shared memory per block (KB): 48.0
Method: CudaSharedMemory          , dims: (16, 32, 32)        , pass(1)/fail(0): 1,	 time (s): 0.0021402835845947266

Method: CudaSharedMemory          , dims: (32, 32, 32)        , pass(1)/fail(0): 1,	 time (s): 0.0019290447235107422

Method: CudaSharedMemory          , dims: (48, 32, 32)        , pass(1)/fail(0): 1,	 time (s): 0.0020105838775634766

Method: CudaSharedMemory          , dims: (64, 32, 32)        , pass(1)/fail(0): 1,	 time (s): 0.0020508766174316406

Method: CudaSharedMemory          , dims: (80, 32, 32)        , pass(1)/fail(0): 1,	 time (s): 0.0019481182098388672

Method: CudaSharedMemory          , dims: (96, 32, 32)        , pass(1)/fail(0): 1,	 time (s): 0.002059459686279297

Method: CudaSharedMemory          , dims: (112, 32, 32)       , pass(1)/fail(0): 1,	 time (s): 0.001986980438232422

Method: CudaSharedMemory          , dims: (128, 32, 32)       , pass(1)/fail(0): 1,	 time (s): 0.0019097328186035156

Method: CudaSharedMemory          , dims: (144, 32, 32)       , pass(1)/fail(0): 1,	 time (s): 0.0019195079803466797

Method: CudaSharedMemory          , dims: (160, 32, 32)       , pass(1)/fail(0): 1,	 time (s): 0.0022695064544677734

Method: CudaSharedMemory          , dims: (176, 32, 32)       , pass(1)/fail(0): 1,	 time (s): 0.002206087112426758

Method: CudaSharedMemory          , dims: (192, 32, 32)       , pass(1)/fail(0): 1,	 time (s): 0.0019135475158691406

Method: CudaSharedMemory          , dims: (208, 32, 32)       , pass(1)/fail(0): 1,	 time (s): 0.0019299983978271484

Method: CudaSharedMemory          , dims: (224, 32, 32)       , pass(1)/fail(0): 1,	 time (s): 0.002064228057861328

Method: CudaSharedMemory          , dims: (240, 32, 32)       , pass(1)/fail(0): 1,	 time (s): 0.0019304752349853516

Method: CudaSharedMemory          , dims: (256, 32, 32)       , pass(1)/fail(0): 1,	 time (s): 0.0019161701202392578

Method: CudaSharedMemory          , dims: (32, 16, 32)        , pass(1)/fail(0): 0,	 time (s): 0.0019729137420654297

Method: CudaSharedMemory          , dims: (32, 32, 32)        , pass(1)/fail(0): 1,	 time (s): 0.0019049644470214844

Method: CudaSharedMemory          , dims: (32, 48, 32)        , pass(1)/fail(0): 1,	 time (s): 0.001976490020751953

Method: CudaSharedMemory          , dims: (32, 64, 32)        , pass(1)/fail(0): 1,	 time (s): 0.0021796226501464844

Method: CudaSharedMemory          , dims: (32, 80, 32)        , pass(1)/fail(0): 1,	 time (s): 0.002181529998779297

Method: CudaSharedMemory          , dims: (32, 96, 32)        , pass(1)/fail(0): 1,	 time (s): 0.0019123554229736328

Method: CudaSharedMemory          , dims: (32, 112, 32)       , pass(1)/fail(0): 1,	 time (s): 0.0019385814666748047

Method: CudaSharedMemory          , dims: (32, 128, 32)       , pass(1)/fail(0): 1,	 time (s): 0.0019881725311279297

Method: CudaSharedMemory          , dims: (32, 144, 32)       , pass(1)/fail(0): 1,	 time (s): 0.0019295215606689453

Method: CudaSharedMemory          , dims: (32, 160, 32)       , pass(1)/fail(0): 1,	 time (s): 0.0019109249114990234

Method: CudaSharedMemory          , dims: (32, 176, 32)       , pass(1)/fail(0): 1,	 time (s): 0.0019397735595703125

Method: CudaSharedMemory          , dims: (32, 192, 32)       , pass(1)/fail(0): 1,	 time (s): 0.0020110607147216797

Method: CudaSharedMemory          , dims: (32, 208, 32)       , pass(1)/fail(0): 1,	 time (s): 0.001928567886352539

Method: CudaSharedMemory          , dims: (32, 224, 32)       , pass(1)/fail(0): 1,	 time (s): 0.002000093460083008

Method: CudaSharedMemory          , dims: (32, 240, 32)       , pass(1)/fail(0): 1,	 time (s): 0.002210855484008789

Method: CudaSharedMemory          , dims: (32, 256, 32)       , pass(1)/fail(0): 1,	 time (s): 0.002233266830444336

Method: CudaSharedMemory          , dims: (32, 32, 16)        , pass(1)/fail(0): 1,	 time (s): 0.0019147396087646484

Method: CudaSharedMemory          , dims: (32, 32, 32)        , pass(1)/fail(0): 1,	 time (s): 0.001985788345336914

Method: CudaSharedMemory          , dims: (32, 32, 48)        , pass(1)/fail(0): 0,	 time (s): 0.0018856525421142578

Method: CudaSharedMemory          , dims: (32, 32, 64)        , pass(1)/fail(0): 0,	 time (s): 0.0019104480743408203

Method: CudaSharedMemory          , dims: (32, 32, 80)        , pass(1)/fail(0): 0,	 time (s): 0.0018906593322753906

Method: CudaSharedMemory          , dims: (32, 32, 96)        , pass(1)/fail(0): 0,	 time (s): 0.00199127197265625

Method: CudaSharedMemory          , dims: (32, 32, 112)       , pass(1)/fail(0): 0,	 time (s): 0.0019636154174804688

Method: CudaSharedMemory          , dims: (32, 32, 128)       , pass(1)/fail(0): 0,	 time (s): 0.001975536346435547

Method: CudaSharedMemory          , dims: (32, 32, 144)       , pass(1)/fail(0): 0,	 time (s): 0.0022249221801757812

Method: CudaSharedMemory          , dims: (32, 32, 160)       , pass(1)/fail(0): 0,	 time (s): 0.002185344696044922

Method: CudaSharedMemory          , dims: (32, 32, 176)       , pass(1)/fail(0): 0,	 time (s): 0.001950979232788086

Method: CudaSharedMemory          , dims: (32, 32, 192)       , pass(1)/fail(0): 0,	 time (s): 0.0019068717956542969

Method: CudaSharedMemory          , dims: (32, 32, 208)       , pass(1)/fail(0): 0,	 time (s): 0.001979351043701172

Method: CudaSharedMemory          , dims: (32, 32, 224)       , pass(1)/fail(0): 0,	 time (s): 0.0019752979278564453

Method: CudaSharedMemory          , dims: (32, 32, 240)       , pass(1)/fail(0): 0,	 time (s): 0.0019142627716064453

Method: CudaSharedMemory          , dims: (32, 32, 256)       , pass(1)/fail(0): 0,	 time (s): 0.001909017562866211

