Device name: b'Tesla K80'
Compute capability: (3, 7)
Total global memory (GB): 11.173095703125
Free global memory (GB): 11.115966796875
Used global memory (GB): 0.05712890625
Max threads per block: 1024
Max block dimensions: x=1024, y=1024, z=64
Max grid dimensions: x=2147483647, y=65535, z=65535
Max shared memory per block (KB): 48.0
BPG:  (1, 1)  TPB:  (16, 16)
BPG:  (1, 1)  TPB:  (16, 16)
BPG:  (4, 2)  TPB:  (16, 16)
BPG:  (4, 2)  TPB:  (16, 16)
BPG:  (2, 4)  TPB:  (16, 16)
BPG:  (2, 4)  TPB:  (16, 16)
FAILED! Dimensions:  (64, 32, 64)  Method:  CudaSharedMemory
Result:
 [[ 160.  160.  160. ...,  160.  160.  160.]
 [ 160.  160.  160. ...,  160.  160.  160.]
 [ 160.  160.  160. ...,  160.  160.  160.]
 ..., 
 [ 160.  160.  160. ...,  160.  160.  160.]
 [ 160.  160.  160. ...,  160.  160.  160.]
 [ 160.  160.  160. ...,  160.  160.  160.]]
Expected:
 [[ 320.  320.  320. ...,  320.  320.  320.]
 [ 320.  320.  320. ...,  320.  320.  320.]
 [ 320.  320.  320. ...,  320.  320.  320.]
 ..., 
 [ 320.  320.  320. ...,  320.  320.  320.]
 [ 320.  320.  320. ...,  320.  320.  320.]
 [ 320.  320.  320. ...,  320.  320.  320.]]
Difference:
 [[-160. -160. -160. ..., -160. -160. -160.]
 [-160. -160. -160. ..., -160. -160. -160.]
 [-160. -160. -160. ..., -160. -160. -160.]
 ..., 
 [-160. -160. -160. ..., -160. -160. -160.]
 [-160. -160. -160. ..., -160. -160. -160.]
 [-160. -160. -160. ..., -160. -160. -160.]]

BPG:  (4, 4)  TPB:  (16, 16)
BPG:  (4, 4)  TPB:  (16, 16)
BPG:  (2, 4)  TPB:  (16, 16)
BPG:  (2, 4)  TPB:  (16, 16)
BPG:  (4, 2)  TPB:  (16, 16)
BPG:  (4, 2)  TPB:  (16, 16)
BPG:  (2, 2)  TPB:  (16, 16)
BPG:  (2, 2)  TPB:  (16, 16)
FAILED! Dimensions:  (32, 32, 64)  Method:  CudaSharedMemory
Result:
 [[ 160.  160.  160. ...,  160.  160.  160.]
 [ 160.  160.  160. ...,  160.  160.  160.]
 [ 160.  160.  160. ...,  160.  160.  160.]
 ..., 
 [ 160.  160.  160. ...,  160.  160.  160.]
 [ 160.  160.  160. ...,  160.  160.  160.]
 [ 160.  160.  160. ...,  160.  160.  160.]]
Expected:
 [[ 320.  320.  320. ...,  320.  320.  320.]
 [ 320.  320.  320. ...,  320.  320.  320.]
 [ 320.  320.  320. ...,  320.  320.  320.]
 ..., 
 [ 320.  320.  320. ...,  320.  320.  320.]
 [ 320.  320.  320. ...,  320.  320.  320.]
 [ 320.  320.  320. ...,  320.  320.  320.]]
Difference:
 [[-160. -160. -160. ..., -160. -160. -160.]
 [-160. -160. -160. ..., -160. -160. -160.]
 [-160. -160. -160. ..., -160. -160. -160.]
 ..., 
 [-160. -160. -160. ..., -160. -160. -160.]
 [-160. -160. -160. ..., -160. -160. -160.]
 [-160. -160. -160. ..., -160. -160. -160.]]

Method: Basic                     , dims: (32, 64, 64)        , pass(1)/fail(0): 1,	 time (s): 0.0689697265625
Method: CudaGlobalMemory          , dims: (32, 64, 64)        , pass(1)/fail(0): 1,	 time (s): 0.0016646385192871094
Method: CudaSharedMemory          , dims: (32, 64, 64)        , pass(1)/fail(0): 1,	 time (s): 0.0015761852264404297

Method: Basic                     , dims: (64, 32, 64)        , pass(1)/fail(0): 1,	 time (s): 0.058763980865478516
Method: CudaGlobalMemory          , dims: (64, 32, 64)        , pass(1)/fail(0): 1,	 time (s): 0.0014393329620361328
Method: CudaSharedMemory          , dims: (64, 32, 64)        , pass(1)/fail(0): 0,	 time (s): 0.0014286041259765625

Method: Basic                     , dims: (64, 64, 32)        , pass(1)/fail(0): 1,	 time (s): 0.06516075134277344
Method: CudaGlobalMemory          , dims: (64, 64, 32)        , pass(1)/fail(0): 1,	 time (s): 0.0014495849609375
Method: CudaSharedMemory          , dims: (64, 64, 32)        , pass(1)/fail(0): 1,	 time (s): 0.0014910697937011719

Method: Basic                     , dims: (64, 32, 32)        , pass(1)/fail(0): 1,	 time (s): 0.032785654067993164
Method: CudaGlobalMemory          , dims: (64, 32, 32)        , pass(1)/fail(0): 1,	 time (s): 0.0014445781707763672
Method: CudaSharedMemory          , dims: (64, 32, 32)        , pass(1)/fail(0): 1,	 time (s): 0.001424551010131836

Method: Basic                     , dims: (32, 64, 32)        , pass(1)/fail(0): 1,	 time (s): 0.03285932540893555
Method: CudaGlobalMemory          , dims: (32, 64, 32)        , pass(1)/fail(0): 1,	 time (s): 0.001739501953125
Method: CudaSharedMemory          , dims: (32, 64, 32)        , pass(1)/fail(0): 1,	 time (s): 0.0017609596252441406

Method: Basic                     , dims: (32, 32, 64)        , pass(1)/fail(0): 1,	 time (s): 0.029493331909179688
Method: CudaGlobalMemory          , dims: (32, 32, 64)        , pass(1)/fail(0): 1,	 time (s): 0.0015492439270019531
Method: CudaSharedMemory          , dims: (32, 32, 64)        , pass(1)/fail(0): 0,	 time (s): 0.0014314651489257812

