Device name: b'Tesla K80'
Compute capability: (3, 7)
Total global memory (GB): 11.173095703125
Free global memory (GB): 11.115966796875
Used global memory (GB): 0.05712890625
Max threads per block: 1024
Max block dimensions: x=1024, y=1024, z=64
Max grid dimensions: x=2147483647, y=65535, z=65535
Max shared memory per block (KB): 48.0
Method: CudaGlobalMemory          , dims: (2, 2, 2)           , pass(1)/fail(0): 1,	 time (s): 0.002101898193359375
Method: CudaSharedMemoryGeneral   , dims: (2, 2, 2)           , pass(1)/fail(0): 1,	 time (s): 0.002117156982421875

Method: CudaGlobalMemory          , dims: (2, 2, 3)           , pass(1)/fail(0): 1,	 time (s): 0.001954793930053711
Method: CudaSharedMemoryGeneral   , dims: (2, 2, 3)           , pass(1)/fail(0): 1,	 time (s): 0.0019876956939697266

Method: CudaGlobalMemory          , dims: (2, 3, 2)           , pass(1)/fail(0): 1,	 time (s): 0.0019328594207763672
Method: CudaSharedMemoryGeneral   , dims: (2, 3, 2)           , pass(1)/fail(0): 1,	 time (s): 0.0020585060119628906

Method: CudaGlobalMemory          , dims: (2, 3, 3)           , pass(1)/fail(0): 1,	 time (s): 0.001965045928955078
Method: CudaSharedMemoryGeneral   , dims: (2, 3, 3)           , pass(1)/fail(0): 1,	 time (s): 0.0019223690032958984

Method: CudaGlobalMemory          , dims: (3, 2, 2)           , pass(1)/fail(0): 1,	 time (s): 0.00225830078125
Method: CudaSharedMemoryGeneral   , dims: (3, 2, 2)           , pass(1)/fail(0): 1,	 time (s): 0.002269744873046875

Method: CudaGlobalMemory          , dims: (3, 2, 3)           , pass(1)/fail(0): 1,	 time (s): 0.002138853073120117
Method: CudaSharedMemoryGeneral   , dims: (3, 2, 3)           , pass(1)/fail(0): 1,	 time (s): 0.001916646957397461

Method: CudaGlobalMemory          , dims: (3, 3, 2)           , pass(1)/fail(0): 1,	 time (s): 0.0019562244415283203
Method: CudaSharedMemoryGeneral   , dims: (3, 3, 2)           , pass(1)/fail(0): 1,	 time (s): 0.0018699169158935547

Method: CudaGlobalMemory          , dims: (3, 3, 3)           , pass(1)/fail(0): 1,	 time (s): 0.0019195079803466797
Method: CudaSharedMemoryGeneral   , dims: (3, 3, 3)           , pass(1)/fail(0): 1,	 time (s): 0.001969575881958008

Method: CudaGlobalMemory          , dims: (2, 2, 2)           , pass(1)/fail(0): 1,	 time (s): 0.0019192695617675781
Method: CudaSharedMemoryGeneral   , dims: (2, 2, 2)           , pass(1)/fail(0): 1,	 time (s): 0.0023157596588134766

Method: CudaGlobalMemory          , dims: (2, 2, 3)           , pass(1)/fail(0): 1,	 time (s): 0.002120494842529297
Method: CudaSharedMemoryGeneral   , dims: (2, 2, 3)           , pass(1)/fail(0): 1,	 time (s): 0.0018393993377685547

Method: CudaGlobalMemory          , dims: (2, 3, 2)           , pass(1)/fail(0): 1,	 time (s): 0.0018763542175292969
Method: CudaSharedMemoryGeneral   , dims: (2, 3, 2)           , pass(1)/fail(0): 1,	 time (s): 0.001901865005493164

Method: CudaGlobalMemory          , dims: (2, 3, 3)           , pass(1)/fail(0): 1,	 time (s): 0.002012491226196289
Method: CudaSharedMemoryGeneral   , dims: (2, 3, 3)           , pass(1)/fail(0): 1,	 time (s): 0.0018796920776367188

Method: CudaGlobalMemory          , dims: (3, 2, 2)           , pass(1)/fail(0): 1,	 time (s): 0.001837015151977539
Method: CudaSharedMemoryGeneral   , dims: (3, 2, 2)           , pass(1)/fail(0): 1,	 time (s): 0.001955747604370117

Method: CudaGlobalMemory          , dims: (3, 2, 3)           , pass(1)/fail(0): 1,	 time (s): 0.0018491744995117188
Method: CudaSharedMemoryGeneral   , dims: (3, 2, 3)           , pass(1)/fail(0): 1,	 time (s): 0.0018346309661865234

Method: CudaGlobalMemory          , dims: (3, 3, 2)           , pass(1)/fail(0): 1,	 time (s): 0.0021255016326904297
Method: CudaSharedMemoryGeneral   , dims: (3, 3, 2)           , pass(1)/fail(0): 1,	 time (s): 0.0021224021911621094

Method: CudaGlobalMemory          , dims: (3, 3, 3)           , pass(1)/fail(0): 1,	 time (s): 0.0019211769104003906
Method: CudaSharedMemoryGeneral   , dims: (3, 3, 3)           , pass(1)/fail(0): 1,	 time (s): 0.0018672943115234375

FAILED! Dimensions:  (16, 16, 17)  Method:  CudaSharedMemoryGeneral
Result:
 [[ 3.22311163  4.92453003  4.12405443  4.40907478  3.74347448  5.92312908
   4.56278658  4.49816322  3.61453366  3.83724165  4.43156242  3.76752591
   3.57784677  4.77559948  3.98054862  4.77393484]
 [ 2.82116032  4.53363276  3.52855325  3.92090201  3.41507173  5.39545584
   4.0605216   4.43686533  3.01872349  3.10240912  3.94547105  3.34865928
   3.64911962  4.24452305  3.63553929  4.41148424]
 [ 3.44783759  5.28614092  4.2881217   5.21202183  4.58142042  6.82428026
   4.2409873   4.12020397  4.13543272  4.05384922  4.47231293  4.17001772
   3.60991144  5.23509216  4.62762499  4.91239262]
 [ 3.63973427  5.6058116   3.92132926  4.49676323  4.41280794  6.02379704
   5.0116601   3.91953039  3.13105297  3.62289858  4.71311283  4.39931297
   4.5101881   5.15745258  4.24004412  4.8315258 ]
 [ 2.46286654  4.04794025  3.04189944  4.00269413  3.2328341   4.94831514
   2.84528041  2.95982766  2.69007754  2.32412744  3.30828619  2.5459795
   2.82802272  3.653193    3.15684295  3.34896541]
 [ 2.88581347  4.34650707  3.92680192  4.24442148  3.65258932  5.82802677
   4.37417603  3.65472794  3.39478183  2.94565773  3.55158091  3.77694011
   3.02628088  4.47915936  4.12633991  3.50974727]
 [ 2.89459729  4.49967527  2.98305225  4.00267649  3.41674066  5.87109613
   3.87429595  3.14826417  2.30719829  3.3474195   3.18137813  3.34393167
   3.43014145  4.47975969  3.22338486  3.4967103 ]
 [ 3.82341981  5.66873264  4.15518618  4.60134459  4.55182838  5.88938522
   4.54179096  3.70455885  3.30650496  3.0804708   4.51101589  3.58766794
   3.77274823  5.07360315  4.11681795  4.25046492]
 [ 2.47609067  3.3393259   2.19551015  3.15133595  2.62994742  3.91211653
   3.04426384  2.7038641   1.87427533  2.26111698  2.64203072  2.69773555
   2.94947267  3.29085159  2.15073633  2.61079359]
 [ 3.39535785  4.66468096  3.07903433  4.62852526  3.45101452  4.95163345
   4.13344574  3.2763226   2.59474874  3.14335489  3.81597543  3.6779902
   4.23041248  4.37617207  2.91884398  3.34703135]
 [ 3.06843162  4.81630754  4.37874556  5.10042048  4.07171583  6.90664721
   4.81903648  4.38780308  3.90580726  3.29611993  4.27949715  4.1327486
   3.04489827  5.01837063  4.54653358  3.93876815]
 [ 3.41867685  4.75438833  3.59082961  4.23065901  3.97493744  5.90777159
   4.05988789  3.02759552  3.2224257   2.57210994  4.07283974  4.06441212
   3.35875773  4.86400414  3.76105404  3.46684027]
 [ 2.55369973  4.17686605  3.32054949  3.60869431  3.14774418  5.79625511
   4.13719082  3.79996276  2.8208096   2.95567298  3.52697992  3.72556925
   2.92382073  4.40625954  3.94561768  3.79287028]
 [ 3.71222758  5.40220118  3.23648357  4.48641491  4.13234186  5.69740391
   4.57657385  3.60183716  2.6877563   3.86034966  4.2196722   4.09891033
   4.13436747  5.1828413   3.85106039  4.40640306]
 [ 3.682127    4.96620226  3.35916305  4.89946032  4.05927944  5.62430477
   3.31394744  2.96670198  3.2424109   2.99041367  4.0124507   3.2766068
   3.64480281  4.5674634   3.05547094  3.83403921]
 [ 2.94239426  5.27983761  3.9681139   5.04934025  3.72633505  5.85615253
   4.10342407  3.71486545  3.14630222  3.65677047  4.42431688  3.26088595
   3.58810043  4.79029179  4.2689085   3.8587842 ]]
Expected:
 [[ 3.59204078  4.9562664   4.49900007  4.56408072  4.0408473   6.24564505
   4.95116043  4.54884815  4.04650784  4.05000114  4.72141743  3.88215947
   3.72390842  5.01710558  4.28128052  4.97594404]
 [ 3.26121736  4.57148743  3.97578669  4.10579252  3.76977658  5.78015137
   4.52377224  4.49732208  3.53398037  3.35618758  4.29120922  3.48539376
   3.82334137  4.53259039  3.99425077  4.65244007]
 [ 3.47140598  5.28816843  4.31207466  5.2219243   4.60041761  6.84488392
   4.26579809  4.1234417   4.16302872  4.06744099  4.49082994  4.17734098
   3.61924243  5.25052023  4.64683676  4.92529774]
 [ 4.05207109  5.64128208  4.34039068  4.67000723  4.74516916  6.3842597
   5.44572973  3.97617865  3.61385274  3.86069107  5.03707218  4.52743435
   4.67343521  5.42737389  4.57615948  5.05730343]
 [ 2.60257745  4.05995846  3.18388891  4.06139374  3.34544706  5.07044983
   2.99235511  2.97902155  2.85366321  2.4046979   3.41805243  2.58939052
   2.88333535  3.74464965  3.27072811  3.42546487]
 [ 3.14403033  4.36871958  4.18922997  4.35291147  3.86072326  6.05375862
   4.64600229  3.69020271  3.69712448  3.09456992  3.75445318  3.8571732
   3.12851071  4.64819145  4.33682489  3.65113544]
 [ 2.91874266  4.50175238  3.00759125  4.0128212   3.43620276  5.89220381
   3.89971375  3.15158129  2.33546972  3.36134386  3.20034814  3.35143399
   3.43970084  4.49556541  3.24306679  3.50993109]
 [ 4.24701786  5.70517159  4.58569241  4.77931976  4.89326668  6.25969267
   4.98771524  3.7627542   3.80249023  3.32475758  4.84382296  3.71928835
   3.94045377  5.35089636  4.4621129   4.48240852]
 [ 2.96392965  3.38129115  2.69130468  3.35630202  3.02316642  4.33858252
   3.55781507  2.77088523  2.44547939  2.5424509   3.02530932  2.8493166
   3.1426115   3.61019754  2.54839706  2.87791276]
 [ 3.87353015  4.70581484  3.56500459  4.8294301   3.83644199  5.36964893
   4.63682079  3.3420155   3.15463424  3.41911435  4.19165945  3.82656765
   4.41972446  4.68919039  3.30862498  3.60885739]
 [ 3.63123846  4.86472178  4.9507308   5.3368845   4.52536249  7.39865017
   5.41150713  4.46512365  4.56479025  3.62068748  4.7216754   4.30762386
   3.2677176   5.38679171  5.00530434  4.24693632]
 [ 3.53571081  4.7644558   3.70977235  4.27983093  4.06927204  6.01008224
   4.18309021  3.04367399  3.3594594   2.6396029   4.16478968  4.10077667
   3.40509224  4.94061613  3.85645413  3.53092289]
 [ 2.65533066  4.18560839  3.4238379   3.65139461  3.22966313  5.88510036
   4.2441783   3.81392527  2.93980789  3.01428294  3.60682797  3.75714803
   2.96405721  4.47278833  4.02846193  3.84851885]
 [ 4.42772675  5.46375036  3.96365094  4.7870326   4.70906496  6.32288933
   5.32978439  3.70013499  3.52552438  4.27297401  4.78181553  4.32122993
   4.41763878  5.65121698  4.43429756  4.79817867]
 [ 3.83076382  4.97898817  3.51022387  4.96191025  4.17908716  5.75424242
   3.47041821  2.9871223   3.41644764  3.07613158  4.12922955  3.3227911
   3.70364904  4.66476297  3.17663193  3.91542625]
 [ 3.05575919  5.28958941  4.08332777  5.09697056  3.81771207  5.95525551
   4.22276402  3.7304399   3.27903962  3.72214746  4.51338387  3.29611063
   3.63298249  4.86450195  4.36131763  3.92085791]]

FAILED! Dimensions:  (16, 17, 16)  Method:  CudaSharedMemoryGeneral
Result:
 [[ 4.04006052  3.27650142  3.07363605  3.64949322  3.28596759  4.19021082
   4.13236666  4.13076162  4.12131596  3.330616    4.05725765  3.92665839
   3.28493214  3.59828806  4.78353167  3.87331057  0.        ]
 [ 4.24451494  2.87072897  2.89096689  3.43618679  2.85485935  3.98156667
   4.79036999  4.28567982  3.3242147   2.41827297  4.04531193  3.49120808
   2.84656906  3.38317394  4.63435936  3.8616786   0.        ]
 [ 4.58601141  3.76024532  3.55610466  4.13522768  3.56344867  4.75063324
   4.91947603  4.75315523  4.55247831  3.47468376  4.22415018  4.53002596
   4.06923962  4.2012167   5.76217031  4.25902796  0.        ]
 [ 4.47443485  4.02750921  3.21525145  4.88737059  4.25863409  5.43500328
   5.69344234  4.70474243  5.11691046  3.83502746  4.40343332  4.85636377
   5.51465464  5.06322289  5.18607855  4.428792    0.        ]
 [ 5.7080369   4.22502422  3.67332149  5.51989222  4.22328711  5.56246901
   6.13968277  5.74899292  5.55693102  4.248878    5.83219337  5.49649811
   4.91466045  4.93228388  6.39909983  5.00811052  0.        ]
 [ 4.44232988  3.61114907  3.24111605  4.78848982  3.5556078   4.95036459
   4.89700794  5.26565361  4.98549938  2.96374154  5.07101917  4.52232075
   4.31997156  4.72715807  5.05545902  5.0779953   0.        ]
 [ 3.96803808  3.72985315  3.28274131  3.78627491  3.13624167  3.67728448
   4.04635048  4.64679718  3.53363299  3.26357269  4.36696577  3.95789027
   3.88801265  3.84698558  4.98282051  3.47772241  0.        ]
 [ 4.71049738  3.88232255  2.84184885  4.73387098  3.23317933  4.88223505
   5.16808891  5.52386045  4.55186176  3.65223718  5.06097221  4.68957472
   4.57320023  4.12643051  5.24142456  4.59661913  0.        ]
 [ 3.43258333  3.8995316   2.81640363  3.40677571  2.4079051   3.27637172
   4.14420605  4.29957962  4.04199934  2.78049231  3.90414834  3.82209206
   4.29826736  3.46076679  4.54602289  3.7203598   0.        ]
 [ 5.12974739  3.60872817  3.13544869  4.58529997  2.80659437  4.35715771
   4.88980818  5.02744246  4.82989073  3.52510953  4.4431777   4.24664783
   3.58330727  3.46939516  5.30087233  5.08280468  0.        ]
 [ 3.68903875  3.23993611  2.41937041  3.48309326  2.7519424   3.27550769
   4.60968876  4.31850767  3.31347203  2.87222242  3.86189485  3.41689539
   3.79768109  3.05976033  4.138515    3.52020574  0.        ]
 [ 5.09773684  3.78052998  3.20566845  4.8095994   3.4458127   4.54431534
   5.40249014  5.11597252  4.91652155  3.73062921  4.96682358  4.39466143
   4.17981768  4.09285021  5.3509717   5.02908754  0.        ]
 [ 4.2427268   4.36631298  3.40628481  3.87871218  3.3199234   3.84693456
   4.28850412  4.84628677  4.50132179  3.93693542  4.97009897  4.53501797
   4.30526447  4.05455971  5.33034468  4.1341095   0.        ]
 [ 4.47190189  3.74515343  3.1695056   4.80542898  4.33898592  4.83196497
   4.92643404  5.03987646  4.34641647  3.70405054  4.90490437  4.60571098
   4.91977406  4.84531832  5.19370174  4.19588089  0.        ]
 [ 4.47844791  3.38148856  3.26546311  4.02827644  2.97645712  3.81694961
   4.18381977  4.57097101  3.87721133  3.06576419  3.83953714  3.79475355
   3.33021474  3.68710709  4.48549366  4.5165      0.        ]
 [ 4.98361874  4.24739027  3.19067454  4.52610064  4.32373428  5.41387415
   5.97324467  5.01295185  4.64473724  3.97163129  4.56350899  5.3400712
   5.14154673  4.82094765  5.40382195  4.29117823  0.        ]]
Expected:
 [[ 4.04006052  3.27650142  3.07363605  3.64949322  3.28596759  4.19021082
   4.13236666  4.13076162  4.12131596  3.330616    4.05725765  3.92665839
   3.28493214  3.59828806  4.78353167  3.87331057  3.22441339]
 [ 4.24451494  2.87072897  2.89096689  3.43618679  2.85485935  3.98156667
   4.79036999  4.28567982  3.3242147   2.41827297  4.04531193  3.49120808
   2.84656906  3.38317394  4.63435936  3.8616786   3.1440177 ]
 [ 4.58601141  3.76024532  3.55610466  4.13522768  3.56344867  4.75063324
   4.91947603  4.75315523  4.55247831  3.47468376  4.22415018  4.53002596
   4.06923962  4.2012167   5.76217031  4.25902796  3.51103091]
 [ 4.47443485  4.02750921  3.21525145  4.88737059  4.25863409  5.43500328
   5.69344234  4.70474243  5.11691046  3.83502746  4.40343332  4.85636377
   5.51465464  5.06322289  5.18607855  4.428792    3.0783155 ]
 [ 5.7080369   4.22502422  3.67332149  5.51989222  4.22328711  5.56246901
   6.13968277  5.74899292  5.55693102  4.248878    5.83219337  5.49649811
   4.91466045  4.93228388  6.39909983  5.00811052  4.21444654]
 [ 4.44232988  3.61114907  3.24111605  4.78848982  3.5556078   4.95036459
   4.89700794  5.26565361  4.98549938  2.96374154  5.07101917  4.52232075
   4.31997156  4.72715807  5.05545902  5.0779953   2.91197157]
 [ 3.96803808  3.72985315  3.28274131  3.78627491  3.13624167  3.67728448
   4.04635048  4.64679718  3.53363299  3.26357269  4.36696577  3.95789027
   3.88801265  3.84698558  4.98282051  3.47772241  2.90606356]
 [ 4.71049738  3.88232255  2.84184885  4.73387098  3.23317933  4.88223505
   5.16808891  5.52386045  4.55186176  3.65223718  5.06097221  4.68957472
   4.57320023  4.12643051  5.24142456  4.59661913  3.15384197]
 [ 3.43258333  3.8995316   2.81640363  3.40677571  2.4079051   3.27637172
   4.14420605  4.29957962  4.04199934  2.78049231  3.90414834  3.82209206
   4.29826736  3.46076679  4.54602289  3.7203598   2.71710324]
 [ 5.12974739  3.60872817  3.13544869  4.58529997  2.80659437  4.35715771
   4.88980818  5.02744246  4.82989073  3.52510953  4.4431777   4.24664783
   3.58330727  3.46939516  5.30087233  5.08280468  3.73836422]
 [ 3.68903875  3.23993611  2.41937041  3.48309326  2.7519424   3.27550769
   4.60968876  4.31850767  3.31347203  2.87222242  3.86189485  3.41689539
   3.79768109  3.05976033  4.138515    3.52020574  3.06570792]
 [ 5.09773684  3.78052998  3.20566845  4.8095994   3.4458127   4.54431534
   5.40249014  5.11597252  4.91652155  3.73062921  4.96682358  4.39466143
   4.17981768  4.09285021  5.3509717   5.02908754  4.08005714]
 [ 4.2427268   4.36631298  3.40628481  3.87871218  3.3199234   3.84693456
   4.28850412  4.84628677  4.50132179  3.93693542  4.97009897  4.53501797
   4.30526447  4.05455971  5.33034468  4.1341095   3.574296  ]
 [ 4.47190189  3.74515343  3.1695056   4.80542898  4.33898592  4.83196497
   4.92643404  5.03987646  4.34641647  3.70405054  4.90490437  4.60571098
   4.91977406  4.84531832  5.19370174  4.19588089  2.9188447 ]
 [ 4.47844791  3.38148856  3.26546311  4.02827644  2.97645712  3.81694961
   4.18381977  4.57097101  3.87721133  3.06576419  3.83953714  3.79475355
   3.33021474  3.68710709  4.48549366  4.5165      3.00525975]
 [ 4.98361874  4.24739027  3.19067454  4.52610064  4.32373428  5.41387415
   5.97324467  5.01295185  4.64473724  3.97163129  4.56350899  5.3400712
   5.14154673  4.82094765  5.40382195  4.29117823  3.53541183]]

FAILED! Dimensions:  (16, 17, 17)  Method:  CudaSharedMemoryGeneral
Result:
 [[ 3.57446408  3.0125339   2.99661708  3.38078403  3.42303562  3.25831556
   3.61518455  4.13123274  3.82487154  3.89187479  4.52594614  3.70046568
   3.95120263  4.89573193  3.18242955  2.98520327  0.        ]
 [ 3.43967867  3.69736958  3.51510549  3.9036727   3.80035901  3.4043057
   4.7683363   5.64126396  4.10673857  4.65508795  5.44964075  4.32167244
   4.53971052  5.48659563  3.65293598  3.14044285  0.        ]
 [ 4.01083565  4.23979378  3.64889383  3.66331673  4.76814508  3.42641759
   4.69745827  5.21515083  4.85284662  4.5918951   5.21177864  4.88787556
   4.31930828  5.78530931  4.33108664  3.36023498  0.        ]
 [ 4.48731756  3.31730843  3.3121078   3.45192075  4.43203592  3.64467311
   3.29604864  3.72848463  4.28167963  4.34320211  3.87086105  3.33093286
   3.89431667  4.48766708  3.53527975  3.61281276  0.        ]
 [ 1.94371915  3.27327466  2.10011268  2.3273375   2.80883479  2.16866922
   2.97246385  4.32341623  2.25173306  3.6198988   3.73661804  3.06541181
   2.65241528  3.38617849  2.74280429  1.64626062  0.        ]
 [ 3.91605186  3.9383564   2.96750569  4.11693668  4.16985416  3.91482735
   4.41737366  5.14944649  3.94872308  4.84435129  4.83424139  4.74442339
   4.63569355  4.75833035  4.03540564  3.48571348  0.        ]
 [ 4.04795218  4.52385855  3.57227135  3.54235673  4.74515533  3.58574677
   4.40597582  5.39582682  4.76843596  5.00863838  5.03328753  4.86137533
   4.2165122   4.95878792  4.55431557  3.12537003  0.        ]
 [ 3.29755449  3.37251568  3.2219069   3.14000821  4.10547781  3.01977444
   3.59720302  4.60347223  3.57854176  3.98983145  4.41267776  3.59122419
   3.70656109  4.29502058  3.06551933  2.71487617  0.        ]
 [ 2.63988566  2.72915339  2.79947972  2.97612977  3.09687352  3.0733881
   3.01986909  4.1017642   2.76532173  3.79978967  3.90966249  3.09103155
   3.51058388  4.12012482  2.57287288  2.5029037   0.        ]
 [ 3.67667437  3.9410882   3.1498518   3.72486806  4.48871326  3.87547088
   3.7934432   4.94754648  4.30649471  4.16041327  4.88910961  3.69870305
   4.24323368  4.43872356  3.55622721  3.22341609  0.        ]
 [ 4.72787666  4.05938864  4.37395906  4.27335405  5.05373096  3.8048811
   4.92932224  5.58061123  4.92370844  5.3834734   5.52032995  4.29699564
   5.11609077  5.76167965  4.0199132   3.77308679  0.        ]
 [ 2.82460093  3.99258828  3.57840466  3.2871747   4.81476307  3.54058647
   3.38923144  4.9681325   3.76156044  4.01702833  4.19779062  4.16953802
   3.65086818  4.00790358  3.24648118  2.8572793   0.        ]
 [ 3.97386408  2.99078822  3.31431007  3.64711261  3.86044145  3.44442749
   3.84821272  4.18693972  4.01834536  4.21916389  4.38014126  3.77748632
   4.31439352  4.65589952  3.27898383  3.26601481  0.        ]
 [ 2.37504959  3.29236889  2.53243065  3.00603199  4.28955889  2.30817437
   3.53379822  4.30790329  3.15676832  3.54495311  3.98548388  3.14738369
   2.62916827  3.65646625  2.75056028  2.02265477  0.        ]
 [ 4.3033762   3.75811744  3.33551073  3.75769067  4.27475595  3.53113365
   3.77860641  4.34624958  4.0530858   4.99184227  4.50301647  3.49933529
   4.01032591  4.29907846  3.37056398  3.55993533  0.        ]
 [ 3.87972903  3.43093419  3.15964794  4.50474119  3.71274447  3.72105289
   5.18209982  5.2819252   4.43083715  4.75537825  5.25880098  5.22474766
   4.98903179  5.55372715  4.20978498  3.24877214  0.        ]]
Expected:
 [[ 3.83954549  3.37256169  3.19246912  3.55913663  3.4429512   3.6988163
   3.62154317  4.16562128  4.10203028  4.10382175  4.84632444  3.9286027
   4.05553055  5.11850214  3.23394156  3.42563105  4.85139084]
 [ 3.99713635  4.45449591  3.92697597  4.27874231  3.84224081  4.33066416
   4.78170824  5.71358204  4.68959475  5.10080528  6.12338543  4.8014369
   4.75910854  5.95507383  3.76126385  4.06664801  5.97890043]
 [ 4.04000473  4.27941084  3.6704452   3.68294239  4.77033663  3.47488976
   4.69815779  5.21893501  4.88334465  4.61521769  5.24703264  4.9129796
   4.33078861  5.80982256  4.3367548   3.40869904  5.85053396]
 [ 4.96966124  3.9724164   3.66848111  3.77645206  4.46827459  4.44620991
   3.30761862  3.7910583   4.7859993   4.72886133  4.45382261  3.74605179
   4.08415222  4.89302015  3.62901092  4.414217    5.24639654]
 [ 2.16455984  3.57321548  2.26327801  2.47592402  2.82542658  2.5356524
   2.97776103  4.35206556  2.48263526  3.79647255  4.00352669  3.25547361
   2.73933125  3.57176924  2.78571916  2.01318288  3.71275711]
 [ 4.29822063  4.45740986  3.24986625  4.37406826  4.19856644  4.54989862
   4.42654085  5.19902468  4.34830379  5.1499157   5.29613161  5.07332945
   4.78610325  5.07949877  4.10967064  4.12067986  5.92230749]
 [ 4.40105534  5.00343561  3.8331573   3.7799325   4.77168417  4.17251825
   4.41444588  5.44163418  5.13762712  5.29096317  5.46004915  5.16526651
   4.35548258  5.25552988  4.62293243  3.71204424  5.90206671]
 [ 3.52467465  3.68098521  3.38971186  3.29281974  4.12254143  3.39719272
   3.60265088  4.632936    3.81600976  4.1714263   4.68717575  3.78669047
   3.79594851  4.48588848  3.10965443  3.09223199  5.35802221]
 [ 2.77429724  2.91170812  2.89878798  3.0665648   3.10697198  3.29674721
   3.02309322  4.11920118  2.90585732  3.90725899  4.07211256  3.2067101
   3.56348419  4.23308182  2.59899235  2.72622585  4.15654135]
 [ 4.13709831  4.56642532  3.49003005  4.03465128  4.52330494  4.64058256
   3.80448747  5.00727654  4.78789568  4.52854681  5.44557905  4.09495735
   4.42444229  4.82565594  3.64569902  3.98840117  6.00461674]
 [ 5.03448439  4.47581625  4.600492    4.47964621  5.07676649  4.3143878
   4.93667698  5.62038708  5.24428558  5.62862253  5.8908968   4.56087112
   5.23676205  6.01934767  4.07949448  4.28250933  6.35011959]
 [ 3.07884812  4.33790112  3.76625204  3.45823789  4.83386469  3.96308327
   3.39532995  5.00111532  4.02739143  4.2203126   4.5050745   4.38835049
   3.75093198  4.22156858  3.29588771  3.279706    5.19570494]
 [ 4.54214764  3.76261806  3.73417902  4.02946615  3.90313673  4.38877583
   3.86184406  4.26066208  4.61252022  4.67353678  5.06696987  4.26656771
   4.53805208  5.1334753   3.3894155   4.21020651  5.60395575]
 [ 2.73537087  3.78174925  2.79864931  3.24846411  4.31662989  2.90694022
   3.54244113  4.35464716  3.53350616  3.8330493   4.42096901  3.45748687
   2.77097964  3.95927405  2.82057953  2.62132168  4.71477461]
 [ 4.70588398  4.30479431  3.63289833  4.02850676  4.30499649  4.20000315
   3.78826141  4.39846611  4.47393227  5.31366873  4.98948812  3.84574533
   4.16874027  4.63733912  3.44878125  4.22869396  5.60613632]
 [ 4.41472816  4.15755796  3.55492496  4.86470032  3.75293899  4.61009026
   5.19493294  5.3513298   4.99021101  5.18313837  5.90540218  5.68518353
   5.19959068  6.00333118  4.31374836  4.13766241  6.00378323]]

FAILED! Dimensions:  (17, 16, 16)  Method:  CudaSharedMemoryGeneral
Result:
 [[ 3.62536836  2.72672248  3.68263745  2.34453321  2.17721653  4.35072279
   3.89736342  2.98060679  2.99525619  3.51709795  4.10217285  3.83487868
   3.88065386  3.98602724  3.76395345  3.40077758]
 [ 3.72944999  3.15927339  4.00426102  2.73887587  2.6762228   3.98266363
   3.96056294  3.60385013  3.0086503   3.43594456  4.34076357  3.94296646
   4.39331865  3.89753437  3.30252051  2.2035048 ]
 [ 4.05797386  3.28963232  5.26158476  3.78022146  2.68116331  4.89667177
   4.24287367  5.40633249  4.45801401  4.60521317  5.2940011   4.99615288
   5.43237638  4.04132795  3.51604891  3.58762407]
 [ 4.77294254  4.26088285  5.25620794  3.73862004  3.65514112  5.47539139
   5.15458965  5.78630686  5.03992605  4.77166557  4.88752174  4.73899794
   5.7839632   4.80072212  4.52993584  3.69972777]
 [ 2.64754057  2.52051926  3.77193666  2.70913386  2.34224105  3.14088607
   3.15901136  3.84805679  2.64802217  3.2686584   3.89555097  3.23096418
   3.95833826  2.67914033  2.99082732  2.05710816]
 [ 3.60104799  2.68696404  4.58945227  3.1758585   2.57906222  3.83853364
   4.35990524  4.20030022  3.82377911  3.83597112  4.1997509   4.24187422
   5.12671757  4.39319992  3.96508074  3.46021867]
 [ 2.93092108  1.82968891  4.21293068  2.78113937  2.40393305  3.17609
   3.22957373  3.90137172  3.61911678  3.96799612  2.97669148  3.52046943
   4.41160774  4.10331917  2.93037558  3.72086716]
 [ 3.84089208  3.43171978  4.49208689  3.34990215  3.04698086  4.06934595
   4.15660954  4.30989313  3.53409648  3.9948585   4.71492863  4.12099075
   5.4808712   4.33428049  3.56795001  3.03586221]
 [ 4.20713663  2.88352156  4.71600151  2.88155317  2.94202161  4.61872768
   3.90791416  4.82285929  3.89641953  4.23575497  4.2351017   4.37681532
   4.91971636  3.7655046   3.35029364  3.57715678]
 [ 3.53287935  2.98092556  3.67103219  2.35923767  2.43993855  3.81273055
   3.57964253  4.18505239  3.85461926  3.76190901  3.62935424  3.16017985
   4.58518696  3.88150883  3.64153123  3.91892076]
 [ 4.02297544  3.80247951  4.40988874  2.71363091  3.43289614  4.57155037
   4.23648882  5.0817914   4.23793459  4.16897106  4.29415703  3.30831909
   5.33604193  3.78555298  3.81042838  3.50545716]
 [ 4.10597038  3.3557117   5.69543648  4.14522934  3.35976529  4.50623512
   4.40707016  5.75171614  4.80001211  4.7361517   4.63492918  5.19772768
   6.38750744  4.68428421  3.81319261  4.10716057]
 [ 5.30487299  3.87532496  6.37893057  4.35764599  3.97185063  6.01869059
   5.63475847  5.9794879   5.72521591  5.09518576  5.30569744  5.52763319
   6.78487301  5.36121559  5.22010279  4.86916113]
 [ 3.84847021  2.91223693  5.04015064  3.7551384   2.66599107  4.12410736
   4.62673616  5.463027    4.06575727  4.77615738  4.4012804   4.85001421
   4.80197763  4.97978687  4.39943933  3.775841  ]
 [ 3.67379808  3.39380503  3.9590106   3.16644907  3.1378386   4.23300791
   3.55144477  4.91561079  3.85026312  4.11248112  3.98659611  3.23939395
   4.7613802   3.78274679  3.32077193  2.91782951]
 [ 2.45715714  2.78375483  3.57060122  2.65335107  2.22332525  3.64393115
   2.9676218   3.36354876  2.78171849  3.25158143  3.73124647  3.17589378
   3.97078514  2.80898046  2.97787309  3.18638968]
 [ 0.          0.          0.          0.          0.          0.          0.
   0.          0.          0.          0.          0.          0.          0.
   0.          0.        ]]
Expected:
 [[ 3.62536836  2.72672248  3.68263745  2.34453321  2.17721653  4.35072279
   3.89736342  2.98060679  2.99525619  3.51709795  4.10217285  3.83487868
   3.88065386  3.98602724  3.76395345  3.40077758]
 [ 3.72944999  3.15927339  4.00426102  2.73887587  2.6762228   3.98266363
   3.96056294  3.60385013  3.0086503   3.43594456  4.34076357  3.94296646
   4.39331865  3.89753437  3.30252051  2.2035048 ]
 [ 4.05797386  3.28963232  5.26158476  3.78022146  2.68116331  4.89667177
   4.24287367  5.40633249  4.45801401  4.60521317  5.2940011   4.99615288
   5.43237638  4.04132795  3.51604891  3.58762407]
 [ 4.77294254  4.26088285  5.25620794  3.73862004  3.65514112  5.47539139
   5.15458965  5.78630686  5.03992605  4.77166557  4.88752174  4.73899794
   5.7839632   4.80072212  4.52993584  3.69972777]
 [ 2.64754057  2.52051926  3.77193666  2.70913386  2.34224105  3.14088607
   3.15901136  3.84805679  2.64802217  3.2686584   3.89555097  3.23096418
   3.95833826  2.67914033  2.99082732  2.05710816]
 [ 3.60104799  2.68696404  4.58945227  3.1758585   2.57906222  3.83853364
   4.35990524  4.20030022  3.82377911  3.83597112  4.1997509   4.24187422
   5.12671757  4.39319992  3.96508074  3.46021867]
 [ 2.93092108  1.82968891  4.21293068  2.78113937  2.40393305  3.17609
   3.22957373  3.90137172  3.61911678  3.96799612  2.97669148  3.52046943
   4.41160774  4.10331917  2.93037558  3.72086716]
 [ 3.84089208  3.43171978  4.49208689  3.34990215  3.04698086  4.06934595
   4.15660954  4.30989313  3.53409648  3.9948585   4.71492863  4.12099075
   5.4808712   4.33428049  3.56795001  3.03586221]
 [ 4.20713663  2.88352156  4.71600151  2.88155317  2.94202161  4.61872768
   3.90791416  4.82285929  3.89641953  4.23575497  4.2351017   4.37681532
   4.91971636  3.7655046   3.35029364  3.57715678]
 [ 3.53287935  2.98092556  3.67103219  2.35923767  2.43993855  3.81273055
   3.57964253  4.18505239  3.85461926  3.76190901  3.62935424  3.16017985
   4.58518696  3.88150883  3.64153123  3.91892076]
 [ 4.02297544  3.80247951  4.40988874  2.71363091  3.43289614  4.57155037
   4.23648882  5.0817914   4.23793459  4.16897106  4.29415703  3.30831909
   5.33604193  3.78555298  3.81042838  3.50545716]
 [ 4.10597038  3.3557117   5.69543648  4.14522934  3.35976529  4.50623512
   4.40707016  5.75171614  4.80001211  4.7361517   4.63492918  5.19772768
   6.38750744  4.68428421  3.81319261  4.10716057]
 [ 5.30487299  3.87532496  6.37893057  4.35764599  3.97185063  6.01869059
   5.63475847  5.9794879   5.72521591  5.09518576  5.30569744  5.52763319
   6.78487301  5.36121559  5.22010279  4.86916113]
 [ 3.84847021  2.91223693  5.04015064  3.7551384   2.66599107  4.12410736
   4.62673616  5.463027    4.06575727  4.77615738  4.4012804   4.85001421
   4.80197763  4.97978687  4.39943933  3.775841  ]
 [ 3.67379808  3.39380503  3.9590106   3.16644907  3.1378386   4.23300791
   3.55144477  4.91561079  3.85026312  4.11248112  3.98659611  3.23939395
   4.7613802   3.78274679  3.32077193  2.91782951]
 [ 2.45715714  2.78375483  3.57060122  2.65335107  2.22332525  3.64393115
   2.9676218   3.36354876  2.78171849  3.25158143  3.73124647  3.17589378
   3.97078514  2.80898046  2.97787309  3.18638968]
 [ 4.53630781  3.66821027  5.93453693  4.40788746  3.34526563  5.76425409
   4.98856688  5.63870811  5.26504707  4.99306822  5.24578333  5.74986792
   6.20755053  5.02015734  4.17243767  4.05532122]]

FAILED! Dimensions:  (17, 16, 17)  Method:  CudaSharedMemoryGeneral
Result:
 [[ 6.41960192  4.27632713  4.265769    5.0815959   4.17649889  4.49340725
   4.59476042  3.18478847  5.65467834  5.7151804   4.71614122  5.21812677
   3.71141005  6.15210342  4.72688627  3.95359421]
 [ 5.78875589  4.36518621  4.29982376  4.80480099  3.70254588  4.12261438
   4.42772484  2.77781081  4.86682653  5.14253092  4.44311523  4.54361534
   4.24294424  4.90994024  4.35960817  3.76071882]
 [ 5.50339603  3.26646328  2.86808395  4.70907259  3.28363919  3.55114913
   3.71529889  2.75440526  4.11420155  4.7988019   4.50864697  3.61595488
   2.95822239  4.38865376  3.98899984  3.59333491]
 [ 6.00136566  4.15122557  3.32664943  4.63002634  3.85412192  3.95397067
   3.90078783  2.75495267  5.24303484  5.30167866  4.50598526  5.18124437
   3.07103682  5.35872459  4.16881371  3.29510856]
 [ 7.67479801  4.91957331  4.64259338  5.63332558  4.65688038  5.34114313
   5.72721958  2.78039312  5.79521275  6.54801989  5.34695339  6.10590124
   4.96606255  6.76875639  5.00757456  4.80277538]
 [ 4.22662354  3.22422695  2.74716115  3.84248996  2.57520103  3.12366533
   3.24209571  2.14307618  3.55254769  4.24846458  2.95700836  2.9652338
   2.58830976  3.19489908  2.92378759  2.04967523]
 [ 6.47549963  4.04959822  4.29226589  4.80701637  3.87889481  4.16618252
   4.76546144  3.25967264  4.98898363  5.41670132  4.73522425  4.85571289
   4.76533461  5.38367987  4.00541162  4.31143713]
 [ 3.69843483  2.57491207  2.48514247  3.47581434  2.4103322   2.86234283
   3.0514617   1.97210348  3.59014487  3.90143681  2.8634069   3.01283216
   2.46056867  3.10892987  2.66333818  2.45623851]
 [ 6.41098642  4.72991753  4.3790617   5.10716105  4.68960762  4.37424517
   4.9015646   3.24853468  5.74229622  5.94426918  5.00288725  5.06595325
   3.81669188  5.71857452  4.58845091  3.83143544]
 [ 6.18998909  3.97532749  3.61735892  5.91198111  3.58940887  3.87180376
   4.49051285  2.76120591  4.96265793  6.00915527  5.22723675  4.51200104
   4.51479101  5.32696486  3.76255178  3.79759073]
 [ 5.71476889  3.64074063  2.91298962  4.80571032  3.41834927  4.00840282
   3.46831632  2.92624521  3.72989893  5.18364954  4.11946535  3.43525839
   3.96191502  4.07301664  3.37903666  3.27750278]
 [ 4.956985    3.51291275  3.19227004  4.11701727  3.07663441  3.21892262
   3.49952579  2.1513865   3.4531889   4.23803711  3.60072041  2.99527311
   3.22124386  4.19526577  3.87955713  3.03110504]
 [ 5.7735877   3.54854155  3.73051262  5.10556412  3.44009781  4.02508497
   4.39210033  2.79463267  4.34063864  5.4530735   4.52537012  3.43574095
   3.94919014  5.03884649  4.00265455  3.48704338]
 [ 5.45748091  4.14418697  3.62712979  5.23279142  3.71471381  3.94333124
   4.32380772  2.2498765   4.86683369  5.66455507  4.37536526  4.1875248
   3.61510324  4.94948244  4.03375435  2.94024372]
 [ 5.70004463  3.75024366  3.76525044  5.59691381  3.89646173  3.55829763
   4.29730177  3.05968761  5.00783539  5.64621592  4.1759634   3.68407345
   4.27460814  3.79149771  3.91500258  3.30985212]
 [ 5.1452117   2.94090033  3.17957568  3.78049994  3.01024032  3.1249938
   3.62616587  2.20985818  4.17748022  4.07232857  3.32621789  4.11226082
   3.32385135  4.00059938  3.39798355  3.27410817]
 [ 0.          0.          0.          0.          0.          0.          0.
   0.          0.          0.          0.          0.          0.          0.
   0.          0.        ]]
Expected:
 [[ 6.41960192  4.27632713  4.265769    5.0815959   4.17649889  4.49340725
   4.59476042  3.18478847  5.65467834  5.7151804   4.71614122  5.21812677
   3.71141005  6.15210342  4.72688627  3.95359421]
 [ 5.78875589  4.36518621  4.29982376  4.80480099  3.70254588  4.12261438
   4.42772484  2.77781081  4.86682653  5.14253092  4.44311523  4.54361534
   4.24294424  4.90994024  4.35960817  3.76071882]
 [ 5.50339603  3.26646328  2.86808395  4.70907259  3.28363919  3.55114913
   3.71529889  2.75440526  4.11420155  4.7988019   4.50864697  3.61595488
   2.95822239  4.38865376  3.98899984  3.59333491]
 [ 6.00136566  4.15122557  3.32664943  4.63002634  3.85412192  3.95397067
   3.90078783  2.75495267  5.24303484  5.30167866  4.50598526  5.18124437
   3.07103682  5.35872459  4.16881371  3.29510856]
 [ 7.67479801  4.91957331  4.64259338  5.63332558  4.65688038  5.34114313
   5.72721958  2.78039312  5.79521275  6.54801989  5.34695339  6.10590124
   4.96606255  6.76875639  5.00757456  4.80277538]
 [ 4.22662354  3.22422695  2.74716115  3.84248996  2.57520103  3.12366533
   3.24209571  2.14307618  3.55254769  4.24846458  2.95700836  2.9652338
   2.58830976  3.19489908  2.92378759  2.04967523]
 [ 6.47549963  4.04959822  4.29226589  4.80701637  3.87889481  4.16618252
   4.76546144  3.25967264  4.98898363  5.41670132  4.73522425  4.85571289
   4.76533461  5.38367987  4.00541162  4.31143713]
 [ 3.69843483  2.57491207  2.48514247  3.47581434  2.4103322   2.86234283
   3.0514617   1.97210348  3.59014487  3.90143681  2.8634069   3.01283216
   2.46056867  3.10892987  2.66333818  2.45623851]
 [ 6.41098642  4.72991753  4.3790617   5.10716105  4.68960762  4.37424517
   4.9015646   3.24853468  5.74229622  5.94426918  5.00288725  5.06595325
   3.81669188  5.71857452  4.58845091  3.83143544]
 [ 6.18998909  3.97532749  3.61735892  5.91198111  3.58940887  3.87180376
   4.49051285  2.76120591  4.96265793  6.00915527  5.22723675  4.51200104
   4.51479101  5.32696486  3.76255178  3.79759073]
 [ 5.71476889  3.64074063  2.91298962  4.80571032  3.41834927  4.00840282
   3.46831632  2.92624521  3.72989893  5.18364954  4.11946535  3.43525839
   3.96191502  4.07301664  3.37903666  3.27750278]
 [ 4.956985    3.51291275  3.19227004  4.11701727  3.07663441  3.21892262
   3.49952579  2.1513865   3.4531889   4.23803711  3.60072041  2.99527311
   3.22124386  4.19526577  3.87955713  3.03110504]
 [ 5.7735877   3.54854155  3.73051262  5.10556412  3.44009781  4.02508497
   4.39210033  2.79463267  4.34063864  5.4530735   4.52537012  3.43574095
   3.94919014  5.03884649  4.00265455  3.48704338]
 [ 5.45748091  4.14418697  3.62712979  5.23279142  3.71471381  3.94333124
   4.32380772  2.2498765   4.86683369  5.66455507  4.37536526  4.1875248
   3.61510324  4.94948244  4.03375435  2.94024372]
 [ 5.70004463  3.75024366  3.76525044  5.59691381  3.89646173  3.55829763
   4.29730177  3.05968761  5.00783539  5.64621592  4.1759634   3.68407345
   4.27460814  3.79149771  3.91500258  3.30985212]
 [ 5.1452117   2.94090033  3.17957568  3.78049994  3.01024032  3.1249938
   3.62616587  2.20985818  4.17748022  4.07232857  3.32621789  4.11226082
   3.32385135  4.00059938  3.39798355  3.27410817]
 [ 5.79413843  3.4413271   2.81884909  4.17421103  3.42499781  3.93409538
   3.3689127   2.95620775  3.64596653  4.92080212  3.72845507  3.23794198
   3.19325328  4.14071035  3.87706566  3.30258846]]

Method: CudaGlobalMemory          , dims: (16, 16, 16)        , pass(1)/fail(0): 1,	 time (s): 0.001861572265625
Method: CudaSharedMemoryGeneral   , dims: (16, 16, 16)        , pass(1)/fail(0): 1,	 time (s): 0.0018568038940429688

Method: CudaGlobalMemory          , dims: (16, 16, 17)        , pass(1)/fail(0): 1,	 time (s): 0.002081155776977539
Method: CudaSharedMemoryGeneral   , dims: (16, 16, 17)        , pass(1)/fail(0): 0,	 time (s): 0.0019078254699707031

Method: CudaGlobalMemory          , dims: (16, 17, 16)        , pass(1)/fail(0): 1,	 time (s): 0.0018858909606933594
Method: CudaSharedMemoryGeneral   , dims: (16, 17, 16)        , pass(1)/fail(0): 0,	 time (s): 0.0022230148315429688

Method: CudaGlobalMemory          , dims: (16, 17, 17)        , pass(1)/fail(0): 1,	 time (s): 0.0022003650665283203
Method: CudaSharedMemoryGeneral   , dims: (16, 17, 17)        , pass(1)/fail(0): 0,	 time (s): 0.001978158950805664

Method: CudaGlobalMemory          , dims: (17, 16, 16)        , pass(1)/fail(0): 1,	 time (s): 0.0019316673278808594
Method: CudaSharedMemoryGeneral   , dims: (17, 16, 16)        , pass(1)/fail(0): 0,	 time (s): 0.0019180774688720703

Method: CudaGlobalMemory          , dims: (17, 16, 17)        , pass(1)/fail(0): 1,	 time (s): 0.001882314682006836
Method: CudaSharedMemoryGeneral   , dims: (17, 16, 17)        , pass(1)/fail(0): 0,	 time (s): 0.0019168853759765625

Method: CudaGlobalMemory          , dims: (17, 17, 16)        , pass(1)/fail(0): 1,	 time (s): 0.001890420913696289
Method: CudaSharedMemoryGeneral   , dims: (17, 17, 16)        , pass(1)/fail(0): 1,	 time (s): 0.001990795135498047

Method: CudaGlobalMemory          , dims: (17, 17, 17)        , pass(1)/fail(0): 1,	 time (s): 0.0019063949584960938
Method: CudaSharedMemoryGeneral   , dims: (17, 17, 17)        , pass(1)/fail(0): 1,	 time (s): 0.0018527507781982422

FAILED! Dimensions:  (16, 16, 17)  Method:  CudaSharedMemoryGeneral
Result:
 [[ 2.97980428  3.20833397  4.52905607  3.35348701  3.36793447  2.2933588
   2.9300468   2.14217782  3.15982461  2.32877207  2.89853787  2.47674561
   3.93195558  3.87030482  2.48142815  2.47084522]
 [ 3.82657909  3.6063869   4.93394327  4.28462076  4.78465176  3.14081097
   4.74087048  2.73984361  3.62483764  2.08092356  3.70333457  3.19100928
   4.21018553  3.45440197  4.18929148  3.01446009]
 [ 5.05677891  4.75697565  6.84264088  5.46189213  6.05458641  4.31148624
   5.23610926  3.82953739  4.98917866  3.56103539  4.96384287  3.45099568
   5.38166618  4.7838726   4.60554218  3.57009029]
 [ 3.57026911  2.74347544  4.94672251  3.41831541  3.89498949  2.67077637
   3.25680494  2.42576361  3.8007071   2.40138507  3.27998829  2.6536653
   3.29196548  3.25519991  2.72436428  2.49590302]
 [ 3.07195568  2.58272862  4.18733358  2.78119922  3.03266406  2.74118376
   2.46744061  2.23419833  3.07450724  2.51825118  3.37573171  2.72808838
   3.63469243  3.5714097   3.0284493   2.55540729]
 [ 4.02170992  3.33763003  5.72907257  4.04665422  4.52301931  3.28623796
   3.63027644  2.63863063  3.90528607  2.70103073  4.05934429  2.95054603
   3.81194568  4.42650843  3.11586976  3.12001562]
 [ 4.27587986  3.1462667   5.95245838  3.86356235  4.99296713  3.68149209
   3.90783381  2.2397511   4.29772806  3.06273413  3.67816734  3.25972652
   3.96872973  4.43070555  3.82971883  3.20425296]
 [ 4.15987921  3.67380357  5.23575068  4.0287962   4.49162912  2.88779926
   4.19933796  2.23827672  3.85602236  2.55507779  3.28614593  3.98501658
   4.67972612  4.34946203  4.12101889  3.26663089]
 [ 4.4229846   4.06493807  6.4803443   4.85606432  5.19313717  3.46883893
   4.37249613  3.22155142  4.11855125  3.06212854  4.31252956  3.92842531
   4.40958452  5.21105051  3.6948812   3.0234623 ]
 [ 4.46142626  4.50091362  5.85635996  5.16878986  5.41734886  3.93985724
   5.04762173  3.36694288  4.07251501  2.87321877  4.57622719  3.47605181
   4.95403433  4.69409752  4.6852994   3.5114646 ]
 [ 4.95427322  3.57544398  6.70826674  4.58967304  5.31097794  3.53037667
   4.47755623  2.83344102  4.96009684  3.44121575  3.63543916  3.89049149
   4.43540049  4.82217693  3.84428859  3.25335407]
 [ 4.05045986  4.4735465   5.98101282  5.11360788  5.48554611  3.63957787
   4.55762053  3.0950315   3.91652703  2.81872153  4.22925377  3.39688158
   4.16690874  4.59920692  4.12121725  2.61390328]
 [ 3.23027849  3.1877892   4.49897289  3.58777165  4.19155931  2.45250607
   3.18972015  2.4927032   3.3174901   2.4856801   3.02586794  2.82094288
   4.16979885  2.79300451  3.77001119  2.26116204]
 [ 3.24724388  3.54895973  4.72713661  4.37197924  4.76942587  3.30573797
   4.61394072  3.35929418  3.56354856  2.16623235  4.37550735  2.88364077
   3.33952188  3.48071146  3.75557041  3.01743078]
 [ 5.07864046  4.67678118  7.05526733  5.38941145  6.12174082  3.8084085
   5.12684298  3.11832118  4.97510481  3.2847085   4.40907288  4.35757971
   5.48630238  5.23540783  4.93074799  3.95755982]
 [ 3.32755756  3.65795445  5.45478249  4.34317398  4.65010405  2.3326292
   3.58796883  2.78778505  3.42509699  2.3195715   3.33834791  3.08225727
   4.51247978  3.77921057  3.24428296  2.31093693]]
Expected:
 [[ 2.99180818  3.7105155   4.53997946  3.49414945  3.77285266  2.30746984
   3.28488874  2.44902015  3.45162654  2.43266726  3.25749445  2.70989347
   4.50961876  4.27057695  2.7033205   2.56332493]
 [ 3.83787417  4.0789113   4.9442215   4.41697598  5.16565704  3.1540885
   5.07475662  3.02856493  3.89940667  2.17868328  4.0410924   3.41038823
   4.75373411  3.83103585  4.39807987  3.10147834]
 [ 5.0569129   4.7625761   6.84276247  5.46346092  6.05910206  4.3116436
   5.24006653  3.83295941  4.99243307  3.56219411  4.96784592  3.45359588
   5.38810825  4.78833628  4.60801697  3.57112169]
 [ 3.58903146  3.52838564  4.96379566  3.63817096  4.52787685  2.69283175
   3.8114233   2.90535855  4.25679398  2.56377363  3.84103799  3.0180757
   4.19485378  3.88082623  3.07118225  2.64044905]
 [ 3.08359265  3.06955791  4.19792318  2.91756153  3.42520356  2.75486326
   2.81143475  2.53166008  3.3573885   2.61897039  3.72371483  2.95410872
   4.19469595  3.95944548  3.24355817  2.64505982]
 [ 4.02617359  3.52435875  5.73313427  4.09895754  4.67358208  3.29148483
   3.76221919  2.75272536  4.01378822  2.73966265  4.19281673  3.0372386
   4.02674103  4.57534361  3.19837713  3.15440273]
 [ 4.28080177  3.35216594  5.95693684  3.92123532  5.15898752  3.68727779
   4.05332232  2.36555934  4.41736937  3.10533214  3.82534289  3.35531926
   4.20557737  4.59482098  3.92069674  3.24217057]
 [ 4.16464853  3.87331605  5.24009037  4.08468008  4.65249968  2.89340544
   4.34031343  2.36018252  3.97195268  2.59635448  3.42875624  4.07764435
   4.90922689  4.50848675  4.20917463  3.30337238]
 [ 4.43929672  4.74734783  6.49518776  5.04720926  5.74337673  3.48801422
   4.85468769  3.63851643  4.51507807  3.20331097  4.80031204  4.24524784
   5.19456577  5.75497675  3.99640846  3.14913225]
 [ 4.47416735  5.03392601  5.86795378  5.31808805  5.84712648  3.95483446
   5.4242487   3.69262338  4.38223171  2.98349261  4.95722151  3.72351336
   5.56716251  5.11894417  4.92081451  3.609622  ]
 [ 4.96239901  3.91538286  6.71566105  4.68489075  5.58507681  3.53992867
   4.71775723  3.04115009  5.15762472  3.51154494  3.8784256   4.04831505
   4.82643461  5.09313107  3.99449301  3.31595588]
 [ 4.06829786  5.21978188  5.99724483  5.32263041  6.08724928  3.66054654
   5.08491135  3.55099535  4.35014105  2.97310853  4.7626586   3.74333644
   5.02530909  5.19400692  4.45094633  2.75132704]
 [ 3.24140668  3.65332699  4.50909901  3.71817017  4.56693125  2.46558738
   3.51866961  2.77715564  3.58799958  2.5819943   3.35863185  3.03707814
   4.70531082  3.16406941  3.9757123   2.34689379]
 [ 3.24997926  3.66339254  4.7296257   4.40403223  4.86169529  3.30895352
   4.69479895  3.42921472  3.63004184  2.18990707  4.45730352  2.93676853
   3.47115493  3.57192206  3.80613327  3.03850436]
 [ 5.09164953  5.22101212  7.06710529  5.541852    6.56056404  3.8237009
   5.51139688  3.45085645  5.29134035  3.39730334  4.79808617  4.61025
   6.11233521  5.66919661  5.1712203   4.05778313]
 [ 3.32783604  3.66960788  5.45503616  4.34643793  4.6595006   2.33295655
   3.59620309  2.79490542  3.43186831  2.32198238  3.34667778  3.08766747
   4.52588463  3.78849912  3.24943209  2.31308293]]

FAILED! Dimensions:  (16, 17, 16)  Method:  CudaSharedMemoryGeneral
Result:
 [[ 3.29133034  3.98202968  4.29664373  4.27885437  2.76853466  3.85460258
   3.26727986  3.33562636  2.51096272  3.73910594  3.00908089  4.40571165
   4.66376209  3.71099138  4.27303505  2.88954902  0.        ]
 [ 2.39651275  2.72518134  4.00808001  4.52989292  1.82520342  3.01001644
   2.58772945  3.13288236  2.20288014  3.02702761  3.22078228  3.95454502
   3.85732436  2.97612214  3.76719165  3.76202917  0.        ]
 [ 3.60865331  3.65658355  4.06848383  3.43868303  2.55749202  3.59895825
   2.98439693  3.37977862  2.93493104  3.04587436  3.00627494  3.83556247
   4.58631229  3.91161466  3.82228184  1.91530943  0.        ]
 [ 3.50927162  4.01222038  4.44828749  4.79406786  2.81925368  3.69461608
   3.68446374  4.26984358  2.44510174  3.9818871   3.90246558  4.24250269
   4.61303091  3.71788049  4.65071821  3.59272528  0.        ]
 [ 2.2100966   3.04929543  3.21403861  3.48238969  1.46875739  2.34897685
   2.44281769  2.28121257  1.73867559  2.47678041  2.15796685  3.16332269
   3.04551649  2.50855398  3.46468258  2.64878631  0.        ]
 [ 3.58293915  3.56281734  4.87513494  4.28470516  2.63217044  3.9242115
   2.34100294  3.73332191  2.87939596  2.92861462  3.02271485  4.36919069
   4.40711403  3.69763207  3.78275657  2.97276711  0.        ]
 [ 3.67571616  3.8779757   4.57674932  4.53462172  2.45857978  3.46300769
   3.17944527  3.35720992  2.72423935  3.06641293  2.99656582  4.64233637
   4.8286891   3.60464644  4.63071728  3.126719    0.        ]
 [ 4.00144053  4.20394516  3.9817102   4.21457577  2.52569652  3.72536278
   4.1953001   3.51911879  2.40379524  3.40345454  3.95995688  4.85776806
   5.20631027  3.94412422  4.38456249  3.40893483  0.        ]
 [ 2.78428054  2.65593553  2.84210634  3.07482815  1.99891818  2.83140039
   1.97653735  2.34476519  2.32467389  2.29949737  2.67157125  3.17788863
   3.65503907  2.8894453   2.75624394  2.08055615  0.        ]
 [ 3.96560335  4.44169235  4.54780817  4.58716059  2.67243505  3.93105888
   4.03455544  3.76991343  2.63272572  3.75265241  3.42226934  4.62097836
   5.35992861  4.42665005  4.14759827  3.52278566  0.        ]
 [ 2.71515965  3.21714854  4.36817598  4.18553162  2.72512889  4.02079821
   2.00070763  3.68160486  2.49074531  3.84265709  3.22480917  3.8005569
   4.04769945  3.55394363  3.80911303  2.76333284  0.        ]
 [ 3.46265268  3.80724478  4.00570393  4.94955778  2.28766656  3.2603147
   4.12083769  3.53409529  2.1932981   3.39044547  3.79950738  5.0076642
   4.80737305  3.79376888  4.20662403  4.0078907   0.        ]
 [ 3.19188356  3.42970872  4.09300804  4.45202494  2.57388687  3.23491096
   2.17837715  3.2665379   2.72086239  2.3787334   2.41515779  3.75135946
   4.19229984  3.05021787  3.46716475  2.86176085  0.        ]
 [ 3.49941635  3.56620741  3.64290977  4.40169621  2.63415241  3.21780539
   2.51505995  3.73622227  2.38199735  2.86768055  2.72433043  3.75516629
   3.44366097  3.49392605  3.78333616  2.62814116  0.        ]
 [ 3.63505578  4.38909435  4.8117342   5.58012629  2.50070167  3.92314887
   3.63929915  3.95365596  2.83083773  3.5607245   3.86772466  4.59538984
   5.33045864  4.26269865  4.55761385  4.22117329  0.        ]
 [ 3.59432173  4.7292552   5.54061079  5.52324915  3.19915366  4.80901384
   3.7487247   4.39796114  3.4189868   4.50728083  4.2157588   4.68014383
   6.04455185  4.27349234  5.1993556   4.11698389  0.        ]]
Expected:
 [[ 3.29133034  3.98202968  4.29664373  4.27885437  2.76853466  3.85460258
   3.26727986  3.33562636  2.51096272  3.73910594  3.00908089  4.40571165
   4.66376209  3.71099138  4.27303505  2.88954902  4.24378777]
 [ 2.39651275  2.72518134  4.00808001  4.52989292  1.82520342  3.01001644
   2.58772945  3.13288236  2.20288014  3.02702761  3.22078228  3.95454502
   3.85732436  2.97612214  3.76719165  3.76202917  3.87039447]
 [ 3.60865331  3.65658355  4.06848383  3.43868303  2.55749202  3.59895825
   2.98439693  3.37977862  2.93493104  3.04587436  3.00627494  3.83556247
   4.58631229  3.91161466  3.82228184  1.91530943  4.07010651]
 [ 3.50927162  4.01222038  4.44828749  4.79406786  2.81925368  3.69461608
   3.68446374  4.26984358  2.44510174  3.9818871   3.90246558  4.24250269
   4.61303091  3.71788049  4.65071821  3.59272528  4.60781193]
 [ 2.2100966   3.04929543  3.21403861  3.48238969  1.46875739  2.34897685
   2.44281769  2.28121257  1.73867559  2.47678041  2.15796685  3.16332269
   3.04551649  2.50855398  3.46468258  2.64878631  3.33761501]
 [ 3.58293915  3.56281734  4.87513494  4.28470516  2.63217044  3.9242115
   2.34100294  3.73332191  2.87939596  2.92861462  3.02271485  4.36919069
   4.40711403  3.69763207  3.78275657  2.97276711  3.57449579]
 [ 3.67571616  3.8779757   4.57674932  4.53462172  2.45857978  3.46300769
   3.17944527  3.35720992  2.72423935  3.06641293  2.99656582  4.64233637
   4.8286891   3.60464644  4.63071728  3.126719    4.50360203]
 [ 4.00144053  4.20394516  3.9817102   4.21457577  2.52569652  3.72536278
   4.1953001   3.51911879  2.40379524  3.40345454  3.95995688  4.85776806
   5.20631027  3.94412422  4.38456249  3.40893483  4.05471945]
 [ 2.78428054  2.65593553  2.84210634  3.07482815  1.99891818  2.83140039
   1.97653735  2.34476519  2.32467389  2.29949737  2.67157125  3.17788863
   3.65503907  2.8894453   2.75624394  2.08055615  3.14446878]
 [ 3.96560335  4.44169235  4.54780817  4.58716059  2.67243505  3.93105888
   4.03455544  3.76991343  2.63272572  3.75265241  3.42226934  4.62097836
   5.35992861  4.42665005  4.14759827  3.52278566  4.37102985]
 [ 2.71515965  3.21714854  4.36817598  4.18553162  2.72512889  4.02079821
   2.00070763  3.68160486  2.49074531  3.84265709  3.22480917  3.8005569
   4.04769945  3.55394363  3.80911303  2.76333284  3.92492914]
 [ 3.46265268  3.80724478  4.00570393  4.94955778  2.28766656  3.2603147
   4.12083769  3.53409529  2.1932981   3.39044547  3.79950738  5.0076642
   4.80737305  3.79376888  4.20662403  4.0078907   3.84920502]
 [ 3.19188356  3.42970872  4.09300804  4.45202494  2.57388687  3.23491096
   2.17837715  3.2665379   2.72086239  2.3787334   2.41515779  3.75135946
   4.19229984  3.05021787  3.46716475  2.86176085  2.93646908]
 [ 3.49941635  3.56620741  3.64290977  4.40169621  2.63415241  3.21780539
   2.51505995  3.73622227  2.38199735  2.86768055  2.72433043  3.75516629
   3.44366097  3.49392605  3.78333616  2.62814116  4.1101222 ]
 [ 3.63505578  4.38909435  4.8117342   5.58012629  2.50070167  3.92314887
   3.63929915  3.95365596  2.83083773  3.5607245   3.86772466  4.59538984
   5.33045864  4.26269865  4.55761385  4.22117329  4.83250904]
 [ 3.59432173  4.7292552   5.54061079  5.52324915  3.19915366  4.80901384
   3.7487247   4.39796114  3.4189868   4.50728083  4.2157588   4.68014383
   6.04455185  4.27349234  5.1993556   4.11698389  4.77928352]]

FAILED! Dimensions:  (16, 17, 17)  Method:  CudaSharedMemoryGeneral
Result:
 [[ 3.32639265  2.67733407  3.78414059  3.9418931   3.30143619  3.86429572
   3.86443806  4.5027051   4.2911396   3.07150555  2.86473274  3.16705012
   3.57009792  3.44086957  3.93595123  3.04438519  0.        ]
 [ 3.56909513  2.50027609  3.91406059  3.98865771  3.52213669  3.19775462
   3.07548332  4.61321688  3.59834433  3.59937143  2.71768641  3.82908583
   3.88277936  2.9188633   3.96563888  2.79180789  0.        ]
 [ 3.76594019  3.49305964  4.4784565   5.13236761  4.34015179  4.94625807
   5.49608707  5.91312695  6.41816902  3.48591995  4.12215662  4.00114346
   4.5348177   4.63110495  4.65154648  4.47001505  0.        ]
 [ 2.15052032  1.90402007  3.1045599   2.43087912  2.04915714  2.47728729
   2.4767108   2.39480519  2.75140715  1.79066479  1.96190917  2.74601412
   2.33439708  2.14402771  2.70086527  1.60330868  0.        ]
 [ 3.82251525  2.60345149  4.90626192  3.88626575  4.32109308  3.90274572
   4.28028202  4.32280064  4.28164339  4.00770044  3.54808807  3.90729189
   4.3077116   3.86427116  4.59237432  2.98323846  0.        ]
 [ 2.87117767  3.15776181  3.64926696  4.38830805  3.07885861  3.52219844
   4.18137455  5.08087635  5.69625378  2.79183459  2.90110421  3.3624084
   3.94802642  3.82687831  3.49467707  3.45952296  0.        ]
 [ 3.25123429  3.10055351  4.46722698  4.02701664  3.92434812  3.88868451
   4.77713919  5.00157642  5.66404915  3.62832499  3.28031158  3.85769796
   3.96086812  4.34342337  4.29873276  3.07586098  0.        ]
 [ 3.319134    2.70245981  4.1267333   3.92069912  3.50628948  3.74902368
   4.32246685  4.84779024  5.24592781  3.59935689  3.2313962   3.84148026
   4.37382078  3.59406161  4.08471537  2.9942627   0.        ]
 [ 3.19492126  2.10961771  3.71430254  3.55093408  3.47432494  3.07024717
   3.06479836  3.7027688   3.58867097  2.64464355  3.30203438  3.00687385
   3.66601968  3.05368733  3.53547215  2.78008509  0.        ]
 [ 4.10901976  3.91726279  5.42766809  5.38684034  4.55549335  4.07445431
   4.34626293  5.4965601   6.19927359  3.61450982  3.75240374  3.71110964
   4.91352844  4.40306664  4.44775867  4.14376545  0.        ]
 [ 3.40878248  2.40937114  3.96658206  4.46403074  3.83648562  3.98494792
   4.03855896  4.41267347  4.99414158  3.11129546  3.51031733  3.61400247
   4.40884066  3.64062023  3.9159441   3.65208483  0.        ]
 [ 3.32718706  2.67747927  3.93235278  4.15581226  3.28855276  3.45244694
   4.0952425   5.00991297  4.6706996   3.0378418   3.46467304  3.42650151
   3.76533961  3.44867635  4.05531549  3.10220933  0.        ]
 [ 3.85636497  2.93579936  4.17129755  5.63761091  3.93300366  4.33225489
   4.40013361  5.74332762  5.45721292  3.14492512  3.57782269  4.36152411
   4.60509968  3.99494481  4.21203899  4.43357754  0.        ]
 [ 2.21688509  2.34354448  3.55190301  3.1455605   2.65172625  2.71453261
   3.80624485  3.81706643  4.50348234  2.51084995  2.52329707  3.29841185
   3.16193438  2.52713084  2.76844406  2.50278211  0.        ]
 [ 3.14031625  2.68184185  4.24334335  4.55245638  3.85386467  3.81061077
   4.15385151  5.03617001  5.25047493  2.73743081  3.83526111  3.76595545
   3.33522367  3.91302204  3.84877133  3.25151134  0.        ]
 [ 3.32688451  2.54847908  3.27181554  3.56827569  3.13883972  3.34827757
   3.16677928  4.20446014  3.62415624  3.13750768  2.45881987  3.00149775
   3.65614605  3.30824018  4.08501148  2.5469079   0.        ]]
Expected:
 [[ 3.66209507  2.92131257  4.09535027  4.05524921  3.3075819   3.9003067
   3.95336509  4.71756458  4.40213203  3.23206878  3.09592128  3.49317718
   3.80751085  3.73116565  4.14497089  3.10825372  3.41850305]
 [ 4.4514761   3.14156389  4.73206329  4.28660917  3.5382905   3.29240799
   3.30922461  5.17796612  3.89008355  4.0214057   3.32535648  4.68629789
   4.50681019  3.68189502  4.51503849  2.9596839   3.19898987]
 [ 4.56113958  4.07098627  5.21563816  5.40088081  4.35470963  5.03155947
   5.70673418  6.42207766  6.68108368  3.866256    4.66978741  4.77366066
   5.09719276  5.31874704  5.14666367  4.62130451  4.85208559]
 [ 2.52305031  2.17476368  3.44991016  2.55667067  2.05597711  2.51724887
   2.57539344  2.63323522  2.87457561  1.96884227  2.21845984  3.10791826
   2.59785509  2.46617007  2.93281484  1.67418385  2.19404721]
 [ 4.41325092  3.03278017  5.45389748  4.08573818  4.33190775  3.96611428
   4.4367671   4.70088863  4.47695684  4.29024363  3.95491052  4.48117733
   4.72548723  4.3751049   4.960186    3.09562778  4.17756748]
 [ 3.31032252  3.47691894  4.05637169  4.53659296  3.08689809  3.56930566
   4.29770327  5.36194181  5.84144688  3.00187325  3.20353055  3.78902721
   4.25859499  4.20662546  3.76810312  3.54307175  3.52353811]
 [ 3.96729922  3.62096786  5.1310482   4.26880884  3.93745708  3.96549726
   4.96682358  5.45987892  5.90079975  3.97081184  3.77344489  4.55333805
   4.46727848  4.96263504  4.74457836  3.21209478  4.11643839]
 [ 3.49327111  2.8290174   4.28816509  3.97949958  3.50947738  3.76770353
   4.3685956   4.95924282  5.30350208  3.68264484  3.35131931  4.01065016
   4.49697256  3.74464512  4.1931386   3.02739286  3.07468891]
 [ 3.6021297   2.40556455  4.09180117  3.68843532  3.48177958  3.11392856
   3.17266726  3.96339417  3.72330523  2.83940744  3.58246708  3.40246725
   3.95400262  3.40581751  3.78901362  2.85755777  3.56051183]
 [ 4.80019665  4.41958904  6.0684166   5.62022877  4.56814671  4.14859724
   4.52935457  5.93893337  6.42779541  3.94509292  4.22839737  4.3825717
   5.40233755  5.00075626  4.87810802  4.27526426  4.8925519 ]
 [ 4.21105957  2.99244213  4.71032524  4.73493385  3.85117292  4.07100868
   4.25108099  4.92615414  5.25939608  3.49501681  4.06282234  4.3933959
   4.97622108  4.33438301  4.41546869  3.80472088  3.97909212]
 [ 4.06789207  3.21580124  4.61901617  4.40592432  3.30211282  3.53190279
   4.29145432  5.4839859   4.91559696  3.39211369  3.97477508  4.14607906
   4.28917551  4.08919525  4.51650286  3.24313092  4.40462399]
 [ 4.52188015  3.41947579  4.78825712  5.86233425  3.94518733  4.40364504
   4.57642746  6.16927671  5.67725039  3.46323466  4.03614378  5.00805664
   5.07576036  4.57044363  4.62641096  4.56019402  4.27583933]
 [ 2.89464402  2.83611917  4.18021297  3.37441802  2.66413403  2.78723621
   3.98578215  4.25085211  4.72756767  2.83501554  2.99005008  3.95683861
   3.64125395  3.11321759  3.19043922  2.63172817  3.07259989]
 [ 3.6489296   3.05148673  4.71484852  4.72419882  3.86317587  3.86517
   4.28858232  5.3616972   5.41863632  2.98069572  4.18552828  4.26006126
   3.69492149  4.35284138  4.16545105  3.34827685  4.37957954]
 [ 3.6758647   2.80210733  3.59533429  3.68611503  3.14522839  3.38571286
   3.2592237   4.42781782  3.73953867  3.30442142  2.69915247  3.34052372
   3.90294909  3.61001801  4.30229807  2.61330247  2.69044471]]

FAILED! Dimensions:  (17, 16, 16)  Method:  CudaSharedMemoryGeneral
Result:
 [[ 4.09395456  2.71089554  3.56290579  3.35394168  4.86137629  3.47612786
   3.88312721  3.68219757  4.18982792  3.89741468  2.64515209  3.5037868
   3.03433681  3.71859574  3.06306958  2.83361077]
 [ 4.58198452  3.69870424  4.24906874  4.56645727  5.52831268  3.36042166
   3.69691539  4.36719799  3.55211067  3.96485114  3.01386595  4.38609695
   3.40038037  4.73820591  4.22878647  2.99927211]
 [ 4.67111731  3.26767993  4.27986574  3.95866895  5.0470643   3.91616654
   4.88206434  4.94849348  4.88885546  4.60863066  3.64592457  3.90833759
   3.12726808  4.06939077  3.28586173  3.24640131]
 [ 4.07199001  2.59936404  2.94756746  3.47949409  4.5334177   2.82897782
   3.29279137  4.51819181  3.45462108  3.70929337  3.45193958  3.41843104
   3.73788524  3.81367874  3.36052346  2.64854002]
 [ 4.28173876  3.37800169  3.58951712  3.73354697  5.05819416  3.03530216
   3.63873839  4.09725904  4.18395615  3.18243289  2.8500886   3.98614073
   3.88452363  3.73150587  2.8413651   2.71132398]
 [ 4.17504406  3.11571169  3.64711523  3.47772312  4.50697327  3.37808371
   4.49643707  4.3130312   4.24339724  3.96241546  3.20428658  3.54554605
   3.57129335  3.89336634  3.85424376  3.33890843]
 [ 4.535532    3.60043621  5.22999859  3.87262321  5.54557323  4.17884064
   4.43823004  4.91408205  4.3836112   4.96940184  2.99009776  4.70828485
   3.31326127  4.56621647  3.74814653  3.45022607]
 [ 3.37043905  2.18257618  3.03925061  3.43278551  3.66772866  3.13368106
   3.79072332  3.66985321  3.70767117  3.7899344   2.65272045  2.75214243
   2.41458082  3.22643137  2.555197    2.59702444]
 [ 4.33434105  4.22089529  4.07480049  4.49830151  5.88508892  3.41512227
   4.20613432  5.21222639  4.16368961  4.07826996  3.86858964  4.33370113
   4.04144335  4.47502518  4.69162226  3.78969264]
 [ 4.19297028  3.45049572  3.65273094  4.15340567  5.13092375  3.68202853
   3.90701938  4.40449905  4.06629086  3.80576444  3.88603163  4.02294159
   3.51078844  4.40121508  3.44055319  3.32076597]
 [ 4.45622396  3.34818053  4.1277647   3.67064929  5.36432505  3.42029929
   3.84980083  4.24237347  4.00215673  3.9249537   3.07079053  4.85112095
   3.67346263  4.2452035   3.54604149  3.10416913]
 [ 3.73763633  3.04598951  3.86729646  3.53576732  4.25728083  3.14553356
   4.01158476  4.15121031  3.6527226   4.04954624  3.1827817   3.77414703
   2.47529626  3.8270607   2.93658996  3.06413007]
 [ 5.35416126  4.00058603  4.7671237   4.88828611  5.73145962  4.39893293
   4.68242502  5.4042244   5.24281883  4.92260504  4.25629854  4.95022249
   4.58463717  5.21628189  4.13612032  3.55837202]
 [ 5.36621857  4.86731768  5.7961421   5.09245968  6.65870333  5.0705409
   5.67446423  6.26015282  5.62524939  5.62984037  4.83929777  5.41115284
   4.5665679   5.64941025  4.90985632  4.80469656]
 [ 3.71795321  2.08455586  2.74345946  2.66849256  3.66858745  2.43370271
   2.40604424  2.97952485  2.78760076  3.06972432  2.43435788  3.22620273
   2.89452219  3.27570724  2.70553899  1.98985434]
 [ 4.23217869  3.73543882  4.01482344  4.88428307  5.29056835  3.78326654
   4.20138025  4.9557848   4.45891953  4.1946454   3.7283473   4.00188494
   3.75053644  4.49423599  3.48368311  3.30970335]
 [ 0.          0.          0.          0.          0.          0.          0.
   0.          0.          0.          0.          0.          0.          0.
   0.          0.        ]]
Expected:
 [[ 4.09395456  2.71089554  3.56290579  3.35394168  4.86137629  3.47612786
   3.88312721  3.68219757  4.18982792  3.89741468  2.64515209  3.5037868
   3.03433681  3.71859574  3.06306958  2.83361077]
 [ 4.58198452  3.69870424  4.24906874  4.56645727  5.52831268  3.36042166
   3.69691539  4.36719799  3.55211067  3.96485114  3.01386595  4.38609695
   3.40038037  4.73820591  4.22878647  2.99927211]
 [ 4.67111731  3.26767993  4.27986574  3.95866895  5.0470643   3.91616654
   4.88206434  4.94849348  4.88885546  4.60863066  3.64592457  3.90833759
   3.12726808  4.06939077  3.28586173  3.24640131]
 [ 4.07199001  2.59936404  2.94756746  3.47949409  4.5334177   2.82897782
   3.29279137  4.51819181  3.45462108  3.70929337  3.45193958  3.41843104
   3.73788524  3.81367874  3.36052346  2.64854002]
 [ 4.28173876  3.37800169  3.58951712  3.73354697  5.05819416  3.03530216
   3.63873839  4.09725904  4.18395615  3.18243289  2.8500886   3.98614073
   3.88452363  3.73150587  2.8413651   2.71132398]
 [ 4.17504406  3.11571169  3.64711523  3.47772312  4.50697327  3.37808371
   4.49643707  4.3130312   4.24339724  3.96241546  3.20428658  3.54554605
   3.57129335  3.89336634  3.85424376  3.33890843]
 [ 4.535532    3.60043621  5.22999859  3.87262321  5.54557323  4.17884064
   4.43823004  4.91408205  4.3836112   4.96940184  2.99009776  4.70828485
   3.31326127  4.56621647  3.74814653  3.45022607]
 [ 3.37043905  2.18257618  3.03925061  3.43278551  3.66772866  3.13368106
   3.79072332  3.66985321  3.70767117  3.7899344   2.65272045  2.75214243
   2.41458082  3.22643137  2.555197    2.59702444]
 [ 4.33434105  4.22089529  4.07480049  4.49830151  5.88508892  3.41512227
   4.20613432  5.21222639  4.16368961  4.07826996  3.86858964  4.33370113
   4.04144335  4.47502518  4.69162226  3.78969264]
 [ 4.19297028  3.45049572  3.65273094  4.15340567  5.13092375  3.68202853
   3.90701938  4.40449905  4.06629086  3.80576444  3.88603163  4.02294159
   3.51078844  4.40121508  3.44055319  3.32076597]
 [ 4.45622396  3.34818053  4.1277647   3.67064929  5.36432505  3.42029929
   3.84980083  4.24237347  4.00215673  3.9249537   3.07079053  4.85112095
   3.67346263  4.2452035   3.54604149  3.10416913]
 [ 3.73763633  3.04598951  3.86729646  3.53576732  4.25728083  3.14553356
   4.01158476  4.15121031  3.6527226   4.04954624  3.1827817   3.77414703
   2.47529626  3.8270607   2.93658996  3.06413007]
 [ 5.35416126  4.00058603  4.7671237   4.88828611  5.73145962  4.39893293
   4.68242502  5.4042244   5.24281883  4.92260504  4.25629854  4.95022249
   4.58463717  5.21628189  4.13612032  3.55837202]
 [ 5.36621857  4.86731768  5.7961421   5.09245968  6.65870333  5.0705409
   5.67446423  6.26015282  5.62524939  5.62984037  4.83929777  5.41115284
   4.5665679   5.64941025  4.90985632  4.80469656]
 [ 3.71795321  2.08455586  2.74345946  2.66849256  3.66858745  2.43370271
   2.40604424  2.97952485  2.78760076  3.06972432  2.43435788  3.22620273
   2.89452219  3.27570724  2.70553899  1.98985434]
 [ 4.23217869  3.73543882  4.01482344  4.88428307  5.29056835  3.78326654
   4.20138025  4.9557848   4.45891953  4.1946454   3.7283473   4.00188494
   3.75053644  4.49423599  3.48368311  3.30970335]
 [ 3.80986857  3.58344173  3.08906364  3.16823769  4.42845392  2.08560395
   3.63655901  4.37235069  3.82417583  3.08311605  3.54854965  3.95435405
   3.53662705  3.25330734  3.6323278   2.96830344]]

FAILED! Dimensions:  (17, 16, 17)  Method:  CudaSharedMemoryGeneral
Result:
 [[ 4.30851078  5.71740961  4.92566347  4.59354019  5.14847279  3.86957455
   4.88966799  5.21135378  4.78820658  4.50877666  5.96609259  5.92282486
   5.03892422  3.99343419  4.87882853  5.05350304]
 [ 4.2890234   5.18679714  5.15150023  4.67792368  4.78206778  3.43767691
   5.66655779  4.71579409  4.67076063  3.86839747  5.02676725  5.78711367
   4.87417841  3.19301677  5.47954559  4.39132977]
 [ 3.76241565  4.29064035  3.72447181  4.13161421  4.13904715  3.01983523
   3.89842844  4.39501095  3.42626143  3.24122834  4.77371454  4.86771202
   4.49529457  3.19967008  4.30644703  3.83023262]
 [ 3.58563232  4.13542652  4.51263905  3.87760782  3.78295565  3.00387073
   4.33535004  4.30146074  3.51230073  3.46967936  5.02013826  4.60170889
   4.28922987  3.08694482  3.98123193  3.58404469]
 [ 4.13018703  4.61688948  4.88420296  4.26390171  3.98072028  3.21476436
   4.86677742  4.15642405  4.21348286  3.56211662  5.31886959  5.43084049
   4.95805454  3.58168864  4.87499189  3.96538019]
 [ 3.37062192  3.88359189  4.00017977  3.30822968  3.20136166  2.96740508
   4.10718632  3.44359708  3.1469636   3.00394773  4.15267849  3.96240616
   4.26582813  2.65058208  3.70014644  3.39411664]
 [ 3.15403652  4.24698591  3.96722841  4.56778669  4.43485975  3.39934206
   4.67170191  4.86754084  4.60103321  3.48505545  4.8702817   5.43077326
   4.13269043  2.73658204  5.21340513  4.29892206]
 [ 3.50437236  4.81303978  4.70463467  3.96945333  4.61466503  4.25038052
   4.61056852  4.78750753  4.37715292  4.15529251  5.34640026  4.69016314
   4.96708012  3.81736469  4.87082624  4.17233706]
 [ 4.00950813  5.00164747  3.80533719  4.49922514  4.64431334  3.49752712
   4.27376699  3.71371031  4.153512    3.03801537  4.41127586  5.14039564
   4.15596104  3.49317479  4.56540012  4.5659318 ]
 [ 3.69021082  4.33634281  4.15376377  3.78916168  4.27149534  3.01944232
   3.79996729  4.34243202  4.06644297  3.64383745  4.67784262  4.54214191
   4.08748865  3.00174379  4.03815794  3.74001431]
 [ 2.9445188   3.3435092   3.52740645  3.49456167  3.20571899  2.76259446
   3.73876619  3.6430161   3.23344851  2.90065193  4.23117685  4.15226984
   3.69438457  2.42982459  3.63186908  3.15623617]
 [ 3.88205004  4.56767654  3.92917728  3.82208204  3.80539775  2.77719641
   3.99468827  3.75691485  3.47742033  3.66644526  4.65820122  4.98039007
   4.09494066  3.31792951  3.66481018  3.37275577]
 [ 3.61239219  4.33040428  4.18497849  3.82404709  4.04686785  3.0888958
   4.39734411  4.10342741  3.80249071  3.39362311  4.38358641  4.47174883
   4.43233871  3.01981282  4.30880737  3.60741162]
 [ 3.71440959  4.79150724  4.4912734   4.83173895  4.76950073  3.20049667
   4.46927977  5.20796394  4.33831835  4.1580143   5.12245417  5.08127546
   4.8551178   3.29198599  5.03843546  3.94441152]
 [ 4.01312494  4.90284538  5.05032635  4.36333418  5.06241369  3.8780489
   5.10232544  5.10033512  4.4421258   3.74961662  5.66102314  5.13174057
   4.65482712  3.26957273  4.73083162  4.58649111]
 [ 3.62278414  4.01306534  4.48177814  4.35670948  4.02881718  3.14272642
   5.01405716  4.46649647  4.15179443  3.48534107  5.57183981  5.87766838
   4.14756536  2.93102384  4.69897985  3.78457856]
 [ 0.          0.          0.          0.          0.          0.          0.
   0.          0.          0.          0.          0.          0.          0.
   0.          0.        ]]
Expected:
 [[ 4.30851078  5.71740961  4.92566347  4.59354019  5.14847279  3.86957455
   4.88966799  5.21135378  4.78820658  4.50877666  5.96609259  5.92282486
   5.03892422  3.99343419  4.87882853  5.05350304]
 [ 4.2890234   5.18679714  5.15150023  4.67792368  4.78206778  3.43767691
   5.66655779  4.71579409  4.67076063  3.86839747  5.02676725  5.78711367
   4.87417841  3.19301677  5.47954559  4.39132977]
 [ 3.76241565  4.29064035  3.72447181  4.13161421  4.13904715  3.01983523
   3.89842844  4.39501095  3.42626143  3.24122834  4.77371454  4.86771202
   4.49529457  3.19967008  4.30644703  3.83023262]
 [ 3.58563232  4.13542652  4.51263905  3.87760782  3.78295565  3.00387073
   4.33535004  4.30146074  3.51230073  3.46967936  5.02013826  4.60170889
   4.28922987  3.08694482  3.98123193  3.58404469]
 [ 4.13018703  4.61688948  4.88420296  4.26390171  3.98072028  3.21476436
   4.86677742  4.15642405  4.21348286  3.56211662  5.31886959  5.43084049
   4.95805454  3.58168864  4.87499189  3.96538019]
 [ 3.37062192  3.88359189  4.00017977  3.30822968  3.20136166  2.96740508
   4.10718632  3.44359708  3.1469636   3.00394773  4.15267849  3.96240616
   4.26582813  2.65058208  3.70014644  3.39411664]
 [ 3.15403652  4.24698591  3.96722841  4.56778669  4.43485975  3.39934206
   4.67170191  4.86754084  4.60103321  3.48505545  4.8702817   5.43077326
   4.13269043  2.73658204  5.21340513  4.29892206]
 [ 3.50437236  4.81303978  4.70463467  3.96945333  4.61466503  4.25038052
   4.61056852  4.78750753  4.37715292  4.15529251  5.34640026  4.69016314
   4.96708012  3.81736469  4.87082624  4.17233706]
 [ 4.00950813  5.00164747  3.80533719  4.49922514  4.64431334  3.49752712
   4.27376699  3.71371031  4.153512    3.03801537  4.41127586  5.14039564
   4.15596104  3.49317479  4.56540012  4.5659318 ]
 [ 3.69021082  4.33634281  4.15376377  3.78916168  4.27149534  3.01944232
   3.79996729  4.34243202  4.06644297  3.64383745  4.67784262  4.54214191
   4.08748865  3.00174379  4.03815794  3.74001431]
 [ 2.9445188   3.3435092   3.52740645  3.49456167  3.20571899  2.76259446
   3.73876619  3.6430161   3.23344851  2.90065193  4.23117685  4.15226984
   3.69438457  2.42982459  3.63186908  3.15623617]
 [ 3.88205004  4.56767654  3.92917728  3.82208204  3.80539775  2.77719641
   3.99468827  3.75691485  3.47742033  3.66644526  4.65820122  4.98039007
   4.09494066  3.31792951  3.66481018  3.37275577]
 [ 3.61239219  4.33040428  4.18497849  3.82404709  4.04686785  3.0888958
   4.39734411  4.10342741  3.80249071  3.39362311  4.38358641  4.47174883
   4.43233871  3.01981282  4.30880737  3.60741162]
 [ 3.71440959  4.79150724  4.4912734   4.83173895  4.76950073  3.20049667
   4.46927977  5.20796394  4.33831835  4.1580143   5.12245417  5.08127546
   4.8551178   3.29198599  5.03843546  3.94441152]
 [ 4.01312494  4.90284538  5.05032635  4.36333418  5.06241369  3.8780489
   5.10232544  5.10033512  4.4421258   3.74961662  5.66102314  5.13174057
   4.65482712  3.26957273  4.73083162  4.58649111]
 [ 3.62278414  4.01306534  4.48177814  4.35670948  4.02881718  3.14272642
   5.01405716  4.46649647  4.15179443  3.48534107  5.57183981  5.87766838
   4.14756536  2.93102384  4.69897985  3.78457856]
 [ 3.56440926  3.98054051  4.09807968  3.96952319  4.39673948  3.42001724
   4.61520147  4.35713816  4.22375011  3.47622752  5.11657047  5.38991022
   3.81389832  2.98967075  4.31319141  3.49943519]]

Method: CudaGlobalMemory          , dims: (16, 16, 16)        , pass(1)/fail(0): 1,	 time (s): 0.0018613338470458984
Method: CudaSharedMemoryGeneral   , dims: (16, 16, 16)        , pass(1)/fail(0): 1,	 time (s): 0.0019450187683105469

Method: CudaGlobalMemory          , dims: (16, 16, 17)        , pass(1)/fail(0): 1,	 time (s): 0.0019497871398925781
Method: CudaSharedMemoryGeneral   , dims: (16, 16, 17)        , pass(1)/fail(0): 0,	 time (s): 0.0018630027770996094

Method: CudaGlobalMemory          , dims: (16, 17, 16)        , pass(1)/fail(0): 1,	 time (s): 0.001958131790161133
Method: CudaSharedMemoryGeneral   , dims: (16, 17, 16)        , pass(1)/fail(0): 0,	 time (s): 0.0019524097442626953

Method: CudaGlobalMemory          , dims: (16, 17, 17)        , pass(1)/fail(0): 1,	 time (s): 0.001968860626220703
Method: CudaSharedMemoryGeneral   , dims: (16, 17, 17)        , pass(1)/fail(0): 0,	 time (s): 0.0018489360809326172

Method: CudaGlobalMemory          , dims: (17, 16, 16)        , pass(1)/fail(0): 1,	 time (s): 0.0018768310546875
Method: CudaSharedMemoryGeneral   , dims: (17, 16, 16)        , pass(1)/fail(0): 0,	 time (s): 0.002168416976928711

Method: CudaGlobalMemory          , dims: (17, 16, 17)        , pass(1)/fail(0): 1,	 time (s): 0.0022325515747070312
Method: CudaSharedMemoryGeneral   , dims: (17, 16, 17)        , pass(1)/fail(0): 0,	 time (s): 0.0019037723541259766

Method: CudaGlobalMemory          , dims: (17, 17, 16)        , pass(1)/fail(0): 1,	 time (s): 0.0015943050384521484
Method: CudaSharedMemoryGeneral   , dims: (17, 17, 16)        , pass(1)/fail(0): 1,	 time (s): 0.0015954971313476562

Method: CudaGlobalMemory          , dims: (17, 17, 17)        , pass(1)/fail(0): 1,	 time (s): 0.001631021499633789
Method: CudaSharedMemoryGeneral   , dims: (17, 17, 17)        , pass(1)/fail(0): 1,	 time (s): 0.0015120506286621094

Method: CudaGlobalMemory          , dims: (32, 32, 32)        , pass(1)/fail(0): 1,	 time (s): 0.001550436019897461
Method: CudaSharedMemoryGeneral   , dims: (32, 32, 32)        , pass(1)/fail(0): 1,	 time (s): 0.0014789104461669922

Method: CudaGlobalMemory          , dims: (32, 32, 31)        , pass(1)/fail(0): 1,	 time (s): 0.0017848014831542969
Method: CudaSharedMemoryGeneral   , dims: (32, 32, 31)        , pass(1)/fail(0): 1,	 time (s): 0.0017282962799072266

Method: CudaGlobalMemory          , dims: (32, 31, 32)        , pass(1)/fail(0): 1,	 time (s): 0.0015213489532470703
Method: CudaSharedMemoryGeneral   , dims: (32, 31, 32)        , pass(1)/fail(0): 1,	 time (s): 0.0014710426330566406

Method: CudaGlobalMemory          , dims: (32, 31, 31)        , pass(1)/fail(0): 1,	 time (s): 0.0015821456909179688
Method: CudaSharedMemoryGeneral   , dims: (32, 31, 31)        , pass(1)/fail(0): 1,	 time (s): 0.0014824867248535156

Method: CudaGlobalMemory          , dims: (31, 32, 32)        , pass(1)/fail(0): 1,	 time (s): 0.001619577407836914
Method: CudaSharedMemoryGeneral   , dims: (31, 32, 32)        , pass(1)/fail(0): 1,	 time (s): 0.0014836788177490234

Method: CudaGlobalMemory          , dims: (31, 32, 31)        , pass(1)/fail(0): 1,	 time (s): 0.0015668869018554688
Method: CudaSharedMemoryGeneral   , dims: (31, 32, 31)        , pass(1)/fail(0): 1,	 time (s): 0.0015234947204589844

Method: CudaGlobalMemory          , dims: (31, 31, 32)        , pass(1)/fail(0): 1,	 time (s): 0.0015673637390136719
Method: CudaSharedMemoryGeneral   , dims: (31, 31, 32)        , pass(1)/fail(0): 1,	 time (s): 0.0017101764678955078

Method: CudaGlobalMemory          , dims: (31, 31, 31)        , pass(1)/fail(0): 1,	 time (s): 0.0017821788787841797
Method: CudaSharedMemoryGeneral   , dims: (31, 31, 31)        , pass(1)/fail(0): 1,	 time (s): 0.0014564990997314453

