Device name: b'Tesla K80'
Compute capability: (3, 7)
Total global memory (GB): 11.173095703125
Free global memory (GB): 11.115966796875
Used global memory (GB): 0.05712890625
Max threads per block: 1024
Max block dimensions: x=1024, y=1024, z=64
Max grid dimensions: x=2147483647, y=65535, z=65535
Max shared memory per block (KB): 48.0
FAILED! Dimensions:  (17, 16, 17)  Method:  CudaSharedMemory
Result:
 [[ 3.37274766  4.51907253  4.69342041  3.1672256   3.56334782  5.1448226
   2.67491126  4.03709841  4.39918041  3.73650122  3.58524466  4.48193312
   5.07910538  5.14311981  4.24910402  4.219203  ]
 [ 3.70980453  4.81637192  4.48469448  2.593925    3.93661284  4.3435688
   2.32655168  3.62273693  4.82451916  3.53356409  3.74653316  4.54324198
   5.00649548  4.70313597  4.14860725  4.22284031]
 [ 3.07871222  4.19980955  4.02734995  2.96644068  3.44510865  3.90933609
   2.29020953  3.16933179  4.40938854  3.24845123  3.68283772  4.0771513
   4.49900675  4.29534626  3.77293205  3.62955689]
 [ 3.28755927  4.42360497  4.76305342  3.38325334  4.38189602  4.25312376
   2.85922647  3.21574163  5.43508005  3.46459293  4.14677525  4.48954439
   5.01352978  4.94200039  4.6242547   4.48886251]
 [ 3.58803177  4.43040419  3.92655706  3.32171845  3.41889286  3.78131962
   2.9607265   2.99038339  4.31252527  2.93322492  3.42180109  3.87791634
   4.33812761  4.52222395  3.83840203  3.1791563 ]
 [ 2.98820162  3.43254137  3.89527178  2.08672428  3.89860773  3.86970162
   1.83218992  3.24104571  3.53867078  3.02230668  3.58130884  3.89770985
   3.86869645  3.89834261  3.4327476   4.157619  ]
 [ 2.63536572  3.84171796  4.95289898  3.8465507   3.95256114  5.0293498
   3.15563488  3.45807004  4.63790274  3.47600317  3.73166871  4.40068293
   4.84209442  5.35689831  4.7063303   4.05137444]
 [ 4.03185558  4.7908206   4.57055044  3.37632513  4.85925198  4.97707224
   3.05371213  3.5398016   5.22929239  3.60058689  4.8982687   4.63256168
   5.05369186  5.06983376  4.65677023  4.16768694]
 [ 1.7101866   2.86511421  2.95844102  2.33080077  2.59276867  2.48148561
   1.77480268  1.80105066  2.92313528  2.30128503  3.11683416  2.9601357
   2.92354584  3.26166105  2.90563226  2.53473282]
 [ 2.92535305  4.41921234  3.54722571  2.71961188  3.95425606  4.45524073
   2.43899417  2.75137043  5.33371973  2.60246658  3.45061588  4.1202507
   4.89406967  4.32361794  4.40333796  3.8945117 ]
 [ 3.95303154  4.88855743  4.57068682  3.31606579  4.22246695  4.56248379
   3.04155612  3.39338899  4.56092119  3.56977367  4.22304773  4.25596428
   4.87124538  5.19764185  4.39120483  4.07316208]
 [ 3.41084385  4.49267864  3.92587423  3.0523479   3.74959779  4.14051437
   2.58410549  2.91573548  4.29923201  3.48155808  4.0298357   3.80413365
   4.80065489  4.8642683   3.89264488  3.49507332]
 [ 4.13431406  5.44708729  5.4830451   3.88985777  4.65098143  6.09973145
   3.57564712  4.62300968  5.15457678  4.40258026  4.69689465  5.36860085
   6.08014965  6.18368244  5.63395452  4.62034416]
 [ 3.40681815  4.17435408  4.66896725  2.67016959  3.45184517  4.31991053
   2.67203951  3.90205169  4.01542854  3.77594423  3.42408061  4.03880167
   4.52754021  4.6095438   4.37447023  4.45588779]
 [ 3.12465739  4.83269501  5.04502869  3.53173661  3.64285421  4.2698741
   3.02930808  3.15330577  4.98803234  3.57345152  4.16909981  4.28086901
   4.72585154  5.34685278  4.8020606   4.2557373 ]
 [ 3.47505331  4.45470476  5.13510084  4.29858637  4.16231489  4.38426304
   3.76378155  3.53801632  4.03306437  3.56713367  4.64300346  4.51663828
   4.41101122  5.23986387  5.12959576  3.80522561]
 [ 3.37274766  4.51907253  4.69342041  3.1672256   3.56334782  5.1448226
   2.67491126  4.03709841  4.39918041  3.73650122  3.58524466  4.48193312
   5.07910538  5.14311981  4.24910402  4.219203  ]]
Expected:
 [[ 3.35470963  4.4186492   4.57371283  3.0817163   3.5453229   5.04199266
   2.52588677  3.93176985  4.38431883  3.65568948  3.53344893  4.4274087
   4.94831753  5.02943611  4.08775234  4.09804153]
 [ 3.73331332  4.94725227  4.64070797  2.7053678   3.96010447  4.47758579
   2.52077317  3.76001     4.84388828  3.63888502  3.81403756  4.61430264
   5.17694902  4.85129786  4.35889435  4.3807478 ]
 [ 3.08935213  4.2590456   4.09796095  3.01687932  3.45574093  3.96999168
   2.37811351  3.23146105  4.41815472  3.29611921  3.71339011  4.10931301
   4.57615376  4.36240387  3.86810732  3.70102549]
 [ 3.31607175  4.58234167  4.95227289  3.51841569  4.41038752  4.41566467
   3.09478617  3.38223195  5.45857143  3.59233046  4.22864723  4.57572985
   5.220263    5.12169743  4.87929964  4.68037939]
 [ 3.65155911  4.7840786   4.34814882  3.62286735  3.48237348  4.14346981
   3.48556638  3.36133313  4.3648653   3.2178309   3.60421658  4.06994247
   4.79874039  4.92259836  4.40665579  3.60586619]
 [ 3.0743928   3.91239214  4.4672699   2.49531078  3.98473573  4.36105204
   2.54427099  3.74433494  3.60968375  3.40844846  3.82880282  4.1582427
   4.49363661  4.44155407  4.20373058  4.7365613 ]
 [ 2.70879555  4.25052214  5.440207    4.19464207  4.02593708  5.44795084
   3.76228547  3.88684225  4.69840145  3.80497289  3.94251871  4.62264109
   5.374506    5.81968164  5.36316156  4.54459858]
 [ 4.13985872  5.39210367  5.28730011  3.88830948  4.96717548  5.59276533
   3.94599462  4.1704545   5.31827641  4.08444691  5.20839405  4.95902586
   5.8367815   5.75051165  5.62286043  4.89313793]
 [ 1.74621654  3.06570339  3.19754982  2.50159979  2.62877226  2.68688202
   2.07246971  2.01143765  2.95282054  2.46270156  3.22029257  3.06904459
   3.18478584  3.48873639  3.22792172  2.7767446 ]
 [ 2.93815136  4.49046373  3.63215971  2.78028154  3.96704483  4.52819967
   2.54472852  2.82610202  5.34426403  2.65980339  3.48736548  4.1589365
   4.98686504  4.40427732  4.51781845  3.98047686]
 [ 3.96371198  4.94801807  4.6415658   3.36669564  4.23313951  4.62336922
   3.12979341  3.4557538   4.56972075  3.61762238  4.25371599  4.28824806
   4.94868469  5.26495361  4.48674107  4.14490175]
 [ 3.41439772  4.51246405  3.94945884  3.06919479  3.75314903  4.16077375
   2.61346602  2.9364872   4.30215979  3.49747944  4.04004049  3.81487608
   4.82642269  4.88666582  3.92443419  3.51894426]
 [ 4.14769077  5.52155828  5.57181692  3.95326877  4.66434813  6.17598724
   3.68615937  4.70111847  5.16559792  4.4625082   4.73530483  5.40903473
   6.17713785  6.26798677  5.75360823  4.71019363]
 [ 3.45111251  4.42095375  4.9629221   2.88014579  3.4961071   4.57242012
   3.03798437  4.16069651  4.0519228   3.97438598  3.55127001  4.17269182
   4.84870291  4.88870478  4.7706852   4.75341129]
 [ 3.15686941  5.01202869  5.25880003  3.68443656  3.67504263  4.45350552
   3.29543233  3.34139872  5.01457167  3.71776342  4.26159525  4.37823725
   4.95940876  5.54986572  5.09019804  4.47210407]
 [ 3.50908399  4.64416313  5.36094141  4.45990753  4.19632053  4.57826185
   4.04493093  3.73672891  4.06110239  3.71959329  4.74072075  4.61950397
   4.6577549   5.45433903  5.43400145  4.03380823]
 [ 3.14278483  4.71641064  5.26358938  4.08611345  4.32646561  4.89315176
   3.83741903  3.81070542  4.46343803  4.23385429  4.48934031  4.71398735
   5.66109991  5.90392113  5.53434849  4.72392464]]
Difference:
 [[ 0.01803803  0.10042334  0.11970758  0.0855093   0.01802492  0.10282993
   0.14902449  0.10532856  0.01486158  0.08081174  0.05179572  0.05452442
   0.13078785  0.1136837   0.16135168  0.12116146]
 [-0.02350879 -0.13088036 -0.15601349 -0.1114428  -0.02349162 -0.13401699
  -0.1942215  -0.13727307 -0.01936913 -0.10532093 -0.06750441 -0.07106066
  -0.17045355 -0.14816189 -0.21028709 -0.15790749]
 [-0.01063991 -0.05923605 -0.070611   -0.05043864 -0.01063228 -0.06065559
  -0.08790398 -0.06212926 -0.00876617 -0.04766798 -0.03055239 -0.03216171
  -0.07714701 -0.06705761 -0.09517527 -0.07146859]
 [-0.02851248 -0.15873671 -0.18921947 -0.13516235 -0.0284915  -0.16254091
  -0.2355597  -0.16649032 -0.02349138 -0.12773752 -0.08187199 -0.08618546
  -0.20673323 -0.17969704 -0.25504494 -0.19151688]
 [-0.06352735 -0.35367441 -0.42159176 -0.30114889 -0.06348062 -0.36215019
  -0.52483988 -0.37094975 -0.05234003 -0.28460598 -0.18241549 -0.19202614
  -0.46061277 -0.40037441 -0.56825376 -0.42670989]
 [-0.08619118 -0.47985077 -0.57199812 -0.4085865  -0.086128   -0.49135041
  -0.71208107 -0.50328922 -0.07101297 -0.38614178 -0.24749398 -0.26053286
  -0.62494016 -0.54321146 -0.77098298 -0.5789423 ]
 [-0.07342982 -0.40880418 -0.48730803 -0.34809136 -0.07337594 -0.41860104
  -0.60665059 -0.42877221 -0.06049871 -0.32896972 -0.21085    -0.22195816
  -0.53241158 -0.46278334 -0.65683126 -0.49322414]
 [-0.10800314 -0.60128307 -0.71674967 -0.51198435 -0.10792351 -0.61569309
  -0.89228249 -0.6306529  -0.08898401 -0.48386002 -0.31012535 -0.32646418
  -0.78308964 -0.68067789 -0.9660902  -0.72545099]
 [-0.03602993 -0.20058918 -0.2391088  -0.17079902 -0.03600359 -0.20539641
  -0.29766703 -0.21038699 -0.02968526 -0.16141653 -0.1034584  -0.10890889
  -0.26124001 -0.22707534 -0.32228947 -0.24201179]
 [-0.01279831 -0.07125139 -0.084934   -0.06066966 -0.01278877 -0.07295895
  -0.10573435 -0.07473159 -0.0105443  -0.05733681 -0.0367496  -0.0386858
  -0.09279537 -0.08065939 -0.1144805  -0.08596516]
 [-0.01068044 -0.05946064 -0.07087898 -0.05062985 -0.01067257 -0.06088543
  -0.08823729 -0.06236482 -0.00879955 -0.0478487  -0.03066826 -0.03228378
  -0.07743931 -0.06731176 -0.09553623 -0.07173967]
 [-0.00355387 -0.0197854  -0.0235846  -0.0168469  -0.00355124 -0.02025938
  -0.02936053 -0.02075171 -0.00292778 -0.01592135 -0.01020479 -0.01074243
  -0.0257678  -0.02239752 -0.0317893  -0.02387094]
 [-0.01337671 -0.074471   -0.08877182 -0.063411   -0.0133667  -0.0762558
  -0.11051226 -0.07810879 -0.01102114 -0.05992794 -0.03841019 -0.04043388
  -0.0969882  -0.08430433 -0.1196537  -0.08984947]
 [-0.04429436 -0.24659967 -0.29395485 -0.2099762  -0.04426193 -0.25250959
  -0.36594486 -0.25864482 -0.03649426 -0.19844174 -0.1271894  -0.13389015
  -0.3211627  -0.27916098 -0.39621496 -0.2975235 ]
 [-0.03221202 -0.17933369 -0.21377134 -0.15269995 -0.03218842 -0.18363142
  -0.26612425 -0.18809295 -0.02653933 -0.1443119  -0.09249544 -0.09736824
  -0.23355722 -0.20301294 -0.28813744 -0.21636677]
 [-0.03403068 -0.18945837 -0.22584057 -0.16132116 -0.03400564 -0.19399881
  -0.28114939 -0.19871259 -0.02803802 -0.15245962 -0.09771729 -0.1028657
  -0.24674368 -0.21447515 -0.30440569 -0.22858262]
 [ 0.22996283 -0.1973381  -0.57016897 -0.91888785 -0.76311779  0.25167084
  -1.16250777  0.22639298 -0.06425762 -0.49735308 -0.90409565 -0.23205423
  -0.58199453 -0.76080132 -1.28524446 -0.50472164]]

Method: CudaSharedMemory          , dims: (17, 16, 17)        , pass(1)/fail(0): 0,	 time (s): 0.0020051002502441406

