Device name: b'Tesla K80'
Compute capability: (3, 7)
Total global memory (GB): 11.173095703125
Free global memory (GB): 11.115966796875
Used global memory (GB): 0.05712890625
Max threads per block: 1024
Max block dimensions: x=1024, y=1024, z=64
Max grid dimensions: x=2147483647, y=65535, z=65535
Max shared memory per block (KB): 48.0
BPG:  (1, 1)  TPB:  (16, 16)
BPG:  (1, 1)  TPB:  (16, 16)
BPG:  (4, 2)  TPB:  (16, 16)
BPG:  (4, 2)  TPB:  (16, 16)
BPG:  (2, 4)  TPB:  (16, 16)
BPG:  (2, 4)  TPB:  (16, 16)
FAILED! Dimensions:  (64, 32, 64)  Method:  CudaSharedMemory
Result:
 [[ 160.  160.  160. ...,  160.  160.  160.]
 [ 160.  160.  160. ...,  160.  160.  160.]
 [ 160.  160.  160. ...,  160.  160.  160.]
 ..., 
 [ 160.  160.  160. ...,  160.  160.  160.]
 [ 160.  160.  160. ...,  160.  160.  160.]
 [ 160.  160.  160. ...,  160.  160.  160.]]
Expected:
 [[ 320.  320.  320. ...,  320.  320.  320.]
 [ 320.  320.  320. ...,  320.  320.  320.]
 [ 320.  320.  320. ...,  320.  320.  320.]
 ..., 
 [ 320.  320.  320. ...,  320.  320.  320.]
 [ 320.  320.  320. ...,  320.  320.  320.]
 [ 320.  320.  320. ...,  320.  320.  320.]]
Difference:
 [[-160. -160. -160. ..., -160. -160. -160.]
 [-160. -160. -160. ..., -160. -160. -160.]
 [-160. -160. -160. ..., -160. -160. -160.]
 ..., 
 [-160. -160. -160. ..., -160. -160. -160.]
 [-160. -160. -160. ..., -160. -160. -160.]
 [-160. -160. -160. ..., -160. -160. -160.]]

BPG:  (4, 4)  TPB:  (16, 16)
BPG:  (4, 4)  TPB:  (16, 16)
BPG:  (2, 4)  TPB:  (16, 16)
BPG:  (2, 4)  TPB:  (16, 16)
BPG:  (4, 2)  TPB:  (16, 16)
BPG:  (4, 2)  TPB:  (16, 16)
BPG:  (2, 2)  TPB:  (16, 16)
BPG:  (2, 2)  TPB:  (16, 16)
FAILED! Dimensions:  (32, 32, 64)  Method:  CudaSharedMemory
Result:
 [[ 160.  160.  160. ...,  160.  160.  160.]
 [ 160.  160.  160. ...,  160.  160.  160.]
 [ 160.  160.  160. ...,  160.  160.  160.]
 ..., 
 [ 160.  160.  160. ...,  160.  160.  160.]
 [ 160.  160.  160. ...,  160.  160.  160.]
 [ 160.  160.  160. ...,  160.  160.  160.]]
Expected:
 [[ 320.  320.  320. ...,  320.  320.  320.]
 [ 320.  320.  320. ...,  320.  320.  320.]
 [ 320.  320.  320. ...,  320.  320.  320.]
 ..., 
 [ 320.  320.  320. ...,  320.  320.  320.]
 [ 320.  320.  320. ...,  320.  320.  320.]
 [ 320.  320.  320. ...,  320.  320.  320.]]
Difference:
 [[-160. -160. -160. ..., -160. -160. -160.]
 [-160. -160. -160. ..., -160. -160. -160.]
 [-160. -160. -160. ..., -160. -160. -160.]
 ..., 
 [-160. -160. -160. ..., -160. -160. -160.]
 [-160. -160. -160. ..., -160. -160. -160.]
 [-160. -160. -160. ..., -160. -160. -160.]]

Method: Basic                     , dims: (32, 64, 64)        , pass(1)/fail(0): 1,	 time (s): 0.07769608497619629
Method: CudaGlobalMemory          , dims: (32, 64, 64)        , pass(1)/fail(0): 1,	 time (s): 0.0021462440490722656
Method: CudaSharedMemory          , dims: (32, 64, 64)        , pass(1)/fail(0): 1,	 time (s): 0.0020380020141601562

Method: Basic                     , dims: (64, 32, 64)        , pass(1)/fail(0): 1,	 time (s): 0.07376241683959961
Method: CudaGlobalMemory          , dims: (64, 32, 64)        , pass(1)/fail(0): 1,	 time (s): 0.0015926361083984375
Method: CudaSharedMemory          , dims: (64, 32, 64)        , pass(1)/fail(0): 0,	 time (s): 0.0015676021575927734

Method: Basic                     , dims: (64, 64, 32)        , pass(1)/fail(0): 1,	 time (s): 0.06569552421569824
Method: CudaGlobalMemory          , dims: (64, 64, 32)        , pass(1)/fail(0): 1,	 time (s): 0.0014960765838623047
Method: CudaSharedMemory          , dims: (64, 64, 32)        , pass(1)/fail(0): 1,	 time (s): 0.001562356948852539

Method: Basic                     , dims: (64, 32, 32)        , pass(1)/fail(0): 1,	 time (s): 0.03268766403198242
Method: CudaGlobalMemory          , dims: (64, 32, 32)        , pass(1)/fail(0): 1,	 time (s): 0.0014777183532714844
Method: CudaSharedMemory          , dims: (64, 32, 32)        , pass(1)/fail(0): 1,	 time (s): 0.0014421939849853516

Method: Basic                     , dims: (32, 64, 32)        , pass(1)/fail(0): 1,	 time (s): 0.0326535701751709
Method: CudaGlobalMemory          , dims: (32, 64, 32)        , pass(1)/fail(0): 1,	 time (s): 0.0018286705017089844
Method: CudaSharedMemory          , dims: (32, 64, 32)        , pass(1)/fail(0): 1,	 time (s): 0.0017499923706054688

Method: Basic                     , dims: (32, 32, 64)        , pass(1)/fail(0): 1,	 time (s): 0.029692888259887695
Method: CudaGlobalMemory          , dims: (32, 32, 64)        , pass(1)/fail(0): 1,	 time (s): 0.001544952392578125
Method: CudaSharedMemory          , dims: (32, 32, 64)        , pass(1)/fail(0): 0,	 time (s): 0.0014636516571044922

