Device name: b'Tesla K80'
Compute capability: (3, 7)
Total global memory (GB): 11.173095703125
Free global memory (GB): 11.115966796875
Used global memory (GB): 0.05712890625
Max threads per block: 1024
Max block dimensions: x=1024, y=1024, z=64
Max grid dimensions: x=2147483647, y=65535, z=65535
Max shared memory per block (KB): 48.0
BPG:  (1, 1)  TPB:  (16, 16)
BPG:  (1, 1)  TPB:  (16, 16)
BPG:  (2, 2)  TPB:  (16, 16)
BPG:  (2, 2)  TPB:  (16, 16)
FAILED! Dimensions:  (32, 32, 64)  Method:  CudaSharedMemory
Result:
 [[ 160.  160.  160. ...,  160.  160.  160.]
 [ 160.  160.  160. ...,  160.  160.  160.]
 [ 160.  160.  160. ...,  160.  160.  160.]
 ..., 
 [ 160.  160.  160. ...,  160.  160.  160.]
 [ 160.  160.  160. ...,  160.  160.  160.]
 [ 160.  160.  160. ...,  160.  160.  160.]]
Expected:
 [[ 320.  320.  320. ...,  320.  320.  320.]
 [ 320.  320.  320. ...,  320.  320.  320.]
 [ 320.  320.  320. ...,  320.  320.  320.]
 ..., 
 [ 320.  320.  320. ...,  320.  320.  320.]
 [ 320.  320.  320. ...,  320.  320.  320.]
 [ 320.  320.  320. ...,  320.  320.  320.]]
Difference:
 [[-160. -160. -160. ..., -160. -160. -160.]
 [-160. -160. -160. ..., -160. -160. -160.]
 [-160. -160. -160. ..., -160. -160. -160.]
 ..., 
 [-160. -160. -160. ..., -160. -160. -160.]
 [-160. -160. -160. ..., -160. -160. -160.]
 [-160. -160. -160. ..., -160. -160. -160.]]

BPG:  (2, 3)  TPB:  (16, 16)
BPG:  (2, 3)  TPB:  (16, 16)
FAILED! Dimensions:  (33, 32, 64)  Method:  CudaSharedMemory
Result:
 [[ 160.  160.  160. ...,  160.  160.  160.]
 [ 160.  160.  160. ...,  160.  160.  160.]
 [ 160.  160.  160. ...,  160.  160.  160.]
 ..., 
 [ 160.  160.  160. ...,  160.  160.  160.]
 [ 160.  160.  160. ...,  160.  160.  160.]
 [ 160.  160.  160. ...,  160.  160.  160.]]
Expected:
 [[ 320.  320.  320. ...,  320.  320.  320.]
 [ 320.  320.  320. ...,  320.  320.  320.]
 [ 320.  320.  320. ...,  320.  320.  320.]
 ..., 
 [ 320.  320.  320. ...,  320.  320.  320.]
 [ 320.  320.  320. ...,  320.  320.  320.]
 [ 320.  320.  320. ...,  320.  320.  320.]]
Difference:
 [[-160. -160. -160. ..., -160. -160. -160.]
 [-160. -160. -160. ..., -160. -160. -160.]
 [-160. -160. -160. ..., -160. -160. -160.]
 ..., 
 [-160. -160. -160. ..., -160. -160. -160.]
 [-160. -160. -160. ..., -160. -160. -160.]
 [-160. -160. -160. ..., -160. -160. -160.]]

BPG:  (2, 4)  TPB:  (16, 16)
BPG:  (2, 4)  TPB:  (16, 16)
FAILED! Dimensions:  (64, 32, 64)  Method:  CudaSharedMemory
Result:
 [[ 160.  160.  160. ...,  160.  160.  160.]
 [ 160.  160.  160. ...,  160.  160.  160.]
 [ 160.  160.  160. ...,  160.  160.  160.]
 ..., 
 [ 160.  160.  160. ...,  160.  160.  160.]
 [ 160.  160.  160. ...,  160.  160.  160.]
 [ 160.  160.  160. ...,  160.  160.  160.]]
Expected:
 [[ 320.  320.  320. ...,  320.  320.  320.]
 [ 320.  320.  320. ...,  320.  320.  320.]
 [ 320.  320.  320. ...,  320.  320.  320.]
 ..., 
 [ 320.  320.  320. ...,  320.  320.  320.]
 [ 320.  320.  320. ...,  320.  320.  320.]
 [ 320.  320.  320. ...,  320.  320.  320.]]
Difference:
 [[-160. -160. -160. ..., -160. -160. -160.]
 [-160. -160. -160. ..., -160. -160. -160.]
 [-160. -160. -160. ..., -160. -160. -160.]
 ..., 
 [-160. -160. -160. ..., -160. -160. -160.]
 [-160. -160. -160. ..., -160. -160. -160.]
 [-160. -160. -160. ..., -160. -160. -160.]]

BPG:  (4, 2)  TPB:  (16, 16)
BPG:  (4, 2)  TPB:  (16, 16)
Method: Basic                     , dims: (32, 32, 64)        , pass(1)/fail(0): 1,	 time (s): 0.037340402603149414
Method: CudaGlobalMemory          , dims: (32, 32, 64)        , pass(1)/fail(0): 1,	 time (s): 0.0020856857299804688
Method: CudaSharedMemory          , dims: (32, 32, 64)        , pass(1)/fail(0): 0,	 time (s): 0.001974821090698242

Method: Basic                     , dims: (33, 32, 64)        , pass(1)/fail(0): 1,	 time (s): 0.03828907012939453
Method: CudaGlobalMemory          , dims: (33, 32, 64)        , pass(1)/fail(0): 1,	 time (s): 0.0018742084503173828
Method: CudaSharedMemory          , dims: (33, 32, 64)        , pass(1)/fail(0): 0,	 time (s): 0.0018651485443115234

Method: Basic                     , dims: (64, 32, 64)        , pass(1)/fail(0): 1,	 time (s): 0.059623003005981445
Method: CudaGlobalMemory          , dims: (64, 32, 64)        , pass(1)/fail(0): 1,	 time (s): 0.0014710426330566406
Method: CudaSharedMemory          , dims: (64, 32, 64)        , pass(1)/fail(0): 0,	 time (s): 0.0015218257904052734

Method: Basic                     , dims: (32, 64, 64)        , pass(1)/fail(0): 1,	 time (s): 0.05676460266113281
Method: CudaGlobalMemory          , dims: (32, 64, 64)        , pass(1)/fail(0): 1,	 time (s): 0.0014040470123291016
Method: CudaSharedMemory          , dims: (32, 64, 64)        , pass(1)/fail(0): 1,	 time (s): 0.0014047622680664062

