Device name: b'Tesla K80'
Compute capability: (3, 7)
Total global memory (GB): 11.173095703125
Free global memory (GB): 11.115966796875
Used global memory (GB): 0.05712890625
Max threads per block: 1024
Max block dimensions: x=1024, y=1024, z=64
Max grid dimensions: x=2147483647, y=65535, z=65535
Max shared memory per block (KB): 48.0
Result:
 [[ 0.00599267]]
Expected:
 [[ 0.00599267]]

Result:
 [[ 0.84373093  1.1300813   1.26482892]
 [ 0.82772851  0.90752929  1.11117887]
 [ 0.19448926  0.32747695  0.13529988]]
Expected:
 [[ 0.84373093  1.13008142  1.26482904]
 [ 0.82772851  0.90752929  1.11117887]
 [ 0.19448926  0.32747695  0.13529988]]

Result:
 [[ 1.80358255  1.06093311  0.95547456]
 [ 1.77403116  0.91622609  0.85862911]
 [ 1.9671849   0.72052979  0.73509103]]
Expected:
 [[ 1.80358255  1.06093311  0.9554745 ]
 [ 1.77403116  0.91622609  0.85862917]
 [ 1.96718478  0.72052985  0.73509103]]

Result:
 [[ 0.33944213  0.6988821   0.94749457  0.59648526  0.6528964 ]
 [ 0.58876806  1.30196178  1.5300045   0.95725203  1.03310227]
 [ 0.77946925  1.19628406  1.28703189  1.1191169   1.05075216]]
Expected:
 [[ 0.33944213  0.6988821   0.94749451  0.59648526  0.6528964 ]
 [ 0.58876806  1.30196166  1.5300045   0.95725203  1.03310239]
 [ 0.77946919  1.19628394  1.28703189  1.1191169   1.05075216]]

Result:
 [[ 1.80394375  0.838175    1.47071552  0.77474582  1.5248729 ]
 [ 2.53543234  0.60897046  1.28984761  1.48904824  1.96555972]
 [ 2.57014036  0.55899471  1.14075959  1.50077283  2.0102787 ]]
Expected:
 [[ 1.80394375  0.838175    1.47071564  0.77474588  1.52487278]
 [ 2.53543258  0.60897046  1.28984773  1.48904824  1.96555972]
 [ 2.5701406   0.55899471  1.14075959  1.50077283  2.0102787 ]]

Result:
 [[ 0.66435242  0.81196356  0.30340073]
 [ 1.04892468  1.58771026  0.46120855]
 [ 0.75649083  0.97607994  0.25808504]
 [ 0.52193332  0.78930289  0.25168958]
 [ 1.15849781  1.68556428  0.55677515]]
Expected:
 [[ 0.66435242  0.81196356  0.30340073]
 [ 1.04892468  1.58771026  0.46120855]
 [ 0.75649089  0.97607994  0.25808504]
 [ 0.52193326  0.78930289  0.25168958]
 [ 1.15849781  1.68556416  0.55677515]]

Result:
 [[ 1.35948598  0.97242916  1.51838565]
 [ 1.12265098  0.75857586  0.96513265]
 [ 1.1979146   0.90972096  1.20168769]
 [ 0.58023864  0.67555231  0.54870939]
 [ 1.78424275  1.19709039  1.85488236]]
Expected:
 [[ 1.35948598  0.9724291   1.51838565]
 [ 1.12265098  0.75857592  0.96513265]
 [ 1.19791472  0.90972096  1.20168781]
 [ 0.58023864  0.67555231  0.54870939]
 [ 1.78424275  1.19709039  1.85488224]]

Result:
 [[ 0.62329072  1.45451033  1.10071409  1.48439705  1.49416375]
 [ 0.33384338  0.9849748   0.60073167  1.15942001  0.88365382]
 [ 0.38035619  0.29314181  0.31697133  0.47656313  0.60324162]
 [ 0.37462434  0.99182004  0.58013397  1.26981831  0.92716593]
 [ 0.12854207  0.7634846   0.42001122  0.80221778  0.53113222]]
Expected:
 [[ 0.62329078  1.45451033  1.10071421  1.48439705  1.49416375]
 [ 0.33384338  0.9849748   0.60073167  1.15942001  0.88365382]
 [ 0.38035622  0.29314181  0.31697133  0.47656313  0.60324162]
 [ 0.37462434  0.99182004  0.58013397  1.26981831  0.92716587]
 [ 0.12854205  0.7634846   0.42001122  0.80221778  0.53113222]]

Result:
 [[ 1.66852498  1.53540421  1.19625425  0.76256377  1.52685845]
 [ 1.18804204  0.88313001  0.97182566  0.60320729  0.89574742]
 [ 1.52827871  1.13588464  1.11035109  0.82723099  1.17213392]
 [ 1.57447529  1.29580498  1.35485864  0.87995809  1.39894092]
 [ 1.47242117  1.25781715  1.14298713  0.5515247   1.10494244]]
Expected:
 [[ 1.66852498  1.53540421  1.19625413  0.76256377  1.52685857]
 [ 1.18804204  0.88313001  0.9718256   0.60320729  0.89574742]
 [ 1.52827883  1.13588464  1.11035109  0.82723099  1.17213392]
 [ 1.57447529  1.2958051   1.35485864  0.87995809  1.39894092]
 [ 1.47242117  1.25781715  1.14298713  0.5515247   1.10494232]]

Method: CudaGlobalMemory          , dims: (3, 3, 3)           , pass(1)/fail(0): 1,	 time (s): 0.004289150238037109

Method: CudaGlobalMemory          , dims: (3, 3, 5)           , pass(1)/fail(0): 1,	 time (s): 0.0025801658630371094

Method: CudaGlobalMemory          , dims: (3, 5, 3)           , pass(1)/fail(0): 1,	 time (s): 0.0024106502532958984

Method: CudaGlobalMemory          , dims: (3, 5, 5)           , pass(1)/fail(0): 1,	 time (s): 0.002296924591064453

Method: CudaGlobalMemory          , dims: (5, 3, 3)           , pass(1)/fail(0): 1,	 time (s): 0.0022644996643066406

Method: CudaGlobalMemory          , dims: (5, 3, 5)           , pass(1)/fail(0): 1,	 time (s): 0.0022673606872558594

Method: CudaGlobalMemory          , dims: (5, 5, 3)           , pass(1)/fail(0): 1,	 time (s): 0.0023021697998046875

Method: CudaGlobalMemory          , dims: (5, 5, 5)           , pass(1)/fail(0): 1,	 time (s): 0.002156972885131836

Result:
 [[ 0.6313864]]
Expected:
 [[ 0.6313864]]

Result:
 [[ 0.09102441  0.19868638  0.43497327]
 [ 0.22652629  0.63039243  0.9080981 ]
 [ 0.66461039  0.90049177  1.35651696]]
Expected:
 [[ 0.09102441  0.19868638  0.43497324]
 [ 0.22652629  0.63039237  0.90809804]
 [ 0.66461039  0.90049177  1.35651696]]

Result:
 [[ 1.04443645  0.67410779  0.54702967]
 [ 1.38808179  1.3637867   0.90453845]
 [ 0.52212566  0.72698283  0.56512976]]
Expected:
 [[ 1.04443645  0.67410779  0.54702967]
 [ 1.38808179  1.36378682  0.90453845]
 [ 0.52212572  0.72698289  0.56512976]]

Result:
 [[ 0.36869511  0.54913402  0.43615693  0.69094992  0.67907912]
 [ 0.60129172  0.9726761   0.99681294  1.18401003  1.32254851]
 [ 0.72957426  0.98385686  0.37770885  1.03344798  0.53015608]]
Expected:
 [[ 0.36869511  0.54913402  0.43615693  0.69094998  0.67907912]
 [ 0.60129172  0.9726761   0.99681288  1.18401003  1.32254851]
 [ 0.72957426  0.98385686  0.37770882  1.03344798  0.53015608]]

Result:
 [[ 0.3301225   1.52814126  1.73784018  1.53528321  1.2370398 ]
 [ 0.58169943  1.78300428  1.7760942   1.47929001  1.32149792]
 [ 0.62533391  1.40757239  1.06447279  0.81779224  0.91387349]]
Expected:
 [[ 0.3301225   1.52814138  1.73784029  1.53528321  1.2370398 ]
 [ 0.58169943  1.78300428  1.7760942   1.47928989  1.32149792]
 [ 0.62533391  1.40757239  1.06447279  0.81779224  0.91387349]]

Result:
 [[ 1.06687999  0.69627428  1.35004771]
 [ 0.78280967  0.80428725  0.94192868]
 [ 0.82756859  0.53992462  1.05173624]
 [ 0.42372546  0.72188151  0.57820731]
 [ 0.39865756  0.37554339  0.45136848]]
Expected:
 [[ 1.06687999  0.69627428  1.35004771]
 [ 0.78280967  0.80428725  0.94192868]
 [ 0.82756859  0.53992456  1.05173624]
 [ 0.42372549  0.72188151  0.57820731]
 [ 0.39865756  0.37554339  0.45136845]]

Result:
 [[ 1.11707389  0.96634495  1.09739244]
 [ 1.71052587  1.08040106  1.51603281]
 [ 1.68502212  1.55700397  1.51446664]
 [ 1.76133955  1.15569437  1.30923116]
 [ 2.55591989  1.8263272   2.09813643]]
Expected:
 [[ 1.11707389  0.96634495  1.09739244]
 [ 1.71052575  1.08040106  1.5160327 ]
 [ 1.68502212  1.55700409  1.51446664]
 [ 1.76133955  1.15569437  1.30923116]
 [ 2.55591989  1.82632709  2.09813666]]

Result:
 [[ 0.54157823  0.57115996  0.59671766  0.23776507  0.76982892]
 [ 1.46089327  1.0660522   1.46543348  0.65815115  1.30053163]
 [ 0.17646423  0.22251591  0.19202369  0.09349944  0.34598812]
 [ 0.36599162  0.38514629  0.37091905  0.2019501   0.60370022]
 [ 0.45501441  0.50223422  0.53791183  0.16069159  0.6046198 ]]
Expected:
 [[ 0.54157823  0.57115996  0.59671766  0.23776507  0.76982898]
 [ 1.46089327  1.0660522   1.46543348  0.65815115  1.30053163]
 [ 0.17646424  0.22251593  0.19202371  0.09349944  0.34598812]
 [ 0.36599162  0.38514629  0.37091902  0.20195009  0.60370022]
 [ 0.45501444  0.50223422  0.53791183  0.16069157  0.6046198 ]]

Result:
 [[ 1.40597546  1.66165054  1.25307786  1.33983397  1.47123778]
 [ 0.70715106  1.638322    0.91307813  1.10176408  1.02659178]
 [ 2.14053082  1.92082775  1.42365122  1.45417917  1.83252847]
 [ 1.27837551  1.60929203  0.77033705  0.87765521  0.9759717 ]
 [ 0.92784673  1.75532806  0.83490539  1.00832975  0.97869736]]
Expected:
 [[ 1.40597558  1.66165054  1.25307798  1.33983397  1.47123778]
 [ 0.707151    1.638322    0.91307819  1.10176396  1.02659178]
 [ 2.14053106  1.92082787  1.42365122  1.45417917  1.83252847]
 [ 1.27837551  1.60929215  0.77033699  0.87765521  0.97597164]
 [ 0.92784667  1.75532794  0.83490539  1.00832975  0.9786973 ]]

Method: CudaGlobalMemory          , dims: (3, 3, 3)           , pass(1)/fail(0): 1,	 time (s): 0.0025451183319091797

Method: CudaGlobalMemory          , dims: (3, 3, 5)           , pass(1)/fail(0): 1,	 time (s): 0.0024204254150390625

Method: CudaGlobalMemory          , dims: (3, 5, 3)           , pass(1)/fail(0): 1,	 time (s): 0.002218961715698242

Method: CudaGlobalMemory          , dims: (3, 5, 5)           , pass(1)/fail(0): 1,	 time (s): 0.0021173954010009766

Method: CudaGlobalMemory          , dims: (5, 3, 3)           , pass(1)/fail(0): 1,	 time (s): 0.0022249221801757812

Method: CudaGlobalMemory          , dims: (5, 3, 5)           , pass(1)/fail(0): 1,	 time (s): 0.0020651817321777344

Method: CudaGlobalMemory          , dims: (5, 5, 3)           , pass(1)/fail(0): 1,	 time (s): 0.0020694732666015625

Method: CudaGlobalMemory          , dims: (5, 5, 5)           , pass(1)/fail(0): 1,	 time (s): 0.0020711421966552734

