Device name: b'Tesla K80'
Compute capability: (3, 7)
Total global memory (GB): 11.173095703125
Free global memory (GB): 11.115966796875
Used global memory (GB): 0.05712890625
Max threads per block: 1024
Max block dimensions: x=1024, y=1024, z=64
Max grid dimensions: x=2147483647, y=65535, z=65535
Max shared memory per block (KB): 48.0
Method: CudaSharedMemoryGeneral   , dims: (2, 2, 2)           , pass(1)/fail(0): 0,	 time (s): 0.0020799636840820312

Method: CudaSharedMemoryGeneral   , dims: (2, 2, 3)           , pass(1)/fail(0): 0,	 time (s): 0.0018575191497802734

Method: CudaSharedMemoryGeneral   , dims: (2, 3, 2)           , pass(1)/fail(0): 0,	 time (s): 0.0019381046295166016

Method: CudaSharedMemoryGeneral   , dims: (2, 3, 3)           , pass(1)/fail(0): 0,	 time (s): 0.0018584728240966797

Method: CudaSharedMemoryGeneral   , dims: (3, 2, 2)           , pass(1)/fail(0): 0,	 time (s): 0.0018854141235351562

Method: CudaSharedMemoryGeneral   , dims: (3, 2, 3)           , pass(1)/fail(0): 0,	 time (s): 0.0020847320556640625

Method: CudaSharedMemoryGeneral   , dims: (3, 3, 2)           , pass(1)/fail(0): 0,	 time (s): 0.0019307136535644531

Method: CudaSharedMemoryGeneral   , dims: (3, 3, 3)           , pass(1)/fail(0): 0,	 time (s): 0.0018343925476074219

Method: CudaSharedMemoryGeneral   , dims: (2, 2, 2)           , pass(1)/fail(0): 0,	 time (s): 0.0021817684173583984

Method: CudaSharedMemoryGeneral   , dims: (2, 2, 3)           , pass(1)/fail(0): 0,	 time (s): 0.002124786376953125

Method: CudaSharedMemoryGeneral   , dims: (2, 3, 2)           , pass(1)/fail(0): 0,	 time (s): 0.0018362998962402344

Method: CudaSharedMemoryGeneral   , dims: (2, 3, 3)           , pass(1)/fail(0): 0,	 time (s): 0.0018780231475830078

Method: CudaSharedMemoryGeneral   , dims: (3, 2, 2)           , pass(1)/fail(0): 0,	 time (s): 0.001936197280883789

Method: CudaSharedMemoryGeneral   , dims: (3, 2, 3)           , pass(1)/fail(0): 0,	 time (s): 0.0018630027770996094

Method: CudaSharedMemoryGeneral   , dims: (3, 3, 2)           , pass(1)/fail(0): 0,	 time (s): 0.0018389225006103516

Method: CudaSharedMemoryGeneral   , dims: (3, 3, 3)           , pass(1)/fail(0): 0,	 time (s): 0.0018351078033447266

Method: CudaSharedMemoryGeneral   , dims: (16, 16, 16)        , pass(1)/fail(0): 0,	 time (s): 0.0018742084503173828

Method: CudaSharedMemoryGeneral   , dims: (16, 16, 17)        , pass(1)/fail(0): 0,	 time (s): 0.0019683837890625

Method: CudaSharedMemoryGeneral   , dims: (16, 17, 16)        , pass(1)/fail(0): 0,	 time (s): 0.002137899398803711

Method: CudaSharedMemoryGeneral   , dims: (16, 17, 17)        , pass(1)/fail(0): 0,	 time (s): 0.0021066665649414062

Method: CudaSharedMemoryGeneral   , dims: (17, 16, 16)        , pass(1)/fail(0): 0,	 time (s): 0.001920938491821289

Method: CudaSharedMemoryGeneral   , dims: (17, 16, 17)        , pass(1)/fail(0): 0,	 time (s): 0.0018737316131591797

Method: CudaSharedMemoryGeneral   , dims: (17, 17, 16)        , pass(1)/fail(0): 0,	 time (s): 0.0019507408142089844

Method: CudaSharedMemoryGeneral   , dims: (17, 17, 17)        , pass(1)/fail(0): 0,	 time (s): 0.001909017562866211

Method: CudaSharedMemoryGeneral   , dims: (16, 16, 16)        , pass(1)/fail(0): 0,	 time (s): 0.0018417835235595703

Method: CudaSharedMemoryGeneral   , dims: (16, 16, 17)        , pass(1)/fail(0): 0,	 time (s): 0.001943349838256836

Method: CudaSharedMemoryGeneral   , dims: (16, 17, 16)        , pass(1)/fail(0): 0,	 time (s): 0.0018448829650878906

Method: CudaSharedMemoryGeneral   , dims: (16, 17, 17)        , pass(1)/fail(0): 0,	 time (s): 0.0018417835235595703

Method: CudaSharedMemoryGeneral   , dims: (17, 16, 16)        , pass(1)/fail(0): 0,	 time (s): 0.002154827117919922

Method: CudaSharedMemoryGeneral   , dims: (17, 16, 17)        , pass(1)/fail(0): 0,	 time (s): 0.0021843910217285156

Method: CudaSharedMemoryGeneral   , dims: (17, 17, 16)        , pass(1)/fail(0): 0,	 time (s): 0.0028235912322998047

Method: CudaSharedMemoryGeneral   , dims: (17, 17, 17)        , pass(1)/fail(0): 0,	 time (s): 0.0018641948699951172

