Device name: b'Tesla K80'
Compute capability: (3, 7)
Total global memory (GB): 11.173095703125
Free global memory (GB): 11.115966796875
Used global memory (GB): 0.05712890625
Max threads per block: 1024
Max block dimensions: x=1024, y=1024, z=64
Max grid dimensions: x=2147483647, y=65535, z=65535
Max shared memory per block (KB): 48.0
FAILED! Dimensions:  (16, 16, 17)  Method:  CudaSharedMemory
Result:
 [[ 3.93395758  3.93620896  3.4569838   4.17883396  3.70073438  2.84769678
   2.85370255  3.51386595  2.4312284   3.49938631  3.74503541  3.32594061
   3.76298261  3.14648628  3.72650337  3.02285385]
 [ 4.71034336  4.37997341  4.08991337  4.0434761   4.15577888  4.02949715
   3.56145358  3.24134946  3.12666774  4.1096735   4.4581027   4.22142696
   3.55926228  4.16262865  4.09968901  4.23523235]
 [ 4.14867687  4.35176134  4.00673056  4.44891167  4.07580662  3.04478955
   4.08093119  3.3025012   2.45038128  3.96372175  4.54756165  3.39234447
   3.56634307  3.22425413  3.61731124  3.06552696]
 [ 5.79978228  5.19009256  4.87380505  5.96173525  5.16716337  3.45915818
   4.21243811  4.2950201   3.32631683  4.78149462  4.27805758  4.59402514
   6.01623869  4.20184374  4.76532221  4.72655249]
 [ 4.2056551   3.77046156  3.75713277  3.5679965   4.0319109   2.88524151
   2.46619654  2.97379088  2.53444314  2.96467328  3.16981006  3.46267533
   3.63160968  3.08350277  3.5811491   3.64760137]
 [ 5.05913067  4.87112474  3.94912505  4.11196947  4.63201904  3.85623908
   3.64567757  3.90029287  2.97552252  4.15664577  4.50350904  3.84118271
   4.5817728   3.78975868  4.20880461  3.52092028]
 [ 4.3740077   4.42850208  4.00354433  4.3481164   4.06363821  3.38819528
   3.46207166  3.79541349  2.95911932  4.13692951  4.13400793  3.92946029
   3.70986915  4.163661    4.1340313   3.91151333]
 [ 6.07899666  6.26161003  5.12299871  6.28823233  5.16206741  4.74317026
   4.60610628  5.02335882  4.02972841  5.46460867  5.55772829  5.38089752
   5.4394083   5.1994462   5.39387655  5.73498011]
 [ 5.25722885  4.60822105  4.92506838  4.84150124  4.11167574  3.69595003
   4.22803068  3.83843303  3.1238203   4.63008642  4.47259903  4.0593729
   3.64056277  4.55553722  4.02625275  4.39140606]
 [ 4.48861027  4.59650278  4.56351757  4.29168987  4.65158606  2.87988544
   4.28741407  2.88942122  2.65023971  4.26733303  4.4046607   3.93578935
   3.74646211  3.11255217  4.13358355  3.92090607]
 [ 3.52718449  4.47515488  3.21297812  3.6983645   2.84767246  3.47758555
   3.2881062   3.52303147  2.94718146  3.72403455  4.65074968  2.89854789
   3.76395917  2.97763443  4.1830225   3.3274014 ]
 [ 5.70783043  5.70879269  4.46707392  4.91702509  5.12709045  4.55920267
   3.75660539  4.33215809  3.63037848  4.70909405  4.90629435  4.72853947
   5.20141697  4.6128459   4.69103384  4.85515976]
 [ 5.7111001   4.80423689  4.96966648  5.5848217   4.89620733  3.69546652
   4.57570744  3.67338514  3.32505774  4.49774265  4.86245155  4.57381296
   4.71390438  3.84753418  4.76489449  4.56456232]
 [ 6.02504444  5.02210236  5.04641294  5.62268305  4.82343817  3.89930058
   4.59218073  4.36657906  3.78466916  4.97656393  4.76172304  4.823174
   5.40526342  4.75616264  5.18971682  4.90467596]
 [ 5.73674774  5.02533722  5.20692682  5.53502893  5.66748571  3.47399259
   4.68887758  4.21275949  2.75039959  4.64205313  4.55669546  4.27764654
   4.62461376  4.07443762  3.78669715  4.19259787]
 [ 3.75354791  3.36119413  3.49131942  3.87678599  3.32823873  3.02342844
   2.22033858  3.28944612  2.06517792  3.32155204  3.19707203  3.192554
   3.24539948  3.23808908  2.88528824  3.15345073]]
Expected:
 [[ 4.19564533  4.0510726   3.7501204   4.3328495   3.81929517  2.8937099
   2.86954665  3.5929451   2.48820853  3.51707792  3.90106869  3.53239846
   3.96949744  3.32162929  3.78975296  3.19396257]
 [ 5.08893967  4.54615211  4.51400852  4.26629829  4.32730627  4.09606647
   3.58437586  3.35575724  3.20910382  4.13526869  4.68384361  4.52011967
   3.85803747  4.41601658  4.19119549  4.48278379]
 [ 4.87810755  4.6719327   4.82382202  4.87821627  4.40628338  3.17304659
   4.12509489  3.52292705  2.60920858  4.0130353   4.98249006  3.9678266
   4.14198399  3.71244884  3.79361367  3.54247689]
 [ 6.06523657  5.30660915  5.17116117  6.11796761  5.28743076  3.50583339
   4.22851038  4.37523746  3.38411713  4.79944086  4.43633652  4.8034544
   6.22572613  4.37950754  4.82948208  4.90012407]
 [ 4.47209167  3.88740945  4.0555892   3.72480702  4.15262318  2.93208957
   2.48232818  3.05430508  2.59245753  2.9826858   3.32867479  3.6728797
   3.84187222  3.26182413  3.64554644  3.82181525]
 [ 5.27014875  4.9637475   4.18550301  4.23616362  4.72762346  3.89334273
   3.6584537   3.96406031  3.02146983  4.17091179  4.62933016  4.00766516
   4.74830103  3.9309895   4.25980759  3.65889788]
 [ 5.24145508  4.80925369  4.97523928  4.85865021  4.45664549  3.54071999
   3.51459169  4.05754662  3.14799857  4.19557381  4.65122986  4.61383057
   4.39442825  4.74422836  4.3436923   4.47870779]
 [ 6.67578411  6.52355957  5.79150629  6.6394701   5.43244886  4.84810448
   4.64223909  5.2037015   4.15967369  5.50495481  5.91356707  5.8517313
   5.91037178  5.59886551  5.53811932  6.12519932]
 [ 5.94172192  4.90866756  5.69182205  5.24435759  4.42179346  3.81630564
   4.26947355  4.04527903  3.27286267  4.67636204  4.88073301  4.59940147
   4.18074083  5.01365614  4.19169378  4.83897305]
 [ 5.00149488  4.82162476  5.13803911  4.59354687  4.88395452  2.97006679
   4.31846714  3.04440928  2.76191592  4.30200672  4.71047211  4.34042788
   4.15121269  3.45581651  4.2575469   4.25626373]
 [ 3.77226377  4.58272839  3.4875102   3.84260511  2.95870852  3.52067828
   3.30294466  3.59709167  3.00054526  3.74060321  4.79687977  3.09190249
   3.95736718  3.14166164  4.24225807  3.48765039]
 [ 6.34860134  5.99004841  5.18485069  5.29414892  5.41739893  4.67187071
   3.79540133  4.52579212  3.7699008   4.75241375  5.28835869  5.23407364
   5.70709085  5.04170227  4.84590721  5.27413797]
 [ 5.85654259  4.86807632  5.13258791  5.6704216   4.96210194  3.72104001
   4.58451319  3.71733618  3.35672665  4.50757551  4.9491725   4.68855953
   4.82868242  3.94487619  4.80004787  4.65966225]
 [ 6.76153231  5.34537125  5.87140989  6.0561409   5.1571126   4.02879858
   4.63677168  4.58913755  3.94503307  5.02635479  5.20085955  5.40422392
   5.98647404  5.24908066  5.3677249   5.38624048]
 [ 6.30229282  5.27357388  5.84043789  5.86787891  5.92371273  3.5734334
   4.72311878  4.38366127  2.87354231  4.68028736  4.89390612  4.72383213
   5.07092237  4.45294714  3.92338872  4.5623889 ]
 [ 4.60781574  3.73616076  4.44825125  4.37956333  3.71527481  3.17363596
   2.27206063  3.54759645  2.25118732  3.37930536  3.70643568  3.86652637
   3.91955805  3.80983543  3.09176373  3.71202779]]
Difference:
 [[-0.26168776 -0.11486363 -0.2931366  -0.15401554 -0.11856079 -0.04601312
  -0.01584411 -0.07907915 -0.05698013 -0.01769161 -0.15603328 -0.20645785
  -0.20651484 -0.175143   -0.06324959 -0.17110872]
 [-0.37859631 -0.1661787  -0.42409515 -0.22282219 -0.17152739 -0.06656933
  -0.02292228 -0.11440778 -0.08243608 -0.02559519 -0.22574091 -0.2986927
  -0.2987752  -0.25338793 -0.09150648 -0.24755144]
 [-0.72943068 -0.32017136 -0.81709146 -0.4293046  -0.33047676 -0.12825704
  -0.0441637  -0.22042584 -0.1588273  -0.04931355 -0.43492842 -0.57548213
  -0.57564092 -0.4881947  -0.17630243 -0.47694993]
 [-0.26545429 -0.11651659 -0.29735613 -0.15623236 -0.12026739 -0.04667521
  -0.01607227 -0.08021736 -0.05780029 -0.01794624 -0.15827894 -0.20942926
  -0.20948744 -0.1776638  -0.06415987 -0.17357159]
 [-0.26643658 -0.11694789 -0.29845643 -0.15681052 -0.12071228 -0.04684806
  -0.01613164 -0.08051419 -0.05801439 -0.01801252 -0.15886474 -0.21020436
  -0.21026254 -0.17832136 -0.06439734 -0.17421389]
 [-0.21101809 -0.09262276 -0.23637795 -0.12419415 -0.09560442 -0.03710365
  -0.01277614 -0.06376743 -0.04594731 -0.01426601 -0.12582111 -0.16648245
  -0.16652822 -0.14123082 -0.05100298 -0.1379776 ]
 [-0.86744738 -0.38075161 -0.97169495 -0.51053381 -0.39300728 -0.15252471
  -0.05252004 -0.26213312 -0.18887925 -0.05864429 -0.51722193 -0.68437028
  -0.68455911 -0.58056736 -0.20966101 -0.56719446]
 [-0.59678745 -0.26194954 -0.66850758 -0.35123777 -0.27038145 -0.10493422
  -0.03613281 -0.18034267 -0.12994528 -0.04034615 -0.35583878 -0.47083378
  -0.47096348 -0.39941931 -0.14424276 -0.39021921]
 [-0.68449306 -0.30044651 -0.76675367 -0.40285635 -0.31011772 -0.12035561
  -0.04144287 -0.206846   -0.14904237 -0.04627562 -0.40813398 -0.54002857
  -0.54017806 -0.45811892 -0.16544104 -0.44756699]
 [-0.51288462 -0.22512197 -0.57452154 -0.30185699 -0.23236847 -0.09018135
  -0.03105307 -0.15498805 -0.11167622 -0.03467369 -0.30581141 -0.40463853
  -0.40475059 -0.34326434 -0.12396336 -0.33535767]
 [-0.24507928 -0.10757351 -0.27453208 -0.14424062 -0.11103606 -0.04309273
  -0.01483846 -0.0740602  -0.0533638  -0.01656866 -0.14613008 -0.19335461
  -0.19340801 -0.16402721 -0.05923557 -0.16024899]
 [-0.64077091 -0.28125572 -0.71777678 -0.37712383 -0.29030848 -0.11266804
  -0.03879595 -0.19363403 -0.13952231 -0.0433197  -0.38206434 -0.50553417
  -0.50567389 -0.42885637 -0.15487337 -0.41897821]
 [-0.14544249 -0.06383944 -0.16292143 -0.0855999  -0.0658946  -0.02557349
  -0.00880575 -0.04395103 -0.0316689  -0.00983286 -0.08672094 -0.11474657
  -0.11477804 -0.09734201 -0.03515339 -0.09509993]
 [-0.73648787 -0.32326889 -0.82499695 -0.43345785 -0.33367443 -0.129498
  -0.04459095 -0.2225585  -0.16036391 -0.04979086 -0.43913651 -0.58104992
  -0.58121061 -0.49291801 -0.17800808 -0.48156452]
 [-0.56554508 -0.24823666 -0.63351107 -0.33284998 -0.25622702 -0.09944081
  -0.0342412  -0.17090178 -0.12314272 -0.03823423 -0.33721066 -0.44618559
  -0.44630861 -0.37850952 -0.13669157 -0.36979103]
 [-0.85426784 -0.37496662 -0.95693183 -0.50277734 -0.38703609 -0.15020752
  -0.05172205 -0.25815034 -0.18600941 -0.05775332 -0.50936365 -0.67397237
  -0.67415857 -0.57174635 -0.2064755  -0.55857706]]

FAILED! Dimensions:  (16, 17, 16)  Method:  CudaSharedMemory
Result:
 [[  4.00491333   4.14897013   4.63048649   4.27677298   5.31459236
    3.94129992   3.7362957    4.43628025   3.97467518   2.71234846
    3.92166853   4.59806013   3.21138573   3.82797194   4.84134054
    4.30390358   4.00491333]
 [  9.61820698   9.03970718   9.73621559  10.39617729   8.89027214
    7.25438881   8.89443016   7.94344902   7.26194096   6.84455824
    9.23164368   7.69110155   7.87132645   9.1354723    9.12828541
    4.43434286   5.46923685]
 [  9.17100525   9.09298992  10.3701725    9.06923008   9.35295296
    8.64722633   8.12844276   8.88719368   6.5615449    7.83315659
    8.46303844   8.80938339   7.5861721    8.56809235   8.6720047
    4.59963894   4.76178503]
 [  7.38755608   9.30452728   8.49867058  10.1692028    8.50171947
    7.60271931   7.3295331    7.52422333   7.40616703   6.20172215
    8.93970013   6.78057623   7.59392357   7.61782932   8.59006023
    3.61114383   3.75400877]
 [  8.13638115   8.36510277   9.0976181    8.99194431   8.26987362
    6.15872335   7.38393307   7.99984694   6.78044224   6.37042236
    7.57908773   7.70047188   6.63321304   7.45287228   7.52004242
    4.3665061    4.12044144]
 [  8.21727371   7.61101055   9.04471588   8.66035271   7.64348412
    6.22606754   7.30054188   8.22066879   5.41591263   6.67615509
    7.57734489   7.34884071   6.19146442   6.80917072   7.59138012
    3.58286548   4.23058462]
 [  6.43940592   7.03122425   8.04394341   8.0313158    6.64777279
    6.53260708   7.31025028   6.20574665   5.75986385   5.78857613
    7.4959445    5.91184282   5.75464487   6.52081108   7.00370502
    3.57224989   3.59167171]
 [  6.68727779   7.69139957   8.64800453   7.92078876   8.06685829
    7.10634947   6.88650036   7.16539955   5.33859777   6.21232319
    6.99820995   6.85815144   6.68614388   6.99077034   7.17833233
    3.59210277   4.02146816]
 [  8.12848186   8.58852482   8.57335949   8.98372841   8.18645859
    7.46407986   7.21255589   6.83327866   6.61598492   6.32961464
    7.27864075   7.14780998   7.01306248   6.96693325   7.71757221
    3.4476707    4.64749527]
 [  7.04187679   8.24469566   7.96406078   7.95589256   8.40704632
    6.43352604   6.48191547   7.43557835   6.31122494   5.81893253
    6.95269108   7.00068426   6.48353481   7.10566378   6.8656168
    3.88653278   3.54673266]
 [  8.69596672   7.92700434   8.53247261   9.81557083   8.12378311
    7.10037708   8.19819355   7.71255398   6.88855934   5.79518414
    8.30870152   8.07378387   6.44715071   7.29095745   8.37652779
    4.83584404   5.02391148]
 [  8.28191948   9.25678062  10.31725597   9.7381134    9.29658127
    8.22348118   7.69242096   8.82214737   6.90134239   7.29200363
    9.60310364   7.53154755   7.29749966   8.35736656   8.89774609
    4.40107965   4.37678719]
 [  8.02111149   8.21154785   9.19979477   8.84528351   8.14268589
    7.34779882   8.1249218    8.12305069   5.96621943   7.31279182
    7.92431355   7.01383972   6.99000835   7.31673241   7.86547756
    3.97561741   4.07264328]
 [  6.33771706   7.83256817   8.01945019   8.52229691   7.59667683
    6.96589661   7.12598324   7.13602734   6.29927063   6.17235088
    7.30866241   6.99100637   6.3915329    6.60922623   7.82273579
    3.83167744   3.47073698]
 [  7.9910841    7.61567688   8.91727543   8.10591316   8.89219093
    6.94035673   7.83797359   8.19562054   5.61646318   6.65090656
    8.00543022   8.18540859   5.64416742   7.39690351   7.730124
    4.05328321   4.53187132]
 [  7.90079594   9.21183205   9.02921295  10.45775604   9.06072044
    8.06580067   8.69443703   7.88810635   7.85964298   6.72237587
    9.98831177   6.80232334   7.20395184   8.11280346   8.69508457
    4.7725687    4.58123493]]
Expected:
 [[ 4.00491333  4.14897013  4.63048649  4.27677298  5.31459236  3.94129992
   3.7362957   4.43628025  3.97467518  2.71234846  3.92166853  4.59806013
   3.21138573  3.82797194  4.84134054  4.30390358  4.17388439]
 [ 5.46923685  4.40922022  5.45944262  5.08158541  4.9489727   3.51809287
   4.45814991  3.9687736   4.54959249  2.92288971  4.63358307  4.47971582
   4.04335451  4.29413176  4.82438183  4.43434286  5.17175961]
 [ 4.76178503  3.63354731  5.28858709  4.12025738  5.83486032  4.1890769
   4.1596694   4.33760166  3.63865519  3.19957328  3.98332238  4.7660284
   3.29204035  3.74371028  4.23766184  4.59963894  4.65280151]
 [ 3.75400877  4.01593971  4.37841368  4.334342    4.31264257  3.44305015
   2.99193144  3.88556814  4.20659351  2.21839952  4.17367172  3.48853588
   3.85021329  3.38016772  3.99042106  3.61114383  4.40906906]
 [ 4.12044144  3.98668957  4.7632761   4.67930174  4.82682323  3.16679192
   3.49836493  3.79325342  4.56204271  2.1967504   4.09055185  3.85025883
   3.25304532  3.46245146  3.90889883  4.3665061   4.15138817]
 [ 4.23058462  2.84773421  4.36541414  3.83352995  4.4766922   2.72770286
   3.50728846  3.65862608  3.21916223  2.585603    3.72708607  4.09579563
   2.72901297  2.90027189  3.22487426  3.58286548  3.58357406]
 [ 3.59167171  2.66580987  4.21041298  3.55462337  3.92007017  3.02531862
   3.65162396  2.98658419  3.17426109  2.06148982  3.40014887  3.18282986
   2.85437298  3.29593658  3.42083979  3.57224989  3.95729542]
 [ 4.02146816  3.4809866   5.09338093  4.00071859  5.04153919  3.4547255
   3.89991593  3.99113822  3.27710795  2.81217432  3.81538033  4.00377846
   3.39020729  3.56993079  3.6060822   3.59210277  4.42248487]
 [ 4.64749527  3.49514413  4.5726409   3.94218874  4.73173285  3.56416368
   3.22141743  3.55617094  3.8038106   2.5142343   3.27486253  3.75760245
   3.44313192  3.36085081  4.12546921  3.4476707   4.35578108]
 [ 3.54673266  3.67205524  4.02187204  3.22415972  4.84288263  3.21210885
   2.9257443   3.63176799  3.79699063  2.54406977  3.19508862  3.55755234
   3.122684    2.98019457  3.4179461   3.88653278  3.70346546]
 [ 5.02391148  3.90513229  5.30831242  4.97268772  4.91167402  4.17463255
   4.5664258   3.91556311  4.34448957  2.60009551  4.75114918  4.9510994
   3.46695614  3.87301135  4.48999453  4.83584404  4.96172428]
 [ 4.37678719  3.94846821  5.34456825  4.82643938  5.12194872  3.65705514
   3.77685761  4.47765732  4.30124664  2.54085445  4.65200472  4.06459141
   3.42448831  3.8673718   4.06190205  4.40107965  4.41967297]
 [ 4.07264328  2.86697984  4.37335539  3.72333455  4.48563051  3.57094121
   3.64726424  3.82180452  3.42536497  2.66078711  3.85972238  3.58935118
   3.1226368   3.2548306   3.46439815  3.97561741  3.93935061]
 [ 3.47073698  3.45921278  4.29611588  4.03666687  4.02573538  3.31863236
   3.30417871  3.71066213  3.63848329  2.31262851  3.71931148  3.86836958
   3.13670206  3.14482808  3.84711838  3.83167744  3.92147613]
 [ 4.53187132  3.319561    4.88060856  4.08017826  5.57355881  3.63617802
   4.12731171  4.55713749  3.30383468  2.93159533  4.13706017  5.04870653
   2.49933934  3.54978514  3.89844656  4.05328321  3.82057714]
 [ 4.58123493  4.33122301  4.94903517  4.88419676  5.42454195  3.93848872
   4.13729906  4.58427191  4.92804766  2.58531594  4.93960524  4.30298376
   3.6541667   4.2143569   4.64180136  4.7725687   4.50602245]]
Difference:
 [[ 0.          0.          0.          0.          0.          0.          0.
   0.          0.          0.          0.          0.          0.          0.
   0.          0.         -0.16897106]
 [ 4.14897013  4.63048697  4.27677298  5.31459188  3.94129944  3.73629594
   4.43628025  3.97467542  2.71234846  3.92166853  4.59806061  3.21138573
   3.82797194  4.84134054  4.30390358  0.          0.29747725]
 [ 4.40922022  5.45944262  5.08158541  4.9489727   3.51809263  4.45814943
   3.96877337  4.54959202  2.92288971  4.63358307  4.4797163   4.04335499
   4.29413176  4.82438183  4.43434286  0.          0.10898352]
 [ 3.63354731  5.28858757  4.1202569   5.8348608   4.1890769   4.15966892
   4.33760166  3.63865519  3.19957352  3.98332262  4.7660284   3.29204035
   3.74371028  4.23766136  4.59963894  0.         -0.65506029]
 [ 4.01593971  4.3784132   4.334342    4.31264257  3.44305038  2.99193144
   3.88556814  4.20659351  2.21839952  4.17367172  3.48853588  3.85021305
   3.38016772  3.99042082  3.61114359  0.         -0.03094673]
 [ 3.98668909  4.7632761   4.67930174  4.82682276  3.16679192  3.49836469
   3.79325342  4.56204271  2.1967504   4.09055233  3.85025883  3.25304508
   3.46245146  3.90889883  4.36650562  0.          0.64701056]
 [ 2.84773421  4.36541462  3.83353043  4.4766922   2.72770262  3.50728846
   3.65862632  3.21916246  2.58560276  3.72708631  4.09579563  2.72901297
   2.90027189  3.2248745   3.58286524  0.         -0.36562371]
 [ 2.66580963  4.21041298  3.5546236   3.92007017  3.0253191   3.65162396
   2.98658442  3.17426133  2.06148982  3.40014887  3.18282962  2.85437298
   3.29593658  3.42083955  3.57225013  0.         -0.40101671]
 [ 3.4809866   5.09338093  4.00071859  5.04153967  3.45472574  3.89991617
   3.99113846  3.27710772  2.81217432  3.81538033  4.00377846  3.39020753
   3.56993055  3.60608244  3.592103    0.          0.29171419]
 [ 3.49514413  4.57264042  3.94218874  4.73173285  3.56416368  3.22141719
   3.55617118  3.80381036  2.5142343   3.27486277  3.75760245  3.44313192
   3.36085081  4.12546921  3.4476707   0.         -0.1567328 ]
 [ 3.67205524  4.02187204  3.22416019  4.84288311  3.21210909  2.92574453
   3.63176775  3.79699087  2.54406977  3.19508862  3.55755234  3.12268448
   2.98019457  3.4179461   3.88653326  0.          0.06218719]
 [ 3.90513229  5.30831242  4.97268772  4.91167402  4.17463255  4.56642628
   3.91556334  4.34449005  2.60009575  4.75114918  4.95109892  3.46695614
   3.87301135  4.489995    4.83584404  0.         -0.04288578]
 [ 3.94846821  5.34456825  4.82643938  5.1219492   3.65705538  3.77685761
   4.47765732  4.30124617  2.54085445  4.65200472  4.06459141  3.42448854
   3.86737156  4.06190205  4.40107918  0.          0.13329268]
 [ 2.86698008  4.37335539  3.72333431  4.48563004  3.57094145  3.64726424
   3.82180452  3.42536521  2.66078734  3.85972238  3.58935094  3.1226368
   3.25483084  3.46439815  3.97561741  0.         -0.45073915]
 [ 3.45921278  4.29611588  4.03666687  4.0257349   3.31863213  3.30417871
   3.71066189  3.63848305  2.31262851  3.71931124  3.86837006  3.13670206
   3.14482808  3.84711838  3.83167744  0.          0.71129417]
 [ 3.319561    4.88060904  4.08017778  5.57355928  3.63617849  4.12731171
   4.55713797  3.30383444  2.93159533  4.13706017  5.04870653  2.49933958
   3.54978514  3.89844656  4.05328321  0.          0.07521248]]

FAILED! Dimensions:  (16, 17, 17)  Method:  CudaSharedMemory
Result:
 [[ 3.67945623  2.88166761  4.77186728  3.06718588  3.7086482   2.44060206
   4.34856367  3.78579259  3.38738942  3.02940631  3.66589212  4.71947432
   2.06626892  4.17539644  2.94838905  3.77342415  3.67945623]
 [ 2.88166761  4.77186728  3.06718588  3.7086482   2.44060206  4.34856367
   3.78579259  3.38738942  3.02940631  3.66589212  4.71947432  2.06626892
   4.17539644  2.94838905  3.77342415  5.48673534  4.48394394]
 [ 4.40223837  6.50090933  3.98614907  4.71330547  3.95676279  5.58534098
   5.11227417  4.42048693  4.12619448  4.85608387  5.61132002  2.87407684
   6.36311913  3.70450425  5.48673534  4.80992842  3.67239904]
 [ 3.88969851  6.318367    3.96078134  4.39888716  3.58868051  5.65203476
   4.60174417  3.7137177   4.31445026  4.6660099   5.38585901  2.98305702
   5.99166298  3.84347725  4.80992842  4.80282593  3.48591089]
 [ 3.90004206  5.63690281  3.64811039  3.44533896  3.75320101  4.09758186
   4.42952824  3.36816859  3.19811821  4.29436874  3.97841716  2.85555935
   5.20412636  2.94661903  4.80282593  4.64482546  3.50718403]
 [ 4.02468204  5.56655264  3.2932446   3.95579386  3.64490485  4.36734533
   5.07066679  3.36843681  3.62380934  4.118958    4.40787697  3.1059835
   5.65911007  3.13006353  4.64482546  3.7276299   3.57405329]
 [ 3.33303475  5.09156847  3.35898447  3.50138593  3.01185584  4.43488216
   3.7762692   3.80124688  3.4129746   3.64624119  4.29902411  2.04377317
   4.41575432  2.51894951  3.7276299   3.36955667  2.6608429 ]
 [ 2.79549575  4.23700571  2.99766636  3.19982576  2.6081717   3.85971999
   3.67694187  2.5491941   3.03574634  3.48477817  3.69531989  2.38351345
   4.42989159  2.62563825  3.36955667  4.09672594  3.09347606]
 [ 3.14493823  4.24568939  2.94841361  3.24920297  3.03097701  4.0760932
   3.96586299  2.9699769   2.74071598  3.66673589  3.64895701  2.12465167
   4.84328175  3.21123886  4.09672594  4.90444374  4.27952719]
 [ 3.97223687  6.63412333  4.34801674  4.37368584  3.66626358  5.80204058
   4.94785547  4.10003662  3.97865319  4.94466448  5.49348831  3.19031715
   6.2146616   3.75660944  4.90444374  3.11717796  3.20783544]
 [ 2.76407909  3.91086364  2.83958197  2.69985223  2.76561236  3.50691628
   3.71787572  2.19434834  2.27058172  3.02744746  3.37278008  2.51151204
   3.52714944  2.05646825  3.11717796  3.67807984  2.58759212]
 [ 2.72846937  3.79505253  2.84363842  2.85059881  2.77984023  2.9818809
   2.76704073  2.48052788  2.00971246  3.16914845  3.19497371  1.84612584
   3.44832468  2.364856    3.67807984  4.90438318  3.66155338]
 [ 4.60821629  6.04364014  4.16721296  4.18076944  4.27129936  5.63990927
   4.95218086  4.05970573  4.19378281  4.52468681  4.69518137  3.28463984
   5.93579912  3.35341263  4.90438318  4.0892787   3.36346149]
 [ 3.99782157  5.28595114  2.95268941  3.97082543  3.15847301  4.90090322
   4.43811893  4.04815149  4.04098225  4.23453856  4.8239274   2.2464788
   5.61076546  3.2431643   4.0892787   4.42861176  4.17087555]
 [ 3.36449552  5.83155298  3.86158276  4.07755184  3.84213018  5.00001049
   4.12882757  3.65008569  3.89318681  4.34029579  5.10679531  2.61325336
   4.98537254  3.12983918  4.42861176  3.0253756   2.07625914]
 [ 2.44185591  3.79700112  2.29223967  2.50327635  2.1790266   2.95710611
   3.01354074  1.92369258  2.22198701  2.52781987  2.53606939  2.40633821
   3.35206413  2.33442378  3.0253756   4.25127363  3.15325761]]
Expected:
 [[ 3.73350644  3.12441444  4.81971312  3.47495127  4.04794216  2.48238683
   4.73399258  4.0463872   3.82693362  3.47300172  3.89783001  4.77970171
   2.40055704  4.21551514  3.18278456  4.18197489  2.99875021]
 [ 4.58689165  4.86459112  6.59204006  4.76280785  5.35954809  4.0363493
   6.3194561   5.60862112  5.25767374  4.97109747  5.29784918  5.72603321
   3.51078534  6.43953228  4.15095043  6.26488972  5.24151802]
 [ 3.7726109   4.33976412  6.40707588  4.71679974  5.02795553  3.66615176
   6.36664009  5.08490038  4.52865553  5.13689899  5.096035    5.49752378
   3.60284448  6.06604528  4.27805901  5.56740284  4.43468761]
 [ 3.53752398  4.13184309  5.68259144  4.03748894  3.76933336  3.79310179
   4.46563101  4.67837238  3.78789282  3.62171102  4.51584816  4.03592873
   3.17477369  5.24243641  3.1704452   5.19295406  3.93023562]
 [ 3.52525616  4.10584688  5.58255053  3.42958546  4.06924057  3.65887618
   4.49621773  5.15779924  3.51540327  3.77213025  4.19650888  4.42801476
   3.21775627  5.67252445  3.20843625  4.78142881  4.17456627]
 [ 3.66610527  3.74645233  5.17305422  4.053442    4.07923079  3.08301878
   5.09129906  4.22008324  4.54982615  4.16845369  4.04125023  4.40159607
   2.6130929   4.48407984  2.91814423  4.42342472  3.16068077]
 [ 2.73616886  3.13379526  4.30368519  3.56594062  3.67267585  2.66640425
   4.39686537  4.0401144   3.16175604  3.65395427  3.80801392  3.77925444
   2.84938741  4.48580265  2.95229912  3.93892527  3.18934202]
 [ 3.09616661  3.157022    4.24807119  2.96871185  3.26609278  3.03305697
   4.09527969  3.97883511  2.99185705  2.76279783  3.67828155  3.65195513
   2.1412921   4.84527874  3.22290683  4.11706305  3.22167802]
 [ 4.31428051  4.12831926  6.66488743  4.61020327  4.59184647  3.69313049
   6.04986525  5.11541367  4.38265657  4.26387787  5.09379673  5.53221369
   3.40525889  6.24045753  3.90732193  5.16713524  5.02804327]
 [ 3.27569008  3.06882429  3.97092962  3.35149217  3.12580276  2.81806922
   3.99078512  4.04502726  2.74615359  2.82747293  3.31862307  3.44838977
   2.93117833  3.57751489  2.35072923  3.63007379  2.95392823]
 [ 2.64417243  2.98258018  3.84513831  3.27049279  3.20577621  2.82358122
   3.38535309  3.03983474  2.94064856  2.47407413  3.41194415  3.2580204
   2.19606304  3.49032164  2.61022449  4.10575628  2.45902061]
 [ 3.72885966  4.91049767  6.10322046  4.67498398  4.60327625  4.32333183
   6.11986589  5.27668715  4.60704947  4.74617147  4.81350851  4.77017975
   3.70091295  5.98575735  3.64529443  5.41313219  4.73903418]
 [ 3.38720345  4.10445023  5.30696774  3.13180375  4.11986303  3.17682743
   5.07020617  4.55258751  4.24122477  4.23583508  4.33641911  4.8503828
   2.39331746  5.62838793  3.34612441  4.26873779  4.35420847]
 [ 4.23317432  3.6442883   5.88670063  4.33157778  4.46862555  3.89029193
   5.44426012  4.42919207  4.15670919  4.4044795   4.60763025  5.17621422
   2.99855733  5.03161383  3.40000606  4.89951181  3.38387442]
 [ 2.1608274   2.82166386  3.87186217  2.93023992  3.03414416  2.24440432
   3.56015801  3.42127395  2.61141443  2.91604757  2.89071584  2.63030267
   2.92937374  3.41483521  2.70116496  3.66460443  2.83026958]
 [ 3.17566347  3.61848426  4.9894824   3.64240479  3.76542878  3.14759803
   4.91484308  4.24953651  3.32233977  2.96596527  3.69760561  3.90184069
   3.09426284  4.94116306  3.5439589   4.42063236  4.10744667]]
Difference:
 [[ -5.40502071e-02  -2.42746830e-01  -4.78458405e-02  -4.07765388e-01
   -3.39293957e-01  -4.17847633e-02  -3.85428905e-01  -2.60594606e-01
   -4.39544201e-01  -4.43595409e-01  -2.31937885e-01  -6.02273941e-02
   -3.34288120e-01  -4.01186943e-02  -2.34395504e-01  -4.08550739e-01
    6.80706024e-01]
 [ -1.70522404e+00  -9.27238464e-02  -3.52485418e+00  -1.05415964e+00
   -2.91894603e+00   3.12214375e-01  -2.53366351e+00  -2.22123170e+00
   -2.22826743e+00  -1.30520535e+00  -5.78374863e-01  -3.65976429e+00
    6.64611101e-01  -3.49114323e+00  -3.77526283e-01  -7.78154373e-01
   -7.57574081e-01]
 [  6.29627466e-01   2.16114521e+00  -2.42092681e+00  -3.49426270e-03
   -1.07119274e+00   1.91918921e+00  -1.25436592e+00  -6.64413452e-01
   -4.02461052e-01  -2.80815125e-01   5.15285015e-01  -2.62344694e+00
    2.76027465e+00  -2.36154103e+00   1.20867634e+00  -7.57474422e-01
   -7.62288570e-01]
 [  3.52174520e-01   2.18652391e+00  -1.72181010e+00   3.61398220e-01
   -1.80652857e-01   1.85893297e+00   1.36113167e-01  -9.64654684e-01
    5.26557446e-01   1.04429889e+00   8.70010853e-01  -1.05287170e+00
    2.81688929e+00  -1.39895916e+00   1.63948321e+00  -3.90128136e-01
   -4.44324732e-01]
 [  3.74785900e-01   1.53105593e+00  -1.93444014e+00   1.57535076e-02
   -3.16039562e-01   4.38705683e-01  -6.66894913e-02  -1.78963065e+00
   -3.17285061e-01   5.22238493e-01  -2.18091726e-01  -1.57245541e+00
    1.98637009e+00  -2.72590542e+00   1.59438968e+00  -1.36603355e-01
   -6.67382240e-01]
 [  3.58576775e-01   1.82010031e+00  -1.87980962e+00  -9.76481438e-02
   -4.34325933e-01   1.28432655e+00  -2.06322670e-02  -8.51646423e-01
   -9.26016808e-01  -4.94956970e-02   3.66626740e-01  -1.29561257e+00
    3.04601717e+00  -1.35401630e+00   1.72668123e+00  -6.95794821e-01
    4.13372517e-01]
 [  5.96865892e-01   1.95777321e+00  -9.44700718e-01  -6.45546913e-02
   -6.60820007e-01   1.76847792e+00  -6.20596170e-01  -2.38867521e-01
    2.51218557e-01  -7.71307945e-03   4.91010189e-01  -1.73548126e+00
    1.56636691e+00  -1.96685314e+00   7.75330782e-01  -5.69368601e-01
   -5.28499126e-01]
 [ -3.00670862e-01   1.07998371e+00  -1.25040483e+00   2.31113911e-01
   -6.57921076e-01   8.26663017e-01  -4.18337822e-01  -1.42964101e+00
    4.38892841e-02   7.21980333e-01   1.70383453e-02  -1.26844168e+00
    2.28859949e+00  -2.21964049e+00   1.46649837e-01  -2.03371048e-02
   -1.28201962e-01]
 [ -1.16934228e+00   1.17370129e-01  -3.71647382e+00  -1.36100030e+00
   -1.56086946e+00   3.82962704e-01  -2.08400226e+00  -2.14543676e+00
   -1.64194059e+00  -5.97141981e-01  -1.44483972e+00  -3.40756202e+00
    1.43802285e+00  -3.02921867e+00   1.89404011e-01  -2.62691498e-01
   -7.48516083e-01]
 [  6.96546793e-01   3.56529903e+00   3.77087116e-01   1.02219367e+00
    5.40460825e-01   2.98397136e+00   9.57070351e-01   5.50093651e-02
    1.23249960e+00   2.11719155e+00   2.17486525e+00  -2.58072615e-01
    3.28348327e+00   1.79094553e-01   2.55371451e+00  -5.12895823e-01
    2.53907204e-01]
 [  1.19906664e-01   9.28283453e-01  -1.00555634e+00  -5.70640564e-01
   -4.40163851e-01   6.83335066e-01   3.32522631e-01  -8.45486403e-01
   -6.70066833e-01   5.53373337e-01  -3.91640663e-02  -7.46508360e-01
    1.33108640e+00  -1.43385339e+00   5.06953478e-01  -4.27676439e-01
    1.28571510e-01]
 [ -1.00039029e+00  -1.11544514e+00  -3.25958204e+00  -1.82438517e+00
   -1.82343602e+00  -1.34145093e+00  -3.35282516e+00  -2.79615927e+00
   -2.59733701e+00  -1.57702303e+00  -1.61853480e+00  -2.92405391e+00
   -2.52588272e-01  -3.62090135e+00   3.27854156e-02  -5.08749008e-01
   -1.07748079e+00]
 [  1.22101283e+00   1.93918991e+00  -1.13975477e+00   1.04896569e+00
    1.51436329e-01   2.46308184e+00  -1.18025303e-01  -4.92881775e-01
   -4.74419594e-02   2.88851738e-01   3.58762264e-01  -1.56574297e+00
    3.54248166e+00  -2.27497530e+00   1.55825877e+00  -1.79459095e-01
   -9.90746975e-01]
 [ -2.35352755e-01   1.64166284e+00  -2.93401122e+00  -3.60752344e-01
   -1.31015253e+00   1.01061130e+00  -1.00614119e+00  -3.81040573e-01
   -1.15726948e-01  -1.69940948e-01   2.16297150e-01  -2.92973542e+00
    2.61220813e+00  -1.78844953e+00   6.89272642e-01  -4.70900059e-01
    7.87001133e-01]
 [  1.20366812e+00   3.00988913e+00  -1.02794170e-02   1.14731193e+00
    8.07986021e-01   2.75560617e+00   5.68669558e-01   2.28811741e-01
    1.28177238e+00   1.42424822e+00   2.21607947e+00  -1.70493126e-02
    2.05599880e+00  -2.84996033e-01   1.72744679e+00  -6.39228821e-01
   -7.54010439e-01]
 [ -7.33807564e-01   1.78516865e-01  -2.69724274e+00  -1.13912845e+00
   -1.58640218e+00  -1.90491915e-01  -1.90130234e+00  -2.32584381e+00
   -1.10035276e+00  -4.38145399e-01  -1.16153622e+00  -1.49550247e+00
    2.57801294e-01  -2.60673928e+00  -5.18583298e-01  -1.69358730e-01
   -9.54189062e-01]]

FAILED! Dimensions:  (17, 16, 16)  Method:  CudaSharedMemory
Result:
 [[ 4.12372065  4.95022154  4.26679993  3.52136374  4.28595638  4.19764853
   3.89372826  3.88958311  3.04951692  4.18190861  3.99926162  3.91336083
   3.93414593  2.65525675  4.45362282  3.61238623]
 [ 2.94063306  4.06984234  3.22446823  3.1702621   2.56217074  3.39189839
   3.93362188  3.05191326  2.57638597  2.92925715  3.19913721  3.25360107
   3.47910476  2.18730736  3.4573915   3.02367401]
 [ 5.26486492  6.46333647  5.35353518  5.51109505  4.72127914  5.32952023
   5.35527515  4.49135828  4.06501961  5.5207777   4.83192825  6.27627802
   5.46951008  3.72649097  5.83391523  5.60106754]
 [ 4.24797583  4.83178186  4.09903955  4.36293316  3.47202015  3.99193263
   4.40732431  3.13442612  3.25297546  4.17816877  3.94391656  4.9392519
   4.2993784   2.70211911  4.6344595   3.96549726]
 [ 3.41484571  3.88041782  3.41353607  3.44029331  3.07581902  3.85120583
   3.5679915   3.17443895  2.8775332   4.06956577  3.39919353  3.95279741
   3.73927855  2.78786302  4.1269083   3.24667954]
 [ 4.62287998  5.94088364  5.35905218  4.87632942  3.9115994   4.71726656
   4.78414679  3.99663973  3.88145852  4.40282488  3.93472433  5.74769163
   4.68523884  2.81950784  4.86788368  4.94953966]
 [ 4.16572046  4.57212067  4.5402565   4.10299778  3.8328681   4.4562192
   4.07688999  3.75590444  2.34351373  4.63451099  4.82151556  4.53008413
   4.14619398  2.88869643  4.93024778  3.23027873]
 [ 3.05976486  3.9896946   3.33926988  2.93352222  2.59984064  3.32735848
   3.50666118  2.97631764  2.04256725  2.71795726  3.64610553  3.71383047
   3.82638788  2.35049272  3.87334847  3.23193908]
 [ 4.04051065  4.91868544  4.83303976  4.53917408  3.88576078  4.33220434
   4.4499464   3.84409642  3.13712454  4.69224691  4.32783175  4.99257469
   4.38700962  3.38098931  4.8236537   4.22309303]
 [ 5.18022203  6.54026556  5.49508619  5.39398813  4.4526844   5.33332539
   5.70685482  4.85421181  3.6372323   5.51418114  5.77976656  6.17615318
   5.55237293  3.66557479  6.10321426  4.85604095]
 [ 5.69513035  6.28214264  5.09967756  4.92640829  5.01855946  5.26602173
   4.57375669  4.93194342  4.09233475  5.24468851  5.73857117  5.62412548
   5.41220856  3.53266025  6.15533257  4.82056808]
 [ 3.08317876  4.16393471  3.60900497  3.51718903  2.99368143  3.62304091
   3.80332398  2.98606181  2.39100671  2.96492267  3.22008419  3.78706694
   3.62130284  2.17279387  3.47546268  3.33350277]
 [ 4.98326588  6.37053537  5.11169624  5.3495369   4.74063063  5.14279699
   5.30136824  4.11030483  3.53356457  4.45838833  4.41288471  5.28073454
   5.01858759  3.13786483  4.96288729  5.03205538]
 [ 4.19011116  5.31419325  4.28154421  4.67444086  4.20397568  4.48144341
   4.54393005  3.35953593  3.13709521  4.05548429  3.56793499  4.89125061
   4.47672129  2.84688473  4.38507271  4.48230743]
 [ 3.25456905  3.99974442  2.88160586  3.18670297  3.04653239  3.24335527
   3.06057978  2.67738771  2.22326946  3.14389992  2.63479567  3.43312621
   3.0489068   2.1576252   3.3266902   3.30354595]
 [ 4.00431442  5.56453514  4.18688869  4.52698565  3.93232703  4.51086092
   4.72966909  3.857054    2.82031941  4.09636402  4.1205368   4.68174839
   4.55037117  3.0369792   4.38237715  4.12782001]
 [ 4.12372065  4.95022154  4.26679993  3.52136374  4.28595638  4.19764853
   3.89372826  3.88958311  3.04951692  4.18190861  3.99926162  3.91336083
   3.93414593  2.65525675  4.45362282  3.61238623]]
Expected:
 [[ 4.12372065  4.95022154  4.26679993  3.52136374  4.28595638  4.19764853
   3.89372826  3.88958311  3.04951692  4.18190861  3.99926162  3.91336083
   3.93414593  2.65525675  4.45362282  3.61238623]
 [ 2.94063306  4.06984234  3.22446823  3.1702621   2.56217074  3.39189839
   3.93362188  3.05191326  2.57638597  2.92925715  3.19913721  3.25360107
   3.47910476  2.18730736  3.4573915   3.02367401]
 [ 5.26486492  6.46333647  5.35353518  5.51109505  4.72127914  5.32952023
   5.35527515  4.49135828  4.06501961  5.5207777   4.83192825  6.27627802
   5.46951008  3.72649097  5.83391523  5.60106754]
 [ 4.24797583  4.83178186  4.09903955  4.36293316  3.47202015  3.99193263
   4.40732431  3.13442612  3.25297546  4.17816877  3.94391656  4.9392519
   4.2993784   2.70211911  4.6344595   3.96549726]
 [ 3.41484571  3.88041782  3.41353607  3.44029331  3.07581902  3.85120583
   3.5679915   3.17443895  2.8775332   4.06956577  3.39919353  3.95279741
   3.73927855  2.78786302  4.1269083   3.24667954]
 [ 4.62287998  5.94088364  5.35905218  4.87632942  3.9115994   4.71726656
   4.78414679  3.99663973  3.88145852  4.40282488  3.93472433  5.74769163
   4.68523884  2.81950784  4.86788368  4.94953966]
 [ 4.16572046  4.57212067  4.5402565   4.10299778  3.8328681   4.4562192
   4.07688999  3.75590444  2.34351373  4.63451099  4.82151556  4.53008413
   4.14619398  2.88869643  4.93024778  3.23027873]
 [ 3.05976486  3.9896946   3.33926988  2.93352222  2.59984064  3.32735848
   3.50666118  2.97631764  2.04256725  2.71795726  3.64610553  3.71383047
   3.82638788  2.35049272  3.87334847  3.23193908]
 [ 4.04051065  4.91868544  4.83303976  4.53917408  3.88576078  4.33220434
   4.4499464   3.84409642  3.13712454  4.69224691  4.32783175  4.99257469
   4.38700962  3.38098931  4.8236537   4.22309303]
 [ 5.18022203  6.54026556  5.49508619  5.39398813  4.4526844   5.33332539
   5.70685482  4.85421181  3.6372323   5.51418114  5.77976656  6.17615318
   5.55237293  3.66557479  6.10321426  4.85604095]
 [ 5.69513035  6.28214264  5.09967756  4.92640829  5.01855946  5.26602173
   4.57375669  4.93194342  4.09233475  5.24468851  5.73857117  5.62412548
   5.41220856  3.53266025  6.15533257  4.82056808]
 [ 3.08317876  4.16393471  3.60900497  3.51718903  2.99368143  3.62304091
   3.80332398  2.98606181  2.39100671  2.96492267  3.22008419  3.78706694
   3.62130284  2.17279387  3.47546268  3.33350277]
 [ 4.98326588  6.37053537  5.11169624  5.3495369   4.74063063  5.14279699
   5.30136824  4.11030483  3.53356457  4.45838833  4.41288471  5.28073454
   5.01858759  3.13786483  4.96288729  5.03205538]
 [ 4.19011116  5.31419325  4.28154421  4.67444086  4.20397568  4.48144341
   4.54393005  3.35953593  3.13709521  4.05548429  3.56793499  4.89125061
   4.47672129  2.84688473  4.38507271  4.48230743]
 [ 3.25456905  3.99974442  2.88160586  3.18670297  3.04653239  3.24335527
   3.06057978  2.67738771  2.22326946  3.14389992  2.63479567  3.43312621
   3.0489068   2.1576252   3.3266902   3.30354595]
 [ 4.00431442  5.56453514  4.18688869  4.52698565  3.93232703  4.51086092
   4.72966909  3.857054    2.82031941  4.09636402  4.1205368   4.68174839
   4.55037117  3.0369792   4.38237715  4.12782001]
 [ 4.23574495  4.84883165  4.53911591  3.81024766  4.23160505  4.67191458
   4.82009411  4.2414608   2.92280531  4.48069286  4.76802015  4.86750603
   4.64717436  3.55594206  4.86025953  4.05707455]]
Difference:
 [[ 0.          0.          0.          0.          0.          0.          0.
   0.          0.          0.          0.          0.          0.          0.
   0.          0.        ]
 [ 0.          0.          0.          0.          0.          0.          0.
   0.          0.          0.          0.          0.          0.          0.
   0.          0.        ]
 [ 0.          0.          0.          0.          0.          0.          0.
   0.          0.          0.          0.          0.          0.          0.
   0.          0.        ]
 [ 0.          0.          0.          0.          0.          0.          0.
   0.          0.          0.          0.          0.          0.          0.
   0.          0.        ]
 [ 0.          0.          0.          0.          0.          0.          0.
   0.          0.          0.          0.          0.          0.          0.
   0.          0.        ]
 [ 0.          0.          0.          0.          0.          0.          0.
   0.          0.          0.          0.          0.          0.          0.
   0.          0.        ]
 [ 0.          0.          0.          0.          0.          0.          0.
   0.          0.          0.          0.          0.          0.          0.
   0.          0.        ]
 [ 0.          0.          0.          0.          0.          0.          0.
   0.          0.          0.          0.          0.          0.          0.
   0.          0.        ]
 [ 0.          0.          0.          0.          0.          0.          0.
   0.          0.          0.          0.          0.          0.          0.
   0.          0.        ]
 [ 0.          0.          0.          0.          0.          0.          0.
   0.          0.          0.          0.          0.          0.          0.
   0.          0.        ]
 [ 0.          0.          0.          0.          0.          0.          0.
   0.          0.          0.          0.          0.          0.          0.
   0.          0.        ]
 [ 0.          0.          0.          0.          0.          0.          0.
   0.          0.          0.          0.          0.          0.          0.
   0.          0.        ]
 [ 0.          0.          0.          0.          0.          0.          0.
   0.          0.          0.          0.          0.          0.          0.
   0.          0.        ]
 [ 0.          0.          0.          0.          0.          0.          0.
   0.          0.          0.          0.          0.          0.          0.
   0.          0.        ]
 [ 0.          0.          0.          0.          0.          0.          0.
   0.          0.          0.          0.          0.          0.          0.
   0.          0.        ]
 [ 0.          0.          0.          0.          0.          0.          0.
   0.          0.          0.          0.          0.          0.          0.
   0.          0.        ]
 [-0.11202431  0.10138988 -0.27231598 -0.28888392  0.05435133 -0.47426605
  -0.92636585 -0.35187769  0.12671161 -0.29878426 -0.76875854 -0.95414519
  -0.71302843 -0.90068531 -0.40663671 -0.44468832]]

FAILED! Dimensions:  (17, 16, 17)  Method:  CudaSharedMemory
Result:
 [[ 3.82982945  4.43335247  5.36893034  4.23973942  4.18033648  3.63115311
   4.39684486  4.63439274  4.3846941   4.62297106  4.78972197  4.4326067
   5.25354433  3.78954959  3.26785994  3.37603116]
 [ 3.80208254  4.27751589  4.94603443  4.15963221  4.26928282  3.84993529
   4.26112652  5.14061594  4.08528519  5.18829203  4.30841637  4.91547108
   4.70656109  3.73569632  2.80185294  3.51639891]
 [ 2.58825874  2.79107165  3.49622893  3.06051779  2.79497576  2.3793695
   2.90681744  3.48065448  2.58431721  3.06975365  2.83799124  3.15605426
   3.06420565  2.3322041   2.3426528   2.56358576]
 [ 3.50926185  4.47158623  5.04981136  4.61002922  3.9716506   4.05086613
   3.82816315  4.03789949  3.01510382  4.56580496  4.91088867  4.35103941
   4.4740839   3.7528553   3.07929754  3.84547997]
 [ 3.98820758  4.27449417  4.56829453  3.86257195  3.72809529  4.63169718
   3.81953311  3.80143595  3.25774407  4.66817999  4.44340706  4.11191034
   4.91903543  3.44808793  2.75371408  3.36480784]
 [ 3.0720551   3.2182169   3.86896229  3.3315239   3.03619838  2.91145778
   2.87150574  3.52235389  2.6897068   3.47254109  3.63370037  3.63265324
   3.42475057  2.97939825  2.42957377  2.58538389]
 [ 3.31401682  4.31893492  4.1706748   3.81192565  3.55183148  3.45382953
   3.78919792  4.28658342  3.46739268  4.2800169   3.80656672  4.04109287
   4.73139858  2.95368981  2.49695277  3.23879981]
 [ 3.21628857  4.26409483  4.10238409  3.79523826  3.2292881   2.93048501
   3.06094837  3.5072248   2.80724359  3.97968149  4.4192605   3.87190533
   4.25363159  3.01305389  2.3958509   3.24215078]
 [ 3.46424651  4.41452503  4.35416317  3.65812421  3.92667413  3.31962776
   3.76728082  3.41559029  3.80133939  4.79932833  4.90792561  3.44716001
   5.05076885  3.28850126  2.50916767  3.33336353]
 [ 4.03378201  3.67582893  4.25454187  4.3344183   3.10424161  3.81953931
   3.68600893  3.82150555  3.32374954  4.16810989  4.41006947  4.38430834
   3.81976962  3.45980978  3.28259945  3.50088024]
 [ 2.64527321  3.35028315  3.27925825  3.29832697  2.46704149  2.64191937
   2.58162308  2.61803293  2.39980841  3.1067605   3.35433984  3.38824129
   3.42390513  2.29120493  2.05640721  2.46888733]
 [ 3.5735445   5.00008011  6.1472621   5.8090744   4.45843315  4.55727196
   4.956141    6.06897879  4.06525326  5.211483    4.69412565  5.30088377
   4.63412666  4.68018961  3.56313682  4.60744858]
 [ 2.50652099  3.08832669  3.42912912  3.21333909  2.45072532  2.55651426
   2.42174625  2.9129374   2.21141338  2.49509668  3.19777179  2.85784459
   2.89406109  2.74333668  2.27897358  2.53689003]
 [ 3.16551375  4.21764135  5.0135417   4.38113832  3.81984019  3.55087852
   3.59953976  4.55823469  3.08428979  4.23099804  4.2700963   4.04101753
   3.47645664  3.80893922  2.94773912  3.54485965]
 [ 3.80356503  4.33452463  3.94944358  3.5479815   2.99620461  3.42599964
   3.50965762  3.70507002  3.13964415  3.81601501  4.64318991  4.07527828
   4.41750717  3.0146203   2.86504889  3.19220042]
 [ 2.78754282  4.28366089  3.939569    3.29600477  3.44758415  3.32065105
   2.78596783  3.65859938  2.40504122  3.9919064   3.64548135  3.36599684
   3.70072293  3.1043036   1.7998327   2.66759086]
 [ 3.82982945  4.43335247  5.36893034  4.23973942  4.18033648  3.63115311
   4.39684486  4.63439274  4.3846941   4.62297106  4.78972197  4.4326067
   5.25354433  3.78954959  3.26785994  3.37603116]]
Expected:
 [[ 3.82113481  4.05725861  5.19861507  3.85744166  4.13568592  3.56773162
   4.2340064   4.46786165  4.0370059   4.36434317  4.5644455   4.34522343
   4.91974974  3.52768636  3.2168591   3.12929749]
 [ 3.80459237  4.38607883  4.9951973   4.26998615  4.28217173  3.8682425
   4.30813122  5.18868685  4.18564892  5.26294756  4.37344456  4.94069529
   4.80291414  3.81128573  2.81657481  3.58762097]
 [ 2.61068153  3.76099396  3.93546057  4.04643965  2.91012621  2.54292965
   3.32676744  3.91012788  3.48098397  3.73673868  3.41896486  3.38141108
   3.9250412   3.00753284  2.47418046  3.19989657]
 [ 3.51220083  4.59871912  5.10738373  4.73925924  3.98674393  4.07230473
   3.88320827  4.09419298  3.13263464  4.65323019  4.98704004  4.38057804
   4.58691835  3.84137416  3.09653759  3.92888451]
 [ 4.00720835  5.09638834  4.9404912   4.6980238   3.82567167  4.77029514
   4.17539072  4.16536379  4.01756287  5.23337078  4.93571329  4.30287361
   5.64849138  4.02034903  2.86516833  3.90400577]
 [ 3.08036137  3.57751656  4.031672    3.6967504   3.07885504  2.97204733
   3.02707267  3.6814487   3.02186966  3.71962023  3.84891725  3.71613479
   3.74363995  3.22956824  2.47829723  2.8211    ]
 [ 3.33609247  5.27383995  4.60310602  4.78258228  3.66519904  3.6148572
   4.20264578  4.70940733  4.35017586  4.93667459  4.37854481  4.26296043
   5.57890558  3.61856222  2.6264441   3.86525846]
 [ 3.22944474  4.83318043  4.36009598  4.37371111  3.29685068  3.02645111
   3.30734682  3.75921106  3.33334756  4.37102365  4.76013708  4.00412941
   4.75871229  3.40929151  2.47302246  3.6154952 ]
 [ 3.48568296  5.34178591  4.77407551  4.60068035  4.03675985  3.47599387
   4.16875935  3.82617354  4.65856647  5.43697596  5.46334505  3.66260457
   5.87374067  3.93412566  2.63491011  3.94168639]
 [ 4.05313015  4.51276493  4.63355064  5.18516016  3.20360374  3.96067381
   4.04837942  4.19209385  4.0974741   4.74364424  4.91138554  4.57876635
   4.56257582  4.04254389  3.39609337  4.04994631]
 [ 2.6676209   4.31695747  3.71701908  4.28094721  2.58180642  2.80493188
   3.00016665  3.04606819  3.29347229  3.77151179  3.93336797  3.61284351
   4.28185797  2.96427202  2.18749452  3.10306716]
 [ 3.58530378  5.50873661  6.3776083   6.32612181  4.51882172  4.64304781
   5.17637539  6.29420757  4.53549242  5.56127024  4.998806    5.41906786
   5.0855751   5.0343523   3.63211393  4.94114923]
 [ 2.50701952  3.10988879  3.43889356  3.23525691  2.45328522  2.56015038
   2.43108201  2.92248487  2.23134708  2.50992417  3.2106874   2.86285448
   2.91319823  2.75834966  2.28189754  2.55103564]
 [ 3.16834235  4.33999252  5.06894875  4.50550795  3.83436584  3.57151103
   3.65251446  4.61241102  3.19740033  4.315135    4.34338331  4.06944513
   3.58504725  3.8941288   2.96433067  3.62512732]
 [ 3.81926751  5.01375818  4.25703621  4.23841953  3.07684422  3.54054046
   3.80374718  4.00582886  3.76757693  4.28310251  5.05004406  4.23309517
   5.0203476   3.48755074  2.95715737  3.63780689]
 [ 2.80676484  5.11513519  4.31610394  4.14119434  3.54629779  3.46086454
   3.14597344  4.02676916  3.17371631  4.56368494  4.14352608  3.55918598
   4.4386816   3.68323469  1.91258597  3.21307373]
 [ 2.51739168  3.28945804  4.21394014  3.28976965  3.5349648   2.67270732
   3.45420122  3.69326258  3.04462624  3.9227376   3.58613467  3.60837269
   3.7411499   2.7006526   2.38431382  2.5473783 ]]
Difference:
 [[  8.69464874e-03   3.76093864e-01   1.70315266e-01   3.82297754e-01
    4.46505547e-02   6.34214878e-02   1.62838459e-01   1.66531086e-01
    3.47688198e-01   2.58627892e-01   2.25276470e-01   8.73832703e-02
    3.33794594e-01   2.61863232e-01   5.10008335e-02   2.46733665e-01]
 [ -2.50983238e-03  -1.08562946e-01  -4.91628647e-02  -1.10353947e-01
   -1.28889084e-02  -1.83072090e-02  -4.70046997e-02  -4.80709076e-02
   -1.00363731e-01  -7.46555328e-02  -6.50281906e-02  -2.52242088e-02
   -9.63530540e-02  -7.55894184e-02  -1.47218704e-02  -7.12220669e-02]
 [ -2.24227905e-02  -9.69922304e-01  -4.39231634e-01  -9.85921860e-01
   -1.15150452e-01  -1.63560152e-01  -4.19950008e-01  -4.29473400e-01
   -8.96666765e-01  -6.66985035e-01  -5.80973625e-01  -2.25356817e-01
   -8.60835552e-01  -6.75328732e-01  -1.31527662e-01  -6.36310816e-01]
 [ -2.93898582e-03  -1.27132893e-01  -5.75723648e-02  -1.29230022e-01
   -1.50933266e-02  -2.14385986e-02  -5.50451279e-02  -5.62934875e-02
   -1.17530823e-01  -8.74252319e-02  -7.61513710e-02  -2.95386314e-02
   -1.12834454e-01  -8.85188580e-02  -1.72400475e-02  -8.34045410e-02]
 [ -1.90007687e-02  -8.21894169e-01  -3.72196674e-01  -8.35451841e-01
   -9.75763798e-02  -1.38597965e-01  -3.55857611e-01  -3.63927841e-01
   -7.59818792e-01  -5.65190792e-01  -4.92306232e-01  -1.90963268e-01
   -7.29455948e-01  -5.72261095e-01  -1.11454248e-01  -5.39197922e-01]
 [ -8.30626488e-03  -3.59299660e-01  -1.62709713e-01  -3.65226507e-01
   -4.26566601e-02  -6.05895519e-02  -1.55566931e-01  -1.59094810e-01
   -3.32162857e-01  -2.47079134e-01  -2.15216875e-01  -8.34815502e-02
   -3.18889380e-01  -2.50169992e-01  -4.87234592e-02  -2.35716105e-01]
 [ -2.20756531e-02  -9.54905033e-01  -4.32431221e-01  -9.70656633e-01
   -1.13367558e-01  -1.61027670e-01  -4.13447857e-01  -4.22823906e-01
   -8.82783175e-01  -6.56657696e-01  -5.71978092e-01  -2.21867561e-01
   -8.47507000e-01  -6.64872408e-01  -1.29491329e-01  -6.26458645e-01]
 [ -1.31561756e-02  -5.69085598e-01  -2.57711887e-01  -5.78472853e-01
   -6.75625801e-02  -9.59661007e-02  -2.46398449e-01  -2.51986265e-01
   -5.26103973e-01  -3.91342163e-01  -3.40876579e-01  -1.32224083e-01
   -5.05080700e-01  -3.96237612e-01  -7.71715641e-02  -3.73344421e-01]
 [ -2.14364529e-02  -9.27260876e-01  -4.19912338e-01  -9.42556143e-01
   -1.10085726e-01  -1.56366110e-01  -4.01478529e-01  -4.10583258e-01
   -8.57227087e-01  -6.37647629e-01  -5.55419445e-01  -2.15444565e-01
   -8.22971821e-01  -6.45624399e-01  -1.25742435e-01  -6.08322859e-01]
 [ -1.93481445e-02  -8.36935997e-01  -3.79008770e-01  -8.50741863e-01
   -9.93621349e-02  -1.41134501e-01  -3.62370491e-01  -3.70588303e-01
   -7.73724556e-01  -5.75534344e-01  -5.01316071e-01  -1.94458008e-01
   -7.42806196e-01  -5.82734108e-01  -1.13493919e-01  -5.49066067e-01]
 [ -2.23476887e-02  -9.66674328e-01  -4.37760830e-01  -9.82620239e-01
   -1.14764929e-01  -1.63012505e-01  -4.18543577e-01  -4.28035259e-01
   -8.93663883e-01  -6.64751291e-01  -5.79028130e-01  -2.24602222e-01
   -8.57952833e-01  -6.73067093e-01  -1.31087303e-01  -6.34179831e-01]
 [ -1.17592812e-02  -5.08656502e-01  -2.30346203e-01  -5.17047405e-01
   -6.03885651e-02  -8.57758522e-02  -2.20234394e-01  -2.25228786e-01
   -4.70239162e-01  -3.49787235e-01  -3.04680347e-01  -1.18184090e-01
   -4.51448441e-01  -3.54162693e-01  -6.89771175e-02  -3.33700657e-01]
 [ -4.98533249e-04  -2.15620995e-02  -9.76443291e-03  -2.19178200e-02
   -2.55990028e-03  -3.63612175e-03  -9.33575630e-03  -9.54747200e-03
   -1.99337006e-02  -1.48274899e-02  -1.29156113e-02  -5.00988960e-03
   -1.91371441e-02  -1.50129795e-02  -2.92396545e-03  -1.41456127e-02]
 [ -2.82859802e-03  -1.22351170e-01  -5.54070473e-02  -1.24369621e-01
   -1.45256519e-02  -2.06325054e-02  -5.29747009e-02  -5.41763306e-02
   -1.13110542e-01  -8.41369629e-02  -7.32870102e-02  -2.84276009e-02
   -1.08590603e-01  -8.51895809e-02  -1.65915489e-02  -8.02676678e-02]
 [ -1.57024860e-02  -6.79233551e-01  -3.07592630e-01  -6.90438032e-01
   -8.06396008e-02  -1.14540815e-01  -2.94089556e-01  -3.00758839e-01
   -6.27932787e-01  -4.67087507e-01  -4.06854153e-01  -1.57816887e-01
   -6.02840424e-01  -4.72930431e-01  -9.21084881e-02  -4.45606470e-01]
 [ -1.92220211e-02  -8.31474304e-01  -3.76534939e-01  -8.45189571e-01
   -9.87136364e-02  -1.40213490e-01  -3.60005617e-01  -3.68169785e-01
   -7.68675089e-01  -5.71778536e-01  -4.98044729e-01  -1.93189144e-01
   -7.37958670e-01  -5.78931093e-01  -1.12753272e-01  -5.45482874e-01]
 [  1.31243777e+00   1.14389443e+00   1.15499020e+00   9.49969769e-01
    6.45371675e-01   9.58445787e-01   9.42643642e-01   9.41130161e-01
    1.34006786e+00   7.00233459e-01   1.20358729e+00   8.24234009e-01
    1.51239443e+00   1.08889699e+00   8.83546114e-01   8.28652859e-01]]

FAILED! Dimensions:  (17, 17, 16)  Method:  CudaSharedMemory
Result:
 [[ 3.77491713  2.71313691  2.56330824  3.53776813  3.4911046   3.35088468
   4.63210201  3.99418521  2.49406552  3.68528986  3.43632007  3.15489173
   3.77408886  3.67294812  3.16710567  2.54469705  3.77491713]
 [ 2.71313691  2.56330824  3.53776813  3.4911046   3.35088468  4.63210201
   3.99418521  2.49406552  3.68528986  3.43632007  3.15489173  3.77408886
   3.67294812  3.16710567  2.54469705  3.67337394  3.63366055]
 [ 2.38443303  2.43697715  3.98669887  4.55089617  3.03081131  5.52678204
   4.44027901  2.90684533  3.6205256   4.2235465   4.21742105  3.5413456
   3.24383974  3.69461036  3.67337394  4.05574036  4.81188202]
 [ 3.05929184  3.05995846  4.46157312  4.35178423  3.92651486  5.83544397
   5.33880138  3.52584338  4.57736874  4.63923216  4.42431784  4.54824066
   4.02787113  3.96418309  4.05574036  4.02774715  4.44525051]
 [ 3.55634284  2.732584    4.35467005  3.58924913  3.76173139  5.41258383
   4.78868246  2.91582012  4.51823807  3.87825966  4.22293615  4.38677454
   3.58613992  3.9454      4.02774715  2.91336155  2.77629185]
 [ 2.3852427   2.01654959  2.82879686  2.55765676  2.36598325  3.72341514
   3.25684404  2.43762589  2.70343781  2.70761323  2.50133586  2.99883342
   2.47250319  2.96176147  2.91336155  3.8166678   5.31290245]
 [ 4.14489031  3.2003603   4.79362297  4.31635857  3.9435432   5.85989189
   5.32165289  3.48110676  4.28014135  4.3292222   4.29974461  4.41418886
   4.51308537  4.29969454  3.8166678   2.9718771   2.96584058]
 [ 3.03181386  2.67437506  3.75949335  2.97045755  2.17962289  3.85451865
   3.48841858  2.56187439  3.27084541  3.16875744  3.01498389  4.00760651
   2.78882813  3.16909218  2.9718771   4.18248892  4.10817957]
 [ 3.14500833  3.06864357  4.53347254  4.84294367  3.8106122   6.31554985
   4.76637888  3.18583393  4.21951771  4.66756535  4.76499748  4.31004763
   3.76781058  4.4595747   4.18248892  2.59044528  3.33270288]
 [ 2.44392848  1.80760527  3.16106892  3.12456369  2.85574484  3.91619802
   3.507447    2.28906345  3.44163942  2.84752393  2.89435363  3.19207692
   2.97234368  2.54932165  2.59044528  4.57100487  4.16250372]
 [ 3.81371641  2.56450844  4.7185173   4.05467606  3.19646907  5.80395412
   4.88490152  2.91691828  3.91927195  4.1005373   4.50941229  3.99325037
   3.22951388  4.25709581  4.57100487  4.00387239  3.47169328]
 [ 3.41201091  2.93903065  3.97381163  2.98107743  2.79157567  4.4770689
   3.79340577  2.66279888  3.53201318  3.46177101  3.67229509  4.39797735
   3.24203706  3.67944932  4.00387239  3.57277012  4.22692251]
 [ 2.67907667  2.51401949  3.89174008  3.64659858  3.43683553  5.09176588
   4.63480377  2.55817938  4.53830385  3.83462024  4.14960432  3.96995497
   3.5447433   3.22341824  3.57277012  4.76311827  5.00692701]
 [ 3.35082412  3.37734222  5.03742075  4.39308071  4.11295795  6.53452492
   5.6502862   3.77861953  4.64268589  5.04287004  5.53302002  5.02091265
   3.66241312  4.68679857  4.76311827  3.55602527  4.05877876]
 [ 3.39497972  2.57164145  3.83736825  3.67500281  3.93400383  5.48297453
   4.2434783   2.66411638  3.6770587   3.56461644  3.98690224  3.90894127
   3.33966279  4.45945692  3.55602527  3.18300891  3.87712908]
 [ 3.31220508  2.7476995   3.80009484  3.05720091  2.95804858  4.50416279
   3.64785957  2.52868938  3.25956535  3.45780897  3.71680999  3.38157988
   3.46516609  3.41399479  3.18300891  3.45024824  4.42003489]
 [ 6.93449068  5.54811096  6.88164711  7.32110786  7.39349937  8.66506481
   9.29157829  7.50294971  6.85536766  7.74309063  7.62764645  7.51943874
   7.40314007  7.14312172  6.61735392  2.54469705  3.77491713]]
Expected:
 [[ 3.77491713  2.71313691  2.56330824  3.53776813  3.4911046   3.35088468
   4.63210201  3.99418521  2.49406552  3.68528986  3.43632007  3.15489173
   3.77408886  3.67294812  3.16710567  2.54469705  3.09369659]
 [ 3.63366055  2.38443303  2.43697715  3.98669887  4.55089617  3.03081131
   5.52678204  4.44027901  2.90684533  3.6205256   4.2235465   4.21742105
   3.5413456   3.24383974  3.69461036  3.67337394  3.87664127]
 [ 4.81188202  3.05929184  3.05995846  4.46157312  4.35178423  3.92651486
   5.83544397  5.33880138  3.52584338  4.57736874  4.63923216  4.42431784
   4.54824066  4.02787113  3.96418309  4.05574036  4.32308435]
 [ 4.44525051  3.55634284  2.732584    4.35467005  3.58924913  3.76173139
   5.41258383  4.78868246  2.91582012  4.51823807  3.87825966  4.22293615
   4.38677454  3.58613992  3.9454      4.02774715  3.22655559]
 [ 2.77629185  2.3852427   2.01654959  2.82879686  2.55765676  2.36598325
   3.72341514  3.25684404  2.43762589  2.70343781  2.70761323  2.50133586
   2.99883342  2.47250319  2.96176147  2.91336155  2.8664763 ]
 [ 5.31290245  4.14489031  3.2003603   4.79362297  4.31635857  3.9435432
   5.85989189  5.32165289  3.48110676  4.28014135  4.3292222   4.29974461
   4.41418886  4.51308537  4.29969454  3.8166678   4.32030582]
 [ 2.96584058  3.03181386  2.67437506  3.75949335  2.97045755  2.17962289
   3.85451865  3.48841858  2.56187439  3.27084541  3.16875744  3.01498389
   4.00760651  2.78882813  3.16909218  2.9718771   3.41492224]
 [ 4.10817957  3.14500833  3.06864357  4.53347254  4.84294367  3.8106122
   6.31554985  4.76637888  3.18583393  4.21951771  4.66756535  4.76499748
   4.31004763  3.76781058  4.4595747   4.18248892  4.17691612]
 [ 3.33270288  2.44392848  1.80760527  3.16106892  3.12456369  2.85574484
   3.91619802  3.507447    2.28906345  3.44163942  2.84752393  2.89435363
   3.19207692  2.97234368  2.54932165  2.59044528  2.64222288]
 [ 4.16250372  3.81371641  2.56450844  4.7185173   4.05467606  3.19646907
   5.80395412  4.88490152  2.91691828  3.91927195  4.1005373   4.50941229
   3.99325037  3.22951388  4.25709581  4.57100487  3.79198694]
 [ 3.47169328  3.41201091  2.93903065  3.97381163  2.98107743  2.79157567
   4.4770689   3.79340577  2.66279888  3.53201318  3.46177101  3.67229509
   4.39797735  3.24203706  3.67944932  4.00387239  3.57068133]
 [ 4.22692251  2.67907667  2.51401949  3.89174008  3.64659858  3.43683553
   5.09176588  4.63480377  2.55817938  4.53830385  3.83462024  4.14960432
   3.96995497  3.5447433   3.22341824  3.57277012  2.82853079]
 [ 5.00692701  3.35082412  3.37734222  5.03742075  4.39308071  4.11295795
   6.53452492  5.6502862   3.77861953  4.64268589  5.04287004  5.53302002
   5.02091265  3.66241312  4.68679857  4.76311827  4.66972351]
 [ 4.05877876  3.39497972  2.57164145  3.83736825  3.67500281  3.93400383
   5.48297453  4.2434783   2.66411638  3.6770587   3.56461644  3.98690224
   3.90894127  3.33966279  4.45945692  3.55602527  3.32322407]
 [ 3.87712908  3.31220508  2.7476995   3.80009484  3.05720091  2.95804858
   4.50416279  3.64785957  2.52868938  3.25956535  3.45780897  3.71680999
   3.38157988  3.46516609  3.41399479  3.18300891  3.25072384]
 [ 4.42003489  3.15957355  2.83497405  4.31833887  3.78333974  3.90239477
   5.3141799   4.65947676  3.50876474  4.3613019   4.05780077  4.19132662
   4.36454725  3.62905121  3.47017384  3.45024824  4.02525663]
 [ 3.61539292  2.55095482  2.28253746  3.74897003  2.20388079  2.39437556
   4.00391006  3.80902529  2.36779428  3.04498243  3.46751499  4.09893608
   3.20479965  2.41055465  3.17303848  3.61083174  3.11946869]]
Difference:
 [[  0.00000000e+00   0.00000000e+00   0.00000000e+00   0.00000000e+00
    0.00000000e+00   0.00000000e+00   0.00000000e+00   0.00000000e+00
    0.00000000e+00   0.00000000e+00   0.00000000e+00   0.00000000e+00
    0.00000000e+00   0.00000000e+00   0.00000000e+00   0.00000000e+00
    6.81220531e-01]
 [ -9.20523643e-01   1.78875208e-01   1.10079098e+00  -4.95594263e-01
   -1.20001149e+00   1.60129070e+00  -1.53259683e+00  -1.94621348e+00
    7.78444529e-01  -1.84205532e-01  -1.06865478e+00  -4.43332195e-01
    1.31602526e-01  -7.67340660e-02  -1.14991331e+00   0.00000000e+00
   -2.42980719e-01]
 [ -2.42744899e+00  -6.22314692e-01   9.26740408e-01   8.93230438e-02
   -1.32097292e+00   1.60026717e+00  -1.39516497e+00  -2.43195605e+00
    9.46822166e-02  -3.53822231e-01  -4.21811104e-01  -8.82972240e-01
   -1.30440092e+00  -3.33260775e-01  -2.90809155e-01   0.00000000e+00
    4.88797665e-01]
 [ -1.38595867e+00  -4.96384382e-01   1.72898912e+00  -2.88581848e-03
    3.37265730e-01   2.07371259e+00  -7.37824440e-02  -1.26283908e+00
    1.66154861e+00   1.20994091e-01   5.46058178e-01   3.25304508e-01
   -3.58903408e-01   3.78043175e-01   1.10340357e-01   0.00000000e+00
    1.21869493e+00]
 [  7.80050993e-01   3.47341299e-01   2.33812046e+00   7.60452271e-01
    1.20407462e+00   3.04660058e+00   1.06526732e+00  -3.41023922e-01
    2.08061218e+00   1.17482185e+00   1.51532292e+00   1.88543868e+00
    5.87306499e-01   1.47289681e+00   1.06598568e+00   0.00000000e+00
   -9.01844501e-02]
 [ -2.92765975e+00  -2.12834072e+00  -3.71563435e-01  -2.23596621e+00
   -1.95037532e+00  -2.20128059e-01  -2.60304785e+00  -2.88402700e+00
   -7.77668953e-01  -1.57252812e+00  -1.82788634e+00  -1.30091119e+00
   -1.94168568e+00  -1.55132389e+00  -1.38633299e+00   0.00000000e+00
    9.92596626e-01]
 [  1.17904973e+00   1.68546438e-01   2.11924791e+00   5.56865215e-01
    9.73085642e-01   3.68026900e+00   1.46713424e+00  -7.31182098e-03
    1.71826696e+00   1.05837679e+00   1.13098717e+00   1.39920497e+00
    5.05478859e-01   1.51086640e+00   6.47575617e-01   0.00000000e+00
   -4.49081659e-01]
 [ -1.07636571e+00  -4.70633268e-01   6.90849781e-01  -1.56301498e+00
   -2.66332078e+00   4.39064503e-02  -2.82713127e+00  -2.20450449e+00
    8.50114822e-02  -1.05076027e+00  -1.65258145e+00  -7.57390976e-01
   -1.52121949e+00  -5.98718405e-01  -1.48769760e+00   0.00000000e+00
   -6.87365532e-02]
 [ -1.87694550e-01   6.24715090e-01   2.72586727e+00   1.68187475e+00
    6.86048508e-01   3.45980501e+00   8.50180864e-01  -3.21613073e-01
    1.93045425e+00   1.22592592e+00   1.91747355e+00   1.41569400e+00
    5.75733662e-01   1.48723102e+00   1.63316727e+00   0.00000000e+00
    6.90479994e-01]
 [ -1.71857524e+00  -2.00611115e+00   5.96560478e-01  -1.59395361e+00
   -1.19893122e+00   7.19728947e-01  -2.29650712e+00  -2.59583807e+00
    5.24721146e-01  -1.07174802e+00  -1.20618367e+00  -1.31733537e+00
   -1.02090669e+00  -6.80192232e-01  -1.66665053e+00   0.00000000e+00
    3.70516777e-01]
 [  3.42023134e-01  -8.47502470e-01   1.77948666e+00   8.08644295e-02
    2.15391636e-01   3.01237845e+00   4.07832623e-01  -8.76487494e-01
    1.25647306e+00   5.68524122e-01   1.04764128e+00   3.20955276e-01
   -1.16846347e+00   1.01505876e+00   8.91555548e-01   0.00000000e+00
   -9.89880562e-02]
 [ -8.14911604e-01   2.59953976e-01   1.45979214e+00  -9.10662651e-01
   -8.55022907e-01   1.04023337e+00  -1.29836011e+00  -1.97200489e+00
    9.73833799e-01  -1.07653284e+00  -1.62325144e-01   2.48373032e-01
   -7.27917910e-01   1.34706020e-01   7.80454159e-01   0.00000000e+00
    1.39839172e+00]
 [ -2.32785034e+00  -8.36804628e-01   5.14397860e-01  -1.39082217e+00
   -9.56245184e-01   9.78807926e-01  -1.89972115e+00  -3.09210682e+00
    7.59684324e-01  -8.08065653e-01  -8.93265724e-01  -1.56306505e+00
   -1.47616935e+00  -4.38994884e-01  -1.11402845e+00   0.00000000e+00
    3.37203503e-01]
 [ -7.07954645e-01  -1.76374912e-02   2.46577930e+00   5.55712461e-01
    4.37955141e-01   2.60052109e+00   1.67311668e-01  -4.64858770e-01
    1.97856951e+00   1.36581135e+00   1.96840358e+00   1.03401041e+00
   -2.46528149e-01   1.34713578e+00   3.03661346e-01   0.00000000e+00
    7.35554695e-01]
 [ -4.82149363e-01  -7.40563631e-01   1.08966875e+00  -1.25092030e-01
    8.76802921e-01   2.52492595e+00  -2.60684490e-01  -9.83743191e-01
    1.14836931e+00   3.05051088e-01   5.29093266e-01   1.92131281e-01
   -4.19170856e-02   9.94290829e-01   1.42030478e-01   0.00000000e+00
    6.26405239e-01]
 [ -1.10782981e+00  -4.11874056e-01   9.65120792e-01  -1.26113796e+00
   -8.25291157e-01   6.01768017e-01  -1.66632032e+00  -2.13078737e+00
   -2.49199390e-01  -9.03492928e-01  -3.40990782e-01  -8.09746742e-01
   -8.99381161e-01  -2.15056419e-01  -2.87164927e-01   0.00000000e+00
    3.94778252e-01]
 [  3.31909776e+00   2.99715614e+00   4.59910965e+00   3.57213783e+00
    5.18961859e+00   6.27068901e+00   5.28766823e+00   3.69392443e+00
    4.48757362e+00   4.69810820e+00   4.16013145e+00   3.42050266e+00
    4.19834042e+00   4.73256683e+00   3.44431543e+00  -1.06613469e+00
    6.55448437e-01]]

FAILED! Dimensions:  (17, 17, 17)  Method:  CudaSharedMemory
Result:
 [[ 4.64671183  4.57710123  5.08687496  4.43638611  5.53476191  5.6958642
   5.38328648  4.84229898  4.93530035  5.34969711  3.81448889  6.2056942
   4.68553066  4.49690008  4.39946365  4.76817417  4.64671183]
 [ 4.57710123  5.08687496  4.43638611  5.53476191  5.6958642   5.38328648
   4.84229898  4.93530035  5.34969711  3.81448889  6.2056942   4.68553066
   4.49690008  4.39946365  4.76817417  3.8549726   3.69695139]
 [ 3.83074522  4.44419956  3.19689322  4.30461216  4.58903027  3.11700797
   3.58692527  4.02250767  3.92067075  3.62265921  5.18726921  3.1615622
   3.58362937  2.42952228  3.8549726   3.72782397  3.95087957]
 [ 3.82025814  4.49338675  4.02657175  3.97539544  5.73089218  3.96181655
   4.58284283  4.7847352   5.02262878  3.46514988  4.89530134  3.77100754
   3.96971703  4.56805468  3.72782397  4.35207272  3.92637944]
 [ 3.8649056   4.38659239  3.64863443  4.84213972  4.41419697  4.29235315
   4.28034925  4.18412352  4.98048115  3.88557076  5.78456736  3.61109209
   3.85736012  3.95075965  4.35207272  3.72308755  2.61690974]
 [ 3.90518618  4.54715776  2.89232588  3.9671061   4.52893734  3.88873339
   3.51570988  3.60955334  3.9785192   3.11441565  4.12183809  2.88633394
   3.63594985  3.52931166  3.72308755  4.24137735  3.94290638]
 [ 3.98527193  4.43089533  3.90938449  4.20965004  5.36744595  4.74889946
   4.11227322  4.33658743  5.04796696  3.40717292  5.07315683  4.22827482
   3.56374335  4.01177979  4.24137735  3.72916985  4.20323277]
 [ 3.8930409   4.24394464  3.37349486  3.91433859  4.77945614  3.04600501
   3.88364816  4.19113922  3.81815982  2.97296476  4.54399729  3.07364535
   3.81182957  3.82645178  3.72916985  4.32098436  4.63697815]
 [ 3.38432026  4.43435955  3.54516554  4.12479115  4.68285275  3.3391273
   3.19893837  3.84546685  3.99733186  3.79107642  4.87694311  3.30647874
   3.85532045  3.77963877  4.32098436  3.99429345  3.82422447]
 [ 4.24403238  4.42011595  3.7446208   4.33295727  4.52807951  4.14538383
   3.84673667  4.48847485  5.08095884  3.52038312  5.2329216   3.94489956
   3.42833591  4.15228748  3.99429345  4.93767309  4.51228523]
 [ 4.6078434   5.28123665  4.44332457  5.03490925  5.62991238  4.65710258
   4.80160761  5.03966999  5.1086092   3.98975372  5.57539272  3.82281756
   4.9107008   4.22519875  4.93767309  4.67122555  4.89825773]
 [ 4.02324629  5.03006792  3.90946507  5.21075726  6.11001158  4.53476429
   4.24239874  4.80248451  4.87044573  3.68110633  5.9667182   4.41774511
   4.31933498  4.01756239  4.67122555  3.24987006  3.70058751]
 [ 3.19821763  3.58840108  2.78530955  3.8482492   3.91548181  3.11602116
   3.68570042  3.2932272   3.72023964  3.16579723  3.92106986  3.174124
   3.11793351  3.70210218  3.24987006  3.32879806  3.9756515 ]
 [ 2.61435843  3.29685068  3.26623559  3.73300147  4.63845587  3.35122776
   4.10706282  3.32528281  3.99301672  3.23860693  4.55702257  3.3201611
   3.44814324  3.90006065  3.32879806  2.85218692  3.90375996]
 [ 2.26621628  2.64540267  3.50429773  2.81164742  4.36410379  2.85256958
   3.73584747  3.16986847  3.67174029  2.83863044  4.04992533  2.86040163
   3.00957298  3.1194973   2.85218692  3.04605341  3.51790762]
 [ 2.76157188  3.11259937  2.69905639  3.60192513  3.23793626  2.7240777
   3.07543397  3.44957066  3.08398485  2.71030641  4.14013672  2.91850543
   2.9030056   2.47225404  3.04605341  3.97509623  4.74224663]
 [ 4.11593485  4.26181984  4.03934813  4.28609371  4.90845966  3.51395535
   4.63379478  4.42592621  4.90201378  3.95707703  5.33158493  3.68497705
   3.92595673  4.54456854  3.97509623  4.76817417  4.64671183]]
Expected:
 [[ 3.91712809  4.89271545  5.48667431  4.6899724   5.71900988  6.03235626
   5.54615736  5.18049192  4.95136786  5.37206697  3.85399318  6.57061195
   4.84563208  4.67355013  4.7570982   5.06917238  5.98136187]
 [ 3.24058294  4.25417614  4.98057461  3.53710699  4.5518012   5.04047108
   3.33551717  4.04064846  4.04406452  3.9506824   3.67565846  5.67684603
   3.37635541  3.82062507  2.90932822  4.25879478  3.94681239]
 [ 3.89496493  3.87213707  4.55910397  4.06825495  4.00568104  5.78620291
   3.98858833  4.63843346  4.7873764   5.02630568  3.47164345  4.9552846
   3.79732418  3.99875379  4.62684059  3.7773006   4.49802017]
 [ 3.67244363  4.10051394  4.6850462   3.83793855  4.97968245  4.66539097
   4.41393757  4.53281307  4.19611835  4.99718046  3.915061    6.05698109
   3.73060894  3.98923087  4.21773672  4.57677031  4.89162159]
 [ 2.48623919  4.02642584  4.70073652  2.98973823  4.0378828   4.65819693
   3.95129848  3.64562297  3.61572552  3.98711228  3.12959075  4.26201725
   2.94783497  3.70380807  3.66669297  3.83871269  3.65289187]
 [ 3.56662083  4.3343997   4.87314796  4.18989801  4.41346264  5.73966885
   4.92906523  4.48637772  4.35436153  5.07271242  3.45087194  5.47682333
   4.40537643  3.75915146  4.40739012  4.57433748  4.89604282]
 [ 3.44608045  4.5955472   5.13383436  3.93793702  4.32444525  5.52843332
   3.40852976  4.63641167  4.22690344  3.86795163  3.06089497  5.35624504
   3.43000484  4.20502472  4.62248898  4.3991437   4.26442528]
 [ 3.82719493  4.13565874  5.38610697  4.14884281  4.56340504  5.48389244
   3.72685146  4.00402784  3.8837173   4.05058479  3.88511872  5.74565172
   3.6876092   4.27584696  4.63100958  5.03752899  5.06674957]
 [ 3.63127613  4.42305517  4.64689064  3.88846016  4.43746662  4.71894455
   4.2377677   4.03856659  4.49758863  5.09364748  3.54279065  5.43991041
   4.03571224  3.5285356   4.35514498  4.16502571  4.8641243 ]
 [ 3.88053131  5.19400167  6.02374411  4.91428471  5.37709475  6.25484514
   4.95958662  5.42969942  5.06951141  5.15015459  4.06312084  6.25311708
   4.12015724  5.23877573  4.88939714  5.49668694  5.18445015]
 [ 4.05170155  4.8087039   6.02503538  4.54055595  5.66928911  6.94742727
   4.94009542  5.08404827  4.84247208  4.92611694  3.77941918  6.87487555
   4.81618309  4.75895834  4.90759516  5.42030954  5.86818743]
 [ 3.00910592  3.83979297  4.40110731  3.30079556  4.22278595  4.59949732
   3.44710255  4.37317419  3.32588959  3.76571298  3.2461009   4.6628685
   3.49957514  3.47702527  4.42909622  3.86173463  4.07845163]
 [ 3.47005415  3.0834651   3.89108515  3.64314842  4.00685501  5.13859415
   3.59330773  4.60972977  3.34916496  4.02626562  3.29732323  5.09941053
   3.5581243   3.71070385  4.43162394  3.77618098  4.2964859 ]
 [ 3.32262683  2.80540729  3.32841539  3.93752122  3.12641454  4.93896246
   3.13081622  4.31361246  3.19731855  3.70995688  2.90611911  4.67334604
   3.13391638  3.31136012  3.73047566  3.36640859  3.72508407]
 [ 2.95411062  3.28467774  3.77523637  3.11935592  3.9073019   3.79564571
   2.9940238   3.63596296  3.47620177  3.12106133  2.77578163  4.74495935
   3.18386078  3.19578981  3.06500554  3.54493475  3.80898786]
 [ 4.15744972  4.65852499  4.94913816  4.4753027   4.60284519  5.48694229
   3.79395604  5.21520185  4.45354939  4.94047117  4.02499104  5.95893526
   3.96021605  4.22964621  5.15939856  4.49255943  4.83690643]
 [ 2.97812295  3.76660752  4.64022064  3.64289379  3.84596014  5.0513835
   3.59771156  3.5574069   3.73820424  4.42335129  3.37036562  4.61124182
   3.21261454  3.49740362  2.80635619  4.44665289  3.72553897]]
Difference:
 [[ 0.72958374 -0.31561422 -0.39979935 -0.25358629 -0.18424797 -0.33649206
  -0.16287088 -0.33819294 -0.0160675  -0.02236986 -0.03950429 -0.36491776
  -0.16010141 -0.17665005 -0.35763454 -0.30099821 -1.33465004]
 [ 1.33651829  0.83269882 -0.5441885   1.99765491  1.144063    0.3428154
   1.50678182  0.89465189  1.30563259 -0.13619351  2.53003573 -0.99131536
   1.12054467  0.57883859  1.85884595 -0.40382218 -0.249861  ]
 [-0.06421971  0.57206249 -1.36221075  0.23635721  0.58334923 -2.66919494
  -0.40166306 -0.61592579 -0.86670566 -1.40364647  1.71562576 -1.79372239
  -0.21369481 -1.56923151 -0.77186799 -0.04947662 -0.5471406 ]
 [ 0.14781451  0.39287281 -0.65847445  0.13745689  0.75120974 -0.70357442
   0.16890526  0.25192213  0.82651043 -1.53203058  0.98024035 -2.28597355
   0.23910809  0.5788238  -0.48991275 -0.22469759 -0.96524215]
 [ 1.3786664   0.36016655 -1.05210209  1.85240149  0.37631416 -0.36584377
   0.32905078  0.53850055  1.36475563 -0.10154152  2.65497661 -0.65092516
   0.90952516  0.24695158  0.68537974 -0.11562514 -1.03598213]
 [ 0.33856535  0.21275806 -1.98082209 -0.22279191  0.1154747  -1.85093546
  -1.41335535 -0.87682438 -0.37584233 -1.95829678  0.67096615 -2.59048939
  -0.76942658 -0.2298398  -0.68430257 -0.33296013 -0.95313644]
 [ 0.53919148 -0.16465187 -1.22444987  0.27171302  1.0430007  -0.77953386
   0.70374346 -0.29982424  0.82106352 -0.46077871  2.01226187 -1.12797022
   0.13373852 -0.19324493 -0.38111162 -0.66997385 -0.06119251]
 [ 0.06584597  0.1082859  -2.0126121  -0.23450422  0.2160511  -2.43788743
   0.15679669  0.18711138 -0.06555748 -1.07762003  0.65887856 -2.67200637
   0.12422037 -0.44939518 -0.90183973 -0.71654463 -0.42977142]
 [-0.24695587  0.01130438 -1.1017251   0.23633099  0.24538612 -1.37981725
  -1.03882933 -0.19309974 -0.50025678 -1.30257106  1.33415246 -2.13343167
  -0.18039179  0.25110316 -0.03416061 -0.17073226 -1.03989983]
 [ 0.36350107 -0.77388573 -2.27912331 -0.58132744 -0.84901524 -2.10946131
  -1.11284995 -0.94122458  0.01144743 -1.62977147  1.16980076 -2.30821753
  -0.69182134 -1.08648825 -0.89510369 -0.55901384 -0.67216492]
 [ 0.55614185  0.47253275 -1.58171082  0.49435329 -0.03937674 -2.29032469
  -0.13848782 -0.04437828  0.26613712 -0.93636322  1.79597354 -3.05205798
   0.09451771 -0.53375959  0.03007793 -0.749084   -0.9699297 ]
 [ 1.01414037  1.19027495 -0.49164224  1.9099617   1.88722563 -0.06473303
   0.79529619  0.42931032  1.54455614 -0.08460665  2.72061729 -0.24512339
   0.81975985  0.54053712  0.24212933 -0.61186457 -0.37786412]
 [-0.27183652  0.50493598 -1.10577559  0.20510077 -0.09137321 -2.02257299
   0.09239268 -1.31650257  0.37107468 -0.86046839  0.62374663 -1.92528653
  -0.44019079 -0.00860167 -1.18175387 -0.44738293 -0.3208344 ]
 [-0.7082684   0.4914434  -0.0621798  -0.20451975  1.51204133 -1.5877347
   0.9762466  -0.98832965  0.79569817 -0.47134995  1.65090346 -1.35318494
   0.31422687  0.58870053 -0.40167761 -0.51422167  0.17867589]
 [-0.68789434 -0.63927507 -0.27093863 -0.3077085   0.45680189 -0.94307613
   0.74182367 -0.46609449  0.19553852 -0.28243089  1.2741437  -1.88455772
  -0.1742878  -0.07629251 -0.21281862 -0.49888134 -0.29108024]
 [-1.39587784 -1.54592562 -2.25008178 -0.87337756 -1.36490893 -2.76286459
  -0.71852207 -1.7656312  -1.36956453 -2.23016477  0.11514568 -3.04042983
  -1.05721045 -1.75739217 -2.11334515 -0.51746321 -0.09465981]
 [ 1.1378119   0.49521232 -0.60087252  0.64319992  1.06249952 -1.53742814
   1.03608322  0.86851931  1.16380954 -0.46627426  1.96121931 -0.92626476
   0.71334219  1.04716492  1.16874003  0.32152128  0.92117286]]

Method: CudaSharedMemory          , dims: (16, 16, 16)        , pass(1)/fail(0): 1,	 time (s): 0.0020034313201904297

Method: CudaSharedMemory          , dims: (16, 16, 17)        , pass(1)/fail(0): 0,	 time (s): 0.0018570423126220703

Method: CudaSharedMemory          , dims: (16, 17, 16)        , pass(1)/fail(0): 0,	 time (s): 0.001990795135498047

Method: CudaSharedMemory          , dims: (16, 17, 17)        , pass(1)/fail(0): 0,	 time (s): 0.0018360614776611328

Method: CudaSharedMemory          , dims: (17, 16, 16)        , pass(1)/fail(0): 0,	 time (s): 0.001962423324584961

Method: CudaSharedMemory          , dims: (17, 16, 17)        , pass(1)/fail(0): 0,	 time (s): 0.0018553733825683594

Method: CudaSharedMemory          , dims: (17, 17, 16)        , pass(1)/fail(0): 0,	 time (s): 0.0019061565399169922

Method: CudaSharedMemory          , dims: (17, 17, 17)        , pass(1)/fail(0): 0,	 time (s): 0.0018591880798339844

