Device name: b'Tesla K80'
Compute capability: (3, 7)
Total global memory (GB): 11.173095703125
Free global memory (GB): 11.115966796875
Used global memory (GB): 0.05712890625
Max threads per block: 1024
Max block dimensions: x=1024, y=1024, z=64
Max grid dimensions: x=2147483647, y=65535, z=65535
Max shared memory per block (KB): 48.0
Result:
 [[ 0.00031309]]
Expected:
 [[ 0.00031309]]

Result:
 [[ 1.40142524  0.76771772  1.42740595]
 [ 1.19096172  0.55580097  1.34963202]
 [ 1.00467777  0.6908502   1.32006657]]
Expected:
 [[ 1.40142536  0.76771772  1.42740595]
 [ 1.19096172  0.55580091  1.34963214]
 [ 1.00467777  0.6908502   1.32006657]]

Result:
 [[ 1.55356324  1.4037149   1.44152677]
 [ 0.67989922  0.54201216  0.73368889]
 [ 1.09727502  1.48272991  1.74776101]]
Expected:
 [[ 1.55356312  1.4037149   1.44152677]
 [ 0.67989922  0.54201216  0.73368889]
 [ 1.09727502  1.48273003  1.74776101]]

Result:
 [[ 1.16145635  0.6793586   1.58579028  1.35014307  0.91837037]
 [ 0.82516003  0.43909535  0.90421188  0.80747199  0.48319966]
 [ 0.43327755  0.25062022  0.58936626  0.48996395  0.34104469]]
Expected:
 [[ 1.16145635  0.6793586   1.58579028  1.35014307  0.91837037]
 [ 0.82516009  0.43909535  0.90421188  0.80747193  0.48319966]
 [ 0.43327758  0.25062022  0.58936626  0.48996395  0.34104469]]

Result:
 [[ 0.74404597  0.86562699  0.92189872  1.09943974  0.52796274]
 [ 0.55283815  2.14950204  0.62741435  1.67802119  0.90399498]
 [ 0.56706566  1.01052475  0.68300802  0.97857803  0.53377646]]
Expected:
 [[ 0.74404597  0.86562699  0.92189872  1.09943974  0.52796274]
 [ 0.55283821  2.14950204  0.62741435  1.67802119  0.90399498]
 [ 0.56706566  1.01052475  0.68300802  0.97857803  0.53377646]]

Result:
 [[ 0.36601382  0.73172933  0.40466601]
 [ 0.91286302  1.5498755   1.12204015]
 [ 0.39311206  1.00648022  0.78181195]
 [ 0.51477981  0.89339793  0.65611798]
 [ 0.82240444  1.53213918  0.92360139]]
Expected:
 [[ 0.36601382  0.73172933  0.40466598]
 [ 0.91286302  1.5498755   1.12204015]
 [ 0.39311203  1.00648034  0.78181195]
 [ 0.51477981  0.89339793  0.65611798]
 [ 0.82240444  1.53213906  0.92360139]]

Result:
 [[ 1.12890351  1.09059012  1.22861481]
 [ 1.40994048  1.08549237  1.48396993]
 [ 1.89604115  1.83643544  1.56841505]
 [ 1.16744959  0.92483324  1.13773274]
 [ 0.97142464  0.99197656  1.0330596 ]]
Expected:
 [[ 1.12890351  1.09059012  1.22861481]
 [ 1.40994048  1.08549225  1.48396981]
 [ 1.89604115  1.83643544  1.56841505]
 [ 1.16744959  0.92483324  1.13773274]
 [ 0.97142464  0.99197656  1.0330596 ]]

Result:
 [[ 0.36174285  0.25094661  0.47258633  0.34351733  0.18047976]
 [ 0.64896679  0.4849577   0.74954206  0.33086073  0.33219045]
 [ 1.18552423  0.86399424  1.55448103  0.94754082  0.60970628]
 [ 0.61995959  0.39874247  0.78016323  0.68934304  0.29388407]
 [ 0.36086574  0.24714538  0.41263819  0.27911726  0.17477432]]
Expected:
 [[ 0.36174285  0.25094661  0.4725863   0.34351733  0.18047976]
 [ 0.64896673  0.4849577   0.749542    0.3308607   0.33219048]
 [ 1.18552411  0.8639943   1.55448103  0.94754082  0.60970634]
 [ 0.61995959  0.39874247  0.78016323  0.68934304  0.29388404]
 [ 0.36086577  0.24714538  0.41263816  0.27911726  0.17477432]]

Result:
 [[ 0.89334935  1.5278126   2.04907227  1.87192845  1.06891525]
 [ 0.96879429  0.96985644  1.76315713  1.78593683  0.25957757]
 [ 0.77586967  0.98585731  1.3685621   1.23540986  0.60240149]
 [ 1.08545566  1.73637021  2.40360665  2.35812712  0.90368772]
 [ 0.79820365  1.24690223  1.76319003  1.47380841  0.75568926]]
Expected:
 [[ 0.89334935  1.52781272  2.04907227  1.87192857  1.06891525]
 [ 0.96879423  0.96985644  1.76315701  1.78593683  0.2595776 ]
 [ 0.77586967  0.98585731  1.36856198  1.23540986  0.60240149]
 [ 1.08545566  1.73637021  2.40360665  2.35812712  0.90368772]
 [ 0.79820371  1.24690223  1.76318991  1.47380853  0.75568932]]

Method: CudaGlobalMemory          , dims: (3, 3, 3)           , pass(1)/fail(0): 1,	 time (s): 0.002199411392211914

Method: CudaGlobalMemory          , dims: (3, 3, 5)           , pass(1)/fail(0): 1,	 time (s): 0.0018870830535888672

Method: CudaGlobalMemory          , dims: (3, 5, 3)           , pass(1)/fail(0): 1,	 time (s): 0.0019822120666503906

Method: CudaGlobalMemory          , dims: (3, 5, 5)           , pass(1)/fail(0): 1,	 time (s): 0.0018913745880126953

Method: CudaGlobalMemory          , dims: (5, 3, 3)           , pass(1)/fail(0): 1,	 time (s): 0.0019614696502685547

Method: CudaGlobalMemory          , dims: (5, 3, 5)           , pass(1)/fail(0): 1,	 time (s): 0.0018961429595947266

Method: CudaGlobalMemory          , dims: (5, 5, 3)           , pass(1)/fail(0): 1,	 time (s): 0.001998424530029297

Method: CudaGlobalMemory          , dims: (5, 5, 5)           , pass(1)/fail(0): 1,	 time (s): 0.0018911361694335938

Result:
 [[ 0.1928433]]
Expected:
 [[ 0.1928433]]

Result:
 [[ 1.78513587  0.87105346  1.33951843]
 [ 2.13127613  1.14830256  1.47219968]
 [ 1.82254457  1.04776359  1.28549647]]
Expected:
 [[ 1.78513587  0.87105346  1.33951843]
 [ 2.13127637  1.14830256  1.47219968]
 [ 1.82254457  1.04776359  1.28549647]]

Result:
 [[ 0.8767792   1.05621326  2.00941515]
 [ 0.45789185  0.48692155  0.80601168]
 [ 0.11429261  0.51319379  0.66945523]]
Expected:
 [[ 0.8767792   1.05621314  2.00941491]
 [ 0.45789185  0.48692155  0.80601168]
 [ 0.11429261  0.51319379  0.66945523]]

Result:
 [[ 0.48340318  0.41064888  0.98006177  1.13677406  1.47497439]
 [ 0.71816522  0.85391665  0.8785978   0.87186694  1.10360539]
 [ 0.38967252  0.44376242  0.66712266  0.71160185  0.89956594]]
Expected:
 [[ 0.48340318  0.41064891  0.98006177  1.13677406  1.47497439]
 [ 0.71816516  0.85391665  0.8785978   0.871867    1.10360539]
 [ 0.38967252  0.44376242  0.66712266  0.71160191  0.89956599]]

Result:
 [[ 1.29578328  1.88934922  1.56178045  0.99122393  0.81560391]
 [ 1.10720086  1.81994951  1.46374452  0.92290395  0.80135429]
 [ 1.20479846  1.82960677  1.45776415  0.91935384  0.91710359]]
Expected:
 [[ 1.29578328  1.88934922  1.56178057  0.99122387  0.81560391]
 [ 1.10720086  1.81994963  1.46374452  0.9229039   0.80135423]
 [ 1.20479858  1.82960689  1.45776415  0.91935384  0.91710365]]

Result:
 [[ 0.79378068  0.30177945  1.33555651]
 [ 0.75425237  0.28438142  1.22516286]
 [ 0.495731    0.86200523  0.89075768]
 [ 0.11897555  0.32039303  0.26437598]
 [ 0.75329167  0.34973872  1.2910434 ]]
Expected:
 [[ 0.79378068  0.30177945  1.33555651]
 [ 0.75425237  0.28438142  1.22516286]
 [ 0.495731    0.86200523  0.89075768]
 [ 0.11897556  0.32039303  0.26437598]
 [ 0.75329167  0.34973872  1.29104328]]

Result:
 [[ 0.68521804  0.38156348  0.75416857]
 [ 1.67571843  1.12251818  1.0187602 ]
 [ 1.80517459  1.33631027  1.11234522]
 [ 1.2833904   0.9867065   0.92617762]
 [ 1.58576071  1.11248803  0.93137437]]
Expected:
 [[ 0.68521804  0.38156345  0.75416857]
 [ 1.67571831  1.12251806  1.0187602 ]
 [ 1.80517447  1.33631027  1.11234522]
 [ 1.2833904   0.98670655  0.92617768]
 [ 1.58576071  1.11248803  0.93137443]]

Result:
 [[ 0.40616038  1.09894335  1.27261531  0.60863799  0.14548685]
 [ 0.35403186  0.78851831  0.90069741  0.45949093  0.11135593]
 [ 0.89571369  1.31619716  1.03563213  0.60244203  0.23628476]
 [ 0.71252578  0.99335349  0.88536102  0.5430311   0.17789397]
 [ 0.11506702  0.23349354  0.33523518  0.18750146  0.03125469]]
Expected:
 [[ 0.40616035  1.09894335  1.27261519  0.60863799  0.14548685]
 [ 0.35403186  0.78851837  0.90069741  0.45949095  0.11135592]
 [ 0.89571369  1.31619716  1.03563213  0.60244209  0.23628478]
 [ 0.71252578  0.99335349  0.88536096  0.54303104  0.17789398]
 [ 0.11506702  0.23349354  0.33523515  0.18750148  0.03125469]]

Result:
 [[ 0.89738441  1.43253684  1.54413712  1.42494535  1.15487432]
 [ 0.49002093  0.81182748  1.02606142  1.01776361  0.14217007]
 [ 1.01745772  1.66368747  2.18033671  1.77523875  0.92652506]
 [ 0.92727268  1.75551987  1.78228796  2.01394677  1.14485002]
 [ 0.59849542  0.93179017  1.30821252  1.0077287   0.56834406]]
Expected:
 [[ 0.89738441  1.43253684  1.544137    1.42494547  1.15487432]
 [ 0.4900209   0.81182754  1.02606142  1.01776373  0.14217006]
 [ 1.01745772  1.66368747  2.18033671  1.77523875  0.926525  ]
 [ 0.92727262  1.75551987  1.78228807  2.01394677  1.14485002]
 [ 0.59849542  0.93179017  1.30821252  1.00772858  0.56834406]]

Method: CudaGlobalMemory          , dims: (3, 3, 3)           , pass(1)/fail(0): 1,	 time (s): 0.00220489501953125

Method: CudaGlobalMemory          , dims: (3, 3, 5)           , pass(1)/fail(0): 1,	 time (s): 0.0021414756774902344

Method: CudaGlobalMemory          , dims: (3, 5, 3)           , pass(1)/fail(0): 1,	 time (s): 0.0019936561584472656

Method: CudaGlobalMemory          , dims: (3, 5, 5)           , pass(1)/fail(0): 1,	 time (s): 0.0019314289093017578

Method: CudaGlobalMemory          , dims: (5, 3, 3)           , pass(1)/fail(0): 1,	 time (s): 0.0019698143005371094

Method: CudaGlobalMemory          , dims: (5, 3, 5)           , pass(1)/fail(0): 1,	 time (s): 0.0019009113311767578

Method: CudaGlobalMemory          , dims: (5, 5, 3)           , pass(1)/fail(0): 1,	 time (s): 0.0018754005432128906

Method: CudaGlobalMemory          , dims: (5, 5, 5)           , pass(1)/fail(0): 1,	 time (s): 0.0018811225891113281

Result:
 [[ 0.30148163]]
Expected:
 [[ 0.30148163]]









Method: CudaGlobalMemory          , dims: (16, 16, 16)        , pass(1)/fail(0): 1,	 time (s): 0.0019054412841796875

Method: CudaGlobalMemory          , dims: (16, 16, 15)        , pass(1)/fail(0): 1,	 time (s): 0.0018758773803710938

Method: CudaGlobalMemory          , dims: (16, 15, 16)        , pass(1)/fail(0): 1,	 time (s): 0.002244234085083008

Method: CudaGlobalMemory          , dims: (16, 15, 15)        , pass(1)/fail(0): 1,	 time (s): 0.0021436214447021484

Method: CudaGlobalMemory          , dims: (15, 16, 16)        , pass(1)/fail(0): 1,	 time (s): 0.0019075870513916016

Method: CudaGlobalMemory          , dims: (15, 16, 15)        , pass(1)/fail(0): 1,	 time (s): 0.0018880367279052734

Method: CudaGlobalMemory          , dims: (15, 15, 16)        , pass(1)/fail(0): 1,	 time (s): 0.001972198486328125

Method: CudaGlobalMemory          , dims: (15, 15, 15)        , pass(1)/fail(0): 1,	 time (s): 0.0019860267639160156

Result:
 [[ 0.040983]]
Expected:
 [[ 0.040983]]









Method: CudaGlobalMemory          , dims: (16, 16, 16)        , pass(1)/fail(0): 1,	 time (s): 0.0019190311431884766

Method: CudaGlobalMemory          , dims: (16, 16, 15)        , pass(1)/fail(0): 1,	 time (s): 0.0019741058349609375

Method: CudaGlobalMemory          , dims: (16, 15, 16)        , pass(1)/fail(0): 1,	 time (s): 0.0018734931945800781

Method: CudaGlobalMemory          , dims: (16, 15, 15)        , pass(1)/fail(0): 1,	 time (s): 0.0019156932830810547

Method: CudaGlobalMemory          , dims: (15, 16, 16)        , pass(1)/fail(0): 1,	 time (s): 0.002262592315673828

Method: CudaGlobalMemory          , dims: (15, 16, 15)        , pass(1)/fail(0): 1,	 time (s): 0.002153635025024414

Method: CudaGlobalMemory          , dims: (15, 15, 16)        , pass(1)/fail(0): 1,	 time (s): 0.001882314682006836

Method: CudaGlobalMemory          , dims: (15, 15, 15)        , pass(1)/fail(0): 1,	 time (s): 0.0018868446350097656

Result:
 [[ 0.06894853]]
Expected:
 [[ 0.06894853]]









Method: CudaGlobalMemory          , dims: (16, 16, 16)        , pass(1)/fail(0): 1,	 time (s): 0.0018985271453857422

Method: CudaGlobalMemory          , dims: (16, 16, 17)        , pass(1)/fail(0): 1,	 time (s): 0.0019195079803466797

Method: CudaGlobalMemory          , dims: (16, 17, 16)        , pass(1)/fail(0): 0,	 time (s): 0.0018775463104248047

Method: CudaGlobalMemory          , dims: (16, 17, 17)        , pass(1)/fail(0): 1,	 time (s): 0.0020453929901123047

Method: CudaGlobalMemory          , dims: (17, 16, 16)        , pass(1)/fail(0): 1,	 time (s): 0.0018963813781738281

Method: CudaGlobalMemory          , dims: (17, 16, 17)        , pass(1)/fail(0): 1,	 time (s): 0.0019233226776123047

Method: CudaGlobalMemory          , dims: (17, 17, 16)        , pass(1)/fail(0): 0,	 time (s): 0.0021715164184570312

Method: CudaGlobalMemory          , dims: (17, 17, 17)        , pass(1)/fail(0): 1,	 time (s): 0.0021746158599853516

Result:
 [[ 0.06197247]]
Expected:
 [[ 0.06197247]]









Method: CudaGlobalMemory          , dims: (16, 16, 16)        , pass(1)/fail(0): 1,	 time (s): 0.001905202865600586

Method: CudaGlobalMemory          , dims: (16, 16, 17)        , pass(1)/fail(0): 1,	 time (s): 0.0019981861114501953

Method: CudaGlobalMemory          , dims: (16, 17, 16)        , pass(1)/fail(0): 0,	 time (s): 0.0019140243530273438

Method: CudaGlobalMemory          , dims: (16, 17, 17)        , pass(1)/fail(0): 1,	 time (s): 0.0018985271453857422

Method: CudaGlobalMemory          , dims: (17, 16, 16)        , pass(1)/fail(0): 1,	 time (s): 0.001932382583618164

Method: CudaGlobalMemory          , dims: (17, 16, 17)        , pass(1)/fail(0): 1,	 time (s): 0.0019598007202148438

Method: CudaGlobalMemory          , dims: (17, 17, 16)        , pass(1)/fail(0): 0,	 time (s): 0.0018846988677978516

Method: CudaGlobalMemory          , dims: (17, 17, 17)        , pass(1)/fail(0): 1,	 time (s): 0.0018932819366455078

Result:
 [[ 0.44039622]]
Expected:
 [[ 0.44039622]]




























Method: CudaGlobalMemory          , dims: (73, 73, 73)        , pass(1)/fail(0): 1,	 time (s): 0.0023276805877685547

Method: CudaGlobalMemory          , dims: (73, 73, 99)        , pass(1)/fail(0): 1,	 time (s): 0.0020101070404052734

Method: CudaGlobalMemory          , dims: (73, 73, 53)        , pass(1)/fail(0): 0,	 time (s): 0.0019421577453613281

Method: CudaGlobalMemory          , dims: (73, 99, 73)        , pass(1)/fail(0): 0,	 time (s): 0.0020575523376464844

Method: CudaGlobalMemory          , dims: (73, 99, 99)        , pass(1)/fail(0): 1,	 time (s): 0.0020644664764404297

Method: CudaGlobalMemory          , dims: (73, 99, 53)        , pass(1)/fail(0): 0,	 time (s): 0.0019617080688476562

Method: CudaGlobalMemory          , dims: (73, 53, 73)        , pass(1)/fail(0): 1,	 time (s): 0.0019953250885009766

Method: CudaGlobalMemory          , dims: (73, 53, 99)        , pass(1)/fail(0): 1,	 time (s): 0.0020759105682373047

Method: CudaGlobalMemory          , dims: (73, 53, 53)        , pass(1)/fail(0): 1,	 time (s): 0.001965761184692383

Method: CudaGlobalMemory          , dims: (99, 73, 73)        , pass(1)/fail(0): 1,	 time (s): 0.002011537551879883

Method: CudaGlobalMemory          , dims: (99, 73, 99)        , pass(1)/fail(0): 1,	 time (s): 0.0023636817932128906

Method: CudaGlobalMemory          , dims: (99, 73, 53)        , pass(1)/fail(0): 0,	 time (s): 0.002231597900390625

Method: CudaGlobalMemory          , dims: (99, 99, 73)        , pass(1)/fail(0): 0,	 time (s): 0.002027273178100586

Method: CudaGlobalMemory          , dims: (99, 99, 99)        , pass(1)/fail(0): 1,	 time (s): 0.0039942264556884766

Method: CudaGlobalMemory          , dims: (99, 99, 53)        , pass(1)/fail(0): 0,	 time (s): 0.003696441650390625

Method: CudaGlobalMemory          , dims: (99, 53, 73)        , pass(1)/fail(0): 1,	 time (s): 0.002101898193359375

Method: CudaGlobalMemory          , dims: (99, 53, 99)        , pass(1)/fail(0): 1,	 time (s): 0.002176046371459961

Method: CudaGlobalMemory          , dims: (99, 53, 53)        , pass(1)/fail(0): 1,	 time (s): 0.0020678043365478516

Method: CudaGlobalMemory          , dims: (53, 73, 73)        , pass(1)/fail(0): 1,	 time (s): 0.0022106170654296875

Method: CudaGlobalMemory          , dims: (53, 73, 99)        , pass(1)/fail(0): 1,	 time (s): 0.0021209716796875

Method: CudaGlobalMemory          , dims: (53, 73, 53)        , pass(1)/fail(0): 0,	 time (s): 0.0020515918731689453

Method: CudaGlobalMemory          , dims: (53, 99, 73)        , pass(1)/fail(0): 0,	 time (s): 0.002376556396484375

Method: CudaGlobalMemory          , dims: (53, 99, 99)        , pass(1)/fail(0): 1,	 time (s): 0.0024034976959228516

Method: CudaGlobalMemory          , dims: (53, 99, 53)        , pass(1)/fail(0): 0,	 time (s): 0.0020399093627929688

Method: CudaGlobalMemory          , dims: (53, 53, 73)        , pass(1)/fail(0): 1,	 time (s): 0.0019998550415039062

Method: CudaGlobalMemory          , dims: (53, 53, 99)        , pass(1)/fail(0): 1,	 time (s): 0.0022139549255371094

Method: CudaGlobalMemory          , dims: (53, 53, 53)        , pass(1)/fail(0): 1,	 time (s): 0.002003908157348633

