Device name: b'Tesla K80'
Compute capability: (3, 7)
Total global memory (GB): 11.173095703125
Free global memory (GB): 11.115966796875
Used global memory (GB): 0.05712890625
Max threads per block: 1024
Max block dimensions: x=1024, y=1024, z=64
Max grid dimensions: x=2147483647, y=65535, z=65535
Max shared memory per block (KB): 48.0
BPG:  (1, 1)  TPB:  (16, 16)
BPG:  (1, 1)  TPB:  (16, 16)
BPG:  (1, 1)  TPB:  (16, 16)
BPG:  (1, 1)  TPB:  (16, 16)
BPG:  (2, 1)  TPB:  (16, 16)
BPG:  (2, 1)  TPB:  (16, 16)
BPG:  (2, 4)  TPB:  (16, 16)
BPG:  (2, 4)  TPB:  (16, 16)
BPG:  (32, 16)  TPB:  (16, 16)
BPG:  (32, 16)  TPB:  (16, 16)
BPG:  (16, 16)  TPB:  (16, 16)
BPG:  (16, 16)  TPB:  (16, 16)
Method: Basic                     , dims: (4, 3, 4)           , pass(1)/fail(0): 1,	 time (s): 0.00011038780212402344
Method: CudaGlobalMemory          , dims: (4, 3, 4)           , pass(1)/fail(0): 1,	 time (s): 0.002073049545288086
Method: CudaSharedMemory          , dims: (4, 3, 4)           , pass(1)/fail(0): 1,	 time (s): 0.0020020008087158203

Method: Basic                     , dims: (16, 20, 20)        , pass(1)/fail(0): 1,	 time (s): 0.0046536922454833984
Method: CudaGlobalMemory          , dims: (16, 20, 20)        , pass(1)/fail(0): 1,	 time (s): 0.001978158950805664
Method: CudaSharedMemory          , dims: (16, 20, 20)        , pass(1)/fail(0): 1,	 time (s): 0.0019383430480957031

Method: Basic                     , dims: (64, 32, 32)        , pass(1)/fail(0): 1,	 time (s): 0.042772769927978516
Method: CudaGlobalMemory          , dims: (64, 32, 32)        , pass(1)/fail(0): 1,	 time (s): 0.0019190311431884766
Method: CudaSharedMemory          , dims: (64, 32, 32)        , pass(1)/fail(0): 1,	 time (s): 0.002031087875366211

Method: Basic                     , dims: (256, 512, 256)     , pass(1)/fail(0): 1,	 time (s): 13.772557973861694
Method: CudaGlobalMemory          , dims: (256, 512, 256)     , pass(1)/fail(0): 1,	 time (s): 0.0037767887115478516
Method: CudaSharedMemory          , dims: (256, 512, 256)     , pass(1)/fail(0): 1,	 time (s): 0.002904176712036133

Method: Basic                     , dims: (256, 256, 512)     , pass(1)/fail(0): 1,	 time (s): 13.70700478553772
Method: CudaGlobalMemory          , dims: (256, 256, 512)     , pass(1)/fail(0): 1,	 time (s): 0.004510164260864258
Method: CudaSharedMemory          , dims: (256, 256, 512)     , pass(1)/fail(0): 0,	 time (s): 0.002370595932006836

