Device name: b'Tesla K80'
Compute capability: (3, 7)
Total global memory (GB): 11.173095703125
Free global memory (GB): 11.115966796875
Used global memory (GB): 0.05712890625
Max threads per block: 1024
Max block dimensions: x=1024, y=1024, z=64
Max grid dimensions: x=2147483647, y=65535, z=65535
Max shared memory per block (KB): 48.0
BPG:  (1, 1)  TPB:  (16, 16)
BPG:  (1, 1)  TPB:  (16, 16)
BPG:  (2, 1)  TPB:  (16, 16)
BPG:  (2, 1)  TPB:  (16, 16)
FAILED! Dimensions:  (16, 17, 17)  Method:  CudaSharedMemory
Result:
 [[ 85.  85.  85.  85.  85.  85.  85.  85.  85.  85.  85.  85.  85.  85.
   85.  85.   0.]
 [ 85.  85.  85.  85.  85.  85.  85.  85.  85.  85.  85.  85.  85.  85.
   85.  85.   0.]
 [ 85.  85.  85.  85.  85.  85.  85.  85.  85.  85.  85.  85.  85.  85.
   85.  85.   0.]
 [ 85.  85.  85.  85.  85.  85.  85.  85.  85.  85.  85.  85.  85.  85.
   85.  85.   0.]
 [ 85.  85.  85.  85.  85.  85.  85.  85.  85.  85.  85.  85.  85.  85.
   85.  85.   0.]
 [ 85.  85.  85.  85.  85.  85.  85.  85.  85.  85.  85.  85.  85.  85.
   85.  85.   0.]
 [ 85.  85.  85.  85.  85.  85.  85.  85.  85.  85.  85.  85.  85.  85.
   85.  85.   0.]
 [ 85.  85.  85.  85.  85.  85.  85.  85.  85.  85.  85.  85.  85.  85.
   85.  85.   0.]
 [ 85.  85.  85.  85.  85.  85.  85.  85.  85.  85.  85.  85.  85.  85.
   85.  85.   0.]
 [ 85.  85.  85.  85.  85.  85.  85.  85.  85.  85.  85.  85.  85.  85.
   85.  85.   0.]
 [ 85.  85.  85.  85.  85.  85.  85.  85.  85.  85.  85.  85.  85.  85.
   85.  85.   0.]
 [ 85.  85.  85.  85.  85.  85.  85.  85.  85.  85.  85.  85.  85.  85.
   85.  85.   0.]
 [ 85.  85.  85.  85.  85.  85.  85.  85.  85.  85.  85.  85.  85.  85.
   85.  85.   0.]
 [ 85.  85.  85.  85.  85.  85.  85.  85.  85.  85.  85.  85.  85.  85.
   85.  85.   0.]
 [ 85.  85.  85.  85.  85.  85.  85.  85.  85.  85.  85.  85.  85.  85.
   85.  85.   0.]
 [ 85.  85.  85.  85.  85.  85.  85.  85.  85.  85.  85.  85.  85.  85.
   85.  85.   0.]]
Expected:
 [[ 85.  85.  85.  85.  85.  85.  85.  85.  85.  85.  85.  85.  85.  85.
   85.  85.  85.]
 [ 85.  85.  85.  85.  85.  85.  85.  85.  85.  85.  85.  85.  85.  85.
   85.  85.  85.]
 [ 85.  85.  85.  85.  85.  85.  85.  85.  85.  85.  85.  85.  85.  85.
   85.  85.  85.]
 [ 85.  85.  85.  85.  85.  85.  85.  85.  85.  85.  85.  85.  85.  85.
   85.  85.  85.]
 [ 85.  85.  85.  85.  85.  85.  85.  85.  85.  85.  85.  85.  85.  85.
   85.  85.  85.]
 [ 85.  85.  85.  85.  85.  85.  85.  85.  85.  85.  85.  85.  85.  85.
   85.  85.  85.]
 [ 85.  85.  85.  85.  85.  85.  85.  85.  85.  85.  85.  85.  85.  85.
   85.  85.  85.]
 [ 85.  85.  85.  85.  85.  85.  85.  85.  85.  85.  85.  85.  85.  85.
   85.  85.  85.]
 [ 85.  85.  85.  85.  85.  85.  85.  85.  85.  85.  85.  85.  85.  85.
   85.  85.  85.]
 [ 85.  85.  85.  85.  85.  85.  85.  85.  85.  85.  85.  85.  85.  85.
   85.  85.  85.]
 [ 85.  85.  85.  85.  85.  85.  85.  85.  85.  85.  85.  85.  85.  85.
   85.  85.  85.]
 [ 85.  85.  85.  85.  85.  85.  85.  85.  85.  85.  85.  85.  85.  85.
   85.  85.  85.]
 [ 85.  85.  85.  85.  85.  85.  85.  85.  85.  85.  85.  85.  85.  85.
   85.  85.  85.]
 [ 85.  85.  85.  85.  85.  85.  85.  85.  85.  85.  85.  85.  85.  85.
   85.  85.  85.]
 [ 85.  85.  85.  85.  85.  85.  85.  85.  85.  85.  85.  85.  85.  85.
   85.  85.  85.]
 [ 85.  85.  85.  85.  85.  85.  85.  85.  85.  85.  85.  85.  85.  85.
   85.  85.  85.]]
Difference:
 [[  0.   0.   0.   0.   0.   0.   0.   0.   0.   0.   0.   0.   0.   0.
    0.   0. -85.]
 [  0.   0.   0.   0.   0.   0.   0.   0.   0.   0.   0.   0.   0.   0.
    0.   0. -85.]
 [  0.   0.   0.   0.   0.   0.   0.   0.   0.   0.   0.   0.   0.   0.
    0.   0. -85.]
 [  0.   0.   0.   0.   0.   0.   0.   0.   0.   0.   0.   0.   0.   0.
    0.   0. -85.]
 [  0.   0.   0.   0.   0.   0.   0.   0.   0.   0.   0.   0.   0.   0.
    0.   0. -85.]
 [  0.   0.   0.   0.   0.   0.   0.   0.   0.   0.   0.   0.   0.   0.
    0.   0. -85.]
 [  0.   0.   0.   0.   0.   0.   0.   0.   0.   0.   0.   0.   0.   0.
    0.   0. -85.]
 [  0.   0.   0.   0.   0.   0.   0.   0.   0.   0.   0.   0.   0.   0.
    0.   0. -85.]
 [  0.   0.   0.   0.   0.   0.   0.   0.   0.   0.   0.   0.   0.   0.
    0.   0. -85.]
 [  0.   0.   0.   0.   0.   0.   0.   0.   0.   0.   0.   0.   0.   0.
    0.   0. -85.]
 [  0.   0.   0.   0.   0.   0.   0.   0.   0.   0.   0.   0.   0.   0.
    0.   0. -85.]
 [  0.   0.   0.   0.   0.   0.   0.   0.   0.   0.   0.   0.   0.   0.
    0.   0. -85.]
 [  0.   0.   0.   0.   0.   0.   0.   0.   0.   0.   0.   0.   0.   0.
    0.   0. -85.]
 [  0.   0.   0.   0.   0.   0.   0.   0.   0.   0.   0.   0.   0.   0.
    0.   0. -85.]
 [  0.   0.   0.   0.   0.   0.   0.   0.   0.   0.   0.   0.   0.   0.
    0.   0. -85.]
 [  0.   0.   0.   0.   0.   0.   0.   0.   0.   0.   0.   0.   0.   0.
    0.   0. -85.]]

BPG:  (1, 2)  TPB:  (16, 16)
BPG:  (1, 2)  TPB:  (16, 16)
FAILED! Dimensions:  (17, 16, 17)  Method:  CudaSharedMemory
Result:
 [[ 80.  80.  80.  80.  80.  80.  80.  80.  80.  80.  80.  80.  80.  80.
   80.  80.]
 [ 80.  80.  80.  80.  80.  80.  80.  80.  80.  80.  80.  80.  80.  80.
   80.  80.]
 [ 80.  80.  80.  80.  80.  80.  80.  80.  80.  80.  80.  80.  80.  80.
   80.  80.]
 [ 80.  80.  80.  80.  80.  80.  80.  80.  80.  80.  80.  80.  80.  80.
   80.  80.]
 [ 80.  80.  80.  80.  80.  80.  80.  80.  80.  80.  80.  80.  80.  80.
   80.  80.]
 [ 80.  80.  80.  80.  80.  80.  80.  80.  80.  80.  80.  80.  80.  80.
   80.  80.]
 [ 80.  80.  80.  80.  80.  80.  80.  80.  80.  80.  80.  80.  80.  80.
   80.  80.]
 [ 80.  80.  80.  80.  80.  80.  80.  80.  80.  80.  80.  80.  80.  80.
   80.  80.]
 [ 80.  80.  80.  80.  80.  80.  80.  80.  80.  80.  80.  80.  80.  80.
   80.  80.]
 [ 80.  80.  80.  80.  80.  80.  80.  80.  80.  80.  80.  80.  80.  80.
   80.  80.]
 [ 80.  80.  80.  80.  80.  80.  80.  80.  80.  80.  80.  80.  80.  80.
   80.  80.]
 [ 80.  80.  80.  80.  80.  80.  80.  80.  80.  80.  80.  80.  80.  80.
   80.  80.]
 [ 80.  80.  80.  80.  80.  80.  80.  80.  80.  80.  80.  80.  80.  80.
   80.  80.]
 [ 80.  80.  80.  80.  80.  80.  80.  80.  80.  80.  80.  80.  80.  80.
   80.  80.]
 [ 80.  80.  80.  80.  80.  80.  80.  80.  80.  80.  80.  80.  80.  80.
   80.  80.]
 [ 80.  80.  80.  80.  80.  80.  80.  80.  80.  80.  80.  80.  80.  80.
   80.  80.]
 [  0.   0.   0.   0.   0.   0.   0.   0.   0.   0.   0.   0.   0.   0.
    0.   0.]]
Expected:
 [[ 85.  85.  85.  85.  85.  85.  85.  85.  85.  85.  85.  85.  85.  85.
   85.  85.]
 [ 85.  85.  85.  85.  85.  85.  85.  85.  85.  85.  85.  85.  85.  85.
   85.  85.]
 [ 85.  85.  85.  85.  85.  85.  85.  85.  85.  85.  85.  85.  85.  85.
   85.  85.]
 [ 85.  85.  85.  85.  85.  85.  85.  85.  85.  85.  85.  85.  85.  85.
   85.  85.]
 [ 85.  85.  85.  85.  85.  85.  85.  85.  85.  85.  85.  85.  85.  85.
   85.  85.]
 [ 85.  85.  85.  85.  85.  85.  85.  85.  85.  85.  85.  85.  85.  85.
   85.  85.]
 [ 85.  85.  85.  85.  85.  85.  85.  85.  85.  85.  85.  85.  85.  85.
   85.  85.]
 [ 85.  85.  85.  85.  85.  85.  85.  85.  85.  85.  85.  85.  85.  85.
   85.  85.]
 [ 85.  85.  85.  85.  85.  85.  85.  85.  85.  85.  85.  85.  85.  85.
   85.  85.]
 [ 85.  85.  85.  85.  85.  85.  85.  85.  85.  85.  85.  85.  85.  85.
   85.  85.]
 [ 85.  85.  85.  85.  85.  85.  85.  85.  85.  85.  85.  85.  85.  85.
   85.  85.]
 [ 85.  85.  85.  85.  85.  85.  85.  85.  85.  85.  85.  85.  85.  85.
   85.  85.]
 [ 85.  85.  85.  85.  85.  85.  85.  85.  85.  85.  85.  85.  85.  85.
   85.  85.]
 [ 85.  85.  85.  85.  85.  85.  85.  85.  85.  85.  85.  85.  85.  85.
   85.  85.]
 [ 85.  85.  85.  85.  85.  85.  85.  85.  85.  85.  85.  85.  85.  85.
   85.  85.]
 [ 85.  85.  85.  85.  85.  85.  85.  85.  85.  85.  85.  85.  85.  85.
   85.  85.]
 [ 85.  85.  85.  85.  85.  85.  85.  85.  85.  85.  85.  85.  85.  85.
   85.  85.]]
Difference:
 [[ -5.  -5.  -5.  -5.  -5.  -5.  -5.  -5.  -5.  -5.  -5.  -5.  -5.  -5.
   -5.  -5.]
 [ -5.  -5.  -5.  -5.  -5.  -5.  -5.  -5.  -5.  -5.  -5.  -5.  -5.  -5.
   -5.  -5.]
 [ -5.  -5.  -5.  -5.  -5.  -5.  -5.  -5.  -5.  -5.  -5.  -5.  -5.  -5.
   -5.  -5.]
 [ -5.  -5.  -5.  -5.  -5.  -5.  -5.  -5.  -5.  -5.  -5.  -5.  -5.  -5.
   -5.  -5.]
 [ -5.  -5.  -5.  -5.  -5.  -5.  -5.  -5.  -5.  -5.  -5.  -5.  -5.  -5.
   -5.  -5.]
 [ -5.  -5.  -5.  -5.  -5.  -5.  -5.  -5.  -5.  -5.  -5.  -5.  -5.  -5.
   -5.  -5.]
 [ -5.  -5.  -5.  -5.  -5.  -5.  -5.  -5.  -5.  -5.  -5.  -5.  -5.  -5.
   -5.  -5.]
 [ -5.  -5.  -5.  -5.  -5.  -5.  -5.  -5.  -5.  -5.  -5.  -5.  -5.  -5.
   -5.  -5.]
 [ -5.  -5.  -5.  -5.  -5.  -5.  -5.  -5.  -5.  -5.  -5.  -5.  -5.  -5.
   -5.  -5.]
 [ -5.  -5.  -5.  -5.  -5.  -5.  -5.  -5.  -5.  -5.  -5.  -5.  -5.  -5.
   -5.  -5.]
 [ -5.  -5.  -5.  -5.  -5.  -5.  -5.  -5.  -5.  -5.  -5.  -5.  -5.  -5.
   -5.  -5.]
 [ -5.  -5.  -5.  -5.  -5.  -5.  -5.  -5.  -5.  -5.  -5.  -5.  -5.  -5.
   -5.  -5.]
 [ -5.  -5.  -5.  -5.  -5.  -5.  -5.  -5.  -5.  -5.  -5.  -5.  -5.  -5.
   -5.  -5.]
 [ -5.  -5.  -5.  -5.  -5.  -5.  -5.  -5.  -5.  -5.  -5.  -5.  -5.  -5.
   -5.  -5.]
 [ -5.  -5.  -5.  -5.  -5.  -5.  -5.  -5.  -5.  -5.  -5.  -5.  -5.  -5.
   -5.  -5.]
 [ -5.  -5.  -5.  -5.  -5.  -5.  -5.  -5.  -5.  -5.  -5.  -5.  -5.  -5.
   -5.  -5.]
 [-85. -85. -85. -85. -85. -85. -85. -85. -85. -85. -85. -85. -85. -85.
  -85. -85.]]

BPG:  (2, 2)  TPB:  (16, 16)
BPG:  (2, 2)  TPB:  (16, 16)
BPG:  (1, 2)  TPB:  (16, 16)
BPG:  (1, 2)  TPB:  (16, 16)
FAILED! Dimensions:  (17, 16, 16)  Method:  CudaSharedMemory
Result:
 [[ 80.  80.  80.  80.  80.  80.  80.  80.  80.  80.  80.  80.  80.  80.
   80.  80.]
 [ 80.  80.  80.  80.  80.  80.  80.  80.  80.  80.  80.  80.  80.  80.
   80.  80.]
 [ 80.  80.  80.  80.  80.  80.  80.  80.  80.  80.  80.  80.  80.  80.
   80.  80.]
 [ 80.  80.  80.  80.  80.  80.  80.  80.  80.  80.  80.  80.  80.  80.
   80.  80.]
 [ 80.  80.  80.  80.  80.  80.  80.  80.  80.  80.  80.  80.  80.  80.
   80.  80.]
 [ 80.  80.  80.  80.  80.  80.  80.  80.  80.  80.  80.  80.  80.  80.
   80.  80.]
 [ 80.  80.  80.  80.  80.  80.  80.  80.  80.  80.  80.  80.  80.  80.
   80.  80.]
 [ 80.  80.  80.  80.  80.  80.  80.  80.  80.  80.  80.  80.  80.  80.
   80.  80.]
 [ 80.  80.  80.  80.  80.  80.  80.  80.  80.  80.  80.  80.  80.  80.
   80.  80.]
 [ 80.  80.  80.  80.  80.  80.  80.  80.  80.  80.  80.  80.  80.  80.
   80.  80.]
 [ 80.  80.  80.  80.  80.  80.  80.  80.  80.  80.  80.  80.  80.  80.
   80.  80.]
 [ 80.  80.  80.  80.  80.  80.  80.  80.  80.  80.  80.  80.  80.  80.
   80.  80.]
 [ 80.  80.  80.  80.  80.  80.  80.  80.  80.  80.  80.  80.  80.  80.
   80.  80.]
 [ 80.  80.  80.  80.  80.  80.  80.  80.  80.  80.  80.  80.  80.  80.
   80.  80.]
 [ 80.  80.  80.  80.  80.  80.  80.  80.  80.  80.  80.  80.  80.  80.
   80.  80.]
 [ 80.  80.  80.  80.  80.  80.  80.  80.  80.  80.  80.  80.  80.  80.
   80.  80.]
 [  0.   0.   0.   0.   0.   0.   0.   0.   0.   0.   0.   0.   0.   0.
    0.   0.]]
Expected:
 [[ 80.  80.  80.  80.  80.  80.  80.  80.  80.  80.  80.  80.  80.  80.
   80.  80.]
 [ 80.  80.  80.  80.  80.  80.  80.  80.  80.  80.  80.  80.  80.  80.
   80.  80.]
 [ 80.  80.  80.  80.  80.  80.  80.  80.  80.  80.  80.  80.  80.  80.
   80.  80.]
 [ 80.  80.  80.  80.  80.  80.  80.  80.  80.  80.  80.  80.  80.  80.
   80.  80.]
 [ 80.  80.  80.  80.  80.  80.  80.  80.  80.  80.  80.  80.  80.  80.
   80.  80.]
 [ 80.  80.  80.  80.  80.  80.  80.  80.  80.  80.  80.  80.  80.  80.
   80.  80.]
 [ 80.  80.  80.  80.  80.  80.  80.  80.  80.  80.  80.  80.  80.  80.
   80.  80.]
 [ 80.  80.  80.  80.  80.  80.  80.  80.  80.  80.  80.  80.  80.  80.
   80.  80.]
 [ 80.  80.  80.  80.  80.  80.  80.  80.  80.  80.  80.  80.  80.  80.
   80.  80.]
 [ 80.  80.  80.  80.  80.  80.  80.  80.  80.  80.  80.  80.  80.  80.
   80.  80.]
 [ 80.  80.  80.  80.  80.  80.  80.  80.  80.  80.  80.  80.  80.  80.
   80.  80.]
 [ 80.  80.  80.  80.  80.  80.  80.  80.  80.  80.  80.  80.  80.  80.
   80.  80.]
 [ 80.  80.  80.  80.  80.  80.  80.  80.  80.  80.  80.  80.  80.  80.
   80.  80.]
 [ 80.  80.  80.  80.  80.  80.  80.  80.  80.  80.  80.  80.  80.  80.
   80.  80.]
 [ 80.  80.  80.  80.  80.  80.  80.  80.  80.  80.  80.  80.  80.  80.
   80.  80.]
 [ 80.  80.  80.  80.  80.  80.  80.  80.  80.  80.  80.  80.  80.  80.
   80.  80.]
 [ 80.  80.  80.  80.  80.  80.  80.  80.  80.  80.  80.  80.  80.  80.
   80.  80.]]
Difference:
 [[  0.   0.   0.   0.   0.   0.   0.   0.   0.   0.   0.   0.   0.   0.
    0.   0.]
 [  0.   0.   0.   0.   0.   0.   0.   0.   0.   0.   0.   0.   0.   0.
    0.   0.]
 [  0.   0.   0.   0.   0.   0.   0.   0.   0.   0.   0.   0.   0.   0.
    0.   0.]
 [  0.   0.   0.   0.   0.   0.   0.   0.   0.   0.   0.   0.   0.   0.
    0.   0.]
 [  0.   0.   0.   0.   0.   0.   0.   0.   0.   0.   0.   0.   0.   0.
    0.   0.]
 [  0.   0.   0.   0.   0.   0.   0.   0.   0.   0.   0.   0.   0.   0.
    0.   0.]
 [  0.   0.   0.   0.   0.   0.   0.   0.   0.   0.   0.   0.   0.   0.
    0.   0.]
 [  0.   0.   0.   0.   0.   0.   0.   0.   0.   0.   0.   0.   0.   0.
    0.   0.]
 [  0.   0.   0.   0.   0.   0.   0.   0.   0.   0.   0.   0.   0.   0.
    0.   0.]
 [  0.   0.   0.   0.   0.   0.   0.   0.   0.   0.   0.   0.   0.   0.
    0.   0.]
 [  0.   0.   0.   0.   0.   0.   0.   0.   0.   0.   0.   0.   0.   0.
    0.   0.]
 [  0.   0.   0.   0.   0.   0.   0.   0.   0.   0.   0.   0.   0.   0.
    0.   0.]
 [  0.   0.   0.   0.   0.   0.   0.   0.   0.   0.   0.   0.   0.   0.
    0.   0.]
 [  0.   0.   0.   0.   0.   0.   0.   0.   0.   0.   0.   0.   0.   0.
    0.   0.]
 [  0.   0.   0.   0.   0.   0.   0.   0.   0.   0.   0.   0.   0.   0.
    0.   0.]
 [  0.   0.   0.   0.   0.   0.   0.   0.   0.   0.   0.   0.   0.   0.
    0.   0.]
 [-80. -80. -80. -80. -80. -80. -80. -80. -80. -80. -80. -80. -80. -80.
  -80. -80.]]

BPG:  (2, 1)  TPB:  (16, 16)
BPG:  (2, 1)  TPB:  (16, 16)
FAILED! Dimensions:  (16, 17, 16)  Method:  CudaSharedMemory
Result:
 [[ 80.  80.  80.  80.  80.  80.  80.  80.  80.  80.  80.  80.  80.  80.
   80.  80.   0.]
 [ 80.  80.  80.  80.  80.  80.  80.  80.  80.  80.  80.  80.  80.  80.
   80.  80.   0.]
 [ 80.  80.  80.  80.  80.  80.  80.  80.  80.  80.  80.  80.  80.  80.
   80.  80.   0.]
 [ 80.  80.  80.  80.  80.  80.  80.  80.  80.  80.  80.  80.  80.  80.
   80.  80.   0.]
 [ 80.  80.  80.  80.  80.  80.  80.  80.  80.  80.  80.  80.  80.  80.
   80.  80.   0.]
 [ 80.  80.  80.  80.  80.  80.  80.  80.  80.  80.  80.  80.  80.  80.
   80.  80.   0.]
 [ 80.  80.  80.  80.  80.  80.  80.  80.  80.  80.  80.  80.  80.  80.
   80.  80.   0.]
 [ 80.  80.  80.  80.  80.  80.  80.  80.  80.  80.  80.  80.  80.  80.
   80.  80.   0.]
 [ 80.  80.  80.  80.  80.  80.  80.  80.  80.  80.  80.  80.  80.  80.
   80.  80.   0.]
 [ 80.  80.  80.  80.  80.  80.  80.  80.  80.  80.  80.  80.  80.  80.
   80.  80.   0.]
 [ 80.  80.  80.  80.  80.  80.  80.  80.  80.  80.  80.  80.  80.  80.
   80.  80.   0.]
 [ 80.  80.  80.  80.  80.  80.  80.  80.  80.  80.  80.  80.  80.  80.
   80.  80.   0.]
 [ 80.  80.  80.  80.  80.  80.  80.  80.  80.  80.  80.  80.  80.  80.
   80.  80.   0.]
 [ 80.  80.  80.  80.  80.  80.  80.  80.  80.  80.  80.  80.  80.  80.
   80.  80.   0.]
 [ 80.  80.  80.  80.  80.  80.  80.  80.  80.  80.  80.  80.  80.  80.
   80.  80.   0.]
 [ 80.  80.  80.  80.  80.  80.  80.  80.  80.  80.  80.  80.  80.  80.
   80.  80.   0.]]
Expected:
 [[ 80.  80.  80.  80.  80.  80.  80.  80.  80.  80.  80.  80.  80.  80.
   80.  80.  80.]
 [ 80.  80.  80.  80.  80.  80.  80.  80.  80.  80.  80.  80.  80.  80.
   80.  80.  80.]
 [ 80.  80.  80.  80.  80.  80.  80.  80.  80.  80.  80.  80.  80.  80.
   80.  80.  80.]
 [ 80.  80.  80.  80.  80.  80.  80.  80.  80.  80.  80.  80.  80.  80.
   80.  80.  80.]
 [ 80.  80.  80.  80.  80.  80.  80.  80.  80.  80.  80.  80.  80.  80.
   80.  80.  80.]
 [ 80.  80.  80.  80.  80.  80.  80.  80.  80.  80.  80.  80.  80.  80.
   80.  80.  80.]
 [ 80.  80.  80.  80.  80.  80.  80.  80.  80.  80.  80.  80.  80.  80.
   80.  80.  80.]
 [ 80.  80.  80.  80.  80.  80.  80.  80.  80.  80.  80.  80.  80.  80.
   80.  80.  80.]
 [ 80.  80.  80.  80.  80.  80.  80.  80.  80.  80.  80.  80.  80.  80.
   80.  80.  80.]
 [ 80.  80.  80.  80.  80.  80.  80.  80.  80.  80.  80.  80.  80.  80.
   80.  80.  80.]
 [ 80.  80.  80.  80.  80.  80.  80.  80.  80.  80.  80.  80.  80.  80.
   80.  80.  80.]
 [ 80.  80.  80.  80.  80.  80.  80.  80.  80.  80.  80.  80.  80.  80.
   80.  80.  80.]
 [ 80.  80.  80.  80.  80.  80.  80.  80.  80.  80.  80.  80.  80.  80.
   80.  80.  80.]
 [ 80.  80.  80.  80.  80.  80.  80.  80.  80.  80.  80.  80.  80.  80.
   80.  80.  80.]
 [ 80.  80.  80.  80.  80.  80.  80.  80.  80.  80.  80.  80.  80.  80.
   80.  80.  80.]
 [ 80.  80.  80.  80.  80.  80.  80.  80.  80.  80.  80.  80.  80.  80.
   80.  80.  80.]]
Difference:
 [[  0.   0.   0.   0.   0.   0.   0.   0.   0.   0.   0.   0.   0.   0.
    0.   0. -80.]
 [  0.   0.   0.   0.   0.   0.   0.   0.   0.   0.   0.   0.   0.   0.
    0.   0. -80.]
 [  0.   0.   0.   0.   0.   0.   0.   0.   0.   0.   0.   0.   0.   0.
    0.   0. -80.]
 [  0.   0.   0.   0.   0.   0.   0.   0.   0.   0.   0.   0.   0.   0.
    0.   0. -80.]
 [  0.   0.   0.   0.   0.   0.   0.   0.   0.   0.   0.   0.   0.   0.
    0.   0. -80.]
 [  0.   0.   0.   0.   0.   0.   0.   0.   0.   0.   0.   0.   0.   0.
    0.   0. -80.]
 [  0.   0.   0.   0.   0.   0.   0.   0.   0.   0.   0.   0.   0.   0.
    0.   0. -80.]
 [  0.   0.   0.   0.   0.   0.   0.   0.   0.   0.   0.   0.   0.   0.
    0.   0. -80.]
 [  0.   0.   0.   0.   0.   0.   0.   0.   0.   0.   0.   0.   0.   0.
    0.   0. -80.]
 [  0.   0.   0.   0.   0.   0.   0.   0.   0.   0.   0.   0.   0.   0.
    0.   0. -80.]
 [  0.   0.   0.   0.   0.   0.   0.   0.   0.   0.   0.   0.   0.   0.
    0.   0. -80.]
 [  0.   0.   0.   0.   0.   0.   0.   0.   0.   0.   0.   0.   0.   0.
    0.   0. -80.]
 [  0.   0.   0.   0.   0.   0.   0.   0.   0.   0.   0.   0.   0.   0.
    0.   0. -80.]
 [  0.   0.   0.   0.   0.   0.   0.   0.   0.   0.   0.   0.   0.   0.
    0.   0. -80.]
 [  0.   0.   0.   0.   0.   0.   0.   0.   0.   0.   0.   0.   0.   0.
    0.   0. -80.]
 [  0.   0.   0.   0.   0.   0.   0.   0.   0.   0.   0.   0.   0.   0.
    0.   0. -80.]]

BPG:  (1, 1)  TPB:  (16, 16)
BPG:  (1, 1)  TPB:  (16, 16)
FAILED! Dimensions:  (16, 16, 17)  Method:  CudaSharedMemory
Result:
 [[ 80.  80.  80.  80.  80.  80.  80.  80.  80.  80.  80.  80.  80.  80.
   80.  80.]
 [ 80.  80.  80.  80.  80.  80.  80.  80.  80.  80.  80.  80.  80.  80.
   80.  80.]
 [ 80.  80.  80.  80.  80.  80.  80.  80.  80.  80.  80.  80.  80.  80.
   80.  80.]
 [ 80.  80.  80.  80.  80.  80.  80.  80.  80.  80.  80.  80.  80.  80.
   80.  80.]
 [ 80.  80.  80.  80.  80.  80.  80.  80.  80.  80.  80.  80.  80.  80.
   80.  80.]
 [ 80.  80.  80.  80.  80.  80.  80.  80.  80.  80.  80.  80.  80.  80.
   80.  80.]
 [ 80.  80.  80.  80.  80.  80.  80.  80.  80.  80.  80.  80.  80.  80.
   80.  80.]
 [ 80.  80.  80.  80.  80.  80.  80.  80.  80.  80.  80.  80.  80.  80.
   80.  80.]
 [ 80.  80.  80.  80.  80.  80.  80.  80.  80.  80.  80.  80.  80.  80.
   80.  80.]
 [ 80.  80.  80.  80.  80.  80.  80.  80.  80.  80.  80.  80.  80.  80.
   80.  80.]
 [ 80.  80.  80.  80.  80.  80.  80.  80.  80.  80.  80.  80.  80.  80.
   80.  80.]
 [ 80.  80.  80.  80.  80.  80.  80.  80.  80.  80.  80.  80.  80.  80.
   80.  80.]
 [ 80.  80.  80.  80.  80.  80.  80.  80.  80.  80.  80.  80.  80.  80.
   80.  80.]
 [ 80.  80.  80.  80.  80.  80.  80.  80.  80.  80.  80.  80.  80.  80.
   80.  80.]
 [ 80.  80.  80.  80.  80.  80.  80.  80.  80.  80.  80.  80.  80.  80.
   80.  80.]
 [ 80.  80.  80.  80.  80.  80.  80.  80.  80.  80.  80.  80.  80.  80.
   80.  80.]]
Expected:
 [[ 85.  85.  85.  85.  85.  85.  85.  85.  85.  85.  85.  85.  85.  85.
   85.  85.]
 [ 85.  85.  85.  85.  85.  85.  85.  85.  85.  85.  85.  85.  85.  85.
   85.  85.]
 [ 85.  85.  85.  85.  85.  85.  85.  85.  85.  85.  85.  85.  85.  85.
   85.  85.]
 [ 85.  85.  85.  85.  85.  85.  85.  85.  85.  85.  85.  85.  85.  85.
   85.  85.]
 [ 85.  85.  85.  85.  85.  85.  85.  85.  85.  85.  85.  85.  85.  85.
   85.  85.]
 [ 85.  85.  85.  85.  85.  85.  85.  85.  85.  85.  85.  85.  85.  85.
   85.  85.]
 [ 85.  85.  85.  85.  85.  85.  85.  85.  85.  85.  85.  85.  85.  85.
   85.  85.]
 [ 85.  85.  85.  85.  85.  85.  85.  85.  85.  85.  85.  85.  85.  85.
   85.  85.]
 [ 85.  85.  85.  85.  85.  85.  85.  85.  85.  85.  85.  85.  85.  85.
   85.  85.]
 [ 85.  85.  85.  85.  85.  85.  85.  85.  85.  85.  85.  85.  85.  85.
   85.  85.]
 [ 85.  85.  85.  85.  85.  85.  85.  85.  85.  85.  85.  85.  85.  85.
   85.  85.]
 [ 85.  85.  85.  85.  85.  85.  85.  85.  85.  85.  85.  85.  85.  85.
   85.  85.]
 [ 85.  85.  85.  85.  85.  85.  85.  85.  85.  85.  85.  85.  85.  85.
   85.  85.]
 [ 85.  85.  85.  85.  85.  85.  85.  85.  85.  85.  85.  85.  85.  85.
   85.  85.]
 [ 85.  85.  85.  85.  85.  85.  85.  85.  85.  85.  85.  85.  85.  85.
   85.  85.]
 [ 85.  85.  85.  85.  85.  85.  85.  85.  85.  85.  85.  85.  85.  85.
   85.  85.]]
Difference:
 [[-5. -5. -5. -5. -5. -5. -5. -5. -5. -5. -5. -5. -5. -5. -5. -5.]
 [-5. -5. -5. -5. -5. -5. -5. -5. -5. -5. -5. -5. -5. -5. -5. -5.]
 [-5. -5. -5. -5. -5. -5. -5. -5. -5. -5. -5. -5. -5. -5. -5. -5.]
 [-5. -5. -5. -5. -5. -5. -5. -5. -5. -5. -5. -5. -5. -5. -5. -5.]
 [-5. -5. -5. -5. -5. -5. -5. -5. -5. -5. -5. -5. -5. -5. -5. -5.]
 [-5. -5. -5. -5. -5. -5. -5. -5. -5. -5. -5. -5. -5. -5. -5. -5.]
 [-5. -5. -5. -5. -5. -5. -5. -5. -5. -5. -5. -5. -5. -5. -5. -5.]
 [-5. -5. -5. -5. -5. -5. -5. -5. -5. -5. -5. -5. -5. -5. -5. -5.]
 [-5. -5. -5. -5. -5. -5. -5. -5. -5. -5. -5. -5. -5. -5. -5. -5.]
 [-5. -5. -5. -5. -5. -5. -5. -5. -5. -5. -5. -5. -5. -5. -5. -5.]
 [-5. -5. -5. -5. -5. -5. -5. -5. -5. -5. -5. -5. -5. -5. -5. -5.]
 [-5. -5. -5. -5. -5. -5. -5. -5. -5. -5. -5. -5. -5. -5. -5. -5.]
 [-5. -5. -5. -5. -5. -5. -5. -5. -5. -5. -5. -5. -5. -5. -5. -5.]
 [-5. -5. -5. -5. -5. -5. -5. -5. -5. -5. -5. -5. -5. -5. -5. -5.]
 [-5. -5. -5. -5. -5. -5. -5. -5. -5. -5. -5. -5. -5. -5. -5. -5.]
 [-5. -5. -5. -5. -5. -5. -5. -5. -5. -5. -5. -5. -5. -5. -5. -5.]]

Method: Basic                     , dims: (16, 17, 17)        , pass(1)/fail(0): 1,	 time (s): 0.0036416053771972656
Method: CudaGlobalMemory          , dims: (16, 17, 17)        , pass(1)/fail(0): 1,	 time (s): 0.002572774887084961
Method: CudaSharedMemory          , dims: (16, 17, 17)        , pass(1)/fail(0): 0,	 time (s): 0.002409219741821289

Method: Basic                     , dims: (17, 16, 17)        , pass(1)/fail(0): 1,	 time (s): 0.0035390853881835938
Method: CudaGlobalMemory          , dims: (17, 16, 17)        , pass(1)/fail(0): 1,	 time (s): 0.002087116241455078
Method: CudaSharedMemory          , dims: (17, 16, 17)        , pass(1)/fail(0): 0,	 time (s): 0.002143383026123047

Method: Basic                     , dims: (17, 17, 16)        , pass(1)/fail(0): 1,	 time (s): 0.003584146499633789
Method: CudaGlobalMemory          , dims: (17, 17, 16)        , pass(1)/fail(0): 1,	 time (s): 0.0020210742950439453
Method: CudaSharedMemory          , dims: (17, 17, 16)        , pass(1)/fail(0): 1,	 time (s): 0.002062559127807617

Method: Basic                     , dims: (17, 16, 16)        , pass(1)/fail(0): 1,	 time (s): 0.0034551620483398438
Method: CudaGlobalMemory          , dims: (17, 16, 16)        , pass(1)/fail(0): 1,	 time (s): 0.002035379409790039
Method: CudaSharedMemory          , dims: (17, 16, 16)        , pass(1)/fail(0): 0,	 time (s): 0.00199127197265625

Method: Basic                     , dims: (16, 17, 16)        , pass(1)/fail(0): 1,	 time (s): 0.003391742706298828
Method: CudaGlobalMemory          , dims: (16, 17, 16)        , pass(1)/fail(0): 1,	 time (s): 0.0023446083068847656
Method: CudaSharedMemory          , dims: (16, 17, 16)        , pass(1)/fail(0): 0,	 time (s): 0.0020017623901367188

Method: Basic                     , dims: (16, 16, 17)        , pass(1)/fail(0): 1,	 time (s): 0.002618074417114258
Method: CudaGlobalMemory          , dims: (16, 16, 17)        , pass(1)/fail(0): 1,	 time (s): 0.0017077922821044922
Method: CudaSharedMemory          , dims: (16, 16, 17)        , pass(1)/fail(0): 0,	 time (s): 0.0015413761138916016

