Device name: b'Tesla K80'
Compute capability: (3, 7)
Total global memory (GB): 11.173095703125
Free global memory (GB): 11.115966796875
Used global memory (GB): 0.05712890625
Max threads per block: 1024
Max block dimensions: x=1024, y=1024, z=64
Max grid dimensions: x=2147483647, y=65535, z=65535
Max shared memory per block (KB): 48.0
BPG:  (1, 1)  TPB:  (16, 16)
BPG:  (1, 1)  TPB:  (16, 16)
BPG:  (1, 2)  TPB:  (16, 16)
BPG:  (1, 1)  TPB:  (16, 16)
FAILED! Dimensions:  (16, 17, 16)  Method:  CudaGlobalMemory
Result:
 [[ 4.35926771  4.24896908  3.93602157  2.75502586  3.0276556   2.73493266
   3.48477697  3.716995    4.1520052   3.06328392  3.99875498  3.33212805
   3.11247945  3.88178945  3.97313547  2.94821239  0.        ]
 [ 5.42690516  5.0897007   4.82340813  4.20294809  4.9117341   3.34717059
   4.88182211  4.90733147  5.53285837  3.37641644  4.40066242  4.02404165
   4.07198668  4.87173748  5.36457491  3.66835189  0.        ]
 [ 5.58773661  5.33534193  4.75176907  3.51167583  4.07596111  3.3355217
   4.5715127   4.31058741  5.49492693  2.88906789  4.00944519  3.51216245
   3.25095153  3.8222928   5.18962717  3.57215691  0.        ]
 [ 4.30108547  4.83206558  3.67606187  3.29932475  3.53307486  3.05563807
   3.29715729  4.0089817   4.8184247   2.96334338  2.97524953  4.04458237
   3.78751731  4.39422512  5.02409554  2.62550831  0.        ]
 [ 5.50468493  5.30924177  4.45704079  3.37924337  3.94698048  3.2992878
   4.03356838  5.02377462  5.44260168  3.25765061  4.56104612  4.33568192
   3.86846209  5.071383    5.27974844  3.4780581   0.        ]
 [ 6.29315567  6.0630579   5.06619263  4.55060768  4.95979118  4.50018692
   4.96727037  6.02032614  5.86036396  3.04050469  4.27791786  5.06385803
   4.14855337  5.5620966   6.72613573  3.46792364  0.        ]
 [ 6.06585073  5.89906311  5.07569122  4.24724865  4.62403011  4.37190294
   4.69144058  5.59448195  5.52845621  3.74914908  4.90122843  4.96293974
   4.20133257  5.73851728  5.69640732  3.68219185  0.        ]
 [ 3.46078801  4.15952635  3.40149713  2.96600175  2.5722723   2.48847914
   2.51834369  3.40098238  3.46400261  2.01559067  2.54185462  2.89960623
   1.83335757  2.75804472  4.23453569  1.970011    0.        ]
 [ 5.26509714  4.76443577  3.94786763  3.36323547  3.93629813  3.48708773
   4.3110342   4.50309849  4.98993492  1.91792703  3.35858512  3.8041513
   3.07427359  3.74009705  4.97627974  3.36536121  0.        ]
 [ 4.40926981  3.97485685  3.49938416  3.10498595  3.25868726  2.60892606
   3.14545965  3.51602125  3.98502636  2.24481273  3.4733398   3.31434727
   2.27864361  3.8984077   4.40791464  2.70285296  0.        ]
 [ 5.17213631  4.89798307  4.34113455  3.71119809  4.28510904  3.92590642
   4.56267309  4.82514715  5.18145561  3.17184901  3.9128437   4.45866346
   4.42925692  4.88951492  5.15022564  3.33002162  0.        ]
 [ 6.07318449  5.17946243  4.58072901  3.69980192  4.58854198  3.66653943
   4.97619581  4.69260073  5.45656776  3.02864099  4.97809458  4.54236317
   3.78945971  5.04744196  5.03062963  4.04784632  0.        ]
 [ 3.92239141  3.76557779  3.28577685  2.74781394  3.82607388  2.80906129
   3.29342818  3.44329476  4.28635931  2.84917259  3.10929132  2.75138855
   2.86863303  3.87977505  3.59831548  2.66382933  0.        ]
 [ 3.96773243  4.15828085  3.88039637  2.73784304  2.90331912  2.5087769
   3.65307784  3.9330256   4.00312328  2.73220372  3.54181814  2.94125247
   3.18049097  3.54073167  4.14204502  2.53447199  0.        ]
 [ 4.92654848  4.20539522  3.86268759  3.40058947  4.34793568  4.13677692
   4.11204815  4.05058813  4.63043547  3.44922423  4.14441872  3.97995138
   3.3053298   4.69156313  4.4802804   3.38307762  0.        ]
 [ 4.84604168  4.96503973  4.26813793  3.81022191  3.85455322  3.53695989
   3.63053632  3.68886042  5.38536835  3.03013992  3.52962661  3.95425177
   3.07467961  4.09064674  4.91954947  3.05954742  0.        ]]
Expected:
 [[ 4.35926771  4.24896908  3.93602133  2.75502586  3.0276556   2.73493242
   3.48477697  3.716995    4.15200567  3.06328368  3.99875498  3.33212829
   3.11247945  3.88178921  3.97313547  2.94821286  3.96428394]
 [ 5.42690563  5.08970118  4.8234086   4.20294762  4.91173363  3.34717059
   4.88182211  4.90733147  5.53285837  3.37641668  4.40066242  4.02404213
   4.0719862   4.871737    5.36457491  3.66835189  4.71759129]
 [ 5.58773661  5.33534193  4.75176907  3.51167607  4.07596064  3.3355217
   4.57151222  4.31058741  5.49492741  2.88906765  4.00944471  3.51216245
   3.25095201  3.82229257  5.18962717  3.57215714  4.8425045 ]
 [ 4.30108595  4.83206558  3.67606187  3.29932451  3.53307486  3.05563784
   3.29715705  4.0089817   4.8184247   2.96334338  2.97524953  4.04458284
   3.78751731  4.39422512  5.02409554  2.62550831  4.62731266]
 [ 5.50468588  5.30924177  4.45704031  3.37924361  3.94698048  3.29928827
   4.03356886  5.02377462  5.44260168  3.25765061  4.56104612  4.33568239
   3.86846185  5.071383    5.27974844  3.47805762  4.9572506 ]
 [ 6.29315519  6.06305838  5.06619263  4.55060768  4.95979166  4.50018692
   4.9672699   6.02032661  5.86036348  3.04050469  4.27791739  5.06385803
   4.14855337  5.56209707  6.72613573  3.46792388  6.01507711]
 [ 6.06585073  5.89906406  5.07569122  4.24724817  4.62403011  4.37190294
   4.69144058  5.59448147  5.52845621  3.74914908  4.90122843  4.96293974
   4.20133257  5.73851824  5.69640779  3.68219185  5.73860693]
 [ 3.46078777  4.15952587  3.40149736  2.96600175  2.57227254  2.48847914
   2.51834393  3.40098238  3.46400261  2.01559043  2.54185462  2.89960647
   1.83335769  2.75804448  4.23453569  1.970011    3.40537477]
 [ 5.26509762  4.76443577  3.94786739  3.36323547  3.93629789  3.48708749
   4.3110342   4.50309801  4.9899354   1.91792703  3.35858536  3.8041513
   3.07427311  3.74009681  4.97627926  3.36536145  4.63668728]
 [ 4.40926981  3.97485662  3.4993844   3.10498595  3.25868702  2.60892606
   3.14545965  3.51602101  3.98502636  2.24481273  3.47333956  3.31434727
   2.27864361  3.89840746  4.40791464  2.70285296  3.88406658]
 [ 5.17213583  4.8979826   4.34113503  3.71119857  4.28510904  3.92590642
   4.56267309  4.82514668  5.18145609  3.17184901  3.91284347  4.45866346
   4.42925739  4.8895154   5.15022612  3.33002162  5.15881252]
 [ 6.07318401  5.17946291  4.58072853  3.69980192  4.58854198  3.66653943
   4.97619534  4.69260025  5.45656776  3.02864075  4.97809553  4.54236364
   3.78945971  5.04744196  5.03062963  4.04784632  5.06066036]
 [ 3.92239141  3.76557803  3.28577685  2.74781418  3.82607412  2.80906129
   3.29342842  3.443295    4.28635931  2.84917259  3.10929155  2.75138855
   2.86863303  3.87977552  3.59831524  2.66382909  3.11908054]
 [ 3.96773219  4.15828085  3.88039637  2.7378428   2.90331936  2.5087769
   3.65307736  3.93302608  4.00312328  2.73220396  3.54181814  2.94125271
   3.18049121  3.54073167  4.14204454  2.53447175  4.17004585]
 [ 4.92654848  4.20539522  3.86268783  3.40058947  4.34793568  4.13677692
   4.11204815  4.05058813  4.63043547  3.449224    4.14441919  3.97995138
   3.30532956  4.69156313  4.48027992  3.38307738  4.32471085]
 [ 4.84604168  4.96503973  4.26813793  3.81022215  3.85455322  3.53696012
   3.63053632  3.68886065  5.38536787  3.03013968  3.52962661  3.95425153
   3.07467961  4.09064674  4.91954994  3.05954766  4.08975077]]

BPG:  (1, 2)  TPB:  (16, 16)
BPG:  (2, 1)  TPB:  (16, 16)
BPG:  (2, 2)  TPB:  (16, 16)
BPG:  (2, 1)  TPB:  (16, 16)
FAILED! Dimensions:  (17, 17, 16)  Method:  CudaGlobalMemory
Result:
 [[ 2.81378984  2.5141151   3.06802392  3.68390203  2.96940923  2.94784117
   2.7282691   3.07015276  3.33087444  3.08160853  3.35291982  3.40936041
   2.8774395   3.09450626  3.07152629  2.19408178  0.        ]
 [ 2.80471754  1.69338107  1.9181335   3.0134151   2.05603671  2.85024214
   2.04679799  2.70872426  2.93806148  2.66877031  2.72958612  2.48669791
   1.70380569  2.83715415  2.79262066  1.16491687  0.        ]
 [ 3.68250728  3.60699415  2.69267702  4.54794645  3.58346272  3.21989274
   3.266119    3.94618464  2.76882362  3.45483446  3.66537142  3.28649616
   2.74841714  4.21838522  3.52121067  2.92450809  0.        ]
 [ 4.49621916  4.41557407  4.28910637  5.68517685  4.87916708  4.38583946
   3.82279706  5.33816242  4.06166267  3.97378755  4.92728472  3.87232232
   3.7675209   5.0662365   3.6106534   4.00629568  0.        ]
 [ 2.64932966  2.45664501  1.92516494  3.30637097  2.54812598  3.17306614
   2.47238779  2.98401427  2.51075816  2.56776762  3.1536262   2.30561543
   2.49056482  2.7461319   2.25646472  1.95867002  0.        ]
 [ 3.91093063  3.761199    3.81345081  4.7349453   3.89283776  4.19681406
   3.45393729  4.56548119  3.46774459  3.74911523  4.20501757  3.16432476
   3.50141597  4.30330563  3.44534588  3.37616754  0.        ]
 [ 3.87610221  4.26017284  3.7225585   5.76076841  4.76251268  4.09983444
   3.60180426  5.41503143  3.93734169  4.17078304  4.34367943  3.7051959
   3.21557808  5.15126085  3.91199279  3.85324144  0.        ]
 [ 4.70680094  4.15684414  2.93209004  5.18885946  3.94107628  4.01412249
   3.58067632  4.4573617   3.77674079  4.16924047  4.90772343  4.01769638
   3.0111239   5.17952061  3.84874177  3.06658673  0.        ]
 [ 2.53553843  2.58739996  2.17939973  3.17095685  3.14104533  2.44527841
   2.06709695  3.24323368  2.78305745  2.16716957  2.80934429  2.44088507
   2.14384055  2.85288668  1.89649177  2.2005558   0.        ]
 [ 3.8351965   3.53822708  3.60695219  5.46822309  4.73558807  3.7789278
   3.69264913  4.74175596  3.4422369   4.04398251  4.13306808  4.049088
   3.40810728  4.5598135   4.16327477  3.4902041   0.        ]
 [ 4.05638695  4.14199734  3.64357424  5.01266718  4.3512063   4.56416321
   3.62465453  4.80058336  4.86868572  4.73954248  4.60513783  3.90314794
   3.43022609  4.25688696  4.21864796  3.3097589   0.        ]
 [ 3.84708762  3.58794951  3.28425646  4.36743975  3.69078469  3.83601975
   3.50248981  3.54664111  3.69777441  3.77915311  4.89844799  3.7500546
   3.87893081  4.10029364  2.92171669  3.29794288  0.        ]
 [ 3.78426075  3.8833406   2.34191179  4.62349176  3.37228513  3.59642172
   3.17479134  3.90213203  2.89997005  2.97457671  3.8456943   3.49649262
   3.23235536  4.11027288  2.8051455   2.58434248  0.        ]
 [ 4.74097586  3.8964386   4.52807283  4.95103455  4.17540264  4.31924009
   4.03661251  4.56865215  4.52758789  4.22927094  5.24366617  4.1378274
   4.01865387  4.59398413  3.7349546   3.54238391  0.        ]
 [ 2.89817095  2.40069818  3.05903935  3.54913378  3.28821993  3.15800261
   2.45218611  3.20176125  3.43614745  2.88662171  3.60136628  3.12250566
   2.92656136  3.27904177  2.5370636   2.40095735  0.        ]
 [ 4.09104919  3.2093792   2.50021911  4.80835199  3.36591792  3.48359561
   3.38245893  4.09205341  3.58085418  3.50904512  3.80917645  3.54772234
   2.80697703  4.39824295  3.04805517  2.51204181  0.        ]
 [ 3.47691965  3.01464868  3.26674175  4.85076809  3.94794703  3.67312527
   3.11940789  4.31290531  3.56257319  3.59155703  3.66871929  3.53056002
   2.94605422  3.94028926  3.35136366  2.73515153  0.        ]]
Expected:
 [[ 2.81378984  2.5141151   3.06802368  3.68390203  2.96940923  2.94784117
   2.72826886  3.07015276  3.33087444  3.08160853  3.35291982  3.40936041
   2.8774395   3.09450626  3.07152677  2.19408154  2.62974238]
 [ 2.80471778  1.69338095  1.91813362  3.0134151   2.05603671  2.8502419
   2.04679823  2.70872426  2.93806148  2.66877055  2.72958636  2.48669791
   1.70380569  2.83715415  2.79262066  1.16491675  3.02963495]
 [ 3.68250751  3.60699415  2.69267702  4.54794693  3.58346248  3.21989298
   3.266119    3.94618464  2.76882362  3.45483446  3.66537142  3.2864964
   2.7484169   4.21838522  3.52121067  2.92450809  3.48786831]
 [ 4.49621916  4.41557407  4.28910685  5.68517685  4.87916756  4.38583946
   3.82279706  5.33816195  4.06166267  3.97378755  4.92728472  3.8723228
   3.7675209   5.0662365   3.6106534   4.00629568  4.43974543]
 [ 2.64932942  2.45664501  1.92516482  3.30637097  2.54812598  3.17306638
   2.47238803  2.98401451  2.51075816  2.56776738  3.1536262   2.30561519
   2.49056482  2.7461319   2.25646472  1.95867002  3.26499462]
 [ 3.91093087  3.76119876  3.81345057  4.73494482  3.89283776  4.19681406
   3.45393729  4.56548071  3.46774411  3.74911523  4.20501709  3.164325
   3.50141597  4.30330563  3.44534516  3.37616754  4.02750683]
 [ 3.87610245  4.26017284  3.72255874  5.76076746  4.76251221  4.09983444
   3.60180402  5.41503096  3.93734217  4.17078257  4.3436799   3.70519614
   3.21557808  5.15126133  3.91199279  3.85324121  4.20673561]
 [ 4.70680094  4.15684414  2.93209028  5.18885994  3.94107652  4.01412249
   3.58067632  4.45736217  3.77674079  4.16924047  4.9077239   4.01769638
   3.01112366  5.17952108  3.84874177  3.06658673  5.23776054]
 [ 2.53553843  2.5874002   2.17939973  3.17095661  3.14104557  2.44527864
   2.06709695  3.24323368  2.78305745  2.16716957  2.80934429  2.44088507
   2.14384079  2.85288668  1.89649177  2.20055604  2.31777072]
 [ 3.83519673  3.53822708  3.60695243  5.46822309  4.7355876   3.77892756
   3.69264913  4.74175596  3.4422369   4.04398251  4.13306761  4.049088
   3.40810728  4.55981398  4.16327477  3.49020433  3.79639935]
 [ 4.05638695  4.14199734  3.64357424  5.01266718  4.3512063   4.56416273
   3.62465477  4.80058336  4.86868477  4.73954296  4.60513783  3.90314817
   3.43022609  4.25688744  4.21864796  3.30975866  4.3104105 ]
 [ 3.84708738  3.58794951  3.28425622  4.36743975  3.69078445  3.83601999
   3.50249004  3.54664111  3.69777441  3.77915335  4.89844799  3.75005484
   3.87893057  4.10029364  2.92171669  3.29794264  4.15392113]
 [ 3.78426075  3.88334084  2.34191203  4.62349224  3.37228513  3.59642124
   3.17479157  3.90213203  2.89997005  2.97457671  3.8456943   3.49649262
   3.23235536  4.11027288  2.8051455   2.58434248  3.78167892]
 [ 4.74097538  3.89643884  4.52807236  4.95103455  4.17540264  4.31924009
   4.03661251  4.56865215  4.52758789  4.22927094  5.2436657   4.1378274
   4.01865387  4.5939846   3.73495436  3.54238415  4.42596531]
 [ 2.89817095  2.40069818  3.05903935  3.54913402  3.28822041  3.15800285
   2.45218635  3.20176125  3.43614769  2.88662171  3.60136604  3.12250566
   2.92656136  3.27904201  2.5370636   2.40095758  2.80631614]
 [ 4.09104967  3.20937896  2.50021935  4.80835247  3.36591792  3.48359561
   3.38245893  4.09205341  3.58085418  3.50904489  3.80917645  3.54772234
   2.8069768   4.39824295  3.0480547   2.51204205  4.02140236]
 [ 3.47691965  3.01464891  3.26674199  4.85076809  3.94794703  3.67312527
   3.11940813  4.31290483  3.56257319  3.59155703  3.66871953  3.53056002
   2.94605398  3.94028902  3.3513639   2.73515129  3.50326109]]

BPG:  (2, 2)  TPB:  (16, 16)
Method: CudaGlobalMemory          , dims: (16, 16, 16)        , pass(1)/fail(0): 1,	 time (s): 0.002042531967163086

Method: CudaGlobalMemory          , dims: (16, 16, 17)        , pass(1)/fail(0): 1,	 time (s): 0.002047300338745117

Method: CudaGlobalMemory          , dims: (16, 17, 16)        , pass(1)/fail(0): 0,	 time (s): 0.001982450485229492

Method: CudaGlobalMemory          , dims: (16, 17, 17)        , pass(1)/fail(0): 1,	 time (s): 0.0018987655639648438

Method: CudaGlobalMemory          , dims: (17, 16, 16)        , pass(1)/fail(0): 1,	 time (s): 0.001920938491821289

Method: CudaGlobalMemory          , dims: (17, 16, 17)        , pass(1)/fail(0): 1,	 time (s): 0.0018939971923828125

Method: CudaGlobalMemory          , dims: (17, 17, 16)        , pass(1)/fail(0): 0,	 time (s): 0.0019428730010986328

Method: CudaGlobalMemory          , dims: (17, 17, 17)        , pass(1)/fail(0): 1,	 time (s): 0.0019388198852539062

BPG:  (1, 1)  TPB:  (16, 16)
BPG:  (1, 1)  TPB:  (16, 16)
BPG:  (1, 2)  TPB:  (16, 16)
BPG:  (1, 1)  TPB:  (16, 16)
FAILED! Dimensions:  (16, 17, 16)  Method:  CudaGlobalMemory
Result:
 [[ 4.12801313  3.29343486  4.74945784  4.05495405  4.26680851  4.10599852
   4.33935595  3.52234197  4.70218754  5.1076088   3.9241097   3.90604472
   4.19500732  4.61755276  3.48602724  4.2509079   0.        ]
 [ 3.4530797   2.97193933  4.02772379  3.32260537  3.37353039  2.96935844
   4.3346014   3.69046235  4.58574343  5.10297346  3.61134219  3.3040688
   4.27300882  3.80356193  3.49611139  3.79033208  0.        ]
 [ 4.39036036  3.02479959  4.76126766  4.30748463  4.45611954  3.77756667
   4.7226038   3.45593119  4.64530039  5.75303602  4.10337162  3.91227031
   4.36357498  4.63906717  3.98682714  4.05856705  0.        ]
 [ 2.88928246  3.70040441  3.26396799  3.74092197  4.38531065  3.34933949
   3.77664471  2.54638386  3.28640032  3.95935965  2.89487696  4.17814779
   3.14080286  3.84029937  2.84181547  3.55744433  0.        ]
 [ 2.57692671  2.23700452  3.61277294  2.79445267  3.9418869   2.81816554
   3.44744754  1.81427038  3.05984402  3.09026909  2.1361022   2.95924473
   2.6047554   2.75738907  2.231776    3.44279432  0.        ]
 [ 4.29959536  4.29062986  5.71046543  5.27333879  5.41418171  5.12645245
   5.07377052  4.53818989  5.57914829  5.75061941  4.45909166  4.99816751
   5.26772308  5.21258926  5.19869232  5.3317709   0.        ]
 [ 3.41132808  3.39966035  4.28977394  4.42885971  4.23555326  4.16017199
   4.23591471  3.43859053  4.08602524  4.88177347  3.37508702  4.43694305
   4.29665184  4.49720716  4.04030991  4.30019999  0.        ]
 [ 3.95134163  3.32916141  4.50762415  4.47223282  4.73832893  3.44959283
   4.34611654  2.95692086  3.89742637  5.11740971  3.85191894  4.40523434
   4.13743114  4.20684862  3.49209118  4.39825201  0.        ]
 [ 4.05173349  3.7023766   5.10780001  4.19978905  5.86330891  4.07467508
   4.54584408  4.08055544  4.75178289  4.83591318  4.22424507  4.43111706
   4.84874916  4.8584156   4.67879963  4.88081646  0.        ]
 [ 3.01354933  2.96494174  4.07966661  3.62067986  3.80583215  3.7868433
   4.63934898  3.12607145  3.83332372  4.66648483  2.89000273  4.105299
   3.41037321  3.86864948  3.55592775  4.57328749  0.        ]
 [ 3.19062018  3.15795469  3.68216515  3.49134707  3.56205845  2.70837975
   3.81704712  2.87240744  3.61117244  4.01367569  3.5868113   2.8177557
   3.39002061  3.02959847  3.2237401   3.45234013  0.        ]
 [ 3.59576988  3.56883883  4.54073715  4.03794479  4.03239822  3.5591588
   5.28848743  3.83395267  4.67798042  5.3251338   3.73323441  3.8695786
   4.67575026  4.23819256  4.06378794  4.95980883  0.        ]
 [ 2.52211952  2.57926798  3.05008554  2.71696687  3.10974121  2.64233255
   3.36220026  2.66102457  3.08518887  3.48036122  2.63733625  3.00736952
   3.0754385   3.66935968  3.05760789  3.43051028  0.        ]
 [ 3.42924142  3.38411236  4.68443537  4.80930233  4.13500357  4.49682617
   4.25908661  3.26184416  3.80702233  4.93039989  2.85022116  4.82072735
   3.57461953  3.95882893  3.77093291  4.45085573  0.        ]
 [ 3.89745116  3.84923983  5.57046843  5.09139585  4.92282486  5.64830446
   5.46105862  3.79065323  4.87626648  5.75565529  3.35893011  5.75179577
   4.16374159  5.48106337  4.48166418  5.9889698   0.        ]
 [ 3.95885372  3.44282389  5.47114038  4.46728277  4.93408966  4.41968536
   4.99198627  3.53431916  4.78399944  5.14037323  3.73790455  4.65023422
   4.39380074  4.13405466  3.94688582  5.09950113  0.        ]]
Expected:
 [[ 4.12801313  3.29343486  4.74945784  4.05495405  4.26680803  4.10599852
   4.33935547  3.52234197  4.70218754  5.10760927  3.92410994  3.90604472
   4.19500732  4.61755228  3.48602676  4.25090837  3.79171443]
 [ 3.45307946  2.97193909  4.02772427  3.32260537  3.37353063  2.96935797
   4.33460093  3.69046235  4.58574343  5.10297346  3.61134267  3.3040688
   4.27300882  3.80356193  3.49611163  3.7903316   3.8076067 ]
 [ 4.39036083  3.02479935  4.76126814  4.30748463  4.45612001  3.77756667
   4.72260427  3.45593119  4.64530039  5.75303602  4.1033721   3.91227055
   4.36357498  4.63906717  3.9868269   4.05856752  4.03234196]
 [ 2.88928246  3.70040464  3.26396823  3.74092197  4.38531065  3.34933972
   3.77664447  2.54638386  3.28640032  3.95935988  2.89487696  4.17814732
   3.14080286  3.84029937  2.84181547  3.55744433  3.24208975]
 [ 2.57692671  2.23700452  3.61277294  2.79445267  3.94188714  2.8181653
   3.44744754  1.81427038  3.05984426  3.09026909  2.1361022   2.95924473
   2.60475564  2.75738883  2.231776    3.44279408  3.19462109]
 [ 4.29959536  4.29062939  5.71046543  5.27333927  5.41418171  5.12645197
   5.073771    4.53818941  5.57914829  5.75061989  4.45909214  4.99816751
   5.26772356  5.21258974  5.1986928   5.3317709   5.75530815]
 [ 3.41132832  3.39965987  4.28977394  4.42885971  4.23555326  4.16017199
   4.23591471  3.43859053  4.08602571  4.88177347  3.37508726  4.43694305
   4.29665184  4.49720716  4.04030991  4.30019999  4.61672115]
 [ 3.95134163  3.32916164  4.50762367  4.47223234  4.73832893  3.44959307
   4.34611607  2.95692086  3.89742613  5.11740971  3.85191917  4.40523386
   4.13743114  4.2068491   3.49209118  4.39825249  3.98041916]
 [ 4.05173349  3.70237684  5.10779953  4.19978905  5.86330891  4.07467508
   4.5458436   4.08055544  4.75178289  4.8359127   4.22424555  4.43111753
   4.84874916  4.85841513  4.67879915  4.88081646  4.56620693]
 [ 3.01354933  2.96494174  4.07966661  3.62067986  3.80583191  3.7868433
   4.63934946  3.12607121  3.83332372  4.66648436  2.89000249  4.105299
   3.41037321  3.86864996  3.55592799  4.57328749  3.82633305]
 [ 3.19062018  3.15795445  3.68216515  3.49134684  3.56205869  2.70837951
   3.81704712  2.87240744  3.6111722   4.01367569  3.58681107  2.81775594
   3.39002061  3.02959824  3.22374034  3.45234036  3.42767143]
 [ 3.59576964  3.56883883  4.54073763  4.03794432  4.03239822  3.55915856
   5.28848743  3.83395267  4.6779809   5.3251338   3.73323441  3.8695786
   4.67575026  4.23819256  4.06378841  4.95980883  4.85816669]
 [ 2.52211952  2.57926774  3.05008554  2.71696687  3.10974121  2.64233232
   3.36220026  2.66102481  3.08518887  3.48036098  2.63733602  3.00736976
   3.07543874  3.66935945  3.05760813  3.43051028  3.30616999]
 [ 3.42924166  3.38411236  4.68443537  4.80930281  4.13500357  4.49682617
   4.25908661  3.26184416  3.80702209  4.93039989  2.85022116  4.82072735
   3.57461953  3.95882869  3.77093291  4.45085573  4.39447498]
 [ 3.89745116  3.84923983  5.57046795  5.09139633  4.92282391  5.64830494
   5.46105862  3.79065323  4.87626696  5.75565529  3.35892987  5.75179577
   4.16374207  5.48106384  4.48166418  5.98896933  5.28708458]
 [ 3.95885372  3.44282365  5.47114038  4.4672823   4.93408966  4.41968536
   4.99198627  3.5343194   4.78399944  5.14037323  3.73790455  4.65023422
   4.39380074  4.13405514  3.94688559  5.09950161  4.69322968]]

BPG:  (1, 2)  TPB:  (16, 16)
BPG:  (2, 1)  TPB:  (16, 16)
BPG:  (2, 2)  TPB:  (16, 16)
BPG:  (2, 1)  TPB:  (16, 16)
FAILED! Dimensions:  (17, 17, 16)  Method:  CudaGlobalMemory
Result:
 [[ 6.04694033  5.15027809  3.19757342  4.56700277  3.54857111  4.75016308
   3.77271032  4.28023386  4.83875275  4.04930115  4.94538212  3.8037703
   3.39658356  4.51202011  4.99323845  3.89065242  0.        ]
 [ 6.56533146  6.1155262   3.69997692  5.51792526  3.90086365  5.18509054
   4.72172785  5.22127819  5.38623524  5.19397783  5.51336956  4.92748451
   3.83352733  4.44154644  5.10104227  4.70014572  0.        ]
 [ 4.73008633  4.1838665   2.74791813  3.0167582   3.31656837  4.54239702
   2.91029453  4.19304657  3.73634195  3.93113256  4.5700016   3.2249136
   2.65341091  2.9586308   3.98322058  3.7007494   0.        ]
 [ 5.82069683  4.73900318  3.42325163  4.31620216  3.67316651  4.78892565
   4.18544292  5.01552486  4.79364538  4.20363808  4.78096294  3.99680424
   3.32953668  3.74453902  4.30364323  4.47803926  0.        ]
 [ 7.09455538  5.96127748  3.74564385  5.64271593  3.77124524  5.26147604
   4.04008245  4.85900974  5.67938614  4.85544157  5.52037334  5.52743578
   3.90046453  4.6593256   4.86908293  5.51886463  0.        ]
 [ 5.61676836  3.79371214  3.23940992  3.79101968  3.559973    4.43978024
   3.13593388  4.72422838  4.27266598  3.84079385  4.506392    3.56353903
   3.20827341  3.87491274  4.0410924   4.65332365  0.        ]
 [ 4.53510761  3.8948555   2.17359161  3.10502028  2.86754775  3.66153526
   2.60923719  2.90928292  3.92072749  3.48030663  3.96858501  3.69344449
   2.8358233   3.13728452  3.8977263   3.6097753   0.        ]
 [ 5.45941257  4.18455315  3.15565324  3.66491055  3.27192926  4.58907509
   3.3694849   4.26339722  4.84042406  4.06231499  4.76524591  3.82298064
   3.43676186  3.14526105  4.46286249  4.54330921  0.        ]
 [ 4.5154376   3.70346594  2.10631895  3.38301921  2.44710779  3.42737412
   2.50303435  2.21022916  3.92599154  3.44216013  3.36369014  3.40344238
   2.93060589  2.9560914   3.37008619  3.86196947  0.        ]
 [ 5.88577652  5.00258064  3.51484632  4.08215618  3.64343643  4.88014555
   3.33692479  4.75293207  4.41162252  4.63498354  5.52131557  4.13000631
   3.18287778  3.06152272  4.167768    4.91381216  0.        ]
 [ 5.8804059   4.22489357  3.57093835  4.12019634  3.03157377  4.44950676
   3.41803837  4.63611412  4.79768181  4.04459047  4.98244524  3.87402987
   3.4703238   3.52965665  4.45739985  4.50947475  0.        ]
 [ 4.54567671  3.58905125  2.23570323  2.77643561  2.83889508  3.95162129
   2.79166865  2.91429329  3.49917674  3.2239325   3.74351716  2.89139128
   2.32132125  2.50134659  2.93993545  3.17959666  0.        ]
 [ 6.21076536  5.25687075  2.78620005  4.98443127  3.17733717  4.66718817
   3.56416583  3.25936747  4.9536829   4.65820932  4.69063663  4.18579483
   3.5699439   3.66360378  4.26791239  4.67599678  0.        ]
 [ 5.1712904   4.35550785  3.44737697  3.39980555  3.44097328  4.44874859
   3.05413437  4.12119961  4.97345114  3.90617871  4.30297041  3.47676015
   3.44162202  3.41345239  4.43584681  4.69963455  0.        ]
 [ 6.97407103  4.86789322  3.1579411   5.03771544  3.46310616  5.35901642
   4.06467152  4.9686451   4.98101377  5.10349941  5.45054674  4.45009804
   4.19650841  4.10780096  4.77060413  5.49334669  0.        ]
 [ 4.40009785  3.11793947  2.68139696  2.78117633  2.51699066  3.37983775
   2.31162047  3.30579805  3.68331766  2.7716186   3.59651756  3.17413163
   2.38641095  2.78725648  2.98756313  3.58882475  0.        ]
 [ 7.3154273   5.66977215  3.87955832  5.32698727  3.88887739  5.71140957
   3.81895018  5.617167    5.05934763  5.13659382  5.66605663  5.05420446
   4.22445726  4.69466114  5.27449512  6.10390711  0.        ]]
Expected:
 [[ 6.04693937  5.15027761  3.19757366  4.5670023   3.54857087  4.75016308
   3.77271032  4.28023434  4.83875227  4.04930162  4.94538212  3.8037703
   3.39658356  4.51201963  4.99323845  3.89065242  4.78490353]
 [ 6.56533194  6.11552668  3.69997668  5.51792479  3.90086365  5.18509054
   4.72172785  5.22127867  5.38623571  5.19397831  5.51336956  4.92748404
   3.83352709  4.44154644  5.10104227  4.7001462   5.6375289 ]
 [ 4.7300868   4.18386698  2.74791813  3.0167582   3.31656814  4.54239702
   2.91029429  4.19304705  3.73634171  3.93113279  4.57000113  3.2249136
   2.65341091  2.95863056  3.98322082  3.70074964  4.59448624]
 [ 5.82069683  4.73900223  3.42325163  4.31620264  3.67316651  4.78892565
   4.18544292  5.01552486  4.79364491  4.20363808  4.78096294  3.996804
   3.32953668  3.74453878  4.30364323  4.47803926  5.46354198]
 [ 7.09455538  5.96127748  3.74564409  5.64271593  3.77124524  5.26147652
   4.04008245  4.85900974  5.67938614  4.85544157  5.52037334  5.52743626
   3.9004643   4.65932608  4.86908293  5.51886463  6.13377285]
 [ 5.61676884  3.79371238  3.2394104   3.79101944  3.55997276  4.43977976
   3.13593364  4.72422838  4.27266502  3.84079409  4.506392    3.56353879
   3.20827317  3.87491322  4.0410924   4.65332365  5.1406908 ]
 [ 4.53510761  3.8948555   2.17359161  3.10502028  2.86754799  3.6615355
   2.60923696  2.90928292  3.92072773  3.48030639  3.96858501  3.69344473
   2.83582354  3.13728452  3.8977263   3.60977554  4.2347002 ]
 [ 5.4594121   4.18455315  3.15565348  3.66491055  3.2719295   4.58907509
   3.36948466  4.26339722  4.84042358  4.06231451  4.76524544  3.82298088
   3.43676186  3.14526129  4.46286249  4.54330873  5.54576492]
 [ 4.5154376   3.7034657   2.10631895  3.38301945  2.44710779  3.42737436
   2.50303435  2.21022916  3.92599154  3.44216037  3.3636899   3.40344262
   2.93060589  2.95609188  3.37008619  3.86196947  3.6049161 ]
 [ 5.885777    5.00258017  3.51484656  4.08215666  3.64343619  4.88014555
   3.33692455  4.75293207  4.411623    4.63498354  5.52131557  4.13000631
   3.18287754  3.06152296  4.167768    4.91381264  5.04968596]
 [ 5.8804059   4.22489357  3.57093835  4.12019634  3.03157401  4.44950628
   3.41803861  4.63611364  4.79768229  4.04459047  4.98244524  3.87402964
   3.4703238   3.52965665  4.45739985  4.50947523  5.48560333]
 [ 4.54567719  3.58905149  2.23570323  2.77643561  2.83889484  3.95162129
   2.79166842  2.91429353  3.49917674  3.22393274  3.74351716  2.89139104
   2.32132125  2.50134683  2.93993545  3.1795969   4.1642642 ]
 [ 6.21076488  5.25687075  2.78620005  4.98443127  3.17733741  4.66718817
   3.56416583  3.2593677   4.95368242  4.65820932  4.69063616  4.18579483
   3.56994367  3.66360378  4.26791239  4.67599678  4.57142353]
 [ 5.1712904   4.35550785  3.44737744  3.39980555  3.44097304  4.44874859
   3.05413413  4.12119961  4.97345066  3.90617895  4.30297041  3.47676015
   3.44162226  3.41345239  4.43584681  4.69963455  5.02866793]
 [ 6.97407103  4.86789322  3.15794086  5.03771591  3.46310616  5.35901594
   4.06467152  4.9686451   4.98101425  5.10349894  5.45054674  4.45009804
   4.19650841  4.10780096  4.77060413  5.49334669  5.76873064]
 [ 4.40009785  3.11793923  2.6813972   2.78117633  2.51699066  3.37983775
   2.31162047  3.30579805  3.68331742  2.77161884  3.59651756  3.17413163
   2.38641071  2.78725648  2.98756289  3.58882499  4.37523651]
 [ 7.3154273   5.66977262  3.87955856  5.32698727  3.88887715  5.71140957
   3.81894994  5.617167    5.05934811  5.13659382  5.66605663  5.05420446
   4.22445726  4.69466114  5.2744956   6.10390663  5.94374657]]

BPG:  (2, 2)  TPB:  (16, 16)
Method: CudaGlobalMemory          , dims: (16, 16, 16)        , pass(1)/fail(0): 1,	 time (s): 0.0023086071014404297

Method: CudaGlobalMemory          , dims: (16, 16, 17)        , pass(1)/fail(0): 1,	 time (s): 0.002153158187866211

Method: CudaGlobalMemory          , dims: (16, 17, 16)        , pass(1)/fail(0): 0,	 time (s): 0.0018656253814697266

Method: CudaGlobalMemory          , dims: (16, 17, 17)        , pass(1)/fail(0): 1,	 time (s): 0.001909017562866211

Method: CudaGlobalMemory          , dims: (17, 16, 16)        , pass(1)/fail(0): 1,	 time (s): 0.002082347869873047

Method: CudaGlobalMemory          , dims: (17, 16, 17)        , pass(1)/fail(0): 1,	 time (s): 0.0018737316131591797

Method: CudaGlobalMemory          , dims: (17, 17, 16)        , pass(1)/fail(0): 0,	 time (s): 0.001920461654663086

Method: CudaGlobalMemory          , dims: (17, 17, 17)        , pass(1)/fail(0): 1,	 time (s): 0.002011537551879883

BPG:  (1, 1)  TPB:  (16, 16)
BPG:  (2, 2)  TPB:  (16, 16)
BPG:  (2, 2)  TPB:  (16, 16)
BPG:  (2, 2)  TPB:  (16, 16)
BPG:  (2, 2)  TPB:  (16, 16)
BPG:  (2, 2)  TPB:  (16, 16)
BPG:  (2, 2)  TPB:  (16, 16)
BPG:  (2, 2)  TPB:  (16, 16)
BPG:  (2, 2)  TPB:  (16, 16)
Method: CudaGlobalMemory          , dims: (32, 32, 32)        , pass(1)/fail(0): 1,	 time (s): 0.0018765926361083984

Method: CudaGlobalMemory          , dims: (32, 32, 31)        , pass(1)/fail(0): 1,	 time (s): 0.0018622875213623047

Method: CudaGlobalMemory          , dims: (32, 31, 32)        , pass(1)/fail(0): 1,	 time (s): 0.0021619796752929688

Method: CudaGlobalMemory          , dims: (32, 31, 31)        , pass(1)/fail(0): 1,	 time (s): 0.0022878646850585938

Method: CudaGlobalMemory          , dims: (31, 32, 32)        , pass(1)/fail(0): 1,	 time (s): 0.0018630027770996094

Method: CudaGlobalMemory          , dims: (31, 32, 31)        , pass(1)/fail(0): 1,	 time (s): 0.0018908977508544922

Method: CudaGlobalMemory          , dims: (31, 31, 32)        , pass(1)/fail(0): 1,	 time (s): 0.001983165740966797

Method: CudaGlobalMemory          , dims: (31, 31, 31)        , pass(1)/fail(0): 1,	 time (s): 0.0018913745880126953

