Device name: b'NVIDIA GeForce RTX 2080 Ti'
Compute capability: (7, 5)
Total global memory (GB): 10.75341796875
Free global memory (GB): 10.5992431640625
Used global memory (GB): 0.1541748046875
Max threads per block: 1024
Max block dimensions: x=1024, y=1024, z=64
Max grid dimensions: x=2147483647, y=65535, z=65535
Max shared memory per block (KB): 48.0
Method: Numpy                     , dims: (8, 8, 8)           , pass(1)/fail(0): 1,	 time (s): 3.0994415283203125e-05
Method: JitNumpy                  , dims: (8, 8, 8)           , pass(1)/fail(0): 1,	 time (s): 1.7881393432617188e-05
Method: CudaGlobalMemory          , dims: (8, 8, 8)           , pass(1)/fail(0): 1,	 time (s): 0.002493619918823242
Method: CudaSharedMemorySquare    , dims: (8, 8, 8)           , pass(1)/fail(0): 1,	 time (s): 0.001528024673461914
Method: CudaSharedMemoryGeneral   , dims: (8, 8, 8)           , pass(1)/fail(0): 1,	 time (s): 0.001451253890991211
Method: Numpy                     , dims: (8, 8, 2)           , pass(1)/fail(0): 1,	 time (s): 2.6226043701171875e-06
Method: JitNumpy                  , dims: (8, 8, 2)           , pass(1)/fail(0): 1,	 time (s): 3.5762786865234375e-06
Method: CudaGlobalMemory          , dims: (8, 8, 2)           , pass(1)/fail(0): 1,	 time (s): 0.0013568401336669922
Method: CudaSharedMemorySquare    , dims: (8, 8, 2)           , pass(1)/fail(0): 0,	 time (s): 0.001407623291015625
Method: CudaSharedMemoryGeneral   , dims: (8, 8, 2)           , pass(1)/fail(0): 1,	 time (s): 0.0014908313751220703
Method: Numpy                     , dims: (8, 8, 4)           , pass(1)/fail(0): 1,	 time (s): 3.0994415283203125e-06
Method: JitNumpy                  , dims: (8, 8, 4)           , pass(1)/fail(0): 1,	 time (s): 3.814697265625e-06
Method: CudaGlobalMemory          , dims: (8, 8, 4)           , pass(1)/fail(0): 1,	 time (s): 0.0015265941619873047
Method: CudaSharedMemorySquare    , dims: (8, 8, 4)           , pass(1)/fail(0): 0,	 time (s): 0.0018029212951660156
Method: CudaSharedMemoryGeneral   , dims: (8, 8, 4)           , pass(1)/fail(0): 1,	 time (s): 0.0015804767608642578
Method: Numpy                     , dims: (8, 2, 8)           , pass(1)/fail(0): 1,	 time (s): 2.86102294921875e-06
Method: JitNumpy                  , dims: (8, 2, 8)           , pass(1)/fail(0): 1,	 time (s): 6.198883056640625e-06
Method: CudaGlobalMemory          , dims: (8, 2, 8)           , pass(1)/fail(0): 1,	 time (s): 0.001628875732421875
Method: CudaSharedMemorySquare    , dims: (8, 2, 8)           , pass(1)/fail(0): 0,	 time (s): 0.0023851394653320312
Method: CudaSharedMemoryGeneral   , dims: (8, 2, 8)           , pass(1)/fail(0): 1,	 time (s): 0.00147247314453125
Method: Numpy                     , dims: (8, 2, 2)           , pass(1)/fail(0): 1,	 time (s): 3.0994415283203125e-06
Method: JitNumpy                  , dims: (8, 2, 2)           , pass(1)/fail(0): 1,	 time (s): 1.9073486328125e-05
Method: CudaGlobalMemory          , dims: (8, 2, 2)           , pass(1)/fail(0): 1,	 time (s): 0.0015952587127685547
Method: CudaSharedMemorySquare    , dims: (8, 2, 2)           , pass(1)/fail(0): 0,	 time (s): 0.0014982223510742188
Method: CudaSharedMemoryGeneral   , dims: (8, 2, 2)           , pass(1)/fail(0): 1,	 time (s): 0.001535654067993164
Method: Numpy                     , dims: (8, 2, 4)           , pass(1)/fail(0): 1,	 time (s): 3.814697265625e-06
Method: JitNumpy                  , dims: (8, 2, 4)           , pass(1)/fail(0): 1,	 time (s): 4.5299530029296875e-06
Method: CudaGlobalMemory          , dims: (8, 2, 4)           , pass(1)/fail(0): 1,	 time (s): 0.0017926692962646484
Method: CudaSharedMemorySquare    , dims: (8, 2, 4)           , pass(1)/fail(0): 0,	 time (s): 0.0016376972198486328
Method: CudaSharedMemoryGeneral   , dims: (8, 2, 4)           , pass(1)/fail(0): 1,	 time (s): 0.0016074180603027344
Method: Numpy                     , dims: (8, 4, 8)           , pass(1)/fail(0): 1,	 time (s): 3.5762786865234375e-06
Method: JitNumpy                  , dims: (8, 4, 8)           , pass(1)/fail(0): 1,	 time (s): 6.67572021484375e-06
Method: CudaGlobalMemory          , dims: (8, 4, 8)           , pass(1)/fail(0): 1,	 time (s): 0.001965045928955078
Method: CudaSharedMemorySquare    , dims: (8, 4, 8)           , pass(1)/fail(0): 0,	 time (s): 0.0016870498657226562
Method: CudaSharedMemoryGeneral   , dims: (8, 4, 8)           , pass(1)/fail(0): 1,	 time (s): 0.0013549327850341797
Method: Numpy                     , dims: (8, 4, 2)           , pass(1)/fail(0): 1,	 time (s): 2.86102294921875e-06
Method: JitNumpy                  , dims: (8, 4, 2)           , pass(1)/fail(0): 1,	 time (s): 3.814697265625e-06
Method: CudaGlobalMemory          , dims: (8, 4, 2)           , pass(1)/fail(0): 1,	 time (s): 0.001550436019897461
Method: CudaSharedMemorySquare    , dims: (8, 4, 2)           , pass(1)/fail(0): 0,	 time (s): 0.0017914772033691406
Method: CudaSharedMemoryGeneral   , dims: (8, 4, 2)           , pass(1)/fail(0): 1,	 time (s): 0.0014760494232177734
Method: Numpy                     , dims: (8, 4, 4)           , pass(1)/fail(0): 1,	 time (s): 3.0994415283203125e-06
Method: JitNumpy                  , dims: (8, 4, 4)           , pass(1)/fail(0): 1,	 time (s): 3.814697265625e-06
Method: CudaGlobalMemory          , dims: (8, 4, 4)           , pass(1)/fail(0): 1,	 time (s): 0.0016846656799316406
Method: CudaSharedMemorySquare    , dims: (8, 4, 4)           , pass(1)/fail(0): 0,	 time (s): 0.0015964508056640625
Method: CudaSharedMemoryGeneral   , dims: (8, 4, 4)           , pass(1)/fail(0): 1,	 time (s): 0.0017740726470947266
Method: Numpy                     , dims: (2, 8, 8)           , pass(1)/fail(0): 1,	 time (s): 3.5762786865234375e-06
Method: JitNumpy                  , dims: (2, 8, 8)           , pass(1)/fail(0): 1,	 time (s): 4.291534423828125e-06
Method: CudaGlobalMemory          , dims: (2, 8, 8)           , pass(1)/fail(0): 1,	 time (s): 0.0016679763793945312
Method: CudaSharedMemorySquare    , dims: (2, 8, 8)           , pass(1)/fail(0): 0,	 time (s): 0.0016851425170898438
Method: CudaSharedMemoryGeneral   , dims: (2, 8, 8)           , pass(1)/fail(0): 1,	 time (s): 0.0019655227661132812
Method: Numpy                     , dims: (2, 8, 2)           , pass(1)/fail(0): 1,	 time (s): 3.5762786865234375e-06
Method: JitNumpy                  , dims: (2, 8, 2)           , pass(1)/fail(0): 1,	 time (s): 4.291534423828125e-06
Method: CudaGlobalMemory          , dims: (2, 8, 2)           , pass(1)/fail(0): 1,	 time (s): 0.001981973648071289
Method: CudaSharedMemorySquare    , dims: (2, 8, 2)           , pass(1)/fail(0): 0,	 time (s): 0.0015821456909179688
Method: CudaSharedMemoryGeneral   , dims: (2, 8, 2)           , pass(1)/fail(0): 1,	 time (s): 0.001554727554321289
Method: Numpy                     , dims: (2, 8, 4)           , pass(1)/fail(0): 1,	 time (s): 3.5762786865234375e-06
Method: JitNumpy                  , dims: (2, 8, 4)           , pass(1)/fail(0): 1,	 time (s): 4.76837158203125e-06
Method: CudaGlobalMemory          , dims: (2, 8, 4)           , pass(1)/fail(0): 1,	 time (s): 0.0018227100372314453
Method: CudaSharedMemorySquare    , dims: (2, 8, 4)           , pass(1)/fail(0): 0,	 time (s): 0.0016934871673583984
Method: CudaSharedMemoryGeneral   , dims: (2, 8, 4)           , pass(1)/fail(0): 1,	 time (s): 0.0015158653259277344
Method: Numpy                     , dims: (2, 2, 8)           , pass(1)/fail(0): 1,	 time (s): 3.0994415283203125e-06
Method: JitNumpy                  , dims: (2, 2, 8)           , pass(1)/fail(0): 1,	 time (s): 3.814697265625e-06
Method: CudaGlobalMemory          , dims: (2, 2, 8)           , pass(1)/fail(0): 1,	 time (s): 0.0014996528625488281
Method: CudaSharedMemorySquare    , dims: (2, 2, 8)           , pass(1)/fail(0): 0,	 time (s): 0.001603841781616211
Method: CudaSharedMemoryGeneral   , dims: (2, 2, 8)           , pass(1)/fail(0): 1,	 time (s): 0.0016520023345947266
Method: Numpy                     , dims: (2, 2, 2)           , pass(1)/fail(0): 1,	 time (s): 3.5762786865234375e-06
Method: JitNumpy                  , dims: (2, 2, 2)           , pass(1)/fail(0): 1,	 time (s): 4.5299530029296875e-06
Method: CudaGlobalMemory          , dims: (2, 2, 2)           , pass(1)/fail(0): 1,	 time (s): 0.0015795230865478516
Method: CudaSharedMemorySquare    , dims: (2, 2, 2)           , pass(1)/fail(0): 0,	 time (s): 0.0018355846405029297
Method: CudaSharedMemoryGeneral   , dims: (2, 2, 2)           , pass(1)/fail(0): 1,	 time (s): 0.0019378662109375
Method: Numpy                     , dims: (2, 2, 4)           , pass(1)/fail(0): 1,	 time (s): 3.337860107421875e-06
Method: JitNumpy                  , dims: (2, 2, 4)           , pass(1)/fail(0): 1,	 time (s): 4.0531158447265625e-06
Method: CudaGlobalMemory          , dims: (2, 2, 4)           , pass(1)/fail(0): 1,	 time (s): 0.0015058517456054688
Method: CudaSharedMemorySquare    , dims: (2, 2, 4)           , pass(1)/fail(0): 0,	 time (s): 0.0014917850494384766
Method: CudaSharedMemoryGeneral   , dims: (2, 2, 4)           , pass(1)/fail(0): 1,	 time (s): 0.0015587806701660156
Method: Numpy                     , dims: (2, 4, 8)           , pass(1)/fail(0): 1,	 time (s): 3.0994415283203125e-06
Method: JitNumpy                  , dims: (2, 4, 8)           , pass(1)/fail(0): 1,	 time (s): 3.814697265625e-06
Method: CudaGlobalMemory          , dims: (2, 4, 8)           , pass(1)/fail(0): 1,	 time (s): 0.0015790462493896484
Method: CudaSharedMemorySquare    , dims: (2, 4, 8)           , pass(1)/fail(0): 0,	 time (s): 0.0015473365783691406
Method: CudaSharedMemoryGeneral   , dims: (2, 4, 8)           , pass(1)/fail(0): 1,	 time (s): 0.0015888214111328125
Method: Numpy                     , dims: (2, 4, 2)           , pass(1)/fail(0): 1,	 time (s): 2.86102294921875e-06
Method: JitNumpy                  , dims: (2, 4, 2)           , pass(1)/fail(0): 1,	 time (s): 3.814697265625e-06
Method: CudaGlobalMemory          , dims: (2, 4, 2)           , pass(1)/fail(0): 1,	 time (s): 0.001592874526977539
Method: CudaSharedMemorySquare    , dims: (2, 4, 2)           , pass(1)/fail(0): 0,	 time (s): 0.0014705657958984375
Method: CudaSharedMemoryGeneral   , dims: (2, 4, 2)           , pass(1)/fail(0): 1,	 time (s): 0.0016222000122070312
Method: Numpy                     , dims: (2, 4, 4)           , pass(1)/fail(0): 1,	 time (s): 3.337860107421875e-06
Method: JitNumpy                  , dims: (2, 4, 4)           , pass(1)/fail(0): 1,	 time (s): 3.814697265625e-06
Method: CudaGlobalMemory          , dims: (2, 4, 4)           , pass(1)/fail(0): 1,	 time (s): 0.0017566680908203125
Method: CudaSharedMemorySquare    , dims: (2, 4, 4)           , pass(1)/fail(0): 0,	 time (s): 0.0017082691192626953
Method: CudaSharedMemoryGeneral   , dims: (2, 4, 4)           , pass(1)/fail(0): 1,	 time (s): 0.0016455650329589844
Method: Numpy                     , dims: (4, 8, 8)           , pass(1)/fail(0): 1,	 time (s): 3.337860107421875e-06
Method: JitNumpy                  , dims: (4, 8, 8)           , pass(1)/fail(0): 1,	 time (s): 4.0531158447265625e-06
Method: CudaGlobalMemory          , dims: (4, 8, 8)           , pass(1)/fail(0): 1,	 time (s): 0.0015251636505126953
Method: CudaSharedMemorySquare    , dims: (4, 8, 8)           , pass(1)/fail(0): 0,	 time (s): 0.0015649795532226562
Method: CudaSharedMemoryGeneral   , dims: (4, 8, 8)           , pass(1)/fail(0): 1,	 time (s): 0.0015020370483398438
Method: Numpy                     , dims: (4, 8, 2)           , pass(1)/fail(0): 1,	 time (s): 3.0994415283203125e-06
Method: JitNumpy                  , dims: (4, 8, 2)           , pass(1)/fail(0): 1,	 time (s): 4.0531158447265625e-06
Method: CudaGlobalMemory          , dims: (4, 8, 2)           , pass(1)/fail(0): 1,	 time (s): 0.0015063285827636719
Method: CudaSharedMemorySquare    , dims: (4, 8, 2)           , pass(1)/fail(0): 0,	 time (s): 0.0016775131225585938
Method: CudaSharedMemoryGeneral   , dims: (4, 8, 2)           , pass(1)/fail(0): 1,	 time (s): 0.0015726089477539062
Method: Numpy                     , dims: (4, 8, 4)           , pass(1)/fail(0): 1,	 time (s): 2.86102294921875e-06
Method: JitNumpy                  , dims: (4, 8, 4)           , pass(1)/fail(0): 1,	 time (s): 4.0531158447265625e-06
Method: CudaGlobalMemory          , dims: (4, 8, 4)           , pass(1)/fail(0): 1,	 time (s): 0.0015180110931396484
Method: CudaSharedMemorySquare    , dims: (4, 8, 4)           , pass(1)/fail(0): 0,	 time (s): 0.0014882087707519531
Method: CudaSharedMemoryGeneral   , dims: (4, 8, 4)           , pass(1)/fail(0): 1,	 time (s): 0.0017402172088623047
Method: Numpy                     , dims: (4, 2, 8)           , pass(1)/fail(0): 1,	 time (s): 3.0994415283203125e-06
Method: JitNumpy                  , dims: (4, 2, 8)           , pass(1)/fail(0): 1,	 time (s): 4.0531158447265625e-06
Method: CudaGlobalMemory          , dims: (4, 2, 8)           , pass(1)/fail(0): 1,	 time (s): 0.0017230510711669922
Method: CudaSharedMemorySquare    , dims: (4, 2, 8)           , pass(1)/fail(0): 0,	 time (s): 0.0016961097717285156
Method: CudaSharedMemoryGeneral   , dims: (4, 2, 8)           , pass(1)/fail(0): 1,	 time (s): 0.0015668869018554688
Method: Numpy                     , dims: (4, 2, 2)           , pass(1)/fail(0): 1,	 time (s): 3.0994415283203125e-06
Method: JitNumpy                  , dims: (4, 2, 2)           , pass(1)/fail(0): 1,	 time (s): 4.5299530029296875e-06
Method: CudaGlobalMemory          , dims: (4, 2, 2)           , pass(1)/fail(0): 1,	 time (s): 0.001764535903930664
Method: CudaSharedMemorySquare    , dims: (4, 2, 2)           , pass(1)/fail(0): 0,	 time (s): 0.001712799072265625
Method: CudaSharedMemoryGeneral   , dims: (4, 2, 2)           , pass(1)/fail(0): 1,	 time (s): 0.0016133785247802734
Method: Numpy                     , dims: (4, 2, 4)           , pass(1)/fail(0): 1,	 time (s): 3.0994415283203125e-06
Method: JitNumpy                  , dims: (4, 2, 4)           , pass(1)/fail(0): 1,	 time (s): 4.0531158447265625e-06
Method: CudaGlobalMemory          , dims: (4, 2, 4)           , pass(1)/fail(0): 1,	 time (s): 0.0015153884887695312
Method: CudaSharedMemorySquare    , dims: (4, 2, 4)           , pass(1)/fail(0): 0,	 time (s): 0.0015740394592285156
Method: CudaSharedMemoryGeneral   , dims: (4, 2, 4)           , pass(1)/fail(0): 1,	 time (s): 0.0015125274658203125
Method: Numpy                     , dims: (4, 4, 8)           , pass(1)/fail(0): 1,	 time (s): 3.814697265625e-06
Method: JitNumpy                  , dims: (4, 4, 8)           , pass(1)/fail(0): 1,	 time (s): 4.5299530029296875e-06
Method: CudaGlobalMemory          , dims: (4, 4, 8)           , pass(1)/fail(0): 1,	 time (s): 0.0016336441040039062
Method: CudaSharedMemorySquare    , dims: (4, 4, 8)           , pass(1)/fail(0): 0,	 time (s): 0.0017404556274414062
Method: CudaSharedMemoryGeneral   , dims: (4, 4, 8)           , pass(1)/fail(0): 1,	 time (s): 0.0017266273498535156
Method: Numpy                     , dims: (4, 4, 2)           , pass(1)/fail(0): 1,	 time (s): 3.337860107421875e-06
Method: JitNumpy                  , dims: (4, 4, 2)           , pass(1)/fail(0): 1,	 time (s): 4.0531158447265625e-06
Method: CudaGlobalMemory          , dims: (4, 4, 2)           , pass(1)/fail(0): 1,	 time (s): 0.0016613006591796875
Method: CudaSharedMemorySquare    , dims: (4, 4, 2)           , pass(1)/fail(0): 0,	 time (s): 0.0015366077423095703
Method: CudaSharedMemoryGeneral   , dims: (4, 4, 2)           , pass(1)/fail(0): 1,	 time (s): 0.0017547607421875
Method: Numpy                     , dims: (4, 4, 4)           , pass(1)/fail(0): 1,	 time (s): 2.86102294921875e-06
Method: JitNumpy                  , dims: (4, 4, 4)           , pass(1)/fail(0): 1,	 time (s): 3.814697265625e-06
Method: CudaGlobalMemory          , dims: (4, 4, 4)           , pass(1)/fail(0): 1,	 time (s): 0.0015034675598144531
Method: CudaSharedMemorySquare    , dims: (4, 4, 4)           , pass(1)/fail(0): 0,	 time (s): 0.0015025138854980469
Method: CudaSharedMemoryGeneral   , dims: (4, 4, 4)           , pass(1)/fail(0): 1,	 time (s): 0.001577615737915039
Method: Numpy                     , dims: (2, 2, 2)           , pass(1)/fail(0): 1,	 time (s): 2.86102294921875e-06
Method: JitNumpy                  , dims: (2, 2, 2)           , pass(1)/fail(0): 1,	 time (s): 4.0531158447265625e-06
Method: CudaGlobalMemory          , dims: (2, 2, 2)           , pass(1)/fail(0): 1,	 time (s): 0.0017781257629394531
Method: CudaSharedMemorySquare    , dims: (2, 2, 2)           , pass(1)/fail(0): 0,	 time (s): 0.001842498779296875
Method: CudaSharedMemoryGeneral   , dims: (2, 2, 2)           , pass(1)/fail(0): 1,	 time (s): 0.001664876937866211
Method: Numpy                     , dims: (2, 2, 4)           , pass(1)/fail(0): 1,	 time (s): 3.0994415283203125e-06
Method: JitNumpy                  , dims: (2, 2, 4)           , pass(1)/fail(0): 1,	 time (s): 4.0531158447265625e-06
Method: CudaGlobalMemory          , dims: (2, 2, 4)           , pass(1)/fail(0): 1,	 time (s): 0.0017964839935302734
Method: CudaSharedMemorySquare    , dims: (2, 2, 4)           , pass(1)/fail(0): 0,	 time (s): 0.0017936229705810547
Method: CudaSharedMemoryGeneral   , dims: (2, 2, 4)           , pass(1)/fail(0): 1,	 time (s): 0.0016889572143554688
Method: Numpy                     , dims: (2, 4, 2)           , pass(1)/fail(0): 1,	 time (s): 3.5762786865234375e-06
Method: JitNumpy                  , dims: (2, 4, 2)           , pass(1)/fail(0): 1,	 time (s): 4.0531158447265625e-06
Method: CudaGlobalMemory          , dims: (2, 4, 2)           , pass(1)/fail(0): 1,	 time (s): 0.0015187263488769531
Method: CudaSharedMemorySquare    , dims: (2, 4, 2)           , pass(1)/fail(0): 0,	 time (s): 0.0014913082122802734
Method: CudaSharedMemoryGeneral   , dims: (2, 4, 2)           , pass(1)/fail(0): 1,	 time (s): 0.0016956329345703125
Method: Numpy                     , dims: (2, 4, 4)           , pass(1)/fail(0): 1,	 time (s): 3.337860107421875e-06
Method: JitNumpy                  , dims: (2, 4, 4)           , pass(1)/fail(0): 1,	 time (s): 4.291534423828125e-06
Method: CudaGlobalMemory          , dims: (2, 4, 4)           , pass(1)/fail(0): 1,	 time (s): 0.0014998912811279297
Method: CudaSharedMemorySquare    , dims: (2, 4, 4)           , pass(1)/fail(0): 0,	 time (s): 0.001486063003540039
Method: CudaSharedMemoryGeneral   , dims: (2, 4, 4)           , pass(1)/fail(0): 1,	 time (s): 0.0017547607421875
Method: Numpy                     , dims: (4, 2, 2)           , pass(1)/fail(0): 1,	 time (s): 3.0994415283203125e-06
Method: JitNumpy                  , dims: (4, 2, 2)           , pass(1)/fail(0): 1,	 time (s): 3.814697265625e-06
Method: CudaGlobalMemory          , dims: (4, 2, 2)           , pass(1)/fail(0): 1,	 time (s): 0.0017349720001220703
Method: CudaSharedMemorySquare    , dims: (4, 2, 2)           , pass(1)/fail(0): 0,	 time (s): 0.0014719963073730469
Method: CudaSharedMemoryGeneral   , dims: (4, 2, 2)           , pass(1)/fail(0): 1,	 time (s): 0.001474618911743164
Method: Numpy                     , dims: (4, 2, 4)           , pass(1)/fail(0): 1,	 time (s): 3.0994415283203125e-06
Method: JitNumpy                  , dims: (4, 2, 4)           , pass(1)/fail(0): 1,	 time (s): 3.814697265625e-06
Method: CudaGlobalMemory          , dims: (4, 2, 4)           , pass(1)/fail(0): 1,	 time (s): 0.0015587806701660156
Method: CudaSharedMemorySquare    , dims: (4, 2, 4)           , pass(1)/fail(0): 0,	 time (s): 0.0014960765838623047
Method: CudaSharedMemoryGeneral   , dims: (4, 2, 4)           , pass(1)/fail(0): 1,	 time (s): 0.001493692398071289
Method: Numpy                     , dims: (4, 4, 2)           , pass(1)/fail(0): 1,	 time (s): 3.0994415283203125e-06
Method: JitNumpy                  , dims: (4, 4, 2)           , pass(1)/fail(0): 1,	 time (s): 4.0531158447265625e-06
Method: CudaGlobalMemory          , dims: (4, 4, 2)           , pass(1)/fail(0): 1,	 time (s): 0.0014853477478027344
Method: CudaSharedMemorySquare    , dims: (4, 4, 2)           , pass(1)/fail(0): 0,	 time (s): 0.0016827583312988281
Method: CudaSharedMemoryGeneral   , dims: (4, 4, 2)           , pass(1)/fail(0): 1,	 time (s): 0.0014891624450683594
Method: Numpy                     , dims: (4, 4, 4)           , pass(1)/fail(0): 1,	 time (s): 3.0994415283203125e-06
Method: JitNumpy                  , dims: (4, 4, 4)           , pass(1)/fail(0): 1,	 time (s): 4.291534423828125e-06
Method: CudaGlobalMemory          , dims: (4, 4, 4)           , pass(1)/fail(0): 1,	 time (s): 0.0014967918395996094
Method: CudaSharedMemorySquare    , dims: (4, 4, 4)           , pass(1)/fail(0): 0,	 time (s): 0.0019025802612304688
Method: CudaSharedMemoryGeneral   , dims: (4, 4, 4)           , pass(1)/fail(0): 1,	 time (s): 0.0017206668853759766
