Device name: b'NVIDIA GeForce RTX 2080 Ti'
Compute capability: (7, 5)
Total global memory (GB): 10.75341796875
Free global memory (GB): 10.5992431640625
Used global memory (GB): 0.1541748046875
Max threads per block: 1024
Max block dimensions: x=1024, y=1024, z=64
Max grid dimensions: x=2147483647, y=65535, z=65535
Max shared memory per block (KB): 48.0
FAILED! Dimensions:  (16, 16, 17)  Method:  CudaSharedMemory
Result:
 [[ 4.02524948  3.42438817  3.97999668  4.58072615  4.4103837   4.42917442
   4.8959136   5.08784676  3.7533586   4.37407732  3.50303578  4.95044756
   4.86646461  3.34648538  3.47464514  4.58256102]
 [ 3.26370382  2.60562992  3.25267673  2.88250709  3.19487     2.99813509
   2.42548466  4.54678488  2.5030117   3.55601144  2.57420945  4.31101799
   3.92492032  2.5325551   2.65070367  4.32687378]
 [ 3.61910582  2.83576035  3.03815866  3.19554591  4.09970617  2.77537966
   3.18610764  3.77315807  3.15697193  3.19290447  2.98593211  3.93662429
   3.99272466  2.9825542   3.50046206  4.42821455]
 [ 4.02771521  3.17922783  4.71735334  4.79625988  4.38366652  4.61016941
   4.86455297  5.54197454  4.48337078  5.33623219  3.63870621  4.76816511
   5.00085878  3.2069056   3.94893885  4.7852726 ]
 [ 3.99022317  2.44196677  3.8682344   4.14280033  3.81278467  3.50019145
   4.26578045  4.70804548  3.63521314  3.69668818  2.96679997  3.74443603
   4.08454561  2.70554352  3.17315722  4.24383307]
 [ 4.11180401  3.45782375  4.27952051  4.43623114  4.77010679  4.49969816
   4.50805426  5.7942524   3.60526037  4.44177437  4.02804708  5.41523266
   5.19647074  3.60238171  3.51402736  4.83694649]
 [ 4.42643881  3.07325387  4.31326866  4.29633284  4.24034071  4.53200245
   4.13396883  5.40976095  4.06100368  4.4846158   3.33632565  4.88384819
   4.7920022   3.6559968   4.20662403  4.8595047 ]
 [ 3.93217063  3.44396019  4.02308416  3.86937857  4.20401049  3.45908952
   3.40850902  5.04789448  3.51363778  4.19688368  3.92207742  4.91167355
   4.68103027  3.53841305  3.82314944  4.86387873]
 [ 2.89943361  2.42601275  3.60467529  3.41134095  3.07845473  3.24694538
   3.20312452  3.70391202  3.74456239  3.66227841  2.22467136  3.27148867
   3.0796504   2.54556966  2.87036848  3.18247581]
 [ 3.64000177  3.09575534  3.56287384  3.60992742  4.42823601  3.93495488
   4.20301342  4.65143919  3.34030008  3.56763768  3.27781105  4.28869152
   4.79725313  3.491117    3.73828411  4.35521841]
 [ 3.24955201  2.35956955  3.73462152  3.55622888  3.24500322  4.13092422
   3.75519443  4.68548012  3.007864    3.88116622  2.63454604  3.78828835
   3.82905984  2.81806135  3.22392201  3.571244  ]
 [ 5.15165949  4.04756403  5.16506147  5.06377792  5.02503681  5.12531662
   4.97050619  6.59952736  4.62547398  5.39640665  4.25493526  6.26790714
   5.65886354  4.18012571  4.6838479   5.76828814]
 [ 4.47866106  3.56524348  4.94073534  4.51446486  4.73786449  4.67222166
   4.82666969  5.94884634  4.79133701  5.12806273  3.95259094  5.32138062
   5.36650705  3.55599523  4.11487532  5.06669903]
 [ 3.11844635  1.92835486  3.10980463  2.94751453  3.30316567  3.11005616
   3.12635899  4.13404226  2.39790559  3.17396998  2.76052976  3.59134054
   3.60186219  2.02884841  2.43197799  3.60734272]
 [ 3.45258355  2.88675284  3.66052842  3.06247807  4.07595921  2.95955205
   3.13242888  4.53850269  3.3722868   3.53487897  2.90858293  4.20531464
   3.75603986  2.86757541  3.09757662  4.22240925]
 [ 3.19940352  2.01733708  2.84230947  2.5150907   2.38382459  2.65663385
   2.26198459  3.62889934  2.38119507  2.79529095  2.397192    3.6654563
   3.12778282  2.05903888  2.32360554  3.42934799]]
Expected:
 [[ 4.46164894  4.21253014  4.55079269  4.8013854   4.7816      5.16771269
   5.15490007  5.47500753  4.28056908  4.47081184  3.72197437  4.99693584
   5.54908419  3.65719748  3.71865249  5.02894211]
 [ 3.67941809  3.35641408  3.79641724  3.09270716  3.54849076  3.70166659
   2.6721952   4.91559458  3.00523233  3.64816093  2.7827704   4.35530281
   4.57518387  2.82853937  2.88314509  4.75209618]
 [ 4.10921097  3.72089529  3.67919993  3.44336057  4.51660633  3.60480618
   3.47696638  4.2079649   3.74906373  3.30154395  3.23181438  3.98883367
   4.75935078  3.33150411  3.77449822  4.92952967]
 [ 4.08585978  3.28423762  4.79340458  4.82565975  4.43312645  4.70857
   4.89905977  5.59355879  4.55361462  5.34912062  3.66787696  4.77435923
   5.0918088   3.24830389  3.9814496   4.84474707]
 [ 4.27199554  2.95085049  4.23678303  4.28527451  4.05246973  3.97704697
   4.43300152  4.95802546  3.97561979  3.75914741  3.10816312  3.77445245
   4.52529573  2.9061625   3.3307066   4.53205013]
 [ 4.20320702  3.62289906  4.39907312  4.4824481   4.84785748  4.65438366
   4.56229877  5.87534285  3.7156837   4.46203518  4.07390356  5.42496967
   5.33944416  3.66745996  3.56513429  4.93044043]
 [ 4.79284525  3.73498774  4.79251623  4.48160124  4.55201864  5.15208817
   4.35141706  5.73482609  4.50365591  4.56583548  3.52014923  4.92288017
   5.36513805  3.91687441  4.41149569  5.23429155]
 [ 4.12701321  3.79584765  4.27793169  3.96789789  4.36975002  3.7888298
   3.5241406   5.22075272  3.74902511  4.24007368  4.01982832  4.93242931
   4.98580408  3.67713881  3.93209314  5.06317759]
 [ 3.12224388  2.82841063  3.89610386  3.52400184  3.26798487  3.624017
   3.33535409  3.90158272  4.01373768  3.71166778  2.33645368  3.29522395
   3.42817211  2.70420837  2.99495006  3.41038227]
 [ 4.05092192  3.83788157  4.1003437   3.81770349  4.77777863  4.630373
   4.44687891  5.0159955   3.83672929  3.65872455  3.48396683  4.33246565
   5.4400177   3.78368807  3.968045    4.77553749]
 [ 3.68682861  3.14929557  4.30656481  3.77733159  3.61696577  4.87094641
   4.01470137  5.07341909  3.536134    3.97809529  2.85392451  3.8348701
   4.51305103  3.12939787  3.46841979  4.01852226]
 [ 5.65038967  4.94827652  5.81738424  5.31595373  5.44927406  5.96933985
   5.26648378  7.04198647  5.22798586  5.50695801  4.5051446   6.32103539
   6.43898153  4.53521681  4.96270704  6.27842569]
 [ 4.81609249  4.17464828  5.38208437  4.68508244  5.02489519  5.24327183
   5.02692223  6.24820566  5.1989851   5.20285988  4.12187767  5.35732603
   5.89432001  3.79624295  4.30354595  5.41184807]
 [ 3.63518763  2.86159492  3.78568506  3.20879745  3.74272346  3.98456025
   3.43302536  4.59248018  3.02217627  3.28851366  3.01977515  3.64638734
   4.41015291  2.39676285  2.72090745  4.13590288]
 [ 3.50655794  2.984231    3.73112512  3.08976936  4.12187147  3.05089521
   3.16446066  4.58638716  3.43749261  3.54684329  2.93566155  4.21106434
   3.84046674  2.90600467  3.12775564  4.27761793]
 [ 3.2801125   2.16309834  2.94787431  2.5559001   2.45247841  2.79322124
   2.3098824   3.70050192  2.47869897  2.8131814   2.43768311  3.67405391
   3.25402856  2.116503    2.36873293  3.51190305]]
Difference:
 [[-0.43639946 -0.78814197 -0.57079601 -0.22065926 -0.3712163  -0.73853827
  -0.25898647 -0.38716078 -0.52721047 -0.09673452 -0.21893859 -0.04648829
  -0.68261957 -0.3107121  -0.24400735 -0.44638109]
 [-0.41571426 -0.75078416 -0.54374051 -0.21020007 -0.35362077 -0.7035315
  -0.24671054 -0.3688097  -0.50222063 -0.0921495  -0.20856094 -0.04428482
  -0.65026355 -0.29598427 -0.23244143 -0.4252224 ]
 [-0.49010515 -0.88513494 -0.64104128 -0.24781466 -0.41690016 -0.82942653
  -0.29085875 -0.43480682 -0.5920918  -0.10863948 -0.24588227 -0.05220938
  -0.76662612 -0.34894991 -0.27403617 -0.50131512]
 [-0.05814457 -0.10500979 -0.07605124 -0.02939987 -0.04945993 -0.09840059
  -0.0345068  -0.05158424 -0.07024384 -0.01288843 -0.02917075 -0.00619411
  -0.09095001 -0.04139829 -0.03251076 -0.05947447]
 [-0.28177238 -0.50888371 -0.36854863 -0.14247417 -0.23968506 -0.47685552
  -0.16722107 -0.24997997 -0.34040666 -0.06245923 -0.14136314 -0.03001642
  -0.44075012 -0.20061898 -0.15754938 -0.28821707]
 [-0.09140301 -0.1650753  -0.11955261 -0.04621696 -0.07775068 -0.1546855
  -0.05424452 -0.08109045 -0.11042333 -0.02026081 -0.04585648 -0.00973701
  -0.14297342 -0.06507826 -0.05110693 -0.09349394]
 [-0.36640644 -0.66173387 -0.47924757 -0.1852684  -0.31167793 -0.62008572
  -0.21744823 -0.32506514 -0.44265223 -0.08121967 -0.18382359 -0.03903198
  -0.57313585 -0.26087761 -0.20487165 -0.37478685]
 [-0.19484258 -0.35188746 -0.25484753 -0.09851933 -0.16573954 -0.32974029
  -0.11563158 -0.17285824 -0.23538733 -0.04319    -0.0977509  -0.02075577
  -0.30477381 -0.13872576 -0.1089437  -0.19929886]
 [-0.22281027 -0.40239787 -0.29142857 -0.11266088 -0.18953013 -0.37707162
  -0.13222957 -0.1976707  -0.26917529 -0.04938936 -0.11178231 -0.02373528
  -0.34852171 -0.15863872 -0.12458158 -0.22790647]
 [-0.41092014 -0.74212623 -0.53746986 -0.20777607 -0.34954262 -0.69541812
  -0.24386549 -0.36455631 -0.4964292  -0.09108686 -0.20615578 -0.04377413
  -0.64276457 -0.29257107 -0.22976089 -0.42031908]
 [-0.4372766  -0.78972602 -0.57194328 -0.22110271 -0.37196255 -0.74002218
  -0.25950694 -0.38793898 -0.52827001 -0.09692907 -0.21937847 -0.04658175
  -0.68399119 -0.31133652 -0.24449778 -0.44727826]
 [-0.49873018 -0.90071249 -0.65232277 -0.25217581 -0.42423725 -0.84402323
  -0.29597759 -0.44245911 -0.60251188 -0.11055136 -0.25020933 -0.05312824
  -0.78011799 -0.35509109 -0.27885914 -0.51013756]
 [-0.33743143 -0.6094048  -0.44134903 -0.17061758 -0.2870307  -0.57105017
  -0.20025253 -0.29935932 -0.40764809 -0.07479715 -0.16928673 -0.03594542
  -0.52781296 -0.24024773 -0.18867064 -0.34514904]
 [-0.51674128 -0.93324006 -0.67588043 -0.26128292 -0.43955779 -0.87450409
  -0.30666637 -0.45843792 -0.62427068 -0.11454368 -0.2592454  -0.0550468
  -0.80829072 -0.36791444 -0.28892946 -0.52856016]
 [-0.05397439 -0.09747815 -0.07059669 -0.0272913  -0.04591227 -0.09134316
  -0.03203177 -0.04788446 -0.06520581 -0.01196432 -0.02707863 -0.0057497
  -0.08442688 -0.03842926 -0.03017902 -0.05520868]
 [-0.08070898 -0.14576125 -0.10556483 -0.04080939 -0.06865382 -0.13658738
  -0.04789782 -0.07160258 -0.0975039  -0.01789045 -0.0404911  -0.00859761
  -0.12624574 -0.05746412 -0.04512739 -0.08255506]]

FAILED! Dimensions:  (16, 17, 16)  Method:  CudaSharedMemory
Result:
 [[ 4.2183733   3.97116423  4.90645981  3.9972229   2.82736778  3.37139535
   4.1109004   2.87219191  2.70311546  3.78116846  4.69266319  3.43320346
   3.19368172  4.77079487  3.1724546   4.29791641  0.        ]
 [ 5.13742018  5.03447866  5.18233442  4.5930934   3.92482805  4.86250353
   4.90451145  3.20304155  3.45309782  3.84504986  5.48428535  3.94639945
   3.35181713  5.51062155  3.9123373   4.8508029   0.        ]
 [ 4.62658787  4.42205477  5.23858261  4.27342176  3.94890356  4.00543976
   4.36978006  3.40373278  3.54418397  3.83404851  4.5196228   4.07885075
   2.61024618  5.47068691  3.8064723   4.57464743  0.        ]
 [ 5.22140789  4.14809513  4.44843578  3.58342886  4.78231096  4.13584423
   3.54955864  2.98998022  2.96457052  4.28470135  4.24227476  4.42271996
   3.61984015  4.43829489  3.68631053  3.96995759  0.        ]
 [ 5.38486528  3.67139721  4.41801023  3.46698713  3.77563405  3.58271003
   3.59138536  2.48720551  1.95262396  3.51009226  4.76035643  3.18753695
   3.57662463  4.40217686  3.51261854  3.76826429  0.        ]
 [ 6.22379398  5.03182268  5.79915524  4.09062958  5.04404974  5.12321949
   5.16908979  3.25471592  4.08487034  3.82250857  5.44612694  4.78341579
   3.992764    6.21014309  4.3996377   4.96962166  0.        ]
 [ 6.58152151  4.99769354  5.64745474  3.76516533  5.46471643  4.98193789
   4.14674377  3.52870178  3.66136074  4.41439533  4.99698973  4.53238773
   4.27637339  5.49066305  4.9063406   4.66398239  0.        ]
 [ 4.96425676  4.24012756  5.00805616  3.64700198  4.23057985  3.60062075
   4.49615812  2.71238232  4.14701271  2.97869372  4.56281948  3.52669883
   3.11932111  4.70473003  3.67464948  3.95616984  0.        ]
 [ 4.46024895  3.82333422  4.46065712  3.86906648  3.30473828  3.51542997
   4.10966969  2.57827187  2.99813247  2.62148833  4.682868    3.29388714
   2.58449697  4.47694969  2.93281078  3.75298524  0.        ]
 [ 4.43168449  3.22373724  4.45025015  3.318331    2.57993793  2.80424619
   4.07911682  2.08032298  2.54044008  2.63671732  4.76611567  2.29146934
   3.09327412  4.14185524  2.67909408  3.52350521  0.        ]
 [ 4.7048111   3.41671395  4.52375221  3.58658195  3.94495296  3.04199481
   3.55440855  3.14881659  2.41574883  4.34180975  3.84978414  3.32124567
   3.1382513   3.9987874   3.33838344  3.26800942  0.        ]
 [ 6.20805788  4.95796776  5.94556189  4.95874071  4.27437735  4.33824825
   5.42150593  3.19917917  3.66488123  4.29141426  5.48463535  4.00293446
   4.80950117  5.82616568  4.24393749  4.7547965   0.        ]
 [ 4.91401768  3.97195888  4.44916344  4.13454819  4.13434649  3.52753425
   4.31700945  2.92944193  3.21522665  3.75179553  4.31428337  3.45034385
   2.86510468  4.4912076   3.20832419  3.64129186  0.        ]
 [ 4.8945837   4.54111242  5.1497159   4.22912025  3.77237558  4.27495098
   4.39894676  3.3684876   3.26180696  4.1707077   4.81102848  3.62686086
   3.27199435  5.44190741  4.10689688  4.76802874  0.        ]
 [ 5.87303352  4.78782272  5.11481142  4.69431114  4.52179718  4.29954767
   4.32911396  3.59032297  2.97453403  4.31077433  5.11430502  4.23007488
   3.76311111  5.04198217  3.96293449  4.32792425  0.        ]
 [ 4.74111748  3.70238996  4.11199665  3.11502552  3.44862962  3.27891946
   3.59504223  2.40360808  2.41932178  3.42867804  4.40733767  3.41370988
   3.54294324  3.78065872  2.76679993  3.56764078  0.        ]]
Expected:
 [[ 4.2183733   3.97116423  4.90645981  3.9972229   2.82736778  3.37139535
   4.1109004   2.87219191  2.70311546  3.78116846  4.69266319  3.43320346
   3.19368172  4.77079487  3.1724546   4.29791641  3.83874631]
 [ 5.13742018  5.03447866  5.18233442  4.5930934   3.92482805  4.86250353
   4.90451145  3.20304155  3.45309782  3.84504986  5.48428535  3.94639945
   3.35181713  5.51062155  3.9123373   4.8508029   4.9534688 ]
 [ 4.62658787  4.42205477  5.23858261  4.27342176  3.94890356  4.00543976
   4.36978006  3.40373278  3.54418397  3.83404851  4.5196228   4.07885075
   2.61024618  5.47068691  3.8064723   4.57464743  4.45697832]
 [ 5.22140789  4.14809513  4.44843578  3.58342886  4.78231096  4.13584423
   3.54955864  2.98998022  2.96457052  4.28470135  4.24227476  4.42271996
   3.61984015  4.43829489  3.68631053  3.96995759  4.61907101]
 [ 5.38486528  3.67139721  4.41801023  3.46698713  3.77563405  3.58271003
   3.59138536  2.48720551  1.95262396  3.51009226  4.76035643  3.18753695
   3.57662463  4.40217686  3.51261854  3.76826429  4.11870909]
 [ 6.22379398  5.03182268  5.79915524  4.09062958  5.04404974  5.12321949
   5.16908979  3.25471592  4.08487034  3.82250857  5.44612694  4.78341579
   3.992764    6.21014309  4.3996377   4.96962166  5.79329824]
 [ 6.58152151  4.99769354  5.64745474  3.76516533  5.46471643  4.98193789
   4.14674377  3.52870178  3.66136074  4.41439533  4.99698973  4.53238773
   4.27637339  5.49066305  4.9063406   4.66398239  5.42039728]
 [ 4.96425676  4.24012756  5.00805616  3.64700198  4.23057985  3.60062075
   4.49615812  2.71238232  4.14701271  2.97869372  4.56281948  3.52669883
   3.11932111  4.70473003  3.67464948  3.95616984  4.11622858]
 [ 4.46024895  3.82333422  4.46065712  3.86906648  3.30473828  3.51542997
   4.10966969  2.57827187  2.99813247  2.62148833  4.682868    3.29388714
   2.58449697  4.47694969  2.93281078  3.75298524  3.50525665]
 [ 4.43168449  3.22373724  4.45025015  3.318331    2.57993793  2.80424619
   4.07911682  2.08032298  2.54044008  2.63671732  4.76611567  2.29146934
   3.09327412  4.14185524  2.67909408  3.52350521  3.34719062]
 [ 4.7048111   3.41671395  4.52375221  3.58658195  3.94495296  3.04199481
   3.55440855  3.14881659  2.41574883  4.34180975  3.84978414  3.32124567
   3.1382513   3.9987874   3.33838344  3.26800942  4.06423807]
 [ 6.20805788  4.95796776  5.94556189  4.95874071  4.27437735  4.33824825
   5.42150593  3.19917917  3.66488123  4.29141426  5.48463535  4.00293446
   4.80950117  5.82616568  4.24393749  4.7547965   5.33993292]
 [ 4.91401768  3.97195888  4.44916344  4.13454819  4.13434649  3.52753425
   4.31700945  2.92944193  3.21522665  3.75179553  4.31428337  3.45034385
   2.86510468  4.4912076   3.20832419  3.64129186  4.84050179]
 [ 4.8945837   4.54111242  5.1497159   4.22912025  3.77237558  4.27495098
   4.39894676  3.3684876   3.26180696  4.1707077   4.81102848  3.62686086
   3.27199435  5.44190741  4.10689688  4.76802874  4.82671595]
 [ 5.87303352  4.78782272  5.11481142  4.69431114  4.52179718  4.29954767
   4.32911396  3.59032297  2.97453403  4.31077433  5.11430502  4.23007488
   3.76311111  5.04198217  3.96293449  4.32792425  4.95202303]
 [ 4.74111748  3.70238996  4.11199665  3.11502552  3.44862962  3.27891946
   3.59504223  2.40360808  2.41932178  3.42867804  4.40733767  3.41370988
   3.54294324  3.78065872  2.76679993  3.56764078  4.24296808]]
Difference:
 [[ 0.          0.          0.          0.          0.          0.          0.
   0.          0.          0.          0.          0.          0.          0.
   0.          0.         -3.83874631]
 [ 0.          0.          0.          0.          0.          0.          0.
   0.          0.          0.          0.          0.          0.          0.
   0.          0.         -4.9534688 ]
 [ 0.          0.          0.          0.          0.          0.          0.
   0.          0.          0.          0.          0.          0.          0.
   0.          0.         -4.45697832]
 [ 0.          0.          0.          0.          0.          0.          0.
   0.          0.          0.          0.          0.          0.          0.
   0.          0.         -4.61907101]
 [ 0.          0.          0.          0.          0.          0.          0.
   0.          0.          0.          0.          0.          0.          0.
   0.          0.         -4.11870909]
 [ 0.          0.          0.          0.          0.          0.          0.
   0.          0.          0.          0.          0.          0.          0.
   0.          0.         -5.79329824]
 [ 0.          0.          0.          0.          0.          0.          0.
   0.          0.          0.          0.          0.          0.          0.
   0.          0.         -5.42039728]
 [ 0.          0.          0.          0.          0.          0.          0.
   0.          0.          0.          0.          0.          0.          0.
   0.          0.         -4.11622858]
 [ 0.          0.          0.          0.          0.          0.          0.
   0.          0.          0.          0.          0.          0.          0.
   0.          0.         -3.50525665]
 [ 0.          0.          0.          0.          0.          0.          0.
   0.          0.          0.          0.          0.          0.          0.
   0.          0.         -3.34719062]
 [ 0.          0.          0.          0.          0.          0.          0.
   0.          0.          0.          0.          0.          0.          0.
   0.          0.         -4.06423807]
 [ 0.          0.          0.          0.          0.          0.          0.
   0.          0.          0.          0.          0.          0.          0.
   0.          0.         -5.33993292]
 [ 0.          0.          0.          0.          0.          0.          0.
   0.          0.          0.          0.          0.          0.          0.
   0.          0.         -4.84050179]
 [ 0.          0.          0.          0.          0.          0.          0.
   0.          0.          0.          0.          0.          0.          0.
   0.          0.         -4.82671595]
 [ 0.          0.          0.          0.          0.          0.          0.
   0.          0.          0.          0.          0.          0.          0.
   0.          0.         -4.95202303]
 [ 0.          0.          0.          0.          0.          0.          0.
   0.          0.          0.          0.          0.          0.          0.
   0.          0.         -4.24296808]]

FAILED! Dimensions:  (16, 17, 17)  Method:  CudaSharedMemory
Result:
 [[ 2.4989388   4.15041637  5.61965322  4.56634903  3.83496022  5.27771997
   4.5138526   3.90478158  4.41343927  3.87205362  4.27985334  5.5128727
   4.60589218  3.75194383  4.15715742  3.04894996  0.        ]
 [ 2.26592708  3.4825027   4.53995991  3.42012811  2.97596526  3.33276367
   3.60363173  3.07871866  3.27363944  3.13803983  2.64345455  4.57333803
   3.58530307  2.90053725  3.20754099  2.57896709  0.        ]
 [ 2.68690634  4.92629528  6.43952942  4.32365084  4.60007715  4.8963275
   4.8083477   4.07924032  4.10566664  3.6762979   3.88461471  6.44135761
   5.01442003  3.99488592  4.21110725  3.70100832  0.        ]
 [ 2.61026597  4.21742153  5.39768696  4.2619586   4.17936182  4.98940802
   4.58541965  4.01529121  4.35285759  4.0490694   4.08340406  6.05172205
   4.23903036  4.04683304  4.56595802  3.44200301  0.        ]
 [ 2.84906554  4.00068998  4.67325878  3.78573132  4.03489828  4.69918966
   3.86376643  3.14637041  3.39404202  3.47941422  3.95634365  4.323421
   3.62363076  3.96410584  3.84084034  2.73825955  0.        ]
 [ 3.56073141  5.62114096  7.14502525  5.06889057  4.64967251  5.88254309
   5.24248362  4.91447353  5.46536493  4.62976217  4.84960127  6.92762518
   5.40065861  4.68442249  5.20900822  4.37054968  0.        ]
 [ 2.94852901  4.32505512  6.48208761  4.37348175  4.16322708  5.03124809
   4.63725138  3.74590468  4.45199347  3.30248165  4.04347181  5.54627991
   4.80600834  3.85968518  3.94429541  3.63548636  0.        ]
 [ 2.18520832  3.78063297  4.83597088  3.80303526  3.14502072  3.75196695
   3.65791821  3.20438695  3.51247573  3.08566427  2.76089954  4.45796967
   3.76394629  3.05848193  3.07740951  2.29123425  0.        ]
 [ 2.13274527  3.85842657  4.92319155  3.94642901  3.71036053  3.5119493
   4.11744595  3.55741692  3.52299809  3.17535114  3.48803759  5.42418242
   3.93767166  3.0691824   3.73442054  3.43151236  0.        ]
 [ 2.64678192  4.23132086  4.6764183   3.55107212  3.44510293  3.88257456
   3.47474551  3.59348702  3.23928905  2.88140202  2.84096313  4.96361732
   3.57778311  3.36487341  3.59368348  2.49574924  0.        ]
 [ 3.06573558  4.79097509  6.36830473  4.8749032   4.6912365   4.82261133
   5.09172058  4.10630608  4.92976141  4.65514898  3.93713832  6.97786617
   5.07571602  4.51647568  4.87442493  3.71232653  0.        ]
 [ 2.17896938  3.81603909  4.68702555  3.49611378  3.69409251  3.8834188
   3.5970993   3.47693372  3.99617004  3.24349236  3.54519701  5.15253973
   3.85243726  3.13170838  4.10890675  3.27685452  0.        ]
 [ 2.90139198  4.42229271  5.37160635  4.42941761  3.83462024  4.23718977
   4.02687693  3.14532447  3.9150691   3.69055414  3.68083668  5.16422272
   4.2960186   3.72565365  3.76289201  2.83037353  0.        ]
 [ 2.20734596  3.98479533  5.40417719  3.73405123  3.16690707  4.88126135
   3.7511344   4.21492624  3.99688411  3.46249461  3.44281983  5.26212835
   4.06479073  3.71589208  3.34115648  2.83867979  0.        ]
 [ 2.94805408  4.07510233  5.08647299  3.99600172  3.96320295  4.09821987
   4.07686949  3.61557436  3.79958534  3.21241641  3.55826092  5.71398592
   4.41887093  3.46623015  4.36211443  3.34089541  0.        ]
 [ 3.26763749  4.47591305  5.25313377  3.27038026  3.70748448  3.65280366
   3.38677788  3.68924546  3.87811637  2.90136194  3.24900961  5.20393848
   3.55604887  3.5881846   4.32107353  3.32478523  0.        ]]
Expected:
 [[ 2.42621112  4.19436884  5.94815111  4.47908115  3.71730471  4.87480211
   4.62151146  3.96590018  4.72978973  3.61562777  4.38057899  5.70904589
   4.67824984  3.612324    4.16095495  3.17315555  5.31846237]
 [ 2.60392976  4.2841568   5.15772963  3.66611767  3.31121993  3.85086513
   4.09521294  3.77717805  3.96778536  3.56460094  3.48873925  4.72852898
   3.64849639  3.33569145  3.9939642   2.90927839  4.12762833]
 [ 2.94583654  5.55895472  6.95231199  4.50915146  4.85300255  5.26825476
   5.20321417  4.63241482  4.67732477  3.9889636   4.55636644  6.57991123
   5.07019424  4.32429981  4.82837772  3.97077751  5.45147228]
 [ 2.44711185  4.16645861  5.81577921  4.08991337  3.94687223  4.28690434
   4.67945433  4.00631952  4.74073744  3.58758354  4.11408615  6.33317852
   4.34195948  3.76539397  4.45492649  3.58570218  5.13413191]
 [ 2.88596559  4.32166338  5.23839235  3.77554893  4.02240133  4.44140625
   4.14764071  3.45064354  3.97213674  3.34839821  4.35344219  4.58797312
   3.72324061  3.96200943  4.11330557  2.98494697  4.35989141]
 [ 3.76086998  6.29062462  7.9261179   5.18364048  4.80721569  5.92701721
   5.72565603  5.51831913  6.29553843  4.73415375  5.60446739  7.22613382
   5.51543951  4.90069628  5.8303833   4.74189138  6.54059505]
 [ 3.11343575  4.68763447  6.72265244  4.49802446  4.33279514  5.32244778
   4.84894705  4.05880117  4.72925615  3.53230262  4.41861486  5.59172821
   4.82550669  4.07805443  4.30517006  3.77089429  5.34651852]
 [ 2.12304735  3.77464819  5.02389717  3.73535609  3.05361819  3.46622992
   3.70699024  3.21408796  3.68915701  2.89962244  2.79012728  4.57944918
   3.808496    2.94840074  3.04584336  2.35810161  3.94335961]
 [ 2.47557402  4.5957818   5.38830471  4.20794821  4.06633186  4.13943958
   4.54135418  4.19186735  4.06407833  3.66562128  4.24649286  5.50125122
   3.97168684  3.52664375  4.47152662  3.69820142  4.32181025]
 [ 2.66818666  4.40851736  4.98506784  3.54659224  3.43974519  3.7451489
   3.63054681  3.76120543  3.55527925  2.81224298  3.05956912  5.10753965
   3.63199306  3.36556816  3.7445457   2.63073349  3.95954752]
 [ 3.03939962  4.86679554  6.61496687  4.83379841  4.63603306  4.59604788
   5.1897769   4.18694878  5.17321062  4.51672506  4.05182934  7.11244059
   5.12570763  4.45318937  4.9236846   3.81135011  5.56991243]
 [ 2.21105695  4.11689234  5.22480345  3.48380995  3.678653    3.62998009
   3.86538935  3.76275873  4.54564905  3.11302495  3.91889286  5.40564823
   3.94769001  3.12526584  4.36321545  3.51098442  4.01101637]
 [ 3.07286382  4.80541325  5.63476658  4.55794907  4.00965452  4.53175974
   4.25302219  3.47664165  4.21650934  3.92487907  4.07888746  5.21795702
   4.31871796  3.95141864  4.14301443  2.97668171  4.40025234]
 [ 2.3750751   4.49464369  5.94958353  3.838346    3.30971098  4.98750544
   4.10555363  4.67095757  4.58241034  3.58894587  4.00856638  5.45796967
   4.14064264  3.90802693  3.82096505  3.10367465  4.92498922]
 [ 3.30535913  4.80788422  5.49510098  4.27422857  4.34171486  4.80028725
   4.48346615  4.24193716  4.28668022  3.75055075  4.3021183   5.75643539
   4.44014168  3.95059514  5.10180187  3.58662891  4.84033775]
 [ 3.24788117  4.55903292  5.49411392  3.2353816   3.66055417  3.44750905
   3.48621297  3.77537155  4.11720657  2.77755904  3.3693099   5.33272409
   3.6039722   3.53513336  4.37900257  3.42274499  4.27364779]]
Difference:
 [[  7.27276802e-02  -4.39524651e-02  -3.28497887e-01   8.72678757e-02
    1.17655516e-01   4.02917862e-01  -1.07658863e-01  -6.11186028e-02
   -3.16350460e-01   2.56425858e-01  -1.00725651e-01  -1.96173191e-01
   -7.23576546e-02   1.39619827e-01  -3.79753113e-03  -1.24205589e-01
   -5.31846237e+00]
 [ -3.38002682e-01  -8.01654100e-01  -6.17769718e-01  -2.45989561e-01
   -3.35254669e-01  -5.18101454e-01  -4.91581202e-01  -6.98459387e-01
   -6.94145918e-01  -4.26561117e-01  -8.45284700e-01  -1.55190945e-01
   -6.31933212e-02  -4.35154200e-01  -7.86423206e-01  -3.30311298e-01
   -4.12762833e+00]
 [ -2.58930206e-01  -6.32659435e-01  -5.12782574e-01  -1.85500622e-01
   -2.52925396e-01  -3.71927261e-01  -3.94866467e-01  -5.53174496e-01
   -5.71658134e-01  -3.12665701e-01  -6.71751738e-01  -1.38553619e-01
   -5.57742119e-02  -3.29413891e-01  -6.17270470e-01  -2.69769192e-01
   -5.45147228e+00]
 [  1.63154125e-01   5.09629250e-02  -4.18092251e-01   1.72045231e-01
    2.32489586e-01   7.02503681e-01  -9.40346718e-02   8.97169113e-03
   -3.87879848e-01   4.61485863e-01  -3.06820869e-02  -2.81456470e-01
   -1.02929115e-01   2.81439066e-01   1.11031532e-01  -1.43699169e-01
   -5.13413191e+00]
 [ -3.69000435e-02  -3.20973396e-01  -5.65133572e-01   1.01823807e-02
    1.24969482e-02   2.57783413e-01  -2.83874273e-01  -3.04273129e-01
   -5.78094721e-01   1.31016016e-01  -3.97098541e-01  -2.64552116e-01
   -9.96098518e-02   2.09641457e-03  -2.72465229e-01  -2.46687412e-01
   -4.35989141e+00]
 [ -2.00138569e-01  -6.69483662e-01  -7.81092644e-01  -1.14749908e-01
   -1.57543182e-01  -4.44741249e-02  -4.83172417e-01  -6.03845596e-01
   -8.30173492e-01  -1.04391575e-01  -7.54866123e-01  -2.98508644e-01
   -1.14780903e-01  -2.16273785e-01  -6.21375084e-01  -3.71341705e-01
   -6.54059505e+00]
 [ -1.64906740e-01  -3.62579346e-01  -2.40564823e-01  -1.24542713e-01
   -1.69568062e-01  -2.91199684e-01  -2.11695671e-01  -3.12896490e-01
   -2.77262688e-01  -2.29820967e-01  -3.75143051e-01  -4.54483032e-02
   -1.94983482e-02  -2.18369246e-01  -3.60874653e-01  -1.35407925e-01
   -5.34651852e+00]
 [  6.21609688e-02   5.98478317e-03  -1.87926292e-01   6.76791668e-02
    9.14025307e-02   2.85737038e-01  -4.90720272e-02  -9.70101357e-03
   -1.76681280e-01   1.86041832e-01  -2.92277336e-02  -1.21479511e-01
   -4.45497036e-02   1.10081196e-01   3.15661430e-02  -6.68673515e-02
   -3.94335961e+00]
 [ -3.42828751e-01  -7.37355232e-01  -4.65113163e-01  -2.61519194e-01
   -3.55971336e-01  -6.27490282e-01  -4.23908234e-01  -6.34450436e-01
   -5.41080236e-01  -4.90270138e-01  -7.58455276e-01  -7.70688057e-02
   -3.40151787e-02  -4.57461357e-01  -7.37106085e-01  -2.66689062e-01
   -4.32181025e+00]
 [ -2.14047432e-02  -1.77196503e-01  -3.08649540e-01   4.47988510e-03
    5.35774231e-03   1.37425661e-01  -1.55801296e-01  -1.67718410e-01
   -3.15990210e-01   6.91590309e-02  -2.18605995e-01  -1.43922329e-01
   -5.42099476e-02  -6.94751740e-04  -1.50862217e-01  -1.34984255e-01
   -3.95954752e+00]
 [  2.63359547e-02  -7.58204460e-02  -2.46662140e-01   4.11047935e-02
    5.52034378e-02   2.26563454e-01  -9.80563164e-02  -8.06427002e-02
   -2.43449211e-01   1.38423920e-01  -1.14691019e-01  -1.34574413e-01
   -4.99916077e-02   6.32863045e-02  -4.92596626e-02  -9.90235806e-02
   -5.56991243e+00]
 [ -3.20875645e-02  -3.00853252e-01  -5.37777901e-01   1.23038292e-02
    1.54395103e-02   2.53438711e-01  -2.68290043e-01  -2.85825014e-01
   -5.49479008e-01   1.30467415e-01  -3.73695850e-01  -2.53108501e-01
   -9.52527523e-02   6.44254684e-03  -2.54308701e-01  -2.34129906e-01
   -4.01101637e+00]
 [ -1.71471834e-01  -3.83120537e-01  -2.63160229e-01  -1.28531456e-01
   -1.75034285e-01  -2.94569969e-01  -2.26145267e-01  -3.31317186e-01
   -3.01440239e-01  -2.34324932e-01  -3.98050785e-01  -5.37343025e-02
   -2.26993561e-02  -2.25764990e-01  -3.80122423e-01  -1.46308184e-01
   -4.40025234e+00]
 [ -1.67729139e-01  -5.09848356e-01  -5.45406342e-01  -1.04294777e-01
   -1.42803907e-01  -1.06244087e-01  -3.54419231e-01  -4.56031322e-01
   -5.85526228e-01  -1.26451254e-01  -5.65746546e-01  -1.95841312e-01
   -7.58519173e-02  -1.92134857e-01  -4.79808569e-01  -2.64994860e-01
   -4.92498922e+00]
 [ -3.57305050e-01  -7.32781887e-01  -4.08627987e-01  -2.78226852e-01
   -3.78511906e-01  -7.02067375e-01  -4.06596661e-01  -6.26362801e-01
   -4.87094879e-01  -5.38134336e-01  -7.43857384e-01  -4.24494743e-02
   -2.12707520e-02  -4.84364986e-01  -7.39687443e-01  -2.45733500e-01
   -4.84033775e+00]
 [  1.97563171e-02  -8.31198692e-02  -2.40980148e-01   3.49986553e-02
    4.69303131e-02   2.05294609e-01  -9.94350910e-02  -8.61260891e-02
   -2.39090204e-01   1.23802900e-01  -1.20300293e-01  -1.28785610e-01
   -4.79233265e-02   5.30512333e-02  -5.79290390e-02  -9.79597569e-02
   -4.27364779e+00]]

FAILED! Dimensions:  (17, 16, 16)  Method:  CudaSharedMemory
Result:
 [[ 3.8606596   4.71442509  2.88448     3.61931396  2.77973294  3.31318951
   3.21184707  3.99495387  4.91144705  3.24619651  3.65340018  3.76214409
   2.8705833   3.63526773  3.57906961  4.16964865]
 [ 4.47244453  4.38905764  3.65860486  3.4998486   3.14566183  4.48657703
   4.47265053  4.56794739  5.74452782  3.72262692  4.54121447  4.23231363
   2.89241433  3.56112576  3.29855371  4.34333801]
 [ 5.71134281  5.34039211  4.23547602  5.17731905  3.72301316  5.04701042
   4.35129023  4.9023366   6.34193373  4.46433496  5.95124578  5.01088572
   4.14239168  4.477005    4.14689875  5.54535675]
 [ 6.10058594  6.15140438  3.82510519  5.26460886  4.67623615  5.28682423
   4.72304678  5.81436491  6.68954134  5.08238554  5.21279621  5.72959805
   4.02172136  5.31141281  4.35943794  5.39006376]
 [ 5.44742441  5.64818192  3.14536548  4.63639927  3.99738526  4.34050035
   4.24812031  5.03683043  5.8917737   4.21775627  5.30218792  4.5735116
   2.72475839  5.02934217  3.15774655  4.19739151]
 [ 5.10886383  3.99104166  3.07217479  3.85702443  3.11321497  4.45970774
   3.69757175  4.10177612  5.17288828  4.02871561  3.9721787   4.16159773
   3.36389637  3.91528988  3.36182165  4.06735516]
 [ 5.9446249   5.25439548  4.2120409   5.03893757  3.79560399  5.26429415
   4.47849607  4.92200327  6.52472734  4.80375051  5.87323523  5.03949451
   3.98969817  4.67800379  4.42494774  4.8163867 ]
 [ 4.42439127  4.42980671  2.61548901  3.2317524   3.58229828  4.07571602
   3.70745778  4.5254755   5.14848948  3.55250907  4.14899111  4.23936224
   2.55401278  4.13951492  3.17422843  3.90098357]
 [ 4.63509846  4.1025939   2.2276969   3.88214731  3.35368252  3.65616989
   3.01151705  3.64464426  4.40410089  3.82989335  3.63794231  3.72639728
   2.65080404  4.20224619  2.75507498  3.37154198]
 [ 4.95401239  4.87605381  2.95851135  4.29694796  3.90969968  4.21774769
   3.74346256  4.52756596  5.51685572  4.77201748  4.50536919  4.3601408
   3.04440165  5.06687307  3.82213974  4.03669071]
 [ 4.77821684  5.03844309  3.11841846  4.65670633  3.71976924  4.58240557
   3.72312593  4.13920641  5.21768522  4.14019394  3.94325018  4.36839437
   3.35530877  4.1062932   3.4975214   4.81323242]
 [ 5.56152773  5.88667965  3.19346023  5.52054501  5.27946901  4.83970213
   3.70224452  5.61379337  6.29508829  5.08247232  5.63412428  5.58786488
   3.79610372  6.0895977   4.29656363  5.11337852]
 [ 4.16788435  4.36599827  2.19880462  3.29654312  2.6784656   3.52057934
   3.35649967  3.21763062  3.99082851  2.95871258  3.66857338  3.74615335
   2.11998796  3.31508613  2.32861853  3.51360273]
 [ 5.36609793  5.13515234  3.96859479  5.44898224  4.04396391  4.92411184
   4.1918292   4.97847795  6.17016983  4.5849185   5.37844896  4.66078186
   4.25640917  4.54426479  4.2021637   5.16726542]
 [ 5.58550119  4.88386726  3.9839282   4.8795557   3.47789717  5.13972712
   4.29171562  4.82204342  6.35413265  4.65960073  5.48841381  4.73509502
   3.51999903  4.45396662  3.82329607  4.7841506 ]
 [ 4.783463    4.75547028  2.60705066  4.19104433  4.12160444  4.12824011
   3.01045227  3.91039848  4.28325891  3.96488714  4.33279419  4.3683939
   2.68732619  4.34435654  2.7608788   3.85479689]
 [ 0.          0.          0.          0.          0.          0.          0.
   0.          0.          0.          0.          0.          0.          0.
   0.          0.        ]]
Expected:
 [[ 3.8606596   4.71442509  2.88448     3.61931396  2.77973294  3.31318951
   3.21184707  3.99495387  4.91144705  3.24619651  3.65340018  3.76214409
   2.8705833   3.63526773  3.57906961  4.16964865]
 [ 4.47244453  4.38905764  3.65860486  3.4998486   3.14566183  4.48657703
   4.47265053  4.56794739  5.74452782  3.72262692  4.54121447  4.23231363
   2.89241433  3.56112576  3.29855371  4.34333801]
 [ 5.71134281  5.34039211  4.23547602  5.17731905  3.72301316  5.04701042
   4.35129023  4.9023366   6.34193373  4.46433496  5.95124578  5.01088572
   4.14239168  4.477005    4.14689875  5.54535675]
 [ 6.10058594  6.15140438  3.82510519  5.26460886  4.67623615  5.28682423
   4.72304678  5.81436491  6.68954134  5.08238554  5.21279621  5.72959805
   4.02172136  5.31141281  4.35943794  5.39006376]
 [ 5.44742441  5.64818192  3.14536548  4.63639927  3.99738526  4.34050035
   4.24812031  5.03683043  5.8917737   4.21775627  5.30218792  4.5735116
   2.72475839  5.02934217  3.15774655  4.19739151]
 [ 5.10886383  3.99104166  3.07217479  3.85702443  3.11321497  4.45970774
   3.69757175  4.10177612  5.17288828  4.02871561  3.9721787   4.16159773
   3.36389637  3.91528988  3.36182165  4.06735516]
 [ 5.9446249   5.25439548  4.2120409   5.03893757  3.79560399  5.26429415
   4.47849607  4.92200327  6.52472734  4.80375051  5.87323523  5.03949451
   3.98969817  4.67800379  4.42494774  4.8163867 ]
 [ 4.42439127  4.42980671  2.61548901  3.2317524   3.58229828  4.07571602
   3.70745778  4.5254755   5.14848948  3.55250907  4.14899111  4.23936224
   2.55401278  4.13951492  3.17422843  3.90098357]
 [ 4.63509846  4.1025939   2.2276969   3.88214731  3.35368252  3.65616989
   3.01151705  3.64464426  4.40410089  3.82989335  3.63794231  3.72639728
   2.65080404  4.20224619  2.75507498  3.37154198]
 [ 4.95401239  4.87605381  2.95851135  4.29694796  3.90969968  4.21774769
   3.74346256  4.52756596  5.51685572  4.77201748  4.50536919  4.3601408
   3.04440165  5.06687307  3.82213974  4.03669071]
 [ 4.77821684  5.03844309  3.11841846  4.65670633  3.71976924  4.58240557
   3.72312593  4.13920641  5.21768522  4.14019394  3.94325018  4.36839437
   3.35530877  4.1062932   3.4975214   4.81323242]
 [ 5.56152773  5.88667965  3.19346023  5.52054501  5.27946901  4.83970213
   3.70224452  5.61379337  6.29508829  5.08247232  5.63412428  5.58786488
   3.79610372  6.0895977   4.29656363  5.11337852]
 [ 4.16788435  4.36599827  2.19880462  3.29654312  2.6784656   3.52057934
   3.35649967  3.21763062  3.99082851  2.95871258  3.66857338  3.74615335
   2.11998796  3.31508613  2.32861853  3.51360273]
 [ 5.36609793  5.13515234  3.96859479  5.44898224  4.04396391  4.92411184
   4.1918292   4.97847795  6.17016983  4.5849185   5.37844896  4.66078186
   4.25640917  4.54426479  4.2021637   5.16726542]
 [ 5.58550119  4.88386726  3.9839282   4.8795557   3.47789717  5.13972712
   4.29171562  4.82204342  6.35413265  4.65960073  5.48841381  4.73509502
   3.51999903  4.45396662  3.82329607  4.7841506 ]
 [ 4.783463    4.75547028  2.60705066  4.19104433  4.12160444  4.12824011
   3.01045227  3.91039848  4.28325891  3.96488714  4.33279419  4.3683939
   2.68732619  4.34435654  2.7608788   3.85479689]
 [ 6.41674423  6.22789383  4.01044941  5.58459091  4.87922287  5.58151007
   4.44779015  5.39100266  6.48716164  5.16870737  6.12200737  5.99090385
   4.45770168  5.51654434  4.66010761  5.83461094]]
Difference:
 [[ 0.          0.          0.          0.          0.          0.          0.
   0.          0.          0.          0.          0.          0.          0.
   0.          0.        ]
 [ 0.          0.          0.          0.          0.          0.          0.
   0.          0.          0.          0.          0.          0.          0.
   0.          0.        ]
 [ 0.          0.          0.          0.          0.          0.          0.
   0.          0.          0.          0.          0.          0.          0.
   0.          0.        ]
 [ 0.          0.          0.          0.          0.          0.          0.
   0.          0.          0.          0.          0.          0.          0.
   0.          0.        ]
 [ 0.          0.          0.          0.          0.          0.          0.
   0.          0.          0.          0.          0.          0.          0.
   0.          0.        ]
 [ 0.          0.          0.          0.          0.          0.          0.
   0.          0.          0.          0.          0.          0.          0.
   0.          0.        ]
 [ 0.          0.          0.          0.          0.          0.          0.
   0.          0.          0.          0.          0.          0.          0.
   0.          0.        ]
 [ 0.          0.          0.          0.          0.          0.          0.
   0.          0.          0.          0.          0.          0.          0.
   0.          0.        ]
 [ 0.          0.          0.          0.          0.          0.          0.
   0.          0.          0.          0.          0.          0.          0.
   0.          0.        ]
 [ 0.          0.          0.          0.          0.          0.          0.
   0.          0.          0.          0.          0.          0.          0.
   0.          0.        ]
 [ 0.          0.          0.          0.          0.          0.          0.
   0.          0.          0.          0.          0.          0.          0.
   0.          0.        ]
 [ 0.          0.          0.          0.          0.          0.          0.
   0.          0.          0.          0.          0.          0.          0.
   0.          0.        ]
 [ 0.          0.          0.          0.          0.          0.          0.
   0.          0.          0.          0.          0.          0.          0.
   0.          0.        ]
 [ 0.          0.          0.          0.          0.          0.          0.
   0.          0.          0.          0.          0.          0.          0.
   0.          0.        ]
 [ 0.          0.          0.          0.          0.          0.          0.
   0.          0.          0.          0.          0.          0.          0.
   0.          0.        ]
 [ 0.          0.          0.          0.          0.          0.          0.
   0.          0.          0.          0.          0.          0.          0.
   0.          0.        ]
 [-6.41674423 -6.22789383 -4.01044941 -5.58459091 -4.87922287 -5.58151007
  -4.44779015 -5.39100266 -6.48716164 -5.16870737 -6.12200737 -5.99090385
  -4.45770168 -5.51654434 -4.66010761 -5.83461094]]

FAILED! Dimensions:  (17, 16, 17)  Method:  CudaSharedMemory
Result:
 [[ 4.2721405   3.35850167  3.53625345  3.42947674  4.03723574  3.31986809
   4.0852046   3.79041839  3.12284446  3.92376375  3.30579138  4.28965425
   4.48121309  3.38104272  4.34089231  4.41091871]
 [ 5.76647472  3.7649219   4.61559486  3.97965431  5.23000288  5.1563735
   5.10417747  4.43924189  4.29735422  5.29155064  4.66265392  5.40340424
   5.20439863  4.01733685  5.16958141  4.70293045]
 [ 4.69482422  3.33845043  3.63926601  3.67746997  3.89765882  3.48203921
   4.21184063  3.60179353  3.34289503  4.31070709  3.89030075  4.56236935
   4.86407852  3.56378746  4.2086997   4.50288057]
 [ 3.92674279  2.67362356  2.6230514   2.92569375  3.22047281  3.16229725
   3.73178244  3.58863091  2.92573309  3.50142455  2.8440733   4.11817122
   3.8595674   3.19852686  3.75672126  3.59156942]
 [ 5.15137768  3.37828302  3.56044888  3.50263023  4.70222616  3.52440596
   4.96588564  3.55827808  3.830827    4.04505205  3.58830976  4.39504719
   4.91952324  3.74019265  3.87701225  3.98045564]
 [ 4.09596205  2.91130185  3.37829328  3.04421329  4.11977386  3.10591197
   4.24982643  4.30368996  3.44981742  3.56493092  3.18156958  4.60876513
   4.0784483   3.63823318  4.07567644  4.23469543]
 [ 4.25791168  2.39197826  2.69760799  1.69711852  3.30751228  2.11106944
   3.37739849  2.92722654  3.24055481  2.94414234  2.91058993  2.96531391
   3.30535269  3.27052116  2.82143641  2.88458395]
 [ 4.99055481  3.50580931  3.94278955  3.02682734  4.45463037  3.57986426
   4.67506027  4.00971889  3.78336167  4.4679637   3.50835133  4.43810844
   4.4871006   3.95159101  4.16085148  4.32522488]
 [ 4.73906565  2.82798219  4.07001305  3.26468182  3.78143978  3.86280656
   4.5116725   3.72978115  3.2194047   3.98926091  4.48815441  4.04120445
   4.46110439  4.3287282   4.4312067   4.08582115]
 [ 5.79037762  2.7439177   3.84499598  2.73290515  3.81782436  3.66628337
   4.11999369  3.93132162  3.82951212  4.52774048  4.69316912  4.89046144
   4.93110609  4.23962593  4.16745996  4.33734035]
 [ 5.27841425  3.42184234  3.50096965  3.45102262  4.49956083  3.5233736
   4.38969326  3.63789177  3.45521927  4.20870113  3.62477398  4.71321297
   4.5600009   3.41930437  3.98498845  4.48965645]
 [ 5.19941854  2.92966652  3.2863307   2.58544087  3.84860873  3.45794511
   3.520257    3.69040442  3.45385218  4.27971077  3.57746983  4.59296227
   4.48018265  3.46694541  4.34251356  4.43749762]
 [ 4.56694555  2.90319824  3.58614659  3.50519156  3.69233084  3.86248016
   3.66133857  3.23207307  2.66515136  4.09341335  3.25560689  4.57653952
   4.47037792  2.78382778  4.0913372   4.53358459]
 [ 5.28998327  2.62738919  3.71865273  1.95031953  3.90364075  2.8018291
   4.12190914  4.26447105  3.83920026  3.93165135  4.50030231  4.42023373
   4.31557035  4.35343599  4.20576572  3.93933153]
 [ 3.27594209  2.00533462  2.44422722  2.38408852  3.26631427  3.021173
   3.78161526  3.26240277  3.14291239  2.95509124  3.2103827   3.36689425
   3.17157865  3.13433051  3.43555236  2.79483771]
 [ 5.09048653  3.60626006  3.89758325  3.12756395  4.86892271  3.71635842
   4.7391448   3.70321631  3.97780395  4.54839325  4.17195082  4.17243052
   5.04559565  4.09407902  4.73019457  4.60630369]
 [ 0.          0.          0.          0.          0.          0.          0.
   0.          0.          0.          0.          0.          0.          0.
   0.          0.        ]]
Expected:
 [[ 4.67701387  3.8736372   4.13261652  4.14311361  4.63688755  4.04344749
   4.47464848  4.08611059  3.44378209  4.19780827  3.86257863  4.67019367
   4.61752319  3.94623399  5.18194199  5.02269363]
 [ 6.28959084  4.34574699  5.11932516  4.74011135  5.90890026  5.93911266
   5.51966524  4.83865547  4.56644011  5.65012169  5.22790956  5.89350462
   5.35621166  4.4981637   6.11215925  5.43743992]
 [ 5.08361053  3.77786446  4.03800154  4.25740385  4.41097689  4.077672
   4.52864218  3.89705706  3.55617404  4.57679176  4.32447672  4.92676067
   4.97912645  3.94391465  4.92238951  5.05388355]
 [ 3.82486486  2.69234824  2.93996906  3.028965    3.23740578  3.24655008
   3.78727603  3.48383355  3.09978557  3.42460465  2.97376251  4.02517462
   3.8678112   3.49288249  3.79730678  3.53553104]
 [ 5.66049433  3.84144592  3.7292428   4.04803514  5.24743032  4.10286617
   5.26459646  3.96792412  3.91730785  4.39943886  3.95271945  4.87013197
   5.03798676  3.90762591  4.62074423  4.62791586]
 [ 4.3016386   3.14560771  3.59504557  3.35453153  4.39341927  3.42432976
   4.41933155  4.45951223  3.56581831  3.70559764  3.41461658  4.80157042
   4.13984108  3.8447628   4.45637321  4.52740669]
 [ 4.37047958  2.49117851  2.72483325  1.81159484  3.42443109  2.23321152
   3.44012618  3.01845813  3.25416756  3.02266884  2.98532987  3.07029748
   3.33062601  3.29810309  2.98042583  3.02562356]
 [ 5.10887003  3.72295308  4.32673311  3.36236572  4.70521593  3.91089249
   4.85778141  4.08248281  3.99155593  4.54451752  3.79219484  4.55055141
   4.54603624  4.3127737   4.51987314  4.5479598 ]
 [ 5.17064953  3.30864453  4.49022055  3.89487505  4.34320688  4.51121998
   4.85597801  4.05900717  3.44392705  4.28501368  4.95717192  4.44557619
   4.58677435  4.72973871  5.21135092  4.69277859]
 [ 6.3824687   3.32513046  4.17528868  3.44835424  4.50003767  4.41543531
   4.51142836  4.39901018  4.00319958  4.93762922  5.19438028  5.44376659
   5.08108425  4.5596118   5.10477257  5.11841249]
 [ 5.24394083  3.57469487  4.06942225  3.76531839  4.67104197  3.81492186
   4.56006479  3.57241344  3.76577878  4.17494202  3.93512034  4.68446922
   4.60480881  3.95009232  4.2478261   4.56738806]
 [ 5.18182659  3.05223775  3.71671605  2.83080602  3.98653722  3.68673968
   3.6533134   3.64785886  3.68888831  4.26012135  3.81689882  4.57912302
   4.51583004  3.8689754   4.55241871  4.50657797]
 [ 4.37210846  2.9809587   4.32429123  3.78267622  3.77217197  4.09892321
   3.81087136  3.02305865  3.07007504  3.94427609  3.57992482  4.3994689
   4.49817467  3.47022557  4.24027872  4.45409918]
 [ 5.60227251  2.93412685  3.89344668  2.32802701  4.26367426  3.19729185
   4.32855797  4.51110792  3.93112922  4.14783049  4.76499701  4.71206856
   4.39472723  4.5227561   4.70045233  4.35141802]
 [ 3.51553965  2.22125602  2.51721287  2.63685656  3.52057672  3.2897253
   3.92007256  3.45560765  3.18009186  3.12197948  3.37815213  3.59043765
   3.22674179  3.20709586  3.78207898  3.09818912]
 [ 5.07113552  3.73537421  4.35301733  3.38656974  5.01417923  3.95777321
   4.87959385  3.65758753  4.22652721  4.52714777  4.42492962  4.15710163
   5.08316946  4.51949358  4.95137358  4.67852116]
 [ 4.27316284  3.29147148  3.09634566  2.7499938   4.60089159  3.69249415
   3.91571879  3.6681807   3.41429281  3.27669716  3.58065081  3.81823206
   3.94935536  3.8177557   4.63318491  3.84867358]]
Difference:
 [[-0.40487337 -0.51513553 -0.59636307 -0.71363688 -0.59965181 -0.72357941
  -0.38944387 -0.29569221 -0.32093763 -0.27404451 -0.55678725 -0.38053942
  -0.1363101  -0.56519127 -0.84104967 -0.61177492]
 [-0.52311611 -0.58082509 -0.5037303  -0.76045704 -0.67889738 -0.78273916
  -0.41548777 -0.39941359 -0.26908588 -0.35857105 -0.56525564 -0.49010038
  -0.15181303 -0.48082685 -0.94257784 -0.73450947]
 [-0.38878632 -0.43941402 -0.39873552 -0.57993388 -0.51331806 -0.59563279
  -0.31680155 -0.29526353 -0.21327901 -0.26608467 -0.43417597 -0.36439133
  -0.11504793 -0.38012719 -0.7136898  -0.55100298]
 [ 0.10187793 -0.01872468 -0.31691766 -0.10327125 -0.01693296 -0.08425283
  -0.05549359  0.10479736 -0.17405248  0.0768199  -0.12968922  0.0929966
  -0.0082438  -0.29435563 -0.04058552  0.05603838]
 [-0.50911665 -0.4631629  -0.16879392 -0.54540491 -0.54520416 -0.57846022
  -0.29871082 -0.40964603 -0.08648086 -0.35438681 -0.36440969 -0.47508478
  -0.11846352 -0.16743326 -0.74373198 -0.64746022]
 [-0.20567656 -0.23430586 -0.21675229 -0.31031823 -0.2736454  -0.31841779
  -0.16950512 -0.15582228 -0.11600089 -0.14066672 -0.23304701 -0.19280529
  -0.06139278 -0.20652962 -0.38069677 -0.29271126]
 [-0.1125679  -0.09920025 -0.02722526 -0.11447632 -0.1169188  -0.12214208
  -0.06272769 -0.09123158 -0.01361275 -0.0785265  -0.07473993 -0.10498357
  -0.02527332 -0.02758193 -0.15898943 -0.14103961]
 [-0.11831522 -0.21714377 -0.38394356 -0.33553839 -0.25058556 -0.33102822
  -0.18272114 -0.07276392 -0.20819426 -0.07655382 -0.28384352 -0.11244297
  -0.05893564 -0.36118269 -0.35902166 -0.22273493]
 [-0.43158388 -0.48066235 -0.4202075  -0.63019323 -0.5617671  -0.64841342
  -0.34430552 -0.32922602 -0.22452235 -0.29575276 -0.46901751 -0.40437174
  -0.12566996 -0.40101051 -0.78014421 -0.60695744]
 [-0.59209108 -0.58121276 -0.3302927  -0.71544909 -0.68221331 -0.74915195
  -0.39143467 -0.46768856 -0.17368746 -0.40988874 -0.50121117 -0.55330515
  -0.14997816 -0.31998587 -0.9373126  -0.78107214]
 [ 0.03447342 -0.15285254 -0.5684526  -0.31429577 -0.17148113 -0.29154825
  -0.17037153  0.06547832 -0.31055951  0.03375912 -0.31034636  0.02874374
  -0.04480791 -0.53078794 -0.26283765 -0.07773161]
 [ 0.01759195 -0.12257123 -0.43038535 -0.24536514 -0.13792849 -0.22879457
  -0.1330564   0.04254556 -0.23503613  0.01958942 -0.239429    0.01383924
  -0.03564739 -0.40202999 -0.20990515 -0.06908035]
 [ 0.19483709 -0.07776046 -0.73814464 -0.27748466 -0.07984114 -0.23644304
  -0.14953279  0.20901442 -0.40492368  0.14913726 -0.32431793  0.17707062
  -0.02779675 -0.68639779 -0.14894152  0.07948542]
 [-0.31228924 -0.30673766 -0.17479396 -0.37770748 -0.36003351 -0.39546275
  -0.20664883 -0.24663687 -0.09192896 -0.21617913 -0.26469469 -0.29183483
  -0.07915688 -0.16932011 -0.4946866  -0.41208649]
 [-0.23959756 -0.2159214  -0.07298565 -0.25276804 -0.25426245 -0.2685523
  -0.1384573  -0.19320488 -0.03717947 -0.16688824 -0.16776943 -0.22354341
  -0.05516315 -0.07276535 -0.34652662 -0.3033514 ]
 [ 0.01935101 -0.12911415 -0.45543408 -0.25900578 -0.14525652 -0.24141479
  -0.14044905  0.04562879 -0.24872327  0.02124548 -0.2529788   0.01532888
  -0.03757381 -0.42541456 -0.22117901 -0.07221746]
 [-4.27316284 -3.29147148 -3.09634566 -2.7499938  -4.60089159 -3.69249415
  -3.91571879 -3.6681807  -3.41429281 -3.27669716 -3.58065081 -3.81823206
  -3.94935536 -3.8177557  -4.63318491 -3.84867358]]

FAILED! Dimensions:  (17, 17, 16)  Method:  CudaSharedMemory
Result:
 [[ 3.68950891  2.40838289  4.01749134  4.12342262  3.67258191  4.76235294
   3.01251149  4.22506094  3.02675843  3.72089887  2.80937481  2.80976605
   3.75893688  2.9330256   3.87114763  2.91069436  3.68950891]
 [ 2.98660755  2.4778738   4.1362648   3.9075129   3.2194171   4.14118147
   2.84283829  4.3747344   2.72054648  3.70327735  2.93888354  3.28282404
   4.15992212  3.10642624  3.92276454  3.40887356  2.98660755]
 [ 3.53817391  3.42052197  4.70962334  5.92872477  4.58215094  5.47035837
   3.50202203  4.87429953  3.24071693  4.11443377  3.06719732  4.68802357
   4.9937048   4.62455225  5.58573103  3.7128098   3.53817391]
 [ 2.93858528  2.20279121  3.67714262  3.68122339  3.6018703   4.17671537
   2.17312217  3.90135765  2.32363987  3.12855411  2.87767839  3.05548787
   3.50959349  3.09126043  3.61536074  3.62730598  2.93858528]
 [ 3.36684489  2.7332983   4.51165771  5.13622952  3.98854995  4.98649836
   3.46036029  4.52366495  3.2628746   3.77994061  3.03385186  3.4576323
   4.70613766  3.91921353  4.58047676  3.61897755  3.36684489]
 [ 3.46377063  2.83301735  4.30528021  3.97664118  3.5742023   4.58171225
   2.71942282  4.19944572  2.57563066  3.95807457  3.31575131  3.56065702
   4.01593542  2.7609272   4.24970913  3.31501102  3.46377063]
 [ 2.48939228  2.40056205  3.72849488  3.77034211  3.2381196   3.64812517
   2.82112956  4.27168417  2.6622963   3.67922521  2.62657046  3.6780417
   4.12222958  3.22391248  3.59124422  3.21335697  2.48939228]
 [ 3.04859638  2.22112727  4.31840181  3.82552314  3.42641425  3.85318565
   2.75580215  4.38386631  2.27240849  3.48586845  3.34177685  3.65633082
   4.24649     3.0902617   3.68087292  3.86583543  3.04859638]
 [ 2.44062424  2.32855892  3.2833879   3.62791681  3.21348119  4.00228453
   2.6384275   4.32930326  2.76736593  4.14259386  2.69227171  3.04081368
   3.87275243  3.08079767  3.68989754  3.52725291  2.44062424]
 [ 2.92994356  2.28940511  4.00402546  4.32552767  3.33788371  4.1662941
   2.76723647  4.09619141  2.62341189  3.34606886  2.77463531  3.51923347
   3.94089746  3.30197883  4.05313158  3.42775583  2.92994356]
 [ 3.58079815  2.83189368  4.46517754  4.9785161   3.61538911  4.49595165
   2.90637302  4.32117176  2.86189318  3.70620775  2.88052607  4.07903957
   4.12012577  3.3539772   4.66775846  3.51055169  3.58079815]
 [ 2.91357017  3.41301322  3.92881465  4.66940784  3.49509215  4.40305424
   2.48336315  4.12923765  2.54491115  3.59545779  2.56988955  4.2739563
   3.99655342  3.2461729   5.30021238  3.15035248  2.91357017]
 [ 2.22222304  2.30327559  3.65248966  4.59026051  3.2411716   4.16011333
   3.11917734  4.06238604  2.74617696  3.41280055  2.25572515  3.20456457
   4.1310997   3.59114671  3.76699305  2.79677129  2.22222304]
 [ 2.81760788  2.26537108  4.18032837  4.52804422  3.51210523  4.33349323
   2.87090755  4.28372383  2.4768064   3.25733924  2.69260001  3.63638115
   3.97254276  3.3234942   3.74859405  3.23622775  2.81760788]
 [ 3.57370257  2.86332297  4.16766977  4.89368868  4.35741472  4.85973072
   3.1240499   4.91358709  3.16694713  3.57006693  3.07644916  3.75493002
   3.97537565  3.51126432  4.9415369   3.5223124   3.57370257]
 [ 2.47130036  1.87404561  2.79228091  2.94931436  2.91078687  3.37201333
   1.91945553  3.28716564  1.71958518  2.48824477  2.27223396  2.41695166
   3.08109999  2.3707974   3.42109013  2.65819812  2.47130036]
 [ 3.68950891  2.40838289  4.01749134  4.12342262  3.67258191  4.76235294
   3.01251149  4.22506094  3.02675843  3.72089887  2.80937481  2.80976605
   3.75893688  2.9330256   3.87114763  2.91069436  3.68950891]]
Expected:
 [[ 3.7045691   3.08508611  3.42323446  4.4579587   2.81290698  3.80317616
   2.59295917  3.45555329  2.78578258  3.34671974  2.00873852  3.48540878
   3.59570932  3.22176075  4.73313093  2.38045311  2.53708863]
 [ 3.82966518  2.4778738   4.1362648   3.9075129   3.2194171   4.14118147
   2.84283829  4.3747344   2.72054648  3.70327735  2.93888354  3.28282404
   4.15992212  3.10642624  3.92276454  3.40887356  2.98660755]
 [ 4.91777086  3.42052197  4.70962334  5.92872477  4.58215094  5.47035837
   3.50202203  4.87429953  3.24071693  4.11443377  3.06719732  4.68802357
   4.9937048   4.62455225  5.58573103  3.7128098   3.53817391]
 [ 3.46148777  2.20279121  3.67714262  3.68122339  3.6018703   4.17671537
   2.17312217  3.90135765  2.32363987  3.12855411  2.87767839  3.05548787
   3.50959349  3.09126043  3.61536074  3.62730598  2.93858528]
 [ 4.45138502  2.7332983   4.51165771  5.13622952  3.98854995  4.98649836
   3.46036029  4.52366495  3.2628746   3.77994061  3.03385186  3.4576323
   4.70613766  3.91921353  4.58047676  3.61897755  3.36684489]
 [ 3.49915242  2.83301735  4.30528021  3.97664118  3.5742023   4.58171225
   2.71942282  4.19944572  2.57563066  3.95807457  3.31575131  3.56065702
   4.01593542  2.7609272   4.24970913  3.31501102  3.46377063]
 [ 3.61642003  2.40056205  3.72849488  3.77034211  3.2381196   3.64812517
   2.82112956  4.27168417  2.6622963   3.67922521  2.62657046  3.6780417
   4.12222958  3.22391248  3.59124422  3.21335697  2.48939228]
 [ 3.68177557  2.22112727  4.31840181  3.82552314  3.42641425  3.85318565
   2.75580215  4.38386631  2.27240849  3.48586845  3.34177685  3.65633082
   4.24649     3.0902617   3.68087292  3.86583543  3.04859638]
 [ 3.1065464   2.32855892  3.2833879   3.62791681  3.21348119  4.00228453
   2.6384275   4.32930326  2.76736593  4.14259386  2.69227171  3.04081368
   3.87275243  3.08079767  3.68989754  3.52725291  2.44062424]
 [ 3.72321987  2.28940511  4.00402546  4.32552767  3.33788371  4.1662941
   2.76723647  4.09619141  2.62341189  3.34606886  2.77463531  3.51923347
   3.94089746  3.30197883  4.05313158  3.42775583  2.92994356]
 [ 3.84660149  2.83189368  4.46517754  4.9785161   3.61538911  4.49595165
   2.90637302  4.32117176  2.86189318  3.70620775  2.88052607  4.07903957
   4.12012577  3.3539772   4.66775846  3.51055169  3.58079815]
 [ 3.69043231  3.41301322  3.92881465  4.66940784  3.49509215  4.40305424
   2.48336315  4.12923765  2.54491115  3.59545779  2.56988955  4.2739563
   3.99655342  3.2461729   5.30021238  3.15035248  2.91357017]
 [ 4.23324728  2.30327559  3.65248966  4.59026051  3.2411716   4.16011333
   3.11917734  4.06238604  2.74617696  3.41280055  2.25572515  3.20456457
   4.1310997   3.59114671  3.76699305  2.79677129  2.22222304]
 [ 4.2295866   2.26537108  4.18032837  4.52804422  3.51210523  4.33349323
   2.87090755  4.28372383  2.4768064   3.25733924  2.69260001  3.63638115
   3.97254276  3.3234942   3.74859405  3.23622775  2.81760788]
 [ 3.56085587  2.86332297  4.16766977  4.89368868  4.35741472  4.85973072
   3.1240499   4.91358709  3.16694713  3.57006693  3.07644916  3.75493002
   3.97537565  3.51126432  4.9415369   3.5223124   3.57370257]
 [ 1.96300089  1.87404561  2.79228091  2.94931436  2.91078687  3.37201333
   1.91945553  3.28716564  1.71958518  2.48824477  2.27223396  2.41695166
   3.08109999  2.3707974   3.42109013  2.65819812  2.47130036]
 [ 3.39327645  2.40838289  4.01749134  4.12342262  3.67258191  4.76235294
   3.01251149  4.22506094  3.02675843  3.72089887  2.80937481  2.80976605
   3.75893688  2.9330256   3.87114763  2.91069436  3.68950891]]
Difference:
 [[-0.01506019 -0.67670321  0.59425688 -0.33453608  0.85967493  0.95917678
   0.41955233  0.76950765  0.24097586  0.37417912  0.80063629 -0.67564273
   0.16322756 -0.28873515 -0.8619833   0.53024125  1.15242028]
 [-0.84305763  0.          0.          0.          0.          0.          0.
   0.          0.          0.          0.          0.          0.          0.
   0.          0.          0.        ]
 [-1.37959695  0.          0.          0.          0.          0.          0.
   0.          0.          0.          0.          0.          0.          0.
   0.          0.          0.        ]
 [-0.52290249  0.          0.          0.          0.          0.          0.
   0.          0.          0.          0.          0.          0.          0.
   0.          0.          0.        ]
 [-1.08454013  0.          0.          0.          0.          0.          0.
   0.          0.          0.          0.          0.          0.          0.
   0.          0.          0.        ]
 [-0.03538179  0.          0.          0.          0.          0.          0.
   0.          0.          0.          0.          0.          0.          0.
   0.          0.          0.        ]
 [-1.12702775  0.          0.          0.          0.          0.          0.
   0.          0.          0.          0.          0.          0.          0.
   0.          0.          0.        ]
 [-0.63317919  0.          0.          0.          0.          0.          0.
   0.          0.          0.          0.          0.          0.          0.
   0.          0.          0.        ]
 [-0.66592216  0.          0.          0.          0.          0.          0.
   0.          0.          0.          0.          0.          0.          0.
   0.          0.          0.        ]
 [-0.79327631  0.          0.          0.          0.          0.          0.
   0.          0.          0.          0.          0.          0.          0.
   0.          0.          0.        ]
 [-0.26580334  0.          0.          0.          0.          0.          0.
   0.          0.          0.          0.          0.          0.          0.
   0.          0.          0.        ]
 [-0.77686214  0.          0.          0.          0.          0.          0.
   0.          0.          0.          0.          0.          0.          0.
   0.          0.          0.        ]
 [-2.01102424  0.          0.          0.          0.          0.          0.
   0.          0.          0.          0.          0.          0.          0.
   0.          0.          0.        ]
 [-1.41197872  0.          0.          0.          0.          0.          0.
   0.          0.          0.          0.          0.          0.          0.
   0.          0.          0.        ]
 [ 0.01284671  0.          0.          0.          0.          0.          0.
   0.          0.          0.          0.          0.          0.          0.
   0.          0.          0.        ]
 [ 0.50829947  0.          0.          0.          0.          0.          0.
   0.          0.          0.          0.          0.          0.          0.
   0.          0.          0.        ]
 [ 0.29623246  0.          0.          0.          0.          0.          0.
   0.          0.          0.          0.          0.          0.          0.
   0.          0.          0.        ]]

FAILED! Dimensions:  (17, 17, 17)  Method:  CudaSharedMemory
Result:
 [[ 4.64247513  4.58984137  2.20333385  4.64975929  5.55151415  2.91981983
   3.65166879  5.40465403  4.19797087  4.23684692  4.30313778  4.43960667
   3.71261334  2.83178902  4.84533596  5.04984426  4.64247513]
 [ 3.90822244  3.47195697  1.88311756  3.01414371  4.56187105  2.50303674
   3.06159163  3.8507154   3.99418879  3.99510026  3.54961586  4.11259937
   2.87483931  2.34872818  3.74003243  3.32865143  3.90822244]
 [ 3.27129269  3.85239291  1.82453668  3.54941368  4.2355442   2.73096466
   2.86926079  3.65194225  3.43893361  3.06470633  2.98164749  3.14443111
   3.09620285  2.24990082  4.08979321  3.61358476  3.27129269]
 [ 5.59417009  5.07260656  2.97276735  4.84212065  6.81961727  3.84433913
   4.80168438  5.21745729  5.8722477   4.74881983  5.10912228  5.43239164
   4.50417423  3.15538001  5.24412155  5.63315248  5.59417009]
 [ 4.4607482   4.85038948  3.04956293  4.11150885  5.9886837   3.40477514
   3.51082325  4.53383207  4.93716145  3.81331658  4.80969334  3.76739311
   3.74849224  2.27071762  4.13154554  4.8957057   4.4607482 ]
 [ 4.84985828  4.66173029  2.93407178  4.61680937  6.35595131  3.33330607
   4.44224691  4.91169882  5.59524536  5.03229427  5.13544607  4.3833313
   4.50136852  2.85061193  4.87352896  5.99681234  4.84985828]
 [ 4.23629427  4.58384657  2.65724683  3.2065239   5.55542564  2.69692636
   3.71709394  3.86970425  4.57202625  3.50547242  4.18017054  3.81537795
   3.73002362  2.33916187  4.0466361   4.87385654  4.23629427]
 [ 4.3787303   4.69825649  2.65955067  4.11303616  5.08761072  3.68280602
   3.85184693  4.6803546   4.66362333  3.71314335  4.16127157  4.58908415
   3.91720533  2.96764851  4.34276581  4.72691679  4.3787303 ]
 [ 5.16353512  4.87143707  2.77673936  4.2554183   6.18182373  3.55707884
   4.41914701  4.47335672  5.02053881  4.22515535  4.53882885  4.33058453
   4.17116928  2.77281308  5.05965662  5.03368902  5.16353512]
 [ 3.86971784  4.63072157  2.3495214   4.10814953  5.05353689  3.0074439
   3.52268457  4.84728003  3.66703248  3.14258742  3.67529607  3.74366331
   3.86296606  2.69139028  4.03645182  5.13915205  3.86971784]
 [ 4.87909651  5.16382122  2.36946416  4.50867987  6.23609972  3.38512206
   4.17010593  5.21410275  4.97088432  4.50720024  4.54090834  4.96667957
   4.08592844  3.09264874  5.34107494  5.24144506  4.87909651]
 [ 3.81345463  4.59429407  2.33234811  3.97951794  5.82343435  3.22077417
   3.84272981  4.54537153  4.09367466  3.74834037  4.12603664  3.92650557
   4.00073099  2.41945004  3.96148014  5.0524745   3.81345463]
 [ 3.21458125  3.33990002  2.27725577  2.99161792  3.9001317   3.32736158
   2.78923321  3.04012012  4.31130219  2.87664151  3.94013071  3.38579273
   2.79290557  1.84676719  2.84751582  3.15122437  3.21458125]
 [ 4.31712008  4.40671968  2.37574148  3.59292006  5.1349268   2.82514262
   3.10555768  4.72273636  4.43024302  3.72034812  4.8018589   4.20222425
   3.50757456  2.08482456  3.81663227  4.20396614  4.31712008]
 [ 3.29354119  4.23078775  2.36970496  4.07744074  4.51316977  3.12696218
   3.14267564  3.77539468  3.81224537  3.10288048  3.35703635  3.39111018
   3.74398971  2.62267709  3.82766557  4.45953369  3.29354119]
 [ 4.94548941  5.09158468  2.91194439  4.58973265  6.37584352  2.86682606
   4.3254118   4.68747854  5.02694416  4.89016104  5.05157757  4.83098841
   4.28508139  2.82097292  5.16614056  5.5473752   4.94548941]
 [ 4.64247513  4.58984137  2.20333385  4.64975929  5.55151415  2.91981983
   3.65166879  5.40465403  4.19797087  4.23684692  4.30313778  4.43960667
   3.71261334  2.83178902  4.84533596  5.04984426  4.64247513]]
Expected:
 [[ 4.06637096  4.71377182  2.82817912  4.29711294  5.6831131   2.91529846
   4.88466835  4.9485321   5.29748869  4.12839174  4.00848866  4.07764339
   4.5975771   2.80565166  5.34234571  5.40236664  4.60294962]
 [ 3.78214216  3.84045243  2.1184876   3.23331881  4.68175411  2.53567505
   3.97649074  4.72946167  4.89347935  4.14293766  3.77319646  4.20625877
   3.69595385  2.54243445  4.42412424  4.04068041  4.11258507]
 [ 3.18657446  4.0393343   1.94394195  3.66060376  4.29636192  2.74752235
   3.33339739  4.09773827  3.89515209  3.13970566  3.09507203  3.19194555
   3.51276183  2.34816957  4.43683863  3.97480297  3.37496781]
 [ 4.7027564   5.31883192  3.13003922  4.98857164  6.89972162  3.86614776
   5.41301155  5.80462742  6.47314548  4.8476038   5.25851679  5.49497414
   5.05283546  3.28481293  5.70122528  6.10892344  5.73072386]
 [ 4.23036623  4.86215639  3.05707908  4.11850786  5.9925127   3.40581727
   3.54003835  4.56189299  4.96587849  3.81803727  4.81683254  3.77038383
   3.77471256  2.27690315  4.15338993  4.91844225  4.46727419]
 [ 5.03635454  4.94258595  3.11346364  4.7838583   6.44732237  3.35818195
   5.1395545   5.58145189  6.28065634  5.14497089  5.30585241  4.45471573
   5.12719631  2.99824905  5.39492273  6.53949785  5.00561762]
 [ 3.95861363  4.91126966  2.8663826   3.40127039  5.66194677  2.72592688
   4.53001881  4.65050602  5.37108183  3.63683176  4.37883139  3.89859843
   4.45961666  2.51127768  4.65447903  5.50652361  4.41787863]
 [ 4.24520397  4.90655994  2.79260087  4.23693228  5.15537834  3.7012558
   4.36902285  5.17709351  5.17197561  3.79671311  4.28765726  4.64202785
   4.38136625  3.07714725  4.72946978  5.1294136   4.49425316]
 [ 4.23677921  5.18074656  2.97430539  4.43939114  6.28245163  3.58447528
   5.18709993  5.21096373  5.77539062  4.34924746  4.72649908  4.40920162
   4.86040115  2.9354074   5.63387394  5.63135624  5.3350749 ]
 [ 4.05091429  4.73767662  2.4178369   4.17176485  5.08833218  3.01691723
   3.78823209  5.10233402  3.92804956  3.18549681  3.74018979  3.77084756
   4.10129261  2.74761319  4.23500824  5.34581661  3.92903399]
 [ 4.72134542  5.38402128  2.51011324  4.63965178  6.30773783  3.40462565
   4.71681833  5.73921108  5.50826931  4.59554291  4.67451239  5.0226469
   4.57659817  3.20840096  5.7498641   5.66692877  5.00121641]
 [ 4.68577099  4.95593596  2.56333995  4.19461727  5.94108772  3.25280571
   4.74061155  5.40777254  4.97623825  3.89342785  4.34545851  4.01842308
   4.80657291  2.60955334  4.63284779  5.75125885  4.01401663]
 [ 3.0487361   3.70063853  2.50767088  3.20617986  4.01749134  3.35931277
   3.68487334  3.90036821  5.19166231  3.02136683  4.15900469  3.47748089
   3.59673524  2.03639603  3.51720715  3.84826446  3.41464233]
 [ 3.86435437  4.61234188  2.50707912  3.71522117  5.20182228  2.84335494
   3.61607623  5.21308136  4.93205166  3.8028419   4.9266181   4.25448704
   3.96576071  2.19291377  4.19835901  4.60128212  4.4311552 ]
 [ 4.09656239  4.60022831  2.60567808  4.29717827  4.63336039  3.15968418
   4.05992031  4.6563921   4.71384096  3.25109673  3.58119011  3.48500991
   4.56720877  2.81688023  4.51351118  5.17338753  3.49842811]
 [ 4.58710766  5.13562441  2.94007373  4.61592722  6.39017105  2.87072682
   4.43475246  4.79249811  5.13441992  4.90782881  5.07829809  4.84218216
   4.383214    2.84412313  5.24789715  5.63247108  4.96991301]
 [ 4.2522397   4.62564421  2.22620249  4.67105389  5.56316185  2.92299128
   3.74056101  5.49003315  4.28534651  4.25121069  4.32486105  4.44870663
   3.79239297  2.85060954  4.91180229  5.11902523  4.6623311 ]]
Difference:
 [[  5.76104164e-01  -1.23930454e-01  -6.24845266e-01   3.52646351e-01
   -1.31598949e-01   4.52136993e-03  -1.23299956e+00   4.56121922e-01
   -1.09951782e+00   1.08455181e-01   2.94649124e-01   3.61963272e-01
   -8.84963751e-01   2.61373520e-02  -4.97009754e-01  -3.52522373e-01
    3.95255089e-02]
 [  1.26080275e-01  -3.68495464e-01  -2.35370040e-01  -2.19175100e-01
   -1.19883060e-01  -3.26383114e-02  -9.14899111e-01  -8.78746271e-01
   -8.99290562e-01  -1.47837400e-01  -2.23580599e-01  -9.36594009e-02
   -8.21114540e-01  -1.93706274e-01  -6.84091806e-01  -7.12028980e-01
   -2.04362631e-01]
 [  8.47182274e-02  -1.86941385e-01  -1.19405270e-01  -1.11190081e-01
   -6.08177185e-02  -1.65576935e-02  -4.64136600e-01  -4.45796013e-01
   -4.56218481e-01  -7.49993324e-02  -1.13424540e-01  -4.75144386e-02
   -4.16558981e-01  -9.82687473e-02  -3.47045422e-01  -3.61218214e-01
   -1.03675127e-01]
 [  8.91413689e-01  -2.46225357e-01  -1.57271862e-01  -1.46450996e-01
   -8.01043510e-02  -2.18086243e-02  -6.11327171e-01  -5.87170124e-01
   -6.00897789e-01  -9.87839699e-02  -1.49394512e-01  -6.25824928e-02
   -5.48661232e-01  -1.29432917e-01  -4.57103729e-01  -4.75770950e-01
   -1.36553764e-01]
 [  2.30381966e-01  -1.17669106e-02  -7.51614571e-03  -6.99901581e-03
   -3.82900238e-03  -1.04212761e-03  -2.92150974e-02  -2.80609131e-02
   -2.87170410e-02  -4.72068787e-03  -7.13920593e-03  -2.99072266e-03
   -2.62203217e-02  -6.18553162e-03  -2.18443871e-02  -2.27365494e-02
   -6.52599335e-03]
 [ -1.86496258e-01  -2.80855656e-01  -1.79391861e-01  -1.67048931e-01
   -9.13710594e-02  -2.48758793e-02  -6.97307587e-01  -6.69753075e-01
   -6.85410976e-01  -1.12676620e-01  -1.70406342e-01  -7.13844299e-02
   -6.25827789e-01  -1.47637129e-01  -5.21393776e-01  -5.42685509e-01
   -1.55759335e-01]
 [  2.77680635e-01  -3.27423096e-01  -2.09135771e-01  -1.94746494e-01
   -1.06521130e-01  -2.90005207e-02  -8.12924862e-01  -7.80801773e-01
   -7.99055576e-01  -1.31359339e-01  -1.98660851e-01  -8.32204819e-02
   -7.29593039e-01  -1.72115803e-01  -6.07842922e-01  -6.32667065e-01
   -1.81584358e-01]
 [  1.33526325e-01  -2.08303452e-01  -1.33050203e-01  -1.23896122e-01
   -6.77676201e-02  -1.84497833e-02  -5.17175913e-01  -4.96738911e-01
   -5.08352280e-01  -8.35697651e-02  -1.26385689e-01  -5.29437065e-02
   -4.64160919e-01  -1.09498739e-01  -3.86703968e-01  -4.02496815e-01
   -1.15522861e-01]
 [  9.26755905e-01  -3.09309483e-01  -1.97566032e-01  -1.83972836e-01
   -1.00627899e-01  -2.73964405e-02  -7.67952919e-01  -7.37607002e-01
   -7.54851818e-01  -1.24092102e-01  -1.87670231e-01  -7.86170959e-02
   -6.89231873e-01  -1.62594318e-01  -5.74217319e-01  -5.97667217e-01
   -1.71539783e-01]
 [ -1.81196451e-01  -1.06955051e-01  -6.83155060e-02  -6.36153221e-02
   -3.47952843e-02  -9.47332382e-03  -2.65547514e-01  -2.55053997e-01
   -2.61017084e-01  -4.29093838e-02  -6.48937225e-02  -2.71842480e-02
   -2.38326550e-01  -5.62229156e-02  -1.98556423e-01  -2.06664562e-01
   -5.93161583e-02]
 [  1.57751083e-01  -2.20200062e-01  -1.40649080e-01  -1.30971909e-01
   -7.16381073e-02  -1.95035934e-02  -5.46712399e-01  -5.25108337e-01
   -5.37384987e-01  -8.83426666e-02  -1.33604050e-01  -5.59673309e-02
   -4.90669727e-01  -1.15752220e-01  -4.08789158e-01  -4.25483704e-01
   -1.22119904e-01]
 [ -8.72316360e-01  -3.61641884e-01  -2.30991840e-01  -2.15099335e-01
   -1.17653370e-01  -3.20315361e-02  -8.97881746e-01  -8.62401009e-01
   -8.82563591e-01  -1.45087481e-01  -2.19421864e-01  -9.19175148e-02
   -8.05841923e-01  -1.90103292e-01  -6.71367645e-01  -6.98784351e-01
   -2.00562000e-01]
 [  1.65845156e-01  -3.60738516e-01  -2.30415106e-01  -2.14561939e-01
   -1.17359638e-01  -3.19511890e-02  -8.95640135e-01  -8.60248089e-01
   -8.80360126e-01  -1.44725323e-01  -2.18873978e-01  -9.16881561e-02
   -8.03829670e-01  -1.89628839e-01  -6.69691324e-01  -6.97040081e-01
   -2.00061083e-01]
 [  4.52765703e-01  -2.05622196e-01  -1.31337643e-01  -1.22301102e-01
   -6.68954849e-02  -1.82123184e-02  -5.10518551e-01  -4.90345001e-01
   -5.01808643e-01  -8.24937820e-02  -1.24759197e-01  -5.22627831e-02
   -4.58186150e-01  -1.08089209e-01  -3.81726742e-01  -3.97315979e-01
   -1.14035130e-01]
 [ -8.03021193e-01  -3.69440556e-01  -2.35973120e-01  -2.19737530e-01
   -1.20190620e-01  -3.27219963e-02  -9.17244673e-01  -8.80997419e-01
   -9.01595592e-01  -1.48216248e-01  -2.24153757e-01  -9.38997269e-02
   -8.23219061e-01  -1.94203138e-01  -6.85845613e-01  -7.13853836e-01
   -2.04886913e-01]
 [  3.58381748e-01  -4.40397263e-02  -2.81293392e-02  -2.61945724e-02
   -1.43275261e-02  -3.90076637e-03  -1.09340668e-01  -1.05019569e-01
   -1.07475758e-01  -1.76677704e-02  -2.67205238e-02  -1.11937523e-02
   -9.81326103e-02  -2.31502056e-02  -8.17565918e-02  -8.50958824e-02
   -2.44235992e-02]
 [  3.90235424e-01  -3.58028412e-02  -2.28686333e-02  -2.12945938e-02
   -1.16477013e-02  -3.17144394e-03  -8.88922215e-02  -8.53791237e-02
   -8.73756409e-02  -1.43637657e-02  -2.17232704e-02  -9.09996033e-03
   -7.97796249e-02  -1.88205242e-02  -6.64663315e-02  -6.91809654e-02
   -1.98559761e-02]]

Method: CudaSharedMemory          , dims: (16, 16, 16)        , pass(1)/fail(0): 1,	 time (s): 0.004966259002685547

Method: CudaSharedMemory          , dims: (16, 16, 17)        , pass(1)/fail(0): 0,	 time (s): 0.0028340816497802734

Method: CudaSharedMemory          , dims: (16, 17, 16)        , pass(1)/fail(0): 0,	 time (s): 0.0018777847290039062

Method: CudaSharedMemory          , dims: (16, 17, 17)        , pass(1)/fail(0): 0,	 time (s): 0.0015683174133300781

Method: CudaSharedMemory          , dims: (17, 16, 16)        , pass(1)/fail(0): 0,	 time (s): 0.0017528533935546875

Method: CudaSharedMemory          , dims: (17, 16, 17)        , pass(1)/fail(0): 0,	 time (s): 0.0017769336700439453

Method: CudaSharedMemory          , dims: (17, 17, 16)        , pass(1)/fail(0): 0,	 time (s): 0.001878499984741211

Method: CudaSharedMemory          , dims: (17, 17, 17)        , pass(1)/fail(0): 0,	 time (s): 0.0015740394592285156

