Device name: b'Tesla K80'
Compute capability: (3, 7)
Total global memory (GB): 11.173095703125
Free global memory (GB): 11.115966796875
Used global memory (GB): 0.05712890625
Max threads per block: 1024
Max block dimensions: x=1024, y=1024, z=64
Max grid dimensions: x=2147483647, y=65535, z=65535
Max shared memory per block (KB): 48.0
Method: CudaSharedMemory          , dims: (2, 2, 2)           , pass(1)/fail(0): 1,	 time (s): 0.0022788047790527344

Method: CudaSharedMemory          , dims: (2, 2, 3)           , pass(1)/fail(0): 1,	 time (s): 0.0019130706787109375

Method: CudaSharedMemory          , dims: (2, 3, 2)           , pass(1)/fail(0): 1,	 time (s): 0.002034425735473633

Method: CudaSharedMemory          , dims: (2, 3, 3)           , pass(1)/fail(0): 1,	 time (s): 0.00188446044921875

Method: CudaSharedMemory          , dims: (3, 2, 2)           , pass(1)/fail(0): 1,	 time (s): 0.0018734931945800781

Method: CudaSharedMemory          , dims: (3, 2, 3)           , pass(1)/fail(0): 1,	 time (s): 0.0021543502807617188

Method: CudaSharedMemory          , dims: (3, 3, 2)           , pass(1)/fail(0): 1,	 time (s): 0.0020723342895507812

Method: CudaSharedMemory          , dims: (3, 3, 3)           , pass(1)/fail(0): 1,	 time (s): 0.001950979232788086

Method: CudaSharedMemory          , dims: (5, 5, 5)           , pass(1)/fail(0): 1,	 time (s): 0.002184152603149414

Method: CudaSharedMemory          , dims: (5, 5, 7)           , pass(1)/fail(0): 1,	 time (s): 0.002232789993286133

Method: CudaSharedMemory          , dims: (5, 7, 5)           , pass(1)/fail(0): 1,	 time (s): 0.0019333362579345703

Method: CudaSharedMemory          , dims: (5, 7, 7)           , pass(1)/fail(0): 1,	 time (s): 0.001935720443725586

Method: CudaSharedMemory          , dims: (7, 5, 5)           , pass(1)/fail(0): 1,	 time (s): 0.001953125

Method: CudaSharedMemory          , dims: (7, 5, 7)           , pass(1)/fail(0): 1,	 time (s): 0.0018773078918457031

Method: CudaSharedMemory          , dims: (7, 7, 5)           , pass(1)/fail(0): 1,	 time (s): 0.0018758773803710938

Method: CudaSharedMemory          , dims: (7, 7, 7)           , pass(1)/fail(0): 1,	 time (s): 0.001880645751953125

FAILED! Dimensions:  (16, 16, 17)  Method:  CudaSharedMemory
Result:
 [[ 4.56071281  4.00265121  4.15625906  3.58633018  2.64644814  3.36417222
   3.07608366  3.46470475  4.62119818  4.22323942  3.22849393  2.19579148
   2.62872434  4.30445719  2.57248259  3.28016376]
 [ 3.80428314  4.05466032  4.23380804  3.92754078  2.87354779  3.74021983
   3.258008    3.2916348   4.52959728  3.9959898   3.51884532  2.44309759
   3.23776984  4.1802392   3.14820313  3.93734145]
 [ 4.20037699  4.1674962   4.31009626  4.0682559   3.62336397  3.54835987
   3.6928525   2.95052004  4.36864424  4.99123859  4.49642944  2.91323566
   2.7978487   3.87321115  2.72486281  4.28553152]
 [ 3.89080477  4.30910873  4.355515    3.97475076  3.60813785  4.03040314
   3.89917684  3.33779287  4.44971657  4.72694302  4.59960985  3.43287611
   3.94069052  3.68384433  3.95410061  5.06888056]
 [ 4.54429102  3.96334958  4.39359379  3.74787188  2.96694493  3.34532189
   3.69400358  3.17415452  4.40777588  3.92504811  3.7448101   2.39561081
   2.19092917  4.35572052  2.55438519  3.3500452 ]
 [ 3.88350558  3.19757819  3.29128742  3.30945563  2.44920731  2.6557436
   2.64139676  2.20306516  3.56291604  3.8741653   3.49724698  2.52934957
   2.69932246  3.1274941   2.09473038  3.43684244]
 [ 3.80535102  3.98490882  3.56088066  3.43627548  3.42004681  3.35648417
   3.55874443  2.65333343  3.68969417  4.23746586  4.08598661  3.04093432
   2.64953375  3.77124381  3.15932345  4.46615219]
 [ 4.31333113  4.03899288  5.15199041  4.55492926  3.06386137  3.77247953
   3.58868051  3.52992272  4.93947315  4.6212554   4.28805971  3.30651522
   3.24326921  4.83772945  3.33450723  3.98973083]
 [ 3.45020843  4.51915741  3.94998145  3.34222603  2.70926261  4.15174294
   3.62484026  3.07034755  4.03347015  3.95130992  3.35681462  2.82857132
   3.17732978  3.06986833  3.45638394  3.85355806]
 [ 4.80826235  4.70830345  5.85775614  4.58345461  3.38636637  4.18665409
   4.04910994  3.57136631  5.22375536  5.1063118   4.69288826  4.24283123
   3.48921609  5.31590939  3.59025455  4.8009119 ]
 [ 4.15634584  4.55479527  3.87427068  3.56871486  2.93081355  3.95222998
   3.32477808  3.16204524  4.420259    4.23642635  3.65593624  2.75492096
   3.33951735  3.60862875  2.72549629  4.17318535]
 [ 4.65770388  4.39003134  4.16546392  3.55417776  3.04549217  3.94789028
   3.84919453  2.82568789  4.32506418  4.09739399  3.90642118  3.46300983
   2.85697675  4.0970521   3.24344397  3.64997792]
 [ 4.65421104  4.46953011  4.8802743   3.98116517  3.03494477  4.2386651
   4.55141211  3.42785478  4.37099648  4.40441608  4.34811497  2.92369699
   3.50924325  3.49348164  3.36939883  5.0471015 ]
 [ 5.5457592   5.41303492  6.0440383   4.94314909  3.33320498  4.96796608
   4.49896145  4.25667524  5.73863935  5.55686426  4.69864416  4.12483644
   4.13611126  5.33827829  4.12044334  5.24716949]
 [ 3.74835324  4.46521854  3.52023292  3.13778615  3.02797198  3.80308771
   3.32875156  2.74209714  4.14523363  4.08725119  3.26578879  2.9580617
   3.45747638  3.12793493  3.16445446  3.93526292]
 [ 3.69272971  4.80038071  3.97835684  4.06354475  3.54878116  3.9885428
   3.68870378  2.52693987  4.30981255  4.52988577  3.78237987  3.54755092
   3.37547302  3.75282168  3.55540323  4.27902889]]
Expected:
 [[ 5.07390451  4.19768381  4.60901785  3.66511989  2.93721914  3.91244984
   3.52999735  3.48292947  4.84169292  4.53344202  3.71209192  2.6946373
   2.67846203  4.49508142  2.9665277   3.65286565]
 [ 4.27671576  4.23420286  4.65060759  4.00007296  3.1412251   4.24495173
   3.67587066  3.30841208  4.73257971  4.28155518  3.9640348   2.90232372
   3.28355718  4.35572338  3.51095223  4.28044224]
 [ 5.00573826  4.47356415  5.02061892  4.19190216  4.07967615  4.40878153
   4.40518713  2.97912049  4.71467066  5.47804499  5.25534821  3.69608331
   2.87590289  4.1723609   3.34324503  4.87041903]
 [ 3.94561172  4.32993746  4.4038682   3.98316526  3.63919115  4.08895731
   3.94765306  3.33973932  4.47326469  4.76007128  4.65125656  3.48615098
   3.94600224  3.70420218  3.99618316  5.10868359]
 [ 5.30355024  4.25189734  5.06344366  3.86443996  3.39713597  4.15648985
   4.36556149  3.20111775  4.73399448  4.3839879   4.46028566  3.1336453
   2.2645154   4.63774586  3.13736892  3.90145183]
 [ 4.71212435  3.51248527  4.02232885  3.43667245  2.91869712  3.541013
   3.37430263  2.23249149  3.91893506  4.37502956  4.27808237  3.33480477
   2.7796309   3.43528295  2.73097062  4.03862095]
 [ 4.29452372  4.17081308  3.99244905  3.51137757  3.69720864  3.87910032
   3.99141335  2.67070508  3.89986897  4.53314972  4.54695034  3.51643252
   2.69694352  3.95294619  3.53492594  4.82141018]
 [ 4.74113274  4.20157385  5.52941465  4.62060928  3.30625105  4.22952938
   3.96706748  3.54511499  5.12327957  4.87984324  4.69119167  3.72235799
   3.28473115  4.99663544  3.66298723  4.30041885]
 [ 3.76031876  4.63701105  4.22357368  3.38983679  2.884969    4.48305464
   3.89913011  3.08136034  4.16671038  4.13875818  3.64904189  3.13001275
   3.20738506  3.18505812  3.69449663  4.0787735 ]
 [ 4.90952492  4.74678707  5.94709396  4.59900141  3.44374108  4.29483986
   4.13867569  3.57496238  5.26726294  5.16752052  4.78831148  4.34126282
   3.49903035  5.35352325  3.66800714  4.87445307]
 [ 4.22313738  4.58017874  3.93319678  3.57896924  2.96865702  4.0235877
   3.38385439  3.16441727  4.44895601  4.27679873  3.71887589  2.8198452
   3.34599066  3.63343835  2.77678084  4.22169209]
 [ 5.1296382   4.56938457  4.58182383  3.62663317  3.31288695  4.45208979
   4.26661634  2.84244752  4.52783251  4.382658    4.35114098  3.9217515
   2.90271592  4.27235126  3.6058104   3.99271679]
 [ 5.1626668   4.66276264  5.32885504  4.05922794  3.32303238  4.78188276
   5.00113678  3.44591141  4.58945656  4.71175575  4.82725     3.41793919
   3.55852199  3.68234658  3.75980759  5.41636372]
 [ 6.01280832  5.59053135  6.45608807  5.01485443  3.59783173  5.46694613
   4.91206217  4.27326107  5.93930864  5.83917522  5.13876009  4.57882929
   4.18137693  5.51176262  4.47905874  5.58636045]
 [ 3.849365    4.5036068   3.60934973  3.15329432  3.0852046   3.9110055
   3.41809559  2.74568439  4.18863392  4.14830875  3.36097574  3.05624986
   3.46726632  3.16545558  3.24201465  4.00862217]
 [ 4.39257812  5.06634998  4.59579229  4.17099142  3.94531059  4.73623848
   4.30771351  2.5517931   4.6105051   4.95291424  4.44187069  4.22783566
   3.4433012   4.01277924  4.09276962  4.78728867]]

FAILED! Dimensions:  (16, 17, 16)  Method:  CudaSharedMemory
Result:
 [[ 4.44223499  4.0974164   2.85480928  3.46704817  4.51005125  3.87701821
   3.68849182  3.85044098  4.21922016  2.12220311  3.93062401  3.14326859
   3.87746644  4.07896376  4.17901278  3.16939712  0.        ]
 [ 5.23863602  3.96939707  3.52582312  3.68539238  4.52433157  4.67977858
   4.03417873  4.348248    4.57690001  3.13430333  3.27253437  3.41746235
   5.17416716  5.04544878  4.09156704  4.46322584  0.        ]
 [ 4.26496935  4.1808219   3.005234    3.50775599  4.09833097  4.04327059
   3.69668007  4.00437593  4.15561628  2.40996814  3.11190724  3.14790511
   4.20310163  4.33501863  3.92408109  3.32984471  0.        ]
 [ 4.05077982  3.86312771  2.5956676   3.12593293  3.92851663  3.89495373
   3.66112041  3.80524397  4.01449728  2.39735532  3.79396486  3.13315463
   4.41189098  3.91364646  3.88275337  3.41181374  0.        ]
 [ 5.94245243  5.18802643  4.05395555  4.91582727  6.23590946  5.78428173
   5.4169426   5.32703876  5.31507206  3.86311364  5.25753164  4.78732538
   6.19545555  6.16917229  5.28478479  5.06985712  0.        ]
 [ 3.97850442  3.35351706  2.48286414  3.14115119  4.4100337   4.25802326
   3.27586293  3.69160008  2.95949054  2.56444669  4.53935099  3.3886869
   4.90768528  4.56855011  3.09411955  3.43980074  0.        ]
 [ 4.2531085   3.51228046  2.9817059   3.6380775   4.84572411  4.03933382
   3.83670926  3.37457132  3.75062633  1.9355768   4.20476246  3.30615163
   3.7630477   4.2111578   4.28629923  3.2909224   0.        ]
 [ 4.17648029  3.58956027  3.16561651  3.68231821  4.11048794  3.61920118
   3.40616512  3.48745966  4.11197042  3.30397534  3.53794742  3.35978651
   4.51466608  4.29666853  3.52717566  3.77916026  0.        ]
 [ 4.7384553   3.39018607  3.69944382  2.88541365  3.86968231  3.79446507
   3.83380175  4.03294706  4.03591251  2.82250524  3.9591186   2.47749519
   4.44354391  4.4095149   3.07024813  3.55997515  0.        ]
 [ 5.10739374  4.47907734  2.86912441  4.25921059  4.57031441  4.81813574
   3.95396328  4.50714445  4.10749531  3.33002162  3.91918731  3.89783764
   5.64242268  5.29590797  3.8320148   4.09433365  0.        ]
 [ 4.30658674  3.33955765  2.94126749  2.66158843  3.99839926  3.99397945
   3.60427427  3.8357935   3.80358243  2.70656252  3.30674386  2.95163274
   4.66817904  4.10967445  3.47297573  4.39810944  0.        ]
 [ 4.68673182  4.15872145  3.71797681  4.31039715  4.37617922  4.17724514
   3.78466153  3.8712616   4.33603334  3.70884037  4.14015484  3.45243764
   5.28143167  5.12944317  3.71589708  4.14767456  0.        ]
 [ 4.88041544  3.83257723  3.86916995  3.91144562  5.08966017  4.29700136
   4.71930122  4.35877371  4.25982571  3.44402456  4.27673149  3.67477131
   4.82621861  5.09209776  3.88247347  3.99722695  0.        ]
 [ 4.78084087  3.87263083  3.58893991  4.21033525  5.16940832  4.17444086
   4.4400363   4.10810757  3.45825052  2.30595541  4.00704479  3.52185273
   4.39400434  4.89739799  3.86028576  3.82167888  0.        ]
 [ 5.01011944  4.59369087  2.98739862  4.43860483  5.06341028  4.54457188
   3.86927891  4.22611523  3.66772509  2.67015839  4.3854866   3.74210978
   5.41200161  5.13866806  4.13487244  4.54359865  0.        ]
 [ 3.36375046  3.30959487  3.14476895  3.47178435  4.20766592  3.94274569
   3.0739038   3.2914288   2.96959448  2.65561366  4.4164753   3.24405432
   4.63906336  4.60341406  3.11687899  3.60196614  0.        ]]
Expected:
 [[ 4.44223499  4.0974164   2.85480928  3.46704817  4.51005125  3.87701821
   3.68849182  3.85044098  4.21922016  2.12220311  3.93062401  3.14326859
   3.87746644  4.07896376  4.17901278  3.16939712  2.50470042]
 [ 5.23863602  3.96939707  3.52582312  3.68539238  4.52433157  4.67977858
   4.03417873  4.348248    4.57690001  3.13430333  3.27253437  3.41746235
   5.17416716  5.04544878  4.09156704  4.46322584  3.49053025]
 [ 4.26496935  4.1808219   3.005234    3.50775599  4.09833097  4.04327059
   3.69668007  4.00437593  4.15561628  2.40996814  3.11190724  3.14790511
   4.20310163  4.33501863  3.92408109  3.32984471  3.06776762]
 [ 4.05077982  3.86312771  2.5956676   3.12593293  3.92851663  3.89495373
   3.66112041  3.80524397  4.01449728  2.39735532  3.79396486  3.13315463
   4.41189098  3.91364646  3.88275337  3.41181374  3.16336727]
 [ 5.94245243  5.18802643  4.05395555  4.91582727  6.23590946  5.78428173
   5.4169426   5.32703876  5.31507206  3.86311364  5.25753164  4.78732538
   6.19545555  6.16917229  5.28478479  5.06985712  4.31535769]
 [ 3.97850442  3.35351706  2.48286414  3.14115119  4.4100337   4.25802326
   3.27586293  3.69160008  2.95949054  2.56444669  4.53935099  3.3886869
   4.90768528  4.56855011  3.09411955  3.43980074  3.08654165]
 [ 4.2531085   3.51228046  2.9817059   3.6380775   4.84572411  4.03933382
   3.83670926  3.37457132  3.75062633  1.9355768   4.20476246  3.30615163
   3.7630477   4.2111578   4.28629923  3.2909224   2.72668314]
 [ 4.17648029  3.58956027  3.16561651  3.68231821  4.11048794  3.61920118
   3.40616512  3.48745966  4.11197042  3.30397534  3.53794742  3.35978651
   4.51466608  4.29666853  3.52717566  3.77916026  2.79501653]
 [ 4.7384553   3.39018607  3.69944382  2.88541365  3.86968231  3.79446507
   3.83380175  4.03294706  4.03591251  2.82250524  3.9591186   2.47749519
   4.44354391  4.4095149   3.07024813  3.55997515  2.89172792]
 [ 5.10739374  4.47907734  2.86912441  4.25921059  4.57031441  4.81813574
   3.95396328  4.50714445  4.10749531  3.33002162  3.91918731  3.89783764
   5.64242268  5.29590797  3.8320148   4.09433365  3.65770292]
 [ 4.30658674  3.33955765  2.94126749  2.66158843  3.99839926  3.99397945
   3.60427427  3.8357935   3.80358243  2.70656252  3.30674386  2.95163274
   4.66817904  4.10967445  3.47297573  4.39810944  3.14938188]
 [ 4.68673182  4.15872145  3.71797681  4.31039715  4.37617922  4.17724514
   3.78466153  3.8712616   4.33603334  3.70884037  4.14015484  3.45243764
   5.28143167  5.12944317  3.71589708  4.14767456  3.37631416]
 [ 4.88041544  3.83257723  3.86916995  3.91144562  5.08966017  4.29700136
   4.71930122  4.35877371  4.25982571  3.44402456  4.27673149  3.67477131
   4.82621861  5.09209776  3.88247347  3.99722695  3.42897272]
 [ 4.78084087  3.87263083  3.58893991  4.21033525  5.16940832  4.17444086
   4.4400363   4.10810757  3.45825052  2.30595541  4.00704479  3.52185273
   4.39400434  4.89739799  3.86028576  3.82167888  3.30299878]
 [ 5.01011944  4.59369087  2.98739862  4.43860483  5.06341028  4.54457188
   3.86927891  4.22611523  3.66772509  2.67015839  4.3854866   3.74210978
   5.41200161  5.13866806  4.13487244  4.54359865  3.72070217]
 [ 3.36375046  3.30959487  3.14476895  3.47178435  4.20766592  3.94274569
   3.0739038   3.2914288   2.96959448  2.65561366  4.4164753   3.24405432
   4.63906336  4.60341406  3.11687899  3.60196614  3.00770855]]

FAILED! Dimensions:  (16, 17, 17)  Method:  CudaSharedMemory
Result:
 [[ 3.64973497  3.61979675  5.23219013  4.12836123  2.78252554  4.41379023
   3.04344487  4.43394661  4.7262125   3.68614125  3.20264912  4.91089916
   4.46570778  4.04791212  4.38542366  4.32548237  0.        ]
 [ 2.3772893   2.94617581  3.61661935  3.1318171   1.78561497  2.50137234
   2.20140505  3.2350049   3.08256364  3.38471007  2.2679882   3.73202586
   2.80767393  2.79524636  3.80018091  2.63878584  0.        ]
 [ 2.83597755  3.21792054  4.24519539  3.35907841  1.88509417  2.83402658
   2.01782441  2.89890575  3.59063959  3.28387141  2.49828863  3.92071629
   3.48539758  2.39801192  3.69457555  2.79608059  0.        ]
 [ 4.2205143   4.33539772  5.80286407  5.20605946  3.47661185  5.05633068
   4.00072479  5.42240763  5.25341702  5.59499693  4.38559914  5.25599003
   5.40105915  4.24324083  5.53840494  5.15809441  0.        ]
 [ 3.70587206  3.7386384   4.89168406  4.26343441  2.45165849  3.68756318
   2.43886423  4.18433762  4.49256277  4.41226196  3.87557435  4.43646097
   3.99902725  4.14360619  4.66144133  3.48630714  0.        ]
 [ 2.86545253  2.74064541  3.18557787  2.94374752  1.94298768  2.93439913
   2.52162671  3.23665333  3.82522798  3.73921895  2.68670177  3.82279515
   3.42369294  3.01915431  3.33434939  2.88697863  0.        ]
 [ 2.6198554   3.41913271  3.36737418  2.62659717  1.85509479  2.8528595
   1.87725365  2.89862919  3.23585892  4.14996433  2.5060122   3.97766757
   3.60067153  2.51849484  3.35227966  2.8849895   0.        ]
 [ 3.53249168  3.2015276   4.16731119  3.52561164  1.69792044  2.55932307
   2.49666357  3.63943768  4.36550808  4.55555248  3.62873197  4.17631054
   3.19222212  2.7479353   4.29315424  2.87679505  0.        ]
 [ 3.70599341  3.8132081   4.28166866  3.97106743  2.39384317  2.86524057
   2.86483049  4.78748417  3.99211621  4.12282181  3.37600732  4.54479456
   3.06320262  3.51328802  4.42184591  3.85961246  0.        ]
 [ 3.80869603  3.31825638  4.31169319  3.58144307  2.45112729  3.76886487
   2.46882367  4.01873064  4.26408529  3.87218428  3.18772459  4.45818806
   4.08216715  3.68849897  3.67733574  3.84615588  0.        ]
 [ 2.29687643  2.48261619  3.43132758  3.21883035  1.59835541  2.69462037
   2.76098108  3.72460818  3.05811095  3.87802219  2.30904198  3.18004775
   3.31276965  2.11674833  3.44821358  3.39491463  0.        ]
 [ 4.22615433  3.99336171  4.81011343  4.91013813  2.2000246   3.35746956
   2.54251432  3.99573517  4.32365608  4.29452705  3.69461513  4.77879333
   3.95036793  3.49988508  4.66684484  3.20542789  0.        ]
 [ 4.35097408  4.23544312  5.34702349  4.15943575  2.49229836  4.31978512
   3.1864655   4.72848034  5.40981627  5.50715113  4.42889309  5.61618137
   5.15283203  4.41270399  4.97315311  4.16230011  0.        ]
 [ 4.04910612  4.81130075  5.26069927  4.35840082  2.5407393   3.52240801
   2.61987209  4.11967278  4.42250299  4.7901268   3.90882874  5.41418362
   4.13818884  3.53650713  5.14023924  3.50122857  0.        ]
 [ 3.20129919  3.37169862  4.55851316  4.3278985   1.85838926  3.15295625
   2.59121656  3.81179333  4.02529192  4.03682852  3.46325827  3.99628162
   3.42202187  3.36590528  4.54448652  3.01743746  0.        ]
 [ 3.2124536   3.51639271  4.63360739  4.48046398  2.01748919  3.54766178
   3.15970969  4.17786646  4.15878916  4.15062141  3.13478065  4.37758541
   4.47800016  3.01927996  4.30658054  3.74251676  0.        ]]
Expected:
 [[ 4.34924936  4.04536057  5.70063257  4.99118853  3.59326196  4.99905014
   3.66569495  4.85577393  5.46084595  3.98929     3.66958976  5.57835579
   4.99892139  4.79884195  5.05589056  4.90193033  3.55509114]
 [ 2.97320795  3.29358935  4.03089142  3.86657858  2.50148869  3.01099706
   2.69520426  3.64682174  3.71937442  3.64567113  2.67038155  4.31104326
   3.22185922  3.42469263  4.40757418  3.13148546  2.68870211]
 [ 3.20257401  3.44234896  4.48928404  3.81128907  2.30764222  3.13972187
   2.34729409  3.11511087  3.97462368  3.44249225  2.74257255  4.26954699
   3.76855421  2.79250646  4.04259109  3.09803081  2.87285352]
 [ 4.89353561  4.7856307   6.21256542  6.03697491  4.18867683  5.58965635
   4.69728708  5.68679857  5.93063545  5.87936306  4.82243776  5.87009859
   6.02210379  4.99343491  6.08581161  5.70833683  4.20833015]
 [ 4.00675774  3.99815011  5.01631594  4.63600302  2.67296958  3.883497
   2.89000654  4.10058594  4.75307846  4.52896929  4.05314255  4.67093801
   4.43089581  4.51854324  4.76673698  3.72605824  3.78058887]
 [ 3.44245243  3.09638834  3.56723785  3.65554595  2.60387468  3.41371512
   3.04620647  3.56825233  4.42777586  3.98842978  3.07042623  4.37010765
   3.87600327  3.64176679  3.87610197  3.36196041  2.61720324]
 [ 3.24271703  3.677984    3.90519071  3.39262128  2.77708745  3.46162796
   2.14315677  3.69070458  3.97711205  4.44138956  2.95834422  4.65461922
   3.75741887  3.10557628  4.23681831  3.41114593  3.86569953]
 [ 3.75301147  3.34445477  4.30617094  3.79778004  1.9388895   2.73742414
   2.71387076  3.74200249  4.59073687  4.64954901  3.77326393  4.38068914
   3.38354254  2.99062061  4.48351765  3.05757809  2.97222567]
 [ 3.9615221   4.00407934  4.41718769  4.28691864  2.63098502  3.05318427
   3.17712355  4.81874323  4.2347784   4.22722054  3.53579569  4.76424026
   3.35178256  3.81165385  4.58195734  4.06638765  3.07560587]
 [ 4.39816999  3.66693401  4.71643734  4.30835247  3.1508913   4.26931286
   2.96933246  4.40867805  4.8903656   4.1294241   3.58423734  5.02748775
   4.50517225  4.31454849  4.26613522  4.33298826  3.50289845]
 [ 2.71517992  2.64338923  3.80565166  3.73303366  2.23932552  3.11299682
   2.90819836  4.30187464  3.56540489  4.07607794  2.61679888  3.64366984
   3.38342834  2.50214648  4.07354593  3.7496736   2.08601475]
 [ 4.48057127  4.27446842  4.85350132  5.22632456  2.28438306  3.47812915
   3.07198644  3.71101141  4.49919033  4.38216925  3.82598257  4.93461466
   4.47888708  3.85880828  4.60819197  3.40153861  3.11492252]
 [ 4.95195675  4.49613237  5.85496044  4.89875746  3.3636899   4.89919186
   3.4692595   5.45482159  6.11710119  5.78638315  4.86200857  6.26183128
   5.33302402  4.98658705  5.80044603  4.66880226  4.71813583]
 [ 4.65090561  5.09894943  5.7425828   5.099226    3.3689816   4.08318424
   2.9668951   4.75472784  5.11144686  5.06497574  4.3344326   6.04240227
   4.38909006  4.12924147  5.90494919  4.00556612  4.52359581]
 [ 3.58616638  3.6417985   4.78009987  4.80329418  2.24452901  3.44871664
   3.01986551  3.91916442  4.40339231  4.19718122  3.70921731  4.33876514
   3.81063032  3.80348539  4.82726526  3.33073854  2.83316374]
 [ 3.36950469  3.68281841  4.66752863  4.67551184  2.08139682  3.62732792
   3.46951056  4.02673626  4.27229881  4.20599413  3.21803546  4.47866058
   4.78544617  3.23601937  4.28737879  3.86433721  2.7694509 ]]

FAILED! Dimensions:  (17, 16, 16)  Method:  CudaSharedMemory
Result:
 [[ 4.0268712   3.18083     3.58512974  3.56070709  3.65606499  4.012362
   4.18637276  4.3213644   4.33389139  4.05190372  2.96480155  3.33425045
   2.48600793  3.24539161  2.81236196  4.84039307]
 [ 4.10018396  4.17866182  3.60070395  3.86333728  3.14565897  4.19084263
   4.66030693  4.82014561  5.02967882  3.68735957  3.67099333  4.17448711
   3.96182394  2.97283602  4.06660748  4.69774961]
 [ 4.78872108  4.98887253  4.93463469  4.67763758  4.82193565  4.8949132
   5.65826988  5.42329645  5.22651672  4.61586857  4.60667753  5.73344088
   4.3032937   4.24011612  4.01062727  6.42216682]
 [ 4.30856085  4.54405499  4.36448526  3.60404515  4.06025219  4.83556271
   5.65201807  4.77845144  4.74331951  4.25461102  3.54256487  5.02858782
   4.12504864  4.07284546  3.70331097  5.0673337 ]
 [ 4.96622896  4.14137745  3.84107852  4.53853083  4.24823523  4.12663698
   5.29196644  5.92999506  5.18414354  4.48149443  3.63520432  4.42891836
   4.13130474  3.34536028  4.50199318  5.48096752]
 [ 3.861763    4.08702517  4.45580959  4.22854137  3.75658417  3.98477483
   4.55634642  4.75673962  4.63508749  4.45926285  3.88614964  4.31911182
   3.54576826  3.59035563  3.01602721  5.50121927]
 [ 3.50515342  3.75352883  3.76634145  3.93774056  4.22574949  3.90766644
   5.31303883  4.91301394  4.19424248  4.53797722  3.03904343  3.88766122
   3.25547314  3.74445486  3.49739838  4.90343475]
 [ 4.37524796  4.14692926  4.62156391  4.16786098  2.96265817  4.93069077
   4.87021399  4.48264408  5.49823046  3.57691693  4.17023516  4.28733158
   3.56525016  3.8477335   3.4998548   5.08120632]
 [ 5.36857414  4.55224991  5.06713963  4.64727974  4.85929585  5.28563643
   6.25755215  5.37590742  5.54141283  5.18773508  4.21870518  5.34050179
   4.15611935  4.38130617  3.98470306  6.47601938]
 [ 2.56528115  3.5749836   2.95586133  2.93651152  3.18732691  2.8924799
   3.97847509  3.70896459  3.13404107  2.82808685  3.20422769  3.89258122
   3.37119365  2.81602502  3.01786375  3.58626151]
 [ 3.20508885  2.98956561  3.35384035  3.69522095  3.6051228   3.06690001
   4.23182917  4.55963135  3.93704152  3.84660673  2.6954186   2.73660231
   2.7016027   3.37458849  2.69845009  4.10179377]
 [ 4.7047658   4.47155285  4.32498169  3.64003921  3.76922464  4.21825504
   4.69508553  4.98938942  4.49949026  4.60704279  3.96527028  4.84369421
   3.97961497  3.74081492  3.76286435  5.09223843]
 [ 4.67095041  4.79409647  4.84485006  3.50513649  4.21743393  4.95696497
   5.60896063  4.74099445  4.60893631  4.61138773  4.07019806  5.67342281
   4.27137327  4.12063503  4.0359807   5.49995375]
 [ 4.08425903  3.65954185  3.88937354  4.04706049  3.7667625   3.81005669
   4.73834562  4.57177353  4.50175905  4.04628134  3.73413539  3.81993794
   3.44150805  3.82632518  3.08628702  4.36423254]
 [ 4.99364614  4.45936012  4.92862272  4.57574654  5.09707737  4.98189402
   5.74397945  6.03121853  5.44758892  4.7532568   3.64818287  4.76795483
   3.75992036  4.22057152  4.46905708  5.95861912]
 [ 5.49403     4.77434015  4.87423372  4.72946787  4.85754395  5.02338028
   6.08513975  5.32554626  4.97008657  4.99863529  3.87729049  5.5416851
   4.23315334  4.55959129  3.85956836  6.13708925]
 [ 0.          0.          0.          0.          0.          0.          0.
   0.          0.          0.          0.          0.          0.          0.
   0.          0.        ]]
Expected:
 [[ 4.0268712   3.18083     3.58512974  3.56070709  3.65606499  4.012362
   4.18637276  4.3213644   4.33389139  4.05190372  2.96480155  3.33425045
   2.48600793  3.24539161  2.81236196  4.84039307]
 [ 4.10018396  4.17866182  3.60070395  3.86333728  3.14565897  4.19084263
   4.66030693  4.82014561  5.02967882  3.68735957  3.67099333  4.17448711
   3.96182394  2.97283602  4.06660748  4.69774961]
 [ 4.78872108  4.98887253  4.93463469  4.67763758  4.82193565  4.8949132
   5.65826988  5.42329645  5.22651672  4.61586857  4.60667753  5.73344088
   4.3032937   4.24011612  4.01062727  6.42216682]
 [ 4.30856085  4.54405499  4.36448526  3.60404515  4.06025219  4.83556271
   5.65201807  4.77845144  4.74331951  4.25461102  3.54256487  5.02858782
   4.12504864  4.07284546  3.70331097  5.0673337 ]
 [ 4.96622896  4.14137745  3.84107852  4.53853083  4.24823523  4.12663698
   5.29196644  5.92999506  5.18414354  4.48149443  3.63520432  4.42891836
   4.13130474  3.34536028  4.50199318  5.48096752]
 [ 3.861763    4.08702517  4.45580959  4.22854137  3.75658417  3.98477483
   4.55634642  4.75673962  4.63508749  4.45926285  3.88614964  4.31911182
   3.54576826  3.59035563  3.01602721  5.50121927]
 [ 3.50515342  3.75352883  3.76634145  3.93774056  4.22574949  3.90766644
   5.31303883  4.91301394  4.19424248  4.53797722  3.03904343  3.88766122
   3.25547314  3.74445486  3.49739838  4.90343475]
 [ 4.37524796  4.14692926  4.62156391  4.16786098  2.96265817  4.93069077
   4.87021399  4.48264408  5.49823046  3.57691693  4.17023516  4.28733158
   3.56525016  3.8477335   3.4998548   5.08120632]
 [ 5.36857414  4.55224991  5.06713963  4.64727974  4.85929585  5.28563643
   6.25755215  5.37590742  5.54141283  5.18773508  4.21870518  5.34050179
   4.15611935  4.38130617  3.98470306  6.47601938]
 [ 2.56528115  3.5749836   2.95586133  2.93651152  3.18732691  2.8924799
   3.97847509  3.70896459  3.13404107  2.82808685  3.20422769  3.89258122
   3.37119365  2.81602502  3.01786375  3.58626151]
 [ 3.20508885  2.98956561  3.35384035  3.69522095  3.6051228   3.06690001
   4.23182917  4.55963135  3.93704152  3.84660673  2.6954186   2.73660231
   2.7016027   3.37458849  2.69845009  4.10179377]
 [ 4.7047658   4.47155285  4.32498169  3.64003921  3.76922464  4.21825504
   4.69508553  4.98938942  4.49949026  4.60704279  3.96527028  4.84369421
   3.97961497  3.74081492  3.76286435  5.09223843]
 [ 4.67095041  4.79409647  4.84485006  3.50513649  4.21743393  4.95696497
   5.60896063  4.74099445  4.60893631  4.61138773  4.07019806  5.67342281
   4.27137327  4.12063503  4.0359807   5.49995375]
 [ 4.08425903  3.65954185  3.88937354  4.04706049  3.7667625   3.81005669
   4.73834562  4.57177353  4.50175905  4.04628134  3.73413539  3.81993794
   3.44150805  3.82632518  3.08628702  4.36423254]
 [ 4.99364614  4.45936012  4.92862272  4.57574654  5.09707737  4.98189402
   5.74397945  6.03121853  5.44758892  4.7532568   3.64818287  4.76795483
   3.75992036  4.22057152  4.46905708  5.95861912]
 [ 5.49403     4.77434015  4.87423372  4.72946787  4.85754395  5.02338028
   6.08513975  5.32554626  4.97008657  4.99863529  3.87729049  5.5416851
   4.23315334  4.55959129  3.85956836  6.13708925]
 [ 4.39247227  4.45126629  4.56796932  4.05418873  4.32765627  4.48999262
   5.25511217  4.64753866  4.86102533  4.36665154  3.82337546  4.47917891
   4.37453222  3.64531612  3.00931668  5.66370153]]

FAILED! Dimensions:  (17, 16, 17)  Method:  CudaSharedMemory
Result:
 [[ 3.08255529  3.32432556  3.16593504  3.30543137  3.75612998  4.61308765
   3.66839147  4.51630211  4.20396805  3.07373405  3.2118516   2.66403008
   2.92572641  4.32177687  4.12555504  4.29817486]
 [ 4.01327944  5.08907604  4.46183491  4.30635023  5.43965292  6.027565
   5.15290689  5.82210493  6.19221592  4.32227516  5.22588634  3.85909271
   3.94160724  5.06045723  5.62586021  5.20864296]
 [ 3.40618181  3.34758043  4.25827217  3.15350628  4.6708827   4.45083618
   4.19604921  4.80104065  3.62006044  3.5426755   4.33993053  2.7941854
   3.62672281  4.21881008  3.75832796  3.32779574]
 [ 4.28955173  5.41027021  5.12276983  4.95334053  5.92047215  6.28778839
   6.56204796  6.66598415  6.14922714  5.40798044  5.61172152  4.69771957
   4.80027533  6.46879864  5.57208061  5.16421938]
 [ 3.77133894  3.77476931  4.69236803  3.32537198  4.85306597  4.4001646
   4.94374228  5.43887281  4.50554657  3.09598684  4.3483882   3.27629375
   3.02205658  4.67670441  4.82990122  4.15203285]
 [ 3.81087279  4.43365955  3.83778739  3.87593603  4.49920464  5.02728558
   4.916502    5.76879454  5.29190016  4.59962034  4.12569618  3.63811707
   2.99197865  4.60293388  4.90177011  4.47873211]
 [ 3.67181706  3.81556678  4.3390069   3.54734349  4.76864624  5.32447243
   4.83552313  5.4322753   5.00128365  4.07376862  3.89029908  3.49823141
   2.95277238  4.73285913  4.88304281  5.04805613]
 [ 2.77401948  3.27756977  2.53195572  3.08714223  3.52092433  3.36441588
   3.62638283  3.76269603  3.55525088  2.88534999  3.38389301  2.58627319
   2.78748035  3.42260909  3.14534831  2.55570722]
 [ 2.80447674  2.89687896  3.439008    2.1942184   3.39242387  3.84091616
   3.53212953  4.20255709  3.44859219  3.287045    3.0979898   2.79912972
   2.27097249  3.44394207  3.87881899  3.16261363]
 [ 3.07634878  3.95437145  4.51800251  3.60601544  4.37866211  4.85055828
   4.30109501  5.00615692  4.4656415   3.67542815  4.21574259  2.73105574
   3.90487385  5.03747797  3.87648106  3.53606677]
 [ 3.32070851  4.38802147  3.87244844  3.61578655  4.16062212  5.10499525
   4.70029926  5.11960268  4.93111515  4.00410366  3.97650123  3.10472465
   3.27986336  5.21631908  4.66147661  3.95792007]
 [ 2.89192724  3.14250159  2.7433517   2.76876903  3.81215906  4.18861818
   3.18167448  4.44523621  3.41221452  2.63440824  3.01957488  2.38861609
   2.72000718  3.5791831   3.52869296  3.74000049]
 [ 3.52730131  4.08633709  3.66589689  3.65828824  4.28558254  4.56521797
   4.41299391  5.01945543  4.54680681  3.91279531  3.92577529  2.95292377
   3.22755575  4.56524944  4.5377512   4.39548731]
 [ 3.30135608  4.19512177  3.77924657  3.61184263  4.34255981  4.28348303
   4.41477394  5.28992224  4.24299049  3.50276041  3.94568038  3.15868163
   3.14225554  4.54700565  4.12493801  3.52798414]
 [ 2.67169237  3.58381057  2.9592216   2.88769126  3.55782604  3.44752741
   3.99409246  4.18745852  3.68299413  2.97124147  3.00678802  2.51753569
   2.16804457  3.89995766  3.41841459  3.46823215]
 [ 2.92157102  3.23882437  3.32986307  2.49456525  3.50116968  3.61712098
   3.14793205  4.19271803  3.36299729  2.6085639   4.18335772  2.30052733
   3.29641891  3.83386803  3.53844976  2.59118557]
 [ 0.          0.          0.          0.          0.          0.          0.
   0.          0.          0.          0.          0.          0.          0.
   0.          0.        ]]
Expected:
 [[ 3.55498409  3.42647743  3.64948058  3.44831538  4.09524107  4.85599518
   3.99013877  4.70892477  4.22150135  3.63599205  3.46746874  2.78538775
   2.90039134  4.84136295  4.63737059  4.59769201]
 [ 4.61645079  5.22672892  5.07381392  4.50019836  5.8851347   6.35747099
   5.56544113  6.09860373  6.23585653  5.03906584  5.55205059  4.03927612
   3.92378259  5.71816349  6.28327227  5.62100935]
 [ 3.48733854  3.40282607  4.31325769  3.2376008   4.79443121  4.59566069
   4.26041412  4.99350548  3.7338903   3.63368154  4.38283205  2.94662905
   3.69808459  4.27848816  3.86685872  3.53544521]
 [ 4.82966518  5.56227064  5.64936304  5.17231989  6.36915827  6.66180038
   6.93838596  7.03507662  6.27278757  6.04557896  5.90301704  4.95938826
   4.84203482  7.03519583  6.17647362  5.65255213]
 [ 4.02124166  3.76654887  4.99452591  3.30261159  4.92461729  4.35839605
   5.0989213   5.27756405  4.33181     3.4026258   4.48527145  3.12316346
   2.88361621  5.0004015   5.06660557  4.05251741]
 [ 4.32762289  4.58478308  4.33735657  4.09444475  4.93835211  5.40070248
   5.2779355   6.14601135  5.42686701  5.20879459  4.4042387   3.90835857
   3.04337668  5.14035845  5.48313379  4.96955109]
 [ 4.11992455  3.81085396  4.8733449   3.52237058  4.91431427  5.27699947
   5.11619711  5.18541956  4.71922779  4.62212658  4.13547945  3.25865269
   2.72467041  5.30542135  5.31296587  4.91115952]
 [ 3.25532246  3.50545335  2.9323566   3.42829108  4.08085442  3.95049548
   3.98404002  4.48238516  3.93708158  3.43983579  3.64099383  3.14212155
   3.0103426   3.85480547  3.73446178  3.37385964]
 [ 3.35825276  3.06502771  3.9697566   2.43817234  3.87376976  4.25803661
   3.92095518  4.63300085  3.6114459   3.93895006  3.3963244   3.11036682
   2.33849931  4.01501226  4.50522661  3.71427703]
 [ 3.31271505  4.02660179  4.74419785  3.71086836  4.58491039  5.02985477
   4.46716738  5.1918273   4.53650427  3.95361066  4.34306717  2.86550617
   3.93462014  5.28086519  4.14410019  3.77343798]
 [ 3.66455245  4.53185368  4.17262506  3.82954097  4.52778387  5.47181702
   4.95123529  5.55355787  5.14813614  4.40303898  4.16068316  3.43560982
   3.40098023  5.5399642   5.07197189  4.4638176 ]
 [ 3.44496846  3.19289088  3.36094809  2.82673311  4.08928823  4.28374195
   3.54163194  4.37819672  3.22933507  3.30285239  3.32066298  2.28913951
   2.5513773   4.2417202   4.09001637  3.80392981]
 [ 3.94827032  4.33416414  3.97997069  4.0333004   4.85934305  5.21049452
   4.73751831  5.85401297  5.02337456  4.39058971  4.14934731  3.60843301
   3.51991057  4.9052043   5.07953453  5.31207514]
 [ 3.65865421  4.2161684   4.18682384  3.63111329  4.50167036  4.3134675
   4.64455271  5.1979599   4.09101152  3.93632007  4.14051008  3.05424309
   3.01019812  4.98407459  4.48129654  3.52160573]
 [ 2.89244246  3.69109797  3.14080358  3.04853296  3.81943369  3.72390461
   4.15880013  4.52924871  3.86625957  3.22514701  3.12463355  2.78214049
   2.27582097  4.09601259  3.69012547  3.85494971]
 [ 3.06195116  3.29556465  3.45389128  2.57870364  3.64763737  3.76146245
   3.24990273  4.3615098   3.44577408  2.77172923  4.25860643  2.42869878
   3.34188652  3.96755648  3.70495796  2.7895155 ]
 [ 2.42578912  2.28265476  2.96948266  1.8685149   3.34436083  3.22254443
   2.62801909  2.80043483  3.18388677  2.02849126  2.91222143  1.90245938
   2.00175142  2.58215618  2.97996902  3.06307817]]

FAILED! Dimensions:  (17, 17, 17)  Method:  CudaSharedMemory
Result:
 [[ 4.05853796  3.82352114  3.38211775  4.00399446  3.12289953  3.47620058
   2.94526911  4.15367413  4.64500093  4.16957664  3.63878608  3.3173027
   3.09982491  4.48357153  4.02405787  4.13661242  3.268049  ]
 [ 4.32155132  4.7846961   4.33413601  5.27184296  4.7694664   4.28381824
   3.16018605  4.77002525  5.22375965  4.6945529   3.43269181  4.7847476
   3.434129    5.46330309  4.98740387  4.51500511  4.61053991]
 [ 4.03725624  3.70815635  3.38594151  4.27088881  4.07191515  2.93781853
   3.35720062  4.37754011  5.28394508  4.60630131  4.56170988  3.68832994
   3.63131976  5.38237286  4.11675739  4.02178764  3.39743209]
 [ 2.15301585  2.40773106  1.87279451  2.89992905  2.34640169  1.96580589
   1.43947673  2.88169146  2.79094744  3.13238668  2.373348    1.99384391
   1.94572282  2.87814569  2.65606833  1.94918346  2.10432124]
 [ 5.30639315  4.42531967  3.94040799  4.53922319  4.74522591  4.7588501
   3.96776772  4.51191187  5.58846712  4.69187355  4.63343096  4.17876387
   4.56075668  5.89346075  4.85211372  5.7225132   4.05760193]
 [ 3.18153214  3.03243136  3.17636895  3.58206391  3.29665422  2.49660683
   2.13322067  3.27522826  3.85712504  3.88817191  2.45019722  3.40453243
   2.15864015  4.22751713  3.59736609  2.48488045  3.44110703]
 [ 4.56293774  3.82461643  3.97015619  4.0619092   3.82944655  3.28466272
   3.34378719  3.82543325  4.86312199  4.53233147  3.99909449  3.77651238
   3.63050127  5.24976444  4.32558203  4.31694126  3.52508712]
 [ 3.12030315  3.13187909  2.70097542  3.24360991  2.91733623  2.33769417
   1.91593051  3.35088706  3.4545455   3.31049013  3.60130262  2.67585707
   2.38998842  2.91305542  3.41700768  3.17778111  2.63239503]
 [ 2.6498847   3.53976917  2.61558604  4.0136404   3.42953515  3.08445358
   2.67449141  3.61018515  4.25012589  3.53936338  3.20985198  3.37135506
   2.61135554  4.62890053  4.01828957  3.35438085  3.17335749]
 [ 2.04088879  2.36719728  1.54725814  2.26465416  2.05859542  2.71788955
   1.85524082  2.3712194   2.84196281  2.16547227  1.85385001  1.79871929
   1.7189647   2.98410988  2.08448601  2.50415874  2.07820511]
 [ 4.92127037  3.87588835  3.59321475  4.386724    4.30336332  4.16267776
   3.09453559  4.31853104  5.08797121  4.33150005  3.98638654  4.08166313
   3.51433969  5.28938437  3.82292914  4.38468313  3.32160568]
 [ 3.69897413  3.46798253  2.85631537  3.86481857  3.50297618  3.42101121
   2.57409191  3.4880383   4.29814482  4.42225122  3.37326574  3.03053999
   3.1877954   4.191154    3.5561018   3.79676414  3.60304236]
 [ 4.54044914  3.932657    3.64716816  4.68647766  3.72436452  3.98674703
   4.18872499  4.81012154  5.14307213  5.18092203  4.7863822   4.4796381
   4.35107756  5.7990222   4.54994011  4.5720458   3.65357447]
 [ 4.20151234  3.68466282  3.19498849  4.24462652  4.18273592  3.54807901
   3.06277299  4.16470957  4.42311525  4.33316088  4.69149399  3.46525335
   3.46035147  4.62640762  4.10231352  4.27158499  3.2660737 ]
 [ 4.04229021  4.10767603  3.3751955   4.69311285  4.35004187  3.87508678
   2.73957491  4.66911459  4.77439022  4.48280191  3.97194743  3.82876968
   3.01865554  5.35402012  4.37444735  3.59204578  3.36246371]
 [ 3.37287736  4.2402482   3.44332886  4.47597599  4.30787373  3.36619234
   3.06948137  3.65194678  4.52409601  3.47322941  3.67815852  3.55339313
   2.54686761  5.1693759   4.15855455  4.00275517  3.40127325]
 [ 4.04521418  4.09589481  2.97695827  4.14905405  3.7496438   3.0991838
   2.8606832   3.29794097  5.11225224  3.89990473  3.64387465  2.73624635
   2.85832572  4.91768932  4.06210756  4.3862915   3.10104275]]
Expected:
 [[ 4.43191147  4.24071789  3.65077496  4.25500154  3.1327951   3.67362547
   3.06066036  4.44144011  4.81419945  4.54883718  3.65792179  3.53079534
   3.44832468  4.86604452  4.47210598  4.43723249  3.59646177]
 [ 4.36239243  4.83033085  4.36352205  5.29929876  4.77054882  4.30541372
   3.17280817  4.80150223  5.24226713  4.73603773  3.43478489  4.80810022
   3.47224903  5.50513935  5.03641272  4.5478878   4.64646244]
 [ 4.11277151  3.79253459  3.44027758  4.32165527  4.07391644  2.97774768
   3.3805387   4.43574095  5.3181653   4.68300676  4.56558037  3.73150897
   3.70180416  5.45972824  4.20737553  4.08258867  3.46385407]
 [ 2.67037439  2.98581147  2.24505424  3.2477324   2.36011314  2.23936439
   1.59936678  3.28042912  3.02539396  3.65790176  2.399863    2.2896657
   2.42861485  3.40811181  3.27689695  2.36573219  2.55938029]
 [ 5.63270998  4.78993607  4.17520523  4.75859594  4.75387383  4.93139315
   4.06861591  4.76341009  5.73634148  5.02333498  4.65015459  4.36534929
   4.86533451  6.22772932  5.24369287  5.9852457   4.34462357]
 [ 3.4192853   3.29808927  3.34744167  3.74189758  3.30295563  2.62232113
   2.20669866  3.45846891  3.96486521  4.12967348  2.46238208  3.54047799
   2.38055444  4.47106409  3.88266945  2.67630649  3.65023017]
 [ 5.15747786  4.4889369   4.39795113  4.46159935  3.84520364  3.59903193
   3.52753019  4.2836566   5.13254356  5.13624477  4.02956533  4.11646605
   4.18543339  5.85879278  5.03902864  4.79563236  4.04803419]
 [ 3.87036228  3.96997237  3.24067307  3.74785042  2.93721533  2.73429561
   2.14773703  3.92897224  3.79444289  4.0723753   3.63974404  3.10473585
   3.09007907  3.68139315  4.31707668  3.78168797  3.29213405]
 [ 2.87270117  3.7887373   2.77591133  4.1634326   3.43544054  3.20226979
   2.74335289  3.78191376  4.35109758  3.76569271  3.22127128  3.49875975
   2.81932783  4.85714674  4.28566885  3.53378034  3.36934257]
 [ 2.12877202  2.46539569  1.61049378  2.32373524  2.06092453  2.76435876
   1.88240123  2.43895268  2.88178825  2.25474143  1.85835397  1.84897053
   1.80099344  3.07413483  2.1899457   2.57491779  2.1555059 ]
 [ 5.46636963  4.48496675  3.98543572  4.75317764  4.31781054  4.45090485
   3.26299906  4.73864985  5.33498859  4.8851943   4.01432371  4.39334774
   4.02312517  5.84776783  4.47704744  4.82356834  3.80106592]
 [ 3.81498885  3.59761405  2.93979287  3.94281149  3.50605106  3.48235512
   2.60994625  3.57745314  4.35071802  4.54009533  3.3792119   3.09687662
   3.29608154  4.3099966   3.69531941  3.8901732   3.70508695]
 [ 4.68653727  4.09589148  3.75228429  4.784688    3.72823644  4.06399298
   4.23387337  4.92271471  5.20927382  5.32931328  4.79386902  4.56317043
   4.48743343  5.94867086  4.72524548  4.68966818  3.78207088]
 [ 4.79011774  4.34235287  3.61851311  4.64032698  4.19833612  3.85930991
   3.24468207  4.61835909  4.68984795  4.93104649  4.72166109  3.80181384
   4.00974417  5.22935677  4.8086381   4.7454977   3.78380013]
 [ 4.42986012  4.54073524  3.65406752  4.95366383  4.36031342  4.08001852
   2.85935378  4.96782207  4.95002174  4.87648296  3.9918108   4.05037975
   3.3804059   5.75103426  4.83952999  3.90409589  3.70336318]
 [ 3.39280176  4.26251125  3.45766544  4.48937082  4.30840206  3.37672758
   3.07563901  3.66730285  4.5331254   3.49346805  3.67917967  3.56478596
   2.56546474  5.18978643  4.18246412  4.01879692  3.41879821]
 [ 4.78594589  4.92356586  3.50994396  4.64702415  3.76927567  3.49085307
   3.089607    3.86883664  5.44792223  4.65231466  3.68183804  3.15979123
   3.5497098   5.67647171  4.950984    4.98268795  3.75257659]]

Method: CudaSharedMemory          , dims: (16, 16, 16)        , pass(1)/fail(0): 1,	 time (s): 0.0019145011901855469

Method: CudaSharedMemory          , dims: (16, 16, 17)        , pass(1)/fail(0): 0,	 time (s): 0.0020139217376708984

Method: CudaSharedMemory          , dims: (16, 17, 16)        , pass(1)/fail(0): 0,	 time (s): 0.0022237300872802734

Method: CudaSharedMemory          , dims: (16, 17, 17)        , pass(1)/fail(0): 0,	 time (s): 0.002146005630493164

Method: CudaSharedMemory          , dims: (17, 16, 16)        , pass(1)/fail(0): 0,	 time (s): 0.0018985271453857422

Method: CudaSharedMemory          , dims: (17, 16, 17)        , pass(1)/fail(0): 0,	 time (s): 0.0019350051879882812

Method: CudaSharedMemory          , dims: (17, 17, 16)        , pass(1)/fail(0): 1,	 time (s): 0.002071857452392578

Method: CudaSharedMemory          , dims: (17, 17, 17)        , pass(1)/fail(0): 0,	 time (s): 0.001935720443725586

