Device name: b'NVIDIA GeForce RTX 2080 Ti'
Compute capability: (7, 5)
Total global memory (GB): 10.75341796875
Free global memory (GB): 10.5992431640625
Used global memory (GB): 0.1541748046875
Max threads per block: 1024
Max block dimensions: x=1024, y=1024, z=64
Max grid dimensions: x=2147483647, y=65535, z=65535
Max shared memory per block (KB): 48.0
FAILED! Dimensions:  (16, 16, 17)  Method:  CudaSharedMemory
Result:
 [[ 2.6620512   3.22332048  3.20535898  3.30161548  3.78574133  2.38975906
   3.4080565   3.03675985  3.05715752  2.54024887  3.42448783  2.47350168
   3.8191545   2.95363021  3.96573949  3.01835728]
 [ 3.49301767  3.41673088  4.06805182  3.86684918  4.43748617  3.3257494
   3.72004151  4.45868111  3.79731846  2.75202298  4.07924271  3.38050199
   3.32715511  3.71965599  4.24106836  3.89819622]
 [ 3.70015693  4.53069067  4.61200523  4.0436883   5.08574533  3.6119585
   4.56461477  4.24946737  3.99601102  2.88865924  4.45685339  3.83956289
   3.92510748  3.65899348  4.1906333   3.47121811]
 [ 3.50657582  3.37412286  4.18520069  3.86264801  4.23498535  2.90828705
   3.49977136  4.32252645  4.09655762  2.79535794  3.47590566  3.07576323
   4.30542898  3.5581336   4.05647278  3.2554996 ]
 [ 3.93254161  4.24348211  5.19294596  4.39468622  5.24329758  3.52744484
   4.02329159  4.86246157  5.28487349  3.34771252  4.79048204  4.30331993
   4.54167318  4.88966608  4.82283306  4.41342735]
 [ 4.09305906  4.12343979  4.38546705  4.65234089  5.52858019  4.27873611
   4.69044018  5.25465918  4.78588104  4.02065134  4.6958046   4.13345146
   5.01814842  4.76820707  5.49203873  4.86463356]
 [ 3.21521425  3.70698142  4.29449463  3.93886781  4.85452557  3.3396461
   4.16556454  4.31611729  4.22723103  3.5979929   4.25317621  3.98322797
   4.76102591  4.16831207  4.81338978  4.10139561]
 [ 3.22960997  3.54224038  4.27863455  3.44709921  5.28357649  3.69383407
   3.97356677  4.6482873   4.74704075  3.62547183  4.25062466  4.56677818
   4.40600538  4.50490046  5.21315289  3.79265928]
 [ 3.32114816  3.67211127  4.08947945  3.98796082  4.20172501  3.19106388
   4.14688969  4.63577271  4.61687613  3.31645894  4.5663209   3.22869563
   4.29439259  3.52698016  4.54517555  4.43996   ]
 [ 2.48116875  2.83502984  2.33315325  2.56036329  3.03823066  2.92374754
   3.20686007  2.76679492  3.33691096  2.56171346  3.02099037  2.61702466
   2.65129113  2.41400528  3.55993176  2.69658208]
 [ 2.75129199  3.84514904  3.13745546  3.59016562  3.42690158  2.65491319
   3.47724795  3.60522079  2.95721102  2.896842    3.77658439  2.51336408
   3.66533518  3.20584512  4.26057434  3.3718524 ]
 [ 4.84282637  4.90170574  5.99917269  5.72263384  6.63735104  4.57490444
   5.54383755  6.47003222  6.11372375  4.88234472  5.97694063  5.18669128
   6.49814272  5.45266199  6.54177427  5.5841856 ]
 [ 3.69121575  4.81237507  5.34916401  5.03647757  5.50434589  3.40383482
   4.00215149  5.73600626  5.15768099  4.07967949  5.56548071  3.6948514
   5.56189299  4.18125582  5.52832699  4.50373459]
 [ 3.62792063  4.8737483   4.58345127  4.86221552  5.07034159  3.4561553
   4.56270981  5.15650177  4.52177238  3.79261851  5.38602781  3.68444419
   5.04670477  3.97827196  5.70567131  4.8710494 ]
 [ 3.45399857  3.91907716  4.210217    4.04364538  5.30039024  3.56761861
   4.18135977  5.0670948   4.69773197  3.56003165  4.62796926  4.17333984
   4.46762085  4.27820444  5.02505875  4.37965536]
 [ 2.55461168  3.31223679  2.84639955  3.49732327  3.45452595  2.8355906
   2.83919644  3.63977504  2.94775009  2.45578599  3.46305776  2.19768929
   3.58438468  2.97627282  4.18677235  3.46012092]]
Expected:
 [[ 3.31895852  3.94429135  3.72976112  3.74718857  4.22133732  2.8864615
   3.93291426  3.30268264  3.92038894  2.84063125  4.09650135  2.68129659
   3.99370217  3.3575511   4.00418139  3.93648577]
 [ 4.06904078  4.04892969  4.52788496  4.2575593   4.81944752  3.76129341
   4.18027449  4.69186115  4.55426121  3.01541972  4.66851234  3.56271148
   3.48021102  4.07384253  4.27477694  4.70327663]
 [ 4.03748417  4.90091515  4.88128996  4.27249384  5.30942726  3.86701918
   4.83413363  4.38602066  4.43928719  3.04290795  4.80193758  3.94626713
   4.01473904  3.86641002  4.2103734   3.94268441]
 [ 3.57867527  3.45325351  4.24275684  3.91155219  4.28279448  2.96280289
   3.55737758  4.35171318  4.1913023   2.8283267   3.54966307  3.09856987
   4.32458639  3.60246634  4.06069183  3.35626936]
 [ 4.03035355  4.35083294  5.27102804  4.46103096  5.30815697  3.60140276
   4.10144186  4.90205669  5.41340685  3.39243865  4.89054346  4.33425999
   4.56766272  4.94980907  4.82855701  4.55013466]
 [ 4.29875803  4.34919882  4.54967403  4.79186392  5.66497946  4.43426943
   4.85479021  5.3379283   5.05618668  4.11471081  4.90623379  4.19851875
   5.07280493  4.89468765  5.504076    5.15212917]
 [ 3.80902052  4.35869741  4.76852369  4.34164     5.24827909  3.78863621
   4.64000559  4.55649614  5.00754213  3.86952114  4.86063766  4.17106247
   4.91880703  4.53343296  4.84813881  4.93133068]
 [ 3.33966637  3.66302991  4.36649132  3.52174926  5.35655499  3.77705026
   4.06150007  4.69283915  4.89166403  3.67579699  4.36321211  4.60159159
   4.43524837  4.57257223  5.21959352  3.94648004]
 [ 3.9289031   4.33913612  4.57464361  4.40019417  4.60472775  3.65060115
   4.63247538  4.88179827  5.41551733  3.5943656   5.18805218  3.42094254
   4.45587969  3.90067816  4.58074093  5.28939056]
 [ 2.87919307  3.27187061  2.65089178  2.83033872  3.30216098  3.2247026
   3.52487469  2.92791915  3.85994816  2.74371696  3.42816758  2.74292898
   2.75705051  2.65874338  3.58322382  3.25288177]
 [ 2.97955751  4.09567547  3.31967735  3.74499559  3.57826447  2.82750988
   3.65962815  3.69762492  3.25717092  3.00122023  4.01009893  2.58556962
   3.72598791  3.34620142  4.27393246  3.69088817]
 [ 5.17885017  5.27049971  6.26741695  5.95055532  6.86016893  4.82897949
   5.81231499  6.60605812  6.55528736  5.03599739  6.32069159  5.29298353
   6.58742809  5.65927696  6.56143808  6.05383015]
 [ 3.78683805  4.91732264  5.42549849  5.10133696  5.56775331  3.47613692
   4.07855225  5.77471495  5.28333664  4.1234045   5.66330194  3.72509885
   5.58730078  4.24005222  5.53392267  4.63738155]
 [ 3.88934779  5.16067076  4.79214573  5.03953886  5.24369431  3.65382624
   4.77158594  5.26233006  4.86530972  3.91216063  5.6534667   3.76713967
   5.11616898  4.13901901  5.72096968  5.23643398]
 [ 3.57783175  4.05498695  4.30907154  4.12764025  5.38250399  3.66125154
   4.28030014  5.11722374  4.86045933  3.61665654  4.75465012  4.21251106
   4.50052452  4.35434723  5.03230524  4.55273104]
 [ 2.92842364  3.7225039   3.14480972  3.75087595  3.70240092  3.11823821
   3.13786578  3.79109788  3.43897057  2.62671804  3.84546614  2.31593466
   3.68371058  3.20612335  4.20864773  3.98258042]]
Difference:
 [[-0.65690732 -0.72097087 -0.52440214 -0.44557309 -0.43559599 -0.49670243
  -0.52485776 -0.26592278 -0.86323142 -0.30038238 -0.67201352 -0.2077949
  -0.17454767 -0.40392089 -0.0384419  -0.91812849]
 [-0.5760231  -0.63219881 -0.45983315 -0.39071012 -0.38196135 -0.43554401
  -0.46023297 -0.23318005 -0.75694275 -0.26339674 -0.58926964 -0.18220949
  -0.15305591 -0.35418653 -0.03370857 -0.80508041]
 [-0.33732724 -0.37022448 -0.26928473 -0.22880554 -0.22368193 -0.25506067
  -0.26951885 -0.13655329 -0.44327617 -0.15424871 -0.34508419 -0.10670424
  -0.08963156 -0.20741653 -0.0197401  -0.4714663 ]
 [-0.07209945 -0.07913065 -0.05755615 -0.04890418 -0.04780912 -0.05451584
  -0.05760622 -0.02918673 -0.09474468 -0.03296876 -0.07375741 -0.02280664
  -0.01915741 -0.04433274 -0.00421906 -0.10076976]
 [-0.09781194 -0.10735083 -0.07808208 -0.06634474 -0.06485939 -0.07395792
  -0.07815027 -0.03959513 -0.12853336 -0.04472613 -0.10006142 -0.03094006
  -0.02598953 -0.06014299 -0.00572395 -0.13670731]
 [-0.20569897 -0.22575903 -0.16420698 -0.13952303 -0.13639927 -0.15553331
  -0.16435003 -0.08326912 -0.27030563 -0.09405947 -0.21042919 -0.06506729
  -0.05465651 -0.12648058 -0.01203728 -0.28749561]
 [-0.59380627 -0.65171599 -0.47402906 -0.40277219 -0.39375353 -0.44899011
  -0.47444105 -0.24037886 -0.78031111 -0.27152824 -0.60746145 -0.1878345
  -0.15778112 -0.36512089 -0.03474903 -0.82993507]
 [-0.1100564  -0.12078953 -0.08785677 -0.07465005 -0.0729785  -0.08321619
  -0.0879333  -0.04455185 -0.14462328 -0.05032516 -0.11258745 -0.0348134
  -0.02924299 -0.06767178 -0.00644064 -0.15382075]
 [-0.60775495 -0.66702485 -0.48516417 -0.41223335 -0.40300274 -0.45953727
  -0.48558569 -0.24602556 -0.7986412  -0.27790666 -0.62173128 -0.19224691
  -0.1614871  -0.373698   -0.03556538 -0.84943056]
 [-0.39802432 -0.43684077 -0.31773853 -0.26997542 -0.26393032 -0.30095506
  -0.31801462 -0.16112423 -0.5230372  -0.1820035  -0.40717721 -0.12590432
  -0.10575938 -0.2447381  -0.02329206 -0.55629969]
 [-0.22826552 -0.25052643 -0.18222189 -0.15482998 -0.1513629  -0.17259669
  -0.1823802  -0.09240413 -0.2999599  -0.10437822 -0.23351455 -0.07220554
  -0.06065273 -0.1403563  -0.01335812 -0.31903577]
 [-0.33602381 -0.36879396 -0.26824427 -0.22792149 -0.2228179  -0.25407505
  -0.26847744 -0.13602591 -0.44156361 -0.15365267 -0.34375095 -0.10629225
  -0.08928537 -0.20661497 -0.01966381 -0.46964455]
 [-0.0956223  -0.10494757 -0.07633448 -0.06485939 -0.06340742 -0.0723021
  -0.07640076 -0.03870869 -0.12565565 -0.04372501 -0.09782124 -0.03024745
  -0.02540779 -0.05879641 -0.00559568 -0.13364697]
 [-0.26142716 -0.28692245 -0.20869446 -0.17732334 -0.17335272 -0.19767094
  -0.20887613 -0.10582829 -0.34353733 -0.11954212 -0.26743889 -0.08269548
  -0.06946421 -0.16074705 -0.01529837 -0.36538458]
 [-0.12383318 -0.1359098  -0.09885454 -0.08399487 -0.08211374 -0.09363294
  -0.09894037 -0.05012894 -0.16272736 -0.05662489 -0.12668085 -0.03917122
  -0.03290367 -0.07614279 -0.00724649 -0.17307568]
 [-0.37381196 -0.41026711 -0.29841018 -0.25355268 -0.24787498 -0.28264761
  -0.29866934 -0.15132284 -0.49122047 -0.17093205 -0.38240838 -0.11824536
  -0.0993259  -0.22985053 -0.02187538 -0.52245951]]

FAILED! Dimensions:  (16, 17, 16)  Method:  CudaSharedMemory
Result:
 [[ 3.41088891  3.4902637   3.90810156  2.6603725   4.28363419  4.32830572
   2.527318    4.49868155  3.01510429  4.08839417  3.32016253  4.47580194
   3.58809519  2.86563659  3.45026875  2.30344105  0.        ]
 [ 2.76893997  3.56726336  3.15650439  2.58411503  5.28739214  4.08344078
   3.3939209   5.21339941  3.04448795  4.71661186  3.24884605  4.48680544
   3.25531816  3.35362577  3.27512383  2.39966273  0.        ]
 [ 3.54201007  3.56771493  5.22044086  3.15216446  4.92814875  5.50454617
   4.07723999  5.60310793  4.94452524  5.77951336  4.55981731  5.19227839
   4.56654549  4.14201498  4.08134365  3.02854609  0.        ]
 [ 3.04271936  3.37341309  3.94896531  2.54775214  4.3223815   4.05977011
   3.22565198  4.84112072  3.82225347  4.27786732  3.92027354  4.42432022
   4.00721455  3.64839673  2.97098255  2.7207346   0.        ]
 [ 3.41396213  5.00553608  3.52520084  2.60054016  5.68450737  4.23994541
   2.83116245  5.36414433  3.14879537  5.48549938  4.10384178  4.60966063
   3.26951504  3.08416104  3.21171832  1.94860232  0.        ]
 [ 2.74039698  3.58772779  3.81631374  3.29462481  4.6546979   4.15337944
   3.71441913  5.6064744   4.1796422   4.20463562  3.40544438  4.68205595
   3.6633296   3.75046468  3.41182351  3.19388843  0.        ]
 [ 2.83634543  3.35946774  3.81327415  2.3223846   4.05256081  3.03842425
   2.89382601  4.41664743  3.34907675  4.02476883  4.00541782  3.73569846
   3.50404024  3.41124463  2.88410187  2.16877866  0.        ]
 [ 2.68437266  3.67943573  3.77314186  2.96225309  5.0381279   4.06794691
   4.4078002   5.99965048  4.49630785  5.21426296  4.04232502  4.91400623
   3.46303988  3.84985399  3.38180757  3.03773189  0.        ]
 [ 2.38459945  3.17999268  3.6505034   2.65833879  4.19807816  3.59878373
   2.92060351  3.75093818  3.17076373  4.08815289  2.92715216  3.81976986
   2.85000372  2.40501857  3.09700274  2.03679419  0.        ]
 [ 2.79750967  3.74700999  3.95710278  3.3510344   5.40715122  4.14940643
   4.13340473  5.90784454  4.02989197  5.0333662   4.30544662  5.20496178
   3.74932551  3.61304641  3.60247016  3.30200076  0.        ]
 [ 2.41064978  2.89449859  3.21044397  2.4268539   3.99885464  3.60844898
   3.53097701  4.70082331  3.73059964  4.27364588  3.2615962   4.07897425
   2.95664358  2.89954162  3.18425798  2.57165265  0.        ]
 [ 2.8695302   3.3907795   4.1887145   2.69095778  4.10286665  3.80457115
   3.14771819  4.57057047  3.46026564  4.28338766  4.04243279  4.09383059
   3.48721504  2.87089705  3.67571497  2.14605999  0.        ]
 [ 2.57123423  3.34283829  3.75197864  3.59699488  4.1115284   4.54904461
   2.70621157  5.47746181  4.21080589  4.06140184  3.58675551  4.26407909
   3.39563084  3.55195451  3.2785027   2.96998     0.        ]
 [ 3.4974184   4.11659193  4.11960268  2.76661515  5.13162661  4.49415445
   3.3242197   5.3867898   3.68468785  4.98763371  4.3565917   4.78103018
   4.14643335  2.91124725  3.78723001  2.37179995  0.        ]
 [ 3.61578059  4.09983873  4.7142663   3.09959555  5.23509026  4.77275848
   4.19392872  5.23940992  4.48661184  5.12554693  4.67048359  5.12425375
   4.18967485  4.05693388  3.63431764  2.89717245  0.        ]
 [ 2.16021538  2.90480876  2.70250297  2.17757344  3.56894302  3.84909797
   2.52430511  4.10631084  3.00482225  3.93755269  2.33436704  3.46709061
   2.49231362  2.02280092  3.33804584  1.96320081  0.        ]]
Expected:
 [[ 3.41088891  3.4902637   3.90810156  2.6603725   4.28363419  4.32830572
   2.527318    4.49868155  3.01510429  4.08839417  3.32016253  4.47580194
   3.58809519  2.86563659  3.45026875  2.30344105  4.19715166]
 [ 2.76893997  3.56726336  3.15650439  2.58411503  5.28739214  4.08344078
   3.3939209   5.21339941  3.04448795  4.71661186  3.24884605  4.48680544
   3.25531816  3.35362577  3.27512383  2.39966273  4.50421286]
 [ 3.54201007  3.56771493  5.22044086  3.15216446  4.92814875  5.50454617
   4.07723999  5.60310793  4.94452524  5.77951336  4.55981731  5.19227839
   4.56654549  4.14201498  4.08134365  3.02854609  5.353477  ]
 [ 3.04271936  3.37341309  3.94896531  2.54775214  4.3223815   4.05977011
   3.22565198  4.84112072  3.82225347  4.27786732  3.92027354  4.42432022
   4.00721455  3.64839673  2.97098255  2.7207346   4.14628077]
 [ 3.41396213  5.00553608  3.52520084  2.60054016  5.68450737  4.23994541
   2.83116245  5.36414433  3.14879537  5.48549938  4.10384178  4.60966063
   3.26951504  3.08416104  3.21171832  1.94860232  4.73927402]
 [ 2.74039698  3.58772779  3.81631374  3.29462481  4.6546979   4.15337944
   3.71441913  5.6064744   4.1796422   4.20463562  3.40544438  4.68205595
   3.6633296   3.75046468  3.41182351  3.19388843  4.31631708]
 [ 2.83634543  3.35946774  3.81327415  2.3223846   4.05256081  3.03842425
   2.89382601  4.41664743  3.34907675  4.02476883  4.00541782  3.73569846
   3.50404024  3.41124463  2.88410187  2.16877866  4.14927673]
 [ 2.68437266  3.67943573  3.77314186  2.96225309  5.0381279   4.06794691
   4.4078002   5.99965048  4.49630785  5.21426296  4.04232502  4.91400623
   3.46303988  3.84985399  3.38180757  3.03773189  4.67138672]
 [ 2.38459945  3.17999268  3.6505034   2.65833879  4.19807816  3.59878373
   2.92060351  3.75093818  3.17076373  4.08815289  2.92715216  3.81976986
   2.85000372  2.40501857  3.09700274  2.03679419  4.03259563]
 [ 2.79750967  3.74700999  3.95710278  3.3510344   5.40715122  4.14940643
   4.13340473  5.90784454  4.02989197  5.0333662   4.30544662  5.20496178
   3.74932551  3.61304641  3.60247016  3.30200076  4.78668118]
 [ 2.41064978  2.89449859  3.21044397  2.4268539   3.99885464  3.60844898
   3.53097701  4.70082331  3.73059964  4.27364588  3.2615962   4.07897425
   2.95664358  2.89954162  3.18425798  2.57165265  4.07662821]
 [ 2.8695302   3.3907795   4.1887145   2.69095778  4.10286665  3.80457115
   3.14771819  4.57057047  3.46026564  4.28338766  4.04243279  4.09383059
   3.48721504  2.87089705  3.67571497  2.14605999  3.47116351]
 [ 2.57123423  3.34283829  3.75197864  3.59699488  4.1115284   4.54904461
   2.70621157  5.47746181  4.21080589  4.06140184  3.58675551  4.26407909
   3.39563084  3.55195451  3.2785027   2.96998     4.07198811]
 [ 3.4974184   4.11659193  4.11960268  2.76661515  5.13162661  4.49415445
   3.3242197   5.3867898   3.68468785  4.98763371  4.3565917   4.78103018
   4.14643335  2.91124725  3.78723001  2.37179995  4.73689032]
 [ 3.61578059  4.09983873  4.7142663   3.09959555  5.23509026  4.77275848
   4.19392872  5.23940992  4.48661184  5.12554693  4.67048359  5.12425375
   4.18967485  4.05693388  3.63431764  2.89717245  4.38474941]
 [ 2.16021538  2.90480876  2.70250297  2.17757344  3.56894302  3.84909797
   2.52430511  4.10631084  3.00482225  3.93755269  2.33436704  3.46709061
   2.49231362  2.02280092  3.33804584  1.96320081  3.80563474]]
Difference:
 [[ 0.          0.          0.          0.          0.          0.          0.
   0.          0.          0.          0.          0.          0.          0.
   0.          0.         -4.19715166]
 [ 0.          0.          0.          0.          0.          0.          0.
   0.          0.          0.          0.          0.          0.          0.
   0.          0.         -4.50421286]
 [ 0.          0.          0.          0.          0.          0.          0.
   0.          0.          0.          0.          0.          0.          0.
   0.          0.         -5.353477  ]
 [ 0.          0.          0.          0.          0.          0.          0.
   0.          0.          0.          0.          0.          0.          0.
   0.          0.         -4.14628077]
 [ 0.          0.          0.          0.          0.          0.          0.
   0.          0.          0.          0.          0.          0.          0.
   0.          0.         -4.73927402]
 [ 0.          0.          0.          0.          0.          0.          0.
   0.          0.          0.          0.          0.          0.          0.
   0.          0.         -4.31631708]
 [ 0.          0.          0.          0.          0.          0.          0.
   0.          0.          0.          0.          0.          0.          0.
   0.          0.         -4.14927673]
 [ 0.          0.          0.          0.          0.          0.          0.
   0.          0.          0.          0.          0.          0.          0.
   0.          0.         -4.67138672]
 [ 0.          0.          0.          0.          0.          0.          0.
   0.          0.          0.          0.          0.          0.          0.
   0.          0.         -4.03259563]
 [ 0.          0.          0.          0.          0.          0.          0.
   0.          0.          0.          0.          0.          0.          0.
   0.          0.         -4.78668118]
 [ 0.          0.          0.          0.          0.          0.          0.
   0.          0.          0.          0.          0.          0.          0.
   0.          0.         -4.07662821]
 [ 0.          0.          0.          0.          0.          0.          0.
   0.          0.          0.          0.          0.          0.          0.
   0.          0.         -3.47116351]
 [ 0.          0.          0.          0.          0.          0.          0.
   0.          0.          0.          0.          0.          0.          0.
   0.          0.         -4.07198811]
 [ 0.          0.          0.          0.          0.          0.          0.
   0.          0.          0.          0.          0.          0.          0.
   0.          0.         -4.73689032]
 [ 0.          0.          0.          0.          0.          0.          0.
   0.          0.          0.          0.          0.          0.          0.
   0.          0.         -4.38474941]
 [ 0.          0.          0.          0.          0.          0.          0.
   0.          0.          0.          0.          0.          0.          0.
   0.          0.         -3.80563474]]

FAILED! Dimensions:  (16, 17, 17)  Method:  CudaSharedMemory
Result:
 [[ 2.54615927  3.93514776  3.27528644  2.74504423  4.34267044  3.1190238
   3.50804734  3.0536828   3.90208578  4.16327906  2.69103384  2.28219938
   3.76921606  3.28835726  4.50975513  4.13167906  0.        ]
 [ 3.83503866  4.87370586  4.78866529  3.41918468  4.23754358  4.43978739
   4.84961748  3.05047464  4.53499985  4.90031004  4.19832182  2.86657238
   4.50866032  4.33988047  4.85210943  4.82315588  0.        ]
 [ 2.90688586  2.79147887  3.41907883  2.33927965  2.64669371  3.46291399
   3.27068734  2.38383603  3.18983865  4.06644964  3.24942064  2.42423344
   2.97938275  2.89230037  3.40507913  3.92309856  0.        ]
 [ 3.44986868  4.32169294  4.98161316  3.30611444  4.41439438  4.17951441
   4.73633146  2.81617975  4.16411304  5.07269096  4.24653721  2.6894207
   4.16351891  4.399755    4.91932154  4.63171387  0.        ]
 [ 3.42000604  4.86588955  4.64724445  3.14938545  3.77038956  4.31258774
   5.07818556  3.20392919  4.38017511  5.17517614  3.9178586   2.99907422
   3.93080592  3.97401261  5.2600708   5.23839045  0.        ]
 [ 4.07645178  5.26274157  4.55518007  3.42758393  4.23519707  4.86551714
   5.42114162  3.45859742  4.89051247  4.98434496  4.00549316  3.23118234
   4.43814039  4.23094463  5.39980412  5.07299376  0.        ]
 [ 3.40736723  4.43669081  4.42126513  2.82931685  3.90264559  4.43820763
   4.54225063  3.12021804  4.3738451   5.20459604  4.06301117  2.6209085
   3.75140882  3.6005609   4.71338987  4.74387407  0.        ]
 [ 3.26255655  3.67602921  2.93769622  2.31809783  2.83510113  2.66613698
   3.32154846  2.66273141  3.44852304  3.49718404  2.28102255  2.24518967
   2.79462147  2.89402509  3.83345938  3.42700839  0.        ]
 [ 3.56715584  4.22953796  4.30523205  2.57289338  4.35464096  4.65567589
   3.90984321  3.13621092  4.40235376  5.00220299  3.78670454  2.84827185
   4.21282864  3.65705132  4.44734335  4.8094449   0.        ]
 [ 3.57470965  4.29071569  4.21788931  2.78355956  3.24954534  3.95085001
   4.30130625  2.74571466  3.72408772  4.7034049   3.53301787  2.51689768
   3.74014068  3.34801602  5.08681488  4.33979177  0.        ]
 [ 3.2463696   3.68350267  3.70310283  2.52197933  3.95416164  3.41828561
   4.12791824  2.99726725  3.85722613  3.8131187   3.04853868  2.41485047
   3.40079784  3.17341828  4.40660381  4.75165892  0.        ]
 [ 3.92789173  5.39345551  4.73149204  3.57345033  4.68668652  5.29324198
   5.77459288  4.31068611  5.3771925   6.33615971  4.48771763  3.3268199
   4.02667856  3.98428369  6.70730019  5.37745905  0.        ]
 [ 4.51442957  5.09724331  4.79609203  3.23079467  4.24815369  5.02251816
   4.80792332  3.77478552  4.86617804  4.98823977  3.95074964  3.35892224
   4.28486538  3.98879218  5.42476177  5.34245348  0.        ]
 [ 3.09606123  3.37261748  3.46252584  2.57133293  3.04875565  3.36130977
   3.51694202  2.52752542  3.39141273  3.65784621  2.77097034  2.65082145
   3.42606783  3.26035023  4.17594624  3.84423614  0.        ]
 [ 3.356884    3.63790798  3.76354623  2.42320538  3.30724072  4.09653473
   3.65304208  3.30988193  3.92779255  4.67902946  3.58090615  2.45588017
   2.82196736  2.74722505  4.44306517  4.29441452  0.        ]
 [ 2.7381711   3.01422739  2.76210856  2.37538052  2.69486761  2.92710924
   2.81121206  2.90847397  3.50421405  3.18801236  2.41620636  2.1364646
   2.46759486  2.38538623  3.49601722  3.25806832  0.        ]]
Expected:
 [[ 2.5401125   3.92824554  3.26970339  2.7489655   4.3494997   3.10162759
   3.54950881  3.11416626  3.98277307  4.18071556  2.68755078  2.29651594
   3.82957125  3.35394168  4.55508947  4.14055967  3.24185014]
 [ 3.84525037  4.87586689  4.78150702  3.47742033  4.30260754  4.35384703
   5.1749835   3.46175098  5.07534695  5.02999878  4.19708443  2.97115707
   4.90345669  4.78749466  5.19712639  4.8954711   4.19645691]
 [ 3.46244073  3.3172307   3.74268508  2.71945119  2.89371729  3.7447381
   3.97517967  2.68813133  3.5008893   4.28117466  3.48816276  2.57884669
   3.10484147  3.24112439  4.05273294  4.10397339  2.79865241]
 [ 3.35580707  4.22906113  4.92050743  3.26644087  4.40173435  4.08789206
   4.76759195  2.9601388   4.36906195  5.09692478  4.2034049   2.71226788
   4.33139992  4.55329037  4.97017765  4.63433361  3.25450873]
 [ 3.3838098   4.8302722   4.62377977  3.13392305  3.76528692  4.27767754
   5.08902407  3.25778031  4.45700407  5.18402243  3.90128231  3.00747824
   3.99391294  4.03141356  5.27837086  5.23913527  3.25842237]
 [ 4.24812412  5.41703844  4.64091444  3.60083342  4.37739801  4.8534379
   5.97883892  3.99413204  5.56846619  5.18754196  4.07314539  3.38968539
   4.90405416  4.81889439  5.96246147  5.20396805  4.57537985]
 [ 4.00889921  5.00378513  4.7678647   3.25576282  4.1876049   4.71702003
   5.39534092  3.5669477   4.86515665  5.47343349  4.31988573  2.81772304
   4.00068808  4.10577011  5.51091957  4.95965767  3.89555836]
 [ 2.89036369  3.31312084  2.70223761  2.13636231  2.75577331  2.34760475
   3.29435277  3.03642774  4.00127077  3.53234434  2.11306906  2.28645468
   3.26934624  3.28845739  3.87380672  3.4040513   2.19776797]
 [ 4.01141977  4.6490078   4.56233358  2.8834722   4.55993223  4.86937141
   4.51322746  3.4315145   4.71957684  5.19002056  3.97690034  2.98494506
   4.3634305   3.99251318  5.00792646  4.96292353  4.13278961]
 [ 3.80864096  4.50745916  4.34604979  2.97532535  3.39097977  4.01318455
   4.79110479  3.12466168  4.18560076  4.87156153  3.63006902  2.64490461
   4.03562689  3.76767302  5.56547499  4.45860815  3.50688362]
 [ 3.89578938  4.29761267  4.08056116  2.96960402  4.24672508  3.74199963
   4.9710722   3.37846923  4.25442791  4.07202482  3.32726479  2.60198045
   3.57211828  3.60890436  5.18461704  4.96742916  3.95588326]
 [ 4.15644312  5.59955931  4.84682703  3.79942751  4.87048054  5.28547096
   6.48857498  4.98665619  6.23100853  6.59521198  4.57829714  3.52855968
   4.61116409  4.72679663  7.42599726  5.54553604  4.37557459]
 [ 4.70954323  5.27414608  4.89621735  3.41720247  4.39737272  5.02745581
   5.37777328  4.3003397   5.52718449  5.19342375  4.02879143  3.51822615
   4.73399591  4.56664324  5.99600887  5.47717905  4.49221087]
 [ 3.41751099  3.66965055  3.63723898  2.84029222  3.24954104  3.43727303
   4.22321129  3.09139156  4.08244944  3.90228653  2.90373182  2.8375392
   3.87384582  3.8839345   4.86911201  4.01484108  3.36543894]
 [ 3.34395838  3.61798596  3.74258471  2.46688175  3.3635211   3.99659228
   3.95683312  3.71856928  4.46847439  4.80290079  3.56958652  2.55655456
   3.22129464  3.1912787   4.76938915  4.36091137  3.04108906]
 [ 2.88875127  3.15081573  2.83948946  2.51881886  2.80952835  2.93167281
   3.24841595  3.31072211  4.00993204  3.34532571  2.47648215  2.25856805
   2.81097078  2.82770085  3.93412852  3.3614738   2.40268087]]
Difference:
 [[  6.04677200e-03   6.90221786e-03   5.58304787e-03  -3.92127037e-03
   -6.82926178e-03   1.73962116e-02  -4.14614677e-02  -6.04834557e-02
   -8.06872845e-02  -1.74365044e-02   3.48305702e-03  -1.43165588e-02
   -6.03551865e-02  -6.55844212e-02  -4.53343391e-02  -8.88061523e-03
   -3.24185014e+00]
 [ -1.02117062e-02  -2.16102600e-03   7.15827942e-03  -5.82356453e-02
   -6.50639534e-02   8.59403610e-02  -3.25366020e-01  -4.11276340e-01
   -5.40347099e-01  -1.29688740e-01   1.23739243e-03  -1.04584694e-01
   -3.94796371e-01  -4.47614193e-01  -3.45016956e-01  -7.23152161e-02
   -4.19645691e+00]
 [ -5.55554867e-01  -5.25751829e-01  -3.23606253e-01  -3.80171537e-01
   -2.47023582e-01  -2.81824112e-01  -7.04492331e-01  -3.04295301e-01
   -3.11050653e-01  -2.14725018e-01  -2.38742113e-01  -1.54613256e-01
   -1.25458717e-01  -3.48824024e-01  -6.47653818e-01  -1.80874825e-01
   -2.79865241e+00]
 [  9.40616131e-02   9.26318169e-02   6.11057281e-02   3.96735668e-02
    1.26600266e-02   9.16223526e-02  -3.12604904e-02  -1.43959045e-01
   -2.04948902e-01  -2.42338181e-02   4.31323051e-02  -2.28471756e-02
   -1.67881012e-01  -1.53535366e-01  -5.08561134e-02  -2.61974335e-03
   -3.25450873e+00]
 [  3.61962318e-02   3.56173515e-02   2.34646797e-02   1.54623985e-02
    5.10263443e-03   3.49102020e-02  -1.08385086e-02  -5.38511276e-02
   -7.68289566e-02  -8.84628296e-03   1.65762901e-02  -8.40401649e-03
   -6.31070137e-02  -5.74009418e-02  -1.83000565e-02  -7.44819641e-04
   -3.25842237e+00]
 [ -1.71672344e-01  -1.54296875e-01  -8.57343674e-02  -1.73249483e-01
   -1.42200947e-01   1.20792389e-02  -5.57697296e-01  -5.35534620e-01
   -6.77953720e-01  -2.03197002e-01  -6.76522255e-02  -1.58503056e-01
   -4.65913773e-01  -5.87949753e-01  -5.62657356e-01  -1.30974293e-01
   -4.57537985e+00]
 [ -6.01531982e-01  -5.67094326e-01  -3.46599579e-01  -4.26445961e-01
   -2.84959316e-01  -2.78812408e-01  -8.53090286e-01  -4.46729660e-01
   -4.91311550e-01  -2.68837452e-01  -2.56874561e-01  -1.96814537e-01
   -2.49279261e-01  -5.05209208e-01  -7.97529697e-01  -2.15783596e-01
   -3.89555836e+00]
 [  3.72192860e-01   3.62908363e-01   2.35458612e-01   1.81735516e-01
    7.93278217e-02   3.18532228e-01   2.71956921e-02  -3.73696327e-01
   -5.52747726e-01  -3.51603031e-02   1.67953491e-01  -4.12650108e-02
   -4.74724770e-01  -3.94432306e-01  -4.03473377e-02   2.29570866e-02
   -2.19776797e+00]
 [ -4.44263935e-01  -4.19469833e-01  -2.57101536e-01  -3.10578823e-01
   -2.05291271e-01  -2.13695526e-01  -6.03384256e-01  -2.95303583e-01
   -3.17223072e-01  -1.87817574e-01  -1.90195799e-01  -1.36673212e-01
   -1.50601864e-01  -3.35461855e-01  -5.60583115e-01  -1.53478622e-01
   -4.13278961e+00]
 [ -2.33931303e-01  -2.16743469e-01  -1.28160477e-01  -1.91765785e-01
   -1.41434431e-01  -6.23345375e-02  -4.89798546e-01  -3.78947020e-01
   -4.61513042e-01  -1.68156624e-01  -9.70511436e-02  -1.28006935e-01
   -2.95486212e-01  -4.19656992e-01  -4.78660107e-01  -1.18816376e-01
   -3.50688362e+00]
 [ -6.49419785e-01  -6.14109993e-01  -3.77458334e-01  -4.47624683e-01
   -2.92563438e-01  -3.23714018e-01  -8.43153954e-01  -3.81201982e-01
   -3.97201777e-01  -2.58906126e-01  -2.78726101e-01  -1.87129974e-01
   -1.71320438e-01  -4.35486078e-01  -7.78013229e-01  -2.15770245e-01
   -3.95588326e+00]
 [ -2.28551388e-01  -2.06103802e-01  -1.15334988e-01  -2.25977182e-01
   -1.83794022e-01   7.77101517e-03  -7.13982105e-01  -6.75970078e-01
   -8.53816032e-01  -2.59052277e-01  -9.05795097e-02  -2.01739788e-01
   -5.84485531e-01  -7.42512941e-01  -7.18697071e-01  -1.68076992e-01
   -4.37557459e+00]
 [ -1.95113659e-01  -1.76902771e-01  -1.00125313e-01  -1.86407804e-01
   -1.49219036e-01  -4.93764877e-03  -5.69849968e-01  -5.25554180e-01
   -6.61006451e-01  -2.05183983e-01  -7.80417919e-02  -1.59303904e-01
   -4.49130535e-01  -5.77851057e-01  -5.71247101e-01  -1.34725571e-01
   -4.49221087e+00]
 [ -3.21449757e-01  -2.97033072e-01  -1.74713135e-01  -2.68959284e-01
   -2.00785398e-01  -7.59632587e-02  -7.06269264e-01  -5.63866138e-01
   -6.91036701e-01  -2.44440317e-01  -1.32761478e-01  -1.86717749e-01
   -4.47777987e-01  -6.23584270e-01  -6.93165779e-01  -1.70604944e-01
   -3.36543894e+00]
 [  1.29256248e-02   1.99220181e-02   2.09615231e-02  -4.36763763e-02
   -5.62803745e-02   9.99424458e-02  -3.03791046e-01  -4.08687353e-01
   -5.40681839e-01  -1.23871326e-01   1.13196373e-02  -1.00674391e-01
   -3.99327278e-01  -4.44053650e-01  -3.26323986e-01  -6.64968491e-02
   -3.04108906e+00]
 [ -1.50580168e-01  -1.36588335e-01  -7.73808956e-02  -1.43438339e-01
   -1.14660740e-01  -4.56357002e-03  -4.37203884e-01  -4.02248144e-01
   -5.05717993e-01  -1.57313347e-01  -6.02757931e-02  -1.22103453e-01
   -3.43375921e-01  -4.42314625e-01  -4.38111305e-01  -1.03405476e-01
   -2.40268087e+00]]

FAILED! Dimensions:  (17, 16, 16)  Method:  CudaSharedMemory
Result:
 [[ 4.97599697  4.80595875  3.38926387  3.84396958  3.76506162  5.75529242
   3.31493402  3.05827594  3.68775415  3.49859285  3.28125715  4.82269526
   5.00060415  4.18206453  3.95373416  4.54924631]
 [ 5.09720755  4.42364025  3.61877227  4.32260561  3.44777155  5.25650787
   3.30567122  4.16538954  3.5827508   3.77725816  3.86178899  4.9180789
   5.90611362  3.8230176   4.22807693  4.12799835]
 [ 2.96893859  2.54641747  2.50070405  2.29095149  2.21717024  3.36935163
   2.38399363  2.41156697  2.84870291  2.49911666  2.03157473  2.56479621
   3.64513946  2.38964987  2.62229156  2.96685433]
 [ 3.53515863  3.56133604  2.42539239  2.7092123   2.5323534   3.89713407
   2.21984911  2.15800834  2.35145307  2.57003641  2.20706916  3.28934455
   4.05523443  2.98084116  2.79455519  2.76532578]
 [ 5.27303886  4.73075771  3.21419215  3.69704127  4.18024635  5.52743149
   3.2763381   3.45678425  3.43782973  4.36764002  3.98057485  4.8584199
   5.63011694  4.33280945  3.73325706  4.35995436]
 [ 4.01903105  4.52022457  3.00966811  3.46759057  3.35019994  4.42946529
   2.90616703  3.40431404  2.62362504  2.69482183  3.12922072  4.14392042
   4.30853462  3.98528671  3.44912624  4.22103834]
 [ 5.05298376  5.3157382   4.34557152  3.48129773  4.36305904  5.72501469
   3.44689584  4.43825865  3.85657263  3.31676149  4.0470891   5.51998234
   5.23063707  3.95989656  3.82164049  4.88175631]
 [ 4.19935274  4.19915771  3.2396419   3.16638374  3.57744288  4.09741545
   3.26585937  3.97481132  2.99319768  3.19448948  3.07827544  3.6002667
   4.57326984  3.60894156  2.98991036  3.99907112]
 [ 4.15566015  3.72994542  2.50969315  4.02930641  3.45891285  4.81724691
   3.2806499   3.20958734  2.79761147  3.31342244  2.71273494  4.75438213
   5.35762358  4.11388683  4.63583469  4.38156128]
 [ 3.43207335  3.61923337  2.19498396  2.95602131  2.64621234  4.60386562
   2.64563608  2.66433907  3.07903981  2.50805163  2.22386289  3.53415704
   3.90005422  2.93318748  3.30401516  3.58032393]
 [ 4.82658386  4.3117547   2.93122053  4.20439529  3.66078186  4.96193647
   3.6590569   3.77429104  3.33824134  3.94957399  2.98733544  4.17317677
   5.86045265  4.27768421  4.32393646  4.48228788]
 [ 4.35332918  4.13231039  2.62475824  3.8785665   3.08679628  5.01100302
   3.51622725  3.10384202  3.03122711  3.33622313  2.86066628  3.82267523
   4.42247963  3.77057099  3.85016346  3.68778276]
 [ 4.18169594  4.44676542  3.16892481  3.84886742  3.52485132  5.33491278
   3.57151771  2.90426779  3.11288238  3.61394238  3.07390189  3.95323348
   4.98745632  4.42869806  4.10110712  4.24928284]
 [ 4.89439011  4.13045454  3.07904601  3.72805929  3.36132693  5.62611103
   3.40478349  3.8524425   3.82763767  3.4721334   3.71968341  4.00105476
   4.10228539  3.29822898  3.17616653  4.10551262]
 [ 4.62974834  4.14152002  3.26417446  4.1034379   3.76225877  5.51984692
   3.69335222  3.63865662  3.35434985  3.64434505  3.04319024  4.43287086
   5.41557074  3.87442231  4.33124352  4.36770201]
 [ 3.66897988  3.73458862  2.93186474  3.63936234  2.82934427  4.01535225
   3.75292802  3.54176807  3.29066062  3.75954556  2.95078468  3.87946081
   5.13722134  4.13239813  3.87915635  3.99552321]
 [ 0.          0.          0.          0.          0.          0.          0.
   0.          0.          0.          0.          0.          0.          0.
   0.          0.        ]]
Expected:
 [[ 4.97599697  4.80595875  3.38926387  3.84396958  3.76506162  5.75529242
   3.31493402  3.05827594  3.68775415  3.49859285  3.28125715  4.82269526
   5.00060415  4.18206453  3.95373416  4.54924631]
 [ 5.09720755  4.42364025  3.61877227  4.32260561  3.44777155  5.25650787
   3.30567122  4.16538954  3.5827508   3.77725816  3.86178899  4.9180789
   5.90611362  3.8230176   4.22807693  4.12799835]
 [ 2.96893859  2.54641747  2.50070405  2.29095149  2.21717024  3.36935163
   2.38399363  2.41156697  2.84870291  2.49911666  2.03157473  2.56479621
   3.64513946  2.38964987  2.62229156  2.96685433]
 [ 3.53515863  3.56133604  2.42539239  2.7092123   2.5323534   3.89713407
   2.21984911  2.15800834  2.35145307  2.57003641  2.20706916  3.28934455
   4.05523443  2.98084116  2.79455519  2.76532578]
 [ 5.27303886  4.73075771  3.21419215  3.69704127  4.18024635  5.52743149
   3.2763381   3.45678425  3.43782973  4.36764002  3.98057485  4.8584199
   5.63011694  4.33280945  3.73325706  4.35995436]
 [ 4.01903105  4.52022457  3.00966811  3.46759057  3.35019994  4.42946529
   2.90616703  3.40431404  2.62362504  2.69482183  3.12922072  4.14392042
   4.30853462  3.98528671  3.44912624  4.22103834]
 [ 5.05298376  5.3157382   4.34557152  3.48129773  4.36305904  5.72501469
   3.44689584  4.43825865  3.85657263  3.31676149  4.0470891   5.51998234
   5.23063707  3.95989656  3.82164049  4.88175631]
 [ 4.19935274  4.19915771  3.2396419   3.16638374  3.57744288  4.09741545
   3.26585937  3.97481132  2.99319768  3.19448948  3.07827544  3.6002667
   4.57326984  3.60894156  2.98991036  3.99907112]
 [ 4.15566015  3.72994542  2.50969315  4.02930641  3.45891285  4.81724691
   3.2806499   3.20958734  2.79761147  3.31342244  2.71273494  4.75438213
   5.35762358  4.11388683  4.63583469  4.38156128]
 [ 3.43207335  3.61923337  2.19498396  2.95602131  2.64621234  4.60386562
   2.64563608  2.66433907  3.07903981  2.50805163  2.22386289  3.53415704
   3.90005422  2.93318748  3.30401516  3.58032393]
 [ 4.82658386  4.3117547   2.93122053  4.20439529  3.66078186  4.96193647
   3.6590569   3.77429104  3.33824134  3.94957399  2.98733544  4.17317677
   5.86045265  4.27768421  4.32393646  4.48228788]
 [ 4.35332918  4.13231039  2.62475824  3.8785665   3.08679628  5.01100302
   3.51622725  3.10384202  3.03122711  3.33622313  2.86066628  3.82267523
   4.42247963  3.77057099  3.85016346  3.68778276]
 [ 4.18169594  4.44676542  3.16892481  3.84886742  3.52485132  5.33491278
   3.57151771  2.90426779  3.11288238  3.61394238  3.07390189  3.95323348
   4.98745632  4.42869806  4.10110712  4.24928284]
 [ 4.89439011  4.13045454  3.07904601  3.72805929  3.36132693  5.62611103
   3.40478349  3.8524425   3.82763767  3.4721334   3.71968341  4.00105476
   4.10228539  3.29822898  3.17616653  4.10551262]
 [ 4.62974834  4.14152002  3.26417446  4.1034379   3.76225877  5.51984692
   3.69335222  3.63865662  3.35434985  3.64434505  3.04319024  4.43287086
   5.41557074  3.87442231  4.33124352  4.36770201]
 [ 3.66897988  3.73458862  2.93186474  3.63936234  2.82934427  4.01535225
   3.75292802  3.54176807  3.29066062  3.75954556  2.95078468  3.87946081
   5.13722134  4.13239813  3.87915635  3.99552321]
 [ 3.77344322  3.22049928  2.45727587  3.06497121  2.74847889  3.58351827
   2.6657083   3.15846634  2.27469683  2.53237462  2.71066308  3.59085774
   3.96194077  3.20714021  2.95361876  3.3982141 ]]
Difference:
 [[ 0.          0.          0.          0.          0.          0.          0.
   0.          0.          0.          0.          0.          0.          0.
   0.          0.        ]
 [ 0.          0.          0.          0.          0.          0.          0.
   0.          0.          0.          0.          0.          0.          0.
   0.          0.        ]
 [ 0.          0.          0.          0.          0.          0.          0.
   0.          0.          0.          0.          0.          0.          0.
   0.          0.        ]
 [ 0.          0.          0.          0.          0.          0.          0.
   0.          0.          0.          0.          0.          0.          0.
   0.          0.        ]
 [ 0.          0.          0.          0.          0.          0.          0.
   0.          0.          0.          0.          0.          0.          0.
   0.          0.        ]
 [ 0.          0.          0.          0.          0.          0.          0.
   0.          0.          0.          0.          0.          0.          0.
   0.          0.        ]
 [ 0.          0.          0.          0.          0.          0.          0.
   0.          0.          0.          0.          0.          0.          0.
   0.          0.        ]
 [ 0.          0.          0.          0.          0.          0.          0.
   0.          0.          0.          0.          0.          0.          0.
   0.          0.        ]
 [ 0.          0.          0.          0.          0.          0.          0.
   0.          0.          0.          0.          0.          0.          0.
   0.          0.        ]
 [ 0.          0.          0.          0.          0.          0.          0.
   0.          0.          0.          0.          0.          0.          0.
   0.          0.        ]
 [ 0.          0.          0.          0.          0.          0.          0.
   0.          0.          0.          0.          0.          0.          0.
   0.          0.        ]
 [ 0.          0.          0.          0.          0.          0.          0.
   0.          0.          0.          0.          0.          0.          0.
   0.          0.        ]
 [ 0.          0.          0.          0.          0.          0.          0.
   0.          0.          0.          0.          0.          0.          0.
   0.          0.        ]
 [ 0.          0.          0.          0.          0.          0.          0.
   0.          0.          0.          0.          0.          0.          0.
   0.          0.        ]
 [ 0.          0.          0.          0.          0.          0.          0.
   0.          0.          0.          0.          0.          0.          0.
   0.          0.        ]
 [ 0.          0.          0.          0.          0.          0.          0.
   0.          0.          0.          0.          0.          0.          0.
   0.          0.        ]
 [-3.77344322 -3.22049928 -2.45727587 -3.06497121 -2.74847889 -3.58351827
  -2.6657083  -3.15846634 -2.27469683 -2.53237462 -2.71066308 -3.59085774
  -3.96194077 -3.20714021 -2.95361876 -3.3982141 ]]

FAILED! Dimensions:  (17, 16, 17)  Method:  CudaSharedMemory
Result:
 [[ 5.57920885  4.65935993  4.81610203  4.68180561  4.22668791  4.01153183
   4.86944485  6.62251568  4.96395063  3.20238256  5.65294743  4.91850185
   5.54821777  3.0341022   4.66719818  5.00445366]
 [ 4.29984617  2.51990056  3.86328483  3.79145265  4.30914307  3.42712784
   4.04062796  5.41625404  4.56177044  2.90436697  4.20543003  3.97133088
   3.70224428  3.08324957  3.48570323  3.38749146]
 [ 4.46287298  3.85598707  3.68391395  3.63349891  4.06479311  3.45252514
   4.27018023  5.4934659   4.28936291  2.6209166   4.32862329  4.29903841
   3.93687677  3.02699852  3.88690281  4.3413372 ]
 [ 3.98885298  3.23016763  4.2443881   3.83510303  3.68027258  3.52768803
   4.24175596  5.1196413   4.4634037   2.86703587  4.789464    4.81101179
   4.89508533  3.13017631  3.6180737   4.57402992]
 [ 3.33586693  3.3140974   4.16255856  3.22939944  3.00709939  2.95137072
   4.24967766  5.19280624  3.86577344  2.60098934  4.17963743  3.51437593
   3.64484239  3.47823191  3.79569674  4.66770411]
 [ 4.5264411   3.63800573  3.7376864   4.42920589  3.93517327  3.62554121
   4.26537323  5.62068129  4.71364975  2.50745726  4.37951469  4.79464865
   4.7819767   3.12962747  4.06150103  4.45012951]
 [ 4.28584957  3.18917584  3.24122214  3.82996011  3.85019279  3.42559004
   4.39638281  5.309793    4.54457855  2.48221302  4.02531624  4.20045567
   3.93596077  3.38353753  3.81795168  3.82220221]
 [ 4.36754322  2.9866004   4.85853958  3.68801141  4.1221056   4.08103848
   4.04212427  5.4511199   4.4152112   3.26793766  4.7825799   4.4400878
   4.80664349  3.46118522  3.58154917  4.09898043]
 [ 4.04580355  3.31052995  4.07125759  3.5188818   3.08160019  3.38782024
   3.87339878  5.18289375  4.05155706  2.85773921  4.72313356  3.66422772
   4.52426624  3.51309013  3.86277914  3.78727198]
 [ 3.10353518  3.01328969  3.4324367   3.24236083  2.94761491  3.0136292
   3.55826235  4.2105279   3.33117056  2.06823301  4.02756929  3.81983638
   4.36112595  2.71177745  3.34957528  4.00710869]
 [ 3.77302527  2.85742688  3.09375286  3.45706224  3.78528452  3.31742668
   3.68895912  4.82891941  3.66446638  2.78964186  3.80393147  3.78805494
   3.73259902  2.94848943  3.42127728  3.6252718 ]
 [ 5.11562443  3.45034885  4.77365971  4.45776987  3.74167943  3.75842619
   4.37457752  6.12685585  5.2567091   3.02626109  5.60497713  4.61270332
   5.29457331  3.34704089  3.69027877  4.64257526]
 [ 3.60780716  3.01034451  3.00096989  3.25820303  3.15229821  2.45806789
   3.59517741  4.47521019  3.69319701  2.33384371  3.01438904  3.14236379
   3.04114604  2.6356566   3.01899385  3.09195852]
 [ 3.26561213  2.63346124  4.56251431  3.51299787  3.02400255  2.96631837
   3.25075674  4.47865391  3.86714506  2.43242669  3.89278674  4.15790081
   4.15092659  2.8776691   3.01695681  4.02748442]
 [ 4.04108572  3.5328691   3.79869866  3.90701175  4.023211    3.47554398
   4.11417913  5.16475201  4.53057814  2.78234887  4.17117739  4.51642084
   4.2744174   3.74921966  4.01019192  4.02393293]
 [ 4.7657032   3.75837874  4.42853069  4.21398878  4.60377884  4.70273829
   5.14697266  6.26159763  5.18882704  3.41428638  5.91658354  5.28538847
   5.09965324  4.4561944   4.57447433  5.50423479]
 [ 0.          0.          0.          0.          0.          0.          0.
   0.          0.          0.          0.          0.          0.          0.
   0.          0.        ]]
Expected:
 [[ 6.1229701   5.1876421   4.86558628  4.91876316  4.82173586  4.6837697
   4.90170336  6.72951841  5.35671425  3.76871777  5.79306269  5.64735556
   6.31922865  3.58785319  5.31793976  5.36139774]
 [ 4.54840326  2.72857523  3.96258092  4.04617453  4.364007    3.55491924
   4.13739491  5.66336441  4.81574011  2.99725986  4.32069302  4.20951509
   3.99162388  3.22467136  3.74983191  3.48926044]
 [ 5.12090921  4.41977596  3.92029214  4.2572546   4.28508949  3.85288024
   4.4980154   6.07917023  4.93600273  2.92421174  4.61607313  4.96244049
   4.72478104  3.44000936  4.59768343  4.63198137]
 [ 4.11442089  3.37851667  4.1942153   3.77220416  3.99212337  3.82712245
   4.18331242  4.98512506  4.49430418  3.13116074  4.78067493  5.05562496
   5.12378597  3.34778786  3.79512143  4.70577765]
 [ 4.06635141  3.93496537  4.43663216  3.94411302  3.21860099  3.36848474
   4.51508093  5.87316227  4.59493589  2.9124136   4.50652933  4.23636246
   4.50989676  3.91971326  4.57965946  4.98100328]
 [ 4.997365    4.1218338   3.71904898  4.51700735  4.62465239  4.35168123
   4.22753143  5.55439997  4.99410677  3.13104558  4.45978737  5.50204325
   5.50027752  3.69878459  4.65180445  4.808496  ]
 [ 4.75004148  3.65608692  3.24622416  3.96113539  4.46362591  4.08663416
   4.38408422  5.30487537  4.84371614  3.04629016  4.12005281  4.8687849
   4.6247716   3.91050839  4.38965559  4.15673113]
 [ 4.50740623  3.11926937  4.8787756   3.7632966   4.25389814  4.23637104
   4.05845308  5.49805021  4.52352428  3.39735389  4.82363462  4.61825848
   4.99878359  3.59267974  3.74566507  4.18478012]
 [ 4.02356625  3.39602256  3.81892252  3.0312469   3.76610494  3.94628119
   3.60432172  4.53149939  3.79250193  3.37642694  4.55021     3.94448066
   4.69857502  3.85509181  3.94497037  3.97309041]
 [ 3.13619494  3.09331346  3.32253432  3.04106998  3.30299735  3.31823325
   3.43945765  3.92518926  3.24518609  2.34658813  3.96059155  4.00343084
   4.50025558  2.90947032  3.43772364  4.11892319]
 [ 4.29898834  3.29053617  3.32364368  4.03382587  3.84538627  3.54155469
   3.91487575  5.40293312  4.22107887  2.94340682  4.06104374  4.26757622
   4.32868576  3.21894264  3.97159624  3.82478952]
 [ 5.14934015  3.56546307  4.58423615  4.10491753  4.3236804   4.25071192
   4.17066908  5.63592625  5.0941987   3.47806358  5.48509121  4.89633369
   5.50067234  3.66179371  3.81429839  4.81882954]
 [ 3.89208937  3.30433011  2.98524642  3.30266643  3.58118033  2.90688515
   3.56754923  4.42363739  3.85815835  2.71996593  3.05985975  3.57493567
   3.47843957  2.98575449  3.37728524  3.31187415]
 [ 3.82311916  3.09476566  4.80100441  4.11444521  3.10240149  3.2160337
   3.48467231  5.07368231  4.45210266  2.60664511  4.16185379  4.67260695
   4.78702879  3.17190075  3.60253525  4.24312162]
 [ 4.57026911  4.03994083  3.86332703  4.16906691  4.55566216  4.09120178
   4.1631918   5.31146145  4.92880154  3.29784608  4.31853771  5.2053318
   5.01121235  4.26413012  4.63632679  4.35811901]
 [ 4.9299159   3.91983867  4.43898201  4.27697039  4.79620123  4.91626596
   5.15190887  6.28229952  5.30307865  3.59504056  5.95589685  5.51106215
   5.33618736  4.62996769  4.77294636  5.61562681]
 [ 4.08822489  3.66131115  3.43930626  3.74150991  4.14014578  4.04452991
   4.43983221  5.10878325  4.07744312  3.22670364  4.62748194  4.82173014
   5.00067902  3.21758461  4.22670603  5.01038551]]
Difference:
 [[ -5.43761253e-01  -5.28282166e-01  -4.94842529e-02  -2.36957550e-01
   -5.95047951e-01  -6.72237873e-01  -3.22585106e-02  -1.07002735e-01
   -3.92763615e-01  -5.66335201e-01  -1.40115261e-01  -7.28853703e-01
   -7.71010876e-01  -5.53750992e-01  -6.50741577e-01  -3.56944084e-01]
 [ -2.48557091e-01  -2.08674669e-01  -9.92960930e-02  -2.54721880e-01
   -5.48639297e-02  -1.27791405e-01  -9.67669487e-02  -2.47110367e-01
   -2.53969669e-01  -9.28928852e-02  -1.15262985e-01  -2.38184214e-01
   -2.89379597e-01  -1.41421795e-01  -2.64128685e-01  -1.01768970e-01]
 [ -6.58036232e-01  -5.63788891e-01  -2.36378193e-01  -6.23755693e-01
   -2.20296383e-01  -4.00355101e-01  -2.27835178e-01  -5.85704327e-01
   -6.46639824e-01  -3.03295135e-01  -2.87449837e-01  -6.63402081e-01
   -7.87904263e-01  -4.13010836e-01  -7.10780621e-01  -2.90644169e-01]
 [ -1.25567913e-01  -1.48349047e-01   5.01728058e-02   6.28988743e-02
   -3.11850786e-01  -2.99434423e-01   5.84435463e-02   1.34516239e-01
   -3.09004784e-02  -2.64124870e-01   8.78906250e-03  -2.44613171e-01
   -2.28700638e-01  -2.17611551e-01  -1.77047729e-01  -1.31747723e-01]
 [ -7.30484486e-01  -6.20867968e-01  -2.74073601e-01  -7.14713573e-01
   -2.11501598e-01  -4.17114019e-01  -2.65403271e-01  -6.80356026e-01
   -7.29162455e-01  -3.11424255e-01  -3.26891899e-01  -7.21986532e-01
   -8.65054369e-01  -4.41481352e-01  -7.83962727e-01  -3.13299179e-01]
 [ -4.70923901e-01  -4.83828068e-01   1.86374187e-02  -8.78014565e-02
   -6.89479113e-01  -7.26140022e-01   3.78417969e-02   6.62813187e-02
   -2.80457020e-01  -6.23588324e-01  -8.02726746e-02  -7.07394600e-01
   -7.18300819e-01  -5.69157124e-01  -5.90303421e-01  -3.58366489e-01]
 [ -4.64191914e-01  -4.66911077e-01  -5.00202179e-03  -1.31175280e-01
   -6.13433123e-01  -6.61044121e-01   1.22985840e-02   4.91762161e-03
   -2.99137592e-01  -5.64077139e-01  -9.47365761e-02  -6.68329239e-01
   -6.88810825e-01  -5.26970863e-01  -5.71703911e-01  -3.34528923e-01]
 [ -1.39863014e-01  -1.32668972e-01  -2.02360153e-02  -7.52851963e-02
   -1.31792545e-01  -1.55332565e-01  -1.63288116e-02  -4.69303131e-02
   -1.08313084e-01  -1.29416227e-01  -4.10547256e-02  -1.78170681e-01
   -1.92140102e-01  -1.31494522e-01  -1.64115906e-01  -8.57996941e-02]
 [  2.22373009e-02  -8.54926109e-02   2.52335072e-01   4.87634897e-01
   -6.84504747e-01  -5.58460951e-01   2.69077063e-01   6.51394367e-01
    2.59055138e-01  -5.18687725e-01   1.72923565e-01  -2.80252934e-01
   -1.74308777e-01  -3.42001677e-01  -8.21912289e-02  -1.85818434e-01]
 [ -3.26597691e-02  -8.00237656e-02   1.09902382e-01   2.01290846e-01
   -3.55382442e-01  -3.04604053e-01   1.18804693e-01   2.85338640e-01
    8.59844685e-02  -2.78355122e-01   6.69777393e-02  -1.83594465e-01
   -1.39129639e-01  -1.97692871e-01  -8.81483555e-02  -1.11814499e-01]
 [ -5.25963068e-01  -4.33109283e-01  -2.29890823e-01  -5.76763630e-01
   -6.01017475e-02  -2.24128008e-01  -2.25916624e-01  -5.74013710e-01
   -5.56612492e-01  -1.53764963e-01  -2.57112265e-01  -4.79521275e-01
   -5.96086740e-01  -2.70453215e-01  -5.50318956e-01  -1.99517727e-01]
 [ -3.37157249e-02  -1.15114212e-01   1.89423561e-01   3.52852345e-01
   -5.82000971e-01  -4.92285728e-01   2.03908443e-01   4.90929604e-01
    1.62510395e-01  -4.51802492e-01   1.19885921e-01  -2.83630371e-01
   -2.06099033e-01  -3.14752817e-01  -1.24019623e-01  -1.76254272e-01]
 [ -2.84282207e-01  -2.93985605e-01   1.57234669e-02  -4.44633961e-02
   -4.28882122e-01  -4.48817253e-01   2.76281834e-02   5.15727997e-02
   -1.64961338e-01  -3.86122227e-01  -4.54707146e-02  -4.32571888e-01
   -4.37293530e-01  -3.50097895e-01  -3.58291388e-01  -2.19915628e-01]
 [ -5.57507038e-01  -4.61304426e-01  -2.38490105e-01  -6.01447344e-01
   -7.83989429e-02  -2.49715328e-01  -2.33915567e-01  -5.95028400e-01
   -5.84957600e-01  -1.74218416e-01  -2.69067049e-01  -5.14706135e-01
   -6.36102200e-01  -2.94231653e-01  -5.85578442e-01  -2.15637207e-01]
 [ -5.29183388e-01  -5.07071733e-01  -6.46283627e-02  -2.62055159e-01
   -5.32451153e-01  -6.15657806e-01  -4.90126610e-02  -1.46709442e-01
   -3.98223400e-01  -5.15497208e-01  -1.47360325e-01  -6.88910961e-01
   -7.36794949e-01  -5.14910460e-01  -6.26134872e-01  -3.34186077e-01]
 [ -1.64212704e-01  -1.61459923e-01  -1.04513168e-02  -6.29816055e-02
   -1.92422390e-01  -2.13527679e-01  -4.93621826e-03  -2.07018852e-02
   -1.14251614e-01  -1.80754185e-01  -3.93133163e-02  -2.25673676e-01
   -2.36534119e-01  -1.73773289e-01  -1.98472023e-01  -1.11392021e-01]
 [ -4.08822489e+00  -3.66131115e+00  -3.43930626e+00  -3.74150991e+00
   -4.14014578e+00  -4.04452991e+00  -4.43983221e+00  -5.10878325e+00
   -4.07744312e+00  -3.22670364e+00  -4.62748194e+00  -4.82173014e+00
   -5.00067902e+00  -3.21758461e+00  -4.22670603e+00  -5.01038551e+00]]

FAILED! Dimensions:  (17, 17, 17)  Method:  CudaSharedMemory
Result:
 [[ 2.58260751  4.9156332   5.07478094  4.19163132  3.59463143  4.24735069
   5.18972445  4.67598295  4.29672384  3.99966216  3.52851367  3.97917175
   5.48872662  4.17036629  5.54553604  4.89113188  4.66908073]
 [ 3.24270296  4.44393969  5.96031857  4.59845924  4.88752699  4.92652464
   6.50799799  4.69638586  4.5121336   4.25053883  3.28323245  4.90628242
   4.7628026   5.09662914  5.27674818  4.18037415  4.86570692]
 [ 2.13923883  2.86250353  3.61108088  3.00836492  2.97696924  3.03043246
   3.51388621  3.22972965  2.79408002  2.86134434  1.90453279  2.50343847
   3.33203197  2.61621666  3.02274776  2.38095808  3.22316432]
 [ 1.65979779  3.0640471   3.20477676  2.60023665  2.82995272  2.5222373
   3.74456787  3.49820852  3.20615888  2.7581265   1.75703669  3.13060951
   3.15347743  3.13230371  3.74005795  2.3763113   2.86801434]
 [ 2.46999359  3.83609724  5.50291586  4.0804615   3.70254421  4.16618061
   5.4879508   4.01003313  3.69062829  3.83057022  3.3778286   3.19664335
   4.49677372  3.98020267  4.10156727  4.30945969  4.60141706]
 [ 3.16447592  4.34758568  4.4010849   3.61317015  3.77557635  3.50140452
   4.69755125  3.89183331  3.33233929  3.96042609  3.07407546  3.40455604
   3.88645887  3.63196111  4.21964788  3.56564355  4.47576952]
 [ 3.1322      3.44485784  4.6611104   3.46886158  3.58988166  3.68444157
   4.96910524  3.61296964  3.28779793  3.75387621  3.37729144  3.21397781
   3.66669559  4.21380806  4.18841457  3.77379942  4.35735035]
 [ 3.13049769  3.80346394  4.72276735  3.4227407   3.79490733  3.56315136
   4.97786283  3.8788929   2.7568531   3.7867074   2.96779466  2.60921836
   4.1083231   3.790344    4.1160574   3.98744082  4.6302824 ]
 [ 3.10740614  4.34634638  6.1161294   4.40471506  4.42950583  4.18563604
   5.46540594  4.31808233  4.14203596  3.8873415   3.41201663  4.25371695
   5.02383471  4.61541128  5.12445498  4.07019567  4.54337454]
 [ 3.25212026  4.71731997  5.82738924  3.80834627  4.65852737  4.58233643
   6.30468321  4.65629292  4.1547718   4.11749744  3.55746627  4.33927631
   4.86825848  5.12906837  5.46580124  5.06218243  5.14479351]
 [ 2.05076623  3.98003483  4.20904922  3.10443425  3.71596861  2.76648355
   4.66944361  4.22712517  3.95055366  3.8582809   2.74551773  2.98672128
   4.11991262  3.81832123  4.3487215   3.48952651  3.99606514]
 [ 2.94764638  5.07693577  5.75031662  4.51105404  4.12007952  4.64643288
   6.02543592  5.21380949  4.86956072  4.83036947  3.60790753  4.51868248
   5.40779829  5.16954517  6.548244    4.90882969  5.06359863]
 [ 1.4769392   3.28791404  3.02670264  2.80127335  1.91987753  3.03254533
   2.9378593   2.68974638  3.44722915  2.86606908  2.97050667  2.63969755
   3.71951032  2.78305292  3.95523     3.61346579  2.99424314]
 [ 2.73145223  4.2951417   5.03795195  3.98168492  3.49643254  3.75859165
   4.98416853  4.63904858  4.05963612  4.45563269  3.33036637  3.21600151
   4.62796497  4.00247669  4.69841528  4.06095028  4.41956949]
 [ 3.39276171  4.24197292  5.2286973   3.82107258  4.25397348  3.71385336
   5.37644434  4.37036896  3.78183365  3.86711645  3.43068123  4.08136415
   4.12320185  4.33647919  4.47049522  3.74804664  4.55315685]
 [ 2.85242724  4.00199986  5.39730215  3.40308833  3.86562037  4.02986097
   5.51217175  3.78118372  3.35034609  3.28571177  3.81874657  3.48766685
   4.20177317  4.55919933  3.93851757  4.62539053  4.43684387]
 [ 2.86404634  4.4535017   5.3767724   3.64741492  4.38864231  3.81185722
   5.47683907  4.56965446  3.98543715  4.14462519  3.45321107  3.16213965
   5.14079237  4.60267305  4.57803631  4.59297562  4.72804546]]
Expected:
 [[ 2.63838553  5.02924061  5.12371063  4.23328018  3.6304214   4.2857666
   5.30290985  4.82918215  4.42832804  4.06150532  3.58391976  4.09928989
   5.52773571  4.24572563  5.698874    4.96850538  4.81629324]
 [ 3.48132062  4.92995262  6.16964006  4.77663326  5.04063702  5.09087038
   6.9922061   5.35177374  5.07513762  4.51510572  3.52026057  5.42014694
   4.92968369  5.41901588  5.93272829  4.5113759   5.49548054]
 [ 2.4087429   3.41142511  3.84749627  3.20960093  3.14989758  3.21605086
   4.06076908  3.96994901  3.42995763  3.16015577  2.17224097  3.08381605
   3.52051377  2.98033261  3.7636354   2.75480342  3.9344542 ]
 [ 1.77070177  3.28993464  3.30206418  2.68304729  2.90111446  2.59862161
   3.96961641  3.80281711  3.4678297   2.88109088  1.86720169  3.36944151
   3.23103976  3.28214145  4.04494143  2.53015304  3.1607182 ]
 [ 2.67028427  4.24404621  5.67861557  4.23001623  3.8310616   4.30412912
   5.89438486  4.56015158  4.16320133  4.05264139  3.57678485  3.62797022
   4.63685036  4.25080729  4.65218258  4.58729458  5.1300354 ]
 [ 3.19428778  4.40830612  4.42723656  3.63543057  3.79470515  3.52193737
   4.75804615  3.97371483  3.40267873  3.99347973  3.10368872  3.4687562
   3.90730834  3.6722393   4.30160284  3.60699749  4.55445099]
 [ 3.29833627  3.78324151  4.80684853  3.59291363  3.69648385  3.79886651
   5.3062315   4.06927919  3.67978573  3.93807864  3.54232049  3.57175231
   3.78288531  4.43826771  4.6451354   4.0042572   4.79582596]
 [ 3.26736808  4.08224058  4.842834    3.52494073  3.8827312   3.65741968
   5.25560427  4.25482225  3.07979131  3.9384625   3.10375333  2.90397
   4.20404577  3.97526479  4.49232626  4.17730284  4.99151945]
 [ 3.26983714  4.67718267  6.2586174   4.52600098  4.53373098  4.29750872
   5.7950139   4.76421547  4.52528191  4.06743574  3.57336545  4.60351276
   5.13743305  4.83486509  5.57099056  4.29551363  4.97207212]
 [ 3.35890818  4.93482447  5.92106628  3.8880837   4.7270484   4.65588617
   6.52137899  4.94959593  4.40673113  4.23589754  3.66354251  4.56924438
   4.94294214  5.27334499  5.75936985  5.21031427  5.42663383]
 [ 2.1178124   4.11659336  4.26786375  3.15449691  3.7589891   2.81266093
   4.80549526  4.41127443  4.1087451   3.93261814  2.8121171   3.13110542
   4.16680193  3.90890479  4.53303623  3.5825305   4.17301702]
 [ 3.10969973  5.40700388  5.8924737   4.63205814  4.22406197  4.75804615
   6.35427856  5.65890551  5.25191545  5.01004553  3.76888132  4.86766529
   5.52113295  5.38848925  6.99374151  5.1336236   5.49129915]
 [ 1.71595621  3.77473998  3.23637414  2.97974491  2.07324386  3.1971662
   3.42287731  3.34622979  4.01117468  3.13107777  3.20793104  3.15442133
   3.88667059  3.10597897  4.61230659  3.94502091  3.6250701 ]
 [ 2.7414093   4.31542206  5.04668713  3.98912024  3.50282145  3.76544976
   5.00437355  4.66639757  4.08312941  4.4666729   3.34025717  3.2374444
   4.63492823  4.01593018  4.72578859  4.07476234  4.44584846]
 [ 3.47985482  4.41936302  5.3050971   3.88610411  4.30985689  3.7738378
   5.5531745   4.60957766  3.98732376  3.96368051  3.51719403  4.26891899
   4.18411207  4.45414686  4.70992041  3.86885834  4.78301764]
 [ 3.10698843  4.52048588  5.62060976  3.59316659  4.0289607   4.20518732
   6.02873182  4.48036098  3.95096707  3.56795526  4.0716114   4.03586483
   4.37980413  4.90312672  4.63832569  4.97850847  5.10869598]
 [ 3.1819334   5.10096931  5.65563107  3.88477778  4.5926156   4.03079891
   6.12190151  5.44276237  4.73547268  4.49707985  3.76897979  3.84671021
   5.3631115   5.03215742  5.45193243  5.03393602  5.56703091]]
Difference:
 [[-0.05577803 -0.11360741 -0.04892969 -0.04164886 -0.03578997 -0.03841591
  -0.11318541 -0.1531992  -0.13160419 -0.06184316 -0.05540609 -0.12011814
  -0.03900909 -0.07535934 -0.15333796 -0.0773735  -0.14721251]
 [-0.23861766 -0.48601294 -0.2093215  -0.17817402 -0.15311003 -0.16434574
  -0.48420811 -0.65538788 -0.56300402 -0.2645669  -0.23702812 -0.51386452
  -0.16688108 -0.32238674 -0.65598011 -0.33100176 -0.62977362]
 [-0.26950407 -0.54892159 -0.23641539 -0.20123601 -0.17292833 -0.1856184
  -0.54688287 -0.74021935 -0.63587761 -0.29881144 -0.26770818 -0.58037758
  -0.18848181 -0.36411595 -0.74088764 -0.37384534 -0.71128988]
 [-0.11090398 -0.22588754 -0.09728742 -0.08281064 -0.07116175 -0.07638431
  -0.22504854 -0.30460858 -0.26167083 -0.12296438 -0.110165   -0.238832
  -0.07756233 -0.14983773 -0.30488348 -0.15384173 -0.29270387]
 [-0.20029068 -0.40794897 -0.17569971 -0.14955473 -0.12851739 -0.13794851
  -0.40643406 -0.55011845 -0.47257304 -0.22207117 -0.19895625 -0.43132687
  -0.14007664 -0.27060461 -0.55061531 -0.27783489 -0.52861834]
 [-0.02981186 -0.06072044 -0.02615166 -0.02226043 -0.0191288  -0.02053285
  -0.0604949  -0.08188152 -0.07033944 -0.03305364 -0.02961326 -0.06420016
  -0.02084947 -0.0402782  -0.08195496 -0.04135394 -0.07868147]
 [-0.16613626 -0.33838367 -0.14573812 -0.12405205 -0.10660219 -0.11442494
  -0.33712626 -0.45630956 -0.3919878  -0.18420243 -0.16502905 -0.3577745
  -0.11618972 -0.22445965 -0.45672083 -0.23045778 -0.43847561]
 [-0.13687038 -0.27877665 -0.12006664 -0.10220003 -0.08782387 -0.09426832
  -0.27774143 -0.37592936 -0.3229382  -0.15175509 -0.13595867 -0.29475164
  -0.09572268 -0.18492079 -0.37626886 -0.18986201 -0.36123705]
 [-0.162431   -0.3308363  -0.142488   -0.12128592 -0.10422516 -0.11187267
  -0.32960796 -0.44613314 -0.38324594 -0.18009424 -0.16134882 -0.34979582
  -0.11359835 -0.21945381 -0.44653559 -0.22531796 -0.42869759]
 [-0.10678792 -0.2175045  -0.09367704 -0.07973742 -0.06852102 -0.07354975
  -0.21669579 -0.29330301 -0.25195932 -0.1184001  -0.10607624 -0.22996807
  -0.07468367 -0.14427662 -0.29356861 -0.14813185 -0.28184032]
 [-0.06704617 -0.13655853 -0.05881453 -0.05006266 -0.04302049 -0.04617739
  -0.13605165 -0.18414927 -0.15819144 -0.07433724 -0.06659937 -0.14438415
  -0.04688931 -0.09058356 -0.18431473 -0.09300399 -0.17695189]
 [-0.16205335 -0.33006811 -0.14215708 -0.1210041  -0.10398245 -0.11161327
  -0.32884264 -0.44509602 -0.38235474 -0.17967606 -0.16097379 -0.34898281
  -0.11333466 -0.21894407 -0.44549751 -0.22479391 -0.42770052]
 [-0.23901701 -0.48682594 -0.2096715  -0.17847157 -0.15336633 -0.16462088
  -0.48501801 -0.65648341 -0.56394553 -0.26500869 -0.23742437 -0.51472378
  -0.16716027 -0.32292604 -0.6570766  -0.33155513 -0.63082695]
 [-0.00995708 -0.02028036 -0.00873518 -0.00743532 -0.0063889  -0.00685811
  -0.02020502 -0.027349   -0.02349329 -0.01104021 -0.00989079 -0.02144289
  -0.00696325 -0.01345348 -0.02737331 -0.01381207 -0.02627897]
 [-0.08709311 -0.1773901  -0.0763998  -0.06503153 -0.05588341 -0.05998445
  -0.17673016 -0.2392087  -0.20549011 -0.09656405 -0.0865128  -0.18755484
  -0.06091022 -0.11766768 -0.23942518 -0.1208117  -0.22986078]
 [-0.25456119 -0.51848602 -0.22330761 -0.19007826 -0.16334033 -0.17532635
  -0.51656008 -0.69917727 -0.60062099 -0.28224349 -0.25286484 -0.54819798
  -0.17803097 -0.34392738 -0.69980812 -0.35311794 -0.67185211]
 [-0.31788707 -0.64746761 -0.27885866 -0.23736286 -0.20397329 -0.21894169
  -0.64506245 -0.87310791 -0.75003552 -0.35245466 -0.31576872 -0.68457055
  -0.22231913 -0.42948437 -0.87389612 -0.44096041 -0.83898544]]

Method: CudaSharedMemory          , dims: (16, 16, 16)        , pass(1)/fail(0): 1,	 time (s): 0.002248048782348633

Method: CudaSharedMemory          , dims: (16, 16, 17)        , pass(1)/fail(0): 0,	 time (s): 0.0018422603607177734

Method: CudaSharedMemory          , dims: (16, 17, 16)        , pass(1)/fail(0): 0,	 time (s): 0.002205371856689453

Method: CudaSharedMemory          , dims: (16, 17, 17)        , pass(1)/fail(0): 0,	 time (s): 0.001951456069946289

Method: CudaSharedMemory          , dims: (17, 16, 16)        , pass(1)/fail(0): 0,	 time (s): 0.00211334228515625

Method: CudaSharedMemory          , dims: (17, 16, 17)        , pass(1)/fail(0): 0,	 time (s): 0.0021631717681884766

Method: CudaSharedMemory          , dims: (17, 17, 16)        , pass(1)/fail(0): 1,	 time (s): 0.0021753311157226562

Method: CudaSharedMemory          , dims: (17, 17, 17)        , pass(1)/fail(0): 0,	 time (s): 0.0017876625061035156

