Device name: b'Tesla K80'
Compute capability: (3, 7)
Total global memory (GB): 11.173095703125
Free global memory (GB): 11.115966796875
Used global memory (GB): 0.05712890625
Max threads per block: 1024
Max block dimensions: x=1024, y=1024, z=64
Max grid dimensions: x=2147483647, y=65535, z=65535
Max shared memory per block (KB): 48.0
BPG:  (1, 1)  TPB:  (16, 16)
BPG:  (1, 1)  TPB:  (16, 16)
BPG:  (2, 2)  TPB:  (16, 16)
BPG:  (2, 2)  TPB:  (16, 16)
FAILED! Dimensions:  (32, 32, 64)  Method:  CudaSharedMemory
Result:
 [[ 160.  160.  160. ...,  160.  160.  160.]
 [ 160.  160.  160. ...,  160.  160.  160.]
 [ 160.  160.  160. ...,  160.  160.  160.]
 ..., 
 [ 160.  160.  160. ...,  160.  160.  160.]
 [ 160.  160.  160. ...,  160.  160.  160.]
 [ 160.  160.  160. ...,  160.  160.  160.]]
Expected:
 [[ 320.  320.  320. ...,  320.  320.  320.]
 [ 320.  320.  320. ...,  320.  320.  320.]
 [ 320.  320.  320. ...,  320.  320.  320.]
 ..., 
 [ 320.  320.  320. ...,  320.  320.  320.]
 [ 320.  320.  320. ...,  320.  320.  320.]
 [ 320.  320.  320. ...,  320.  320.  320.]]
Difference:
 [[-160. -160. -160. ..., -160. -160. -160.]
 [-160. -160. -160. ..., -160. -160. -160.]
 [-160. -160. -160. ..., -160. -160. -160.]
 ..., 
 [-160. -160. -160. ..., -160. -160. -160.]
 [-160. -160. -160. ..., -160. -160. -160.]
 [-160. -160. -160. ..., -160. -160. -160.]]

BPG:  (4, 4)  TPB:  (16, 16)
BPG:  (4, 4)  TPB:  (16, 16)
Method: Basic                     , dims: (32, 32, 64)        , pass(1)/fail(0): 1,	 time (s): 0.037580013275146484
Method: CudaGlobalMemory          , dims: (32, 32, 64)        , pass(1)/fail(0): 1,	 time (s): 0.002045869827270508
Method: CudaSharedMemory          , dims: (32, 32, 64)        , pass(1)/fail(0): 0,	 time (s): 0.0020012855529785156

Method: Basic                     , dims: (64, 64, 32)        , pass(1)/fail(0): 1,	 time (s): 0.07121539115905762
Method: CudaGlobalMemory          , dims: (64, 64, 32)        , pass(1)/fail(0): 1,	 time (s): 0.001512765884399414
Method: CudaSharedMemory          , dims: (64, 64, 32)        , pass(1)/fail(0): 1,	 time (s): 0.0015537738800048828

