Device name: b'Tesla K80'
Compute capability: (3, 7)
Total global memory (GB): 11.173095703125
Free global memory (GB): 11.115966796875
Used global memory (GB): 0.05712890625
Max threads per block: 1024
Max block dimensions: x=1024, y=1024, z=64
Max grid dimensions: x=2147483647, y=65535, z=65535
Max shared memory per block (KB): 48.0
Method: CudaSharedMemoryGeneral   , dims: (2, 2, 2)           , pass(1)/fail(0): 0,	 time (s): 0.002225160598754883

Method: CudaSharedMemoryGeneral   , dims: (2, 2, 3)           , pass(1)/fail(0): 0,	 time (s): 0.001990795135498047

Method: CudaSharedMemoryGeneral   , dims: (2, 3, 2)           , pass(1)/fail(0): 0,	 time (s): 0.0020666122436523438

Method: CudaSharedMemoryGeneral   , dims: (2, 3, 3)           , pass(1)/fail(0): 0,	 time (s): 0.0021283626556396484

Method: CudaSharedMemoryGeneral   , dims: (3, 2, 2)           , pass(1)/fail(0): 0,	 time (s): 0.002000570297241211

Method: CudaSharedMemoryGeneral   , dims: (3, 2, 3)           , pass(1)/fail(0): 0,	 time (s): 0.0021209716796875

Method: CudaSharedMemoryGeneral   , dims: (3, 3, 2)           , pass(1)/fail(0): 0,	 time (s): 0.0023784637451171875

Method: CudaSharedMemoryGeneral   , dims: (3, 3, 3)           , pass(1)/fail(0): 0,	 time (s): 0.0019876956939697266

Method: CudaSharedMemoryGeneral   , dims: (2, 2, 2)           , pass(1)/fail(0): 0,	 time (s): 0.0023353099822998047

Method: CudaSharedMemoryGeneral   , dims: (2, 2, 3)           , pass(1)/fail(0): 0,	 time (s): 0.002331256866455078

Method: CudaSharedMemoryGeneral   , dims: (2, 3, 2)           , pass(1)/fail(0): 0,	 time (s): 0.0019598007202148438

Method: CudaSharedMemoryGeneral   , dims: (2, 3, 3)           , pass(1)/fail(0): 0,	 time (s): 0.00199127197265625

Method: CudaSharedMemoryGeneral   , dims: (3, 2, 2)           , pass(1)/fail(0): 0,	 time (s): 0.0020220279693603516

Method: CudaSharedMemoryGeneral   , dims: (3, 2, 3)           , pass(1)/fail(0): 0,	 time (s): 0.0019176006317138672

Method: CudaSharedMemoryGeneral   , dims: (3, 3, 2)           , pass(1)/fail(0): 0,	 time (s): 0.0018856525421142578

Method: CudaSharedMemoryGeneral   , dims: (3, 3, 3)           , pass(1)/fail(0): 0,	 time (s): 0.0019297599792480469

Method: CudaSharedMemoryGeneral   , dims: (16, 16, 16)        , pass(1)/fail(0): 0,	 time (s): 0.0019199848175048828

Method: CudaSharedMemoryGeneral   , dims: (16, 16, 17)        , pass(1)/fail(0): 0,	 time (s): 0.0020742416381835938

Method: CudaSharedMemoryGeneral   , dims: (16, 17, 16)        , pass(1)/fail(0): 0,	 time (s): 0.002224445343017578

Method: CudaSharedMemoryGeneral   , dims: (16, 17, 17)        , pass(1)/fail(0): 0,	 time (s): 0.0021843910217285156

Method: CudaSharedMemoryGeneral   , dims: (17, 16, 16)        , pass(1)/fail(0): 0,	 time (s): 0.0019490718841552734

Method: CudaSharedMemoryGeneral   , dims: (17, 16, 17)        , pass(1)/fail(0): 0,	 time (s): 0.001991748809814453

Method: CudaSharedMemoryGeneral   , dims: (17, 17, 16)        , pass(1)/fail(0): 0,	 time (s): 0.0019485950469970703

Method: CudaSharedMemoryGeneral   , dims: (17, 17, 17)        , pass(1)/fail(0): 0,	 time (s): 0.0019254684448242188

Method: CudaSharedMemoryGeneral   , dims: (16, 16, 16)        , pass(1)/fail(0): 0,	 time (s): 0.0018732547760009766

Method: CudaSharedMemoryGeneral   , dims: (16, 16, 17)        , pass(1)/fail(0): 0,	 time (s): 0.001943349838256836

Method: CudaSharedMemoryGeneral   , dims: (16, 17, 16)        , pass(1)/fail(0): 0,	 time (s): 0.0018680095672607422

Method: CudaSharedMemoryGeneral   , dims: (16, 17, 17)        , pass(1)/fail(0): 0,	 time (s): 0.001955270767211914

Method: CudaSharedMemoryGeneral   , dims: (17, 16, 16)        , pass(1)/fail(0): 0,	 time (s): 0.00214385986328125

Method: CudaSharedMemoryGeneral   , dims: (17, 16, 17)        , pass(1)/fail(0): 0,	 time (s): 0.0021746158599853516

Method: CudaSharedMemoryGeneral   , dims: (17, 17, 16)        , pass(1)/fail(0): 0,	 time (s): 0.0028510093688964844

Method: CudaSharedMemoryGeneral   , dims: (17, 17, 17)        , pass(1)/fail(0): 0,	 time (s): 0.0018756389617919922

