Device name: b'Tesla K80'
Compute capability: (3, 7)
Total global memory (GB): 11.173095703125
Free global memory (GB): 11.115966796875
Used global memory (GB): 0.05712890625
Max threads per block: 1024
Max block dimensions: x=1024, y=1024, z=64
Max grid dimensions: x=2147483647, y=65535, z=65535
Max shared memory per block (KB): 48.0
BPG:  (1, 1)  TPB:  (16, 16)
BPG:  (1, 1)  TPB:  (16, 16)
BPG:  (4, 2)  TPB:  (16, 16)
BPG:  (4, 2)  TPB:  (16, 16)
BPG:  (2, 4)  TPB:  (16, 16)
BPG:  (2, 4)  TPB:  (16, 16)
BPG:  (4, 4)  TPB:  (16, 16)
BPG:  (4, 4)  TPB:  (16, 16)
BPG:  (2, 4)  TPB:  (16, 16)
BPG:  (2, 4)  TPB:  (16, 16)
BPG:  (4, 2)  TPB:  (16, 16)
BPG:  (4, 2)  TPB:  (16, 16)
BPG:  (2, 2)  TPB:  (16, 16)
BPG:  (2, 2)  TPB:  (16, 16)
Method: Basic                     , dims: (32, 64, 64)        , pass(1)/fail(0): 1,	 time (s): 0.07762336730957031
Method: CudaGlobalMemory          , dims: (32, 64, 64)        , pass(1)/fail(0): 1,	 time (s): 0.002051115036010742
Method: CudaSharedMemory          , dims: (32, 64, 64)        , pass(1)/fail(0): 1,	 time (s): 0.001986980438232422

Method: Basic                     , dims: (64, 32, 64)        , pass(1)/fail(0): 1,	 time (s): 0.07651996612548828
Method: CudaGlobalMemory          , dims: (64, 32, 64)        , pass(1)/fail(0): 1,	 time (s): 0.0015583038330078125
Method: CudaSharedMemory          , dims: (64, 32, 64)        , pass(1)/fail(0): 0,	 time (s): 0.0015902519226074219

Method: Basic                     , dims: (64, 64, 32)        , pass(1)/fail(0): 1,	 time (s): 0.06544852256774902
Method: CudaGlobalMemory          , dims: (64, 64, 32)        , pass(1)/fail(0): 1,	 time (s): 0.0014905929565429688
Method: CudaSharedMemory          , dims: (64, 64, 32)        , pass(1)/fail(0): 1,	 time (s): 0.0015037059783935547

Method: Basic                     , dims: (64, 32, 32)        , pass(1)/fail(0): 1,	 time (s): 0.032349586486816406
Method: CudaGlobalMemory          , dims: (64, 32, 32)        , pass(1)/fail(0): 1,	 time (s): 0.0014255046844482422
Method: CudaSharedMemory          , dims: (64, 32, 32)        , pass(1)/fail(0): 1,	 time (s): 0.0014595985412597656

Method: Basic                     , dims: (32, 64, 32)        , pass(1)/fail(0): 1,	 time (s): 0.03281378746032715
Method: CudaGlobalMemory          , dims: (32, 64, 32)        , pass(1)/fail(0): 1,	 time (s): 0.0018281936645507812
Method: CudaSharedMemory          , dims: (32, 64, 32)        , pass(1)/fail(0): 1,	 time (s): 0.0017321109771728516

Method: Basic                     , dims: (32, 32, 64)        , pass(1)/fail(0): 1,	 time (s): 0.030153751373291016
Method: CudaGlobalMemory          , dims: (32, 32, 64)        , pass(1)/fail(0): 1,	 time (s): 0.0015649795532226562
Method: CudaSharedMemory          , dims: (32, 32, 64)        , pass(1)/fail(0): 0,	 time (s): 0.0014514923095703125

