Device name: b'Tesla K80'
Compute capability: (3, 7)
Total global memory (GB): 11.173095703125
Free global memory (GB): 11.115966796875
Used global memory (GB): 0.05712890625
Max threads per block: 1024
Max block dimensions: x=1024, y=1024, z=64
Max grid dimensions: x=2147483647, y=65535, z=65535
Max shared memory per block (KB): 48.0
FAILED! Dimensions:  (2, 2, 2)  Method:  CudaSharedMemoryGeneral
Result:
 [[ 0.8622269   0.41633135]
 [ 0.73395538  0.23377384]]
Expected:
 [[ 0.8622269   0.73395538]
 [ 0.41633135  0.23377383]]

FAILED! Dimensions:  (2, 2, 3)  Method:  CudaSharedMemoryGeneral
Result:
 [[ 1.25172174  0.99378574]
 [ 0.99190789  0.8268019 ]]
Expected:
 [[ 1.25172174  0.99190789]
 [ 0.99378574  0.82680196]]

FAILED! Dimensions:  (2, 3, 2)  Method:  CudaSharedMemoryGeneral
Result:
 [[ 0.40371695  0.3780449   0.        ]
 [ 0.10006297  0.17903632  0.        ]]
Expected:
 [[ 0.40371695  0.10006297  0.39626929]
 [ 0.3780449   0.17903632  0.64754695]]

FAILED! Dimensions:  (2, 3, 3)  Method:  CudaSharedMemoryGeneral
Result:
 [[ 0.41648579  0.88596201  0.        ]
 [ 0.25489447  0.35875288  0.        ]]
Expected:
 [[ 0.41648576  0.25489447  0.4751457 ]
 [ 0.88596201  0.35875288  0.86863112]]

FAILED! Dimensions:  (3, 2, 2)  Method:  CudaSharedMemoryGeneral
Result:
 [[ 0.60053396  0.88473916]
 [ 0.46527576  0.67045748]
 [ 0.          0.        ]]
Expected:
 [[ 0.60053396  0.46527576]
 [ 0.88473922  0.67045748]
 [ 0.50384694  0.39079511]]

FAILED! Dimensions:  (3, 2, 3)  Method:  CudaSharedMemoryGeneral
Result:
 [[ 0.72864097  0.97489029]
 [ 0.73310578  0.97306675]
 [ 0.          0.        ]]
Expected:
 [[ 0.72864097  0.73310572]
 [ 0.97489023  0.97306675]
 [ 1.21250653  1.23539555]]

FAILED! Dimensions:  (3, 3, 2)  Method:  CudaSharedMemoryGeneral
Result:
 [[ 0.91602081  0.56993586  0.50904948]
 [ 0.68444991  0.43128395  0.32408091]
 [ 1.18809521  0.74128109  0.63884491]]
Expected:
 [[ 0.91602081  0.68444991  1.18809509]
 [ 0.56993586  0.43128395  0.74128103]
 [ 0.50904948  0.32408091  0.63884497]]

FAILED! Dimensions:  (3, 3, 3)  Method:  CudaSharedMemoryGeneral
Result:
 [[ 0.71739852  0.63114476  0.76297802]
 [ 0.62064505  0.4215683   0.77414209]
 [ 0.99019557  0.89345133  0.88139349]]
Expected:
 [[ 0.71739846  0.62064511  0.99019557]
 [ 0.63114476  0.4215683   0.89345133]
 [ 0.76297802  0.77414209  0.88139349]]

Method: CudaSharedMemoryGeneral   , dims: (2, 2, 2)           , pass(1)/fail(0): 0,	 time (s): 0.002187967300415039

Method: CudaSharedMemoryGeneral   , dims: (2, 2, 3)           , pass(1)/fail(0): 0,	 time (s): 0.0020003318786621094

Method: CudaSharedMemoryGeneral   , dims: (2, 3, 2)           , pass(1)/fail(0): 0,	 time (s): 0.0020940303802490234

Method: CudaSharedMemoryGeneral   , dims: (2, 3, 3)           , pass(1)/fail(0): 0,	 time (s): 0.002004384994506836

Method: CudaSharedMemoryGeneral   , dims: (3, 2, 2)           , pass(1)/fail(0): 0,	 time (s): 0.0019502639770507812

Method: CudaSharedMemoryGeneral   , dims: (3, 2, 3)           , pass(1)/fail(0): 0,	 time (s): 0.0021522045135498047

Method: CudaSharedMemoryGeneral   , dims: (3, 3, 2)           , pass(1)/fail(0): 0,	 time (s): 0.002044677734375

Method: CudaSharedMemoryGeneral   , dims: (3, 3, 3)           , pass(1)/fail(0): 0,	 time (s): 0.001978158950805664

FAILED! Dimensions:  (5, 5, 5)  Method:  CudaSharedMemoryGeneral
Result:
 [[ 1.03038013  0.58219135  1.2296443   0.68684363  0.56584096]
 [ 0.55646992  0.90276182  1.20258033  1.06221354  0.54964244]
 [ 1.34334743  0.8339963   1.56895423  0.80814254  0.86410958]
 [ 0.80725461  0.68072879  1.07274616  0.79858363  0.72566569]
 [ 1.77056456  1.08985317  2.0657351   1.09339094  1.17059314]]
Expected:
 [[ 1.03038013  0.55646992  1.34334743  0.80725461  1.77056456]
 [ 0.58219135  0.90276188  0.8339963   0.68072879  1.08985317]
 [ 1.2296443   1.20258021  1.56895423  1.07274616  2.0657351 ]
 [ 0.68684363  1.06221366  0.80814254  0.79858363  1.09339094]
 [ 0.56584096  0.54964244  0.86410958  0.72566569  1.17059314]]

FAILED! Dimensions:  (5, 5, 7)  Method:  CudaSharedMemoryGeneral
Result:
 [[ 2.38646102  2.26987386  1.47578275  1.46294546  2.01373053]
 [ 1.70873487  1.51315379  1.20080614  1.24974072  1.46936917]
 [ 1.72039032  2.22050929  1.47366774  1.48303497  1.7048521 ]
 [ 2.57120562  2.54600143  1.75908256  1.95722783  2.26148462]
 [ 1.76943457  2.12726092  1.68370295  1.43838096  1.63425779]]
Expected:
 [[ 2.38646102  1.70873487  1.7203902   2.57120585  1.76943469]
 [ 2.26987386  1.51315379  2.22050929  2.54600143  2.12726092]
 [ 1.47578275  1.20080602  1.47366786  1.75908256  1.68370295]
 [ 1.46294546  1.24974072  1.48303497  1.95722783  1.43838108]
 [ 2.01373053  1.46936917  1.7048521   2.26148462  1.63425779]]

FAILED! Dimensions:  (5, 7, 5)  Method:  CudaSharedMemoryGeneral
Result:
 [[ 0.71263784  1.16658533  0.96281683  1.01273763  1.18213928  0.          0.        ]
 [ 0.97693747  1.28318286  1.26899433  1.27448702  1.34002125  0.          0.        ]
 [ 1.88251519  2.60666776  2.27553821  2.36336446  2.70594645  0.          0.        ]
 [ 0.76321441  0.60561019  1.15638041  1.21235549  1.23003483  0.          0.        ]
 [ 1.60515082  2.05445409  1.81280375  1.77736866  1.99832582  0.          0.        ]]
Expected:
 [[ 0.71263784  0.97693741  1.88251531  0.76321441  1.6051507   1.09879637
   1.51920259]
 [ 1.16658533  1.28318286  2.60666776  0.60561019  2.05445409  1.57852757
   1.87156725]
 [ 0.96281683  1.26899433  2.27553821  1.15638041  1.81280375  1.62367713
   2.28817463]
 [ 1.01273763  1.2744869   2.36336446  1.21235538  1.77736866  1.71512783
   2.33577943]
 [ 1.18213928  1.34002125  2.70594645  1.23003483  1.99832582  1.88369393
   2.4414196 ]]

FAILED! Dimensions:  (5, 7, 7)  Method:  CudaSharedMemoryGeneral
Result:
 [[ 1.13819849  1.57365477  1.4233551   1.09723139  2.01532793  0.          0.        ]
 [ 1.54063368  1.68629456  1.77276921  1.61420393  2.01325822  0.          0.        ]
 [ 1.35190427  1.75830042  2.04529619  1.68266797  2.42986727  0.          0.        ]
 [ 0.90439242  1.36260664  1.44487751  1.3311075   1.58997214  0.          0.        ]
 [ 1.20413399  1.15146244  1.78333616  1.45282841  1.37705839  0.          0.        ]]
Expected:
 [[ 1.13819838  1.54063368  1.35190427  0.90439248  1.20413399  1.60783231
   1.22731924]
 [ 1.57365477  1.68629444  1.75830054  1.36260676  1.15146232  1.83316827
   1.96608186]
 [ 1.4233551   1.77276921  2.04529619  1.44487751  1.78333616  1.59971976
   1.51986146]
 [ 1.09723139  1.61420405  1.68266797  1.3311075   1.45282841  1.78573012
   1.29928243]
 [ 2.01532793  2.01325846  2.42986703  1.58997202  1.37705851  2.07759976
   1.93691492]]

FAILED! Dimensions:  (7, 5, 5)  Method:  CudaSharedMemoryGeneral
Result:
 [[ 1.39038181  1.30941105  1.05309737  1.45845747  0.64335471]
 [ 1.62640417  1.42435539  0.53757578  0.92132527  0.92727679]
 [ 2.31447434  1.86623561  1.17180717  1.50388563  1.22848582]
 [ 1.86806798  1.4750421   0.93893558  1.13845885  1.00814939]
 [ 2.22403216  2.03028989  1.23511839  1.96028793  1.08457363]
 [ 0.          0.          0.          0.          0.        ]
 [ 0.          0.          0.          0.          0.        ]]
Expected:
 [[ 1.39038181  1.62640417  2.31447411  1.86806798  2.22403216]
 [ 1.30941117  1.42435539  1.86623561  1.4750421   2.03029013]
 [ 1.05309737  0.53757578  1.17180717  0.93893558  1.23511827]
 [ 1.45845747  0.92132527  1.50388575  1.13845885  1.96028781]
 [ 0.64335471  0.92727685  1.22848582  1.00814939  1.08457363]
 [ 1.51120329  0.98474503  1.49813831  1.08432603  1.86275411]
 [ 1.24069762  0.92495972  1.52865446  1.21370137  1.57986891]]

FAILED! Dimensions:  (7, 5, 7)  Method:  CudaSharedMemoryGeneral
Result:
 [[ 1.8330332   2.02765822  1.83827555  1.41899037  2.02685428]
 [ 1.5425508   1.98435891  1.49024105  0.85617626  1.72390258]
 [ 1.75637007  1.65900946  2.10523009  1.56801569  1.80052173]
 [ 1.89071691  1.55389071  1.86152697  1.45595193  1.51283038]
 [ 2.00858665  1.59593928  1.97271407  1.43305278  1.65109706]
 [ 0.          0.          0.          0.          0.        ]
 [ 0.          0.          0.          0.          0.        ]]
Expected:
 [[ 1.8330332   1.54255068  1.75637007  1.89071703  2.00858665]
 [ 2.02765846  1.98435891  1.65900934  1.55389059  1.59593916]
 [ 1.83827555  1.49024105  2.10523009  1.86152709  1.97271407]
 [ 1.41899037  0.85617626  1.56801569  1.45595193  1.43305278]
 [ 2.02685452  1.72390258  1.80052173  1.51283026  1.65109706]
 [ 2.21580267  1.87655592  2.18360114  2.02910209  2.32653856]
 [ 2.83727145  2.40844607  2.95923066  2.74468946  2.83467317]]

FAILED! Dimensions:  (7, 7, 5)  Method:  CudaSharedMemoryGeneral
Result:
 [[ 1.34246075  1.04608774  0.6249128   1.29282951  0.80875111  0.61131519
   0.70923793]
 [ 2.19286633  2.12605119  1.14974451  1.23332763  1.55131757  1.29833555
   1.04038811]
 [ 1.91836715  1.66968763  1.34461844  1.21855962  1.54249477  1.0895561
   1.20631492]
 [ 0.7947244   0.46476856  0.39816654  0.71830428  0.75076038  0.42375079
   0.52885008]
 [ 1.34312773  1.30614066  1.06702721  0.80332142  0.90666205  0.9917348
   0.85118872]
 [ 1.58625078  1.67649353  0.76880574  1.14771032  0.70745903  0.54451346
   0.60954767]
 [ 2.66841817  2.4537251   1.55900872  1.83462274  1.79506016  1.38901365
   1.41306043]]
Expected:
 [[ 1.34246075  2.19286609  1.91836715  0.7947244   1.34312761  1.58625078
   2.66841817]
 [ 1.04608774  2.12605119  1.66968763  0.46476859  1.30614066  1.67649341
   2.45372486]
 [ 0.62491286  1.14974451  1.34461844  0.39816654  1.06702709  0.76880574
   1.55900872]
 [ 1.29282951  1.23332763  1.2185595   0.71830428  0.80332142  1.14771032
   1.83462274]
 [ 0.80875117  1.55131745  1.54249477  0.75076038  0.90666211  0.70745903
   1.79506016]
 [ 0.61131519  1.29833555  1.0895561   0.42375079  0.99173474  0.54451346
   1.38901365]
 [ 0.70923793  1.04038811  1.2063148   0.52885008  0.85118866  0.60954762
   1.41306031]]

FAILED! Dimensions:  (7, 7, 7)  Method:  CudaSharedMemoryGeneral
Result:
 [[ 2.31842947  2.49902391  1.5466038   2.09728813  0.57895792  2.42666554
   2.38399553]
 [ 1.68568027  2.42483449  1.94988549  2.32747579  0.84226567  2.36056924
   2.31688738]
 [ 2.71516633  2.66841507  1.96574569  2.23272181  1.32055378  2.83025551
   3.02803063]
 [ 2.1827991   2.4875772   2.0196383   2.24725723  0.58647656  2.6413312
   1.6176759 ]
 [ 2.82378101  3.1194396   2.3044064   2.78919792  1.45214617  2.58277559
   3.00873685]
 [ 2.09323406  2.59998059  2.02350402  2.4803195   1.07159936  2.70544767
   2.4084146 ]
 [ 1.98610103  2.10515738  1.5729419   1.60825789  0.718997    1.99883628
   2.12561989]]
Expected:
 [[ 2.31842947  1.68568039  2.71516657  2.1827991   2.82378078  2.09323406
   1.98610103]
 [ 2.49902391  2.42483449  2.66841507  2.4875772   3.11943936  2.59998059
   2.10515761]
 [ 1.5466038   1.94988537  1.96574557  2.01963854  2.30440664  2.02350402
   1.5729419 ]
 [ 2.09728813  2.32747579  2.23272204  2.24725699  2.78919768  2.48031974
   1.60825789]
 [ 0.57895792  0.84226573  1.32055366  0.5864765   1.45214617  1.07159936
   0.718997  ]
 [ 2.42666554  2.36056924  2.83025551  2.64133096  2.58277559  2.70544767
   1.99883616]
 [ 2.38399553  2.31688762  3.02803063  1.6176759   3.00873685  2.4084146
   2.12561989]]

Method: CudaSharedMemoryGeneral   , dims: (5, 5, 5)           , pass(1)/fail(0): 0,	 time (s): 0.0023283958435058594

Method: CudaSharedMemoryGeneral   , dims: (5, 5, 7)           , pass(1)/fail(0): 0,	 time (s): 0.002232074737548828

Method: CudaSharedMemoryGeneral   , dims: (5, 7, 5)           , pass(1)/fail(0): 0,	 time (s): 0.0019011497497558594

Method: CudaSharedMemoryGeneral   , dims: (5, 7, 7)           , pass(1)/fail(0): 0,	 time (s): 0.001895904541015625

Method: CudaSharedMemoryGeneral   , dims: (7, 5, 5)           , pass(1)/fail(0): 0,	 time (s): 0.001983642578125

Method: CudaSharedMemoryGeneral   , dims: (7, 5, 7)           , pass(1)/fail(0): 0,	 time (s): 0.001920938491821289

Method: CudaSharedMemoryGeneral   , dims: (7, 7, 5)           , pass(1)/fail(0): 0,	 time (s): 0.0018804073333740234

Method: CudaSharedMemoryGeneral   , dims: (7, 7, 7)           , pass(1)/fail(0): 0,	 time (s): 0.001863718032836914

