Device name: b'Tesla K80'
Compute capability: (3, 7)
Total global memory (GB): 11.173095703125
Free global memory (GB): 11.115966796875
Used global memory (GB): 0.05712890625
Max threads per block: 1024
Max block dimensions: x=1024, y=1024, z=64
Max grid dimensions: x=2147483647, y=65535, z=65535
Max shared memory per block (KB): 48.0
BPG:  (1, 1)  TPB:  (16, 16)
BPG:  (1, 1)  TPB:  (16, 16)
BPG:  (2, 2)  TPB:  (16, 16)
BPG:  (2, 2)  TPB:  (16, 16)
FAILED! Dimensions:  (32, 32, 64)  Method:  CudaSharedMemory
Result:
 [[ 160.  160.  160. ...,  160.  160.  160.]
 [ 160.  160.  160. ...,  160.  160.  160.]
 [ 160.  160.  160. ...,  160.  160.  160.]
 ..., 
 [ 160.  160.  160. ...,  160.  160.  160.]
 [ 160.  160.  160. ...,  160.  160.  160.]
 [ 160.  160.  160. ...,  160.  160.  160.]]
Expected:
 [[ 320.  320.  320. ...,  320.  320.  320.]
 [ 320.  320.  320. ...,  320.  320.  320.]
 [ 320.  320.  320. ...,  320.  320.  320.]
 ..., 
 [ 320.  320.  320. ...,  320.  320.  320.]
 [ 320.  320.  320. ...,  320.  320.  320.]
 [ 320.  320.  320. ...,  320.  320.  320.]]
Difference:
 [[-160. -160. -160. ..., -160. -160. -160.]
 [-160. -160. -160. ..., -160. -160. -160.]
 [-160. -160. -160. ..., -160. -160. -160.]
 ..., 
 [-160. -160. -160. ..., -160. -160. -160.]
 [-160. -160. -160. ..., -160. -160. -160.]
 [-160. -160. -160. ..., -160. -160. -160.]]

BPG:  (2, 4)  TPB:  (16, 16)
BPG:  (2, 4)  TPB:  (16, 16)
FAILED! Dimensions:  (64, 32, 64)  Method:  CudaSharedMemory
Result:
 [[ 160.  160.  160. ...,  160.  160.  160.]
 [ 160.  160.  160. ...,  160.  160.  160.]
 [ 160.  160.  160. ...,  160.  160.  160.]
 ..., 
 [ 160.  160.  160. ...,  160.  160.  160.]
 [ 160.  160.  160. ...,  160.  160.  160.]
 [ 160.  160.  160. ...,  160.  160.  160.]]
Expected:
 [[ 320.  320.  320. ...,  320.  320.  320.]
 [ 320.  320.  320. ...,  320.  320.  320.]
 [ 320.  320.  320. ...,  320.  320.  320.]
 ..., 
 [ 320.  320.  320. ...,  320.  320.  320.]
 [ 320.  320.  320. ...,  320.  320.  320.]
 [ 320.  320.  320. ...,  320.  320.  320.]]
Difference:
 [[-160. -160. -160. ..., -160. -160. -160.]
 [-160. -160. -160. ..., -160. -160. -160.]
 [-160. -160. -160. ..., -160. -160. -160.]
 ..., 
 [-160. -160. -160. ..., -160. -160. -160.]
 [-160. -160. -160. ..., -160. -160. -160.]
 [-160. -160. -160. ..., -160. -160. -160.]]

BPG:  (4, 2)  TPB:  (16, 16)
BPG:  (4, 2)  TPB:  (16, 16)
Method: Basic                     , dims: (32, 32, 64)        , pass(1)/fail(0): 1,	 time (s): 0.037355899810791016
Method: CudaGlobalMemory          , dims: (32, 32, 64)        , pass(1)/fail(0): 1,	 time (s): 0.002009868621826172
Method: CudaSharedMemory          , dims: (32, 32, 64)        , pass(1)/fail(0): 0,	 time (s): 0.0019538402557373047

Method: Basic                     , dims: (64, 32, 64)        , pass(1)/fail(0): 1,	 time (s): 0.05783200263977051
Method: CudaGlobalMemory          , dims: (64, 32, 64)        , pass(1)/fail(0): 1,	 time (s): 0.0015478134155273438
Method: CudaSharedMemory          , dims: (64, 32, 64)        , pass(1)/fail(0): 0,	 time (s): 0.001466989517211914

Method: Basic                     , dims: (32, 64, 64)        , pass(1)/fail(0): 1,	 time (s): 0.056101322174072266
Method: CudaGlobalMemory          , dims: (32, 64, 64)        , pass(1)/fail(0): 1,	 time (s): 0.0014123916625976562
Method: CudaSharedMemory          , dims: (32, 64, 64)        , pass(1)/fail(0): 1,	 time (s): 0.00145721435546875

