Device name: b'Tesla K80'
Compute capability: (3, 7)
Total global memory (GB): 11.173095703125
Free global memory (GB): 11.115966796875
Used global memory (GB): 0.05712890625
Max threads per block: 1024
Max block dimensions: x=1024, y=1024, z=64
Max grid dimensions: x=2147483647, y=65535, z=65535
Max shared memory per block (KB): 48.0
BPG:  (1, 1)  TPB:  (16, 16)

BPG:  (1, 1)  TPB:  (16, 16)

BPG:  (1, 2)  TPB:  (16, 16)

BPG:  (1, 1)  TPB:  (16, 16)
FAILED! Dimensions:  [(1, 1, 1), (16, 16, 16), (16, 16, 17), (16, 17, 16), (16, 17, 17), (17, 16, 16), (17, 16, 17), (17, 17, 16), (17, 17, 17)]
Result:
 [[ 2.70381021  2.93121433  1.84449363  3.59962916  2.82325172  2.73222542
   4.2000246   3.95182753  2.53588414  3.11769223  3.00617623  2.87445784
   4.01515722  4.16312551  3.97599387  4.01989508  0.        ]
 [ 3.09140682  3.26080632  2.49620962  3.92866921  2.9286356   1.76356351
   3.98611689  3.89152789  3.11547351  2.27590394  2.21051121  2.63623381
   4.36901188  3.8299284   4.05635595  4.29730272  0.        ]
 [ 3.84202075  3.39075518  2.75140429  5.0065012   3.89098907  2.80784798
   4.70767641  5.13293171  3.02151704  2.69360495  3.19438434  4.10322571
   4.27202225  4.56709337  4.58730507  4.52743244  0.        ]
 [ 3.56236935  3.22611952  3.15619159  4.61931896  3.73303866  3.2564497
   4.53473473  4.47926712  3.37384057  2.86409402  3.68606877  3.64057398
   4.81259823  4.49813366  4.18292046  4.62485981  0.        ]
 [ 4.27078104  3.84588814  3.06352234  5.30065107  4.62480307  3.49615026
   5.25665712  4.87970591  3.67535162  3.18586326  4.12070513  4.43450975
   5.80071497  5.23384476  5.57451487  5.77144623  0.        ]
 [ 3.93214154  2.87230444  2.66023374  4.76248026  3.37360501  3.12228703
   4.27890491  4.48750353  3.27388358  2.75981212  3.01269341  3.14312339
   5.07660198  4.45444393  4.11837482  4.42022753  0.        ]
 [ 3.3458209   3.40834594  3.32899666  4.18591833  3.96250534  3.12450051
   4.94665718  4.65291929  3.31111789  3.48513794  3.41400695  3.22285676
   4.39981794  4.36926365  5.33195162  4.50906944  0.        ]
 [ 3.21994424  3.18367219  3.07035923  4.05677748  3.07755947  2.6616137
   4.00955296  3.6165545   3.12116551  2.35344172  2.44533563  2.98590136
   4.62481117  3.74019146  3.95596552  4.58533859  0.        ]
 [ 3.59065747  3.11166978  2.31816149  3.58912134  2.91392899  2.36630082
   3.89956927  3.9727118   2.64782763  2.83214521  2.08756065  2.44907641
   3.82250142  3.70833874  3.61900878  3.6372714   0.        ]
 [ 4.71157217  4.13164425  3.65345478  5.38817453  4.19318581  3.45718598
   5.35090446  5.01726103  3.84265924  3.00894403  3.71749258  4.25314569
   5.51761532  5.27873993  5.23037767  5.4403863   0.        ]
 [ 3.88882995  3.28880382  3.27122641  4.9671092   3.9494493   3.10634947
   4.86037016  4.59303999  3.3806231   2.810215    3.19451451  3.60614109
   5.27325821  4.48401833  4.62056637  5.28790569  0.        ]
 [ 4.67480278  3.74734879  3.90280795  5.66916561  3.82911015  3.86861658
   5.56039715  5.57151413  4.24219418  4.03012419  3.63975072  3.70572567
   6.15666056  5.53442764  6.15578938  5.56689644  0.        ]
 [ 4.72019482  3.69107533  3.53055358  5.32455111  4.72969866  3.59245014
   5.46039152  4.84446049  4.06555367  3.77972341  3.68552685  4.17812157
   6.38670731  5.42655516  5.80974722  6.01452971  0.        ]
 [ 4.2569356   3.60516524  3.64618516  5.31393147  3.24556565  3.48471737
   4.95271587  5.35846519  4.18178749  3.48187995  2.67858648  3.45021367
   5.52754498  4.88017941  5.19908476  5.2226882   0.        ]
 [ 3.23482037  2.91826367  2.78644085  4.01668882  3.70018435  2.62977266
   4.69694185  4.30531025  2.98678589  3.15350628  2.97388244  3.20298314
   3.86252332  4.13098478  4.82412672  3.99277759  0.        ]
 [ 3.56531358  2.65835285  1.88819551  3.59791136  2.87423158  2.69423652
   3.56516719  3.36892152  2.185606    2.50000286  1.7608875   2.8657279
   4.1023016   3.567662    3.92105794  4.11961555  0.        ]]
Expected:
 [[ 2.70380998  2.93121433  1.84449375  3.59962916  2.82325149  2.73222542
   4.2000246   3.95182776  2.53588414  3.11769223  3.00617623  2.87445784
   4.01515722  4.16312504  3.97599387  4.01989508  3.13058805]
 [ 3.09140682  3.26080632  2.49620938  3.92866945  2.92863536  1.76356351
   3.98611689  3.89152813  3.11547327  2.27590394  2.21051121  2.63623357
   4.36901188  3.8299284   4.05635595  4.29730272  2.82513762]
 [ 3.84202051  3.39075541  2.75140429  5.00650215  3.89098883  2.80784798
   4.70767593  5.13293171  3.02151704  2.69360471  3.19438434  4.10322618
   4.27202225  4.56709385  4.58730507  4.52743292  3.41570306]
 [ 3.56236911  3.22611976  3.15619183  4.61931896  3.7330389   3.2564497
   4.53473425  4.47926664  3.37384057  2.86409402  3.68606901  3.64057374
   4.81259775  4.49813318  4.18292046  4.62485981  4.24132252]
 [ 4.27078104  3.8458879   3.06352282  5.3006506   4.62480259  3.49614978
   5.25665712  4.87970591  3.67535186  3.18586302  4.12070513  4.43451023
   5.80071449  5.23384476  5.57451534  5.7714467   4.14614105]
 [ 3.93214154  2.87230444  2.6602335   4.76248074  3.37360477  3.12228703
   4.27890444  4.48750305  3.27388358  2.75981212  3.01269341  3.14312363
   5.07660198  4.45444393  4.11837482  4.420228    4.32624912]
 [ 3.34582067  3.40834594  3.32899666  4.18591833  3.9625051   3.12450027
   4.94665718  4.65291929  3.31111813  3.48513794  3.41400671  3.222857
   4.39981794  4.36926365  5.33195162  4.50906944  3.34630132]
 [ 3.21994424  3.18367219  3.07035947  4.05677748  3.07755971  2.66161394
   4.00955296  3.6165545   3.12116551  2.35344148  2.44533539  2.98590159
   4.62481117  3.74019146  3.95596576  4.58533859  3.35083556]
 [ 3.59065747  3.11166954  2.31816173  3.5891211   2.91392875  2.36630106
   3.89956951  3.9727118   2.64782786  2.83214545  2.08756065  2.44907618
   3.82250166  3.70833874  3.61900902  3.6372714   3.01084399]
 [ 4.71157217  4.13164473  3.65345478  5.38817453  4.19318628  3.45718598
   5.35090399  5.01726103  3.842659    3.00894427  3.71749282  4.25314569
   5.51761532  5.27873945  5.2303772   5.4403863   4.64269257]
 [ 3.88882995  3.28880358  3.27122688  4.9671092   3.94944954  3.10634899
   4.86037016  4.59303904  3.3806231   2.810215    3.19451475  3.60614109
   5.27325821  4.4840188   4.62056589  5.28790617  4.03692436]
 [ 4.67480278  3.74734879  3.90280819  5.66916609  3.82911015  3.86861658
   5.56039715  5.57151413  4.2421937   4.03012419  3.63975096  3.70572591
   6.15666103  5.53442764  6.1557889   5.56689596  4.93028736]
 [ 4.72019482  3.69107533  3.5305531   5.32455111  4.72969866  3.59245014
   5.46039104  4.84446049  4.06555367  3.77972341  3.68552685  4.17812157
   6.38670778  5.42655516  5.8097477   6.01453018  4.34516525]
 [ 4.2569356   3.60516548  3.6461854   5.31393147  3.24556589  3.48471737
   4.9527154   5.35846519  4.18178797  3.48188043  2.67858624  3.45021367
   5.5275445   4.88017988  5.19908428  5.2226882   4.19688129]
 [ 3.23482013  2.91826367  2.78644085  4.0166893   3.70018458  2.62977242
   4.69694185  4.30530977  2.98678565  3.15350628  2.97388244  3.2029829
   3.86252332  4.13098526  4.82412672  3.99277759  3.1797576 ]
 [ 3.56531358  2.65835309  1.8881954   3.59791112  2.87423182  2.69423652
   3.56516719  3.36892152  2.18560576  2.50000286  1.76088738  2.86572742
   4.1023016   3.56766224  3.92105818  4.11961555  2.30495405]]

BPG:  (1, 2)  TPB:  (16, 16)

BPG:  (2, 1)  TPB:  (16, 16)

BPG:  (2, 2)  TPB:  (16, 16)

BPG:  (2, 1)  TPB:  (16, 16)
FAILED! Dimensions:  [(1, 1, 1), (16, 16, 16), (16, 16, 17), (16, 17, 16), (16, 17, 17), (17, 16, 16), (17, 16, 17), (17, 17, 16), (17, 17, 17)]
Result:
 [[ 4.21111393  4.56940842  3.54016852  3.8812511   4.26742649  4.71429777
   4.80620146  3.55630732  3.68730474  4.8316493   3.55044436  5.2251606
   4.76111841  4.15803576  2.62450218  4.06572866  0.        ]
 [ 4.37599707  4.37787104  3.57256365  3.97980165  3.85710454  4.16739273
   4.23425484  3.00158215  3.3391571   4.48169422  3.9422276   5.14613962
   4.43741131  4.36660767  3.09831715  4.24962711  0.        ]
 [ 4.54521751  4.3681612   4.15991926  4.53729677  4.2566309   3.96389055
   4.61773682  4.24970818  3.33912945  4.45145988  3.86670375  5.14023972
   4.75675583  3.99685621  2.99421668  4.24433041  0.        ]
 [ 3.78887033  4.19909096  4.33485985  4.2165947   4.02608013  4.52973461
   4.25299025  3.62480068  3.37079287  4.00094461  4.0403924   5.00456572
   4.5566082   5.02976084  3.08477306  4.15926218  0.        ]
 [ 3.68201518  4.002388    4.00681257  3.70147514  4.09999847  4.63280487
   5.1065774   4.12056828  2.96327543  4.19876862  3.71539259  4.72723818
   4.43363333  3.91361642  2.73560858  3.2942431   0.        ]
 [ 4.75659084  5.47654915  4.80715084  4.56591225  4.71364164  5.33160305
   5.10574484  4.49695587  4.16806269  5.34992933  4.77890682  6.35992193
   5.56486654  5.17398787  3.68457603  5.10251284  0.        ]
 [ 3.00931716  2.893538    3.05991864  3.05865479  3.23149991  2.73747921
   3.42660093  2.9767859   2.06509447  2.5018034   3.08898091  4.04717684
   3.76400685  2.92802501  2.09701204  3.04617715  0.        ]
 [ 5.01376724  5.59515715  4.74908924  4.94226313  5.54391623  5.9155674
   6.09158087  4.92615843  4.09546566  5.57666588  5.00480366  6.08085871
   6.28151417  5.82270479  3.45377898  4.94690466  0.        ]
 [ 3.06916237  3.51072168  3.57276082  3.15221     3.15971804  3.78902388
   3.70707369  3.13868165  3.13957071  2.97709227  3.33343649  4.26797056
   3.90668631  4.13899279  2.35641146  3.36786675  0.        ]
 [ 3.81444883  4.24681664  4.06222105  3.86290669  4.9509387   4.33404779
   5.7660141   3.83055925  3.8232975   4.67354155  4.01301241  5.37650919
   4.69231129  3.76444983  3.09222007  4.45500135  0.        ]
 [ 4.43335581  5.51333475  3.49619746  4.25104427  4.50897598  4.54527521
   4.49064922  3.52156258  3.67716193  5.03594112  4.29561758  4.79475737
   5.19784927  4.43723011  3.43584442  4.48563719  0.        ]
 [ 3.52255964  4.03474617  3.76826978  3.75803947  3.94585109  4.72184372
   5.13375092  3.61227179  3.51024675  3.95838523  3.4741528   4.89928293
   4.41742563  3.56204963  2.40059757  3.34314036  0.        ]
 [ 4.55096006  5.12355137  4.37281227  4.58418226  5.38499117  5.27950335
   5.54904795  4.60267544  3.3297236   4.99363708  5.14692068  6.40240383
   5.36661816  5.28495169  3.50028276  4.88872194  0.        ]
 [ 3.3712337   3.56854796  4.37082005  3.89214277  3.99309993  4.31215239
   5.18429756  2.71949434  3.504668    4.1121397   3.88075995  4.80079174
   4.58241606  3.34446645  3.33318257  4.60336065  0.        ]
 [ 2.55415273  3.73934603  2.68911171  2.36877418  2.59338784  2.69858575
   2.70320368  2.1748476   2.49160123  2.38541913  3.11017585  3.27556014
   3.42624569  2.42587113  2.83551884  2.48471355  0.        ]
 [ 3.14425349  3.4136579   3.4839313   3.36094403  3.37763453  3.83715868
   4.26897526  3.16422153  2.80507326  3.46865511  3.71383309  4.03067541
   4.03830528  3.79660773  2.32130694  3.29207683  0.        ]
 [ 4.15073204  5.51033306  4.59003639  3.94623947  4.70217896  5.1875596
   5.55452728  3.75382447  3.9415369   4.84638214  4.94967508  5.4559083
   5.85041475  4.35514688  4.07413483  4.4839015   0.        ]]
Expected:
 [[ 4.21111441  4.56940842  3.54016876  3.88125134  4.26742649  4.71429777
   4.80620146  3.55630732  3.68730474  4.83164883  3.55044413  5.22516012
   4.76111889  4.15803623  2.62450218  4.06572866  3.52026081]
 [ 4.37599659  4.37787104  3.57256341  3.97980165  3.85710454  4.16739273
   4.23425484  3.00158238  3.3391571   4.48169422  3.94222736  5.14613962
   4.43741131  4.36660767  3.09831715  4.24962711  3.59078574]
 [ 4.54521751  4.3681612   4.15991926  4.53729677  4.25663042  3.96389008
   4.61773682  4.24970865  3.33912897  4.45145941  3.86670351  5.14024067
   4.75675583  3.99685645  2.99421668  4.24432945  5.16941881]
 [ 3.78887057  4.19909096  4.33486032  4.2165947   4.02608013  4.52973413
   4.25299025  3.62480068  3.37079287  4.00094461  4.0403924   5.00456619
   4.55660868  5.02976131  3.0847733   4.15926218  4.41726303]
 [ 3.68201542  4.00238752  4.00681305  3.70147514  4.09999895  4.63280487
   5.1065774   4.12056828  2.96327567  4.19876909  3.71539235  4.72723818
   4.4336338   3.91361666  2.73560858  3.2942431   4.20777369]
 [ 4.75659037  5.47654915  4.80715036  4.56591225  4.71364164  5.33160305
   5.10574532  4.49695587  4.16806269  5.34992933  4.77890682  6.35992193
   5.56486607  5.17398739  3.68457603  5.10251188  4.87098026]
 [ 3.00931692  2.89353824  3.0599184   3.05865479  3.23149991  2.73747897
   3.42660117  2.9767859   2.06509423  2.50180364  3.08898115  4.04717684
   3.76400709  2.92802501  2.0970118   3.04617715  3.63936138]
 [ 5.01376724  5.59515715  4.74908924  4.94226313  5.54391623  5.91556835
   6.09158134  4.92615843  4.09546566  5.57666588  5.00480366  6.08085966
   6.28151369  5.82270432  3.45377898  4.94690466  5.15231228]
 [ 3.06916261  3.51072168  3.57276082  3.15221     3.15971804  3.78902388
   3.70707345  3.13868141  3.13957047  2.97709227  3.33343625  4.26797056
   3.90668631  4.13899326  2.35641122  3.36786652  3.50122309]
 [ 3.8144486   4.24681616  4.06222153  3.86290669  4.95093918  4.33404779
   5.76601362  3.83055949  3.8232975   4.67354202  4.01301241  5.37650919
   4.69231129  3.76444983  3.09222007  4.45500135  3.96563101]
 [ 4.43335581  5.51333475  3.49619746  4.25104427  4.50897598  4.54527521
   4.49064922  3.52156281  3.67716169  5.03594112  4.2956171   4.79475784
   5.19784975  4.43723059  3.43584418  4.48563766  4.15309286]
 [ 3.52255988  4.03474617  3.76826954  3.75803947  3.94585133  4.72184372
   5.13375139  3.61227202  3.51024675  3.95838547  3.47415257  4.89928293
   4.41742611  3.56204939  2.40059757  3.3431406   3.79066133]
 [ 4.55096006  5.12355137  4.37281227  4.58418226  5.38499165  5.27950335
   5.54904699  4.60267544  3.3297236   4.99363613  5.14692116  6.40240335
   5.36661816  5.28495169  3.500283    4.88872242  4.76568365]
 [ 3.3712337   3.56854796  4.37082052  3.89214301  3.99309969  4.31215239
   5.18429804  2.71949458  3.504668    4.1121397   3.88075995  4.80079126
   4.58241558  3.34446645  3.33318257  4.60336065  3.69381523]
 [ 2.55415273  3.73934627  2.68911171  2.36877418  2.59338784  2.69858551
   2.70320344  2.1748476   2.49160123  2.38541937  3.11017561  3.27556038
   3.42624545  2.42587113  2.8355186   2.48471355  3.01221371]
 [ 3.14425349  3.41365814  3.48393106  3.36094403  3.37763524  3.83715892
   4.26897526  3.16422105  2.80507326  3.46865535  3.71383333  4.03067541
   4.03830481  3.79660749  2.32130694  3.29207683  3.68979502]
 [ 4.15073156  5.51033306  4.59003639  3.94623947  4.70217848  5.1875596
   5.55452728  3.75382447  3.94153666  4.84638214  4.94967508  5.45590782
   5.85041523  4.35514736  4.07413435  4.4839015   4.36041451]]

BPG:  (2, 2)  TPB:  (16, 16)

Method: CudaGlobalMemory          , dims: (16, 16, 16)        , pass(1)/fail(0): 1,	 time (s): 0.002111196517944336

Method: CudaGlobalMemory          , dims: (16, 16, 17)        , pass(1)/fail(0): 1,	 time (s): 0.0021398067474365234

Method: CudaGlobalMemory          , dims: (16, 17, 16)        , pass(1)/fail(0): 0,	 time (s): 0.0020101070404052734

Method: CudaGlobalMemory          , dims: (16, 17, 17)        , pass(1)/fail(0): 1,	 time (s): 0.0019142627716064453

Method: CudaGlobalMemory          , dims: (17, 16, 16)        , pass(1)/fail(0): 1,	 time (s): 0.002032041549682617

Method: CudaGlobalMemory          , dims: (17, 16, 17)        , pass(1)/fail(0): 1,	 time (s): 0.0019159317016601562

Method: CudaGlobalMemory          , dims: (17, 17, 16)        , pass(1)/fail(0): 0,	 time (s): 0.001984119415283203

Method: CudaGlobalMemory          , dims: (17, 17, 17)        , pass(1)/fail(0): 1,	 time (s): 0.0019073486328125

BPG:  (1, 1)  TPB:  (16, 16)

BPG:  (1, 1)  TPB:  (16, 16)

BPG:  (1, 2)  TPB:  (16, 16)

BPG:  (1, 1)  TPB:  (16, 16)
FAILED! Dimensions:  [(1, 1, 1), (16, 16, 16), (16, 16, 17), (16, 17, 16), (16, 17, 17), (17, 16, 16), (17, 16, 17), (17, 17, 16), (17, 17, 17)]
Result:
 [[ 4.79874182  4.88512754  5.74306917  5.05797005  5.77186203  5.52840042
   5.46763992  4.67457342  5.3811264   3.83012748  4.18211699  4.7254653
   3.65445828  4.29788876  4.94922543  6.15466404  0.        ]
 [ 4.01634741  4.37064457  5.16459036  3.8286531   4.72368717  4.47082853
   5.47888231  4.18363476  4.20628595  3.39942932  4.44879103  3.80153441
   3.37000036  3.49179292  3.98765516  5.39210701  0.        ]
 [ 4.09992552  3.54945397  3.91440964  4.38100719  4.89789772  4.2891345
   4.82194281  3.68614578  3.80264068  3.64187646  3.25574088  3.66963601
   3.08577824  4.06887817  4.07620764  4.78518343  0.        ]
 [ 4.97792292  4.58031368  5.34592724  4.50930691  5.56463385  5.01494932
   5.78428793  4.40065384  4.7594738   3.89483905  4.69908476  4.3655057
   3.95695424  4.61246204  5.08896017  5.9642272   0.        ]
 [ 3.96535635  3.726753    4.37728024  4.51388741  5.80310392  4.58503294
   4.92234898  4.41660929  4.54365015  3.22813678  3.34414172  3.83777547
   3.44744205  4.31878662  3.37236595  5.11715508  0.        ]
 [ 5.18403196  4.15742826  4.74390841  4.40918398  4.78911352  4.81230259
   5.68837833  4.49148512  4.11002207  3.86793923  4.5600276   3.87402868
   3.87833548  3.65878463  4.73422194  5.64014864  0.        ]
 [ 2.86318588  3.23390269  3.61886835  2.84357595  4.0767355   3.21788287
   4.5938983   3.95772791  2.76183033  2.55664563  3.18939233  2.57144284
   2.08081412  2.92385077  2.99361014  4.6887207   0.        ]
 [ 5.43016052  3.75216985  4.82062626  4.87357855  5.89050293  5.01910305
   5.52235985  4.07937527  4.62154007  4.24585485  3.9563148   4.39850712
   4.13306808  4.18444395  4.02746296  5.60236263  0.        ]
 [ 3.1185534   2.86588836  3.14971256  3.00258803  2.97871423  3.03182435
   3.60854697  3.07737136  2.32908201  2.68732214  2.79859829  2.63849235
   1.95230436  2.1734848   3.29099846  3.79623342  0.        ]
 [ 4.4288826   3.94568515  4.7827363   3.70632219  4.85624218  4.49733591
   5.02723742  4.01243544  4.16855001  3.89329147  4.0492835   3.76367688
   3.32195783  3.89066768  3.82991838  5.07629919  0.        ]
 [ 2.88937449  3.04404569  3.32291889  3.45773745  3.9022963   3.57226133
   3.68718147  2.74987125  3.59571338  2.47265267  2.44051194  2.45981836
   2.58385086  2.77827859  2.34089994  3.84066987  0.        ]
 [ 4.1070013   3.75932598  4.77836561  4.30205059  5.32414103  4.39895248
   4.85500431  3.71376419  4.23811102  3.74593711  3.64627552  4.00784111
   2.95102811  4.20250893  4.39556217  5.48214436  0.        ]
 [ 4.13917112  4.57091808  5.30136728  4.43936539  4.83076382  4.74265528
   5.0783062   4.27383423  4.55916071  4.45497227  4.27239323  4.00187588
   3.7303884   4.05740738  3.97577834  5.28388262  0.        ]
 [ 4.30530787  3.91512847  4.55353975  4.47589827  4.9315424   4.53351927
   5.21089602  4.25160122  4.12491989  3.29327941  4.04021502  3.77942991
   3.81813312  3.49333978  4.0621233   5.12715197  0.        ]
 [ 3.06199098  3.20893168  3.94663882  3.41707754  3.86207104  3.33423662
   3.88963866  3.15892291  2.64768362  3.17615724  2.68617082  2.89111829
   1.95415771  2.67723751  3.13296103  4.46230173  0.        ]
 [ 5.38568258  4.21255589  4.96388626  4.7494359   5.81757736  5.17071581
   6.19858074  4.45475101  4.65510559  3.57630944  4.55942202  4.09687042
   3.73351693  4.32081366  4.79765511  6.01140451  0.        ]]
Expected:
 [[ 4.79874182  4.88512754  5.7430687   5.05797052  5.77186251  5.5284009
   5.46763992  4.6745739   5.38112593  3.83012748  4.18211699  4.72546482
   3.65445852  4.29788923  4.9492259   6.15466452  4.72633839]
 [ 4.01634741  4.37064457  5.16459036  3.8286531   4.72368765  4.47082853
   5.47888231  4.18363428  4.20628548  3.39942932  4.44879103  3.80153489
   3.37000012  3.49179244  3.9876554   5.39210749  4.05727863]
 [ 4.09992552  3.54945397  3.9144094   4.38100767  4.89789772  4.28913498
   4.82194281  3.68614578  3.80264068  3.64187646  3.25574088  3.66963625
   3.08577824  4.0688777   4.07620764  4.78518295  3.91543984]
 [ 4.97792292  4.58031368  5.34592724  4.50930691  5.56463385  5.01494932
   5.78428841  4.40065384  4.75947332  3.89483905  4.69908428  4.3655057
   3.956954    4.61246252  5.08896017  5.96422768  4.79653072]
 [ 3.96535587  3.726753    4.37727976  4.51388741  5.80310345  4.58503294
   4.9223485   4.41660881  4.54365015  3.22813654  3.34414124  3.83777618
   3.44744205  4.31878614  3.37236547  5.1171546   3.4001739 ]
 [ 5.18403292  4.15742826  4.74390793  4.40918398  4.789114    4.81230259
   5.68837881  4.49148512  4.11002254  3.86793923  4.5600276   3.87402868
   3.87833524  3.65878463  4.73422146  5.64014864  4.62344027]
 [ 2.86318612  3.23390317  3.61886811  2.84357595  4.0767355   3.21788311
   4.59389877  3.95772815  2.76183033  2.55664563  3.18939233  2.57144284
   2.08081412  2.92385077  2.99361014  4.68872023  3.06587315]
 [ 5.430161    3.75216985  4.82062674  4.87357807  5.89050341  5.01910353
   5.52235937  4.07937527  4.62153959  4.24585485  3.95631504  4.39850712
   4.13306761  4.18444395  4.02746296  5.60236263  4.28193569]
 [ 3.11855364  2.86588836  3.14971209  3.00258803  2.97871447  3.03182435
   3.60854673  3.0773716   2.32908201  2.6873219   2.79859829  2.63849235
   1.95230436  2.17348504  3.29099822  3.79623342  2.80421352]
 [ 4.4288826   3.94568515  4.7827363   3.70632267  4.8562417   4.49733591
   5.02723742  4.01243591  4.16855001  3.89329171  4.0492835   3.76367688
   3.32195783  3.89066768  3.82991838  5.07629919  4.20823526]
 [ 2.88937473  3.04404569  3.32291889  3.45773745  3.90229607  3.57226133
   3.687181    2.74987149  3.59571362  2.47265267  2.44051194  2.45981812
   2.58385086  2.77827859  2.34090018  3.84066987  2.59653521]
 [ 4.1070013   3.75932598  4.77836514  4.30205107  5.32414103  4.39895248
   4.85500383  3.71376467  4.2381115   3.74593687  3.64627576  4.00784063
   2.95102811  4.20250893  4.39556217  5.48214483  4.1166687 ]
 [ 4.13917112  4.57091761  5.30136728  4.43936586  4.83076382  4.74265528
   5.07830572  4.27383423  4.55916071  4.45497274  4.27239323  4.00187588
   3.7303884   4.05740738  3.9757781   5.28388262  4.18408108]
 [ 4.30530787  3.91512799  4.55353975  4.47589827  4.9315424   4.53351927
   5.21089602  4.25160122  4.12491989  3.29327893  4.04021549  3.77942967
   3.81813288  3.49333978  4.0621233   5.12715244  3.82073069]
 [ 3.06199121  3.20893168  3.94663882  3.41707754  3.86207151  3.33423686
   3.88963914  3.15892315  2.64768362  3.17615724  2.68617058  2.89111829
   1.95415771  2.67723751  3.13296103  4.46230173  2.91215897]
 [ 5.38568306  4.21255589  4.96388674  4.7494359   5.81757736  5.17071581
   6.19858122  4.45475149  4.65510511  3.5763092   4.55942202  4.0968709
   3.73351693  4.32081366  4.79765511  6.01140451  4.15593576]]

BPG:  (1, 2)  TPB:  (16, 16)

BPG:  (2, 1)  TPB:  (16, 16)

BPG:  (2, 2)  TPB:  (16, 16)

BPG:  (2, 1)  TPB:  (16, 16)
FAILED! Dimensions:  [(1, 1, 1), (16, 16, 16), (16, 16, 17), (16, 17, 16), (16, 17, 17), (17, 16, 16), (17, 16, 17), (17, 17, 16), (17, 17, 17)]
Result:
 [[ 3.85690284  2.2355361   4.10959959  3.02059484  3.03810978  2.93733978
   3.95808554  3.61081123  3.20824552  2.8652091   2.93267035  3.4520216
   3.45323467  3.13704801  4.31603813  3.6680553   0.        ]
 [ 3.17802787  2.67794299  3.36988497  2.57313895  3.32753849  2.57143021
   4.27178192  3.24022293  3.5675211   3.11191916  2.47608042  3.38752794
   3.39016032  3.68802857  3.72610736  3.85044241  0.        ]
 [ 3.48965192  3.38022661  4.5434823   3.25036454  3.63847709  2.86807013
   3.94785738  4.01442242  4.19978714  3.79812074  3.27427769  4.12949562
   4.05785847  3.67623425  4.55863667  3.87489009  0.        ]
 [ 4.69351816  4.46966219  4.752316    4.27904606  4.04733896  3.73467278
   5.38139915  4.39759445  4.76027441  5.01525784  4.1287365   5.15966606
   5.23280525  4.46762609  5.18250322  4.97969151  0.        ]
 [ 4.20440054  3.77843285  4.68880939  2.70927668  3.28524232  3.17104268
   4.22991562  3.52315593  4.33033276  3.19455004  3.01234794  3.84535718
   3.63137269  3.53827715  5.06164074  4.0815835   0.        ]
 [ 3.95970893  2.97423816  3.78973627  3.30316186  3.59122944  3.17906523
   4.56796741  3.62281632  3.40114999  3.60440254  3.08669305  4.36185598
   4.01757526  3.61400151  3.669487    4.26455498  0.        ]
 [ 4.55180168  4.08472681  5.06247091  3.07860184  3.84235334  3.35614181
   4.72392893  4.00672436  4.90065098  3.34643722  3.3398869   4.66646099
   4.28725815  3.77978539  5.03899765  4.69271946  0.        ]
 [ 3.21726322  2.92222381  4.02871037  2.40838265  3.11617947  2.36335874
   3.97440934  3.11624551  3.54419827  2.87653017  2.32661653  3.13321376
   2.68898058  3.30368948  4.97748613  3.74588609  0.        ]
 [ 3.71777868  2.40061665  3.66513371  2.62932277  2.60512066  2.99107528
   3.58883357  3.41878486  3.40042853  2.49108791  2.45162559  2.9839015
   3.43891883  2.69498897  3.92010665  2.60156012  0.        ]
 [ 2.96168852  3.21138215  3.91016579  2.6297605   3.4556241   2.37577105
   3.99816132  3.21509004  4.00288296  3.090137    3.07350302  3.72508669
   3.17422557  3.618191    3.86167026  4.05632162  0.        ]
 [ 4.63253069  3.79987574  5.09131479  3.77578521  3.74168539  3.80509186
   4.91246367  4.27831793  4.81013823  4.06017876  4.14440012  4.2624073
   4.90397787  4.33317423  4.9190073   5.31503201  0.        ]
 [ 4.92543125  4.27616882  5.7619257   4.63652897  4.10159683  4.54046726
   6.00135136  4.76153946  5.41136074  4.80063677  5.05850983  4.64463139
   4.65820408  4.52412891  5.82353115  4.76177788  0.        ]
 [ 4.51708221  3.38573837  4.39838266  3.45307302  3.72409701  3.16258359
   4.5096221   4.25330067  4.7704401   3.40280032  3.11879325  4.57863617
   4.50248146  4.0305357   4.38982105  4.39267111  0.        ]
 [ 2.54959202  2.14515162  3.04772377  2.27312541  2.52502704  1.83691025
   2.76784444  2.81126952  2.98740005  2.45532656  1.87887645  2.41663885
   2.48359299  3.02320409  3.25322795  2.78017998  0.        ]
 [ 3.1473701   2.6250844   3.97962499  2.47306895  2.70563674  2.6696043
   3.07850528  3.2574389   3.53063488  2.81503105  2.27875471  2.92491603
   3.36022878  3.1559999   3.80820179  3.91874814  0.        ]
 [ 5.09075165  4.9590373   5.89093781  3.96576047  4.23477745  4.19351149
   5.90971375  4.24134254  5.26563597  4.97204494  4.47893763  4.82733345
   4.43894768  4.17773533  6.70368481  5.53273344  0.        ]
 [ 2.90658259  2.5603354   3.59550309  2.39041257  2.66927195  2.15807009
   3.20080495  3.02539778  3.41894627  2.45664763  2.33681011  2.67389369
   3.05523086  2.82448268  3.72202134  2.88353109  0.        ]]
Expected:
 [[ 3.85690284  2.2355361   4.10960007  3.02059484  3.03810978  2.93733978
   3.95808506  3.61081123  3.20824528  2.86520934  2.93267035  3.4520216
   3.45323467  3.13704801  4.31603813  3.6680553   2.24119115]
 [ 3.17802763  2.67794299  3.36988497  2.57313871  3.32753849  2.57143044
   4.27178192  3.24022317  3.56752062  3.11191916  2.47608042  3.38752794
   3.39016032  3.68802834  3.72610688  3.85044241  3.0613203 ]
 [ 3.48965192  3.38022614  4.5434823   3.2503643   3.63847733  2.86807013
   3.94785738  4.01442289  4.19978762  3.79812074  3.27427769  4.12949562
   4.05785799  3.67623425  4.55863667  3.87489009  2.62741637]
 [ 4.69351768  4.46966267  4.752316    4.27904606  4.04733896  3.73467231
   5.38139963  4.39759445  4.76027441  5.01525784  4.12873602  5.15966606
   5.23280573  4.46762609  5.1825037   4.97969151  4.01615906]
 [ 4.20440054  3.77843285  4.68880892  2.70927668  3.28524232  3.17104268
   4.22991562  3.52315569  4.33033276  3.1945498   3.01234818  3.84535718
   3.63137269  3.53827715  5.06164169  4.0815835   2.34103656]
 [ 3.95970893  2.97423816  3.78973651  3.30316186  3.5912292   3.17906547
   4.56796741  3.62281609  3.40115047  3.60440254  3.08669329  4.36185598
   4.01757526  3.61400127  3.66948676  4.26455498  3.3487823 ]
 [ 4.5518012   4.08472681  5.06247091  3.07860208  3.84235358  3.35614181
   4.72392941  4.00672388  4.90065145  3.34643698  3.33988667  4.66646147
   4.28725815  3.77978563  5.03899813  4.69271946  3.04816484]
 [ 3.21726322  2.92222357  4.02870989  2.40838265  3.11617947  2.3633585
   3.97440958  3.11624551  3.54419851  2.87653017  2.32661629  3.133214
   2.68898058  3.30368924  4.97748613  3.74588609  2.1536355 ]
 [ 3.71777868  2.40061665  3.66513348  2.62932277  2.60512066  2.99107552
   3.58883381  3.41878462  3.4004283   2.49108744  2.45162582  2.9839015
   3.43891859  2.69498897  3.92010641  2.60156012  2.15242791]
 [ 2.96168852  3.21138191  3.91016555  2.62976074  3.45562434  2.37577105
   3.99816132  3.2150898   4.00288296  3.090137    3.07350302  3.72508669
   3.17422533  3.618191    3.86167026  4.05632162  2.78243399]
 [ 4.63253069  3.79987574  5.09131479  3.77578497  3.74168515  3.80509186
   4.91246367  4.27831793  4.81013823  4.06017876  4.14440012  4.26240683
   4.90397692  4.33317375  4.9190073   5.31503201  3.40980577]
 [ 4.92543173  4.27616882  5.76192617  4.63652897  4.10159731  4.54046726
   6.00135136  4.76153946  5.41136074  4.80063629  5.05850983  4.64463186
   4.65820408  4.52412891  5.82353067  4.76177835  3.92709541]
 [ 4.51708221  3.38573813  4.39838266  3.45307326  3.72409701  3.16258359
   4.50962162  4.25330114  4.77043962  3.40280056  3.11879277  4.57863665
   4.50248098  4.03053617  4.38982105  4.39267111  3.22545981]
 [ 2.54959202  2.14515138  3.04772377  2.27312541  2.52502704  1.83691025
   2.76784444  2.81126952  2.98740029  2.45532632  1.87887645  2.41663885
   2.48359323  3.02320409  3.25322795  2.78017998  1.57301748]
 [ 3.14737034  2.62508464  3.97962451  2.47306895  2.70563698  2.6696043
   3.07850528  3.25743914  3.53063488  2.81503129  2.27875471  2.92491627
   3.36022854  3.15599966  3.80820155  3.91874814  2.05600953]
 [ 5.09075165  4.95903778  5.89093828  3.96576071  4.23477745  4.19351101
   5.90971327  4.24134254  5.26563644  4.97204494  4.47893763  4.82733345
   4.4389472   4.17773581  6.70368481  5.53273344  3.46457171]
 [ 2.90658236  2.56033564  3.59550309  2.39041257  2.66927218  2.15807033
   3.20080543  3.02539802  3.41894627  2.45664763  2.33681011  2.67389369
   3.05523109  2.82448244  3.72202182  2.88353109  1.93350315]]

BPG:  (2, 2)  TPB:  (16, 16)

Method: CudaGlobalMemory          , dims: (16, 16, 16)        , pass(1)/fail(0): 1,	 time (s): 0.002256155014038086

Method: CudaGlobalMemory          , dims: (16, 16, 17)        , pass(1)/fail(0): 1,	 time (s): 0.002223968505859375

Method: CudaGlobalMemory          , dims: (16, 17, 16)        , pass(1)/fail(0): 0,	 time (s): 0.0019049644470214844

Method: CudaGlobalMemory          , dims: (16, 17, 17)        , pass(1)/fail(0): 1,	 time (s): 0.0019106864929199219

Method: CudaGlobalMemory          , dims: (17, 16, 16)        , pass(1)/fail(0): 1,	 time (s): 0.0020999908447265625

Method: CudaGlobalMemory          , dims: (17, 16, 17)        , pass(1)/fail(0): 1,	 time (s): 0.0019421577453613281

Method: CudaGlobalMemory          , dims: (17, 17, 16)        , pass(1)/fail(0): 0,	 time (s): 0.0019316673278808594

Method: CudaGlobalMemory          , dims: (17, 17, 17)        , pass(1)/fail(0): 1,	 time (s): 0.0019567012786865234

BPG:  (1, 1)  TPB:  (16, 16)

BPG:  (2, 2)  TPB:  (16, 16)

BPG:  (2, 2)  TPB:  (16, 16)

BPG:  (2, 2)  TPB:  (16, 16)

BPG:  (2, 2)  TPB:  (16, 16)

BPG:  (2, 2)  TPB:  (16, 16)

BPG:  (2, 2)  TPB:  (16, 16)

BPG:  (2, 2)  TPB:  (16, 16)

BPG:  (2, 2)  TPB:  (16, 16)

Method: CudaGlobalMemory          , dims: (32, 32, 32)        , pass(1)/fail(0): 1,	 time (s): 0.0019450187683105469

Method: CudaGlobalMemory          , dims: (32, 32, 31)        , pass(1)/fail(0): 1,	 time (s): 0.0019059181213378906

Method: CudaGlobalMemory          , dims: (32, 31, 32)        , pass(1)/fail(0): 1,	 time (s): 0.002184152603149414

Method: CudaGlobalMemory          , dims: (32, 31, 31)        , pass(1)/fail(0): 1,	 time (s): 0.002209186553955078

Method: CudaGlobalMemory          , dims: (31, 32, 32)        , pass(1)/fail(0): 1,	 time (s): 0.0018954277038574219

Method: CudaGlobalMemory          , dims: (31, 32, 31)        , pass(1)/fail(0): 1,	 time (s): 0.0019197463989257812

Method: CudaGlobalMemory          , dims: (31, 31, 32)        , pass(1)/fail(0): 1,	 time (s): 0.0020008087158203125

Method: CudaGlobalMemory          , dims: (31, 31, 31)        , pass(1)/fail(0): 1,	 time (s): 0.0018954277038574219

