Device name: b'Tesla K80'
Compute capability: (3, 7)
Total global memory (GB): 11.173095703125
Free global memory (GB): 11.115966796875
Used global memory (GB): 0.05712890625
Max threads per block: 1024
Max block dimensions: x=1024, y=1024, z=64
Max grid dimensions: x=2147483647, y=65535, z=65535
Max shared memory per block (KB): 48.0
Method: CudaSharedMemory          , dims: (16, 32, 32)        , pass(1)/fail(0): 0,	 time (s): 0.002097606658935547

Method: CudaSharedMemory          , dims: (32, 32, 32)        , pass(1)/fail(0): 1,	 time (s): 0.0019230842590332031

Method: CudaSharedMemory          , dims: (48, 32, 32)        , pass(1)/fail(0): 0,	 time (s): 0.0020046234130859375

Method: CudaSharedMemory          , dims: (64, 32, 32)        , pass(1)/fail(0): 0,	 time (s): 0.0019369125366210938

Method: CudaSharedMemory          , dims: (80, 32, 32)        , pass(1)/fail(0): 0,	 time (s): 0.0019540786743164062

Method: CudaSharedMemory          , dims: (96, 32, 32)        , pass(1)/fail(0): 0,	 time (s): 0.0021576881408691406

Method: CudaSharedMemory          , dims: (112, 32, 32)       , pass(1)/fail(0): 0,	 time (s): 0.002031087875366211

Method: CudaSharedMemory          , dims: (128, 32, 32)       , pass(1)/fail(0): 0,	 time (s): 0.0019254684448242188

Method: CudaSharedMemory          , dims: (144, 32, 32)       , pass(1)/fail(0): 0,	 time (s): 0.0019621849060058594

Method: CudaSharedMemory          , dims: (160, 32, 32)       , pass(1)/fail(0): 0,	 time (s): 0.002311229705810547

Method: CudaSharedMemory          , dims: (176, 32, 32)       , pass(1)/fail(0): 0,	 time (s): 0.0022199153900146484

Method: CudaSharedMemory          , dims: (192, 32, 32)       , pass(1)/fail(0): 0,	 time (s): 0.0019974708557128906

Method: CudaSharedMemory          , dims: (208, 32, 32)       , pass(1)/fail(0): 0,	 time (s): 0.001989603042602539

Method: CudaSharedMemory          , dims: (224, 32, 32)       , pass(1)/fail(0): 0,	 time (s): 0.0020389556884765625

Method: CudaSharedMemory          , dims: (240, 32, 32)       , pass(1)/fail(0): 0,	 time (s): 0.0020198822021484375

Method: CudaSharedMemory          , dims: (256, 32, 32)       , pass(1)/fail(0): 0,	 time (s): 0.001992940902709961

Method: CudaSharedMemory          , dims: (32, 16, 32)        , pass(1)/fail(0): 0,	 time (s): 0.002060413360595703

Method: CudaSharedMemory          , dims: (32, 32, 32)        , pass(1)/fail(0): 1,	 time (s): 0.001932382583618164

Method: CudaSharedMemory          , dims: (32, 48, 32)        , pass(1)/fail(0): 0,	 time (s): 0.0019998550415039062

Method: CudaSharedMemory          , dims: (32, 64, 32)        , pass(1)/fail(0): 0,	 time (s): 0.0022020339965820312

Method: CudaSharedMemory          , dims: (32, 80, 32)        , pass(1)/fail(0): 0,	 time (s): 0.0021948814392089844

Method: CudaSharedMemory          , dims: (32, 96, 32)        , pass(1)/fail(0): 0,	 time (s): 0.0019376277923583984

Method: CudaSharedMemory          , dims: (32, 112, 32)       , pass(1)/fail(0): 0,	 time (s): 0.0020551681518554688

Method: CudaSharedMemory          , dims: (32, 128, 32)       , pass(1)/fail(0): 0,	 time (s): 0.002004861831665039

Method: CudaSharedMemory          , dims: (32, 144, 32)       , pass(1)/fail(0): 0,	 time (s): 0.0019354820251464844

Method: CudaSharedMemory          , dims: (32, 160, 32)       , pass(1)/fail(0): 0,	 time (s): 0.0019330978393554688

Method: CudaSharedMemory          , dims: (32, 176, 32)       , pass(1)/fail(0): 0,	 time (s): 0.0019364356994628906

Method: CudaSharedMemory          , dims: (32, 192, 32)       , pass(1)/fail(0): 0,	 time (s): 0.002009868621826172

Method: CudaSharedMemory          , dims: (32, 208, 32)       , pass(1)/fail(0): 0,	 time (s): 0.001993894577026367

Method: CudaSharedMemory          , dims: (32, 224, 32)       , pass(1)/fail(0): 0,	 time (s): 0.0019404888153076172

Method: CudaSharedMemory          , dims: (32, 240, 32)       , pass(1)/fail(0): 0,	 time (s): 0.0022478103637695312

Method: CudaSharedMemory          , dims: (32, 256, 32)       , pass(1)/fail(0): 0,	 time (s): 0.0022063255310058594

Method: CudaSharedMemory          , dims: (32, 32, 16)        , pass(1)/fail(0): 1,	 time (s): 0.0019414424896240234

Method: CudaSharedMemory          , dims: (32, 32, 32)        , pass(1)/fail(0): 1,	 time (s): 0.0020089149475097656

Method: CudaSharedMemory          , dims: (32, 32, 48)        , pass(1)/fail(0): 0,	 time (s): 0.001922607421875

Method: CudaSharedMemory          , dims: (32, 32, 64)        , pass(1)/fail(0): 0,	 time (s): 0.0019464492797851562

Method: CudaSharedMemory          , dims: (32, 32, 80)        , pass(1)/fail(0): 0,	 time (s): 0.001912832260131836

Method: CudaSharedMemory          , dims: (32, 32, 96)        , pass(1)/fail(0): 0,	 time (s): 0.0019953250885009766

Method: CudaSharedMemory          , dims: (32, 32, 112)       , pass(1)/fail(0): 0,	 time (s): 0.001981973648071289

Method: CudaSharedMemory          , dims: (32, 32, 128)       , pass(1)/fail(0): 0,	 time (s): 0.0019190311431884766

Method: CudaSharedMemory          , dims: (32, 32, 144)       , pass(1)/fail(0): 0,	 time (s): 0.002198457717895508

Method: CudaSharedMemory          , dims: (32, 32, 160)       , pass(1)/fail(0): 0,	 time (s): 0.0021791458129882812

Method: CudaSharedMemory          , dims: (32, 32, 176)       , pass(1)/fail(0): 0,	 time (s): 0.0019767284393310547

Method: CudaSharedMemory          , dims: (32, 32, 192)       , pass(1)/fail(0): 0,	 time (s): 0.0019328594207763672

Method: CudaSharedMemory          , dims: (32, 32, 208)       , pass(1)/fail(0): 0,	 time (s): 0.002006053924560547

Method: CudaSharedMemory          , dims: (32, 32, 224)       , pass(1)/fail(0): 0,	 time (s): 0.0019421577453613281

Method: CudaSharedMemory          , dims: (32, 32, 240)       , pass(1)/fail(0): 0,	 time (s): 0.0019423961639404297

Method: CudaSharedMemory          , dims: (32, 32, 256)       , pass(1)/fail(0): 0,	 time (s): 0.0019266605377197266

