Device name: b'Tesla K80'
Compute capability: (3, 7)
Total global memory (GB): 11.173095703125
Free global memory (GB): 11.115966796875
Used global memory (GB): 0.05712890625
Max threads per block: 1024
Max block dimensions: x=1024, y=1024, z=64
Max grid dimensions: x=2147483647, y=65535, z=65535
Max shared memory per block (KB): 48.0
BPG:  (1, 1)  TPB:  (16, 16)
BPG:  (1, 1)  TPB:  (16, 16)
BPG:  (2, 1)  TPB:  (16, 16)
BPG:  (2, 1)  TPB:  (16, 16)
BPG:  (1, 2)  TPB:  (16, 16)
BPG:  (1, 2)  TPB:  (16, 16)
FAILED! Dimensions:  (17, 16, 17)  Method:  CudaSharedMemory
Result:
 [[ 80.  80.  80.  80.  80.  80.  80.  80.  80.  80.  80.  80.  80.  80.
   80.  80.]
 [ 80.  80.  80.  80.  80.  80.  80.  80.  80.  80.  80.  80.  80.  80.
   80.  80.]
 [ 80.  80.  80.  80.  80.  80.  80.  80.  80.  80.  80.  80.  80.  80.
   80.  80.]
 [ 80.  80.  80.  80.  80.  80.  80.  80.  80.  80.  80.  80.  80.  80.
   80.  80.]
 [ 80.  80.  80.  80.  80.  80.  80.  80.  80.  80.  80.  80.  80.  80.
   80.  80.]
 [ 80.  80.  80.  80.  80.  80.  80.  80.  80.  80.  80.  80.  80.  80.
   80.  80.]
 [ 80.  80.  80.  80.  80.  80.  80.  80.  80.  80.  80.  80.  80.  80.
   80.  80.]
 [ 80.  80.  80.  80.  80.  80.  80.  80.  80.  80.  80.  80.  80.  80.
   80.  80.]
 [ 80.  80.  80.  80.  80.  80.  80.  80.  80.  80.  80.  80.  80.  80.
   80.  80.]
 [ 80.  80.  80.  80.  80.  80.  80.  80.  80.  80.  80.  80.  80.  80.
   80.  80.]
 [ 80.  80.  80.  80.  80.  80.  80.  80.  80.  80.  80.  80.  80.  80.
   80.  80.]
 [ 80.  80.  80.  80.  80.  80.  80.  80.  80.  80.  80.  80.  80.  80.
   80.  80.]
 [ 80.  80.  80.  80.  80.  80.  80.  80.  80.  80.  80.  80.  80.  80.
   80.  80.]
 [ 80.  80.  80.  80.  80.  80.  80.  80.  80.  80.  80.  80.  80.  80.
   80.  80.]
 [ 80.  80.  80.  80.  80.  80.  80.  80.  80.  80.  80.  80.  80.  80.
   80.  80.]
 [ 80.  80.  80.  80.  80.  80.  80.  80.  80.  80.  80.  80.  80.  80.
   80.  80.]
 [ 80.  80.  80.  80.  80.  80.  80.  80.  80.  80.  80.  80.  80.  80.
   80.  80.]]
Expected:
 [[ 85.  85.  85.  85.  85.  85.  85.  85.  85.  85.  85.  85.  85.  85.
   85.  85.]
 [ 85.  85.  85.  85.  85.  85.  85.  85.  85.  85.  85.  85.  85.  85.
   85.  85.]
 [ 85.  85.  85.  85.  85.  85.  85.  85.  85.  85.  85.  85.  85.  85.
   85.  85.]
 [ 85.  85.  85.  85.  85.  85.  85.  85.  85.  85.  85.  85.  85.  85.
   85.  85.]
 [ 85.  85.  85.  85.  85.  85.  85.  85.  85.  85.  85.  85.  85.  85.
   85.  85.]
 [ 85.  85.  85.  85.  85.  85.  85.  85.  85.  85.  85.  85.  85.  85.
   85.  85.]
 [ 85.  85.  85.  85.  85.  85.  85.  85.  85.  85.  85.  85.  85.  85.
   85.  85.]
 [ 85.  85.  85.  85.  85.  85.  85.  85.  85.  85.  85.  85.  85.  85.
   85.  85.]
 [ 85.  85.  85.  85.  85.  85.  85.  85.  85.  85.  85.  85.  85.  85.
   85.  85.]
 [ 85.  85.  85.  85.  85.  85.  85.  85.  85.  85.  85.  85.  85.  85.
   85.  85.]
 [ 85.  85.  85.  85.  85.  85.  85.  85.  85.  85.  85.  85.  85.  85.
   85.  85.]
 [ 85.  85.  85.  85.  85.  85.  85.  85.  85.  85.  85.  85.  85.  85.
   85.  85.]
 [ 85.  85.  85.  85.  85.  85.  85.  85.  85.  85.  85.  85.  85.  85.
   85.  85.]
 [ 85.  85.  85.  85.  85.  85.  85.  85.  85.  85.  85.  85.  85.  85.
   85.  85.]
 [ 85.  85.  85.  85.  85.  85.  85.  85.  85.  85.  85.  85.  85.  85.
   85.  85.]
 [ 85.  85.  85.  85.  85.  85.  85.  85.  85.  85.  85.  85.  85.  85.
   85.  85.]
 [ 85.  85.  85.  85.  85.  85.  85.  85.  85.  85.  85.  85.  85.  85.
   85.  85.]]
Difference:
 [[-5. -5. -5. -5. -5. -5. -5. -5. -5. -5. -5. -5. -5. -5. -5. -5.]
 [-5. -5. -5. -5. -5. -5. -5. -5. -5. -5. -5. -5. -5. -5. -5. -5.]
 [-5. -5. -5. -5. -5. -5. -5. -5. -5. -5. -5. -5. -5. -5. -5. -5.]
 [-5. -5. -5. -5. -5. -5. -5. -5. -5. -5. -5. -5. -5. -5. -5. -5.]
 [-5. -5. -5. -5. -5. -5. -5. -5. -5. -5. -5. -5. -5. -5. -5. -5.]
 [-5. -5. -5. -5. -5. -5. -5. -5. -5. -5. -5. -5. -5. -5. -5. -5.]
 [-5. -5. -5. -5. -5. -5. -5. -5. -5. -5. -5. -5. -5. -5. -5. -5.]
 [-5. -5. -5. -5. -5. -5. -5. -5. -5. -5. -5. -5. -5. -5. -5. -5.]
 [-5. -5. -5. -5. -5. -5. -5. -5. -5. -5. -5. -5. -5. -5. -5. -5.]
 [-5. -5. -5. -5. -5. -5. -5. -5. -5. -5. -5. -5. -5. -5. -5. -5.]
 [-5. -5. -5. -5. -5. -5. -5. -5. -5. -5. -5. -5. -5. -5. -5. -5.]
 [-5. -5. -5. -5. -5. -5. -5. -5. -5. -5. -5. -5. -5. -5. -5. -5.]
 [-5. -5. -5. -5. -5. -5. -5. -5. -5. -5. -5. -5. -5. -5. -5. -5.]
 [-5. -5. -5. -5. -5. -5. -5. -5. -5. -5. -5. -5. -5. -5. -5. -5.]
 [-5. -5. -5. -5. -5. -5. -5. -5. -5. -5. -5. -5. -5. -5. -5. -5.]
 [-5. -5. -5. -5. -5. -5. -5. -5. -5. -5. -5. -5. -5. -5. -5. -5.]
 [-5. -5. -5. -5. -5. -5. -5. -5. -5. -5. -5. -5. -5. -5. -5. -5.]]

BPG:  (2, 2)  TPB:  (16, 16)
BPG:  (2, 2)  TPB:  (16, 16)
BPG:  (1, 2)  TPB:  (16, 16)
BPG:  (1, 2)  TPB:  (16, 16)
BPG:  (2, 1)  TPB:  (16, 16)
BPG:  (2, 1)  TPB:  (16, 16)
BPG:  (1, 1)  TPB:  (16, 16)
BPG:  (1, 1)  TPB:  (16, 16)
FAILED! Dimensions:  (16, 16, 17)  Method:  CudaSharedMemory
Result:
 [[ 80.  80.  80.  80.  80.  80.  80.  80.  80.  80.  80.  80.  80.  80.
   80.  80.]
 [ 80.  80.  80.  80.  80.  80.  80.  80.  80.  80.  80.  80.  80.  80.
   80.  80.]
 [ 80.  80.  80.  80.  80.  80.  80.  80.  80.  80.  80.  80.  80.  80.
   80.  80.]
 [ 80.  80.  80.  80.  80.  80.  80.  80.  80.  80.  80.  80.  80.  80.
   80.  80.]
 [ 80.  80.  80.  80.  80.  80.  80.  80.  80.  80.  80.  80.  80.  80.
   80.  80.]
 [ 80.  80.  80.  80.  80.  80.  80.  80.  80.  80.  80.  80.  80.  80.
   80.  80.]
 [ 80.  80.  80.  80.  80.  80.  80.  80.  80.  80.  80.  80.  80.  80.
   80.  80.]
 [ 80.  80.  80.  80.  80.  80.  80.  80.  80.  80.  80.  80.  80.  80.
   80.  80.]
 [ 80.  80.  80.  80.  80.  80.  80.  80.  80.  80.  80.  80.  80.  80.
   80.  80.]
 [ 80.  80.  80.  80.  80.  80.  80.  80.  80.  80.  80.  80.  80.  80.
   80.  80.]
 [ 80.  80.  80.  80.  80.  80.  80.  80.  80.  80.  80.  80.  80.  80.
   80.  80.]
 [ 80.  80.  80.  80.  80.  80.  80.  80.  80.  80.  80.  80.  80.  80.
   80.  80.]
 [ 80.  80.  80.  80.  80.  80.  80.  80.  80.  80.  80.  80.  80.  80.
   80.  80.]
 [ 80.  80.  80.  80.  80.  80.  80.  80.  80.  80.  80.  80.  80.  80.
   80.  80.]
 [ 80.  80.  80.  80.  80.  80.  80.  80.  80.  80.  80.  80.  80.  80.
   80.  80.]
 [ 80.  80.  80.  80.  80.  80.  80.  80.  80.  80.  80.  80.  80.  80.
   80.  80.]]
Expected:
 [[ 85.  85.  85.  85.  85.  85.  85.  85.  85.  85.  85.  85.  85.  85.
   85.  85.]
 [ 85.  85.  85.  85.  85.  85.  85.  85.  85.  85.  85.  85.  85.  85.
   85.  85.]
 [ 85.  85.  85.  85.  85.  85.  85.  85.  85.  85.  85.  85.  85.  85.
   85.  85.]
 [ 85.  85.  85.  85.  85.  85.  85.  85.  85.  85.  85.  85.  85.  85.
   85.  85.]
 [ 85.  85.  85.  85.  85.  85.  85.  85.  85.  85.  85.  85.  85.  85.
   85.  85.]
 [ 85.  85.  85.  85.  85.  85.  85.  85.  85.  85.  85.  85.  85.  85.
   85.  85.]
 [ 85.  85.  85.  85.  85.  85.  85.  85.  85.  85.  85.  85.  85.  85.
   85.  85.]
 [ 85.  85.  85.  85.  85.  85.  85.  85.  85.  85.  85.  85.  85.  85.
   85.  85.]
 [ 85.  85.  85.  85.  85.  85.  85.  85.  85.  85.  85.  85.  85.  85.
   85.  85.]
 [ 85.  85.  85.  85.  85.  85.  85.  85.  85.  85.  85.  85.  85.  85.
   85.  85.]
 [ 85.  85.  85.  85.  85.  85.  85.  85.  85.  85.  85.  85.  85.  85.
   85.  85.]
 [ 85.  85.  85.  85.  85.  85.  85.  85.  85.  85.  85.  85.  85.  85.
   85.  85.]
 [ 85.  85.  85.  85.  85.  85.  85.  85.  85.  85.  85.  85.  85.  85.
   85.  85.]
 [ 85.  85.  85.  85.  85.  85.  85.  85.  85.  85.  85.  85.  85.  85.
   85.  85.]
 [ 85.  85.  85.  85.  85.  85.  85.  85.  85.  85.  85.  85.  85.  85.
   85.  85.]
 [ 85.  85.  85.  85.  85.  85.  85.  85.  85.  85.  85.  85.  85.  85.
   85.  85.]]
Difference:
 [[-5. -5. -5. -5. -5. -5. -5. -5. -5. -5. -5. -5. -5. -5. -5. -5.]
 [-5. -5. -5. -5. -5. -5. -5. -5. -5. -5. -5. -5. -5. -5. -5. -5.]
 [-5. -5. -5. -5. -5. -5. -5. -5. -5. -5. -5. -5. -5. -5. -5. -5.]
 [-5. -5. -5. -5. -5. -5. -5. -5. -5. -5. -5. -5. -5. -5. -5. -5.]
 [-5. -5. -5. -5. -5. -5. -5. -5. -5. -5. -5. -5. -5. -5. -5. -5.]
 [-5. -5. -5. -5. -5. -5. -5. -5. -5. -5. -5. -5. -5. -5. -5. -5.]
 [-5. -5. -5. -5. -5. -5. -5. -5. -5. -5. -5. -5. -5. -5. -5. -5.]
 [-5. -5. -5. -5. -5. -5. -5. -5. -5. -5. -5. -5. -5. -5. -5. -5.]
 [-5. -5. -5. -5. -5. -5. -5. -5. -5. -5. -5. -5. -5. -5. -5. -5.]
 [-5. -5. -5. -5. -5. -5. -5. -5. -5. -5. -5. -5. -5. -5. -5. -5.]
 [-5. -5. -5. -5. -5. -5. -5. -5. -5. -5. -5. -5. -5. -5. -5. -5.]
 [-5. -5. -5. -5. -5. -5. -5. -5. -5. -5. -5. -5. -5. -5. -5. -5.]
 [-5. -5. -5. -5. -5. -5. -5. -5. -5. -5. -5. -5. -5. -5. -5. -5.]
 [-5. -5. -5. -5. -5. -5. -5. -5. -5. -5. -5. -5. -5. -5. -5. -5.]
 [-5. -5. -5. -5. -5. -5. -5. -5. -5. -5. -5. -5. -5. -5. -5. -5.]
 [-5. -5. -5. -5. -5. -5. -5. -5. -5. -5. -5. -5. -5. -5. -5. -5.]]

Method: Basic                     , dims: (16, 17, 17)        , pass(1)/fail(0): 1,	 time (s): 0.003902435302734375
Method: CudaGlobalMemory          , dims: (16, 17, 17)        , pass(1)/fail(0): 1,	 time (s): 0.0020194053649902344
Method: CudaSharedMemory          , dims: (16, 17, 17)        , pass(1)/fail(0): 1,	 time (s): 0.001972198486328125

Method: Basic                     , dims: (17, 16, 17)        , pass(1)/fail(0): 1,	 time (s): 0.003221750259399414
Method: CudaGlobalMemory          , dims: (17, 16, 17)        , pass(1)/fail(0): 1,	 time (s): 0.0018601417541503906
Method: CudaSharedMemory          , dims: (17, 16, 17)        , pass(1)/fail(0): 0,	 time (s): 0.0018546581268310547

Method: Basic                     , dims: (17, 17, 16)        , pass(1)/fail(0): 1,	 time (s): 0.003273487091064453
Method: CudaGlobalMemory          , dims: (17, 17, 16)        , pass(1)/fail(0): 1,	 time (s): 0.0018694400787353516
Method: CudaSharedMemory          , dims: (17, 17, 16)        , pass(1)/fail(0): 1,	 time (s): 0.0019183158874511719

Method: Basic                     , dims: (17, 16, 16)        , pass(1)/fail(0): 1,	 time (s): 0.0031044483184814453
Method: CudaGlobalMemory          , dims: (17, 16, 16)        , pass(1)/fail(0): 1,	 time (s): 0.0018463134765625
Method: CudaSharedMemory          , dims: (17, 16, 16)        , pass(1)/fail(0): 1,	 time (s): 0.0018417835235595703

Method: Basic                     , dims: (16, 17, 16)        , pass(1)/fail(0): 1,	 time (s): 0.003086566925048828
Method: CudaGlobalMemory          , dims: (16, 17, 16)        , pass(1)/fail(0): 1,	 time (s): 0.0022008419036865234
Method: CudaSharedMemory          , dims: (16, 17, 16)        , pass(1)/fail(0): 1,	 time (s): 0.002121448516845703

Method: Basic                     , dims: (16, 16, 17)        , pass(1)/fail(0): 1,	 time (s): 0.003053426742553711
Method: CudaGlobalMemory          , dims: (16, 16, 17)        , pass(1)/fail(0): 1,	 time (s): 0.00201416015625
Method: CudaSharedMemory          , dims: (16, 16, 17)        , pass(1)/fail(0): 0,	 time (s): 0.0018534660339355469

