Device name: b'Tesla K80'
Compute capability: (3, 7)
Total global memory (GB): 11.173095703125
Free global memory (GB): 11.115966796875
Used global memory (GB): 0.05712890625
Max threads per block: 1024
Max block dimensions: x=1024, y=1024, z=64
Max grid dimensions: x=2147483647, y=65535, z=65535
Max shared memory per block (KB): 48.0
Method: CudaSharedMemory          , dims: (2, 2, 2)           , pass(1)/fail(0): 1,	 time (s): 0.002122640609741211

Method: CudaSharedMemory          , dims: (2, 2, 3)           , pass(1)/fail(0): 1,	 time (s): 0.0019202232360839844

Method: CudaSharedMemory          , dims: (2, 3, 2)           , pass(1)/fail(0): 1,	 time (s): 0.001974344253540039

Method: CudaSharedMemory          , dims: (2, 3, 3)           , pass(1)/fail(0): 1,	 time (s): 0.0018770694732666016

Method: CudaSharedMemory          , dims: (3, 2, 2)           , pass(1)/fail(0): 1,	 time (s): 0.0018680095672607422

Method: CudaSharedMemory          , dims: (3, 2, 3)           , pass(1)/fail(0): 1,	 time (s): 0.002096891403198242

Method: CudaSharedMemory          , dims: (3, 3, 2)           , pass(1)/fail(0): 1,	 time (s): 0.0019762516021728516

Method: CudaSharedMemory          , dims: (3, 3, 3)           , pass(1)/fail(0): 1,	 time (s): 0.0018990039825439453

Method: CudaSharedMemory          , dims: (5, 5, 5)           , pass(1)/fail(0): 1,	 time (s): 0.002192974090576172

Method: CudaSharedMemory          , dims: (5, 5, 7)           , pass(1)/fail(0): 1,	 time (s): 0.002147674560546875

Method: CudaSharedMemory          , dims: (5, 7, 5)           , pass(1)/fail(0): 1,	 time (s): 0.0018954277038574219

Method: CudaSharedMemory          , dims: (5, 7, 7)           , pass(1)/fail(0): 1,	 time (s): 0.001949310302734375

Method: CudaSharedMemory          , dims: (7, 5, 5)           , pass(1)/fail(0): 1,	 time (s): 0.0019414424896240234

Method: CudaSharedMemory          , dims: (7, 5, 7)           , pass(1)/fail(0): 1,	 time (s): 0.0018973350524902344

Method: CudaSharedMemory          , dims: (7, 7, 5)           , pass(1)/fail(0): 1,	 time (s): 0.0019030570983886719

Method: CudaSharedMemory          , dims: (7, 7, 7)           , pass(1)/fail(0): 1,	 time (s): 0.0018565654754638672

FAILED! Dimensions:  (16, 16, 17)  Method:  CudaSharedMemory
Result:
 [[ 3.99991965  3.15399003  3.5735321   3.45708871  3.06001759  3.72472811
   3.11676812  2.67359209  2.94909954  3.37770462  3.41487479  4.3730278
   3.34887218  3.51556206  4.03535509  3.29498959]
 [ 5.17205143  3.99721909  4.93463993  4.27122545  4.16711235  4.62326908
   4.92570448  3.71329093  4.58649874  4.09291792  3.94027472  5.92672873
   4.09107208  3.97682142  5.48160076  3.99158597]
 [ 4.66852665  4.39541149  4.98539782  3.65411615  3.67187047  4.26557779
   4.42249203  3.10192823  4.49335718  3.95065665  3.69345808  5.76501703
   3.13892245  3.74559855  4.74007559  3.68297005]
 [ 4.64137602  4.37454939  3.91527677  3.51094413  3.5822444   3.31024146
   4.75519085  3.84677076  3.94220281  3.16277051  4.08272266  4.74011183
   2.91456008  3.89441204  3.99175549  3.49524832]
 [ 5.06698084  4.28718567  4.63161564  4.41518688  3.52984953  3.82409883
   4.30807066  2.97633171  4.21536589  4.12731934  3.51631904  4.59702539
   2.91025996  3.87514091  4.14965153  3.39168668]
 [ 4.99129105  4.87674809  4.56940508  4.18819284  4.25956583  4.35798693
   4.67766619  3.56377912  4.17389822  4.11837339  4.30160093  5.87491703
   3.42453122  4.60886955  5.02111578  4.26271582]
 [ 3.36250854  3.37818789  4.52469254  2.70304561  2.68282795  3.10235453
   3.6149466   3.10913157  3.67181659  3.12435937  2.97956634  4.70608187
   2.85731769  2.84195137  3.94163775  3.14727402]
 [ 4.4545455   3.70253396  3.91624904  3.71303797  2.78367543  3.83601403
   3.4830544   3.08129025  3.55651355  3.72546244  2.8986752   4.72388172
   3.38539338  3.2349968   4.46093035  3.50954533]
 [ 3.3413403   3.33447719  3.2236402   2.6713357   2.64151883  2.56978703
   3.69941807  2.96904111  2.97239804  2.60337567  3.02931428  3.98325396
   2.35425568  3.16046047  3.27077889  2.71764922]
 [ 6.58969641  5.45371246  6.25501871  4.94083738  4.54595661  5.28868198
   5.39011383  3.88660669  5.37333012  4.98391485  4.518188    6.66159344
   4.19626617  4.64263153  5.82785177  4.72251749]
 [ 4.65448904  3.89198494  4.07776737  3.7002387   3.46466494  3.70885324
   4.40488148  3.56687689  3.99081016  3.53525805  3.31723285  5.12823009
   3.90202403  3.76092577  4.74378586  3.66635752]
 [ 5.05220366  4.57735729  4.54834127  4.23383236  3.99538469  4.62951756
   4.0938549   3.45561457  3.98910522  3.60980058  3.8295691   5.25473976
   3.63950968  3.72027564  4.73619127  3.54973435]
 [ 4.18248701  3.55817914  4.02158642  3.04056215  3.14525628  3.36483383
   3.71938944  2.44558263  3.51386595  3.17115211  3.34724402  4.26299667
   2.41840076  3.00079393  3.7207768   3.00294089]
 [ 2.84473348  2.36000872  3.62079358  2.29768753  2.61811399  2.45689917
   3.53260899  2.49554491  3.1237638   2.35031724  2.70666337  3.8688128
   2.16406035  2.88486314  2.89864397  2.44034576]
 [ 4.47635221  3.34184551  4.16440964  3.7493701   3.50273108  4.0815587
   3.6113162   3.02759862  3.14592409  3.47146654  3.8241992   4.99742365
   3.72181916  4.03335476  4.40101385  3.61760902]
 [ 5.44391441  4.5976882   4.31528378  4.47749424  4.46001005  3.86789227
   5.39395761  3.82968378  4.7901001   3.69240952  4.42908907  5.2333107
   3.23332167  3.92776394  4.87807846  3.95577598]]
Expected:
 [[ 4.15886259  3.5258038   4.00449324  3.97631812  3.62089181  4.0121026
   3.38266277  3.1314683   2.96735096  3.42799211  3.70202565  4.97690201
   3.92972827  4.01013613  4.03829193  3.30540943]
 [ 5.33724022  4.38364363  5.38253593  4.81085825  4.7500267   4.92193604
   5.20204782  4.18915987  4.60546732  4.14518166  4.23870945  6.55433273
   4.69475317  4.49083042  5.484653    4.00241518]
 [ 4.82897854  4.77075529  5.42045021  4.17827511  4.23806953  4.55568075
   4.69091082  3.56415153  4.51178217  4.00142145  3.98333502  6.37462425
   3.72529292  4.24486828  4.74304008  3.69348884]
 [ 4.85800982  4.88131952  4.50266266  4.21863651  4.34669733  3.70192337
   5.11759663  4.47084093  3.96707892  3.23131084  4.47410011  5.56317282
   3.70624781  4.56850052  3.99575806  3.5094502 ]
 [ 5.23469257  4.6795125   5.08635283  4.96306181  4.12166691  4.12732744
   4.58863449  3.45946884  4.23462439  4.1803813   3.81931186  5.23421526
   3.52316141  4.39700031  4.15275049  3.40268135]
 [ 5.20010138  5.36521578  5.1355772   4.870327    4.99641037  4.73552322
   5.02698326  4.16531086  4.19787598  4.18443823  4.6788435   6.66825294
   4.18762684  5.25861311  5.02497387  4.27640486]
 [ 3.53349209  3.7781682   4.9883008   3.26160884  3.28619099  3.41149879
   3.90098381  3.60169411  3.69145083  3.17845631  3.28847027  5.3557024
   3.48217607  3.37399173  3.94479704  3.15848327]
 [ 4.65976763  4.18260813  4.47269249  4.38345051  3.50785851  4.20706272
   3.82636905  3.67248559  3.58007932  3.79039216  3.26943541  5.50358534
   4.13537645  3.87357545  4.46472216  3.52299929]
 [ 3.49792051  3.70076418  3.64819527  3.18284678  3.1940558   2.85288978
   3.96136022  3.42011118  2.99037814  2.65291572  3.31219673  4.5781517
   2.92647743  3.64768291  3.27367187  2.72791433]
 [ 6.73101139  5.78428888  6.63818264  5.40247965  5.04462528  5.54418421
   5.62651825  4.2937007   5.38955736  5.02862501  4.77349138  7.198493
   4.71270037  5.08235312  5.83046293  4.73178196]
 [ 4.72305727  4.05238628  4.26368475  3.92423534  3.70662737  3.83282733
   4.51958895  3.76440573  3.99868393  3.55695224  3.44111037  5.38874292
   4.15260649  3.97428608  4.74505281  3.67085266]
 [ 5.18208838  4.88119602  4.90051365  4.65813589  4.45371914  4.86435413
   4.31113863  3.82978153  4.00402021  3.6508944   4.06422281  5.74821329
   4.11417294  4.12443113  4.73859119  3.55824924]
 [ 4.20223999  3.60438704  4.07514524  3.10509038  3.2149601   3.40054798
   3.75243402  2.50248623  3.51613426  3.17740178  3.38293028  4.33804464
   2.49058795  3.06225824  3.72114182  3.00423574]
 [ 3.06966901  2.88619852  4.2306881   3.03249931  3.41186142  2.86359048
   3.90890217  3.14352989  3.14959335  2.42148399  3.1130383   4.72341394
   2.98608589  3.58478284  2.90280008  2.45509195]
 [ 4.49474287  3.38486695  4.21427488  3.80944848  3.56762815  4.11480999
   3.64208198  3.08057809  3.148036    3.47728515  3.8574245   5.06729603
   3.78902817  4.09058046  4.40135384  3.61881471]
 [ 5.64007282  5.05655956  4.84715128  5.1182971   5.15220881  4.22255325
   5.72210932  4.39476824  4.81262493  3.75447154  4.78347397  5.97857761
   3.95018077  4.53813887  4.8817029   3.96863556]]

FAILED! Dimensions:  (16, 17, 16)  Method:  CudaSharedMemory
Result:
 [[  7.82930851   9.00729465   6.16656876   7.49394083   8.33790779
    7.95868111   8.05784893   8.44134903   6.1450572    8.97405148
    8.21597576   8.41497612   8.88899708   6.06916571   8.1259985
    8.19585323   0.        ]
 [  8.79982853   7.49864912   6.7193799    8.20716381   8.17717361
    8.74894142   9.02184486   8.76569748   6.42150211   7.76712942
    8.20663357   8.6642561    7.83763409   5.94169474   7.45625925
    9.50022697   0.        ]
 [ 10.52531433  10.42418385   8.0916214    9.51796055   9.82103062
   10.10579777  10.19094563   9.9952755    9.19521904  10.47243309
   11.15066814  11.25410557  10.65027142   9.37969589   9.17038822
   10.07287884   0.        ]
 [  8.26818848   9.80369186   7.85970163   7.6331625    8.62015057
    8.63614178   8.57231331   6.68636608   8.19147968  10.79907036
    9.17535782  11.22293854   9.40471554   8.04151058   8.44803429
    8.36756229   0.        ]
 [  8.05553532   8.84182644   6.6847496    7.44900703   8.35780525
    8.41106319   8.23570919   8.11342049   7.14107513   9.84305573
    8.54512978   8.4484024    8.14939499   5.61617613   6.84581566
    7.67547417   0.        ]
 [  8.86256599  11.02597523   8.29652023   8.27683544   9.35096931
    8.62845421   8.72145748   7.76891899   8.63757801  11.49672413
   10.68859196  11.50560856  10.24799061   8.28451061   9.57717133
    9.4452877    0.        ]
 [  9.215415    10.13868904   8.24180984   8.35663414   9.70807171
    8.96219826  10.23155022   8.12516117   8.06304169  11.16972923
    9.75987911  11.04488468   9.36335659   8.5069561   10.24953747
    9.12097168   0.        ]
 [  4.61826181   5.28284645   3.9933002    5.56374264   5.5816431
    6.46767759   6.54616117   5.17478848   4.46356869   6.55246449
    6.76660967   5.75985098   6.06212521   4.51878405   5.12025547
    5.83727598   0.        ]
 [  9.50331306  10.2927742    8.06498432   8.48621082  10.12706089
    7.65139055   8.04714966   8.02205181   8.1279583   10.17669868
    9.42962837  10.69409657   9.31219387   8.30251884   9.36131573
    9.17501831   0.        ]
 [  8.30084038   9.52405739   7.42980194   7.2652545    7.69268847
    8.85238457   7.8766098    7.87198496   7.65960121   9.97924232
    8.51067352   9.84754372   8.63822746   7.01519966   7.23813534
    6.94382048   0.        ]
 [  8.77730751  11.14480877   7.95033169   8.68430424   9.55482674
   10.46506977   8.98838043   8.85703278   8.57888889  10.79917431
   11.42785072  11.34965611  10.23070908   7.89978838   8.47981739
    9.84943199   0.        ]
 [ 10.17195606  12.32547474   8.35535049   9.90553188  11.03953075
   11.33546638   9.50807762   9.98491096   9.25071812  12.35073185
   11.87227821  11.02007389  10.09110355   7.98074341  10.32736111
    9.97180653   0.        ]
 [  9.93785095   9.83699799   8.22815609   9.53519344   8.82323933
    9.07247353   9.05825138   9.04633141   9.97760868  10.90724754
    9.53380585  10.72827435   9.71845245   8.31367588   8.14881229
    8.03610516   0.        ]
 [  7.49851656   7.96846962   7.23162842   6.54355145   6.3897624
    7.25545931   6.61844254   6.7432785    7.52172136   8.2121954
    7.37900019   9.44121361   7.57256222   6.71779871   5.24273014
    6.20148897   0.        ]
 [  9.57476997  10.95869255   8.64858246   8.99249268   9.99895859
    9.36507225   8.37154484   9.22136688   8.84904289  10.4180994
   10.28411388  10.77564144   9.05637264   8.39046669   9.11660767
    9.1133976    0.        ]
 [  7.88415766  10.28066921   6.84709787   7.55038071   8.73141861
    8.5143795    7.81521368   8.5690012    6.54467916   9.76405811
    9.15037823   9.76152802  10.21662998   7.52600956   7.89113569
    8.08496666   0.        ]]
Expected:
 [[ 3.91465473  4.50364733  3.08328438  3.74697065  4.1689539   3.97934008
   4.02892399  4.22067451  3.07252884  4.48702621  4.10798788  4.20748854
   4.44449854  3.03458333  4.06299925  4.09792709  3.86362886]
 [ 4.39991474  3.74932408  3.35969043  4.10358191  4.08858633  4.37447071
   4.51092196  4.38284874  3.21075106  3.88356543  4.10331726  4.33212805
   3.91881704  2.97084761  3.72812986  4.75011349  3.55383396]
 [ 5.26265669  5.21209192  4.0458107   4.75898075  4.91051531  5.05289888
   5.09547329  4.9976368   4.59761047  5.23621655  5.57533407  5.62705326
   5.32513571  4.68984795  4.58519411  5.0364399   4.55580235]
 [ 4.13409519  4.90184546  3.92985082  3.81658149  4.31007528  4.31807137
   4.28615665  3.34318328  4.09573984  5.39953566  4.58767891  5.61147022
   4.70235777  4.02075481  4.22401714  4.18378162  4.45744324]
 [ 4.02776766  4.42091322  3.3423748   3.72450328  4.17890263  4.20553112
   4.1178546   4.05671072  3.57053781  4.92152786  4.27256536  4.2242012
   4.07469749  2.8080883   3.42290759  3.83773732  4.15164661]
 [ 4.431283    5.51298809  4.14826012  4.13841772  4.67548513  4.31422663
   4.36072874  3.88445997  4.31878948  5.74836206  5.34429693  5.7528038
   5.12399483  4.14225626  4.78858519  4.72264385  4.30893421]
 [ 4.60770798  5.06934547  4.12090492  4.17831707  4.85403538  4.48109913
   5.11577559  4.06258059  4.03152084  5.58486366  4.87994003  5.52244282
   4.6816783   4.25347805  5.12476921  4.56048632  4.71775913]
 [ 2.30913091  2.64142323  1.99665034  2.78187132  2.79082155  3.23383856
   3.27308083  2.58739424  2.23178434  3.276232    3.3833046   2.87992573
   3.0310626   2.25939226  2.56012821  2.91863823  3.07751179]
 [ 4.75165653  5.1463871   4.03249264  4.24310589  5.06353045  3.82569551
   4.02357483  4.01102591  4.0639801   5.08834934  4.71481419  5.34704924
   4.65609694  4.15125942  4.68065739  4.58751011  4.0491066 ]
 [ 4.15042019  4.76202917  3.71490121  3.63262749  3.84634447  4.42619228
   3.93830538  3.93599248  3.82980061  4.98962116  4.25533676  4.92377186
   4.31911421  3.50759983  3.61906791  3.47191024  3.57816577]
 [ 4.38865376  5.57240391  3.97516632  4.34215117  4.77741337  5.23253536
   4.49419022  4.42851686  4.28944492  5.39958668  5.71392488  5.67482758
   5.11535501  3.94989395  4.23990917  4.924716    4.41216707]
 [ 5.08597755  6.16273689  4.17767525  4.95276642  5.51976585  5.66773367
   4.75403881  4.99245596  4.62535858  6.17536497  5.93613911  5.51003599
   5.04555273  3.99037075  5.16368151  4.98590326  4.85645533]
 [ 4.96892548  4.91849852  4.11407804  4.76759624  4.41161966  4.53623676
   4.52912521  4.52316523  4.98880482  5.45362425  4.76690197  5.36413813
   4.8592267   4.15683842  4.07440615  4.01805258  4.37989521]
 [ 3.74925852  3.98423481  3.61581445  3.27177548  3.19488144  3.62772965
   3.30922103  3.37163949  3.76086068  4.1060977   3.68950009  4.72060633
   3.78628135  3.35889959  2.62136531  3.10074425  3.12716126]
 [ 4.78738499  5.47934628  4.32429171  4.49624681  4.99947929  4.68253565
   4.1857729   4.61068249  4.42452145  5.20904922  5.14205742  5.3878212
   4.5281868   4.19523335  4.55830383  4.55669975  4.5268712 ]
 [ 3.94207811  5.14033413  3.42354894  3.77519035  4.3657093   4.25718975
   3.9076066   4.2845006   3.27233911  4.88202858  4.57518911  4.88076353
   5.10831499  3.76300454  3.94556761  4.04248285  4.38638496]]

FAILED! Dimensions:  (16, 17, 17)  Method:  CudaSharedMemory
Result:
 [[  6.56475019   6.46098137   8.48564243   7.91005754   6.74023533
    8.37818241   8.85571289   7.70661592   8.5218792    8.10786057
    7.92187262   7.13833523   9.06674004   7.90626144   8.16032887
   10.83910751   0.        ]
 [  5.92058849   6.36186934   8.43335819   6.11246681   6.60117245
    5.66479874   8.43447781   6.87804461   7.2167201    6.4433136
    7.25587082   6.24121571   7.55778313   7.30358219   7.78674459
    9.39515305   0.        ]
 [  5.93042183   5.91145802   7.58321905   7.31009102   7.05656672
    7.56322193   7.76207781   6.17045021   7.35119772   7.13168573
    7.83869839   6.27061892   7.39350891   7.2187438    7.55222321
    9.40105629   0.        ]
 [  6.85724592   5.87738895   8.3774147    6.60469675   5.68624353
    5.66344023   7.97416162   5.20190334   6.9977231    6.0048666
    8.83846378   6.55957747   8.23551083   7.43158484   6.92000437
    8.83973885   0.        ]
 [  3.99868679   5.26009321   6.14047146   5.01633549   5.06086397
    4.58512831   5.84019279   5.66469431   6.04067278   4.73496008
    5.3060112    4.28194952   4.90959167   5.13819647   5.85751009
    6.7244792    0.        ]
 [  6.59288311   6.06548882   9.97371101   6.83474398   6.83230543
    6.85475159   9.02913094   7.41826248   8.84667683   7.67617893
    8.84113884   7.37519741   7.83536863   9.22381115   9.73766804
   11.06983471   0.        ]
 [  6.04982328   5.62715149   7.75508738   5.2815938    5.5515089
    7.25180578   7.89348793   7.25129175   6.55674744   7.15776777
    7.0645895    5.89187813   6.39127254   7.13400459   7.60538006
    8.40250397   0.        ]
 [  8.17858601   9.09488201  11.21282864   8.409688     8.69477272
    8.27325058  10.60187435   9.22738266   9.61610699   8.40975189
   10.71330929   8.29464912   9.72506237   9.06761646   9.8680687
   11.9813633    0.        ]
 [  7.67003584   8.17910767  10.01701164   8.35414696   7.7806592
    9.52636051  10.65957451   9.98234272   9.92991924  10.09902763
    9.64860821   7.32125664   9.73171997   9.98969173   9.39537334
   12.65283489   0.        ]
 [  7.70990705   7.11115932  10.60794735   7.30473423   8.14190388
    7.66618443  10.4042244    6.53146744   7.32267237   7.32397842
    9.95768642   7.95473289   8.79309845   9.13074017   9.5949707
   10.65032291   0.        ]
 [  8.38193417   9.73281002  11.64226055  10.07371712   7.98097134
    8.46860123  10.81331062   9.93982506  10.42973518   8.32377148
   10.63624382   8.52470493  10.83742428   9.3614502   10.24255371
   12.46543026   0.        ]
 [  6.85900593   7.73355246   9.06670094   7.24413633   7.60630608
    8.6919136    9.0553751    8.89921284   8.72647572   7.94942093
    7.86710739   7.07595825   8.38597393   9.04089737   8.73900414
   12.40755939   0.        ]
 [  5.65626669   6.79171038   7.98715162   6.57260656   6.95449448
    5.36540127   7.79040861   7.37701273   8.63669491   6.24855947
    7.44766426   6.49032831   7.16710377   6.33665133   7.02548218
    9.31018925   0.        ]
 [  6.07420444   5.608603     6.54769754   4.2139411    3.99976444
    4.19318104   6.9699297    6.14417124   5.09364796   4.05082893
    6.9047637    5.58819342   6.17532349   4.93362331   5.22276402
    6.93379974   0.        ]
 [  7.05188894   7.6916337    8.46023178   6.6067009    6.42729855
    7.14191246   8.9331665    9.21326542   7.85120726   6.99242115
    7.79911232   6.56680775   8.70704746   7.60397196   7.28100538
   10.66704941   0.        ]
 [  7.41271019   6.65615606   9.11510181   7.86189413   7.77655745
    8.59735107   9.39555836   9.16363716   9.28036118   8.55841351
    8.10463333   8.08903885  10.35218525   8.54591656   8.98756409
   12.32439137   0.        ]]
Expected:
 [[ 3.73394918  3.2662909   4.40156555  3.9746542   3.44494081  4.3083396
   4.82733822  3.96169519  4.43536806  4.27170181  4.06439829  4.01157379
   4.9454093   4.07170343  4.27149248  5.59031391  4.24084091]
 [ 3.38126683  3.13928509  4.18724871  3.0662384   3.3456347   2.91706824
   4.55361128  3.39284897  3.63253045  3.42145991  3.55274296  3.41668177
   4.18653631  3.74329352  4.07093573  4.76325512  4.3370204 ]
 [ 3.36653399  3.2157948   4.47245598  3.69771075  3.66994166  3.96820712
   4.34570646  3.62943077  4.25179195  3.76914811  4.53349543  3.88246727
   3.99136329  3.77265811  3.94857621  5.1367774   4.0060358 ]
 [ 3.52464581  2.95579433  4.24489927  3.30756998  2.86215639  2.86042809
   4.07658386  2.64261556  3.55345893  3.04914665  4.46293783  3.38857579
   4.20239687  3.74341226  3.50078678  4.46800566  4.03101778]
 [ 2.19515085  2.75547552  3.39897323  2.52882266  2.59906697  2.38309002
   3.14610887  3.09500432  3.29877138  2.46661162  2.94931149  2.50325346
   2.59899426  2.64839625  3.01288605  3.57326913  2.74278569]
 [ 3.58729911  3.0047574   4.9683876   3.42437172  3.44753718  3.48615408
   4.74735117  3.67877841  4.4414959   3.97617149  4.37042284  3.89338636
   4.19908619  4.67532635  4.99152517  5.58127928  4.90317726]
 [ 3.26304889  2.71169567  3.67568445  2.63780165  2.77544737  3.64613676
   4.09940243  3.44584441  3.14752841  3.68855762  3.31057739  2.99196053
   3.45079613  3.59889364  3.90230155  4.14078712  3.4167099 ]
 [ 4.53402042  4.6803236   5.99361515  4.23496056  4.45322323  4.28854656
   5.74125528  4.91199684  5.15997744  4.42352295  5.68189669  4.73442411
   5.23770809  4.67535067  5.12349987  6.28053236  5.30885363]
 [ 4.26445198  4.09891748  5.10109949  4.1930089   3.95335746  4.86786461
   5.69782734  5.04581261  5.08529234  5.25555229  4.86622477  4.0430665
   5.26543903  5.10134363  4.87937117  6.45804119  5.08745337]
 [ 4.32800055  3.75183749  5.84569168  3.6904695   4.20161009  4.01408339
   5.69684696  3.6907897   4.13700008  3.89690924  5.45042944  4.68701601
   4.77839613  4.72985888  4.99959898  5.70191431  5.21855688]
 [ 4.47859526  4.89183044  5.928442    5.04964876  4.03900766  4.31118059
   5.66236162  5.04409361  5.33080721  4.30070686  5.39001989  4.54820728
   5.680336    4.75691462  5.24316931  6.34474707  4.93402338]
 [ 3.71750546  4.0697403   5.06057119  3.65449071  3.91019011  4.48563337
   4.86899328  4.87219477  4.80686998  4.12130737  4.41165161  4.09949303
   4.39928484  4.64177275  4.49344254  6.53720379  4.09752035]
 [ 3.13382697  3.25477552  3.71010017  3.28132081  3.47346187  2.70503688
   4.08622456  3.43749261  4.13138247  3.26462603  3.41565776  3.28827238
   3.91432619  3.20665216  3.64050198  4.56464243  4.07183361]
 [ 3.67329288  2.99585462  3.83120584  2.1502142   2.15176415  2.31443357
   4.11555147  3.50168848  3.05295801  2.33825588  3.92099261  3.63622189
   3.62390018  2.66966248  2.88243055  3.88336039  3.38851929]
 [ 3.70687056  3.73453689  3.99664307  3.29733157  3.20226049  3.57436419
   4.56629419  4.40355539  3.76368403  3.57808685  3.65360332  3.26583314
   4.55800629  3.81762099  3.7158227   5.24536276  3.63232446]
 [ 4.10917759  3.30866361  4.57772636  3.94277978  3.93811536  4.38691378
   5.02946663  4.57774401  4.70102549  4.47127104  4.02712917  4.35952806
   5.55975246  4.36570263  4.66390753  6.25051832  4.39672089]]

FAILED! Dimensions:  (17, 16, 16)  Method:  CudaSharedMemory
Result:
 [[ 10.05907822   7.7245059   10.34680271   9.67822075   9.77166557
    8.83940792   9.1991024   11.70442009   9.95496178   8.28949928
    8.79051495   9.00073528  10.17423153   7.21306658  10.01516438
   10.97792721]
 [  6.7767601    7.67075443   7.37134027   5.24858761   8.85902309
    7.2630868    7.68743277   8.03735447   6.27252483   6.70827055
    7.30096054   6.8146534    9.79766464   7.08711576   6.64868593
    8.91090107]
 [  9.77188683   9.12332058   9.89755058   9.0422039    9.82051373
    9.51463127   9.16947365  11.81460762   8.64162731   7.46832228
    8.47350693   9.28513432  10.76016045   9.69149399   9.39642906
    9.97200394]
 [  8.66538143   6.68796968   8.74905682   7.57921791   8.28451252
    7.22781754   8.24407005   9.56965446   8.67036438   6.99052429
    7.66848183   7.7056818    9.30437851   6.49389029   7.46915293
    8.74023056]
 [ 10.13703632   8.89474678   8.82712555   8.23547745   9.23722553
    8.45982742   8.46749306  11.22682285   8.39293003   6.2776227
    7.40582085   8.41308308   9.42197227   8.13856888   9.62890816
   10.63013458]
 [  8.47564697   8.00911236   9.02737999   8.90495014   9.65781021
    8.91960239   6.90735865  10.47439003   7.87402487   6.86472797
    8.25725269   7.51196432  10.46032715   9.67206955   9.14194393
   10.41975403]
 [  7.74503183   6.52621555   8.28936672   6.85527372   8.31733131
    7.07847929   7.59110451   7.68997049   7.17005634   5.7580204
    8.78572083   8.37107754   9.30500793   6.39961243   7.38202953
    9.33562183]
 [ 10.91913891   9.62984562   8.69480228   8.55238724   9.99688148
    9.46980572  10.22586727  11.50169277   7.90203381   6.89118099
    7.70377588   9.10863972  12.34755611  10.37980366   9.10880566
   10.85583115]
 [  8.49090099   6.42531824   8.10963726   6.9176898    8.03369141
    7.68210888   8.55569172   9.55170918   6.65501738   7.28662443
    6.75910521   8.12591267   9.78560734   7.3337841    7.74436712
    7.74084759]
 [  9.65836811   8.76787472   9.73523235   9.39350319  11.18458176
    9.67427826   9.53883171  11.69557953   8.11636162   8.22940922
    9.70653057   9.18215561  11.30183983   9.67008591  10.24180126
   12.07262611]
 [ 11.25025654   9.92132854   9.41038799   9.58309746  10.8869915
   10.35753345  10.58844566  12.84208488   7.81093931   8.33497429
    9.23940182   9.60381126  12.53522873  10.76809597  10.79798222
   11.93715668]
 [ 10.38214493   6.75944805   7.19864511   8.57281494   9.55550957
    7.09555197   8.92717075  11.00596237   7.60595512   7.14619398
    8.05170155   8.17345619   8.96691895   6.32718134   9.16124725
   10.3554039 ]
 [  9.48795891   7.73153639   8.01051044   8.58592606   9.87815571
    8.66763496   8.70343494  10.23598385   6.94462776   6.80772161
    9.19465733   8.61235905  10.91676807   9.58621979   9.01831532
   10.17221355]
 [  8.83576584   7.82166338   6.52246428   7.21878576   9.76218796
    7.67499065   7.34574413   9.65011024   6.36258173   5.65801048
    6.78679609   6.80386019   9.45361137   8.7499218    8.75457573
   10.28485489]
 [  8.43822479   6.79194975   7.29099131   7.209167     8.11307144
    6.73241282   7.03329039   8.77899551   6.90566683   5.3576622
    7.76823378   7.194592     8.26029301   6.49316263   8.16535378
    9.35317993]
 [  8.42664242   6.71366119   6.45251417   5.68810797   6.54295111
    7.26648664   7.51320934   8.77829266   4.73945808   5.13717127
    5.25608301   7.25012302   8.47975349   7.90946341   7.48514032
    6.63877201]
 [  0.           0.           0.           0.           0.           0.
    0.           0.           0.           0.           0.           0.
    0.           0.           0.           0.        ]]
Expected:
 [[ 5.02953959  3.86225319  5.17340183  4.83911085  4.88583231  4.41970396
   4.59955072  5.852211    4.97748137  4.14475012  4.39525747  4.50036716
   5.08711624  3.60653281  5.00758266  5.48896408]
 [ 3.38838005  3.83537722  3.68567014  2.62429357  4.42951155  3.63154364
   3.8437171   4.01867723  3.13626218  3.3541348   3.65048027  3.40732646
   4.89883232  3.54355764  3.32434344  4.45545053]
 [ 4.88594294  4.56165981  4.94877577  4.52110195  4.91025686  4.75731611
   4.58473682  5.90730381  4.32081413  3.73416138  4.23675394  4.64256668
   5.38008022  4.84574699  4.69821453  4.98600149]
 [ 4.33269072  3.34398508  4.37452841  3.78960896  4.14225626  3.61390829
   4.12203503  4.78482676  4.33518267  3.49526215  3.83424091  3.85284138
   4.65219021  3.24694562  3.73457623  4.37011576]
 [ 5.06851768  4.44737339  4.41356325  4.1177392   4.61861277  4.22991371
   4.23374605  5.61341095  4.19646454  3.13881159  3.70291042  4.20654106
   4.71098566  4.06928444  4.81445408  5.31506824]
 [ 4.23782349  4.00455666  4.51369047  4.45247507  4.82890558  4.4598012
   3.45367908  5.23719549  3.93701196  3.43236423  4.12862635  3.7559824
   5.23016357  4.8360343   4.57097197  5.20987797]
 [ 3.87251616  3.26310778  4.14468384  3.42763662  4.15866613  3.53923941
   3.79555249  3.84498501  3.58502817  2.87901044  4.39286089  4.18553829
   4.65250444  3.19980621  3.69101477  4.66781092]
 [ 5.45957041  4.81492233  4.34740162  4.27619314  4.99844122  4.73490334
   5.11293364  5.75084639  3.95101714  3.4455905   3.85188866  4.55431986
   6.17377806  5.18990231  4.55440235  5.42791557]
 [ 4.2454505   3.21265936  4.05481863  3.45884514  4.01684523  3.84105468
   4.27784586  4.77585459  3.32750845  3.64331245  3.37955332  4.06295633
   4.89280272  3.66689205  3.87218404  3.87042403]
 [ 4.82918453  4.38393688  4.8676157   4.69675207  5.5922904   4.83713961
   4.76941681  5.84778976  4.05818081  4.11470461  4.85326529  4.59107828
   5.65092039  4.83504295  5.12090063  6.03631258]
 [ 5.62512827  4.9606638   4.70519352  4.79154873  5.44349527  5.1787672
   5.29422235  6.42104244  3.90546942  4.16748714  4.61970091  4.80190563
   6.26761389  5.38404894  5.39899111  5.96857786]
 [ 5.19107246  3.37972379  3.5993228   4.28640699  4.77775526  3.54777551
   4.46358538  5.50298166  3.80297804  3.57309723  4.02585125  4.0867281
   4.48345995  3.16359091  4.5806241   5.17770147]
 [ 4.74397898  3.86576819  4.00525475  4.29296303  4.93907833  4.33381701
   4.35171747  5.1179924   3.47231388  3.40386105  4.59732819  4.30617952
   5.45838404  4.79310894  4.50915813  5.08610773]
 [ 4.4178834   3.91083169  3.26123238  3.60939264  4.88109446  3.83749485
   3.67287159  4.82505465  3.18129134  2.82900453  3.39339828  3.40192986
   4.72680616  4.3749609   4.37728786  5.14242744]
 [ 4.2191124   3.39597559  3.6454947   3.60458374  4.05653572  3.36620617
   3.51664543  4.38949823  3.45283318  2.6788311   3.88411665  3.59729576
   4.1301465   3.24658155  4.08267689  4.67658997]
 [ 4.21332121  3.35683036  3.22625661  2.84405375  3.27147579  3.63324356
   3.75660491  4.38914633  2.36972904  2.5685854   2.62804151  3.62506151
   4.23987627  3.9547317   3.74257016  3.31938601]
 [ 3.08976579  3.00443292  3.07251358  3.59228516  3.82576799  3.14961553
   3.21466851  3.89936614  2.84745145  2.79812407  3.4776938   3.08128858
   3.82092905  2.65887284  3.36497235  4.41942358]]

FAILED! Dimensions:  (17, 16, 17)  Method:  CudaSharedMemory
Result:
 [[  5.39449883   6.47570658   5.93609905   4.4928546    5.45233727
    3.87728024   5.37437201   5.83160734   5.11796236   6.83435297
    6.00411797   6.89031982   5.02900219   4.28422928   4.94219828
    5.1374588 ]
 [  6.89497757  10.40790558   6.88299417   8.33312511   8.53434563
    7.55596638   7.81987333   9.2776041    6.26407051   8.26524448
   10.10286713   9.35572243   9.74833775   6.01052904   5.70082283
    7.14680529]
 [  6.50994539   9.0364666    8.84957218   7.18039322   8.37224674
    6.67320442   8.68040276   8.47694397   6.57625151   8.46504021
    8.49392986   7.67210531   7.53955221   5.71584225   6.63920784
    7.69589424]
 [  6.44160938   8.86752319   7.38926601   8.08507538   7.64654112
    6.29742622   6.87590218   7.08884621   6.91261196   7.52999401
    8.65080357   8.661376     8.52689075   6.70743084   6.16254187
    7.62788963]
 [  8.38674641  11.35876179   8.49699402   8.57348824   8.16920853
    6.24561119   7.57025194   8.66685867   5.44144011   9.31179619
    9.82761574   8.84095669   9.3674078    6.43050528   8.62694454
    7.44993067]
 [  6.05120993   7.59298992   8.19677162   5.8447156    7.03490829
    5.47646379   7.52134418   6.28939867   5.43873358   7.75517893
    7.15284157   6.54557085   5.92542839   5.44906378   6.60627127
    6.32189989]
 [  9.40833855  12.32492161  10.38984871   9.98739243  10.63556576
    8.56810951   9.74083328   9.55362988   8.67091751  10.75104237
   11.70210743  11.5945282   10.65383911   8.42021561   9.96262264
   10.29739475]
 [  6.07357931   7.24121332   6.71170282   5.9471879    9.25240803
    6.5852108    6.89729786   6.51346779   6.29709339   6.92750263
    8.34154797   7.78321934   6.42643309   5.93891525   4.92374659
    7.44382858]
 [  8.2656517   10.99357796   9.3604784    8.64131832   9.86042976
    7.48494625   8.83099556   9.55232334   7.4720192    9.43801308
   10.82036209  10.02680302   9.50531769   7.19106627   8.35744095
    9.28456593]
 [  6.60688066   7.7623539    6.56569958   7.59829426   6.27712154
    5.2664628    6.7409358    5.61986732   6.79083347   7.96310854
    7.50599384   8.38609409   7.83884192   6.07073307   7.10540819
    6.33410311]
 [  6.72086334   8.92941093   7.60655165   6.1974678    8.11929703
    7.3841548    6.52122068   8.44661236   6.26886845   6.84585905
   10.94088268   8.57778454   8.06903648   5.92757702   7.23980665
    7.75690269]
 [  4.96392679   7.82355785   6.16770172   7.81998158   7.86554766
    6.95919895   8.14148521   7.6311574    6.96587801   6.80403996
    9.09502316   9.10587692   8.70502186   5.39026833   5.57123995
    7.91518831]
 [  5.25312185   6.78831816   5.02500486   6.27396822   6.03246403
    5.31443024   5.90403557   4.11235905   4.47593164   5.57064056
    6.830585     6.18782282   6.62922525   4.90721464   5.3178463
    5.54305172]
 [  7.90936804  10.70138359   8.89016056   8.8003664    8.43908405
    7.19845295   8.77186203   6.98548269   6.55900812   9.24839783
    9.5128746    9.05112076   9.32413673   7.45106554   7.39702034
    7.23271132]
 [  6.46263933   8.28400517   7.20520639   6.97530603   6.64043903
    5.22792244   7.3921299    7.17047024   5.59934664   8.00940323
    8.24538898   7.74617863   7.49262905   5.425035     7.84240294
    7.33690691]
 [  7.84463453  10.76282692   8.57566166   8.91645527   9.92988682
    8.79722977   7.27951288   8.72108459   6.80567741   8.05132771
   12.50824642  10.11699104  10.49397278   7.31113291   7.38152218
    7.7225256 ]
 [  0.           0.           0.           0.           0.           0.
    0.           0.           0.           0.           0.           0.
    0.           0.           0.           0.        ]]
Expected:
 [[ 2.76997352  3.17461491  2.8619206   2.27186084  2.71446276  2.25733328
   2.69900346  3.21970892  2.73088098  3.56330776  3.04520345  3.63856411
   2.67307091  2.33813715  2.50299072  2.80334878]
 [ 3.63781333  5.34064293  3.65498996  4.37009192  4.45692062  3.80106401
   4.06556797  4.68416691  3.25819778  4.33648062  5.05775833  4.73681498
   4.96452856  3.17430639  3.03440094  3.66135812]
 [ 3.50007701  4.47646475  4.34566832  3.75358653  4.27164555  3.95082235
   4.45074701  4.83743572  3.68391371  4.62376213  4.33193159  4.23429108
   4.12011766  3.32352638  3.48409462  4.34037256]
 [ 3.70692539  4.62291908  3.97988081  4.48987627  4.19125462  3.63696551
   3.76944494  4.05731058  3.94990849  4.38021755  4.39798069  4.71800089
   4.66608858  3.96755958  3.49799395  4.31707907]
 [ 4.42123652  5.65379     4.19646645  4.44464207  4.17376614  3.65829158
   3.89335942  4.85740376  3.07448626  5.01179552  4.98812866  4.77111149
   4.99517965  3.63303685  4.47079706  4.15970564]
 [ 3.3790884   3.99305415  4.40173674  3.27438951  3.82807231  2.93489742
   4.02607203  3.37118793  3.01507616  4.29007673  3.60838223  3.46708965
   3.19210196  3.10371995  3.62578893  3.42407465]
 [ 4.99492168  6.11310101  5.10137987  5.18760157  5.41937017  5.01215744
   5.00162792  5.48685837  4.80475473  5.83951426  5.95178032  6.2693882
   5.74230528  4.76220942  5.17649937  5.73250103]
 [ 3.31504846  3.57083058  3.26219964  3.15801692  4.72157526  3.99623489
   3.57317495  3.9425683   3.60039735  3.90930796  4.26806641  4.34720421
   3.61347985  3.50072646  2.64783025  4.28505182]
 [ 4.45216322  5.44911003  4.58811808  4.5365901   5.04655457  4.52462864
   4.56230545  5.53980112  4.24444675  5.22475767  5.51850462  5.5222764
   5.20186567  4.19448042  4.39527178  5.27211094]
 [ 3.7796464   3.94859982  3.37065959  4.18393469  3.41307306  3.42786145
   3.6465559   3.60490799  4.00522518  4.65388584  3.86567259  4.74690056
   4.44048119  3.77086282  3.92171407  3.86512613]
 [ 3.44841862  4.51344824  3.87848544  3.18627572  4.13683128  3.7415216
   3.32659554  4.28013754  3.20823669  3.52571106  5.47846079  4.33752823
   4.09181309  3.05838251  3.7001543   3.94426584]
 [ 2.56221676  3.88868761  3.04264045  3.95922089  3.9539094   3.70597768
   4.10305262  4.03506184  3.62261558  3.53568602  4.57865334  4.69726467
   4.47733688  2.85830164  2.83634663  4.13521671]
 [ 2.91265655  3.43822122  2.57103658  3.36976957  3.18374705  3.12507248
   3.11935449  2.52496076  2.60051823  3.18714309  3.48173237  3.4213953
   3.62383699  2.891433    2.88180017  3.18472672]
 [ 4.52054644  5.49391365  4.65200663  4.8860178   4.59176016  4.37411308
   4.74004221  4.28077173  3.93652177  5.38582087  4.86806917  5.09030199
   5.21343851  4.52767324  4.15798759  4.33600378]
 [ 3.38236451  4.18267059  3.66179991  3.61844039  3.42135239  2.8142581
   3.79159236  3.78953218  2.9724381   4.20655918  4.15163183  4.02022791
   3.89087176  2.9238565   4.04465961  3.85630369]
 [ 4.1028595   5.34371996  4.21829224  4.57544041  5.02288675  4.86963367
   3.71832514  4.81892633  3.70179391  4.31794357  6.31915331  5.36208534
   5.51248741  4.00641203  3.80961919  4.23603868]
 [ 4.00099373  5.24031591  3.99093199  4.22007227  4.49728775  4.44702435
   4.45136881  5.05482292  3.3442049   4.91527271  5.22294569  5.20047522
   5.22785187  3.54295182  4.22112322  3.99341512]]

FAILED! Dimensions:  (17, 17, 16)  Method:  CudaSharedMemory
Result:
 [[ 18.37318039  20.71455765  17.49584961  17.36205673  14.22849274
   17.89411926  21.3590374   18.30104256  19.30702019  15.75872231
   18.29987907  17.15417671  18.60803795  19.32154465  18.78892517
   19.50153542  12.09709549]
 [ 14.94098282  18.3155365   15.95893669  16.00181389  15.31694698
   18.82837486  20.8169651   18.11902618  13.1877985   17.32715607
   17.13666344  19.02121353  15.28368473  18.13871765  15.17758274
   20.27664375  11.8866663 ]
 [ 13.27870941  16.08996582  15.41205788  16.91884041  15.13236332
   17.61485672  19.04870033  16.44954681  14.76159668  15.14041233
   14.96998692  14.4814024   14.76268101  16.39278603  15.36221123
   15.98925686  10.52596855]
 [ 16.06978226  16.404953    16.62651634  13.91643333  13.86480141
   19.30500984  19.55320358  16.42622948  11.90182686  16.27675247
   14.65029907  17.44124985  13.41386509  16.48773766  15.86814594
   18.29636383  11.11087513]
 [ 12.6625824   15.73005581  13.96969604  11.81650352  12.96637726
   15.93789196  17.95133591  16.56022453  14.26203918  14.4058609
   15.35213089  15.05365276  16.14711761  15.36004162  14.15241146
   15.44458389  11.04169083]
 [ 16.9231987   18.53598022  19.27017784  16.92617607  18.73368454
   22.26682281  21.45431709  18.02109146  17.50813293  19.42611504
   17.28747749  16.57698441  16.81244278  17.70961952  18.71801186
   20.46866989  13.83987141]
 [ 17.17035103  19.09799194  14.93065453  16.97264671  13.4050703
   17.39994049  17.68972588  15.52752686  15.48213387  15.91648102
   17.38494301  16.52646637  17.33605957  16.40303421  15.99750042
   18.62490082  11.2331934 ]
 [ 13.22633076  17.0258007   14.71322155  15.97151184  14.3277998
   16.02174568  18.65293884  16.80469131  14.34501934  14.30587959
   14.7419939   16.03711319  14.04680634  14.92630005  15.62640762
   14.78478622  10.74182987]
 [ 11.12485504  12.63423061  12.96403694  12.77675247  11.23532486
   14.4089756   16.98526955  11.58143711  13.96449471  12.72451878
   12.41266155  10.72969532  13.09975624  15.15549088  12.64074802
   14.37958527   7.66356325]
 [ 12.9056015   15.05700397  10.84143925  12.9780798   11.18788528
   16.66640091  16.26325798  13.69814396  11.02593327  12.60950279
   13.79918671  15.043643    12.73033619  16.9342556   10.40430164
   14.89209461   7.79168272]
 [ 14.23792839  17.84288025  19.21298027  16.1053524   14.06955624
   19.35060883  22.81927872  17.64967918  17.15743828  14.31582832
   14.73407078  16.4673214   15.29868889  20.33453941  17.75051498
   16.64847946  11.75228405]
 [ 12.66696453  16.36553764  14.04689693  13.66572666  11.24450016
   12.76475334  19.57308197  16.72237396  16.78429985  12.14963627
   14.53473854  14.97838688  15.0632782   17.17621803  16.56344795
   15.63294506   8.17987919]
 [ 13.71953106  16.25060081  15.29763222  14.03833008  14.83906269
   17.47756004  18.25301743  16.03524971  16.38562584  17.70990181
   15.65776825  14.36427689  15.53593063  16.02142143  14.79620743
   18.54022217  11.14575672]
 [ 15.62333488  20.68608093  16.59234238  15.42057896  14.73423672
   18.17278099  21.02223587  20.31802559  15.36809444  15.62170887
   18.35675049  19.97241211  17.32526588  17.36857986  17.61964035
   19.54673195  14.19277   ]
 [ 13.27669334  15.20233631  13.65431976  15.1289053   11.38471031
   13.41760063  15.88727379  13.21193314  15.21259117  13.75418663
   13.40829563  11.15937233  14.98060513  12.10822678  13.1244297
   16.69291306  11.80807304]
 [ 10.76566696  13.40242672  10.52196121  14.43765163  11.94514656
   14.03902054  15.79055977  12.59210205   8.40709496  11.29266357
   12.09225368  12.81873322  10.03978443  11.90561867  11.41738415
   14.51815224   9.09491062]
 [ 16.80717278  20.02514648  17.84212494  18.36658669  15.71509075
   16.90777397  20.0987587   19.09400558  17.40018272  16.70068359
   17.37672615  15.44151974  16.02848244  17.96177864  19.1461544
   19.45266533  12.47000217]]
Expected:
 [[ 4.59329557  5.17863894  4.3739624   4.34051466  3.55712366  4.47353077
   5.33975887  4.57525969  4.82675505  3.93968058  4.57497025  4.28854465
   4.65200901  4.83038616  4.69723225  4.87538385  3.02427435]
 [ 3.73524642  4.5788846   3.9897337   4.00045347  3.82923675  4.70709276
   5.20424223  4.52975702  3.29694867  4.33178854  4.28416634  4.75530195
   3.8209219   4.53467846  3.79439592  5.06916094  2.97166586]
 [ 3.31967807  4.02249146  3.85301447  4.2297101   3.78309035  4.40371418
   4.76217413  4.1123867   3.69039893  3.78510356  3.74249697  3.62034965
   3.69067001  4.09819698  3.84055233  3.99731398  2.63149238]
 [ 4.01744556  4.10123825  4.15662813  3.47910786  3.46619987  4.82625246
   4.8883009   4.10655689  2.97545648  4.06918812  3.66257501  4.36031294
   3.35346651  4.12193346  3.96703649  4.57409143  2.77771926]
 [ 3.16564536  3.93251324  3.49242473  2.95412588  3.24159479  3.98447299
   4.48783302  4.14005566  3.56550908  3.60146499  3.83803248  3.76341319
   4.0367794   3.8400116   3.53810287  3.86114502  2.76042247]
 [ 4.2307992   4.63399506  4.81754446  4.23154449  4.68342161  5.5667057
   5.36357927  4.50527239  4.37703323  4.85652828  4.32186937  4.14424562
   4.20311165  4.4274044   4.67950392  5.11716795  3.45996881]
 [ 4.29258728  4.77449846  3.73266387  4.2431612   3.3512671   4.34998417
   4.42243147  3.88188243  3.87053275  3.97912145  4.34623528  4.13161659
   4.33401537  4.10075855  3.99937606  4.65622473  2.80829811]
 [ 3.30658269  4.25645065  3.67830515  3.9928782   3.58195043  4.0054369
   4.66323471  4.20117283  3.58625436  3.57646942  3.68549776  4.00927782
   3.51170206  3.73157406  3.90660214  3.69619584  2.68545723]
 [ 2.78121352  3.15855718  3.24100852  3.19418764  2.80883217  3.60224295
   4.24631739  2.8953588   3.49112296  3.18112969  3.10316539  2.68242359
   3.27493906  3.78887343  3.16018701  3.59489655  1.91589093]
 [ 3.22640085  3.76425004  2.71035957  3.24452019  2.79697084  4.16660118
   4.06581497  3.42453575  2.75648332  3.15237617  3.4497962   3.7609117
   3.18258357  4.23356485  2.60107565  3.72302413  1.94792044]
 [ 3.55948162  4.46072006  4.80324602  4.0263381   3.51738811  4.83764935
   5.7048192   4.41242027  4.28936005  3.57895803  3.68351698  4.11682987
   3.82467198  5.08363438  4.43762875  4.16211939  2.93807125]
 [ 3.16674161  4.09138489  3.511724    3.41643238  2.8111248   3.1911881
   4.89327049  4.18059397  4.19607592  3.03740907  3.63368559  3.74459672
   3.76581907  4.29405451  4.14086151  3.90823627  2.04496956]
 [ 3.42988229  4.06265068  3.82440805  3.50958228  3.70976543  4.36939001
   4.5632534   4.00881243  4.09640551  4.42747545  3.91444206  3.59106898
   3.88398385  4.00535583  3.69905162  4.63505507  2.78643894]
 [ 3.9058342   5.17151928  4.14808559  3.85514522  3.68355894  4.54319572
   5.25555897  5.0795064   3.84202313  3.90542626  4.58918715  4.99310303
   4.33131647  4.34214449  4.40491056  4.88668251  3.54819298]
 [ 3.31917262  3.80058455  3.41358018  3.78222704  2.84617805  3.35440016
   3.97181773  3.30298352  3.80314684  3.4385469   3.35207486  2.78984356
   3.74515033  3.02705622  3.28110766  4.17322826  2.9520185 ]
 [ 2.6914165   3.3506062   2.63049054  3.60941315  2.98628664  3.50975561
   3.94763947  3.14802456  2.10177374  2.82316613  3.0230639   3.20468354
   2.50994587  2.97640514  2.8543458   3.62953806  2.27372742]
 [ 4.20179224  5.00628662  4.46053267  4.59164667  3.9287734   4.22694302
   5.02468872  4.7735014   4.35004568  4.17517042  4.34418249  3.8603797
   4.00711966  4.49044514  4.78653908  4.86316681  3.11750031]]

FAILED! Dimensions:  (17, 17, 17)  Method:  CudaSharedMemory
Result:
 [[ 15.48198795  14.20573997  11.68890572  15.78244209  15.00030708
   17.62920761  13.49411774  11.54020596  14.92922974  18.09757996
   15.76401424  19.16438675  16.61072922  16.35289955  18.52934074
   18.61918831  17.9515419 ]
 [ 21.54651642  21.17237854  18.49398041  20.49283218  18.38511086
   26.1912384   18.97454071  16.64614868  20.58814621  23.39134979
   23.01914597  23.93255234  26.18447685  18.22688293  23.76653481
   24.83767509  23.81345177]
 [ 12.00705433  14.41984749  11.94254398  12.76064587  12.25029945
   16.21099091  10.45381355  12.51237583  14.88255692  13.58119011
   15.24975204  12.6932869   19.22254372  11.72337437  15.33417225
   15.28761482  17.11189461]
 [ 16.50434494  20.59681892  16.23135948  16.69888687  18.41553879
   20.03926659  15.55266476  13.71271038  19.60623169  17.304039
   20.91005325  18.36787415  23.47594452  14.09325504  19.96276474
   19.62244987  20.66569138]
 [ 15.49530697  17.30884361  14.71049023  15.85327148  18.76036644
   19.30493164  12.30306721  15.73972702  18.99451828  16.44787979
   17.06007767  19.60221481  23.34507179  16.08567619  21.72405624
   20.1343708   20.00117493]
 [ 20.06272507  20.94813728  17.16714478  19.93390083  18.60875893
   23.02787399  16.64751816  16.39717102  20.2285614   21.50492287
   23.13784981  22.90284538  23.54995346  18.92061043  21.85031319
   21.77881241  20.50746918]
 [ 17.16562653  17.49074173  13.1112175   14.46062756  17.93943214
   18.81475258  12.51412678  12.89181709  17.88935852  17.11923027
   16.17366409  17.99958611  20.48482513  16.177248    19.57023811
   19.68934631  16.95044327]
 [ 17.51413918  16.31407547  14.40439987  14.53417301  14.19897652
   17.8456974   12.91841888  12.85066605  14.27834034  17.78591537
   16.18052864  17.8956356   18.58159447  13.9879055   16.4822197
   20.92629242  16.84504318]
 [ 15.295578    17.93504524  15.38030815  14.03140163  16.05996132
   22.46416283  14.70784187  12.20016193  18.66873741  18.21558952
   18.11413002  21.82203484  22.64681625  14.74869442  21.44524956
   17.90138626  17.52328682]
 [ 12.5457468   16.61893654  13.89204216  14.92678547  17.17733192
   19.08392906  13.01548958  15.61862373  16.45519638  14.1738472
   18.28515244  20.10474014  21.62781143  14.56817722  19.09713554
   16.87915421  18.70840454]
 [ 15.11343002  16.04605103  13.90981197  15.59091854  15.77915764
   19.20359802  13.20941257  13.98034     13.88021374  17.43628502
   17.2287426   17.87950516  19.89177513  12.52539635  14.90754128
   17.54488373  17.70025253]
 [ 12.49970436  15.50089931  10.69403553  12.37656212  17.98701477
   14.51688957  13.23993778  11.29207897  13.81070518  13.43642139
   15.49903107  17.97328186  17.69218826  11.95350933  17.24341583
   16.67284012  16.5754509 ]
 [ 11.54347134  13.99057293  13.69020271  12.4198246   14.14598942
   16.06073761  12.18599129  10.57032204  13.98499393  11.32895947
   15.18356323  16.93169594  18.47868538  10.00501156  15.83854675
   14.90073109  16.51597404]
 [ 13.02147293  15.6983881   13.19710922  12.73733902  16.48182297
   17.97734833  13.75323963  12.95762825  14.63110733  15.23538303
   14.83429527  18.86531258  19.77318001  11.8620863   17.60843849
   17.70321274  17.23603058]
 [ 14.26962852  16.09783554  14.08136749  16.84942436  16.5470047
   15.98948002  11.97028446  14.89337635  16.41520882  17.33155632
   16.36081886  16.7905407   18.30069923  14.3495369   17.53165627
   18.87308884  18.22888756]
 [ 13.75282478  14.84132767  11.59519672  14.21296978  18.00291252
   16.3983345   13.57294559  12.56237793  15.91377449  14.78620243
   15.23266983  17.06361198  17.56905556  13.96334934  18.20567894
   18.28964424  17.49228668]
 [ 14.58870602  16.21518135  14.17011738  15.9154129   16.66328239
   18.81141472  12.7194128   15.03735065  18.81881714  15.55159187
   17.30830956  17.72114754  20.62616539  15.31957722  21.19563675
   20.19650269  19.10355568]]
Expected:
 [[ 3.78766704  3.53996015  3.05842543  4.32056761  4.04089642  4.56007481
   3.57458448  2.94462395  3.97296619  4.5795846   4.22381067  4.92150927
   4.37811995  4.24143553  4.92688608  4.80550861  4.82514763]
 [ 5.71258116  5.57085085  4.90056133  5.01956558  4.62585592  6.5759511
   4.70627785  4.23369122  5.34722567  6.16665268  5.68079376  6.15243196
   6.8082118   4.80916405  6.00071239  6.21054602  6.05513096]
 [ 3.17534184  3.79258513  3.27197957  3.36917305  3.27874899  4.17517138
   2.72225142  3.21885824  4.02309704  3.65657878  3.9503932   3.37998724
   5.14140081  3.21130061  4.07296896  3.92394543  4.57611513]
 [ 4.17784214  5.28838587  4.43416691  4.71903229  5.08846474  5.27152634
   4.1903677   3.56495404  5.40228176  4.59572649  5.64042473  4.89782381
   6.38035917  3.91303086  5.49801588  5.14867687  5.76667929]
 [ 4.13204861  4.57492638  3.99384975  4.04443645  4.85320616  4.92340469
   3.13586283  4.02857018  5.04371643  4.42831039  4.33000898  5.11587238
   6.18063402  4.32317734  5.62275505  5.10518456  5.25093031]
 [ 5.17985964  5.46528673  4.74015427  5.45235205  5.11300802  6.01018
   4.429389    4.25208569  5.59372139  5.74040127  6.14179945  6.07021093
   6.45601082  5.18219471  5.95503855  5.67096853  5.72088528]
 [ 4.31981277  4.41937828  3.38054943  3.73875093  4.60093212  4.76697922
   3.1981523   3.25888205  4.60069227  4.35940886  4.13740349  4.58062983
   5.25514889  4.14900351  5.0154767   4.97987986  4.38462353]
 [ 4.61876202  4.28639603  3.81637216  3.57584643  3.5875361   4.49073744
   3.21234083  3.2700212   3.73275185  4.68874884  4.00474977  4.60797548
   4.85421705  3.69468045  4.18069029  5.2404995   4.30572987]
 [ 4.05422831  4.78229332  4.39828634  4.03771591  4.55200434  5.91259003
   3.9819591   3.23580885  5.31298542  5.01481915  4.93296671  5.87517214
   6.35213184  4.2415905   5.93859625  4.73736668  5.0809288 ]
 [ 3.46406221  4.46848011  3.87230825  3.83137488  4.49851274  4.89278364
   3.32833791  4.0227375   4.4854846   3.94355989  4.65128994  5.29776192
   5.84115934  4.02288389  5.01468134  4.30921698  4.99172544]
 [ 3.81168842  4.06223536  3.58380151  4.01877451  4.06046963  4.86416578
   3.3708694   3.53188229  3.60060954  4.44310427  4.39931059  4.55267763
   5.11002159  3.2392416   3.84982061  4.44335651  4.5725894 ]
 [ 3.22758865  4.00500679  2.90862823  3.31098318  4.71957016  3.75253391
   3.43530774  2.90149951  3.72435784  3.55699372  4.04038477  4.67075586
   4.71459103  3.22343898  4.55099583  4.27662611  4.43577957]
 [ 3.35704517  3.91041636  3.86242914  3.02156854  3.63610387  4.08633852
   3.02899981  2.76172924  3.84118176  3.31905651  3.73923802  4.51069307
   5.05418825  2.90759063  4.10402679  3.7555871   4.34529829]
 [ 3.51027727  4.18729877  3.67493367  3.37153912  4.37315178  4.63940287
   3.556499    3.35578465  4.03866053  4.16298199  3.85385609  4.98217726
   5.37298346  3.33019948  4.68651581  4.54287577  4.66801214]
 [ 3.8357439   4.32473087  3.99873972  4.54939413  4.52254105  4.21428823
   3.19389749  3.87713313  4.62179947  4.76036739  4.34913921  4.547122
   5.14475203  4.05854321  4.80659151  4.90213919  5.08093262]
 [ 3.47696877  3.774652    3.04111338  3.72545576  4.6621666   4.18758392
   3.49019456  3.19041562  4.15656948  3.80656362  3.93911767  4.37784004
   4.57802153  3.63591647  4.72230959  4.6524744   4.57738924]
 [ 3.74325466  4.15018749  3.67494917  4.03393936  4.24782372  4.75043297
   3.2158978   3.79974508  4.83532619  4.01533222  4.37011862  4.52279091
   5.30553389  3.95769954  5.39236546  5.08655024  4.89508533]]

Method: CudaSharedMemory          , dims: (16, 16, 16)        , pass(1)/fail(0): 1,	 time (s): 0.002094745635986328

Method: CudaSharedMemory          , dims: (16, 16, 17)        , pass(1)/fail(0): 0,	 time (s): 0.0019867420196533203

Method: CudaSharedMemory          , dims: (16, 17, 16)        , pass(1)/fail(0): 0,	 time (s): 0.0021796226501464844

Method: CudaSharedMemory          , dims: (16, 17, 17)        , pass(1)/fail(0): 0,	 time (s): 0.0021376609802246094

Method: CudaSharedMemory          , dims: (17, 16, 16)        , pass(1)/fail(0): 0,	 time (s): 0.0019049644470214844

Method: CudaSharedMemory          , dims: (17, 16, 17)        , pass(1)/fail(0): 0,	 time (s): 0.0018999576568603516

Method: CudaSharedMemory          , dims: (17, 17, 16)        , pass(1)/fail(0): 0,	 time (s): 0.0019791126251220703

Method: CudaSharedMemory          , dims: (17, 17, 17)        , pass(1)/fail(0): 0,	 time (s): 0.0029633045196533203

