Device name: b'Tesla K80'
Compute capability: (3, 7)
Total global memory (GB): 11.173095703125
Free global memory (GB): 11.115966796875
Used global memory (GB): 0.05712890625
Max threads per block: 1024
Max block dimensions: x=1024, y=1024, z=64
Max grid dimensions: x=2147483647, y=65535, z=65535
Max shared memory per block (KB): 48.0
BPG:  (1, 1)  TPB:  (16, 16)
BPG:  (1, 1)  TPB:  (16, 16)
BPG:  (2, 1)  TPB:  (16, 16)
BPG:  (2, 1)  TPB:  (16, 16)
BPG:  (1, 2)  TPB:  (16, 16)
BPG:  (1, 2)  TPB:  (16, 16)
FAILED! Dimensions:  (17, 16, 17)  Method:  CudaSharedMemory
Result:
 [[ 80.  80.  80.  80.  80.  80.  80.  80.  80.  80.  80.  80.  80.  80.
   80.  80.]
 [ 80.  80.  80.  80.  80.  80.  80.  80.  80.  80.  80.  80.  80.  80.
   80.  80.]
 [ 80.  80.  80.  80.  80.  80.  80.  80.  80.  80.  80.  80.  80.  80.
   80.  80.]
 [ 80.  80.  80.  80.  80.  80.  80.  80.  80.  80.  80.  80.  80.  80.
   80.  80.]
 [ 80.  80.  80.  80.  80.  80.  80.  80.  80.  80.  80.  80.  80.  80.
   80.  80.]
 [ 80.  80.  80.  80.  80.  80.  80.  80.  80.  80.  80.  80.  80.  80.
   80.  80.]
 [ 80.  80.  80.  80.  80.  80.  80.  80.  80.  80.  80.  80.  80.  80.
   80.  80.]
 [ 80.  80.  80.  80.  80.  80.  80.  80.  80.  80.  80.  80.  80.  80.
   80.  80.]
 [ 80.  80.  80.  80.  80.  80.  80.  80.  80.  80.  80.  80.  80.  80.
   80.  80.]
 [ 80.  80.  80.  80.  80.  80.  80.  80.  80.  80.  80.  80.  80.  80.
   80.  80.]
 [ 80.  80.  80.  80.  80.  80.  80.  80.  80.  80.  80.  80.  80.  80.
   80.  80.]
 [ 80.  80.  80.  80.  80.  80.  80.  80.  80.  80.  80.  80.  80.  80.
   80.  80.]
 [ 80.  80.  80.  80.  80.  80.  80.  80.  80.  80.  80.  80.  80.  80.
   80.  80.]
 [ 80.  80.  80.  80.  80.  80.  80.  80.  80.  80.  80.  80.  80.  80.
   80.  80.]
 [ 80.  80.  80.  80.  80.  80.  80.  80.  80.  80.  80.  80.  80.  80.
   80.  80.]
 [ 80.  80.  80.  80.  80.  80.  80.  80.  80.  80.  80.  80.  80.  80.
   80.  80.]
 [ 80.  80.  80.  80.  80.  80.  80.  80.  80.  80.  80.  80.  80.  80.
   80.  80.]]
Expected:
 [[ 85.  85.  85.  85.  85.  85.  85.  85.  85.  85.  85.  85.  85.  85.
   85.  85.]
 [ 85.  85.  85.  85.  85.  85.  85.  85.  85.  85.  85.  85.  85.  85.
   85.  85.]
 [ 85.  85.  85.  85.  85.  85.  85.  85.  85.  85.  85.  85.  85.  85.
   85.  85.]
 [ 85.  85.  85.  85.  85.  85.  85.  85.  85.  85.  85.  85.  85.  85.
   85.  85.]
 [ 85.  85.  85.  85.  85.  85.  85.  85.  85.  85.  85.  85.  85.  85.
   85.  85.]
 [ 85.  85.  85.  85.  85.  85.  85.  85.  85.  85.  85.  85.  85.  85.
   85.  85.]
 [ 85.  85.  85.  85.  85.  85.  85.  85.  85.  85.  85.  85.  85.  85.
   85.  85.]
 [ 85.  85.  85.  85.  85.  85.  85.  85.  85.  85.  85.  85.  85.  85.
   85.  85.]
 [ 85.  85.  85.  85.  85.  85.  85.  85.  85.  85.  85.  85.  85.  85.
   85.  85.]
 [ 85.  85.  85.  85.  85.  85.  85.  85.  85.  85.  85.  85.  85.  85.
   85.  85.]
 [ 85.  85.  85.  85.  85.  85.  85.  85.  85.  85.  85.  85.  85.  85.
   85.  85.]
 [ 85.  85.  85.  85.  85.  85.  85.  85.  85.  85.  85.  85.  85.  85.
   85.  85.]
 [ 85.  85.  85.  85.  85.  85.  85.  85.  85.  85.  85.  85.  85.  85.
   85.  85.]
 [ 85.  85.  85.  85.  85.  85.  85.  85.  85.  85.  85.  85.  85.  85.
   85.  85.]
 [ 85.  85.  85.  85.  85.  85.  85.  85.  85.  85.  85.  85.  85.  85.
   85.  85.]
 [ 85.  85.  85.  85.  85.  85.  85.  85.  85.  85.  85.  85.  85.  85.
   85.  85.]
 [ 85.  85.  85.  85.  85.  85.  85.  85.  85.  85.  85.  85.  85.  85.
   85.  85.]]
Difference:
 [[-5. -5. -5. -5. -5. -5. -5. -5. -5. -5. -5. -5. -5. -5. -5. -5.]
 [-5. -5. -5. -5. -5. -5. -5. -5. -5. -5. -5. -5. -5. -5. -5. -5.]
 [-5. -5. -5. -5. -5. -5. -5. -5. -5. -5. -5. -5. -5. -5. -5. -5.]
 [-5. -5. -5. -5. -5. -5. -5. -5. -5. -5. -5. -5. -5. -5. -5. -5.]
 [-5. -5. -5. -5. -5. -5. -5. -5. -5. -5. -5. -5. -5. -5. -5. -5.]
 [-5. -5. -5. -5. -5. -5. -5. -5. -5. -5. -5. -5. -5. -5. -5. -5.]
 [-5. -5. -5. -5. -5. -5. -5. -5. -5. -5. -5. -5. -5. -5. -5. -5.]
 [-5. -5. -5. -5. -5. -5. -5. -5. -5. -5. -5. -5. -5. -5. -5. -5.]
 [-5. -5. -5. -5. -5. -5. -5. -5. -5. -5. -5. -5. -5. -5. -5. -5.]
 [-5. -5. -5. -5. -5. -5. -5. -5. -5. -5. -5. -5. -5. -5. -5. -5.]
 [-5. -5. -5. -5. -5. -5. -5. -5. -5. -5. -5. -5. -5. -5. -5. -5.]
 [-5. -5. -5. -5. -5. -5. -5. -5. -5. -5. -5. -5. -5. -5. -5. -5.]
 [-5. -5. -5. -5. -5. -5. -5. -5. -5. -5. -5. -5. -5. -5. -5. -5.]
 [-5. -5. -5. -5. -5. -5. -5. -5. -5. -5. -5. -5. -5. -5. -5. -5.]
 [-5. -5. -5. -5. -5. -5. -5. -5. -5. -5. -5. -5. -5. -5. -5. -5.]
 [-5. -5. -5. -5. -5. -5. -5. -5. -5. -5. -5. -5. -5. -5. -5. -5.]
 [-5. -5. -5. -5. -5. -5. -5. -5. -5. -5. -5. -5. -5. -5. -5. -5.]]

BPG:  (2, 2)  TPB:  (16, 16)
BPG:  (2, 2)  TPB:  (16, 16)
BPG:  (1, 2)  TPB:  (16, 16)
BPG:  (1, 2)  TPB:  (16, 16)
BPG:  (2, 1)  TPB:  (16, 16)
BPG:  (2, 1)  TPB:  (16, 16)
BPG:  (1, 1)  TPB:  (16, 16)
BPG:  (1, 1)  TPB:  (16, 16)
FAILED! Dimensions:  (16, 16, 17)  Method:  CudaSharedMemory
Result:
 [[ 80.  80.  80.  80.  80.  80.  80.  80.  80.  80.  80.  80.  80.  80.
   80.  80.]
 [ 80.  80.  80.  80.  80.  80.  80.  80.  80.  80.  80.  80.  80.  80.
   80.  80.]
 [ 80.  80.  80.  80.  80.  80.  80.  80.  80.  80.  80.  80.  80.  80.
   80.  80.]
 [ 80.  80.  80.  80.  80.  80.  80.  80.  80.  80.  80.  80.  80.  80.
   80.  80.]
 [ 80.  80.  80.  80.  80.  80.  80.  80.  80.  80.  80.  80.  80.  80.
   80.  80.]
 [ 80.  80.  80.  80.  80.  80.  80.  80.  80.  80.  80.  80.  80.  80.
   80.  80.]
 [ 80.  80.  80.  80.  80.  80.  80.  80.  80.  80.  80.  80.  80.  80.
   80.  80.]
 [ 80.  80.  80.  80.  80.  80.  80.  80.  80.  80.  80.  80.  80.  80.
   80.  80.]
 [ 80.  80.  80.  80.  80.  80.  80.  80.  80.  80.  80.  80.  80.  80.
   80.  80.]
 [ 80.  80.  80.  80.  80.  80.  80.  80.  80.  80.  80.  80.  80.  80.
   80.  80.]
 [ 80.  80.  80.  80.  80.  80.  80.  80.  80.  80.  80.  80.  80.  80.
   80.  80.]
 [ 80.  80.  80.  80.  80.  80.  80.  80.  80.  80.  80.  80.  80.  80.
   80.  80.]
 [ 80.  80.  80.  80.  80.  80.  80.  80.  80.  80.  80.  80.  80.  80.
   80.  80.]
 [ 80.  80.  80.  80.  80.  80.  80.  80.  80.  80.  80.  80.  80.  80.
   80.  80.]
 [ 80.  80.  80.  80.  80.  80.  80.  80.  80.  80.  80.  80.  80.  80.
   80.  80.]
 [ 80.  80.  80.  80.  80.  80.  80.  80.  80.  80.  80.  80.  80.  80.
   80.  80.]]
Expected:
 [[ 85.  85.  85.  85.  85.  85.  85.  85.  85.  85.  85.  85.  85.  85.
   85.  85.]
 [ 85.  85.  85.  85.  85.  85.  85.  85.  85.  85.  85.  85.  85.  85.
   85.  85.]
 [ 85.  85.  85.  85.  85.  85.  85.  85.  85.  85.  85.  85.  85.  85.
   85.  85.]
 [ 85.  85.  85.  85.  85.  85.  85.  85.  85.  85.  85.  85.  85.  85.
   85.  85.]
 [ 85.  85.  85.  85.  85.  85.  85.  85.  85.  85.  85.  85.  85.  85.
   85.  85.]
 [ 85.  85.  85.  85.  85.  85.  85.  85.  85.  85.  85.  85.  85.  85.
   85.  85.]
 [ 85.  85.  85.  85.  85.  85.  85.  85.  85.  85.  85.  85.  85.  85.
   85.  85.]
 [ 85.  85.  85.  85.  85.  85.  85.  85.  85.  85.  85.  85.  85.  85.
   85.  85.]
 [ 85.  85.  85.  85.  85.  85.  85.  85.  85.  85.  85.  85.  85.  85.
   85.  85.]
 [ 85.  85.  85.  85.  85.  85.  85.  85.  85.  85.  85.  85.  85.  85.
   85.  85.]
 [ 85.  85.  85.  85.  85.  85.  85.  85.  85.  85.  85.  85.  85.  85.
   85.  85.]
 [ 85.  85.  85.  85.  85.  85.  85.  85.  85.  85.  85.  85.  85.  85.
   85.  85.]
 [ 85.  85.  85.  85.  85.  85.  85.  85.  85.  85.  85.  85.  85.  85.
   85.  85.]
 [ 85.  85.  85.  85.  85.  85.  85.  85.  85.  85.  85.  85.  85.  85.
   85.  85.]
 [ 85.  85.  85.  85.  85.  85.  85.  85.  85.  85.  85.  85.  85.  85.
   85.  85.]
 [ 85.  85.  85.  85.  85.  85.  85.  85.  85.  85.  85.  85.  85.  85.
   85.  85.]]
Difference:
 [[-5. -5. -5. -5. -5. -5. -5. -5. -5. -5. -5. -5. -5. -5. -5. -5.]
 [-5. -5. -5. -5. -5. -5. -5. -5. -5. -5. -5. -5. -5. -5. -5. -5.]
 [-5. -5. -5. -5. -5. -5. -5. -5. -5. -5. -5. -5. -5. -5. -5. -5.]
 [-5. -5. -5. -5. -5. -5. -5. -5. -5. -5. -5. -5. -5. -5. -5. -5.]
 [-5. -5. -5. -5. -5. -5. -5. -5. -5. -5. -5. -5. -5. -5. -5. -5.]
 [-5. -5. -5. -5. -5. -5. -5. -5. -5. -5. -5. -5. -5. -5. -5. -5.]
 [-5. -5. -5. -5. -5. -5. -5. -5. -5. -5. -5. -5. -5. -5. -5. -5.]
 [-5. -5. -5. -5. -5. -5. -5. -5. -5. -5. -5. -5. -5. -5. -5. -5.]
 [-5. -5. -5. -5. -5. -5. -5. -5. -5. -5. -5. -5. -5. -5. -5. -5.]
 [-5. -5. -5. -5. -5. -5. -5. -5. -5. -5. -5. -5. -5. -5. -5. -5.]
 [-5. -5. -5. -5. -5. -5. -5. -5. -5. -5. -5. -5. -5. -5. -5. -5.]
 [-5. -5. -5. -5. -5. -5. -5. -5. -5. -5. -5. -5. -5. -5. -5. -5.]
 [-5. -5. -5. -5. -5. -5. -5. -5. -5. -5. -5. -5. -5. -5. -5. -5.]
 [-5. -5. -5. -5. -5. -5. -5. -5. -5. -5. -5. -5. -5. -5. -5. -5.]
 [-5. -5. -5. -5. -5. -5. -5. -5. -5. -5. -5. -5. -5. -5. -5. -5.]
 [-5. -5. -5. -5. -5. -5. -5. -5. -5. -5. -5. -5. -5. -5. -5. -5.]]

Method: Basic                     , dims: (16, 17, 17)        , pass(1)/fail(0): 1,	 time (s): 0.0041577816009521484
Method: CudaGlobalMemory          , dims: (16, 17, 17)        , pass(1)/fail(0): 1,	 time (s): 0.002161741256713867
Method: CudaSharedMemory          , dims: (16, 17, 17)        , pass(1)/fail(0): 1,	 time (s): 0.0021190643310546875

Method: Basic                     , dims: (17, 16, 17)        , pass(1)/fail(0): 1,	 time (s): 0.003898143768310547
Method: CudaGlobalMemory          , dims: (17, 16, 17)        , pass(1)/fail(0): 1,	 time (s): 0.002008676528930664
Method: CudaSharedMemory          , dims: (17, 16, 17)        , pass(1)/fail(0): 0,	 time (s): 0.0019397735595703125

Method: Basic                     , dims: (17, 17, 16)        , pass(1)/fail(0): 1,	 time (s): 0.004006624221801758
Method: CudaGlobalMemory          , dims: (17, 17, 16)        , pass(1)/fail(0): 1,	 time (s): 0.0019507408142089844
Method: CudaSharedMemory          , dims: (17, 17, 16)        , pass(1)/fail(0): 1,	 time (s): 0.002010822296142578

Method: Basic                     , dims: (17, 16, 16)        , pass(1)/fail(0): 1,	 time (s): 0.0037789344787597656
Method: CudaGlobalMemory          , dims: (17, 16, 16)        , pass(1)/fail(0): 1,	 time (s): 0.0019295215606689453
Method: CudaSharedMemory          , dims: (17, 16, 16)        , pass(1)/fail(0): 1,	 time (s): 0.0019307136535644531

Method: Basic                     , dims: (16, 17, 16)        , pass(1)/fail(0): 1,	 time (s): 0.0038063526153564453
Method: CudaGlobalMemory          , dims: (16, 17, 16)        , pass(1)/fail(0): 1,	 time (s): 0.0022902488708496094
Method: CudaSharedMemory          , dims: (16, 17, 16)        , pass(1)/fail(0): 1,	 time (s): 0.002218484878540039

Method: Basic                     , dims: (16, 16, 17)        , pass(1)/fail(0): 1,	 time (s): 0.0036592483520507812
Method: CudaGlobalMemory          , dims: (16, 16, 17)        , pass(1)/fail(0): 1,	 time (s): 0.00211334228515625
Method: CudaSharedMemory          , dims: (16, 16, 17)        , pass(1)/fail(0): 0,	 time (s): 0.0019237995147705078

